SIMPLE-F4_multiattfusion_MOA-MVSA-multiple_lr0.0005_dr0.5
SLURM Job ID: 20052027
Number of GPUs available: 1
Python PATH: ['/home/rgg2706/Multimodal-Sentiment-Analysis/Models/SIMPLE-F4/src', '/home/rgg2706/Multimodal-Sentiment-Analysis', '/Models/SIMPLE-F4/src', '/.autofs/tools/spack/var/spack/environments/default-nlp-x86_64-24072401/.spack-env/._view/wtxwc3mlkmzy7fbaxlum2674jarpitc2/lib/python311.zip', '/.autofs/tools/spack/var/spack/environments/default-nlp-x86_64-24072401/.spack-env/._view/wtxwc3mlkmzy7fbaxlum2674jarpitc2/lib/python3.11', '/.autofs/tools/spack/var/spack/environments/default-nlp-x86_64-24072401/.spack-env/._view/wtxwc3mlkmzy7fbaxlum2674jarpitc2/lib/python3.11/lib-dynload', '/.autofs/tools/spack/var/spack/environments/default-nlp-x86_64-24072401/.spack-env/._view/wtxwc3mlkmzy7fbaxlum2674jarpitc2/lib/python3.11/site-packages']
Logs directory: /home/rgg2706/Multimodal-Sentiment-Analysis/Logs/SIMPLE-F4/2025-03-09/sub-2/003_Mar-09-2025_10:01_PM
> training arguments:
>>> rand_seed: 8
>>> model_fusion: multiattfusion
>>> dataset: MOA-MVSA-multiple
>>> optimizer: <class 'torch.optim.adam.Adam'>
>>> initializer: <function xavier_uniform_ at 0x7fdd48dc1580>
>>> learning_rate: 0.0005
>>> dropout_rate: 0.5
>>> weight_decay: 0.0
>>> num_layers: 3
>>> num_epoch: 25
>>> batch_size: 128
>>> log_step: 60
>>> max_seq_len: 120
>>> polarities_dim: 3
>>> clip_grad: 5.0
>>> path_image: ./images
>>> crop_size: 224
>>> n_head: 8
>>> hidden_dim: 768
>>> num_classes: 3
>>> log_dir: /home/rgg2706/Multimodal-Sentiment-Analysis/Logs/SIMPLE-F4/2025-03-09/sub-2/003_Mar-09-2025_10:01_PM
>>> counter: 0
>>> model_class: <class 'models.multiattfusion.MultiAttFusion'>
Error loading image /home/rgg2706/Multimodal-Sentiment-Analysis/Datasets/MOA-MVSA-multiple/image/5995.jpg: cannot identify image file '/home/rgg2706/Multimodal-Sentiment-Analysis/Datasets/MOA-MVSA-multiple/image/5995.jpg'
  [*] Using fallback image: /home/rgg2706/Multimodal-Sentiment-Analysis/Datasets/0default.jpg
Error loading image /home/rgg2706/Multimodal-Sentiment-Analysis/Datasets/MOA-MVSA-multiple/image/15324.jpg: image file is truncated (4 bytes not processed)
  [*] Using fallback image: /home/rgg2706/Multimodal-Sentiment-Analysis/Datasets/0default.jpg
Error loading image /home/rgg2706/Multimodal-Sentiment-Analysis/Datasets/MOA-MVSA-multiple/image/3910.jpg: cannot identify image file '/home/rgg2706/Multimodal-Sentiment-Analysis/Datasets/MOA-MVSA-multiple/image/3910.jpg'
  [*] Using fallback image: /home/rgg2706/Multimodal-Sentiment-Analysis/Datasets/0default.jpg

[DEBUG] First 5 training texts:
    ID: 2499 | Overall sentiment: 1 | Text: knocked doors with the venerable  team trudeau lpc candidate kylejpeterson this aft in my hometown  aurora! elxn
    ID: 2500 | Overall sentiment: 1 | Text: canvassing for  elect kelly yeg yegfed elxn
    ID: 2502 | Overall sentiment: 1 | Text: i think it is time for change   ana  commit to  vote  generation trudeau  sfu lpc elxn  url 
    ID: 2504 | Overall sentiment: 1 | Text: rdy to watch  thomas mulcair rock it tnight in the globeandmail debate at  winnipeg news  cafe  ndp cdnpoli elxn
    ID: 2505 | Overall sentiment: 1 | Text: cannot wait to vote for kenthehr and  justin trudeau on  october . cdnpoli elxn  real change  go  team hehr
Building model
1
n_trainable_params: 4820739, n_nontrainable_params: 0
>>>>>>>>>>>>>>>>>>>>>>>>>>>>>>>>>>>>>>>>>>>>>>>>>>>>>>>>>>>>>>>>>>>>>>>>>>>>>>>>>>>>>>>>>>>>>>>>>>>>
epoch: 0
[DEBUG] Sample predictions in evaluate:  tensor([0, 2, 0, 0, 0, 2, 2, 2, 0, 1], device='cuda:0')
[DEBUG] outputs.shape: torch.Size([128, 3])
[DEBUG] Sample of raw logits (first 5):
tensor([[ 0.1852,  0.0723,  0.0574],
        [-0.2430, -0.3789,  0.0298],
        [ 0.2289, -0.0044,  0.1944],
        [-0.1545, -0.3744, -0.1748],
        [-0.1736, -0.2493, -0.3153]], device='cuda:0',
       grad_fn=<SliceBackward0>)
[DEBUG] Sample of predicted probabilities (first 5):
tensor([[0.3606, 0.3221, 0.3173],
        [0.3138, 0.2739, 0.4122],
        [0.3626, 0.2871, 0.3503],
        [0.3594, 0.2884, 0.3522],
        [0.3578, 0.3317, 0.3105]], device='cuda:0', grad_fn=<SliceBackward0>)
Batch 0 completed in 1.92 seconds (0.03 minutes)
New best val_f1: 0.270543 (previous best: 0.000000)
loss: 1.190853, val_acc: 68.30% (0.682975), val_f1: 27.05% (0.270543), test_acc: 66.94% (0.669407), test_f1: 26.73% (0.267323)
Batch 60 completed in 0.71 seconds (0.01 minutes)
New best val_f1: 0.390170 (previous best: 0.270543)
loss: 0.665746, val_acc: 69.21% (0.692107), val_f1: 39.02% (0.390170), test_acc: 67.47% (0.674692), test_f1: 37.93% (0.379254)
Epoch 0 completed in 114.92 seconds (1.92 minutes)
>>>>>>>>>>>>>>>>>>>>>>>>>>>>>>>>>>>>>>>>>>>>>>>>>>>>>>>>>>>>>>>>>>>>>>>>>>>>>>>>>>>>>>>>>>>>>>>>>>>>
epoch: 1
Batch 0 completed in 0.72 seconds (0.01 minutes)
New best val_f1: 0.454217 (previous best: 0.390170)
loss: 0.745342, val_acc: 69.15% (0.691455), val_f1: 45.42% (0.454217), test_acc: 66.71% (0.667058), test_f1: 41.08% (0.410832)
Batch 60 completed in 0.72 seconds (0.01 minutes)
loss: 0.798319, val_acc: 68.82% (0.688193), val_f1: 39.71% (0.397076), test_acc: 68.35% (0.683500), test_f1: 39.50% (0.395028)
Epoch 1 completed in 114.25 seconds (1.90 minutes)
>>>>>>>>>>>>>>>>>>>>>>>>>>>>>>>>>>>>>>>>>>>>>>>>>>>>>>>>>>>>>>>>>>>>>>>>>>>>>>>>>>>>>>>>>>>>>>>>>>>>
epoch: 2
Batch 0 completed in 0.72 seconds (0.01 minutes)
New best val_f1: 0.497385 (previous best: 0.454217)
loss: 0.633485, val_acc: 69.28% (0.692759), val_f1: 49.74% (0.497385), test_acc: 67.12% (0.671169), test_f1: 48.45% (0.484492)
Batch 60 completed in 0.72 seconds (0.01 minutes)
loss: 0.665326, val_acc: 69.93% (0.699282), val_f1: 42.80% (0.428046), test_acc: 68.00% (0.679977), test_f1: 41.47% (0.414745)
Epoch 2 completed in 114.56 seconds (1.91 minutes)
>>>>>>>>>>>>>>>>>>>>>>>>>>>>>>>>>>>>>>>>>>>>>>>>>>>>>>>>>>>>>>>>>>>>>>>>>>>>>>>>>>>>>>>>>>>>>>>>>>>>
epoch: 3
Batch 0 completed in 0.72 seconds (0.01 minutes)
New best val_f1: 0.522690 (previous best: 0.497385)
loss: 0.722742, val_acc: 70.19% (0.701892), val_f1: 52.27% (0.522690), test_acc: 66.76% (0.667645), test_f1: 47.04% (0.470429)
Batch 60 completed in 0.72 seconds (0.01 minutes)
loss: 0.728579, val_acc: 68.62% (0.686236), val_f1: 50.66% (0.506590), test_acc: 66.47% (0.664709), test_f1: 50.77% (0.507729)
Epoch 3 completed in 114.69 seconds (1.91 minutes)
>>>>>>>>>>>>>>>>>>>>>>>>>>>>>>>>>>>>>>>>>>>>>>>>>>>>>>>>>>>>>>>>>>>>>>>>>>>>>>>>>>>>>>>>>>>>>>>>>>>>
epoch: 4
Batch 0 completed in 0.72 seconds (0.01 minutes)
loss: 0.618972, val_acc: 70.12% (0.701239), val_f1: 51.37% (0.513654), test_acc: 66.88% (0.668820), test_f1: 48.84% (0.488408)
Batch 60 completed in 0.72 seconds (0.01 minutes)
loss: 0.679875, val_acc: 68.49% (0.684932), val_f1: 47.19% (0.471948), test_acc: 67.35% (0.673517), test_f1: 47.14% (0.471424)
Epoch 4 completed in 114.32 seconds (1.91 minutes)
>>>>>>>>>>>>>>>>>>>>>>>>>>>>>>>>>>>>>>>>>>>>>>>>>>>>>>>>>>>>>>>>>>>>>>>>>>>>>>>>>>>>>>>>>>>>>>>>>>>>
epoch: 5
Batch 0 completed in 0.73 seconds (0.01 minutes)
New best val_f1: 0.530421 (previous best: 0.522690)
loss: 0.583704, val_acc: 69.28% (0.692759), val_f1: 53.04% (0.530421), test_acc: 66.29% (0.662948), test_f1: 48.56% (0.485620)
Batch 60 completed in 0.72 seconds (0.01 minutes)
loss: 0.702089, val_acc: 69.54% (0.695369), val_f1: 49.72% (0.497218), test_acc: 65.47% (0.654727), test_f1: 46.72% (0.467219)
Epoch 5 completed in 114.22 seconds (1.90 minutes)
>>>>>>>>>>>>>>>>>>>>>>>>>>>>>>>>>>>>>>>>>>>>>>>>>>>>>>>>>>>>>>>>>>>>>>>>>>>>>>>>>>>>>>>>>>>>>>>>>>>>
epoch: 6
Batch 0 completed in 0.72 seconds (0.01 minutes)
New best val_f1: 0.531994 (previous best: 0.530421)
loss: 0.650976, val_acc: 67.25% (0.672538), val_f1: 53.20% (0.531994), test_acc: 63.42% (0.634175), test_f1: 49.02% (0.490179)
Batch 60 completed in 0.72 seconds (0.01 minutes)
loss: 0.584715, val_acc: 66.28% (0.662753), val_f1: 51.03% (0.510273), test_acc: 62.95% (0.629477), test_f1: 50.14% (0.501403)
Epoch 6 completed in 114.49 seconds (1.91 minutes)
>>>>>>>>>>>>>>>>>>>>>>>>>>>>>>>>>>>>>>>>>>>>>>>>>>>>>>>>>>>>>>>>>>>>>>>>>>>>>>>>>>>>>>>>>>>>>>>>>>>>
epoch: 7
Batch 0 completed in 0.72 seconds (0.01 minutes)
loss: 0.528233, val_acc: 69.34% (0.693412), val_f1: 50.24% (0.502442), test_acc: 65.47% (0.654727), test_f1: 47.73% (0.477322)
Batch 60 completed in 0.72 seconds (0.01 minutes)
loss: 0.409429, val_acc: 67.97% (0.679713), val_f1: 46.96% (0.469564), test_acc: 64.77% (0.647681), test_f1: 45.64% (0.456376)
Epoch 7 completed in 114.44 seconds (1.91 minutes)
>>>>>>>>>>>>>>>>>>>>>>>>>>>>>>>>>>>>>>>>>>>>>>>>>>>>>>>>>>>>>>>>>>>>>>>>>>>>>>>>>>>>>>>>>>>>>>>>>>>>
epoch: 8
Batch 0 completed in 0.72 seconds (0.01 minutes)
loss: 0.393256, val_acc: 64.71% (0.647097), val_f1: 46.83% (0.468333), test_acc: 62.30% (0.623018), test_f1: 47.46% (0.474645)
Batch 60 completed in 0.72 seconds (0.01 minutes)
loss: 0.393007, val_acc: 62.62% (0.626223), val_f1: 49.67% (0.496747), test_acc: 59.72% (0.597181), test_f1: 48.53% (0.485284)
Epoch 8 completed in 114.55 seconds (1.91 minutes)
>>>>>>>>>>>>>>>>>>>>>>>>>>>>>>>>>>>>>>>>>>>>>>>>>>>>>>>>>>>>>>>>>>>>>>>>>>>>>>>>>>>>>>>>>>>>>>>>>>>>
epoch: 9
Batch 0 completed in 0.73 seconds (0.01 minutes)
loss: 0.381133, val_acc: 67.19% (0.671885), val_f1: 46.21% (0.462070), test_acc: 62.65% (0.626541), test_f1: 44.77% (0.447696)
Batch 60 completed in 0.72 seconds (0.01 minutes)
loss: 0.208586, val_acc: 64.64% (0.646445), val_f1: 44.56% (0.445573), test_acc: 62.48% (0.624780), test_f1: 44.99% (0.449875)
Epoch 9 completed in 114.41 seconds (1.91 minutes)
>>>>>>>>>>>>>>>>>>>>>>>>>>>>>>>>>>>>>>>>>>>>>>>>>>>>>>>>>>>>>>>>>>>>>>>>>>>>>>>>>>>>>>>>>>>>>>>>>>>>
epoch: 10
Batch 0 completed in 0.72 seconds (0.01 minutes)
loss: 0.458669, val_acc: 62.36% (0.623614), val_f1: 47.70% (0.477038), test_acc: 57.78% (0.577804), test_f1: 46.89% (0.468926)
Batch 60 completed in 0.72 seconds (0.01 minutes)
loss: 0.368601, val_acc: 63.34% (0.633399), val_f1: 47.01% (0.470086), test_acc: 60.19% (0.601879), test_f1: 46.60% (0.465984)
Epoch 10 completed in 115.33 seconds (1.92 minutes)
>>>>>>>>>>>>>>>>>>>>>>>>>>>>>>>>>>>>>>>>>>>>>>>>>>>>>>>>>>>>>>>>>>>>>>>>>>>>>>>>>>>>>>>>>>>>>>>>>>>>
epoch: 11
Batch 0 completed in 0.72 seconds (0.01 minutes)
loss: 0.399471, val_acc: 63.54% (0.635356), val_f1: 48.38% (0.483795), test_acc: 59.13% (0.591309), test_f1: 45.27% (0.452749)
Batch 60 completed in 0.73 seconds (0.01 minutes)
loss: 0.124012, val_acc: 65.62% (0.656230), val_f1: 49.72% (0.497219), test_acc: 60.78% (0.607751), test_f1: 47.71% (0.477149)
Epoch 11 completed in 114.44 seconds (1.91 minutes)
>>>>>>>>>>>>>>>>>>>>>>>>>>>>>>>>>>>>>>>>>>>>>>>>>>>>>>>>>>>>>>>>>>>>>>>>>>>>>>>>>>>>>>>>>>>>>>>>>>>>
epoch: 12
Batch 0 completed in 0.72 seconds (0.01 minutes)
loss: 0.615701, val_acc: 64.25% (0.642531), val_f1: 47.43% (0.474330), test_acc: 62.18% (0.621844), test_f1: 47.41% (0.474149)
Batch 60 completed in 0.72 seconds (0.01 minutes)
loss: 0.152266, val_acc: 64.32% (0.643183), val_f1: 45.75% (0.457492), test_acc: 62.48% (0.624780), test_f1: 46.93% (0.469296)
Epoch 12 completed in 114.73 seconds (1.91 minutes)
>>>>>>>>>>>>>>>>>>>>>>>>>>>>>>>>>>>>>>>>>>>>>>>>>>>>>>>>>>>>>>>>>>>>>>>>>>>>>>>>>>>>>>>>>>>>>>>>>>>>
epoch: 13
Batch 0 completed in 0.72 seconds (0.01 minutes)
loss: 0.355758, val_acc: 62.88% (0.628832), val_f1: 43.56% (0.435598), test_acc: 61.89% (0.618908), test_f1: 46.00% (0.459984)
Batch 60 completed in 0.72 seconds (0.01 minutes)
loss: 0.078531, val_acc: 65.17% (0.651663), val_f1: 47.30% (0.472964), test_acc: 61.60% (0.615972), test_f1: 46.75% (0.467476)
Epoch 13 completed in 114.19 seconds (1.90 minutes)
>>>>>>>>>>>>>>>>>>>>>>>>>>>>>>>>>>>>>>>>>>>>>>>>>>>>>>>>>>>>>>>>>>>>>>>>>>>>>>>>>>>>>>>>>>>>>>>>>>>>
epoch: 14
Batch 0 completed in 0.73 seconds (0.01 minutes)
loss: 0.240189, val_acc: 64.97% (0.649706), val_f1: 47.76% (0.477603), test_acc: 62.95% (0.629477), test_f1: 47.01% (0.470133)
Batch 60 completed in 0.72 seconds (0.01 minutes)
loss: 0.079727, val_acc: 62.95% (0.629485), val_f1: 46.38% (0.463787), test_acc: 60.13% (0.601292), test_f1: 45.14% (0.451361)
Epoch 14 completed in 114.75 seconds (1.91 minutes)
>>>>>>>>>>>>>>>>>>>>>>>>>>>>>>>>>>>>>>>>>>>>>>>>>>>>>>>>>>>>>>>>>>>>>>>>>>>>>>>>>>>>>>>>>>>>>>>>>>>>
epoch: 15
Batch 0 completed in 0.72 seconds (0.01 minutes)
loss: 0.242183, val_acc: 66.28% (0.662753), val_f1: 47.76% (0.477572), test_acc: 62.77% (0.627716), test_f1: 46.72% (0.467166)
Batch 60 completed in 0.72 seconds (0.01 minutes)
loss: 0.083828, val_acc: 65.23% (0.652316), val_f1: 48.23% (0.482262), test_acc: 61.42% (0.614210), test_f1: 46.26% (0.462639)
Epoch 15 completed in 114.16 seconds (1.90 minutes)
>>>>>>>>>>>>>>>>>>>>>>>>>>>>>>>>>>>>>>>>>>>>>>>>>>>>>>>>>>>>>>>>>>>>>>>>>>>>>>>>>>>>>>>>>>>>>>>>>>>>
epoch: 16
Batch 0 completed in 0.72 seconds (0.01 minutes)
loss: 0.335801, val_acc: 61.45% (0.614481), val_f1: 47.42% (0.474192), test_acc: 58.95% (0.589548), test_f1: 47.71% (0.477144)
Batch 60 completed in 0.73 seconds (0.01 minutes)
loss: 0.092519, val_acc: 64.84% (0.648402), val_f1: 47.72% (0.477151), test_acc: 62.36% (0.623605), test_f1: 46.22% (0.462235)
Epoch 16 completed in 114.44 seconds (1.91 minutes)
>>>>>>>>>>>>>>>>>>>>>>>>>>>>>>>>>>>>>>>>>>>>>>>>>>>>>>>>>>>>>>>>>>>>>>>>>>>>>>>>>>>>>>>>>>>>>>>>>>>>
epoch: 17
Batch 0 completed in 0.73 seconds (0.01 minutes)
loss: 0.197035, val_acc: 65.62% (0.656230), val_f1: 47.61% (0.476098), test_acc: 61.54% (0.615385), test_f1: 45.63% (0.456250)
Batch 60 completed in 0.73 seconds (0.01 minutes)
loss: 0.124234, val_acc: 66.93% (0.669276), val_f1: 48.06% (0.480618), test_acc: 63.59% (0.635937), test_f1: 46.48% (0.464766)
Epoch 17 completed in 114.63 seconds (1.91 minutes)
>>>>>>>>>>>>>>>>>>>>>>>>>>>>>>>>>>>>>>>>>>>>>>>>>>>>>>>>>>>>>>>>>>>>>>>>>>>>>>>>>>>>>>>>>>>>>>>>>>>>
epoch: 18
Batch 0 completed in 0.72 seconds (0.01 minutes)
loss: 0.357233, val_acc: 63.86% (0.638617), val_f1: 46.19% (0.461920), test_acc: 60.25% (0.602466), test_f1: 45.04% (0.450434)
Batch 60 completed in 0.72 seconds (0.01 minutes)
loss: 0.062266, val_acc: 64.38% (0.643836), val_f1: 47.15% (0.471486), test_acc: 61.30% (0.613036), test_f1: 47.36% (0.473612)
Epoch 18 completed in 114.41 seconds (1.91 minutes)
>>>>>>>>>>>>>>>>>>>>>>>>>>>>>>>>>>>>>>>>>>>>>>>>>>>>>>>>>>>>>>>>>>>>>>>>>>>>>>>>>>>>>>>>>>>>>>>>>>>>
epoch: 19
Batch 0 completed in 0.72 seconds (0.01 minutes)
loss: 0.628063, val_acc: 67.84% (0.678408), val_f1: 48.08% (0.480816), test_acc: 63.53% (0.635349), test_f1: 44.78% (0.447759)
Batch 60 completed in 0.73 seconds (0.01 minutes)
loss: 0.091190, val_acc: 62.88% (0.628832), val_f1: 47.07% (0.470680), test_acc: 61.24% (0.612449), test_f1: 47.42% (0.474222)
Epoch 19 completed in 114.50 seconds (1.91 minutes)
>>>>>>>>>>>>>>>>>>>>>>>>>>>>>>>>>>>>>>>>>>>>>>>>>>>>>>>>>>>>>>>>>>>>>>>>>>>>>>>>>>>>>>>>>>>>>>>>>>>>
epoch: 20
Batch 0 completed in 0.72 seconds (0.01 minutes)
loss: 0.459653, val_acc: 64.77% (0.647750), val_f1: 45.21% (0.452146), test_acc: 62.01% (0.620082), test_f1: 45.82% (0.458174)
Batch 60 completed in 0.72 seconds (0.01 minutes)
loss: 0.087007, val_acc: 65.56% (0.655577), val_f1: 47.42% (0.474195), test_acc: 62.18% (0.621844), test_f1: 46.24% (0.462379)
Epoch 20 completed in 114.55 seconds (1.91 minutes)
>>>>>>>>>>>>>>>>>>>>>>>>>>>>>>>>>>>>>>>>>>>>>>>>>>>>>>>>>>>>>>>>>>>>>>>>>>>>>>>>>>>>>>>>>>>>>>>>>>>>
epoch: 21
Batch 0 completed in 0.72 seconds (0.01 minutes)
loss: 0.204358, val_acc: 66.14% (0.661448), val_f1: 47.38% (0.473847), test_acc: 62.89% (0.628890), test_f1: 47.65% (0.476504)
Batch 60 completed in 0.72 seconds (0.01 minutes)
loss: 0.161850, val_acc: 66.01% (0.660144), val_f1: 46.81% (0.468067), test_acc: 63.65% (0.636524), test_f1: 46.60% (0.465982)
Epoch 21 completed in 114.46 seconds (1.91 minutes)
>>>>>>>>>>>>>>>>>>>>>>>>>>>>>>>>>>>>>>>>>>>>>>>>>>>>>>>>>>>>>>>>>>>>>>>>>>>>>>>>>>>>>>>>>>>>>>>>>>>>
epoch: 22
Batch 0 completed in 0.72 seconds (0.01 minutes)
loss: 0.276306, val_acc: 64.25% (0.642531), val_f1: 47.79% (0.477919), test_acc: 60.89% (0.608925), test_f1: 47.08% (0.470755)
Batch 60 completed in 0.72 seconds (0.01 minutes)
loss: 0.055166, val_acc: 65.30% (0.652968), val_f1: 47.83% (0.478280), test_acc: 62.01% (0.620082), test_f1: 46.17% (0.461677)
Epoch 22 completed in 114.52 seconds (1.91 minutes)
>>>>>>>>>>>>>>>>>>>>>>>>>>>>>>>>>>>>>>>>>>>>>>>>>>>>>>>>>>>>>>>>>>>>>>>>>>>>>>>>>>>>>>>>>>>>>>>>>>>>
epoch: 23
Batch 0 completed in 0.73 seconds (0.01 minutes)
loss: 0.248504, val_acc: 65.69% (0.656882), val_f1: 47.83% (0.478331), test_acc: 62.95% (0.629477), test_f1: 46.43% (0.464339)
Batch 60 completed in 0.72 seconds (0.01 minutes)
loss: 0.082159, val_acc: 66.93% (0.669276), val_f1: 48.10% (0.480980), test_acc: 62.77% (0.627716), test_f1: 45.75% (0.457514)
Epoch 23 completed in 114.41 seconds (1.91 minutes)
>>>>>>>>>>>>>>>>>>>>>>>>>>>>>>>>>>>>>>>>>>>>>>>>>>>>>>>>>>>>>>>>>>>>>>>>>>>>>>>>>>>>>>>>>>>>>>>>>>>>
epoch: 24
[DEBUG] Sample predictions in evaluate:  tensor([2, 1, 1, 1, 1, 1, 1, 1, 1, 1], device='cuda:0')
Batch 0 completed in 0.72 seconds (0.01 minutes)
loss: 0.114662, val_acc: 65.43% (0.654273), val_f1: 47.96% (0.479580), test_acc: 62.01% (0.620082), test_f1: 46.73% (0.467316)
Batch 60 completed in 0.73 seconds (0.01 minutes)
loss: 0.036587, val_acc: 65.95% (0.659491), val_f1: 45.50% (0.454961), test_acc: 63.36% (0.633588), test_f1: 46.44% (0.464447)
Epoch 24 completed in 114.00 seconds (1.90 minutes)
RESULT: Max Val F1: 0.531994, Max Test F1: 0.490179
Training complete. Generating confusion matrix on the test set.
Confusion matrix saved to /home/rgg2706/Multimodal-Sentiment-Analysis/Logs/SIMPLE-F4/2025-03-09/sub-2/003_Mar-09-2025_10:01_PM/confusion_matrix.png
Reading TensorBoard loss at each epoch:
Available tags: {'images': [], 'audio': [], 'histograms': [], 'scalars': ['Loss/train_batch', 'Loss/val_log_step', 'Loss/train_epoch', 'Loss/val_epoch'], 'distributions': [], 'tensors': [], 'graph': False, 'meta_graph': False, 'run_metadata': []}
Output File: /home/rgg2706/Multimodal-Sentiment-Analysis/Logs/SIMPLE-F4/2025-03-09/sub-2/003_Mar-09-2025_10:01_PM/trainval_loss_curves.png
Training and validation loss curves saved to /home/rgg2706/Multimodal-Sentiment-Analysis/Logs/SIMPLE-F4/2025-03-09/sub-2/003_Mar-09-2025_10:01_PM/trainval_loss_curves.png
Total Completion Time: 54.86 minutes. (0.91 hours) 
