DMLAN_dmlanfusion_mvsa-mts-v3_lr0.005_dr0.5
SLURM Job ID: 19776288
Number of GPUs available: 1
Python PATH: ['/home/rgg2706/Multimodal-Sentiment-Analysis/Models', '/home/rgg2706/Multimodal-Sentiment-Analysis/Models/DMLAN/src', '/home/rgg2706/Multimodal-Sentiment-Analysis', '/Models/DMLAN/src', '/.autofs/tools/spack/var/spack/environments/default-nlp-x86_64-24072401/.spack-env/._view/wtxwc3mlkmzy7fbaxlum2674jarpitc2/lib/python311.zip', '/.autofs/tools/spack/var/spack/environments/default-nlp-x86_64-24072401/.spack-env/._view/wtxwc3mlkmzy7fbaxlum2674jarpitc2/lib/python3.11', '/.autofs/tools/spack/var/spack/environments/default-nlp-x86_64-24072401/.spack-env/._view/wtxwc3mlkmzy7fbaxlum2674jarpitc2/lib/python3.11/lib-dynload', '/.autofs/tools/spack/var/spack/environments/default-nlp-x86_64-24072401/.spack-env/._view/wtxwc3mlkmzy7fbaxlum2674jarpitc2/lib/python3.11/site-packages']
Logs directory: /home/rgg2706/Multimodal-Sentiment-Analysis/Logs/DMLAN/2025-02-04/sub-4/007_Feb-04-2025_01:49_PM
> training arguments:
>>> rand_seed: 8
>>> model_fusion: dmlanfusion
>>> dataset: mvsa-mts-v3
>>> optimizer: <class 'torch.optim.adam.Adam'>
>>> initializer: <function xavier_uniform_ at 0x7feda4b3d580>
>>> learning_rate: 0.005
>>> dropout_rate: 0.5
>>> weight_decay: 0.0
>>> num_layers: 3
>>> num_epoch: 70
>>> batch_size: 256
>>> log_step: 60
>>> max_seq_len: 64
>>> polarities_dim: 3
>>> clip_grad: 5.0
>>> path_image: ./images
>>> crop_size: 224
>>> n_head: 8
>>> hidden_dim: 768
>>> num_classes: 3
>>> log_dir: /home/rgg2706/Multimodal-Sentiment-Analysis/Logs/DMLAN/2025-02-04/sub-4/007_Feb-04-2025_01:49_PM
>>> counter: 0
>>> model_class: <class 'models.dmlanfusion.DMLANFUSION'>
Loading dataset 'mvsa-mts-v3':
  Train path: Datasets//MVSA-MTS/mvsa-mts-v3/train.tsv
  Validation path: Datasets//MVSA-MTS/mvsa-mts-v3/val.tsv
  Test path: Datasets//MVSA-MTS/mvsa-mts-v3/test.tsv
loading word vectors...
building embedding_matrix: 200_glove_embedding_matrix.dat
-------------- Loading Datasets//MVSA-MTS/mvsa-mts-v3/train.tsv ---------------
Time taken to load Datasets//MVSA-MTS/mvsa-mts-v3/train.tsv: 325.53 seconds (5.43 minutes)
The number of problematic samples: 2
-------------- Loading Datasets//MVSA-MTS/mvsa-mts-v3/val.tsv ---------------
Time taken to load Datasets//MVSA-MTS/mvsa-mts-v3/val.tsv: 38.03 seconds (0.63 minutes)
The number of problematic samples: 0
-------------- Loading Datasets//MVSA-MTS/mvsa-mts-v3/test.tsv ---------------
Time taken to load Datasets//MVSA-MTS/mvsa-mts-v3/test.tsv: 37.10 seconds (0.62 minutes)
The number of problematic samples: 1
Total Training Samples: 17027
Number of Training Samples: 13621
Number of Validation Samples: 1703
Number of Test Samples: 1703
Number of unique sentiment classes: 3
Building model
1
n_trainable_params: 3642725, n_nontrainable_params: 0
No weight decay
>>>>>>>>>>>>>>>>>>>>>>>>>>>>>>>>>>>>>>>>>>>>>>>>>>>>>>>>>>>>>>>>>>>>>>>>>>>>>>>>>>>>>>>>>>>>>>>>>>>>
epoch: 0
outputs.shape: torch.Size([256, 3])
outputs.dtype: torch.float32
2
Batch 0 completed in 0.69 seconds (0.01 minutes)
New best val_f1: 0.217563 (previous best: 0.000000)
loss: 1.119365, val_acc: 48.44% (0.484439), val_f1: 21.76% (0.217563), test_acc: 48.27% (0.482678), test_f1: 21.70% (0.217030)
Epoch 0 completed in 23.92 seconds (0.40 minutes)
>>>>>>>>>>>>>>>>>>>>>>>>>>>>>>>>>>>>>>>>>>>>>>>>>>>>>>>>>>>>>>>>>>>>>>>>>>>>>>>>>>>>>>>>>>>>>>>>>>>>
epoch: 1
Batch 0 completed in 0.25 seconds (0.00 minutes)
loss: 1.042916, val_acc: 48.44% (0.484439), val_f1: 21.76% (0.217563), test_acc: 48.27% (0.482678), test_f1: 21.70% (0.217030)
Epoch 1 completed in 23.35 seconds (0.39 minutes)
>>>>>>>>>>>>>>>>>>>>>>>>>>>>>>>>>>>>>>>>>>>>>>>>>>>>>>>>>>>>>>>>>>>>>>>>>>>>>>>>>>>>>>>>>>>>>>>>>>>>
epoch: 2
Batch 0 completed in 0.25 seconds (0.00 minutes)
loss: 1.094390, val_acc: 48.44% (0.484439), val_f1: 21.76% (0.217563), test_acc: 48.27% (0.482678), test_f1: 21.70% (0.217030)
Epoch 2 completed in 23.37 seconds (0.39 minutes)
>>>>>>>>>>>>>>>>>>>>>>>>>>>>>>>>>>>>>>>>>>>>>>>>>>>>>>>>>>>>>>>>>>>>>>>>>>>>>>>>>>>>>>>>>>>>>>>>>>>>
epoch: 3
Batch 0 completed in 0.25 seconds (0.00 minutes)
loss: 1.029989, val_acc: 48.44% (0.484439), val_f1: 21.76% (0.217563), test_acc: 48.27% (0.482678), test_f1: 21.70% (0.217030)
Epoch 3 completed in 23.41 seconds (0.39 minutes)
>>>>>>>>>>>>>>>>>>>>>>>>>>>>>>>>>>>>>>>>>>>>>>>>>>>>>>>>>>>>>>>>>>>>>>>>>>>>>>>>>>>>>>>>>>>>>>>>>>>>
epoch: 4
Batch 0 completed in 0.25 seconds (0.00 minutes)
loss: 1.041864, val_acc: 48.44% (0.484439), val_f1: 21.76% (0.217563), test_acc: 48.27% (0.482678), test_f1: 21.70% (0.217030)
Epoch 4 completed in 23.29 seconds (0.39 minutes)
>>>>>>>>>>>>>>>>>>>>>>>>>>>>>>>>>>>>>>>>>>>>>>>>>>>>>>>>>>>>>>>>>>>>>>>>>>>>>>>>>>>>>>>>>>>>>>>>>>>>
epoch: 5
Batch 0 completed in 0.25 seconds (0.00 minutes)
loss: 1.064772, val_acc: 48.44% (0.484439), val_f1: 21.76% (0.217563), test_acc: 48.27% (0.482678), test_f1: 21.70% (0.217030)
Epoch 5 completed in 23.47 seconds (0.39 minutes)
>>>>>>>>>>>>>>>>>>>>>>>>>>>>>>>>>>>>>>>>>>>>>>>>>>>>>>>>>>>>>>>>>>>>>>>>>>>>>>>>>>>>>>>>>>>>>>>>>>>>
epoch: 6
Batch 0 completed in 0.25 seconds (0.00 minutes)
loss: 1.039365, val_acc: 48.44% (0.484439), val_f1: 21.76% (0.217563), test_acc: 48.27% (0.482678), test_f1: 21.70% (0.217030)
Epoch 6 completed in 23.15 seconds (0.39 minutes)
>>>>>>>>>>>>>>>>>>>>>>>>>>>>>>>>>>>>>>>>>>>>>>>>>>>>>>>>>>>>>>>>>>>>>>>>>>>>>>>>>>>>>>>>>>>>>>>>>>>>
epoch: 7
Batch 0 completed in 0.25 seconds (0.00 minutes)
loss: 1.066925, val_acc: 48.44% (0.484439), val_f1: 21.76% (0.217563), test_acc: 48.27% (0.482678), test_f1: 21.70% (0.217030)
Epoch 7 completed in 23.37 seconds (0.39 minutes)
>>>>>>>>>>>>>>>>>>>>>>>>>>>>>>>>>>>>>>>>>>>>>>>>>>>>>>>>>>>>>>>>>>>>>>>>>>>>>>>>>>>>>>>>>>>>>>>>>>>>
epoch: 8
Batch 0 completed in 0.25 seconds (0.00 minutes)
loss: 1.059009, val_acc: 48.44% (0.484439), val_f1: 21.76% (0.217563), test_acc: 48.27% (0.482678), test_f1: 21.70% (0.217030)
Epoch 8 completed in 23.68 seconds (0.39 minutes)
>>>>>>>>>>>>>>>>>>>>>>>>>>>>>>>>>>>>>>>>>>>>>>>>>>>>>>>>>>>>>>>>>>>>>>>>>>>>>>>>>>>>>>>>>>>>>>>>>>>>
epoch: 9
Batch 0 completed in 0.26 seconds (0.00 minutes)
loss: 1.053252, val_acc: 48.44% (0.484439), val_f1: 21.76% (0.217563), test_acc: 48.27% (0.482678), test_f1: 21.70% (0.217030)
Epoch 9 completed in 23.54 seconds (0.39 minutes)
>>>>>>>>>>>>>>>>>>>>>>>>>>>>>>>>>>>>>>>>>>>>>>>>>>>>>>>>>>>>>>>>>>>>>>>>>>>>>>>>>>>>>>>>>>>>>>>>>>>>
epoch: 10
Batch 0 completed in 0.26 seconds (0.00 minutes)
loss: 1.045208, val_acc: 48.44% (0.484439), val_f1: 21.76% (0.217563), test_acc: 48.27% (0.482678), test_f1: 21.70% (0.217030)
Epoch 10 completed in 23.26 seconds (0.39 minutes)
>>>>>>>>>>>>>>>>>>>>>>>>>>>>>>>>>>>>>>>>>>>>>>>>>>>>>>>>>>>>>>>>>>>>>>>>>>>>>>>>>>>>>>>>>>>>>>>>>>>>
epoch: 11
Batch 0 completed in 0.26 seconds (0.00 minutes)
loss: 1.045808, val_acc: 48.44% (0.484439), val_f1: 21.76% (0.217563), test_acc: 48.27% (0.482678), test_f1: 21.70% (0.217030)
Epoch 11 completed in 23.61 seconds (0.39 minutes)
>>>>>>>>>>>>>>>>>>>>>>>>>>>>>>>>>>>>>>>>>>>>>>>>>>>>>>>>>>>>>>>>>>>>>>>>>>>>>>>>>>>>>>>>>>>>>>>>>>>>
epoch: 12
Batch 0 completed in 0.26 seconds (0.00 minutes)
loss: 1.061417, val_acc: 48.44% (0.484439), val_f1: 21.76% (0.217563), test_acc: 48.27% (0.482678), test_f1: 21.70% (0.217030)
Epoch 12 completed in 23.62 seconds (0.39 minutes)
>>>>>>>>>>>>>>>>>>>>>>>>>>>>>>>>>>>>>>>>>>>>>>>>>>>>>>>>>>>>>>>>>>>>>>>>>>>>>>>>>>>>>>>>>>>>>>>>>>>>
epoch: 13
Batch 0 completed in 0.25 seconds (0.00 minutes)
loss: 1.065920, val_acc: 48.44% (0.484439), val_f1: 21.76% (0.217563), test_acc: 48.27% (0.482678), test_f1: 21.70% (0.217030)
Epoch 13 completed in 23.26 seconds (0.39 minutes)
>>>>>>>>>>>>>>>>>>>>>>>>>>>>>>>>>>>>>>>>>>>>>>>>>>>>>>>>>>>>>>>>>>>>>>>>>>>>>>>>>>>>>>>>>>>>>>>>>>>>
epoch: 14
Batch 0 completed in 0.26 seconds (0.00 minutes)
loss: 1.046877, val_acc: 48.44% (0.484439), val_f1: 21.76% (0.217563), test_acc: 48.27% (0.482678), test_f1: 21.70% (0.217030)
Epoch 14 completed in 23.46 seconds (0.39 minutes)
>>>>>>>>>>>>>>>>>>>>>>>>>>>>>>>>>>>>>>>>>>>>>>>>>>>>>>>>>>>>>>>>>>>>>>>>>>>>>>>>>>>>>>>>>>>>>>>>>>>>
epoch: 15
Batch 0 completed in 0.26 seconds (0.00 minutes)
loss: 1.038723, val_acc: 48.44% (0.484439), val_f1: 21.76% (0.217563), test_acc: 48.27% (0.482678), test_f1: 21.70% (0.217030)
Epoch 15 completed in 23.60 seconds (0.39 minutes)
>>>>>>>>>>>>>>>>>>>>>>>>>>>>>>>>>>>>>>>>>>>>>>>>>>>>>>>>>>>>>>>>>>>>>>>>>>>>>>>>>>>>>>>>>>>>>>>>>>>>
epoch: 16
Batch 0 completed in 0.25 seconds (0.00 minutes)
loss: 1.020019, val_acc: 48.44% (0.484439), val_f1: 21.76% (0.217563), test_acc: 48.27% (0.482678), test_f1: 21.70% (0.217030)
Epoch 16 completed in 23.52 seconds (0.39 minutes)
>>>>>>>>>>>>>>>>>>>>>>>>>>>>>>>>>>>>>>>>>>>>>>>>>>>>>>>>>>>>>>>>>>>>>>>>>>>>>>>>>>>>>>>>>>>>>>>>>>>>
epoch: 17
Batch 0 completed in 0.26 seconds (0.00 minutes)
loss: 1.074014, val_acc: 48.44% (0.484439), val_f1: 21.76% (0.217563), test_acc: 48.27% (0.482678), test_f1: 21.70% (0.217030)
Epoch 17 completed in 23.27 seconds (0.39 minutes)
>>>>>>>>>>>>>>>>>>>>>>>>>>>>>>>>>>>>>>>>>>>>>>>>>>>>>>>>>>>>>>>>>>>>>>>>>>>>>>>>>>>>>>>>>>>>>>>>>>>>
epoch: 18
Batch 0 completed in 0.26 seconds (0.00 minutes)
loss: 1.071458, val_acc: 48.44% (0.484439), val_f1: 21.76% (0.217563), test_acc: 48.27% (0.482678), test_f1: 21.70% (0.217030)
Epoch 18 completed in 23.32 seconds (0.39 minutes)
>>>>>>>>>>>>>>>>>>>>>>>>>>>>>>>>>>>>>>>>>>>>>>>>>>>>>>>>>>>>>>>>>>>>>>>>>>>>>>>>>>>>>>>>>>>>>>>>>>>>
epoch: 19
Batch 0 completed in 0.26 seconds (0.00 minutes)
loss: 1.059599, val_acc: 48.44% (0.484439), val_f1: 21.76% (0.217563), test_acc: 48.27% (0.482678), test_f1: 21.70% (0.217030)
Epoch 19 completed in 23.68 seconds (0.39 minutes)
>>>>>>>>>>>>>>>>>>>>>>>>>>>>>>>>>>>>>>>>>>>>>>>>>>>>>>>>>>>>>>>>>>>>>>>>>>>>>>>>>>>>>>>>>>>>>>>>>>>>
epoch: 20
Batch 0 completed in 0.25 seconds (0.00 minutes)
loss: 1.042933, val_acc: 48.44% (0.484439), val_f1: 21.76% (0.217563), test_acc: 48.27% (0.482678), test_f1: 21.70% (0.217030)
Epoch 20 completed in 23.56 seconds (0.39 minutes)
>>>>>>>>>>>>>>>>>>>>>>>>>>>>>>>>>>>>>>>>>>>>>>>>>>>>>>>>>>>>>>>>>>>>>>>>>>>>>>>>>>>>>>>>>>>>>>>>>>>>
epoch: 21
Batch 0 completed in 0.25 seconds (0.00 minutes)
loss: 1.076813, val_acc: 48.44% (0.484439), val_f1: 21.76% (0.217563), test_acc: 48.27% (0.482678), test_f1: 21.70% (0.217030)
Epoch 21 completed in 23.23 seconds (0.39 minutes)
>>>>>>>>>>>>>>>>>>>>>>>>>>>>>>>>>>>>>>>>>>>>>>>>>>>>>>>>>>>>>>>>>>>>>>>>>>>>>>>>>>>>>>>>>>>>>>>>>>>>
epoch: 22
Batch 0 completed in 0.26 seconds (0.00 minutes)
loss: 1.051400, val_acc: 48.44% (0.484439), val_f1: 21.76% (0.217563), test_acc: 48.27% (0.482678), test_f1: 21.70% (0.217030)
Epoch 22 completed in 23.53 seconds (0.39 minutes)
>>>>>>>>>>>>>>>>>>>>>>>>>>>>>>>>>>>>>>>>>>>>>>>>>>>>>>>>>>>>>>>>>>>>>>>>>>>>>>>>>>>>>>>>>>>>>>>>>>>>
epoch: 23
Batch 0 completed in 0.26 seconds (0.00 minutes)
loss: 1.052846, val_acc: 48.44% (0.484439), val_f1: 21.76% (0.217563), test_acc: 48.27% (0.482678), test_f1: 21.70% (0.217030)
Epoch 23 completed in 23.64 seconds (0.39 minutes)
>>>>>>>>>>>>>>>>>>>>>>>>>>>>>>>>>>>>>>>>>>>>>>>>>>>>>>>>>>>>>>>>>>>>>>>>>>>>>>>>>>>>>>>>>>>>>>>>>>>>
epoch: 24
Batch 0 completed in 0.26 seconds (0.00 minutes)
loss: 1.090133, val_acc: 48.44% (0.484439), val_f1: 21.76% (0.217563), test_acc: 48.27% (0.482678), test_f1: 21.70% (0.217030)
Epoch 24 completed in 23.28 seconds (0.39 minutes)
>>>>>>>>>>>>>>>>>>>>>>>>>>>>>>>>>>>>>>>>>>>>>>>>>>>>>>>>>>>>>>>>>>>>>>>>>>>>>>>>>>>>>>>>>>>>>>>>>>>>
epoch: 25
Batch 0 completed in 0.26 seconds (0.00 minutes)
loss: 1.036112, val_acc: 48.44% (0.484439), val_f1: 21.76% (0.217563), test_acc: 48.27% (0.482678), test_f1: 21.70% (0.217030)
Epoch 25 completed in 23.42 seconds (0.39 minutes)
>>>>>>>>>>>>>>>>>>>>>>>>>>>>>>>>>>>>>>>>>>>>>>>>>>>>>>>>>>>>>>>>>>>>>>>>>>>>>>>>>>>>>>>>>>>>>>>>>>>>
epoch: 26
Batch 0 completed in 0.26 seconds (0.00 minutes)
loss: 1.078078, val_acc: 48.44% (0.484439), val_f1: 21.76% (0.217563), test_acc: 48.27% (0.482678), test_f1: 21.70% (0.217030)
Epoch 26 completed in 23.63 seconds (0.39 minutes)
>>>>>>>>>>>>>>>>>>>>>>>>>>>>>>>>>>>>>>>>>>>>>>>>>>>>>>>>>>>>>>>>>>>>>>>>>>>>>>>>>>>>>>>>>>>>>>>>>>>>
epoch: 27
Batch 0 completed in 0.26 seconds (0.00 minutes)
loss: 1.047280, val_acc: 48.44% (0.484439), val_f1: 21.76% (0.217563), test_acc: 48.27% (0.482678), test_f1: 21.70% (0.217030)
Epoch 27 completed in 23.56 seconds (0.39 minutes)
>>>>>>>>>>>>>>>>>>>>>>>>>>>>>>>>>>>>>>>>>>>>>>>>>>>>>>>>>>>>>>>>>>>>>>>>>>>>>>>>>>>>>>>>>>>>>>>>>>>>
epoch: 28
Batch 0 completed in 0.26 seconds (0.00 minutes)
loss: 1.037665, val_acc: 48.44% (0.484439), val_f1: 21.76% (0.217563), test_acc: 48.27% (0.482678), test_f1: 21.70% (0.217030)
Epoch 28 completed in 23.29 seconds (0.39 minutes)
>>>>>>>>>>>>>>>>>>>>>>>>>>>>>>>>>>>>>>>>>>>>>>>>>>>>>>>>>>>>>>>>>>>>>>>>>>>>>>>>>>>>>>>>>>>>>>>>>>>>
epoch: 29
Batch 0 completed in 0.26 seconds (0.00 minutes)
loss: 1.094728, val_acc: 48.44% (0.484439), val_f1: 21.76% (0.217563), test_acc: 48.27% (0.482678), test_f1: 21.70% (0.217030)
Epoch 29 completed in 23.32 seconds (0.39 minutes)
>>>>>>>>>>>>>>>>>>>>>>>>>>>>>>>>>>>>>>>>>>>>>>>>>>>>>>>>>>>>>>>>>>>>>>>>>>>>>>>>>>>>>>>>>>>>>>>>>>>>
epoch: 30
Batch 0 completed in 0.25 seconds (0.00 minutes)
loss: 1.067684, val_acc: 48.44% (0.484439), val_f1: 21.76% (0.217563), test_acc: 48.27% (0.482678), test_f1: 21.70% (0.217030)
Epoch 30 completed in 23.74 seconds (0.40 minutes)
>>>>>>>>>>>>>>>>>>>>>>>>>>>>>>>>>>>>>>>>>>>>>>>>>>>>>>>>>>>>>>>>>>>>>>>>>>>>>>>>>>>>>>>>>>>>>>>>>>>>
epoch: 31
Batch 0 completed in 0.26 seconds (0.00 minutes)
loss: 1.067322, val_acc: 48.44% (0.484439), val_f1: 21.76% (0.217563), test_acc: 48.27% (0.482678), test_f1: 21.70% (0.217030)
Epoch 31 completed in 23.60 seconds (0.39 minutes)
>>>>>>>>>>>>>>>>>>>>>>>>>>>>>>>>>>>>>>>>>>>>>>>>>>>>>>>>>>>>>>>>>>>>>>>>>>>>>>>>>>>>>>>>>>>>>>>>>>>>
epoch: 32
Batch 0 completed in 0.26 seconds (0.00 minutes)
loss: 1.076078, val_acc: 48.44% (0.484439), val_f1: 21.76% (0.217563), test_acc: 48.27% (0.482678), test_f1: 21.70% (0.217030)
Epoch 32 completed in 23.27 seconds (0.39 minutes)
>>>>>>>>>>>>>>>>>>>>>>>>>>>>>>>>>>>>>>>>>>>>>>>>>>>>>>>>>>>>>>>>>>>>>>>>>>>>>>>>>>>>>>>>>>>>>>>>>>>>
epoch: 33
Batch 0 completed in 0.26 seconds (0.00 minutes)
loss: 1.049363, val_acc: 48.44% (0.484439), val_f1: 21.76% (0.217563), test_acc: 48.27% (0.482678), test_f1: 21.70% (0.217030)
Epoch 33 completed in 23.57 seconds (0.39 minutes)
>>>>>>>>>>>>>>>>>>>>>>>>>>>>>>>>>>>>>>>>>>>>>>>>>>>>>>>>>>>>>>>>>>>>>>>>>>>>>>>>>>>>>>>>>>>>>>>>>>>>
epoch: 34
Batch 0 completed in 0.26 seconds (0.00 minutes)
loss: 1.034312, val_acc: 48.44% (0.484439), val_f1: 21.76% (0.217563), test_acc: 48.27% (0.482678), test_f1: 21.70% (0.217030)
Epoch 34 completed in 23.67 seconds (0.39 minutes)
>>>>>>>>>>>>>>>>>>>>>>>>>>>>>>>>>>>>>>>>>>>>>>>>>>>>>>>>>>>>>>>>>>>>>>>>>>>>>>>>>>>>>>>>>>>>>>>>>>>>
epoch: 35
Batch 0 completed in 0.26 seconds (0.00 minutes)
loss: 1.047929, val_acc: 48.44% (0.484439), val_f1: 21.76% (0.217563), test_acc: 48.27% (0.482678), test_f1: 21.70% (0.217030)
Epoch 35 completed in 23.33 seconds (0.39 minutes)
>>>>>>>>>>>>>>>>>>>>>>>>>>>>>>>>>>>>>>>>>>>>>>>>>>>>>>>>>>>>>>>>>>>>>>>>>>>>>>>>>>>>>>>>>>>>>>>>>>>>
epoch: 36
Batch 0 completed in 0.26 seconds (0.00 minutes)
loss: 1.061838, val_acc: 48.44% (0.484439), val_f1: 21.76% (0.217563), test_acc: 48.27% (0.482678), test_f1: 21.70% (0.217030)
Epoch 36 completed in 23.45 seconds (0.39 minutes)
>>>>>>>>>>>>>>>>>>>>>>>>>>>>>>>>>>>>>>>>>>>>>>>>>>>>>>>>>>>>>>>>>>>>>>>>>>>>>>>>>>>>>>>>>>>>>>>>>>>>
epoch: 37
Batch 0 completed in 0.26 seconds (0.00 minutes)
loss: 1.041862, val_acc: 48.44% (0.484439), val_f1: 21.76% (0.217563), test_acc: 48.27% (0.482678), test_f1: 21.70% (0.217030)
Epoch 37 completed in 23.61 seconds (0.39 minutes)
>>>>>>>>>>>>>>>>>>>>>>>>>>>>>>>>>>>>>>>>>>>>>>>>>>>>>>>>>>>>>>>>>>>>>>>>>>>>>>>>>>>>>>>>>>>>>>>>>>>>
epoch: 38
Batch 0 completed in 0.26 seconds (0.00 minutes)
loss: 1.056505, val_acc: 48.44% (0.484439), val_f1: 21.76% (0.217563), test_acc: 48.27% (0.482678), test_f1: 21.70% (0.217030)
Epoch 38 completed in 23.60 seconds (0.39 minutes)
>>>>>>>>>>>>>>>>>>>>>>>>>>>>>>>>>>>>>>>>>>>>>>>>>>>>>>>>>>>>>>>>>>>>>>>>>>>>>>>>>>>>>>>>>>>>>>>>>>>>
epoch: 39
Batch 0 completed in 0.26 seconds (0.00 minutes)
loss: 1.073477, val_acc: 48.44% (0.484439), val_f1: 21.76% (0.217563), test_acc: 48.27% (0.482678), test_f1: 21.70% (0.217030)
Epoch 39 completed in 23.29 seconds (0.39 minutes)
>>>>>>>>>>>>>>>>>>>>>>>>>>>>>>>>>>>>>>>>>>>>>>>>>>>>>>>>>>>>>>>>>>>>>>>>>>>>>>>>>>>>>>>>>>>>>>>>>>>>
epoch: 40
Batch 0 completed in 0.26 seconds (0.00 minutes)
loss: 1.067661, val_acc: 48.44% (0.484439), val_f1: 21.76% (0.217563), test_acc: 48.27% (0.482678), test_f1: 21.70% (0.217030)
Epoch 40 completed in 23.35 seconds (0.39 minutes)
>>>>>>>>>>>>>>>>>>>>>>>>>>>>>>>>>>>>>>>>>>>>>>>>>>>>>>>>>>>>>>>>>>>>>>>>>>>>>>>>>>>>>>>>>>>>>>>>>>>>
epoch: 41
Batch 0 completed in 0.26 seconds (0.00 minutes)
loss: 1.071622, val_acc: 48.44% (0.484439), val_f1: 21.76% (0.217563), test_acc: 48.27% (0.482678), test_f1: 21.70% (0.217030)
Epoch 41 completed in 23.75 seconds (0.40 minutes)
>>>>>>>>>>>>>>>>>>>>>>>>>>>>>>>>>>>>>>>>>>>>>>>>>>>>>>>>>>>>>>>>>>>>>>>>>>>>>>>>>>>>>>>>>>>>>>>>>>>>
epoch: 42
Batch 0 completed in 0.26 seconds (0.00 minutes)
loss: 1.066556, val_acc: 48.44% (0.484439), val_f1: 21.76% (0.217563), test_acc: 48.27% (0.482678), test_f1: 21.70% (0.217030)
Epoch 42 completed in 23.60 seconds (0.39 minutes)
>>>>>>>>>>>>>>>>>>>>>>>>>>>>>>>>>>>>>>>>>>>>>>>>>>>>>>>>>>>>>>>>>>>>>>>>>>>>>>>>>>>>>>>>>>>>>>>>>>>>
epoch: 43
Batch 0 completed in 0.26 seconds (0.00 minutes)
loss: 1.051804, val_acc: 48.44% (0.484439), val_f1: 21.76% (0.217563), test_acc: 48.27% (0.482678), test_f1: 21.70% (0.217030)
Epoch 43 completed in 23.26 seconds (0.39 minutes)
>>>>>>>>>>>>>>>>>>>>>>>>>>>>>>>>>>>>>>>>>>>>>>>>>>>>>>>>>>>>>>>>>>>>>>>>>>>>>>>>>>>>>>>>>>>>>>>>>>>>
epoch: 44
Batch 0 completed in 0.26 seconds (0.00 minutes)
loss: 1.046121, val_acc: 48.44% (0.484439), val_f1: 21.76% (0.217563), test_acc: 48.27% (0.482678), test_f1: 21.70% (0.217030)
Epoch 44 completed in 23.60 seconds (0.39 minutes)
>>>>>>>>>>>>>>>>>>>>>>>>>>>>>>>>>>>>>>>>>>>>>>>>>>>>>>>>>>>>>>>>>>>>>>>>>>>>>>>>>>>>>>>>>>>>>>>>>>>>
epoch: 45
Batch 0 completed in 0.26 seconds (0.00 minutes)
loss: 1.039697, val_acc: 48.44% (0.484439), val_f1: 21.76% (0.217563), test_acc: 48.27% (0.482678), test_f1: 21.70% (0.217030)
Epoch 45 completed in 23.64 seconds (0.39 minutes)
>>>>>>>>>>>>>>>>>>>>>>>>>>>>>>>>>>>>>>>>>>>>>>>>>>>>>>>>>>>>>>>>>>>>>>>>>>>>>>>>>>>>>>>>>>>>>>>>>>>>
epoch: 46
Batch 0 completed in 0.26 seconds (0.00 minutes)
loss: 1.042827, val_acc: 48.44% (0.484439), val_f1: 21.76% (0.217563), test_acc: 48.27% (0.482678), test_f1: 21.70% (0.217030)
Epoch 46 completed in 23.37 seconds (0.39 minutes)
>>>>>>>>>>>>>>>>>>>>>>>>>>>>>>>>>>>>>>>>>>>>>>>>>>>>>>>>>>>>>>>>>>>>>>>>>>>>>>>>>>>>>>>>>>>>>>>>>>>>
epoch: 47
Batch 0 completed in 0.26 seconds (0.00 minutes)
loss: 1.047148, val_acc: 48.44% (0.484439), val_f1: 21.76% (0.217563), test_acc: 48.27% (0.482678), test_f1: 21.70% (0.217030)
Epoch 47 completed in 23.42 seconds (0.39 minutes)
>>>>>>>>>>>>>>>>>>>>>>>>>>>>>>>>>>>>>>>>>>>>>>>>>>>>>>>>>>>>>>>>>>>>>>>>>>>>>>>>>>>>>>>>>>>>>>>>>>>>
epoch: 48
Batch 0 completed in 0.26 seconds (0.00 minutes)
loss: 1.015090, val_acc: 48.44% (0.484439), val_f1: 21.76% (0.217563), test_acc: 48.27% (0.482678), test_f1: 21.70% (0.217030)
Epoch 48 completed in 23.60 seconds (0.39 minutes)
>>>>>>>>>>>>>>>>>>>>>>>>>>>>>>>>>>>>>>>>>>>>>>>>>>>>>>>>>>>>>>>>>>>>>>>>>>>>>>>>>>>>>>>>>>>>>>>>>>>>
epoch: 49
Batch 0 completed in 0.26 seconds (0.00 minutes)
loss: 1.051326, val_acc: 48.44% (0.484439), val_f1: 21.76% (0.217563), test_acc: 48.27% (0.482678), test_f1: 21.70% (0.217030)
Epoch 49 completed in 23.59 seconds (0.39 minutes)
>>>>>>>>>>>>>>>>>>>>>>>>>>>>>>>>>>>>>>>>>>>>>>>>>>>>>>>>>>>>>>>>>>>>>>>>>>>>>>>>>>>>>>>>>>>>>>>>>>>>
epoch: 50
Batch 0 completed in 0.26 seconds (0.00 minutes)
loss: 1.083568, val_acc: 48.44% (0.484439), val_f1: 21.76% (0.217563), test_acc: 48.27% (0.482678), test_f1: 21.70% (0.217030)
Epoch 50 completed in 23.29 seconds (0.39 minutes)
>>>>>>>>>>>>>>>>>>>>>>>>>>>>>>>>>>>>>>>>>>>>>>>>>>>>>>>>>>>>>>>>>>>>>>>>>>>>>>>>>>>>>>>>>>>>>>>>>>>>
epoch: 51
Batch 0 completed in 0.26 seconds (0.00 minutes)
loss: 1.049989, val_acc: 48.44% (0.484439), val_f1: 21.76% (0.217563), test_acc: 48.27% (0.482678), test_f1: 21.70% (0.217030)
Epoch 51 completed in 23.37 seconds (0.39 minutes)
>>>>>>>>>>>>>>>>>>>>>>>>>>>>>>>>>>>>>>>>>>>>>>>>>>>>>>>>>>>>>>>>>>>>>>>>>>>>>>>>>>>>>>>>>>>>>>>>>>>>
epoch: 52
Batch 0 completed in 0.26 seconds (0.00 minutes)
loss: 1.050704, val_acc: 48.44% (0.484439), val_f1: 21.76% (0.217563), test_acc: 48.27% (0.482678), test_f1: 21.70% (0.217030)
Epoch 52 completed in 23.74 seconds (0.40 minutes)
>>>>>>>>>>>>>>>>>>>>>>>>>>>>>>>>>>>>>>>>>>>>>>>>>>>>>>>>>>>>>>>>>>>>>>>>>>>>>>>>>>>>>>>>>>>>>>>>>>>>
epoch: 53
Batch 0 completed in 0.26 seconds (0.00 minutes)
loss: 1.073604, val_acc: 48.44% (0.484439), val_f1: 21.76% (0.217563), test_acc: 48.27% (0.482678), test_f1: 21.70% (0.217030)
Epoch 53 completed in 23.68 seconds (0.39 minutes)
>>>>>>>>>>>>>>>>>>>>>>>>>>>>>>>>>>>>>>>>>>>>>>>>>>>>>>>>>>>>>>>>>>>>>>>>>>>>>>>>>>>>>>>>>>>>>>>>>>>>
epoch: 54
Batch 0 completed in 0.26 seconds (0.00 minutes)
loss: 1.070784, val_acc: 48.44% (0.484439), val_f1: 21.76% (0.217563), test_acc: 48.27% (0.482678), test_f1: 21.70% (0.217030)
Epoch 54 completed in 23.28 seconds (0.39 minutes)
>>>>>>>>>>>>>>>>>>>>>>>>>>>>>>>>>>>>>>>>>>>>>>>>>>>>>>>>>>>>>>>>>>>>>>>>>>>>>>>>>>>>>>>>>>>>>>>>>>>>
epoch: 55
Batch 0 completed in 0.26 seconds (0.00 minutes)
loss: 1.077493, val_acc: 48.44% (0.484439), val_f1: 21.76% (0.217563), test_acc: 48.27% (0.482678), test_f1: 21.70% (0.217030)
Epoch 55 completed in 23.54 seconds (0.39 minutes)
>>>>>>>>>>>>>>>>>>>>>>>>>>>>>>>>>>>>>>>>>>>>>>>>>>>>>>>>>>>>>>>>>>>>>>>>>>>>>>>>>>>>>>>>>>>>>>>>>>>>
epoch: 56
Batch 0 completed in 0.26 seconds (0.00 minutes)
loss: 1.064311, val_acc: 48.44% (0.484439), val_f1: 21.76% (0.217563), test_acc: 48.27% (0.482678), test_f1: 21.70% (0.217030)
Epoch 56 completed in 23.73 seconds (0.40 minutes)
>>>>>>>>>>>>>>>>>>>>>>>>>>>>>>>>>>>>>>>>>>>>>>>>>>>>>>>>>>>>>>>>>>>>>>>>>>>>>>>>>>>>>>>>>>>>>>>>>>>>
epoch: 57
Batch 0 completed in 0.26 seconds (0.00 minutes)
loss: 1.078791, val_acc: 48.44% (0.484439), val_f1: 21.76% (0.217563), test_acc: 48.27% (0.482678), test_f1: 21.70% (0.217030)
Epoch 57 completed in 23.44 seconds (0.39 minutes)
>>>>>>>>>>>>>>>>>>>>>>>>>>>>>>>>>>>>>>>>>>>>>>>>>>>>>>>>>>>>>>>>>>>>>>>>>>>>>>>>>>>>>>>>>>>>>>>>>>>>
epoch: 58
Batch 0 completed in 0.26 seconds (0.00 minutes)
loss: 1.037189, val_acc: 48.44% (0.484439), val_f1: 21.76% (0.217563), test_acc: 48.27% (0.482678), test_f1: 21.70% (0.217030)
Epoch 58 completed in 23.38 seconds (0.39 minutes)
>>>>>>>>>>>>>>>>>>>>>>>>>>>>>>>>>>>>>>>>>>>>>>>>>>>>>>>>>>>>>>>>>>>>>>>>>>>>>>>>>>>>>>>>>>>>>>>>>>>>
epoch: 59
Batch 0 completed in 0.26 seconds (0.00 minutes)
loss: 1.046944, val_acc: 48.44% (0.484439), val_f1: 21.76% (0.217563), test_acc: 48.27% (0.482678), test_f1: 21.70% (0.217030)
Epoch 59 completed in 23.49 seconds (0.39 minutes)
>>>>>>>>>>>>>>>>>>>>>>>>>>>>>>>>>>>>>>>>>>>>>>>>>>>>>>>>>>>>>>>>>>>>>>>>>>>>>>>>>>>>>>>>>>>>>>>>>>>>
epoch: 60
Batch 0 completed in 0.26 seconds (0.00 minutes)
loss: 1.013090, val_acc: 48.44% (0.484439), val_f1: 21.76% (0.217563), test_acc: 48.27% (0.482678), test_f1: 21.70% (0.217030)
Epoch 60 completed in 23.66 seconds (0.39 minutes)
>>>>>>>>>>>>>>>>>>>>>>>>>>>>>>>>>>>>>>>>>>>>>>>>>>>>>>>>>>>>>>>>>>>>>>>>>>>>>>>>>>>>>>>>>>>>>>>>>>>>
epoch: 61
Batch 0 completed in 0.26 seconds (0.00 minutes)
loss: 1.053988, val_acc: 48.44% (0.484439), val_f1: 21.76% (0.217563), test_acc: 48.27% (0.482678), test_f1: 21.70% (0.217030)
Epoch 61 completed in 23.35 seconds (0.39 minutes)
>>>>>>>>>>>>>>>>>>>>>>>>>>>>>>>>>>>>>>>>>>>>>>>>>>>>>>>>>>>>>>>>>>>>>>>>>>>>>>>>>>>>>>>>>>>>>>>>>>>>
epoch: 62
Batch 0 completed in 0.26 seconds (0.00 minutes)
loss: 1.082661, val_acc: 48.44% (0.484439), val_f1: 21.76% (0.217563), test_acc: 48.27% (0.482678), test_f1: 21.70% (0.217030)
Epoch 62 completed in 23.30 seconds (0.39 minutes)
>>>>>>>>>>>>>>>>>>>>>>>>>>>>>>>>>>>>>>>>>>>>>>>>>>>>>>>>>>>>>>>>>>>>>>>>>>>>>>>>>>>>>>>>>>>>>>>>>>>>
epoch: 63
Batch 0 completed in 0.26 seconds (0.00 minutes)
loss: 1.073903, val_acc: 48.44% (0.484439), val_f1: 21.76% (0.217563), test_acc: 48.27% (0.482678), test_f1: 21.70% (0.217030)
Epoch 63 completed in 23.72 seconds (0.40 minutes)
>>>>>>>>>>>>>>>>>>>>>>>>>>>>>>>>>>>>>>>>>>>>>>>>>>>>>>>>>>>>>>>>>>>>>>>>>>>>>>>>>>>>>>>>>>>>>>>>>>>>
epoch: 64
Batch 0 completed in 0.26 seconds (0.00 minutes)
loss: 1.044663, val_acc: 48.44% (0.484439), val_f1: 21.76% (0.217563), test_acc: 48.27% (0.482678), test_f1: 21.70% (0.217030)
Epoch 64 completed in 23.60 seconds (0.39 minutes)
>>>>>>>>>>>>>>>>>>>>>>>>>>>>>>>>>>>>>>>>>>>>>>>>>>>>>>>>>>>>>>>>>>>>>>>>>>>>>>>>>>>>>>>>>>>>>>>>>>>>
epoch: 65
Batch 0 completed in 0.26 seconds (0.00 minutes)
loss: 1.061441, val_acc: 48.44% (0.484439), val_f1: 21.76% (0.217563), test_acc: 48.27% (0.482678), test_f1: 21.70% (0.217030)
Epoch 65 completed in 23.28 seconds (0.39 minutes)
>>>>>>>>>>>>>>>>>>>>>>>>>>>>>>>>>>>>>>>>>>>>>>>>>>>>>>>>>>>>>>>>>>>>>>>>>>>>>>>>>>>>>>>>>>>>>>>>>>>>
epoch: 66
Batch 0 completed in 0.26 seconds (0.00 minutes)
loss: 1.070902, val_acc: 48.44% (0.484439), val_f1: 21.76% (0.217563), test_acc: 48.27% (0.482678), test_f1: 21.70% (0.217030)
Epoch 66 completed in 23.52 seconds (0.39 minutes)
>>>>>>>>>>>>>>>>>>>>>>>>>>>>>>>>>>>>>>>>>>>>>>>>>>>>>>>>>>>>>>>>>>>>>>>>>>>>>>>>>>>>>>>>>>>>>>>>>>>>
epoch: 67
Batch 0 completed in 0.26 seconds (0.00 minutes)
loss: 1.047637, val_acc: 48.44% (0.484439), val_f1: 21.76% (0.217563), test_acc: 48.27% (0.482678), test_f1: 21.70% (0.217030)
Epoch 67 completed in 23.65 seconds (0.39 minutes)
>>>>>>>>>>>>>>>>>>>>>>>>>>>>>>>>>>>>>>>>>>>>>>>>>>>>>>>>>>>>>>>>>>>>>>>>>>>>>>>>>>>>>>>>>>>>>>>>>>>>
epoch: 68
Batch 0 completed in 0.26 seconds (0.00 minutes)
loss: 1.041262, val_acc: 48.44% (0.484439), val_f1: 21.76% (0.217563), test_acc: 48.27% (0.482678), test_f1: 21.70% (0.217030)
Epoch 68 completed in 23.45 seconds (0.39 minutes)
>>>>>>>>>>>>>>>>>>>>>>>>>>>>>>>>>>>>>>>>>>>>>>>>>>>>>>>>>>>>>>>>>>>>>>>>>>>>>>>>>>>>>>>>>>>>>>>>>>>>
epoch: 69
Batch 0 completed in 0.25 seconds (0.00 minutes)
loss: 1.002581, val_acc: 48.44% (0.484439), val_f1: 21.76% (0.217563), test_acc: 48.27% (0.482678), test_f1: 21.70% (0.217030)
Epoch 69 completed in 23.37 seconds (0.39 minutes)
RESULT: Max Val F1: 0.217563, Max Test F1: 0.217030
Training complete. Generating confusion matrix on the test set.
Confusion matrix saved to /home/rgg2706/Multimodal-Sentiment-Analysis/Logs/DMLAN/2025-02-04/sub-4/007_Feb-04-2025_01:49_PM/confusion_matrix.png
Reading TensorBoard loss at each epoch:
Available tags: {'images': [], 'audio': [], 'histograms': [], 'scalars': ['Loss/train', 'Loss/val'], 'distributions': [], 'tensors': [], 'graph': False, 'meta_graph': False, 'run_metadata': []}
Output File: /home/rgg2706/Multimodal-Sentiment-Analysis/Logs/DMLAN/2025-02-04/sub-4/007_Feb-04-2025_01:49_PM/trainval_loss_curves.png
Training and validation loss curves saved to /home/rgg2706/Multimodal-Sentiment-Analysis/Logs/DMLAN/2025-02-04/sub-4/007_Feb-04-2025_01:49_PM/trainval_loss_curves.png
Total Completion Time: 34.61 minutes. (0.58 hours) 
