> training arguments:
>>> rand_seed: 8
>>> model_name: mmfusion
>>> dataset: mvsa-mts-100
>>> optimizer: <class 'torch.optim.adam.Adam'>
>>> initializer: <function xavier_uniform_ at 0x7f98e399e7a0>
>>> learning_rate: 0.001
>>> dropout_rate: 0.5
>>> num_epoch: 10
>>> batch_size: 10
>>> log_step: 1
>>> max_seq_len: 64
>>> polarities_dim: 3
>>> clip_grad: 5.0
>>> path_image: ./Datasets/MVSA-MTS/images-indexed
>>> crop_size: 224
>>> model_class: <class 'models.mmfusion.MMFUSION'>
Preparing mvsa-mts-100 dataset...
--------------Datasets/MVSA-MTS/mvsa-mts-100/train.tsv---------------
The number of problematic samples: 5
--------------Datasets/MVSA-MTS/mvsa-mts-100/val.tsv---------------
The number of problematic samples: 1
--------------Datasets/MVSA-MTS/mvsa-mts-100/test.tsv---------------
The number of problematic samples: 1
building model
