SLURM Job ID: 20077724
The first version with resnset
Model: MOASC4
Dataset: MOA-MVSA-single
directory /home/rgg2706/Multimodal-Sentiment-Analysis/Datasets/MOA-MVSA-single exists
directory /home/rgg2706/Multimodal-Sentiment-Analysis/Datasets/MOA-MVSA-multiple exists
directory /home/rgg2706/Multimodal-Sentiment-Analysis/Models/MOASC4/SaveFiles/SentimentClassifier exists
21
Loading dataset from: /home/rgg2706/Multimodal-Sentiment-Analysis/Datasets/MOA-MVSA-single
/home/rgg2706/Multimodal-Sentiment-Analysis/Datasets/MOA-MVSA-single/text
/home/rgg2706/Multimodal-Sentiment-Analysis/Datasets/MOA-MVSA-single/image
[DEBUG] Now in dataset directory for labels: /home/rgg2706/Multimodal-Sentiment-Analysis/Datasets/MOA-MVSA-single
[DEBUG] About to read labels from: /home/rgg2706/Multimodal-Sentiment-Analysis/Datasets/MOA-MVSA-single/labels.csv
Dataset directory is: /home/rgg2706/Multimodal-Sentiment-Analysis/Datasets/MOA-MVSA-single
Files in dataset directory: ['labels.csv', 'text', 'image']
   ID  text  image
0   1     2      1
1   2     2      1
2   3     2      1
3   4     1      1
4   5     1      1
5   6     1      1
6   7     1      1
7   8     2      1
8   9     1      1
9  10     0      0

[DEBUG] First 5 training texts:
    ID: 1 | Overall sentiment: 1 | Text: how  i feel today legday jelly aching gym 
    ID: 2 | Overall sentiment: 1 | Text: grattis min griskulting!!?? va bara tvungen oki s? sch ? ingenkommerattrodig pig happybday wow lovely cut 
    ID: 3 | Overall sentiment: 1 | Text:  polynminion  the moment  i found my favourite tv character. profoundlove 
    ID: 4 | Overall sentiment: 1 | Text: esco  we have a young and energetic team and we pride ourselves on offering the highes hoer 
    ID: 5 | Overall sentiment: 1 | Text:  chrisashaffer  went to  ssc today to be a movie star to rep for the  deaf and got to meet an energetic great guy  mark  white! 
Train samples: 3653
Validation samples: 406
Test samples: 452
Total samples: 4511
Train label distribution: Negative=1107, Positive=2162, Neutral=384
Val   label distribution: Negative=102, Positive=262, Neutral=42
Test  label distribution: Negative=149, Positive=259, Neutral=44
Overall label distribution: Negative=1358, Positive=2683, Neutral=470
    Iteration 20 of epoch 1 completed. Loss : 1.0999648571014404 Accuracy : 40.62
    Iteration 40 of epoch 1 completed. Loss : 1.0923655033111572 Accuracy : 53.12
    Iteration 60 of epoch 1 completed. Loss : 1.0965640544891357 Accuracy : 50.00
    Iteration 80 of epoch 1 completed. Loss : 1.0772126913070679 Accuracy : 53.12
    Iteration 100 of epoch 1 completed. Loss : 1.1055059432983398 Accuracy : 53.12
Best validation accuracy improved from 0.0 to 0.7124125874125874
Epoch 1 completed. Test dataset:
	 Loss: 1.0377
	 Accuracy : 66.46
	 Average recall: 0.4565
	 F1_PN: 0.6469
	 Macro-F1: 0.4313
	 Weighted-F1: 0.6259

Best test accuracy improved from 0.0 to 0.6645833333333333, saving model...
    Iteration 20 of epoch 2 completed. Loss : 1.093073844909668 Accuracy : 59.38
    Iteration 40 of epoch 2 completed. Loss : 1.1050786972045898 Accuracy : 43.75
    Iteration 60 of epoch 2 completed. Loss : 1.0270384550094604 Accuracy : 71.88
    Iteration 80 of epoch 2 completed. Loss : 0.9249666333198547 Accuracy : 50.00
    Iteration 100 of epoch 2 completed. Loss : 1.0303572416305542 Accuracy : 71.88
Epoch 2 completed. Test dataset:
	 Loss: 0.8588
	 Accuracy : 68.12
	 Average recall: 0.5277
	 F1_PN: 0.6942
	 Macro-F1: 0.5281
	 Weighted-F1: 0.6875

Best test accuracy improved from 0.6645833333333333 to 0.68125, saving model...
    Iteration 20 of epoch 3 completed. Loss : 1.0144826173782349 Accuracy : 50.00
    Iteration 40 of epoch 3 completed. Loss : 0.9564811587333679 Accuracy : 65.62
    Iteration 60 of epoch 3 completed. Loss : 0.9467338919639587 Accuracy : 71.88
    Iteration 80 of epoch 3 completed. Loss : 0.7992176413536072 Accuracy : 71.88
    Iteration 100 of epoch 3 completed. Loss : 0.7852487564086914 Accuracy : 81.25
Epoch 3 completed. Test dataset:
	 Loss: 0.8435
	 Accuracy : 69.38
	 Average recall: 0.5351
	 F1_PN: 0.6969
	 Macro-F1: 0.5281
	 Weighted-F1: 0.6838

Best test accuracy improved from 0.68125 to 0.69375, saving model...
    Iteration 20 of epoch 4 completed. Loss : 0.7996116280555725 Accuracy : 65.62
    Iteration 40 of epoch 4 completed. Loss : 0.8098010420799255 Accuracy : 81.25
    Iteration 60 of epoch 4 completed. Loss : 0.76267009973526 Accuracy : 84.38
    Iteration 80 of epoch 4 completed. Loss : 0.7289990782737732 Accuracy : 84.38
    Iteration 100 of epoch 4 completed. Loss : 0.7001643180847168 Accuracy : 93.75
Epoch 4 completed. Test dataset:
	 Loss: 0.8445
	 Accuracy : 70.62
	 Average recall: 0.5796
	 F1_PN: 0.7202
	 Macro-F1: 0.5524
	 Weighted-F1: 0.7011

Best test accuracy improved from 0.69375 to 0.70625, saving model...
    Iteration 20 of epoch 5 completed. Loss : 0.6550430059432983 Accuracy : 90.62
    Iteration 40 of epoch 5 completed. Loss : 0.7343488931655884 Accuracy : 78.12
    Iteration 60 of epoch 5 completed. Loss : 0.7336073517799377 Accuracy : 87.50
    Iteration 80 of epoch 5 completed. Loss : 0.7033935189247131 Accuracy : 84.38
    Iteration 100 of epoch 5 completed. Loss : 0.6665491461753845 Accuracy : 93.75
Epoch 5 completed. Test dataset:
	 Loss: 0.8720
	 Accuracy : 67.29
	 Average recall: 0.5249
	 F1_PN: 0.6700
	 Macro-F1: 0.4925
	 Weighted-F1: 0.6590

    Iteration 20 of epoch 6 completed. Loss : 0.6923432350158691 Accuracy : 84.38
    Iteration 40 of epoch 6 completed. Loss : 0.718207597732544 Accuracy : 78.12
    Iteration 60 of epoch 6 completed. Loss : 0.6928259134292603 Accuracy : 90.62
    Iteration 80 of epoch 6 completed. Loss : 0.6885954737663269 Accuracy : 87.50
    Iteration 100 of epoch 6 completed. Loss : 0.5943613648414612 Accuracy : 96.88
Epoch 6 completed. Test dataset:
	 Loss: 0.8263
	 Accuracy : 71.67
	 Average recall: 0.5382
	 F1_PN: 0.7252
	 Macro-F1: 0.5219
	 Weighted-F1: 0.7014

Best test accuracy improved from 0.70625 to 0.7166666666666667, saving model...
    Iteration 20 of epoch 7 completed. Loss : 0.648413360118866 Accuracy : 87.50
    Iteration 40 of epoch 7 completed. Loss : 0.6765846610069275 Accuracy : 84.38
    Iteration 60 of epoch 7 completed. Loss : 0.6990196108818054 Accuracy : 90.62
    Iteration 80 of epoch 7 completed. Loss : 0.6714654564857483 Accuracy : 90.62
    Iteration 100 of epoch 7 completed. Loss : 0.5654174089431763 Accuracy : 100.00
Epoch 7 completed. Test dataset:
	 Loss: 0.8254
	 Accuracy : 72.08
	 Average recall: 0.5465
	 F1_PN: 0.7291
	 Macro-F1: 0.5319
	 Weighted-F1: 0.7061

Best test accuracy improved from 0.7166666666666667 to 0.7208333333333333, saving model...
    Iteration 20 of epoch 8 completed. Loss : 0.6426523923873901 Accuracy : 84.38
    Iteration 40 of epoch 8 completed. Loss : 0.674182653427124 Accuracy : 84.38
    Iteration 60 of epoch 8 completed. Loss : 0.6896526217460632 Accuracy : 90.62
    Iteration 80 of epoch 8 completed. Loss : 0.6741925477981567 Accuracy : 90.62
    Iteration 100 of epoch 8 completed. Loss : 0.5637525916099548 Accuracy : 100.00
Epoch 8 completed. Test dataset:
	 Loss: 0.8267
	 Accuracy : 71.04
	 Average recall: 0.5438
	 F1_PN: 0.7209
	 Macro-F1: 0.5264
	 Weighted-F1: 0.6995

    Iteration 20 of epoch 9 completed. Loss : 0.6370682716369629 Accuracy : 90.62
    Iteration 40 of epoch 9 completed. Loss : 0.6654253602027893 Accuracy : 87.50
    Iteration 60 of epoch 9 completed. Loss : 0.6966685056686401 Accuracy : 90.62
    Iteration 80 of epoch 9 completed. Loss : 0.6553757190704346 Accuracy : 93.75
    Iteration 100 of epoch 9 completed. Loss : 0.5630428194999695 Accuracy : 100.00
Epoch 9 completed. Test dataset:
	 Loss: 0.8244
	 Accuracy : 71.88
	 Average recall: 0.5450
	 F1_PN: 0.7251
	 Macro-F1: 0.5330
	 Weighted-F1: 0.7033

    Iteration 20 of epoch 10 completed. Loss : 0.626123309135437 Accuracy : 90.62
    Iteration 40 of epoch 10 completed. Loss : 0.6629387140274048 Accuracy : 87.50
    Iteration 60 of epoch 10 completed. Loss : 0.6821077466011047 Accuracy : 90.62
    Iteration 80 of epoch 10 completed. Loss : 0.6583337783813477 Accuracy : 90.62
    Iteration 100 of epoch 10 completed. Loss : 0.5556219816207886 Accuracy : 100.00
Epoch 10 completed. Test dataset:
	 Loss: 0.8229
	 Accuracy : 72.50
	 Average recall: 0.5492
	 F1_PN: 0.7305
	 Macro-F1: 0.5366
	 Weighted-F1: 0.7085

Best test accuracy improved from 0.7208333333333333 to 0.725, saving model...
    Iteration 20 of epoch 11 completed. Loss : 0.6342860460281372 Accuracy : 90.62
    Iteration 40 of epoch 11 completed. Loss : 0.6753464341163635 Accuracy : 84.38
    Iteration 60 of epoch 11 completed. Loss : 0.6819859147071838 Accuracy : 90.62
    Iteration 80 of epoch 11 completed. Loss : 0.6579356789588928 Accuracy : 90.62
    Iteration 100 of epoch 11 completed. Loss : 0.5566821694374084 Accuracy : 100.00
Epoch 11 completed. Test dataset:
	 Loss: 0.8219
	 Accuracy : 73.12
	 Average recall: 0.5467
	 F1_PN: 0.7393
	 Macro-F1: 0.5313
	 Weighted-F1: 0.7120

Best test accuracy improved from 0.725 to 0.73125, saving model...
    Iteration 20 of epoch 12 completed. Loss : 0.6220804452896118 Accuracy : 93.75
    Iteration 40 of epoch 12 completed. Loss : 0.6576958894729614 Accuracy : 87.50
    Iteration 60 of epoch 12 completed. Loss : 0.6830085515975952 Accuracy : 90.62
    Iteration 80 of epoch 12 completed. Loss : 0.6566563248634338 Accuracy : 90.62
    Iteration 100 of epoch 12 completed. Loss : 0.5542736649513245 Accuracy : 100.00
Epoch 12 completed. Test dataset:
	 Loss: 0.8221
	 Accuracy : 72.71
	 Average recall: 0.5435
	 F1_PN: 0.7346
	 Macro-F1: 0.5282
	 Weighted-F1: 0.7077

    Iteration 20 of epoch 13 completed. Loss : 0.6135703325271606 Accuracy : 90.62
    Iteration 40 of epoch 13 completed. Loss : 0.6529993414878845 Accuracy : 87.50
    Iteration 60 of epoch 13 completed. Loss : 0.6823680996894836 Accuracy : 90.62
    Iteration 80 of epoch 13 completed. Loss : 0.6650289297103882 Accuracy : 90.62
    Iteration 100 of epoch 13 completed. Loss : 0.5550827980041504 Accuracy : 100.00
Epoch 13 completed. Test dataset:
	 Loss: 0.8229
	 Accuracy : 72.71
	 Average recall: 0.5427
	 F1_PN: 0.7356
	 Macro-F1: 0.5288
	 Weighted-F1: 0.7077

    Iteration 20 of epoch 14 completed. Loss : 0.6264089941978455 Accuracy : 90.62
    Iteration 40 of epoch 14 completed. Loss : 0.6580269932746887 Accuracy : 87.50
    Iteration 60 of epoch 14 completed. Loss : 0.6819384694099426 Accuracy : 90.62
    Iteration 80 of epoch 14 completed. Loss : 0.6585412621498108 Accuracy : 90.62
    Iteration 100 of epoch 14 completed. Loss : 0.5556110739707947 Accuracy : 100.00
Epoch 14 completed. Test dataset:
	 Loss: 0.8240
	 Accuracy : 72.92
	 Average recall: 0.5439
	 F1_PN: 0.7380
	 Macro-F1: 0.5282
	 Weighted-F1: 0.7094

    Iteration 20 of epoch 15 completed. Loss : 0.6006092429161072 Accuracy : 96.88
    Iteration 40 of epoch 15 completed. Loss : 0.6570832133293152 Accuracy : 87.50
    Iteration 60 of epoch 15 completed. Loss : 0.6818943023681641 Accuracy : 90.62
    Iteration 80 of epoch 15 completed. Loss : 0.6662261486053467 Accuracy : 90.62
    Iteration 100 of epoch 15 completed. Loss : 0.5570666193962097 Accuracy : 100.00
Epoch 15 completed. Test dataset:
	 Loss: 0.8251
	 Accuracy : 72.50
	 Average recall: 0.5407
	 F1_PN: 0.7331
	 Macro-F1: 0.5250
	 Weighted-F1: 0.7050

Train/val/test loss curve saved to /home/rgg2706/Multimodal-Sentiment-Analysis/Logs/MOASC4/2025-03-20/sub-5/011_Mar-20-2025_08:33_PM/train_val_test_loss_curve.png
Confusion matrix saved to /home/rgg2706/Multimodal-Sentiment-Analysis/Logs/MOASC4/2025-03-20/sub-5/011_Mar-20-2025_08:33_PM/confusion_matrix.png
