DMLAN_dmlanfusion_mvsa-mts-v3_lr0.001_dr0.5
SLURM Job ID: 19776283
Number of GPUs available: 1
Python PATH: ['/home/rgg2706/Multimodal-Sentiment-Analysis/Models', '/home/rgg2706/Multimodal-Sentiment-Analysis/Models/DMLAN/src', '/home/rgg2706/Multimodal-Sentiment-Analysis', '/Models/DMLAN/src', '/.autofs/tools/spack/var/spack/environments/default-nlp-x86_64-24072401/.spack-env/._view/wtxwc3mlkmzy7fbaxlum2674jarpitc2/lib/python311.zip', '/.autofs/tools/spack/var/spack/environments/default-nlp-x86_64-24072401/.spack-env/._view/wtxwc3mlkmzy7fbaxlum2674jarpitc2/lib/python3.11', '/.autofs/tools/spack/var/spack/environments/default-nlp-x86_64-24072401/.spack-env/._view/wtxwc3mlkmzy7fbaxlum2674jarpitc2/lib/python3.11/lib-dynload', '/.autofs/tools/spack/var/spack/environments/default-nlp-x86_64-24072401/.spack-env/._view/wtxwc3mlkmzy7fbaxlum2674jarpitc2/lib/python3.11/site-packages']
Logs directory: /home/rgg2706/Multimodal-Sentiment-Analysis/Logs/DMLAN/2025-02-04/sub-4/002_Feb-04-2025_01:49_PM
> training arguments:
>>> rand_seed: 8
>>> model_fusion: dmlanfusion
>>> dataset: mvsa-mts-v3
>>> optimizer: <class 'torch.optim.adam.Adam'>
>>> initializer: <function xavier_uniform_ at 0x7f0299239580>
>>> learning_rate: 0.001
>>> dropout_rate: 0.5
>>> weight_decay: 0.0
>>> num_layers: 3
>>> num_epoch: 70
>>> batch_size: 256
>>> log_step: 60
>>> max_seq_len: 64
>>> polarities_dim: 3
>>> clip_grad: 5.0
>>> path_image: ./images
>>> crop_size: 224
>>> n_head: 8
>>> hidden_dim: 512
>>> num_classes: 3
>>> log_dir: /home/rgg2706/Multimodal-Sentiment-Analysis/Logs/DMLAN/2025-02-04/sub-4/002_Feb-04-2025_01:49_PM
>>> counter: 0
>>> model_class: <class 'models.dmlanfusion.DMLANFUSION'>
Loading dataset 'mvsa-mts-v3':
  Train path: Datasets//MVSA-MTS/mvsa-mts-v3/train.tsv
  Validation path: Datasets//MVSA-MTS/mvsa-mts-v3/val.tsv
  Test path: Datasets//MVSA-MTS/mvsa-mts-v3/test.tsv
loading word vectors...
building embedding_matrix: 200_glove_embedding_matrix.dat
-------------- Loading Datasets//MVSA-MTS/mvsa-mts-v3/train.tsv ---------------
Time taken to load Datasets//MVSA-MTS/mvsa-mts-v3/train.tsv: 85.41 seconds (1.42 minutes)
The number of problematic samples: 2
-------------- Loading Datasets//MVSA-MTS/mvsa-mts-v3/val.tsv ---------------
Time taken to load Datasets//MVSA-MTS/mvsa-mts-v3/val.tsv: 10.91 seconds (0.18 minutes)
The number of problematic samples: 0
-------------- Loading Datasets//MVSA-MTS/mvsa-mts-v3/test.tsv ---------------
Time taken to load Datasets//MVSA-MTS/mvsa-mts-v3/test.tsv: 10.94 seconds (0.18 minutes)
The number of problematic samples: 1
Total Training Samples: 17027
Number of Training Samples: 13621
Number of Validation Samples: 1703
Number of Test Samples: 1703
Number of unique sentiment classes: 3
Building model
1
n_trainable_params: 2231909, n_nontrainable_params: 0
No weight decay
>>>>>>>>>>>>>>>>>>>>>>>>>>>>>>>>>>>>>>>>>>>>>>>>>>>>>>>>>>>>>>>>>>>>>>>>>>>>>>>>>>>>>>>>>>>>>>>>>>>>
epoch: 0
outputs.shape: torch.Size([256, 3])
outputs.dtype: torch.float32
2
Batch 0 completed in 0.71 seconds (0.01 minutes)
New best val_f1: 0.217563 (previous best: 0.000000)
loss: 1.152282, val_acc: 48.44% (0.484439), val_f1: 21.76% (0.217563), test_acc: 48.27% (0.482678), test_f1: 21.70% (0.217030)
Epoch 0 completed in 23.67 seconds (0.39 minutes)
>>>>>>>>>>>>>>>>>>>>>>>>>>>>>>>>>>>>>>>>>>>>>>>>>>>>>>>>>>>>>>>>>>>>>>>>>>>>>>>>>>>>>>>>>>>>>>>>>>>>
epoch: 1
Batch 0 completed in 0.25 seconds (0.00 minutes)
loss: 1.069109, val_acc: 48.44% (0.484439), val_f1: 21.76% (0.217563), test_acc: 48.27% (0.482678), test_f1: 21.70% (0.217030)
Epoch 1 completed in 23.06 seconds (0.38 minutes)
>>>>>>>>>>>>>>>>>>>>>>>>>>>>>>>>>>>>>>>>>>>>>>>>>>>>>>>>>>>>>>>>>>>>>>>>>>>>>>>>>>>>>>>>>>>>>>>>>>>>
epoch: 2
Batch 0 completed in 0.25 seconds (0.00 minutes)
loss: 1.030274, val_acc: 48.44% (0.484439), val_f1: 21.76% (0.217563), test_acc: 48.27% (0.482678), test_f1: 21.70% (0.217030)
Epoch 2 completed in 23.10 seconds (0.39 minutes)
>>>>>>>>>>>>>>>>>>>>>>>>>>>>>>>>>>>>>>>>>>>>>>>>>>>>>>>>>>>>>>>>>>>>>>>>>>>>>>>>>>>>>>>>>>>>>>>>>>>>
epoch: 3
Batch 0 completed in 0.25 seconds (0.00 minutes)
loss: 1.038842, val_acc: 48.44% (0.484439), val_f1: 21.76% (0.217563), test_acc: 48.27% (0.482678), test_f1: 21.70% (0.217030)
Epoch 3 completed in 23.18 seconds (0.39 minutes)
>>>>>>>>>>>>>>>>>>>>>>>>>>>>>>>>>>>>>>>>>>>>>>>>>>>>>>>>>>>>>>>>>>>>>>>>>>>>>>>>>>>>>>>>>>>>>>>>>>>>
epoch: 4
Batch 0 completed in 0.25 seconds (0.00 minutes)
loss: 1.064197, val_acc: 48.44% (0.484439), val_f1: 21.76% (0.217563), test_acc: 48.27% (0.482678), test_f1: 21.70% (0.217030)
Epoch 4 completed in 23.02 seconds (0.38 minutes)
>>>>>>>>>>>>>>>>>>>>>>>>>>>>>>>>>>>>>>>>>>>>>>>>>>>>>>>>>>>>>>>>>>>>>>>>>>>>>>>>>>>>>>>>>>>>>>>>>>>>
epoch: 5
Batch 0 completed in 0.25 seconds (0.00 minutes)
loss: 1.061898, val_acc: 48.44% (0.484439), val_f1: 21.76% (0.217563), test_acc: 48.27% (0.482678), test_f1: 21.70% (0.217030)
Epoch 5 completed in 23.27 seconds (0.39 minutes)
>>>>>>>>>>>>>>>>>>>>>>>>>>>>>>>>>>>>>>>>>>>>>>>>>>>>>>>>>>>>>>>>>>>>>>>>>>>>>>>>>>>>>>>>>>>>>>>>>>>>
epoch: 6
Batch 0 completed in 0.25 seconds (0.00 minutes)
loss: 1.042512, val_acc: 48.44% (0.484439), val_f1: 21.76% (0.217563), test_acc: 48.27% (0.482678), test_f1: 21.70% (0.217030)
Epoch 6 completed in 22.91 seconds (0.38 minutes)
>>>>>>>>>>>>>>>>>>>>>>>>>>>>>>>>>>>>>>>>>>>>>>>>>>>>>>>>>>>>>>>>>>>>>>>>>>>>>>>>>>>>>>>>>>>>>>>>>>>>
epoch: 7
Batch 0 completed in 0.25 seconds (0.00 minutes)
loss: 1.037151, val_acc: 48.44% (0.484439), val_f1: 21.76% (0.217563), test_acc: 48.27% (0.482678), test_f1: 21.70% (0.217030)
Epoch 7 completed in 23.06 seconds (0.38 minutes)
>>>>>>>>>>>>>>>>>>>>>>>>>>>>>>>>>>>>>>>>>>>>>>>>>>>>>>>>>>>>>>>>>>>>>>>>>>>>>>>>>>>>>>>>>>>>>>>>>>>>
epoch: 8
Batch 0 completed in 0.25 seconds (0.00 minutes)
loss: 1.072076, val_acc: 48.44% (0.484439), val_f1: 21.76% (0.217563), test_acc: 48.27% (0.482678), test_f1: 21.70% (0.217030)
Epoch 8 completed in 23.45 seconds (0.39 minutes)
>>>>>>>>>>>>>>>>>>>>>>>>>>>>>>>>>>>>>>>>>>>>>>>>>>>>>>>>>>>>>>>>>>>>>>>>>>>>>>>>>>>>>>>>>>>>>>>>>>>>
epoch: 9
Batch 0 completed in 0.25 seconds (0.00 minutes)
loss: 1.071090, val_acc: 48.44% (0.484439), val_f1: 21.76% (0.217563), test_acc: 48.27% (0.482678), test_f1: 21.70% (0.217030)
Epoch 9 completed in 23.27 seconds (0.39 minutes)
>>>>>>>>>>>>>>>>>>>>>>>>>>>>>>>>>>>>>>>>>>>>>>>>>>>>>>>>>>>>>>>>>>>>>>>>>>>>>>>>>>>>>>>>>>>>>>>>>>>>
epoch: 10
Batch 0 completed in 0.25 seconds (0.00 minutes)
loss: 1.034848, val_acc: 48.44% (0.484439), val_f1: 21.76% (0.217563), test_acc: 48.27% (0.482678), test_f1: 21.70% (0.217030)
Epoch 10 completed in 23.00 seconds (0.38 minutes)
>>>>>>>>>>>>>>>>>>>>>>>>>>>>>>>>>>>>>>>>>>>>>>>>>>>>>>>>>>>>>>>>>>>>>>>>>>>>>>>>>>>>>>>>>>>>>>>>>>>>
epoch: 11
Batch 0 completed in 0.25 seconds (0.00 minutes)
loss: 1.052601, val_acc: 48.44% (0.484439), val_f1: 21.76% (0.217563), test_acc: 48.27% (0.482678), test_f1: 21.70% (0.217030)
Epoch 11 completed in 23.43 seconds (0.39 minutes)
>>>>>>>>>>>>>>>>>>>>>>>>>>>>>>>>>>>>>>>>>>>>>>>>>>>>>>>>>>>>>>>>>>>>>>>>>>>>>>>>>>>>>>>>>>>>>>>>>>>>
epoch: 12
Batch 0 completed in 0.25 seconds (0.00 minutes)
loss: 1.028707, val_acc: 48.44% (0.484439), val_f1: 21.76% (0.217563), test_acc: 48.27% (0.482678), test_f1: 21.70% (0.217030)
Epoch 12 completed in 23.26 seconds (0.39 minutes)
>>>>>>>>>>>>>>>>>>>>>>>>>>>>>>>>>>>>>>>>>>>>>>>>>>>>>>>>>>>>>>>>>>>>>>>>>>>>>>>>>>>>>>>>>>>>>>>>>>>>
epoch: 13
Batch 0 completed in 0.25 seconds (0.00 minutes)
loss: 1.020916, val_acc: 48.44% (0.484439), val_f1: 21.76% (0.217563), test_acc: 48.27% (0.482678), test_f1: 21.70% (0.217030)
Epoch 13 completed in 23.04 seconds (0.38 minutes)
>>>>>>>>>>>>>>>>>>>>>>>>>>>>>>>>>>>>>>>>>>>>>>>>>>>>>>>>>>>>>>>>>>>>>>>>>>>>>>>>>>>>>>>>>>>>>>>>>>>>
epoch: 14
Batch 0 completed in 0.25 seconds (0.00 minutes)
loss: 1.054918, val_acc: 48.44% (0.484439), val_f1: 21.76% (0.217563), test_acc: 48.27% (0.482678), test_f1: 21.70% (0.217030)
Epoch 14 completed in 23.29 seconds (0.39 minutes)
>>>>>>>>>>>>>>>>>>>>>>>>>>>>>>>>>>>>>>>>>>>>>>>>>>>>>>>>>>>>>>>>>>>>>>>>>>>>>>>>>>>>>>>>>>>>>>>>>>>>
epoch: 15
Batch 0 completed in 0.25 seconds (0.00 minutes)
loss: 1.057100, val_acc: 48.44% (0.484439), val_f1: 21.76% (0.217563), test_acc: 48.27% (0.482678), test_f1: 21.70% (0.217030)
Epoch 15 completed in 23.45 seconds (0.39 minutes)
>>>>>>>>>>>>>>>>>>>>>>>>>>>>>>>>>>>>>>>>>>>>>>>>>>>>>>>>>>>>>>>>>>>>>>>>>>>>>>>>>>>>>>>>>>>>>>>>>>>>
epoch: 16
Batch 0 completed in 0.25 seconds (0.00 minutes)
loss: 1.047583, val_acc: 48.44% (0.484439), val_f1: 21.76% (0.217563), test_acc: 48.27% (0.482678), test_f1: 21.70% (0.217030)
Epoch 16 completed in 23.30 seconds (0.39 minutes)
>>>>>>>>>>>>>>>>>>>>>>>>>>>>>>>>>>>>>>>>>>>>>>>>>>>>>>>>>>>>>>>>>>>>>>>>>>>>>>>>>>>>>>>>>>>>>>>>>>>>
epoch: 17
Batch 0 completed in 0.25 seconds (0.00 minutes)
loss: 1.035536, val_acc: 48.39% (0.483852), val_f1: 21.74% (0.217386), test_acc: 48.27% (0.482678), test_f1: 21.86% (0.218560)
Epoch 17 completed in 23.00 seconds (0.38 minutes)
>>>>>>>>>>>>>>>>>>>>>>>>>>>>>>>>>>>>>>>>>>>>>>>>>>>>>>>>>>>>>>>>>>>>>>>>>>>>>>>>>>>>>>>>>>>>>>>>>>>>
epoch: 18
Batch 0 completed in 0.25 seconds (0.00 minutes)
loss: 1.059491, val_acc: 48.44% (0.484439), val_f1: 21.76% (0.217563), test_acc: 48.27% (0.482678), test_f1: 21.70% (0.217030)
Epoch 18 completed in 23.24 seconds (0.39 minutes)
>>>>>>>>>>>>>>>>>>>>>>>>>>>>>>>>>>>>>>>>>>>>>>>>>>>>>>>>>>>>>>>>>>>>>>>>>>>>>>>>>>>>>>>>>>>>>>>>>>>>
epoch: 19
Batch 0 completed in 0.25 seconds (0.00 minutes)
loss: 1.044148, val_acc: 48.44% (0.484439), val_f1: 21.76% (0.217563), test_acc: 48.27% (0.482678), test_f1: 21.70% (0.217030)
Epoch 19 completed in 23.42 seconds (0.39 minutes)
>>>>>>>>>>>>>>>>>>>>>>>>>>>>>>>>>>>>>>>>>>>>>>>>>>>>>>>>>>>>>>>>>>>>>>>>>>>>>>>>>>>>>>>>>>>>>>>>>>>>
epoch: 20
Batch 0 completed in 0.25 seconds (0.00 minutes)
loss: 1.064257, val_acc: 48.44% (0.484439), val_f1: 21.76% (0.217563), test_acc: 48.27% (0.482678), test_f1: 21.70% (0.217030)
Epoch 20 completed in 23.26 seconds (0.39 minutes)
>>>>>>>>>>>>>>>>>>>>>>>>>>>>>>>>>>>>>>>>>>>>>>>>>>>>>>>>>>>>>>>>>>>>>>>>>>>>>>>>>>>>>>>>>>>>>>>>>>>>
epoch: 21
Batch 0 completed in 0.25 seconds (0.00 minutes)
loss: 1.036631, val_acc: 48.44% (0.484439), val_f1: 21.76% (0.217563), test_acc: 48.27% (0.482678), test_f1: 21.70% (0.217030)
Epoch 21 completed in 23.01 seconds (0.38 minutes)
>>>>>>>>>>>>>>>>>>>>>>>>>>>>>>>>>>>>>>>>>>>>>>>>>>>>>>>>>>>>>>>>>>>>>>>>>>>>>>>>>>>>>>>>>>>>>>>>>>>>
epoch: 22
Batch 0 completed in 0.25 seconds (0.00 minutes)
loss: 1.062397, val_acc: 48.44% (0.484439), val_f1: 21.76% (0.217563), test_acc: 48.27% (0.482678), test_f1: 21.70% (0.217030)
Epoch 22 completed in 23.47 seconds (0.39 minutes)
>>>>>>>>>>>>>>>>>>>>>>>>>>>>>>>>>>>>>>>>>>>>>>>>>>>>>>>>>>>>>>>>>>>>>>>>>>>>>>>>>>>>>>>>>>>>>>>>>>>>
epoch: 23
Batch 0 completed in 0.25 seconds (0.00 minutes)
loss: 1.062432, val_acc: 48.44% (0.484439), val_f1: 21.76% (0.217563), test_acc: 48.27% (0.482678), test_f1: 21.70% (0.217030)
Epoch 23 completed in 23.26 seconds (0.39 minutes)
>>>>>>>>>>>>>>>>>>>>>>>>>>>>>>>>>>>>>>>>>>>>>>>>>>>>>>>>>>>>>>>>>>>>>>>>>>>>>>>>>>>>>>>>>>>>>>>>>>>>
epoch: 24
Batch 0 completed in 0.25 seconds (0.00 minutes)
loss: 1.045844, val_acc: 48.44% (0.484439), val_f1: 21.76% (0.217563), test_acc: 48.27% (0.482678), test_f1: 21.70% (0.217030)
Epoch 24 completed in 23.03 seconds (0.38 minutes)
>>>>>>>>>>>>>>>>>>>>>>>>>>>>>>>>>>>>>>>>>>>>>>>>>>>>>>>>>>>>>>>>>>>>>>>>>>>>>>>>>>>>>>>>>>>>>>>>>>>>
epoch: 25
Batch 0 completed in 0.25 seconds (0.00 minutes)
loss: 1.055128, val_acc: 48.44% (0.484439), val_f1: 21.76% (0.217563), test_acc: 48.27% (0.482678), test_f1: 21.70% (0.217030)
Epoch 25 completed in 23.36 seconds (0.39 minutes)
>>>>>>>>>>>>>>>>>>>>>>>>>>>>>>>>>>>>>>>>>>>>>>>>>>>>>>>>>>>>>>>>>>>>>>>>>>>>>>>>>>>>>>>>>>>>>>>>>>>>
epoch: 26
Batch 0 completed in 0.25 seconds (0.00 minutes)
loss: 1.008972, val_acc: 48.44% (0.484439), val_f1: 21.76% (0.217563), test_acc: 48.27% (0.482678), test_f1: 21.70% (0.217030)
Epoch 26 completed in 23.45 seconds (0.39 minutes)
>>>>>>>>>>>>>>>>>>>>>>>>>>>>>>>>>>>>>>>>>>>>>>>>>>>>>>>>>>>>>>>>>>>>>>>>>>>>>>>>>>>>>>>>>>>>>>>>>>>>
epoch: 27
Batch 0 completed in 0.25 seconds (0.00 minutes)
loss: 1.058322, val_acc: 48.44% (0.484439), val_f1: 21.76% (0.217563), test_acc: 48.27% (0.482678), test_f1: 21.70% (0.217030)
Epoch 27 completed in 23.21 seconds (0.39 minutes)
>>>>>>>>>>>>>>>>>>>>>>>>>>>>>>>>>>>>>>>>>>>>>>>>>>>>>>>>>>>>>>>>>>>>>>>>>>>>>>>>>>>>>>>>>>>>>>>>>>>>
epoch: 28
Batch 0 completed in 0.25 seconds (0.00 minutes)
loss: 1.056820, val_acc: 48.44% (0.484439), val_f1: 21.76% (0.217563), test_acc: 48.27% (0.482678), test_f1: 21.70% (0.217030)
Epoch 28 completed in 23.05 seconds (0.38 minutes)
>>>>>>>>>>>>>>>>>>>>>>>>>>>>>>>>>>>>>>>>>>>>>>>>>>>>>>>>>>>>>>>>>>>>>>>>>>>>>>>>>>>>>>>>>>>>>>>>>>>>
epoch: 29
Batch 0 completed in 0.25 seconds (0.00 minutes)
loss: 1.037363, val_acc: 48.44% (0.484439), val_f1: 21.76% (0.217563), test_acc: 48.27% (0.482678), test_f1: 21.70% (0.217030)
Epoch 29 completed in 23.26 seconds (0.39 minutes)
>>>>>>>>>>>>>>>>>>>>>>>>>>>>>>>>>>>>>>>>>>>>>>>>>>>>>>>>>>>>>>>>>>>>>>>>>>>>>>>>>>>>>>>>>>>>>>>>>>>>
epoch: 30
Batch 0 completed in 0.25 seconds (0.00 minutes)
loss: 1.070242, val_acc: 48.44% (0.484439), val_f1: 21.76% (0.217563), test_acc: 48.27% (0.482678), test_f1: 21.70% (0.217030)
Epoch 30 completed in 23.37 seconds (0.39 minutes)
>>>>>>>>>>>>>>>>>>>>>>>>>>>>>>>>>>>>>>>>>>>>>>>>>>>>>>>>>>>>>>>>>>>>>>>>>>>>>>>>>>>>>>>>>>>>>>>>>>>>
epoch: 31
Batch 0 completed in 0.25 seconds (0.00 minutes)
loss: 1.063422, val_acc: 48.44% (0.484439), val_f1: 21.76% (0.217563), test_acc: 48.27% (0.482678), test_f1: 21.70% (0.217030)
Epoch 31 completed in 23.21 seconds (0.39 minutes)
>>>>>>>>>>>>>>>>>>>>>>>>>>>>>>>>>>>>>>>>>>>>>>>>>>>>>>>>>>>>>>>>>>>>>>>>>>>>>>>>>>>>>>>>>>>>>>>>>>>>
epoch: 32
Batch 0 completed in 0.25 seconds (0.00 minutes)
loss: 1.029752, val_acc: 48.44% (0.484439), val_f1: 21.76% (0.217563), test_acc: 48.27% (0.482678), test_f1: 21.70% (0.217030)
Epoch 32 completed in 23.16 seconds (0.39 minutes)
>>>>>>>>>>>>>>>>>>>>>>>>>>>>>>>>>>>>>>>>>>>>>>>>>>>>>>>>>>>>>>>>>>>>>>>>>>>>>>>>>>>>>>>>>>>>>>>>>>>>
epoch: 33
Batch 0 completed in 0.25 seconds (0.00 minutes)
loss: 1.023239, val_acc: 48.44% (0.484439), val_f1: 21.76% (0.217563), test_acc: 48.27% (0.482678), test_f1: 21.70% (0.217030)
Epoch 33 completed in 23.77 seconds (0.40 minutes)
>>>>>>>>>>>>>>>>>>>>>>>>>>>>>>>>>>>>>>>>>>>>>>>>>>>>>>>>>>>>>>>>>>>>>>>>>>>>>>>>>>>>>>>>>>>>>>>>>>>>
epoch: 34
Batch 0 completed in 0.25 seconds (0.00 minutes)
loss: 1.034294, val_acc: 48.44% (0.484439), val_f1: 21.76% (0.217563), test_acc: 48.27% (0.482678), test_f1: 21.70% (0.217030)
Epoch 34 completed in 23.23 seconds (0.39 minutes)
>>>>>>>>>>>>>>>>>>>>>>>>>>>>>>>>>>>>>>>>>>>>>>>>>>>>>>>>>>>>>>>>>>>>>>>>>>>>>>>>>>>>>>>>>>>>>>>>>>>>
epoch: 35
Batch 0 completed in 0.25 seconds (0.00 minutes)
loss: 1.055313, val_acc: 48.44% (0.484439), val_f1: 21.76% (0.217563), test_acc: 48.27% (0.482678), test_f1: 21.70% (0.217030)
Epoch 35 completed in 23.02 seconds (0.38 minutes)
>>>>>>>>>>>>>>>>>>>>>>>>>>>>>>>>>>>>>>>>>>>>>>>>>>>>>>>>>>>>>>>>>>>>>>>>>>>>>>>>>>>>>>>>>>>>>>>>>>>>
epoch: 36
Batch 0 completed in 0.25 seconds (0.00 minutes)
loss: 1.032201, val_acc: 48.44% (0.484439), val_f1: 21.76% (0.217563), test_acc: 48.27% (0.482678), test_f1: 21.70% (0.217030)
Epoch 36 completed in 23.38 seconds (0.39 minutes)
>>>>>>>>>>>>>>>>>>>>>>>>>>>>>>>>>>>>>>>>>>>>>>>>>>>>>>>>>>>>>>>>>>>>>>>>>>>>>>>>>>>>>>>>>>>>>>>>>>>>
epoch: 37
Batch 0 completed in 0.25 seconds (0.00 minutes)
loss: 1.040192, val_acc: 48.44% (0.484439), val_f1: 21.76% (0.217563), test_acc: 48.27% (0.482678), test_f1: 21.70% (0.217030)
Epoch 37 completed in 23.48 seconds (0.39 minutes)
>>>>>>>>>>>>>>>>>>>>>>>>>>>>>>>>>>>>>>>>>>>>>>>>>>>>>>>>>>>>>>>>>>>>>>>>>>>>>>>>>>>>>>>>>>>>>>>>>>>>
epoch: 38
Batch 0 completed in 0.25 seconds (0.00 minutes)
loss: 1.039937, val_acc: 48.44% (0.484439), val_f1: 21.76% (0.217563), test_acc: 48.27% (0.482678), test_f1: 21.70% (0.217030)
Epoch 38 completed in 23.17 seconds (0.39 minutes)
>>>>>>>>>>>>>>>>>>>>>>>>>>>>>>>>>>>>>>>>>>>>>>>>>>>>>>>>>>>>>>>>>>>>>>>>>>>>>>>>>>>>>>>>>>>>>>>>>>>>
epoch: 39
Batch 0 completed in 0.25 seconds (0.00 minutes)
loss: 1.111260, val_acc: 48.44% (0.484439), val_f1: 21.76% (0.217563), test_acc: 48.27% (0.482678), test_f1: 21.70% (0.217030)
Epoch 39 completed in 23.09 seconds (0.38 minutes)
>>>>>>>>>>>>>>>>>>>>>>>>>>>>>>>>>>>>>>>>>>>>>>>>>>>>>>>>>>>>>>>>>>>>>>>>>>>>>>>>>>>>>>>>>>>>>>>>>>>>
epoch: 40
Batch 0 completed in 0.25 seconds (0.00 minutes)
loss: 1.042405, val_acc: 48.44% (0.484439), val_f1: 21.76% (0.217563), test_acc: 48.27% (0.482678), test_f1: 21.70% (0.217030)
Epoch 40 completed in 23.34 seconds (0.39 minutes)
>>>>>>>>>>>>>>>>>>>>>>>>>>>>>>>>>>>>>>>>>>>>>>>>>>>>>>>>>>>>>>>>>>>>>>>>>>>>>>>>>>>>>>>>>>>>>>>>>>>>
epoch: 41
Batch 0 completed in 0.25 seconds (0.00 minutes)
loss: 1.056178, val_acc: 48.44% (0.484439), val_f1: 21.76% (0.217563), test_acc: 48.27% (0.482678), test_f1: 21.70% (0.217030)
Epoch 41 completed in 23.36 seconds (0.39 minutes)
>>>>>>>>>>>>>>>>>>>>>>>>>>>>>>>>>>>>>>>>>>>>>>>>>>>>>>>>>>>>>>>>>>>>>>>>>>>>>>>>>>>>>>>>>>>>>>>>>>>>
epoch: 42
Batch 0 completed in 0.25 seconds (0.00 minutes)
loss: 1.030559, val_acc: 48.44% (0.484439), val_f1: 21.76% (0.217563), test_acc: 48.27% (0.482678), test_f1: 21.70% (0.217030)
Epoch 42 completed in 23.17 seconds (0.39 minutes)
>>>>>>>>>>>>>>>>>>>>>>>>>>>>>>>>>>>>>>>>>>>>>>>>>>>>>>>>>>>>>>>>>>>>>>>>>>>>>>>>>>>>>>>>>>>>>>>>>>>>
epoch: 43
Batch 0 completed in 0.25 seconds (0.00 minutes)
loss: 1.040294, val_acc: 48.44% (0.484439), val_f1: 21.76% (0.217563), test_acc: 48.27% (0.482678), test_f1: 21.70% (0.217030)
Epoch 43 completed in 23.10 seconds (0.38 minutes)
>>>>>>>>>>>>>>>>>>>>>>>>>>>>>>>>>>>>>>>>>>>>>>>>>>>>>>>>>>>>>>>>>>>>>>>>>>>>>>>>>>>>>>>>>>>>>>>>>>>>
epoch: 44
Batch 0 completed in 0.25 seconds (0.00 minutes)
loss: 1.057434, val_acc: 48.44% (0.484439), val_f1: 21.76% (0.217563), test_acc: 48.27% (0.482678), test_f1: 21.70% (0.217030)
Epoch 44 completed in 23.50 seconds (0.39 minutes)
>>>>>>>>>>>>>>>>>>>>>>>>>>>>>>>>>>>>>>>>>>>>>>>>>>>>>>>>>>>>>>>>>>>>>>>>>>>>>>>>>>>>>>>>>>>>>>>>>>>>
epoch: 45
Batch 0 completed in 0.25 seconds (0.00 minutes)
loss: 1.072127, val_acc: 48.44% (0.484439), val_f1: 21.76% (0.217563), test_acc: 48.27% (0.482678), test_f1: 21.70% (0.217030)
Epoch 45 completed in 23.24 seconds (0.39 minutes)
>>>>>>>>>>>>>>>>>>>>>>>>>>>>>>>>>>>>>>>>>>>>>>>>>>>>>>>>>>>>>>>>>>>>>>>>>>>>>>>>>>>>>>>>>>>>>>>>>>>>
epoch: 46
Batch 0 completed in 0.25 seconds (0.00 minutes)
loss: 1.035078, val_acc: 48.44% (0.484439), val_f1: 21.76% (0.217563), test_acc: 48.27% (0.482678), test_f1: 21.70% (0.217030)
Epoch 46 completed in 23.03 seconds (0.38 minutes)
>>>>>>>>>>>>>>>>>>>>>>>>>>>>>>>>>>>>>>>>>>>>>>>>>>>>>>>>>>>>>>>>>>>>>>>>>>>>>>>>>>>>>>>>>>>>>>>>>>>>
epoch: 47
Batch 0 completed in 0.25 seconds (0.00 minutes)
loss: 0.996909, val_acc: 48.44% (0.484439), val_f1: 21.76% (0.217563), test_acc: 48.27% (0.482678), test_f1: 21.70% (0.217030)
Epoch 47 completed in 23.42 seconds (0.39 minutes)
>>>>>>>>>>>>>>>>>>>>>>>>>>>>>>>>>>>>>>>>>>>>>>>>>>>>>>>>>>>>>>>>>>>>>>>>>>>>>>>>>>>>>>>>>>>>>>>>>>>>
epoch: 48
Batch 0 completed in 0.25 seconds (0.00 minutes)
loss: 1.054172, val_acc: 48.44% (0.484439), val_f1: 21.76% (0.217563), test_acc: 48.27% (0.482678), test_f1: 21.70% (0.217030)
Epoch 48 completed in 23.49 seconds (0.39 minutes)
>>>>>>>>>>>>>>>>>>>>>>>>>>>>>>>>>>>>>>>>>>>>>>>>>>>>>>>>>>>>>>>>>>>>>>>>>>>>>>>>>>>>>>>>>>>>>>>>>>>>
epoch: 49
Batch 0 completed in 0.25 seconds (0.00 minutes)
loss: 1.025692, val_acc: 48.44% (0.484439), val_f1: 21.76% (0.217563), test_acc: 48.27% (0.482678), test_f1: 21.70% (0.217030)
Epoch 49 completed in 23.11 seconds (0.39 minutes)
>>>>>>>>>>>>>>>>>>>>>>>>>>>>>>>>>>>>>>>>>>>>>>>>>>>>>>>>>>>>>>>>>>>>>>>>>>>>>>>>>>>>>>>>>>>>>>>>>>>>
epoch: 50
Batch 0 completed in 0.25 seconds (0.00 minutes)
loss: 1.064232, val_acc: 48.44% (0.484439), val_f1: 21.76% (0.217563), test_acc: 48.27% (0.482678), test_f1: 21.70% (0.217030)
Epoch 50 completed in 23.13 seconds (0.39 minutes)
>>>>>>>>>>>>>>>>>>>>>>>>>>>>>>>>>>>>>>>>>>>>>>>>>>>>>>>>>>>>>>>>>>>>>>>>>>>>>>>>>>>>>>>>>>>>>>>>>>>>
epoch: 51
Batch 0 completed in 0.25 seconds (0.00 minutes)
loss: 1.069711, val_acc: 48.44% (0.484439), val_f1: 21.76% (0.217563), test_acc: 48.27% (0.482678), test_f1: 21.70% (0.217030)
Epoch 51 completed in 23.36 seconds (0.39 minutes)
>>>>>>>>>>>>>>>>>>>>>>>>>>>>>>>>>>>>>>>>>>>>>>>>>>>>>>>>>>>>>>>>>>>>>>>>>>>>>>>>>>>>>>>>>>>>>>>>>>>>
epoch: 52
Batch 0 completed in 0.25 seconds (0.00 minutes)
loss: 1.055666, val_acc: 48.44% (0.484439), val_f1: 21.76% (0.217563), test_acc: 48.27% (0.482678), test_f1: 21.70% (0.217030)
Epoch 52 completed in 23.31 seconds (0.39 minutes)
>>>>>>>>>>>>>>>>>>>>>>>>>>>>>>>>>>>>>>>>>>>>>>>>>>>>>>>>>>>>>>>>>>>>>>>>>>>>>>>>>>>>>>>>>>>>>>>>>>>>
epoch: 53
Batch 0 completed in 0.25 seconds (0.00 minutes)
loss: 1.039858, val_acc: 48.44% (0.484439), val_f1: 21.76% (0.217563), test_acc: 48.27% (0.482678), test_f1: 21.70% (0.217030)
Epoch 53 completed in 23.13 seconds (0.39 minutes)
>>>>>>>>>>>>>>>>>>>>>>>>>>>>>>>>>>>>>>>>>>>>>>>>>>>>>>>>>>>>>>>>>>>>>>>>>>>>>>>>>>>>>>>>>>>>>>>>>>>>
epoch: 54
Batch 0 completed in 0.25 seconds (0.00 minutes)
loss: 1.008503, val_acc: 48.44% (0.484439), val_f1: 21.76% (0.217563), test_acc: 48.27% (0.482678), test_f1: 21.70% (0.217030)
Epoch 54 completed in 23.12 seconds (0.39 minutes)
>>>>>>>>>>>>>>>>>>>>>>>>>>>>>>>>>>>>>>>>>>>>>>>>>>>>>>>>>>>>>>>>>>>>>>>>>>>>>>>>>>>>>>>>>>>>>>>>>>>>
epoch: 55
Batch 0 completed in 0.25 seconds (0.00 minutes)
loss: 1.046718, val_acc: 48.44% (0.484439), val_f1: 21.76% (0.217563), test_acc: 48.27% (0.482678), test_f1: 21.70% (0.217030)
Epoch 55 completed in 23.49 seconds (0.39 minutes)
>>>>>>>>>>>>>>>>>>>>>>>>>>>>>>>>>>>>>>>>>>>>>>>>>>>>>>>>>>>>>>>>>>>>>>>>>>>>>>>>>>>>>>>>>>>>>>>>>>>>
epoch: 56
Batch 0 completed in 0.25 seconds (0.00 minutes)
loss: 1.035173, val_acc: 48.44% (0.484439), val_f1: 21.76% (0.217563), test_acc: 48.27% (0.482678), test_f1: 21.70% (0.217030)
Epoch 56 completed in 23.19 seconds (0.39 minutes)
>>>>>>>>>>>>>>>>>>>>>>>>>>>>>>>>>>>>>>>>>>>>>>>>>>>>>>>>>>>>>>>>>>>>>>>>>>>>>>>>>>>>>>>>>>>>>>>>>>>>
epoch: 57
Batch 0 completed in 0.25 seconds (0.00 minutes)
loss: 1.045322, val_acc: 48.44% (0.484439), val_f1: 21.76% (0.217563), test_acc: 48.27% (0.482678), test_f1: 21.70% (0.217030)
Epoch 57 completed in 23.02 seconds (0.38 minutes)
>>>>>>>>>>>>>>>>>>>>>>>>>>>>>>>>>>>>>>>>>>>>>>>>>>>>>>>>>>>>>>>>>>>>>>>>>>>>>>>>>>>>>>>>>>>>>>>>>>>>
epoch: 58
Batch 0 completed in 0.25 seconds (0.00 minutes)
loss: 1.032570, val_acc: 48.44% (0.484439), val_f1: 21.76% (0.217563), test_acc: 48.27% (0.482678), test_f1: 21.70% (0.217030)
Epoch 58 completed in 23.43 seconds (0.39 minutes)
>>>>>>>>>>>>>>>>>>>>>>>>>>>>>>>>>>>>>>>>>>>>>>>>>>>>>>>>>>>>>>>>>>>>>>>>>>>>>>>>>>>>>>>>>>>>>>>>>>>>
epoch: 59
Batch 0 completed in 0.25 seconds (0.00 minutes)
loss: 1.042364, val_acc: 48.44% (0.484439), val_f1: 21.76% (0.217563), test_acc: 48.27% (0.482678), test_f1: 21.70% (0.217030)
Epoch 59 completed in 23.46 seconds (0.39 minutes)
>>>>>>>>>>>>>>>>>>>>>>>>>>>>>>>>>>>>>>>>>>>>>>>>>>>>>>>>>>>>>>>>>>>>>>>>>>>>>>>>>>>>>>>>>>>>>>>>>>>>
epoch: 60
Batch 0 completed in 0.25 seconds (0.00 minutes)
loss: 1.029593, val_acc: 48.44% (0.484439), val_f1: 21.76% (0.217563), test_acc: 48.27% (0.482678), test_f1: 21.70% (0.217030)
Epoch 60 completed in 23.12 seconds (0.39 minutes)
>>>>>>>>>>>>>>>>>>>>>>>>>>>>>>>>>>>>>>>>>>>>>>>>>>>>>>>>>>>>>>>>>>>>>>>>>>>>>>>>>>>>>>>>>>>>>>>>>>>>
epoch: 61
Batch 0 completed in 0.25 seconds (0.00 minutes)
loss: 1.047823, val_acc: 48.44% (0.484439), val_f1: 21.76% (0.217563), test_acc: 48.27% (0.482678), test_f1: 21.70% (0.217030)
Epoch 61 completed in 23.14 seconds (0.39 minutes)
>>>>>>>>>>>>>>>>>>>>>>>>>>>>>>>>>>>>>>>>>>>>>>>>>>>>>>>>>>>>>>>>>>>>>>>>>>>>>>>>>>>>>>>>>>>>>>>>>>>>
epoch: 62
Batch 0 completed in 0.25 seconds (0.00 minutes)
loss: 1.064051, val_acc: 48.44% (0.484439), val_f1: 21.76% (0.217563), test_acc: 48.27% (0.482678), test_f1: 21.70% (0.217030)
Epoch 62 completed in 23.40 seconds (0.39 minutes)
>>>>>>>>>>>>>>>>>>>>>>>>>>>>>>>>>>>>>>>>>>>>>>>>>>>>>>>>>>>>>>>>>>>>>>>>>>>>>>>>>>>>>>>>>>>>>>>>>>>>
epoch: 63
Batch 0 completed in 0.25 seconds (0.00 minutes)
loss: 1.034549, val_acc: 48.44% (0.484439), val_f1: 21.76% (0.217563), test_acc: 48.27% (0.482678), test_f1: 21.70% (0.217030)
Epoch 63 completed in 23.26 seconds (0.39 minutes)
>>>>>>>>>>>>>>>>>>>>>>>>>>>>>>>>>>>>>>>>>>>>>>>>>>>>>>>>>>>>>>>>>>>>>>>>>>>>>>>>>>>>>>>>>>>>>>>>>>>>
epoch: 64
Batch 0 completed in 0.25 seconds (0.00 minutes)
loss: 1.064222, val_acc: 48.44% (0.484439), val_f1: 21.76% (0.217563), test_acc: 48.27% (0.482678), test_f1: 21.70% (0.217030)
Epoch 64 completed in 23.12 seconds (0.39 minutes)
>>>>>>>>>>>>>>>>>>>>>>>>>>>>>>>>>>>>>>>>>>>>>>>>>>>>>>>>>>>>>>>>>>>>>>>>>>>>>>>>>>>>>>>>>>>>>>>>>>>>
epoch: 65
Batch 0 completed in 0.25 seconds (0.00 minutes)
loss: 1.048250, val_acc: 48.44% (0.484439), val_f1: 21.76% (0.217563), test_acc: 48.27% (0.482678), test_f1: 21.70% (0.217030)
Epoch 65 completed in 23.21 seconds (0.39 minutes)
>>>>>>>>>>>>>>>>>>>>>>>>>>>>>>>>>>>>>>>>>>>>>>>>>>>>>>>>>>>>>>>>>>>>>>>>>>>>>>>>>>>>>>>>>>>>>>>>>>>>
epoch: 66
Batch 0 completed in 0.25 seconds (0.00 minutes)
loss: 1.030853, val_acc: 48.44% (0.484439), val_f1: 21.76% (0.217563), test_acc: 48.27% (0.482678), test_f1: 21.70% (0.217030)
Epoch 66 completed in 23.47 seconds (0.39 minutes)
>>>>>>>>>>>>>>>>>>>>>>>>>>>>>>>>>>>>>>>>>>>>>>>>>>>>>>>>>>>>>>>>>>>>>>>>>>>>>>>>>>>>>>>>>>>>>>>>>>>>
epoch: 67
Batch 0 completed in 0.25 seconds (0.00 minutes)
loss: 1.077326, val_acc: 48.44% (0.484439), val_f1: 21.76% (0.217563), test_acc: 48.27% (0.482678), test_f1: 21.70% (0.217030)
Epoch 67 completed in 23.15 seconds (0.39 minutes)
>>>>>>>>>>>>>>>>>>>>>>>>>>>>>>>>>>>>>>>>>>>>>>>>>>>>>>>>>>>>>>>>>>>>>>>>>>>>>>>>>>>>>>>>>>>>>>>>>>>>
epoch: 68
Batch 0 completed in 0.25 seconds (0.00 minutes)
loss: 1.076371, val_acc: 48.44% (0.484439), val_f1: 21.76% (0.217563), test_acc: 48.27% (0.482678), test_f1: 21.70% (0.217030)
Epoch 68 completed in 23.05 seconds (0.38 minutes)
>>>>>>>>>>>>>>>>>>>>>>>>>>>>>>>>>>>>>>>>>>>>>>>>>>>>>>>>>>>>>>>>>>>>>>>>>>>>>>>>>>>>>>>>>>>>>>>>>>>>
epoch: 69
Batch 0 completed in 0.25 seconds (0.00 minutes)
loss: 1.041568, val_acc: 48.44% (0.484439), val_f1: 21.76% (0.217563), test_acc: 48.27% (0.482678), test_f1: 21.70% (0.217030)
Epoch 69 completed in 23.44 seconds (0.39 minutes)
RESULT: Max Val F1: 0.217563, Max Test F1: 0.217030
Training complete. Generating confusion matrix on the test set.
Confusion matrix saved to /home/rgg2706/Multimodal-Sentiment-Analysis/Logs/DMLAN/2025-02-04/sub-4/002_Feb-04-2025_01:49_PM/confusion_matrix.png
Reading TensorBoard loss at each epoch:
Available tags: {'images': [], 'audio': [], 'histograms': [], 'scalars': ['Loss/train', 'Loss/val'], 'distributions': [], 'tensors': [], 'graph': False, 'meta_graph': False, 'run_metadata': []}
Output File: /home/rgg2706/Multimodal-Sentiment-Analysis/Logs/DMLAN/2025-02-04/sub-4/002_Feb-04-2025_01:49_PM/trainval_loss_curves.png
Training and validation loss curves saved to /home/rgg2706/Multimodal-Sentiment-Analysis/Logs/DMLAN/2025-02-04/sub-4/002_Feb-04-2025_01:49_PM/trainval_loss_curves.png
Total Completion Time: 29.41 minutes. (0.49 hours) 
