SLURM Job ID: 19853512
Number of GPUs available: 1
Python PATH: ['/home/rgg2706/Multimodal-Sentiment-Analysis/Models/SIMPLE-F3/src', '/home/rgg2706/Multimodal-Sentiment-Analysis', '/Models/SIMPLE-F3/src', '/.autofs/tools/spack/var/spack/environments/default-nlp-x86_64-24072401/.spack-env/._view/wtxwc3mlkmzy7fbaxlum2674jarpitc2/lib/python311.zip', '/.autofs/tools/spack/var/spack/environments/default-nlp-x86_64-24072401/.spack-env/._view/wtxwc3mlkmzy7fbaxlum2674jarpitc2/lib/python3.11', '/.autofs/tools/spack/var/spack/environments/default-nlp-x86_64-24072401/.spack-env/._view/wtxwc3mlkmzy7fbaxlum2674jarpitc2/lib/python3.11/lib-dynload', '/.autofs/tools/spack/var/spack/environments/default-nlp-x86_64-24072401/.spack-env/._view/wtxwc3mlkmzy7fbaxlum2674jarpitc2/lib/python3.11/site-packages']
Logs directory: /home/rgg2706/Multimodal-Sentiment-Analysis/Logs/SIMPLE-F3/2025-02-14/sub-1/011_Feb-14-2025_02:37_PM
> training arguments:
>>> rand_seed: 8
>>> model_fusion: multiattfusion
>>> dataset: mvsa-mts-v3
>>> optimizer: <class 'torch.optim.adam.Adam'>
>>> initializer: <function xavier_uniform_ at 0x7f0d9bdcd440>
>>> learning_rate: 0.001
>>> dropout_rate: 0.5
>>> weight_decay: 0.0
>>> num_layers: 3
>>> num_epoch: 100
>>> batch_size: 64
>>> log_step: 60
>>> max_seq_len: 20
>>> polarities_dim: 3
>>> clip_grad: 5.0
>>> path_image: ./images
>>> crop_size: 224
>>> n_head: 8
>>> hidden_dim: 256
>>> num_classes: 3
>>> log_dir: /home/rgg2706/Multimodal-Sentiment-Analysis/Logs/SIMPLE-F3/2025-02-14/sub-1/011_Feb-14-2025_02:37_PM
>>> counter: 0
>>> model_class: <class 'models.multiattfusion.MultiAttFusion'>
Loading dataset 'mvsa-mts-v3':
  Train path: Datasets/MVSA-MTS/mvsa-mts-v3/train.tsv
  Validation path: Datasets/MVSA-MTS/mvsa-mts-v3/val.tsv
  Test path: Datasets//MVSA-MTS/mvsa-mts-v3/test.tsv
-------------- Loading Datasets/MVSA-MTS/mvsa-mts-v3/train.tsv ---------------
[DEBUG] index: 706
[DEBUG] raw_text: PC Party, #Youth, #Education,Opportunity,#RenewableResources, Proudly #Canada's PCs #elxn42 http://t.co/NSwTddCHS8
[DEBUG] text_length: 9
[DEBUG] polarity: 2
[DEBUG] first 10 input_ids: [101, 7473, 2283, 1010, 1001, 3360, 1010, 1001, 2495, 1010]
---
[DEBUG] index: 2699
[DEBUG] raw_text: Running through the 6 wit my woes #ComeTogether #BlueJays #inthe6
[DEBUG] text_length: 10
[DEBUG] polarity: 1
[DEBUG] first 10 input_ids: [101, 2770, 2083, 1996, 1020, 15966, 2026, 24185, 2229, 1001]
---
[DEBUG] index: 15657
[DEBUG] raw_text: #TruckTuesday | | support@innovativeautoworx.com | 403.242.2767 | #Trucks #YYC #Calgary | http://t.co/ruwEqCd3LT
[DEBUG] text_length: 12
[DEBUG] polarity: 0
[DEBUG] first 10 input_ids: [101, 1001, 4744, 8525, 2229, 10259, 1064, 1064, 2490, 1030]
---
[DEBUG] index: 13219
[DEBUG] raw_text: I dont even care how ridiculous this looks #OTRAToronto is officially tomorrow and I am more than ready @onedirection
[DEBUG] text_length: 19
[DEBUG] polarity: 0
[DEBUG] first 10 input_ids: [101, 1045, 2123, 2102, 2130, 2729, 2129, 9951, 2023, 3504]
---
[DEBUG] index: 12053
[DEBUG] raw_text: #Automotive alert: Manufacturing Controls... | Nexteer Automotive | #Saginaw, MI #Auto http://t.co/En5uQ7JZDL
[DEBUG] text_length: 12
[DEBUG] polarity: 2
[DEBUG] first 10 input_ids: [101, 1001, 12945, 9499, 1024, 5814, 7711, 1012, 1012, 1012]
---
Time taken to load Datasets/MVSA-MTS/mvsa-mts-v3/train.tsv: 267.46 seconds (4.46 minutes)
Train classes: [0, 1, 2], count=3
[DEBUG] Train label distribution:
{0: 3522, 1: 3468, 2: 6631}
-------------- Loading Datasets/MVSA-MTS/mvsa-mts-v3/val.tsv ---------------
[DEBUG] index: 18681
[DEBUG] raw_text: ***Steven thinking about the life he just left behind with his beloved, Sam. Should he have stayed?...to be continued
[DEBUG] text_length: 19
[DEBUG] polarity: 2
[DEBUG] first 10 input_ids: [101, 1008, 1008, 1008, 7112, 3241, 2055, 1996, 2166, 2002]
---
[DEBUG] index: 16242
[DEBUG] raw_text: Thanks for an amazing summer #yyc,53 organizations engaged youth in 350 projects to contribute 20000 volunteer hours!
[DEBUG] text_length: 17
[DEBUG] polarity: 2
[DEBUG] first 10 input_ids: [101, 4283, 2005, 2019, 6429, 2621, 1001, 1061, 2100, 2278]
---
[DEBUG] index: 9628
[DEBUG] raw_text: HSR fares go up on Tuesday. Tickets (new issue) are $2.15. Don't be overcharged! #HamOnt #HSR https://t.co/zBxyTmcy1o
[DEBUG] text_length: 17
[DEBUG] polarity: 1
[DEBUG] first 10 input_ids: [101, 26236, 2099, 27092, 2175, 2039, 2006, 9857, 1012, 9735]
---
[DEBUG] index: 6350
[DEBUG] raw_text: @Calum5SOS just saw this on my Instagram feed and instantly thought of you #JetBlackHeart #ShesKindaHotVMA
[DEBUG] text_length: 15
[DEBUG] polarity: 0
[DEBUG] first 10 input_ids: [101, 1030, 10250, 2819, 2629, 17063, 2074, 2387, 2023, 2006]
---
[DEBUG] index: 17705
[DEBUG] raw_text: #selfiefornash @Nashgrier You've helped me get through the rough times Nash. I love you ????????
[DEBUG] text_length: 15
[DEBUG] polarity: 1
[DEBUG] first 10 input_ids: [101, 1001, 2969, 2666, 29278, 11649, 2232, 1030, 10594, 16523]
---
Time taken to load Datasets/MVSA-MTS/mvsa-mts-v3/val.tsv: 31.86 seconds (0.53 minutes)
Val classes: [0, 1, 2], count=3
[DEBUG] Val label distribution:
{0: 436, 1: 442, 2: 825}
[DEBUG] Computed class_weights = [1.2891349792480469, 1.3092080354690552, 0.6847132444381714]
-------------- Loading Datasets//MVSA-MTS/mvsa-mts-v3/test.tsv ---------------
[DEBUG] index: 14949
[DEBUG] raw_text: Candid shot at #Montreal @FetishWeekend. #smile latex: @HWD_Latex #iLoveBiancaMondays http://t.co/eDaoHprlRP
[DEBUG] text_length: 10
[DEBUG] polarity: 2
[DEBUG] first 10 input_ids: [101, 27467, 2094, 2915, 2012, 1001, 5548, 1030, 10768, 24788]
---
[DEBUG] index: 9542
[DEBUG] raw_text: #hamont stop by and help out Lynwood Hall raise some founds with a car wash! #lynwoodhallcarwash #machealth
[DEBUG] text_length: 17
[DEBUG] polarity: 0
[DEBUG] first 10 input_ids: [101, 1001, 10654, 12162, 2644, 2011, 1998, 2393, 2041, 1048]
---
[DEBUG] index: 6309
[DEBUG] raw_text: EVEN MY NEICE WANTS TO VOTE #ShesKindaHotVMA
[DEBUG] text_length: 7
[DEBUG] polarity: 2
[DEBUG] first 10 input_ids: [101, 2130, 2026, 11265, 6610, 4122, 2000, 3789, 1001, 2016]
---
[DEBUG] index: 17974
[DEBUG] raw_text: Looks like I'm going alone ????
[DEBUG] text_length: 6
[DEBUG] polarity: 2
[DEBUG] first 10 input_ids: [101, 3504, 2066, 1045, 1005, 1049, 2183, 2894, 1029, 1029]
---
[DEBUG] index: 14882
[DEBUG] raw_text: Here it comes!! @comedynest Sept 24-26 Call 514-932-6378 for reservations! #derekseguin #comedy #montreal #fun
[DEBUG] text_length: 14
[DEBUG] polarity: 2
[DEBUG] first 10 input_ids: [101, 2182, 2009, 3310, 999, 999, 1030, 4038, 5267, 2102]
---
Time taken to load Datasets//MVSA-MTS/mvsa-mts-v3/test.tsv: 31.44 seconds (0.52 minutes)
Test classes: [0, 1, 2], count=3
[DEBUG] Test label distribution:
{0: 450, 1: 431, 2: 822}
[DEBUG] 95th percentile sequence length across all splits: 20.00
Total Training Samples: 17027
Number of Training Samples: 13621
Number of Validation Samples: 1703
Number of Test Samples: 1703
Number of unique sentiment classes: 3
Building model
1
n_trainable_params: 54024195, n_nontrainable_params: 0
>>>>>>>>>>>>>>>>>>>>>>>>>>>>>>>>>>>>>>>>>>>>>>>>>>>>>>>>>>>>>>>>>>>>>>>>>>>>>>>>>>>>>>>>>>>>>>>>>>>>
epoch: 0
[DEBUG] Sample predictions in evaluate:  tensor([1, 1, 1, 1, 1, 1, 1, 1, 1, 1], device='cuda:0')
[DEBUG] outputs.shape: torch.Size([64, 3])
[DEBUG] Sample of raw logits (first 5):
tensor([[-0.0317,  0.0111, -0.0253],
        [-0.0112,  0.0089, -0.0364],
        [-0.0352, -0.0029, -0.0329],
        [-0.0281,  0.0006, -0.0402],
        [-0.0359, -0.0169, -0.0353]], device='cuda:0',
       grad_fn=<SliceBackward0>)
[DEBUG] Sample of predicted probabilities (first 5):
tensor([[0.3279, 0.3422, 0.3300],
        [0.3338, 0.3406, 0.3255],
        [0.3295, 0.3403, 0.3302],
        [0.3314, 0.3411, 0.3275],
        [0.3312, 0.3375, 0.3313]], device='cuda:0', grad_fn=<SliceBackward0>)
Batch 0 completed in 0.75 seconds (0.01 minutes)
New best val_f1: 0.217563 (previous best: 0.000000)
loss: 1.098215, val_acc: 48.44% (0.484439), val_f1: 21.76% (0.217563), test_acc: 48.27% (0.482678), test_f1: 21.70% (0.217030)
Batch 60 completed in 0.17 seconds (0.00 minutes)
New best val_f1: 0.230772 (previous best: 0.217563)
loss: 1.175742, val_acc: 30.95% (0.309454), val_f1: 23.08% (0.230772), test_acc: 29.95% (0.299472), test_f1: 22.65% (0.226508)
Batch 120 completed in 0.17 seconds (0.00 minutes)
New best val_f1: 0.275240 (previous best: 0.230772)
loss: 1.185814, val_acc: 36.41% (0.364063), val_f1: 27.52% (0.275240), test_acc: 39.58% (0.395772), test_f1: 29.98% (0.299813)
Batch 180 completed in 0.17 seconds (0.00 minutes)
New best val_f1: 0.399035 (previous best: 0.275240)
loss: 1.179045, val_acc: 41.10% (0.411039), val_f1: 39.90% (0.399035), test_acc: 39.05% (0.390487), test_f1: 37.57% (0.375656)
Epoch 0 completed in 59.24 seconds (0.99 minutes)
>>>>>>>>>>>>>>>>>>>>>>>>>>>>>>>>>>>>>>>>>>>>>>>>>>>>>>>>>>>>>>>>>>>>>>>>>>>>>>>>>>>>>>>>>>>>>>>>>>>>
epoch: 1
Batch 0 completed in 0.17 seconds (0.00 minutes)
loss: 1.151450, val_acc: 45.04% (0.450382), val_f1: 32.62% (0.326239), test_acc: 47.33% (0.473282), test_f1: 34.78% (0.347752)
Batch 60 completed in 0.17 seconds (0.00 minutes)
loss: 1.044377, val_acc: 45.51% (0.455079), val_f1: 34.36% (0.343632), test_acc: 44.74% (0.447446), test_f1: 33.82% (0.338237)
Batch 120 completed in 0.17 seconds (0.00 minutes)
loss: 1.299878, val_acc: 32.35% (0.323547), val_f1: 24.42% (0.244206), test_acc: 33.47% (0.334703), test_f1: 25.36% (0.253593)
Batch 180 completed in 0.17 seconds (0.00 minutes)
loss: 1.109530, val_acc: 32.53% (0.325308), val_f1: 31.50% (0.315036), test_acc: 35.76% (0.357604), test_f1: 34.79% (0.347915)
Epoch 1 completed in 58.77 seconds (0.98 minutes)
>>>>>>>>>>>>>>>>>>>>>>>>>>>>>>>>>>>>>>>>>>>>>>>>>>>>>>>>>>>>>>>>>>>>>>>>>>>>>>>>>>>>>>>>>>>>>>>>>>>>
epoch: 2
Batch 0 completed in 0.17 seconds (0.00 minutes)
loss: 1.249813, val_acc: 48.68% (0.486788), val_f1: 35.04% (0.350436), test_acc: 50.09% (0.500881), test_f1: 36.48% (0.364817)
Batch 60 completed in 0.17 seconds (0.00 minutes)
loss: 1.116137, val_acc: 26.72% (0.267176), val_f1: 16.69% (0.166866), test_acc: 25.95% (0.259542), test_f1: 16.05% (0.160509)
Batch 120 completed in 0.17 seconds (0.00 minutes)
loss: 1.347658, val_acc: 29.18% (0.291838), val_f1: 25.96% (0.259644), test_acc: 29.77% (0.297710), test_f1: 26.69% (0.266868)
Batch 180 completed in 0.17 seconds (0.00 minutes)
loss: 1.148714, val_acc: 45.27% (0.452730), val_f1: 34.61% (0.346055), test_acc: 48.27% (0.482678), test_f1: 36.77% (0.367728)
Epoch 2 completed in 59.04 seconds (0.98 minutes)
>>>>>>>>>>>>>>>>>>>>>>>>>>>>>>>>>>>>>>>>>>>>>>>>>>>>>>>>>>>>>>>>>>>>>>>>>>>>>>>>>>>>>>>>>>>>>>>>>>>>
epoch: 3
Batch 0 completed in 0.17 seconds (0.00 minutes)
loss: 1.229116, val_acc: 44.33% (0.443335), val_f1: 34.06% (0.340630), test_acc: 45.80% (0.458015), test_f1: 35.05% (0.350525)
Batch 60 completed in 0.17 seconds (0.00 minutes)
loss: 1.333079, val_acc: 37.46% (0.374633), val_f1: 37.43% (0.374331), test_acc: 39.58% (0.395772), test_f1: 39.48% (0.394789)
Batch 120 completed in 0.17 seconds (0.00 minutes)
loss: 1.063079, val_acc: 48.09% (0.480916), val_f1: 37.47% (0.374685), test_acc: 49.97% (0.499706), test_f1: 38.73% (0.387347)
Batch 180 completed in 0.17 seconds (0.00 minutes)
loss: 1.100841, val_acc: 49.27% (0.492660), val_f1: 36.18% (0.361832), test_acc: 49.91% (0.499119), test_f1: 36.84% (0.368368)
Epoch 3 completed in 58.72 seconds (0.98 minutes)
>>>>>>>>>>>>>>>>>>>>>>>>>>>>>>>>>>>>>>>>>>>>>>>>>>>>>>>>>>>>>>>>>>>>>>>>>>>>>>>>>>>>>>>>>>>>>>>>>>>>
epoch: 4
Batch 0 completed in 0.17 seconds (0.00 minutes)
loss: 1.081576, val_acc: 50.32% (0.503230), val_f1: 34.94% (0.349446), test_acc: 50.32% (0.503230), test_f1: 34.95% (0.349499)
Batch 60 completed in 0.17 seconds (0.00 minutes)
loss: 1.151644, val_acc: 30.18% (0.301820), val_f1: 24.72% (0.247239), test_acc: 29.89% (0.298884), test_f1: 24.80% (0.248026)
Batch 120 completed in 0.17 seconds (0.00 minutes)
loss: 1.253358, val_acc: 26.48% (0.264827), val_f1: 15.65% (0.156511), test_acc: 25.90% (0.258955), test_f1: 15.46% (0.154649)
Batch 180 completed in 0.17 seconds (0.00 minutes)
loss: 1.030250, val_acc: 31.88% (0.318849), val_f1: 25.89% (0.258887), test_acc: 31.47% (0.314739), test_f1: 25.40% (0.253977)
Epoch 4 completed in 59.08 seconds (0.98 minutes)
>>>>>>>>>>>>>>>>>>>>>>>>>>>>>>>>>>>>>>>>>>>>>>>>>>>>>>>>>>>>>>>>>>>>>>>>>>>>>>>>>>>>>>>>>>>>>>>>>>>>
epoch: 5
Batch 0 completed in 0.17 seconds (0.00 minutes)
loss: 1.298272, val_acc: 50.21% (0.502055), val_f1: 29.91% (0.299109), test_acc: 49.44% (0.494422), test_f1: 29.12% (0.291220)
Batch 60 completed in 0.17 seconds (0.00 minutes)
loss: 1.024317, val_acc: 30.48% (0.304756), val_f1: 23.00% (0.230046), test_acc: 29.89% (0.298884), test_f1: 22.25% (0.222456)
Batch 120 completed in 0.17 seconds (0.00 minutes)
loss: 1.302531, val_acc: 38.99% (0.389900), val_f1: 32.74% (0.327386), test_acc: 38.23% (0.382267), test_f1: 31.84% (0.318410)
Batch 180 completed in 0.17 seconds (0.00 minutes)
loss: 1.049208, val_acc: 41.34% (0.413388), val_f1: 31.80% (0.318017), test_acc: 42.40% (0.423958), test_f1: 32.49% (0.324921)
Epoch 5 completed in 58.93 seconds (0.98 minutes)
>>>>>>>>>>>>>>>>>>>>>>>>>>>>>>>>>>>>>>>>>>>>>>>>>>>>>>>>>>>>>>>>>>>>>>>>>>>>>>>>>>>>>>>>>>>>>>>>>>>>
epoch: 6
Batch 0 completed in 0.17 seconds (0.00 minutes)
loss: 1.059471, val_acc: 30.53% (0.305344), val_f1: 20.95% (0.209500), test_acc: 31.12% (0.311216), test_f1: 22.19% (0.221910)
Batch 60 completed in 0.17 seconds (0.00 minutes)
loss: 1.033405, val_acc: 49.38% (0.493834), val_f1: 26.88% (0.268825), test_acc: 48.62% (0.486201), test_f1: 25.92% (0.259249)
Batch 120 completed in 0.17 seconds (0.00 minutes)
loss: 1.025555, val_acc: 29.71% (0.297123), val_f1: 19.58% (0.195807), test_acc: 31.59% (0.315913), test_f1: 21.25% (0.212506)
Batch 180 completed in 0.17 seconds (0.00 minutes)
loss: 1.097466, val_acc: 48.44% (0.484439), val_f1: 35.66% (0.356569), test_acc: 49.74% (0.497358), test_f1: 36.97% (0.369715)
Epoch 6 completed in 59.36 seconds (0.99 minutes)
>>>>>>>>>>>>>>>>>>>>>>>>>>>>>>>>>>>>>>>>>>>>>>>>>>>>>>>>>>>>>>>>>>>>>>>>>>>>>>>>>>>>>>>>>>>>>>>>>>>>
epoch: 7
Batch 0 completed in 0.17 seconds (0.00 minutes)
loss: 1.126662, val_acc: 26.95% (0.269524), val_f1: 16.70% (0.167013), test_acc: 25.84% (0.258368), test_f1: 15.83% (0.158290)
Batch 60 completed in 0.17 seconds (0.00 minutes)
loss: 1.147393, val_acc: 30.36% (0.303582), val_f1: 27.25% (0.272464), test_acc: 32.53% (0.325308), test_f1: 29.18% (0.291839)
Batch 120 completed in 0.17 seconds (0.00 minutes)
loss: 0.977638, val_acc: 43.69% (0.436876), val_f1: 38.53% (0.385283), test_acc: 43.39% (0.433940), test_f1: 37.43% (0.374271)
Batch 180 completed in 0.16 seconds (0.00 minutes)
loss: 1.185426, val_acc: 38.11% (0.381092), val_f1: 29.02% (0.290167), test_acc: 40.46% (0.404580), test_f1: 30.68% (0.306831)
Epoch 7 completed in 59.38 seconds (0.99 minutes)
>>>>>>>>>>>>>>>>>>>>>>>>>>>>>>>>>>>>>>>>>>>>>>>>>>>>>>>>>>>>>>>>>>>>>>>>>>>>>>>>>>>>>>>>>>>>>>>>>>>>
epoch: 8
Batch 0 completed in 0.17 seconds (0.00 minutes)
loss: 1.136995, val_acc: 48.44% (0.484439), val_f1: 21.76% (0.217563), test_acc: 48.27% (0.482678), test_f1: 21.70% (0.217030)
Batch 60 completed in 0.17 seconds (0.00 minutes)
loss: 1.211715, val_acc: 49.15% (0.491486), val_f1: 26.36% (0.263626), test_acc: 48.74% (0.487375), test_f1: 25.88% (0.258776)
Batch 120 completed in 0.17 seconds (0.00 minutes)
loss: 1.056557, val_acc: 26.54% (0.265414), val_f1: 14.68% (0.146790), test_acc: 26.19% (0.261891), test_f1: 15.02% (0.150158)
Batch 180 completed in 0.17 seconds (0.00 minutes)
loss: 1.372042, val_acc: 26.31% (0.263065), val_f1: 15.51% (0.155147), test_acc: 25.78% (0.257780), test_f1: 15.26% (0.152591)
Epoch 8 completed in 59.13 seconds (0.99 minutes)
>>>>>>>>>>>>>>>>>>>>>>>>>>>>>>>>>>>>>>>>>>>>>>>>>>>>>>>>>>>>>>>>>>>>>>>>>>>>>>>>>>>>>>>>>>>>>>>>>>>>
epoch: 9
Batch 0 completed in 0.17 seconds (0.00 minutes)
loss: 1.548528, val_acc: 27.72% (0.277158), val_f1: 22.10% (0.220971), test_acc: 28.89% (0.288902), test_f1: 24.23% (0.242317)
Batch 60 completed in 0.17 seconds (0.00 minutes)
loss: 1.136002, val_acc: 42.81% (0.428068), val_f1: 32.78% (0.327815), test_acc: 45.04% (0.450382), test_f1: 34.41% (0.344069)
Batch 120 completed in 0.17 seconds (0.00 minutes)
loss: 1.120944, val_acc: 49.50% (0.495009), val_f1: 31.18% (0.311779), test_acc: 47.15% (0.471521), test_f1: 28.40% (0.284022)
Batch 180 completed in 0.17 seconds (0.00 minutes)
loss: 1.140225, val_acc: 40.34% (0.403406), val_f1: 38.94% (0.389374), test_acc: 43.45% (0.434527), test_f1: 41.19% (0.411871)
Epoch 9 completed in 58.85 seconds (0.98 minutes)
>>>>>>>>>>>>>>>>>>>>>>>>>>>>>>>>>>>>>>>>>>>>>>>>>>>>>>>>>>>>>>>>>>>>>>>>>>>>>>>>>>>>>>>>>>>>>>>>>>>>
epoch: 10
Batch 0 completed in 0.17 seconds (0.00 minutes)
loss: 1.194738, val_acc: 34.47% (0.344686), val_f1: 32.71% (0.327122), test_acc: 37.11% (0.371110), test_f1: 35.30% (0.353037)
Batch 60 completed in 0.17 seconds (0.00 minutes)
loss: 1.095487, val_acc: 46.33% (0.463300), val_f1: 26.60% (0.265979), test_acc: 47.33% (0.473282), test_f1: 28.28% (0.282823)
Batch 120 completed in 0.17 seconds (0.00 minutes)
loss: 1.129656, val_acc: 38.70% (0.386964), val_f1: 38.37% (0.383671), test_acc: 38.87% (0.388726), test_f1: 38.86% (0.388575)
Batch 180 completed in 0.17 seconds (0.00 minutes)
loss: 1.174539, val_acc: 42.98% (0.429830), val_f1: 36.35% (0.363487), test_acc: 43.22% (0.432179), test_f1: 36.02% (0.360199)
Epoch 10 completed in 58.65 seconds (0.98 minutes)
>>>>>>>>>>>>>>>>>>>>>>>>>>>>>>>>>>>>>>>>>>>>>>>>>>>>>>>>>>>>>>>>>>>>>>>>>>>>>>>>>>>>>>>>>>>>>>>>>>>>
epoch: 11
Batch 0 completed in 0.17 seconds (0.00 minutes)
loss: 1.290629, val_acc: 48.50% (0.485026), val_f1: 23.05% (0.230504), test_acc: 48.56% (0.485614), test_f1: 23.55% (0.235459)
Batch 60 completed in 0.17 seconds (0.00 minutes)
loss: 1.073965, val_acc: 27.72% (0.277158), val_f1: 23.72% (0.237219), test_acc: 28.71% (0.287140), test_f1: 24.41% (0.244057)
Batch 120 completed in 0.17 seconds (0.00 minutes)
loss: 1.079670, val_acc: 48.80% (0.487962), val_f1: 22.71% (0.227131), test_acc: 48.33% (0.483265), test_f1: 22.00% (0.220046)
Batch 180 completed in 0.17 seconds (0.00 minutes)
loss: 1.162347, val_acc: 37.76% (0.377569), val_f1: 32.83% (0.328313), test_acc: 38.52% (0.385203), test_f1: 32.60% (0.325982)
Epoch 11 completed in 58.78 seconds (0.98 minutes)
>>>>>>>>>>>>>>>>>>>>>>>>>>>>>>>>>>>>>>>>>>>>>>>>>>>>>>>>>>>>>>>>>>>>>>>>>>>>>>>>>>>>>>>>>>>>>>>>>>>>
epoch: 12
Batch 0 completed in 0.17 seconds (0.00 minutes)
loss: 1.081798, val_acc: 49.03% (0.490311), val_f1: 30.11% (0.301079), test_acc: 49.21% (0.492073), test_f1: 30.40% (0.304032)
Batch 60 completed in 0.17 seconds (0.00 minutes)
loss: 1.233246, val_acc: 26.01% (0.260129), val_f1: 13.82% (0.138245), test_acc: 25.48% (0.254844), test_f1: 13.80% (0.137991)
Batch 120 completed in 0.17 seconds (0.00 minutes)
loss: 1.101087, val_acc: 26.66% (0.266588), val_f1: 20.16% (0.201634), test_acc: 26.42% (0.264240), test_f1: 20.00% (0.200023)
Batch 180 completed in 0.17 seconds (0.00 minutes)
loss: 1.129957, val_acc: 26.31% (0.263065), val_f1: 14.75% (0.147536), test_acc: 26.95% (0.269524), test_f1: 14.92% (0.149211)
Epoch 12 completed in 59.05 seconds (0.98 minutes)
>>>>>>>>>>>>>>>>>>>>>>>>>>>>>>>>>>>>>>>>>>>>>>>>>>>>>>>>>>>>>>>>>>>>>>>>>>>>>>>>>>>>>>>>>>>>>>>>>>>>
epoch: 13
Batch 0 completed in 0.17 seconds (0.00 minutes)
loss: 1.135189, val_acc: 25.72% (0.257193), val_f1: 13.89% (0.138855), test_acc: 27.13% (0.271286), test_f1: 14.98% (0.149822)
Batch 60 completed in 0.17 seconds (0.00 minutes)
loss: 1.119572, val_acc: 48.91% (0.489137), val_f1: 24.71% (0.247114), test_acc: 48.56% (0.485614), test_f1: 24.31% (0.243055)
Batch 120 completed in 0.17 seconds (0.00 minutes)
loss: 1.185745, val_acc: 48.80% (0.487962), val_f1: 23.29% (0.232855), test_acc: 48.50% (0.485026), test_f1: 22.88% (0.228796)
Batch 180 completed in 0.17 seconds (0.00 minutes)
loss: 1.204194, val_acc: 39.87% (0.398708), val_f1: 30.60% (0.305974), test_acc: 42.04% (0.420435), test_f1: 32.14% (0.321364)
Epoch 13 completed in 59.09 seconds (0.98 minutes)
>>>>>>>>>>>>>>>>>>>>>>>>>>>>>>>>>>>>>>>>>>>>>>>>>>>>>>>>>>>>>>>>>>>>>>>>>>>>>>>>>>>>>>>>>>>>>>>>>>>>
epoch: 14
Batch 0 completed in 0.17 seconds (0.00 minutes)
loss: 1.355549, val_acc: 44.22% (0.442161), val_f1: 32.39% (0.323859), test_acc: 45.27% (0.452730), test_f1: 33.14% (0.331390)
Batch 60 completed in 0.17 seconds (0.00 minutes)
loss: 1.234996, val_acc: 25.60% (0.256019), val_f1: 13.59% (0.135889), test_acc: 26.42% (0.264240), test_f1: 13.93% (0.139340)
Batch 120 completed in 0.17 seconds (0.00 minutes)
loss: 1.189089, val_acc: 28.24% (0.282443), val_f1: 18.03% (0.180290), test_acc: 30.30% (0.302995), test_f1: 19.78% (0.197843)
Batch 180 completed in 0.17 seconds (0.00 minutes)
loss: 1.044866, val_acc: 27.19% (0.271873), val_f1: 17.94% (0.179391), test_acc: 26.48% (0.264827), test_f1: 17.36% (0.173633)
Epoch 14 completed in 58.85 seconds (0.98 minutes)
>>>>>>>>>>>>>>>>>>>>>>>>>>>>>>>>>>>>>>>>>>>>>>>>>>>>>>>>>>>>>>>>>>>>>>>>>>>>>>>>>>>>>>>>>>>>>>>>>>>>
epoch: 15
Batch 0 completed in 0.17 seconds (0.00 minutes)
loss: 1.091054, val_acc: 27.83% (0.278332), val_f1: 21.77% (0.217679), test_acc: 27.54% (0.275396), test_f1: 22.00% (0.220019)
Batch 60 completed in 0.17 seconds (0.00 minutes)
loss: 1.132017, val_acc: 25.95% (0.259542), val_f1: 13.74% (0.137374), test_acc: 25.31% (0.253083), test_f1: 13.46% (0.134645)
Batch 120 completed in 0.17 seconds (0.00 minutes)
loss: 1.281683, val_acc: 27.66% (0.276571), val_f1: 20.61% (0.206062), test_acc: 29.59% (0.295948), test_f1: 22.26% (0.222607)
Batch 180 completed in 0.17 seconds (0.00 minutes)
loss: 1.121354, val_acc: 25.72% (0.257193), val_f1: 14.00% (0.139968), test_acc: 27.01% (0.270112), test_f1: 14.88% (0.148773)
Epoch 15 completed in 58.01 seconds (0.97 minutes)
>>>>>>>>>>>>>>>>>>>>>>>>>>>>>>>>>>>>>>>>>>>>>>>>>>>>>>>>>>>>>>>>>>>>>>>>>>>>>>>>>>>>>>>>>>>>>>>>>>>>
epoch: 16
Batch 0 completed in 0.17 seconds (0.00 minutes)
loss: 1.093511, val_acc: 26.19% (0.261891), val_f1: 14.78% (0.147833), test_acc: 25.60% (0.256019), test_f1: 14.74% (0.147424)
Batch 60 completed in 0.17 seconds (0.00 minutes)
loss: 1.105423, val_acc: 25.60% (0.256019), val_f1: 13.59% (0.135889), test_acc: 26.42% (0.264240), test_f1: 13.93% (0.139340)
Batch 120 completed in 0.17 seconds (0.00 minutes)
loss: 1.175746, val_acc: 27.30% (0.273048), val_f1: 18.26% (0.182580), test_acc: 26.07% (0.260716), test_f1: 16.94% (0.169356)
Batch 180 completed in 0.17 seconds (0.00 minutes)
loss: 1.148509, val_acc: 25.95% (0.259542), val_f1: 13.74% (0.137374), test_acc: 25.31% (0.253083), test_f1: 13.46% (0.134645)
Epoch 16 completed in 58.42 seconds (0.97 minutes)
>>>>>>>>>>>>>>>>>>>>>>>>>>>>>>>>>>>>>>>>>>>>>>>>>>>>>>>>>>>>>>>>>>>>>>>>>>>>>>>>>>>>>>>>>>>>>>>>>>>>
epoch: 17
Batch 0 completed in 0.17 seconds (0.00 minutes)
loss: 1.124758, val_acc: 42.28% (0.422783), val_f1: 30.74% (0.307364), test_acc: 40.75% (0.407516), test_f1: 30.71% (0.307063)
Batch 60 completed in 0.17 seconds (0.00 minutes)
loss: 1.114120, val_acc: 27.54% (0.275396), val_f1: 18.19% (0.181946), test_acc: 25.84% (0.258368), test_f1: 16.51% (0.165078)
Batch 120 completed in 0.17 seconds (0.00 minutes)
loss: 1.126909, val_acc: 36.35% (0.363476), val_f1: 27.85% (0.278513), test_acc: 40.63% (0.406342), test_f1: 31.05% (0.310550)
Batch 180 completed in 0.17 seconds (0.00 minutes)
loss: 1.059106, val_acc: 27.36% (0.273635), val_f1: 21.61% (0.216055), test_acc: 27.42% (0.274222), test_f1: 21.58% (0.215805)
Epoch 17 completed in 58.40 seconds (0.97 minutes)
>>>>>>>>>>>>>>>>>>>>>>>>>>>>>>>>>>>>>>>>>>>>>>>>>>>>>>>>>>>>>>>>>>>>>>>>>>>>>>>>>>>>>>>>>>>>>>>>>>>>
epoch: 18
Batch 0 completed in 0.17 seconds (0.00 minutes)
loss: 1.177578, val_acc: 27.25% (0.272460), val_f1: 23.43% (0.234315), test_acc: 29.83% (0.298297), test_f1: 26.32% (0.263183)
Batch 60 completed in 0.17 seconds (0.00 minutes)
loss: 1.164995, val_acc: 46.68% (0.466823), val_f1: 32.40% (0.324007), test_acc: 46.27% (0.462713), test_f1: 31.31% (0.313060)
Batch 120 completed in 0.16 seconds (0.00 minutes)
loss: 1.196814, val_acc: 48.50% (0.485026), val_f1: 21.92% (0.219175), test_acc: 48.39% (0.483852), test_f1: 22.17% (0.221668)
Batch 180 completed in 0.17 seconds (0.00 minutes)
loss: 1.101491, val_acc: 48.97% (0.489724), val_f1: 24.84% (0.248367), test_acc: 48.85% (0.488550), test_f1: 24.62% (0.246173)
Epoch 18 completed in 58.21 seconds (0.97 minutes)
>>>>>>>>>>>>>>>>>>>>>>>>>>>>>>>>>>>>>>>>>>>>>>>>>>>>>>>>>>>>>>>>>>>>>>>>>>>>>>>>>>>>>>>>>>>>>>>>>>>>
epoch: 19
Batch 0 completed in 0.17 seconds (0.00 minutes)
loss: 1.153562, val_acc: 46.80% (0.467998), val_f1: 30.90% (0.309008), test_acc: 48.97% (0.489724), test_f1: 33.56% (0.335620)
Batch 60 completed in 0.17 seconds (0.00 minutes)
loss: 1.229427, val_acc: 26.07% (0.260716), val_f1: 14.40% (0.144048), test_acc: 27.13% (0.271286), test_f1: 14.98% (0.149822)
Batch 120 completed in 0.17 seconds (0.00 minutes)
loss: 1.280010, val_acc: 31.24% (0.312390), val_f1: 22.29% (0.222930), test_acc: 34.41% (0.344099), test_f1: 25.11% (0.251102)
Batch 180 completed in 0.16 seconds (0.00 minutes)
loss: 1.031652, val_acc: 25.60% (0.256019), val_f1: 13.60% (0.135953), test_acc: 26.37% (0.263652), test_f1: 13.92% (0.139225)
Epoch 19 completed in 58.50 seconds (0.97 minutes)
>>>>>>>>>>>>>>>>>>>>>>>>>>>>>>>>>>>>>>>>>>>>>>>>>>>>>>>>>>>>>>>>>>>>>>>>>>>>>>>>>>>>>>>>>>>>>>>>>>>>
epoch: 20
Batch 0 completed in 0.17 seconds (0.00 minutes)
loss: 1.115390, val_acc: 25.90% (0.258955), val_f1: 16.22% (0.162163), test_acc: 26.78% (0.267763), test_f1: 16.20% (0.161969)
Batch 60 completed in 0.17 seconds (0.00 minutes)
loss: 1.075131, val_acc: 48.44% (0.484439), val_f1: 21.76% (0.217563), test_acc: 48.21% (0.482090), test_f1: 21.69% (0.216852)
Batch 120 completed in 0.17 seconds (0.00 minutes)
loss: 1.128848, val_acc: 48.44% (0.484439), val_f1: 21.76% (0.217563), test_acc: 48.27% (0.482678), test_f1: 21.70% (0.217030)
Batch 180 completed in 0.17 seconds (0.00 minutes)
loss: 1.104537, val_acc: 25.72% (0.257193), val_f1: 14.02% (0.140239), test_acc: 26.95% (0.269524), test_f1: 14.85% (0.148456)
Epoch 20 completed in 58.94 seconds (0.98 minutes)
>>>>>>>>>>>>>>>>>>>>>>>>>>>>>>>>>>>>>>>>>>>>>>>>>>>>>>>>>>>>>>>>>>>>>>>>>>>>>>>>>>>>>>>>>>>>>>>>>>>>
epoch: 21
Batch 0 completed in 0.17 seconds (0.00 minutes)
loss: 1.199624, val_acc: 25.95% (0.259542), val_f1: 13.74% (0.137374), test_acc: 25.31% (0.253083), test_f1: 13.46% (0.134645)
Batch 60 completed in 0.17 seconds (0.00 minutes)
loss: 1.138285, val_acc: 26.54% (0.265414), val_f1: 22.83% (0.228341), test_acc: 28.77% (0.287728), test_f1: 24.82% (0.248226)
Batch 120 completed in 0.17 seconds (0.00 minutes)
loss: 1.120500, val_acc: 26.07% (0.260716), val_f1: 13.91% (0.139114), test_acc: 25.48% (0.254844), test_f1: 13.79% (0.137873)
Batch 180 completed in 0.17 seconds (0.00 minutes)
loss: 1.276201, val_acc: 45.98% (0.459777), val_f1: 29.79% (0.297930), test_acc: 45.16% (0.451556), test_f1: 28.97% (0.289662)
Epoch 21 completed in 58.94 seconds (0.98 minutes)
>>>>>>>>>>>>>>>>>>>>>>>>>>>>>>>>>>>>>>>>>>>>>>>>>>>>>>>>>>>>>>>>>>>>>>>>>>>>>>>>>>>>>>>>>>>>>>>>>>>>
epoch: 22
Batch 0 completed in 0.17 seconds (0.00 minutes)
loss: 1.162068, val_acc: 26.60% (0.266001), val_f1: 19.24% (0.192370), test_acc: 26.31% (0.263065), test_f1: 18.45% (0.184524)
Batch 60 completed in 0.17 seconds (0.00 minutes)
loss: 1.093897, val_acc: 27.60% (0.275984), val_f1: 24.38% (0.243775), test_acc: 29.54% (0.295361), test_f1: 26.25% (0.262467)
Batch 120 completed in 0.17 seconds (0.00 minutes)
loss: 1.123310, val_acc: 27.60% (0.275984), val_f1: 21.05% (0.210530), test_acc: 28.71% (0.287140), test_f1: 21.55% (0.215500)
Batch 180 completed in 0.17 seconds (0.00 minutes)
loss: 1.209538, val_acc: 48.44% (0.484439), val_f1: 21.76% (0.217563), test_acc: 48.27% (0.482678), test_f1: 21.71% (0.217116)
Epoch 22 completed in 58.01 seconds (0.97 minutes)
>>>>>>>>>>>>>>>>>>>>>>>>>>>>>>>>>>>>>>>>>>>>>>>>>>>>>>>>>>>>>>>>>>>>>>>>>>>>>>>>>>>>>>>>>>>>>>>>>>>>
epoch: 23
Batch 0 completed in 0.17 seconds (0.00 minutes)
loss: 1.195885, val_acc: 25.95% (0.259542), val_f1: 13.74% (0.137374), test_acc: 25.31% (0.253083), test_f1: 13.46% (0.134645)
Batch 60 completed in 0.17 seconds (0.00 minutes)
loss: 1.186239, val_acc: 28.66% (0.286553), val_f1: 24.96% (0.249554), test_acc: 28.89% (0.288902), test_f1: 24.97% (0.249675)
Batch 120 completed in 0.17 seconds (0.00 minutes)
loss: 1.341983, val_acc: 26.13% (0.261304), val_f1: 14.18% (0.141812), test_acc: 25.60% (0.256019), test_f1: 13.90% (0.138992)
Batch 180 completed in 0.17 seconds (0.00 minutes)
loss: 1.164479, val_acc: 25.66% (0.256606), val_f1: 13.79% (0.137941), test_acc: 26.42% (0.264240), test_f1: 14.14% (0.141439)
Epoch 23 completed in 58.60 seconds (0.98 minutes)
>>>>>>>>>>>>>>>>>>>>>>>>>>>>>>>>>>>>>>>>>>>>>>>>>>>>>>>>>>>>>>>>>>>>>>>>>>>>>>>>>>>>>>>>>>>>>>>>>>>>
epoch: 24
Batch 0 completed in 0.17 seconds (0.00 minutes)
loss: 1.194075, val_acc: 26.07% (0.260716), val_f1: 13.98% (0.139835), test_acc: 25.60% (0.256019), test_f1: 14.17% (0.141747)
Batch 60 completed in 0.17 seconds (0.00 minutes)
loss: 1.157855, val_acc: 26.78% (0.267763), val_f1: 15.40% (0.153955), test_acc: 26.60% (0.266001), test_f1: 15.58% (0.155805)
Batch 120 completed in 0.17 seconds (0.00 minutes)
loss: 1.085404, val_acc: 26.25% (0.262478), val_f1: 14.29% (0.142924), test_acc: 25.90% (0.258955), test_f1: 14.45% (0.144527)
Batch 180 completed in 0.17 seconds (0.00 minutes)
loss: 1.173519, val_acc: 26.83% (0.268350), val_f1: 15.41% (0.154058), test_acc: 27.89% (0.278920), test_f1: 16.08% (0.160828)
Epoch 24 completed in 58.68 seconds (0.98 minutes)
>>>>>>>>>>>>>>>>>>>>>>>>>>>>>>>>>>>>>>>>>>>>>>>>>>>>>>>>>>>>>>>>>>>>>>>>>>>>>>>>>>>>>>>>>>>>>>>>>>>>
epoch: 25
Batch 0 completed in 0.17 seconds (0.00 minutes)
loss: 1.371134, val_acc: 48.44% (0.484439), val_f1: 21.76% (0.217563), test_acc: 48.27% (0.482678), test_f1: 21.70% (0.217030)
Batch 60 completed in 0.17 seconds (0.00 minutes)
loss: 1.165763, val_acc: 28.07% (0.280681), val_f1: 25.11% (0.251135), test_acc: 30.01% (0.300059), test_f1: 27.61% (0.276059)
Batch 120 completed in 0.17 seconds (0.00 minutes)
loss: 1.080495, val_acc: 42.81% (0.428068), val_f1: 31.53% (0.315272), test_acc: 47.03% (0.470346), test_f1: 34.80% (0.347989)
Batch 180 completed in 0.17 seconds (0.00 minutes)
loss: 1.088432, val_acc: 27.89% (0.278920), val_f1: 23.34% (0.233437), test_acc: 29.24% (0.292425), test_f1: 24.93% (0.249303)
Epoch 25 completed in 58.94 seconds (0.98 minutes)
>>>>>>>>>>>>>>>>>>>>>>>>>>>>>>>>>>>>>>>>>>>>>>>>>>>>>>>>>>>>>>>>>>>>>>>>>>>>>>>>>>>>>>>>>>>>>>>>>>>>
epoch: 26
Batch 0 completed in 0.17 seconds (0.00 minutes)
loss: 1.175178, val_acc: 38.40% (0.384028), val_f1: 29.88% (0.298788), test_acc: 40.58% (0.405755), test_f1: 31.22% (0.312248)
Batch 60 completed in 0.16 seconds (0.00 minutes)
loss: 1.077595, val_acc: 37.70% (0.376982), val_f1: 28.96% (0.289645), test_acc: 40.99% (0.409865), test_f1: 31.38% (0.313835)
Batch 120 completed in 0.17 seconds (0.00 minutes)
loss: 1.134128, val_acc: 48.91% (0.489137), val_f1: 30.35% (0.303507), test_acc: 48.21% (0.482090), test_f1: 30.29% (0.302929)
Batch 180 completed in 0.17 seconds (0.00 minutes)
loss: 1.075242, val_acc: 25.95% (0.259542), val_f1: 13.74% (0.137374), test_acc: 25.31% (0.253083), test_f1: 13.46% (0.134645)
Epoch 26 completed in 58.92 seconds (0.98 minutes)
>>>>>>>>>>>>>>>>>>>>>>>>>>>>>>>>>>>>>>>>>>>>>>>>>>>>>>>>>>>>>>>>>>>>>>>>>>>>>>>>>>>>>>>>>>>>>>>>>>>>
epoch: 27
Batch 0 completed in 0.17 seconds (0.00 minutes)
loss: 1.166901, val_acc: 25.72% (0.257193), val_f1: 14.05% (0.140531), test_acc: 26.42% (0.264240), test_f1: 14.25% (0.142508)
Batch 60 completed in 0.17 seconds (0.00 minutes)
loss: 0.957876, val_acc: 25.90% (0.258955), val_f1: 13.72% (0.137191), test_acc: 25.31% (0.253083), test_f1: 13.48% (0.134835)
Batch 120 completed in 0.17 seconds (0.00 minutes)
loss: 1.062602, val_acc: 48.91% (0.489137), val_f1: 30.44% (0.304352), test_acc: 47.33% (0.473282), test_f1: 29.61% (0.296097)
Batch 180 completed in 0.17 seconds (0.00 minutes)
loss: 1.092106, val_acc: 48.39% (0.483852), val_f1: 21.74% (0.217386), test_acc: 48.27% (0.482678), test_f1: 21.70% (0.217030)
Epoch 27 completed in 57.98 seconds (0.97 minutes)
>>>>>>>>>>>>>>>>>>>>>>>>>>>>>>>>>>>>>>>>>>>>>>>>>>>>>>>>>>>>>>>>>>>>>>>>>>>>>>>>>>>>>>>>>>>>>>>>>>>>
epoch: 28
Batch 0 completed in 0.17 seconds (0.00 minutes)
loss: 1.179505, val_acc: 30.24% (0.302408), val_f1: 21.08% (0.210792), test_acc: 31.18% (0.311803), test_f1: 21.51% (0.215125)
Batch 60 completed in 0.17 seconds (0.00 minutes)
loss: 1.173789, val_acc: 48.03% (0.480329), val_f1: 25.05% (0.250514), test_acc: 48.09% (0.480916), test_f1: 24.76% (0.247567)
Batch 120 completed in 0.17 seconds (0.00 minutes)
loss: 1.254928, val_acc: 26.13% (0.261304), val_f1: 18.30% (0.182992), test_acc: 26.48% (0.264827), test_f1: 17.70% (0.177005)
Batch 180 completed in 0.17 seconds (0.00 minutes)
loss: 1.079983, val_acc: 46.92% (0.469172), val_f1: 32.46% (0.324589), test_acc: 45.92% (0.459190), test_f1: 31.63% (0.316250)
Epoch 28 completed in 58.55 seconds (0.98 minutes)
>>>>>>>>>>>>>>>>>>>>>>>>>>>>>>>>>>>>>>>>>>>>>>>>>>>>>>>>>>>>>>>>>>>>>>>>>>>>>>>>>>>>>>>>>>>>>>>>>>>>
epoch: 29
Batch 0 completed in 0.17 seconds (0.00 minutes)
loss: 1.173981, val_acc: 31.53% (0.315326), val_f1: 22.76% (0.227558), test_acc: 32.94% (0.329419), test_f1: 23.88% (0.238820)
Batch 60 completed in 0.16 seconds (0.00 minutes)
loss: 1.084455, val_acc: 31.77% (0.317675), val_f1: 23.22% (0.232242), test_acc: 32.35% (0.323547), test_f1: 23.53% (0.235329)
Batch 120 completed in 0.17 seconds (0.00 minutes)
loss: 1.350856, val_acc: 27.48% (0.274809), val_f1: 17.85% (0.178476), test_acc: 26.37% (0.263652), test_f1: 16.74% (0.167418)
Batch 180 completed in 0.17 seconds (0.00 minutes)
loss: 1.078166, val_acc: 48.68% (0.486788), val_f1: 27.20% (0.272034), test_acc: 48.74% (0.487375), test_f1: 26.57% (0.265666)
Epoch 29 completed in 58.75 seconds (0.98 minutes)
>>>>>>>>>>>>>>>>>>>>>>>>>>>>>>>>>>>>>>>>>>>>>>>>>>>>>>>>>>>>>>>>>>>>>>>>>>>>>>>>>>>>>>>>>>>>>>>>>>>>
epoch: 30
Batch 0 completed in 0.17 seconds (0.00 minutes)
loss: 1.119553, val_acc: 40.93% (0.409278), val_f1: 30.52% (0.305181), test_acc: 39.58% (0.395772), test_f1: 29.45% (0.294503)
Batch 60 completed in 0.17 seconds (0.00 minutes)
loss: 1.079187, val_acc: 46.39% (0.463887), val_f1: 33.02% (0.330201), test_acc: 45.10% (0.450969), test_f1: 31.89% (0.318931)
Batch 120 completed in 0.17 seconds (0.00 minutes)
loss: 1.145210, val_acc: 36.99% (0.369935), val_f1: 33.24% (0.332356), test_acc: 38.11% (0.381092), test_f1: 34.56% (0.345600)
Batch 180 completed in 0.17 seconds (0.00 minutes)
loss: 1.236786, val_acc: 48.39% (0.483852), val_f1: 30.83% (0.308307), test_acc: 48.56% (0.485614), test_f1: 31.59% (0.315893)
Epoch 30 completed in 58.90 seconds (0.98 minutes)
>>>>>>>>>>>>>>>>>>>>>>>>>>>>>>>>>>>>>>>>>>>>>>>>>>>>>>>>>>>>>>>>>>>>>>>>>>>>>>>>>>>>>>>>>>>>>>>>>>>>
epoch: 31
Batch 0 completed in 0.17 seconds (0.00 minutes)
loss: 1.455958, val_acc: 48.97% (0.489724), val_f1: 25.31% (0.253121), test_acc: 48.44% (0.484439), test_f1: 24.46% (0.244629)
Batch 60 completed in 0.17 seconds (0.00 minutes)
loss: 1.101463, val_acc: 26.95% (0.269524), val_f1: 16.92% (0.169212), test_acc: 25.78% (0.257780), test_f1: 15.63% (0.156343)
Batch 120 completed in 0.17 seconds (0.00 minutes)
loss: 1.426489, val_acc: 48.27% (0.482678), val_f1: 28.22% (0.282204), test_acc: 48.33% (0.483265), test_f1: 28.88% (0.288786)
Batch 180 completed in 0.17 seconds (0.00 minutes)
loss: 1.078166, val_acc: 25.60% (0.256019), val_f1: 17.76% (0.177559), test_acc: 26.89% (0.268937), test_f1: 18.41% (0.184139)
Epoch 31 completed in 58.58 seconds (0.98 minutes)
>>>>>>>>>>>>>>>>>>>>>>>>>>>>>>>>>>>>>>>>>>>>>>>>>>>>>>>>>>>>>>>>>>>>>>>>>>>>>>>>>>>>>>>>>>>>>>>>>>>>
epoch: 32
Batch 0 completed in 0.17 seconds (0.00 minutes)
loss: 1.201008, val_acc: 30.36% (0.303582), val_f1: 21.60% (0.215979), test_acc: 32.24% (0.322372), test_f1: 22.95% (0.229471)
Batch 60 completed in 0.16 seconds (0.00 minutes)
loss: 1.115562, val_acc: 26.83% (0.268350), val_f1: 16.97% (0.169656), test_acc: 25.78% (0.257780), test_f1: 15.64% (0.156400)
Batch 120 completed in 0.17 seconds (0.00 minutes)
loss: 1.069783, val_acc: 48.44% (0.484439), val_f1: 21.76% (0.217563), test_acc: 48.27% (0.482678), test_f1: 21.70% (0.217030)
Batch 180 completed in 0.17 seconds (0.00 minutes)
loss: 1.093213, val_acc: 25.95% (0.259542), val_f1: 13.74% (0.137374), test_acc: 25.31% (0.253083), test_f1: 13.46% (0.134645)
Epoch 32 completed in 58.11 seconds (0.97 minutes)
>>>>>>>>>>>>>>>>>>>>>>>>>>>>>>>>>>>>>>>>>>>>>>>>>>>>>>>>>>>>>>>>>>>>>>>>>>>>>>>>>>>>>>>>>>>>>>>>>>>>
epoch: 33
Batch 0 completed in 0.17 seconds (0.00 minutes)
loss: 1.110207, val_acc: 48.91% (0.489137), val_f1: 24.21% (0.242060), test_acc: 48.33% (0.483265), test_f1: 22.83% (0.228310)
Batch 60 completed in 0.17 seconds (0.00 minutes)
loss: 1.074190, val_acc: 49.15% (0.491486), val_f1: 27.06% (0.270590), test_acc: 47.80% (0.477980), test_f1: 25.25% (0.252508)
Batch 120 completed in 0.16 seconds (0.00 minutes)
loss: 1.108598, val_acc: 26.19% (0.261891), val_f1: 18.67% (0.186697), test_acc: 28.07% (0.280681), test_f1: 20.00% (0.199987)
Batch 180 completed in 0.17 seconds (0.00 minutes)
loss: 1.142685, val_acc: 25.72% (0.257193), val_f1: 14.04% (0.140380), test_acc: 26.07% (0.260716), test_f1: 14.82% (0.148213)
Epoch 33 completed in 58.78 seconds (0.98 minutes)
>>>>>>>>>>>>>>>>>>>>>>>>>>>>>>>>>>>>>>>>>>>>>>>>>>>>>>>>>>>>>>>>>>>>>>>>>>>>>>>>>>>>>>>>>>>>>>>>>>>>
epoch: 34
Batch 0 completed in 0.17 seconds (0.00 minutes)
loss: 1.061275, val_acc: 49.15% (0.491486), val_f1: 25.83% (0.258336), test_acc: 48.44% (0.484439), test_f1: 25.23% (0.252271)
Batch 60 completed in 0.17 seconds (0.00 minutes)
loss: 1.247395, val_acc: 45.27% (0.452730), val_f1: 32.96% (0.329571), test_acc: 44.69% (0.446858), test_f1: 33.02% (0.330233)
Batch 120 completed in 0.17 seconds (0.00 minutes)
loss: 1.155791, val_acc: 25.95% (0.259542), val_f1: 13.74% (0.137374), test_acc: 25.37% (0.253670), test_f1: 13.62% (0.136187)
Batch 180 completed in 0.17 seconds (0.00 minutes)
loss: 1.084622, val_acc: 46.92% (0.469172), val_f1: 33.47% (0.334702), test_acc: 47.39% (0.473870), test_f1: 33.77% (0.337669)
Epoch 34 completed in 59.02 seconds (0.98 minutes)
>>>>>>>>>>>>>>>>>>>>>>>>>>>>>>>>>>>>>>>>>>>>>>>>>>>>>>>>>>>>>>>>>>>>>>>>>>>>>>>>>>>>>>>>>>>>>>>>>>>>
epoch: 35
Batch 0 completed in 0.17 seconds (0.00 minutes)
loss: 1.295172, val_acc: 49.44% (0.494422), val_f1: 30.75% (0.307517), test_acc: 48.74% (0.487375), test_f1: 29.99% (0.299922)
Batch 60 completed in 0.17 seconds (0.00 minutes)
loss: 1.171409, val_acc: 27.95% (0.279507), val_f1: 18.51% (0.185106), test_acc: 27.01% (0.270112), test_f1: 17.98% (0.179798)
Batch 120 completed in 0.17 seconds (0.00 minutes)
loss: 1.059111, val_acc: 27.83% (0.278332), val_f1: 17.83% (0.178280), test_acc: 29.36% (0.293600), test_f1: 19.10% (0.190971)
Batch 180 completed in 0.17 seconds (0.00 minutes)
loss: 1.033901, val_acc: 26.25% (0.262478), val_f1: 14.83% (0.148308), test_acc: 25.43% (0.254257), test_f1: 14.39% (0.143852)
Epoch 35 completed in 59.04 seconds (0.98 minutes)
>>>>>>>>>>>>>>>>>>>>>>>>>>>>>>>>>>>>>>>>>>>>>>>>>>>>>>>>>>>>>>>>>>>>>>>>>>>>>>>>>>>>>>>>>>>>>>>>>>>>
epoch: 36
Batch 0 completed in 0.17 seconds (0.00 minutes)
loss: 1.120043, val_acc: 27.54% (0.275396), val_f1: 17.04% (0.170382), test_acc: 26.54% (0.265414), test_f1: 16.08% (0.160805)
Batch 60 completed in 0.17 seconds (0.00 minutes)
loss: 1.241445, val_acc: 29.83% (0.298297), val_f1: 21.65% (0.216535), test_acc: 30.77% (0.307692), test_f1: 22.15% (0.221542)
Batch 120 completed in 0.17 seconds (0.00 minutes)
loss: 1.195555, val_acc: 28.30% (0.283030), val_f1: 22.81% (0.228099), test_acc: 27.13% (0.271286), test_f1: 21.86% (0.218586)
Batch 180 completed in 0.17 seconds (0.00 minutes)
loss: 1.224066, val_acc: 49.03% (0.490311), val_f1: 24.12% (0.241240), test_acc: 48.39% (0.483852), test_f1: 22.70% (0.226970)
Epoch 36 completed in 58.44 seconds (0.97 minutes)
>>>>>>>>>>>>>>>>>>>>>>>>>>>>>>>>>>>>>>>>>>>>>>>>>>>>>>>>>>>>>>>>>>>>>>>>>>>>>>>>>>>>>>>>>>>>>>>>>>>>
epoch: 37
Batch 0 completed in 0.17 seconds (0.00 minutes)
loss: 1.104889, val_acc: 39.52% (0.395185), val_f1: 30.33% (0.303296), test_acc: 38.76% (0.387551), test_f1: 29.60% (0.296034)
Batch 60 completed in 0.17 seconds (0.00 minutes)
loss: 1.099650, val_acc: 48.80% (0.487962), val_f1: 23.91% (0.239111), test_acc: 48.62% (0.486201), test_f1: 23.94% (0.239354)
Batch 120 completed in 0.17 seconds (0.00 minutes)
loss: 1.140348, val_acc: 26.13% (0.261304), val_f1: 14.07% (0.140704), test_acc: 25.43% (0.254257), test_f1: 13.64% (0.136390)
Batch 180 completed in 0.17 seconds (0.00 minutes)
loss: 1.185175, val_acc: 41.40% (0.413975), val_f1: 30.28% (0.302809), test_acc: 41.93% (0.419260), test_f1: 30.66% (0.306623)
Epoch 37 completed in 58.45 seconds (0.97 minutes)
>>>>>>>>>>>>>>>>>>>>>>>>>>>>>>>>>>>>>>>>>>>>>>>>>>>>>>>>>>>>>>>>>>>>>>>>>>>>>>>>>>>>>>>>>>>>>>>>>>>>
epoch: 38
Batch 0 completed in 0.17 seconds (0.00 minutes)
loss: 1.094210, val_acc: 32.06% (0.320611), val_f1: 23.61% (0.236086), test_acc: 32.77% (0.327657), test_f1: 24.20% (0.241967)
Batch 60 completed in 0.17 seconds (0.00 minutes)
loss: 1.249074, val_acc: 39.40% (0.394011), val_f1: 30.11% (0.301093), test_acc: 38.70% (0.386964), test_f1: 29.43% (0.294348)
Batch 120 completed in 0.17 seconds (0.00 minutes)
loss: 1.055642, val_acc: 42.40% (0.423958), val_f1: 36.43% (0.364294), test_acc: 38.52% (0.385203), test_f1: 32.34% (0.323361)
Batch 180 completed in 0.17 seconds (0.00 minutes)
loss: 1.245698, val_acc: 26.07% (0.260716), val_f1: 13.93% (0.139305), test_acc: 25.60% (0.256019), test_f1: 13.97% (0.139668)
Epoch 38 completed in 58.90 seconds (0.98 minutes)
>>>>>>>>>>>>>>>>>>>>>>>>>>>>>>>>>>>>>>>>>>>>>>>>>>>>>>>>>>>>>>>>>>>>>>>>>>>>>>>>>>>>>>>>>>>>>>>>>>>>
epoch: 39
Batch 0 completed in 0.17 seconds (0.00 minutes)
loss: 1.258039, val_acc: 27.19% (0.271873), val_f1: 16.34% (0.163360), test_acc: 28.42% (0.284204), test_f1: 17.40% (0.173959)
Batch 60 completed in 0.17 seconds (0.00 minutes)
loss: 1.090811, val_acc: 45.80% (0.458015), val_f1: 36.07% (0.360727), test_acc: 44.63% (0.446271), test_f1: 34.04% (0.340380)
Batch 120 completed in 0.17 seconds (0.00 minutes)
loss: 1.213979, val_acc: 48.74% (0.487375), val_f1: 27.71% (0.277065), test_acc: 47.92% (0.479154), test_f1: 26.97% (0.269720)
Batch 180 completed in 0.17 seconds (0.00 minutes)
loss: 1.095098, val_acc: 31.06% (0.310628), val_f1: 25.26% (0.252649), test_acc: 31.06% (0.310628), test_f1: 24.72% (0.247203)
Epoch 39 completed in 58.98 seconds (0.98 minutes)
>>>>>>>>>>>>>>>>>>>>>>>>>>>>>>>>>>>>>>>>>>>>>>>>>>>>>>>>>>>>>>>>>>>>>>>>>>>>>>>>>>>>>>>>>>>>>>>>>>>>
epoch: 40
Batch 0 completed in 0.17 seconds (0.00 minutes)
loss: 1.236532, val_acc: 47.92% (0.479154), val_f1: 22.76% (0.227647), test_acc: 47.92% (0.479154), test_f1: 23.18% (0.231756)
Batch 60 completed in 0.17 seconds (0.00 minutes)
loss: 1.180426, val_acc: 25.95% (0.259542), val_f1: 13.74% (0.137438), test_acc: 25.43% (0.254257), test_f1: 13.77% (0.137678)
Batch 120 completed in 0.17 seconds (0.00 minutes)
loss: 1.086277, val_acc: 40.93% (0.409278), val_f1: 30.88% (0.308826), test_acc: 40.58% (0.405755), test_f1: 30.51% (0.305126)
Batch 180 completed in 0.17 seconds (0.00 minutes)
loss: 1.279991, val_acc: 44.45% (0.444510), val_f1: 31.86% (0.318604), test_acc: 42.87% (0.428655), test_f1: 30.80% (0.308024)
Epoch 40 completed in 58.82 seconds (0.98 minutes)
>>>>>>>>>>>>>>>>>>>>>>>>>>>>>>>>>>>>>>>>>>>>>>>>>>>>>>>>>>>>>>>>>>>>>>>>>>>>>>>>>>>>>>>>>>>>>>>>>>>>
epoch: 41
Batch 0 completed in 0.17 seconds (0.00 minutes)
loss: 1.200577, val_acc: 45.10% (0.450969), val_f1: 32.39% (0.323950), test_acc: 43.63% (0.436289), test_f1: 31.49% (0.314895)
Batch 60 completed in 0.17 seconds (0.00 minutes)
loss: 1.161193, val_acc: 32.82% (0.328244), val_f1: 32.85% (0.328508), test_acc: 30.71% (0.307105), test_f1: 30.67% (0.306705)
Batch 120 completed in 0.17 seconds (0.00 minutes)
loss: 1.246094, val_acc: 27.36% (0.273635), val_f1: 21.06% (0.210618), test_acc: 26.66% (0.266588), test_f1: 20.50% (0.204987)
Batch 180 completed in 0.17 seconds (0.00 minutes)
loss: 1.114666, val_acc: 33.65% (0.336465), val_f1: 25.54% (0.255435), test_acc: 37.17% (0.371697), test_f1: 28.31% (0.283077)
Epoch 41 completed in 58.24 seconds (0.97 minutes)
>>>>>>>>>>>>>>>>>>>>>>>>>>>>>>>>>>>>>>>>>>>>>>>>>>>>>>>>>>>>>>>>>>>>>>>>>>>>>>>>>>>>>>>>>>>>>>>>>>>>
epoch: 42
Batch 0 completed in 0.17 seconds (0.00 minutes)
loss: 1.099896, val_acc: 48.03% (0.480329), val_f1: 22.64% (0.226389), test_acc: 48.33% (0.483265), test_f1: 23.32% (0.233160)
Batch 60 completed in 0.17 seconds (0.00 minutes)
loss: 1.150728, val_acc: 42.87% (0.428655), val_f1: 31.82% (0.318242), test_acc: 42.51% (0.425132), test_f1: 31.53% (0.315314)
Batch 120 completed in 0.17 seconds (0.00 minutes)
loss: 1.118272, val_acc: 26.83% (0.268350), val_f1: 15.94% (0.159410), test_acc: 27.01% (0.270112), test_f1: 16.59% (0.165900)
Batch 180 completed in 0.17 seconds (0.00 minutes)
loss: 1.158241, val_acc: 25.95% (0.259542), val_f1: 13.74% (0.137374), test_acc: 25.31% (0.253083), test_f1: 13.46% (0.134645)
Epoch 42 completed in 58.45 seconds (0.97 minutes)
>>>>>>>>>>>>>>>>>>>>>>>>>>>>>>>>>>>>>>>>>>>>>>>>>>>>>>>>>>>>>>>>>>>>>>>>>>>>>>>>>>>>>>>>>>>>>>>>>>>>
epoch: 43
Batch 0 completed in 0.17 seconds (0.00 minutes)
loss: 1.395007, val_acc: 27.66% (0.276571), val_f1: 17.06% (0.170585), test_acc: 29.30% (0.293012), test_f1: 18.57% (0.185651)
Batch 60 completed in 0.17 seconds (0.00 minutes)
loss: 1.208626, val_acc: 47.92% (0.479154), val_f1: 23.86% (0.238616), test_acc: 47.56% (0.475631), test_f1: 23.36% (0.233618)
Batch 120 completed in 0.17 seconds (0.00 minutes)
loss: 1.091648, val_acc: 28.07% (0.280681), val_f1: 19.89% (0.198890), test_acc: 28.83% (0.288315), test_f1: 21.39% (0.213896)
Batch 180 completed in 0.17 seconds (0.00 minutes)
loss: 1.091004, val_acc: 26.01% (0.260129), val_f1: 14.03% (0.140349), test_acc: 25.37% (0.253670), test_f1: 13.63% (0.136307)
Epoch 43 completed in 58.85 seconds (0.98 minutes)
>>>>>>>>>>>>>>>>>>>>>>>>>>>>>>>>>>>>>>>>>>>>>>>>>>>>>>>>>>>>>>>>>>>>>>>>>>>>>>>>>>>>>>>>>>>>>>>>>>>>
epoch: 44
Batch 0 completed in 0.17 seconds (0.00 minutes)
loss: 1.251464, val_acc: 48.03% (0.480329), val_f1: 22.80% (0.228008), test_acc: 47.74% (0.477393), test_f1: 22.61% (0.226128)
Batch 60 completed in 0.17 seconds (0.00 minutes)
loss: 1.160454, val_acc: 27.42% (0.274222), val_f1: 18.43% (0.184250), test_acc: 28.42% (0.284204), test_f1: 18.80% (0.188007)
Batch 120 completed in 0.17 seconds (0.00 minutes)
loss: 1.132497, val_acc: 26.01% (0.260129), val_f1: 14.17% (0.141715), test_acc: 25.66% (0.256606), test_f1: 14.40% (0.143975)
Batch 180 completed in 0.17 seconds (0.00 minutes)
loss: 1.098753, val_acc: 47.45% (0.474457), val_f1: 30.08% (0.300823), test_acc: 46.33% (0.463300), test_f1: 30.08% (0.300833)
Epoch 44 completed in 58.95 seconds (0.98 minutes)
>>>>>>>>>>>>>>>>>>>>>>>>>>>>>>>>>>>>>>>>>>>>>>>>>>>>>>>>>>>>>>>>>>>>>>>>>>>>>>>>>>>>>>>>>>>>>>>>>>>>
epoch: 45
Batch 0 completed in 0.17 seconds (0.00 minutes)
loss: 1.101804, val_acc: 25.90% (0.258955), val_f1: 14.24% (0.142435), test_acc: 25.60% (0.256019), test_f1: 14.48% (0.144838)
Batch 60 completed in 0.17 seconds (0.00 minutes)
loss: 1.213296, val_acc: 25.60% (0.256019), val_f1: 14.28% (0.142765), test_acc: 26.48% (0.264827), test_f1: 14.55% (0.145518)
Batch 120 completed in 0.17 seconds (0.00 minutes)
loss: 1.132709, val_acc: 25.95% (0.259542), val_f1: 13.74% (0.137374), test_acc: 25.31% (0.253083), test_f1: 13.46% (0.134645)
Batch 180 completed in 0.17 seconds (0.00 minutes)
loss: 1.059716, val_acc: 28.36% (0.283617), val_f1: 18.38% (0.183754), test_acc: 28.01% (0.280094), test_f1: 18.62% (0.186231)
Epoch 45 completed in 58.71 seconds (0.98 minutes)
>>>>>>>>>>>>>>>>>>>>>>>>>>>>>>>>>>>>>>>>>>>>>>>>>>>>>>>>>>>>>>>>>>>>>>>>>>>>>>>>>>>>>>>>>>>>>>>>>>>>
epoch: 46
Batch 0 completed in 0.17 seconds (0.00 minutes)
loss: 1.167379, val_acc: 28.01% (0.280094), val_f1: 24.53% (0.245283), test_acc: 28.42% (0.284204), test_f1: 25.13% (0.251321)
Batch 60 completed in 0.17 seconds (0.00 minutes)
loss: 1.089110, val_acc: 31.30% (0.312977), val_f1: 22.40% (0.223971), test_acc: 33.94% (0.339401), test_f1: 24.69% (0.246881)
Batch 120 completed in 0.17 seconds (0.00 minutes)
loss: 1.061511, val_acc: 27.07% (0.270699), val_f1: 17.20% (0.171991), test_acc: 25.95% (0.259542), test_f1: 16.67% (0.166720)
Batch 180 completed in 0.17 seconds (0.00 minutes)
loss: 1.106030, val_acc: 34.94% (0.349383), val_f1: 26.71% (0.267077), test_acc: 36.82% (0.368174), test_f1: 28.13% (0.281267)
Epoch 46 completed in 57.98 seconds (0.97 minutes)
>>>>>>>>>>>>>>>>>>>>>>>>>>>>>>>>>>>>>>>>>>>>>>>>>>>>>>>>>>>>>>>>>>>>>>>>>>>>>>>>>>>>>>>>>>>>>>>>>>>>
epoch: 47
Batch 0 completed in 0.17 seconds (0.00 minutes)
loss: 1.194590, val_acc: 45.74% (0.457428), val_f1: 30.61% (0.306053), test_acc: 44.63% (0.446271), test_f1: 29.38% (0.293765)
Batch 60 completed in 0.17 seconds (0.00 minutes)
loss: 1.191702, val_acc: 44.98% (0.449794), val_f1: 30.85% (0.308504), test_acc: 47.80% (0.477980), test_f1: 33.34% (0.333353)
Batch 120 completed in 0.17 seconds (0.00 minutes)
loss: 1.080754, val_acc: 44.63% (0.446271), val_f1: 31.32% (0.313244), test_acc: 45.39% (0.453905), test_f1: 31.87% (0.318740)
Batch 180 completed in 0.17 seconds (0.00 minutes)
loss: 1.269599, val_acc: 48.39% (0.483852), val_f1: 21.75% (0.217472), test_acc: 48.27% (0.482678), test_f1: 21.72% (0.217202)
Epoch 47 completed in 58.76 seconds (0.98 minutes)
>>>>>>>>>>>>>>>>>>>>>>>>>>>>>>>>>>>>>>>>>>>>>>>>>>>>>>>>>>>>>>>>>>>>>>>>>>>>>>>>>>>>>>>>>>>>>>>>>>>>
epoch: 48
Batch 0 completed in 0.17 seconds (0.00 minutes)
loss: 1.220594, val_acc: 41.28% (0.412801), val_f1: 28.99% (0.289919), test_acc: 41.57% (0.415737), test_f1: 29.56% (0.295584)
Batch 60 completed in 0.17 seconds (0.00 minutes)
loss: 1.069840, val_acc: 27.36% (0.273635), val_f1: 19.29% (0.192909), test_acc: 26.89% (0.268937), test_f1: 19.08% (0.190763)
Batch 120 completed in 0.17 seconds (0.00 minutes)
loss: 1.293677, val_acc: 38.87% (0.388726), val_f1: 29.85% (0.298504), test_acc: 37.99% (0.379918), test_f1: 29.05% (0.290493)
Batch 180 completed in 0.17 seconds (0.00 minutes)
loss: 1.141058, val_acc: 48.62% (0.486201), val_f1: 22.38% (0.223777), test_acc: 48.44% (0.484439), test_f1: 22.31% (0.223057)
Epoch 48 completed in 58.92 seconds (0.98 minutes)
>>>>>>>>>>>>>>>>>>>>>>>>>>>>>>>>>>>>>>>>>>>>>>>>>>>>>>>>>>>>>>>>>>>>>>>>>>>>>>>>>>>>>>>>>>>>>>>>>>>>
epoch: 49
Batch 0 completed in 0.17 seconds (0.00 minutes)
loss: 1.188465, val_acc: 27.36% (0.273635), val_f1: 16.39% (0.163889), test_acc: 27.19% (0.271873), test_f1: 16.70% (0.166956)
Batch 60 completed in 0.17 seconds (0.00 minutes)
loss: 1.188560, val_acc: 27.72% (0.277158), val_f1: 17.40% (0.173981), test_acc: 29.13% (0.291251), test_f1: 18.28% (0.182782)
Batch 120 completed in 0.17 seconds (0.00 minutes)
loss: 1.094438, val_acc: 38.05% (0.380505), val_f1: 30.08% (0.300835), test_acc: 38.17% (0.381679), test_f1: 29.42% (0.294182)
Batch 180 completed in 0.17 seconds (0.00 minutes)
loss: 1.223074, val_acc: 25.95% (0.259542), val_f1: 14.61% (0.146107), test_acc: 27.72% (0.277158), test_f1: 16.09% (0.160868)
Epoch 49 completed in 58.80 seconds (0.98 minutes)
>>>>>>>>>>>>>>>>>>>>>>>>>>>>>>>>>>>>>>>>>>>>>>>>>>>>>>>>>>>>>>>>>>>>>>>>>>>>>>>>>>>>>>>>>>>>>>>>>>>>
epoch: 50
Batch 0 completed in 0.17 seconds (0.00 minutes)
loss: 1.174933, val_acc: 48.68% (0.486788), val_f1: 23.77% (0.237714), test_acc: 48.80% (0.487962), test_f1: 24.35% (0.243520)
Batch 60 completed in 0.16 seconds (0.00 minutes)
loss: 1.088800, val_acc: 25.48% (0.254844), val_f1: 20.39% (0.203885), test_acc: 27.83% (0.278332), test_f1: 22.60% (0.226014)
Batch 120 completed in 0.17 seconds (0.00 minutes)
loss: 1.114804, val_acc: 46.80% (0.467998), val_f1: 35.49% (0.354905), test_acc: 45.86% (0.458602), test_f1: 34.18% (0.341751)
Batch 180 completed in 0.17 seconds (0.00 minutes)
loss: 1.108249, val_acc: 43.39% (0.433940), val_f1: 28.95% (0.289456), test_acc: 42.87% (0.428655), test_f1: 28.16% (0.281603)
Epoch 50 completed in 58.25 seconds (0.97 minutes)
>>>>>>>>>>>>>>>>>>>>>>>>>>>>>>>>>>>>>>>>>>>>>>>>>>>>>>>>>>>>>>>>>>>>>>>>>>>>>>>>>>>>>>>>>>>>>>>>>>>>
epoch: 51
Batch 0 completed in 0.17 seconds (0.00 minutes)
loss: 1.052983, val_acc: 43.45% (0.434527), val_f1: 32.23% (0.322340), test_acc: 44.74% (0.447446), test_f1: 33.30% (0.332951)
Batch 60 completed in 0.17 seconds (0.00 minutes)
loss: 1.073569, val_acc: 27.19% (0.271873), val_f1: 20.02% (0.200188), test_acc: 25.84% (0.258368), test_f1: 17.67% (0.176705)
Batch 120 completed in 0.17 seconds (0.00 minutes)
loss: 1.039372, val_acc: 26.48% (0.264827), val_f1: 15.78% (0.157753), test_acc: 25.25% (0.252496), test_f1: 14.12% (0.141168)
Batch 180 completed in 0.16 seconds (0.00 minutes)
loss: 1.354035, val_acc: 48.97% (0.489724), val_f1: 23.50% (0.235005), test_acc: 48.62% (0.486201), test_f1: 23.18% (0.231826)
Epoch 51 completed in 58.43 seconds (0.97 minutes)
>>>>>>>>>>>>>>>>>>>>>>>>>>>>>>>>>>>>>>>>>>>>>>>>>>>>>>>>>>>>>>>>>>>>>>>>>>>>>>>>>>>>>>>>>>>>>>>>>>>>
epoch: 52
Batch 0 completed in 0.17 seconds (0.00 minutes)
loss: 1.283345, val_acc: 25.95% (0.259542), val_f1: 13.74% (0.137374), test_acc: 25.31% (0.253083), test_f1: 13.46% (0.134645)
Batch 60 completed in 0.17 seconds (0.00 minutes)
loss: 1.124442, val_acc: 27.95% (0.279507), val_f1: 24.22% (0.242174), test_acc: 28.13% (0.281268), test_f1: 24.72% (0.247167)
Batch 120 completed in 0.17 seconds (0.00 minutes)
loss: 1.299913, val_acc: 48.44% (0.484439), val_f1: 21.78% (0.217822), test_acc: 48.27% (0.482678), test_f1: 21.99% (0.219948)
Batch 180 completed in 0.17 seconds (0.00 minutes)
loss: 1.108780, val_acc: 27.19% (0.271873), val_f1: 16.43% (0.164340), test_acc: 28.07% (0.280681), test_f1: 16.65% (0.166451)
Epoch 52 completed in 58.90 seconds (0.98 minutes)
>>>>>>>>>>>>>>>>>>>>>>>>>>>>>>>>>>>>>>>>>>>>>>>>>>>>>>>>>>>>>>>>>>>>>>>>>>>>>>>>>>>>>>>>>>>>>>>>>>>>
epoch: 53
Batch 0 completed in 0.17 seconds (0.00 minutes)
loss: 1.220656, val_acc: 41.46% (0.414563), val_f1: 32.52% (0.325204), test_acc: 41.69% (0.416911), test_f1: 31.45% (0.314533)
Batch 60 completed in 0.17 seconds (0.00 minutes)
loss: 1.211345, val_acc: 41.16% (0.411627), val_f1: 31.01% (0.310088), test_acc: 40.46% (0.404580), test_f1: 30.63% (0.306276)
Batch 120 completed in 0.17 seconds (0.00 minutes)
loss: 1.287103, val_acc: 48.15% (0.481503), val_f1: 26.85% (0.268451), test_acc: 47.56% (0.475631), test_f1: 26.72% (0.267241)
Batch 180 completed in 0.17 seconds (0.00 minutes)
loss: 1.087762, val_acc: 45.21% (0.452143), val_f1: 32.62% (0.326243), test_acc: 43.63% (0.436289), test_f1: 31.36% (0.313614)
Epoch 53 completed in 59.08 seconds (0.98 minutes)
>>>>>>>>>>>>>>>>>>>>>>>>>>>>>>>>>>>>>>>>>>>>>>>>>>>>>>>>>>>>>>>>>>>>>>>>>>>>>>>>>>>>>>>>>>>>>>>>>>>>
epoch: 54
Batch 0 completed in 0.17 seconds (0.00 minutes)
loss: 1.141196, val_acc: 25.31% (0.253083), val_f1: 18.18% (0.181819), test_acc: 26.19% (0.261891), test_f1: 18.68% (0.186804)
Batch 60 completed in 0.17 seconds (0.00 minutes)
loss: 1.282637, val_acc: 27.36% (0.273635), val_f1: 17.02% (0.170248), test_acc: 28.42% (0.284204), test_f1: 17.62% (0.176217)
Batch 120 completed in 0.17 seconds (0.00 minutes)
loss: 1.188420, val_acc: 26.42% (0.264240), val_f1: 23.58% (0.235770), test_acc: 28.13% (0.281268), test_f1: 24.73% (0.247346)
Batch 180 completed in 0.17 seconds (0.00 minutes)
loss: 1.099898, val_acc: 48.56% (0.485614), val_f1: 30.76% (0.307598), test_acc: 47.27% (0.472695), test_f1: 30.17% (0.301669)
Epoch 54 completed in 58.93 seconds (0.98 minutes)
>>>>>>>>>>>>>>>>>>>>>>>>>>>>>>>>>>>>>>>>>>>>>>>>>>>>>>>>>>>>>>>>>>>>>>>>>>>>>>>>>>>>>>>>>>>>>>>>>>>>
epoch: 55
Batch 0 completed in 0.17 seconds (0.00 minutes)
loss: 1.077902, val_acc: 46.98% (0.469759), val_f1: 36.86% (0.368607), test_acc: 44.86% (0.448620), test_f1: 33.79% (0.337891)
Batch 60 completed in 0.17 seconds (0.00 minutes)
loss: 1.141959, val_acc: 25.95% (0.259542), val_f1: 13.74% (0.137374), test_acc: 25.43% (0.254257), test_f1: 13.71% (0.137120)
Batch 120 completed in 0.17 seconds (0.00 minutes)
loss: 1.170384, val_acc: 27.25% (0.272460), val_f1: 20.52% (0.205243), test_acc: 26.31% (0.263065), test_f1: 20.07% (0.200655)
Batch 180 completed in 0.17 seconds (0.00 minutes)
loss: 1.156093, val_acc: 26.60% (0.266001), val_f1: 16.42% (0.164198), test_acc: 27.36% (0.273635), test_f1: 16.86% (0.168580)
Epoch 55 completed in 58.63 seconds (0.98 minutes)
>>>>>>>>>>>>>>>>>>>>>>>>>>>>>>>>>>>>>>>>>>>>>>>>>>>>>>>>>>>>>>>>>>>>>>>>>>>>>>>>>>>>>>>>>>>>>>>>>>>>
epoch: 56
Batch 0 completed in 0.17 seconds (0.00 minutes)
loss: 1.124286, val_acc: 46.62% (0.466236), val_f1: 34.55% (0.345457), test_acc: 44.92% (0.449207), test_f1: 33.38% (0.333801)
Batch 60 completed in 0.17 seconds (0.00 minutes)
loss: 1.256097, val_acc: 27.25% (0.272460), val_f1: 17.98% (0.179751), test_acc: 27.30% (0.273048), test_f1: 18.51% (0.185095)
Batch 120 completed in 0.17 seconds (0.00 minutes)
loss: 1.110129, val_acc: 25.95% (0.259542), val_f1: 13.76% (0.137566), test_acc: 25.37% (0.253670), test_f1: 13.62% (0.136247)
Batch 180 completed in 0.17 seconds (0.00 minutes)
loss: 1.128941, val_acc: 38.87% (0.388726), val_f1: 29.52% (0.295207), test_acc: 40.52% (0.405167), test_f1: 31.02% (0.310221)
Epoch 56 completed in 58.18 seconds (0.97 minutes)
>>>>>>>>>>>>>>>>>>>>>>>>>>>>>>>>>>>>>>>>>>>>>>>>>>>>>>>>>>>>>>>>>>>>>>>>>>>>>>>>>>>>>>>>>>>>>>>>>>>>
epoch: 57
Batch 0 completed in 0.17 seconds (0.00 minutes)
loss: 1.086421, val_acc: 26.01% (0.260129), val_f1: 13.82% (0.138245), test_acc: 25.48% (0.254844), test_f1: 13.79% (0.137873)
Batch 60 completed in 0.17 seconds (0.00 minutes)
loss: 1.088333, val_acc: 48.27% (0.482678), val_f1: 22.29% (0.222918), test_acc: 48.50% (0.485026), test_f1: 22.88% (0.228796)
Batch 120 completed in 0.17 seconds (0.00 minutes)
loss: 1.127468, val_acc: 26.83% (0.268350), val_f1: 17.77% (0.177682), test_acc: 26.19% (0.261891), test_f1: 17.19% (0.171869)
Batch 180 completed in 0.17 seconds (0.00 minutes)
loss: 1.058985, val_acc: 27.30% (0.273048), val_f1: 18.44% (0.184380), test_acc: 27.19% (0.271873), test_f1: 18.74% (0.187407)
Epoch 57 completed in 58.79 seconds (0.98 minutes)
>>>>>>>>>>>>>>>>>>>>>>>>>>>>>>>>>>>>>>>>>>>>>>>>>>>>>>>>>>>>>>>>>>>>>>>>>>>>>>>>>>>>>>>>>>>>>>>>>>>>
epoch: 58
Batch 0 completed in 0.17 seconds (0.00 minutes)
loss: 1.109921, val_acc: 30.53% (0.305344), val_f1: 21.80% (0.218028), test_acc: 33.00% (0.330006), test_f1: 23.63% (0.236326)
Batch 60 completed in 0.17 seconds (0.00 minutes)
loss: 1.244721, val_acc: 26.42% (0.264240), val_f1: 15.27% (0.152692), test_acc: 25.60% (0.256019), test_f1: 14.85% (0.148494)
Batch 120 completed in 0.17 seconds (0.00 minutes)
loss: 1.120423, val_acc: 29.89% (0.298884), val_f1: 20.85% (0.208486), test_acc: 32.71% (0.327070), test_f1: 23.05% (0.230453)
Batch 180 completed in 0.17 seconds (0.00 minutes)
loss: 1.176153, val_acc: 26.83% (0.268350), val_f1: 15.72% (0.157184), test_acc: 27.77% (0.277745), test_f1: 16.32% (0.163169)
Epoch 58 completed in 58.99 seconds (0.98 minutes)
>>>>>>>>>>>>>>>>>>>>>>>>>>>>>>>>>>>>>>>>>>>>>>>>>>>>>>>>>>>>>>>>>>>>>>>>>>>>>>>>>>>>>>>>>>>>>>>>>>>>
epoch: 59
Batch 0 completed in 0.17 seconds (0.00 minutes)
loss: 1.059275, val_acc: 35.94% (0.359366), val_f1: 28.09% (0.280898), test_acc: 37.17% (0.371697), test_f1: 29.19% (0.291863)
Batch 60 completed in 0.17 seconds (0.00 minutes)
loss: 1.130419, val_acc: 40.28% (0.402819), val_f1: 30.46% (0.304645), test_acc: 40.81% (0.408103), test_f1: 30.85% (0.308500)
Batch 120 completed in 0.17 seconds (0.00 minutes)
loss: 1.032878, val_acc: 38.11% (0.381092), val_f1: 29.18% (0.291786), test_acc: 39.05% (0.390487), test_f1: 29.81% (0.298058)
Batch 180 completed in 0.16 seconds (0.00 minutes)
loss: 1.066526, val_acc: 27.66% (0.276571), val_f1: 21.28% (0.212788), test_acc: 27.60% (0.275984), test_f1: 21.89% (0.218920)
Epoch 59 completed in 58.81 seconds (0.98 minutes)
>>>>>>>>>>>>>>>>>>>>>>>>>>>>>>>>>>>>>>>>>>>>>>>>>>>>>>>>>>>>>>>>>>>>>>>>>>>>>>>>>>>>>>>>>>>>>>>>>>>>
epoch: 60
Batch 0 completed in 0.17 seconds (0.00 minutes)
loss: 1.168964, val_acc: 49.09% (0.490898), val_f1: 32.54% (0.325404), test_acc: 47.97% (0.479742), test_f1: 33.08% (0.330750)
Batch 60 completed in 0.17 seconds (0.00 minutes)
loss: 1.083284, val_acc: 35.06% (0.350558), val_f1: 26.53% (0.265342), test_acc: 36.76% (0.367587), test_f1: 27.68% (0.276797)
Batch 120 completed in 0.17 seconds (0.00 minutes)
loss: 1.141749, val_acc: 27.13% (0.271286), val_f1: 17.65% (0.176455), test_acc: 26.48% (0.264827), test_f1: 18.06% (0.180613)
Batch 180 completed in 0.17 seconds (0.00 minutes)
loss: 1.113045, val_acc: 40.52% (0.405167), val_f1: 34.25% (0.342521), test_acc: 40.99% (0.409865), test_f1: 35.02% (0.350228)
Epoch 60 completed in 58.40 seconds (0.97 minutes)
>>>>>>>>>>>>>>>>>>>>>>>>>>>>>>>>>>>>>>>>>>>>>>>>>>>>>>>>>>>>>>>>>>>>>>>>>>>>>>>>>>>>>>>>>>>>>>>>>>>>
epoch: 61
Batch 0 completed in 0.17 seconds (0.00 minutes)
loss: 1.148236, val_acc: 37.82% (0.378156), val_f1: 31.56% (0.315593), test_acc: 38.58% (0.385790), test_f1: 31.20% (0.311983)
Batch 60 completed in 0.17 seconds (0.00 minutes)
loss: 1.114467, val_acc: 25.90% (0.258955), val_f1: 13.85% (0.138462), test_acc: 25.54% (0.255432), test_f1: 14.09% (0.140873)
Batch 120 completed in 0.17 seconds (0.00 minutes)
loss: 1.099311, val_acc: 36.17% (0.361715), val_f1: 28.26% (0.282552), test_acc: 36.58% (0.365825), test_f1: 28.78% (0.287801)
Batch 180 completed in 0.17 seconds (0.00 minutes)
loss: 1.052091, val_acc: 47.50% (0.475044), val_f1: 23.78% (0.237799), test_acc: 47.27% (0.472695), test_f1: 24.13% (0.241265)
Epoch 61 completed in 58.45 seconds (0.97 minutes)
>>>>>>>>>>>>>>>>>>>>>>>>>>>>>>>>>>>>>>>>>>>>>>>>>>>>>>>>>>>>>>>>>>>>>>>>>>>>>>>>>>>>>>>>>>>>>>>>>>>>
epoch: 62
Batch 0 completed in 0.17 seconds (0.00 minutes)
loss: 1.147616, val_acc: 30.18% (0.301820), val_f1: 20.43% (0.204332), test_acc: 30.95% (0.309454), test_f1: 20.75% (0.207506)
Batch 60 completed in 0.17 seconds (0.00 minutes)
loss: 1.365917, val_acc: 28.77% (0.287728), val_f1: 18.46% (0.184623), test_acc: 29.89% (0.298884), test_f1: 19.10% (0.190995)
Batch 120 completed in 0.17 seconds (0.00 minutes)
loss: 1.114962, val_acc: 47.33% (0.473282), val_f1: 24.72% (0.247233), test_acc: 48.62% (0.486201), test_f1: 27.34% (0.273357)
Batch 180 completed in 0.17 seconds (0.00 minutes)
loss: 1.195301, val_acc: 48.33% (0.483265), val_f1: 23.25% (0.232497), test_acc: 48.03% (0.480329), test_f1: 23.37% (0.233700)
Epoch 62 completed in 58.82 seconds (0.98 minutes)
>>>>>>>>>>>>>>>>>>>>>>>>>>>>>>>>>>>>>>>>>>>>>>>>>>>>>>>>>>>>>>>>>>>>>>>>>>>>>>>>>>>>>>>>>>>>>>>>>>>>
epoch: 63
Batch 0 completed in 0.17 seconds (0.00 minutes)
loss: 1.228364, val_acc: 25.78% (0.257780), val_f1: 14.35% (0.143515), test_acc: 25.31% (0.253083), test_f1: 14.37% (0.143742)
Batch 60 completed in 0.17 seconds (0.00 minutes)
loss: 1.204365, val_acc: 43.57% (0.435702), val_f1: 30.79% (0.307873), test_acc: 45.10% (0.450969), test_f1: 31.85% (0.318481)
Batch 120 completed in 0.17 seconds (0.00 minutes)
loss: 1.150171, val_acc: 45.04% (0.450382), val_f1: 30.45% (0.304486), test_acc: 43.34% (0.433353), test_f1: 28.66% (0.286588)
Batch 180 completed in 0.17 seconds (0.00 minutes)
loss: 1.200636, val_acc: 26.60% (0.266001), val_f1: 17.05% (0.170461), test_acc: 26.78% (0.267763), test_f1: 18.13% (0.181309)
Epoch 63 completed in 58.99 seconds (0.98 minutes)
>>>>>>>>>>>>>>>>>>>>>>>>>>>>>>>>>>>>>>>>>>>>>>>>>>>>>>>>>>>>>>>>>>>>>>>>>>>>>>>>>>>>>>>>>>>>>>>>>>>>
epoch: 64
Batch 0 completed in 0.17 seconds (0.00 minutes)
loss: 1.090309, val_acc: 38.58% (0.385790), val_f1: 29.85% (0.298503), test_acc: 39.17% (0.391662), test_f1: 30.53% (0.305283)
Batch 60 completed in 0.16 seconds (0.00 minutes)
loss: 1.088158, val_acc: 36.99% (0.369935), val_f1: 32.33% (0.323278), test_acc: 37.17% (0.371697), test_f1: 32.37% (0.323675)
Batch 120 completed in 0.17 seconds (0.00 minutes)
loss: 1.084894, val_acc: 48.56% (0.485614), val_f1: 22.24% (0.222418), test_acc: 48.03% (0.480329), test_f1: 21.92% (0.219226)
Batch 180 completed in 0.17 seconds (0.00 minutes)
loss: 1.140063, val_acc: 42.81% (0.428068), val_f1: 31.37% (0.313719), test_acc: 43.63% (0.436289), test_f1: 32.19% (0.321914)
Epoch 64 completed in 58.96 seconds (0.98 minutes)
>>>>>>>>>>>>>>>>>>>>>>>>>>>>>>>>>>>>>>>>>>>>>>>>>>>>>>>>>>>>>>>>>>>>>>>>>>>>>>>>>>>>>>>>>>>>>>>>>>>>
epoch: 65
Batch 0 completed in 0.17 seconds (0.00 minutes)
loss: 1.136620, val_acc: 49.15% (0.491486), val_f1: 25.15% (0.251548), test_acc: 48.80% (0.487962), test_f1: 25.70% (0.256953)
Batch 60 completed in 0.17 seconds (0.00 minutes)
loss: 1.127585, val_acc: 29.07% (0.290664), val_f1: 24.33% (0.243309), test_acc: 28.07% (0.280681), test_f1: 23.46% (0.234568)
Batch 120 completed in 0.16 seconds (0.00 minutes)
loss: 1.096397, val_acc: 28.24% (0.282443), val_f1: 18.84% (0.188432), test_acc: 29.89% (0.298884), test_f1: 19.80% (0.198017)
Batch 180 completed in 0.17 seconds (0.00 minutes)
loss: 1.084886, val_acc: 27.07% (0.270699), val_f1: 17.52% (0.175154), test_acc: 25.95% (0.259542), test_f1: 16.37% (0.163685)
Epoch 65 completed in 58.54 seconds (0.98 minutes)
>>>>>>>>>>>>>>>>>>>>>>>>>>>>>>>>>>>>>>>>>>>>>>>>>>>>>>>>>>>>>>>>>>>>>>>>>>>>>>>>>>>>>>>>>>>>>>>>>>>>
epoch: 66
Batch 0 completed in 0.16 seconds (0.00 minutes)
loss: 1.111870, val_acc: 48.80% (0.487962), val_f1: 26.50% (0.265041), test_acc: 49.15% (0.491486), test_f1: 27.05% (0.270455)
Batch 60 completed in 0.17 seconds (0.00 minutes)
loss: 1.232479, val_acc: 49.32% (0.493247), val_f1: 27.53% (0.275336), test_acc: 48.85% (0.488550), test_f1: 27.29% (0.272933)
Batch 120 completed in 0.17 seconds (0.00 minutes)
loss: 1.058532, val_acc: 38.05% (0.380505), val_f1: 29.21% (0.292107), test_acc: 38.70% (0.386964), test_f1: 29.55% (0.295476)
Batch 180 completed in 0.17 seconds (0.00 minutes)
loss: 1.199085, val_acc: 27.66% (0.276571), val_f1: 18.74% (0.187379), test_acc: 26.95% (0.269524), test_f1: 18.22% (0.182214)
Epoch 66 completed in 58.19 seconds (0.97 minutes)
>>>>>>>>>>>>>>>>>>>>>>>>>>>>>>>>>>>>>>>>>>>>>>>>>>>>>>>>>>>>>>>>>>>>>>>>>>>>>>>>>>>>>>>>>>>>>>>>>>>>
epoch: 67
Batch 0 completed in 0.17 seconds (0.00 minutes)
loss: 1.143669, val_acc: 32.59% (0.325895), val_f1: 23.78% (0.237800), test_acc: 33.00% (0.330006), test_f1: 23.65% (0.236504)
Batch 60 completed in 0.17 seconds (0.00 minutes)
loss: 1.072827, val_acc: 27.83% (0.278332), val_f1: 24.01% (0.240101), test_acc: 28.71% (0.287140), test_f1: 25.02% (0.250166)
Batch 120 completed in 0.17 seconds (0.00 minutes)
loss: 1.570556, val_acc: 26.66% (0.266588), val_f1: 15.23% (0.152349), test_acc: 25.90% (0.258955), test_f1: 14.56% (0.145642)
Batch 180 completed in 0.17 seconds (0.00 minutes)
loss: 1.141950, val_acc: 29.48% (0.294774), val_f1: 22.58% (0.225811), test_acc: 28.77% (0.287728), test_f1: 21.96% (0.219594)
Epoch 67 completed in 58.84 seconds (0.98 minutes)
>>>>>>>>>>>>>>>>>>>>>>>>>>>>>>>>>>>>>>>>>>>>>>>>>>>>>>>>>>>>>>>>>>>>>>>>>>>>>>>>>>>>>>>>>>>>>>>>>>>>
epoch: 68
Batch 0 completed in 0.17 seconds (0.00 minutes)
loss: 1.134704, val_acc: 27.89% (0.278920), val_f1: 24.04% (0.240386), test_acc: 27.30% (0.273048), test_f1: 23.59% (0.235912)
Batch 60 completed in 0.17 seconds (0.00 minutes)
loss: 1.177847, val_acc: 46.10% (0.460951), val_f1: 30.81% (0.308116), test_acc: 45.80% (0.458015), test_f1: 31.43% (0.314332)
Batch 120 completed in 0.17 seconds (0.00 minutes)
loss: 1.107845, val_acc: 25.95% (0.259542), val_f1: 13.74% (0.137374), test_acc: 25.31% (0.253083), test_f1: 13.46% (0.134645)
Batch 180 completed in 0.17 seconds (0.00 minutes)
loss: 1.156098, val_acc: 44.10% (0.440986), val_f1: 31.28% (0.312759), test_acc: 43.57% (0.435702), test_f1: 31.42% (0.314238)
Epoch 68 completed in 58.92 seconds (0.98 minutes)
>>>>>>>>>>>>>>>>>>>>>>>>>>>>>>>>>>>>>>>>>>>>>>>>>>>>>>>>>>>>>>>>>>>>>>>>>>>>>>>>>>>>>>>>>>>>>>>>>>>>
epoch: 69
Batch 0 completed in 0.17 seconds (0.00 minutes)
loss: 1.177826, val_acc: 32.06% (0.320611), val_f1: 23.59% (0.235868), test_acc: 33.18% (0.331767), test_f1: 23.94% (0.239395)
Batch 60 completed in 0.17 seconds (0.00 minutes)
loss: 1.237347, val_acc: 27.54% (0.275396), val_f1: 20.24% (0.202418), test_acc: 26.83% (0.268350), test_f1: 20.15% (0.201451)
Batch 120 completed in 0.17 seconds (0.00 minutes)
loss: 1.189486, val_acc: 26.07% (0.260716), val_f1: 13.97% (0.139732), test_acc: 25.78% (0.257780), test_f1: 14.42% (0.144202)
Batch 180 completed in 0.17 seconds (0.00 minutes)
loss: 1.090242, val_acc: 49.03% (0.490311), val_f1: 28.72% (0.287158), test_acc: 49.15% (0.491486), test_f1: 29.22% (0.292209)
Epoch 69 completed in 58.79 seconds (0.98 minutes)
>>>>>>>>>>>>>>>>>>>>>>>>>>>>>>>>>>>>>>>>>>>>>>>>>>>>>>>>>>>>>>>>>>>>>>>>>>>>>>>>>>>>>>>>>>>>>>>>>>>>
epoch: 70
Batch 0 completed in 0.17 seconds (0.00 minutes)
loss: 1.215844, val_acc: 25.54% (0.255432), val_f1: 13.73% (0.137315), test_acc: 26.42% (0.264240), test_f1: 13.97% (0.139665)
Batch 60 completed in 0.17 seconds (0.00 minutes)
loss: 1.109956, val_acc: 39.11% (0.391075), val_f1: 30.20% (0.301974), test_acc: 41.10% (0.411039), test_f1: 31.38% (0.313786)
Batch 120 completed in 0.17 seconds (0.00 minutes)
loss: 1.118327, val_acc: 30.65% (0.306518), val_f1: 21.76% (0.217635), test_acc: 33.35% (0.333529), test_f1: 23.91% (0.239084)
Batch 180 completed in 0.17 seconds (0.00 minutes)
loss: 1.105798, val_acc: 43.75% (0.437463), val_f1: 33.89% (0.338864), test_acc: 43.04% (0.430417), test_f1: 33.66% (0.336575)
Epoch 70 completed in 58.13 seconds (0.97 minutes)
>>>>>>>>>>>>>>>>>>>>>>>>>>>>>>>>>>>>>>>>>>>>>>>>>>>>>>>>>>>>>>>>>>>>>>>>>>>>>>>>>>>>>>>>>>>>>>>>>>>>
epoch: 71
Batch 0 completed in 0.17 seconds (0.00 minutes)
loss: 1.101991, val_acc: 27.13% (0.271286), val_f1: 20.67% (0.206711), test_acc: 27.48% (0.274809), test_f1: 21.41% (0.214120)
Batch 60 completed in 0.17 seconds (0.00 minutes)
loss: 1.194179, val_acc: 28.01% (0.280094), val_f1: 26.09% (0.260938), test_acc: 31.24% (0.312390), test_f1: 29.49% (0.294928)
Batch 120 completed in 0.17 seconds (0.00 minutes)
loss: 1.119164, val_acc: 34.64% (0.346447), val_f1: 26.72% (0.267246), test_acc: 35.94% (0.359366), test_f1: 27.27% (0.272708)
Batch 180 completed in 0.17 seconds (0.00 minutes)
loss: 1.162684, val_acc: 46.39% (0.463887), val_f1: 31.26% (0.312610), test_acc: 46.98% (0.469759), test_f1: 31.85% (0.318503)
Epoch 71 completed in 58.45 seconds (0.97 minutes)
>>>>>>>>>>>>>>>>>>>>>>>>>>>>>>>>>>>>>>>>>>>>>>>>>>>>>>>>>>>>>>>>>>>>>>>>>>>>>>>>>>>>>>>>>>>>>>>>>>>>
epoch: 72
Batch 0 completed in 0.17 seconds (0.00 minutes)
loss: 1.110267, val_acc: 28.54% (0.285379), val_f1: 18.21% (0.182067), test_acc: 29.95% (0.299472), test_f1: 19.22% (0.192166)
Batch 60 completed in 0.17 seconds (0.00 minutes)
loss: 1.180064, val_acc: 45.80% (0.458015), val_f1: 32.60% (0.326002), test_acc: 43.98% (0.439812), test_f1: 31.77% (0.317741)
Batch 120 completed in 0.17 seconds (0.00 minutes)
loss: 1.449926, val_acc: 47.92% (0.479154), val_f1: 23.23% (0.232324), test_acc: 47.74% (0.477393), test_f1: 23.80% (0.238004)
Batch 180 completed in 0.17 seconds (0.00 minutes)
loss: 1.156229, val_acc: 48.50% (0.485026), val_f1: 32.14% (0.321449), test_acc: 46.45% (0.464474), test_f1: 30.02% (0.300170)
Epoch 72 completed in 58.88 seconds (0.98 minutes)
>>>>>>>>>>>>>>>>>>>>>>>>>>>>>>>>>>>>>>>>>>>>>>>>>>>>>>>>>>>>>>>>>>>>>>>>>>>>>>>>>>>>>>>>>>>>>>>>>>>>
epoch: 73
Batch 0 completed in 0.17 seconds (0.00 minutes)
loss: 1.153211, val_acc: 35.35% (0.353494), val_f1: 30.30% (0.303011), test_acc: 35.70% (0.357017), test_f1: 29.93% (0.299253)
Batch 60 completed in 0.17 seconds (0.00 minutes)
loss: 1.081354, val_acc: 29.07% (0.290664), val_f1: 21.98% (0.219777), test_acc: 31.65% (0.316500), test_f1: 23.82% (0.238208)
Batch 120 completed in 0.17 seconds (0.00 minutes)
loss: 1.112577, val_acc: 47.27% (0.472695), val_f1: 31.04% (0.310395), test_acc: 45.86% (0.458602), test_f1: 29.32% (0.293230)
Batch 180 completed in 0.17 seconds (0.00 minutes)
loss: 1.280564, val_acc: 48.74% (0.487375), val_f1: 26.91% (0.269110), test_acc: 48.21% (0.482090), test_f1: 26.66% (0.266627)
Epoch 73 completed in 58.76 seconds (0.98 minutes)
>>>>>>>>>>>>>>>>>>>>>>>>>>>>>>>>>>>>>>>>>>>>>>>>>>>>>>>>>>>>>>>>>>>>>>>>>>>>>>>>>>>>>>>>>>>>>>>>>>>>
epoch: 74
Batch 0 completed in 0.17 seconds (0.00 minutes)
loss: 1.212906, val_acc: 36.11% (0.361127), val_f1: 27.68% (0.276815), test_acc: 37.70% (0.376982), test_f1: 28.69% (0.286936)
Batch 60 completed in 0.17 seconds (0.00 minutes)
loss: 1.077757, val_acc: 28.42% (0.284204), val_f1: 18.74% (0.187406), test_acc: 31.12% (0.311216), test_f1: 21.10% (0.211002)
Batch 120 completed in 0.17 seconds (0.00 minutes)
loss: 1.501763, val_acc: 27.72% (0.277158), val_f1: 18.28% (0.182824), test_acc: 27.19% (0.271873), test_f1: 18.11% (0.181128)
Batch 180 completed in 0.17 seconds (0.00 minutes)
loss: 1.163092, val_acc: 43.45% (0.434527), val_f1: 33.47% (0.334738), test_acc: 42.69% (0.426894), test_f1: 32.18% (0.321785)
Epoch 74 completed in 58.35 seconds (0.97 minutes)
>>>>>>>>>>>>>>>>>>>>>>>>>>>>>>>>>>>>>>>>>>>>>>>>>>>>>>>>>>>>>>>>>>>>>>>>>>>>>>>>>>>>>>>>>>>>>>>>>>>>
epoch: 75
Batch 0 completed in 0.17 seconds (0.00 minutes)
loss: 1.106917, val_acc: 27.13% (0.271286), val_f1: 16.96% (0.169620), test_acc: 25.95% (0.259542), test_f1: 15.89% (0.158941)
Batch 60 completed in 0.17 seconds (0.00 minutes)
loss: 1.213110, val_acc: 29.01% (0.290076), val_f1: 18.97% (0.189683), test_acc: 30.89% (0.308867), test_f1: 20.44% (0.204359)
Batch 120 completed in 0.17 seconds (0.00 minutes)
loss: 1.269929, val_acc: 31.24% (0.312390), val_f1: 22.21% (0.222064), test_acc: 33.12% (0.331180), test_f1: 23.50% (0.235042)
Batch 180 completed in 0.17 seconds (0.00 minutes)
loss: 1.095497, val_acc: 27.30% (0.273048), val_f1: 22.90% (0.228956), test_acc: 28.71% (0.287140), test_f1: 23.68% (0.236769)
Epoch 75 completed in 58.36 seconds (0.97 minutes)
>>>>>>>>>>>>>>>>>>>>>>>>>>>>>>>>>>>>>>>>>>>>>>>>>>>>>>>>>>>>>>>>>>>>>>>>>>>>>>>>>>>>>>>>>>>>>>>>>>>>
epoch: 76
Batch 0 completed in 0.17 seconds (0.00 minutes)
loss: 1.234836, val_acc: 47.03% (0.470346), val_f1: 32.61% (0.326132), test_acc: 46.51% (0.465062), test_f1: 31.86% (0.318551)
Batch 60 completed in 0.17 seconds (0.00 minutes)
loss: 1.144773, val_acc: 29.59% (0.295948), val_f1: 20.25% (0.202452), test_acc: 31.42% (0.314151), test_f1: 21.37% (0.213726)
Batch 120 completed in 0.17 seconds (0.00 minutes)
loss: 1.226902, val_acc: 48.50% (0.485026), val_f1: 29.83% (0.298307), test_acc: 48.44% (0.484439), test_f1: 30.04% (0.300397)
Batch 180 completed in 0.16 seconds (0.00 minutes)
loss: 1.299456, val_acc: 45.16% (0.451556), val_f1: 33.54% (0.335383), test_acc: 47.03% (0.470346), test_f1: 35.52% (0.355249)
Epoch 76 completed in 58.79 seconds (0.98 minutes)
>>>>>>>>>>>>>>>>>>>>>>>>>>>>>>>>>>>>>>>>>>>>>>>>>>>>>>>>>>>>>>>>>>>>>>>>>>>>>>>>>>>>>>>>>>>>>>>>>>>>
epoch: 77
Batch 0 completed in 0.17 seconds (0.00 minutes)
loss: 1.125170, val_acc: 28.71% (0.287140), val_f1: 25.84% (0.258400), test_acc: 32.00% (0.320023), test_f1: 28.44% (0.284431)
Batch 60 completed in 0.17 seconds (0.00 minutes)
loss: 1.219883, val_acc: 39.99% (0.399883), val_f1: 29.06% (0.290607), test_acc: 39.75% (0.397534), test_f1: 29.15% (0.291475)
Batch 120 completed in 0.17 seconds (0.00 minutes)
loss: 1.213297, val_acc: 49.15% (0.491486), val_f1: 25.46% (0.254629), test_acc: 48.44% (0.484439), test_f1: 24.06% (0.240612)
Batch 180 completed in 0.17 seconds (0.00 minutes)
loss: 1.108636, val_acc: 43.39% (0.433940), val_f1: 31.34% (0.313385), test_acc: 45.04% (0.450382), test_f1: 33.06% (0.330607)
Epoch 77 completed in 58.94 seconds (0.98 minutes)
>>>>>>>>>>>>>>>>>>>>>>>>>>>>>>>>>>>>>>>>>>>>>>>>>>>>>>>>>>>>>>>>>>>>>>>>>>>>>>>>>>>>>>>>>>>>>>>>>>>>
epoch: 78
Batch 0 completed in 0.17 seconds (0.00 minutes)
loss: 1.095964, val_acc: 48.74% (0.487375), val_f1: 28.50% (0.284974), test_acc: 48.21% (0.482090), test_f1: 27.10% (0.270980)
Batch 60 completed in 0.17 seconds (0.00 minutes)
loss: 1.098923, val_acc: 43.86% (0.438638), val_f1: 32.92% (0.329229), test_acc: 42.57% (0.425719), test_f1: 31.52% (0.315249)
Batch 120 completed in 0.17 seconds (0.00 minutes)
loss: 1.010713, val_acc: 31.12% (0.311216), val_f1: 21.69% (0.216875), test_acc: 32.59% (0.325895), test_f1: 22.93% (0.229302)
Batch 180 completed in 0.17 seconds (0.00 minutes)
loss: 1.139077, val_acc: 30.12% (0.301233), val_f1: 23.26% (0.232641), test_acc: 30.89% (0.308867), test_f1: 23.61% (0.236059)
Epoch 78 completed in 58.85 seconds (0.98 minutes)
>>>>>>>>>>>>>>>>>>>>>>>>>>>>>>>>>>>>>>>>>>>>>>>>>>>>>>>>>>>>>>>>>>>>>>>>>>>>>>>>>>>>>>>>>>>>>>>>>>>>
epoch: 79
Batch 0 completed in 0.17 seconds (0.00 minutes)
loss: 1.175848, val_acc: 41.98% (0.419847), val_f1: 34.93% (0.349320), test_acc: 42.16% (0.421609), test_f1: 34.59% (0.345920)
Batch 60 completed in 0.16 seconds (0.00 minutes)
loss: 1.092539, val_acc: 27.72% (0.277158), val_f1: 18.45% (0.184469), test_acc: 26.31% (0.263065), test_f1: 16.77% (0.167664)
Batch 120 completed in 0.17 seconds (0.00 minutes)
loss: 1.117064, val_acc: 48.74% (0.487375), val_f1: 23.79% (0.237871), test_acc: 47.86% (0.478567), test_f1: 22.94% (0.229394)
Batch 180 completed in 0.17 seconds (0.00 minutes)
loss: 1.139229, val_acc: 32.41% (0.324134), val_f1: 23.59% (0.235924), test_acc: 35.41% (0.354081), test_f1: 26.04% (0.260444)
Epoch 79 completed in 58.46 seconds (0.97 minutes)
>>>>>>>>>>>>>>>>>>>>>>>>>>>>>>>>>>>>>>>>>>>>>>>>>>>>>>>>>>>>>>>>>>>>>>>>>>>>>>>>>>>>>>>>>>>>>>>>>>>>
epoch: 80
Batch 0 completed in 0.17 seconds (0.00 minutes)
loss: 1.421510, val_acc: 27.77% (0.277745), val_f1: 20.44% (0.204350), test_acc: 28.42% (0.284204), test_f1: 19.98% (0.199764)
Batch 60 completed in 0.17 seconds (0.00 minutes)
loss: 1.082504, val_acc: 47.09% (0.470934), val_f1: 33.49% (0.334870), test_acc: 47.74% (0.477393), test_f1: 34.61% (0.346090)
Batch 120 completed in 0.17 seconds (0.00 minutes)
loss: 1.080078, val_acc: 36.58% (0.365825), val_f1: 32.84% (0.328391), test_acc: 37.46% (0.374633), test_f1: 34.19% (0.341943)
Batch 180 completed in 0.17 seconds (0.00 minutes)
loss: 1.100320, val_acc: 25.90% (0.258955), val_f1: 13.77% (0.137750), test_acc: 25.48% (0.254844), test_f1: 13.80% (0.137992)
Epoch 80 completed in 58.31 seconds (0.97 minutes)
>>>>>>>>>>>>>>>>>>>>>>>>>>>>>>>>>>>>>>>>>>>>>>>>>>>>>>>>>>>>>>>>>>>>>>>>>>>>>>>>>>>>>>>>>>>>>>>>>>>>
epoch: 81
Batch 0 completed in 0.17 seconds (0.00 minutes)
loss: 1.220037, val_acc: 34.06% (0.340575), val_f1: 28.13% (0.281272), test_acc: 37.52% (0.375220), test_f1: 30.72% (0.307155)
Batch 60 completed in 0.17 seconds (0.00 minutes)
loss: 1.085507, val_acc: 44.27% (0.442748), val_f1: 32.93% (0.329274), test_acc: 45.74% (0.457428), test_f1: 34.31% (0.343137)
Batch 120 completed in 0.17 seconds (0.00 minutes)
loss: 1.205721, val_acc: 29.13% (0.291251), val_f1: 25.78% (0.257793), test_acc: 30.77% (0.307692), test_f1: 27.19% (0.271906)
Batch 180 completed in 0.17 seconds (0.00 minutes)
loss: 1.075839, val_acc: 28.77% (0.287728), val_f1: 24.84% (0.248398), test_acc: 29.89% (0.298884), test_f1: 26.20% (0.261956)
Epoch 81 completed in 58.80 seconds (0.98 minutes)
>>>>>>>>>>>>>>>>>>>>>>>>>>>>>>>>>>>>>>>>>>>>>>>>>>>>>>>>>>>>>>>>>>>>>>>>>>>>>>>>>>>>>>>>>>>>>>>>>>>>
epoch: 82
Batch 0 completed in 0.17 seconds (0.00 minutes)
loss: 1.103329, val_acc: 41.63% (0.416324), val_f1: 31.85% (0.318491), test_acc: 43.10% (0.431004), test_f1: 32.92% (0.329231)
Batch 60 completed in 0.17 seconds (0.00 minutes)
loss: 1.014791, val_acc: 27.77% (0.277745), val_f1: 22.04% (0.220416), test_acc: 28.19% (0.281856), test_f1: 23.03% (0.230318)
Batch 120 completed in 0.17 seconds (0.00 minutes)
loss: 1.279912, val_acc: 26.07% (0.260716), val_f1: 13.98% (0.139835), test_acc: 25.31% (0.253083), test_f1: 13.61% (0.136054)
Batch 180 completed in 0.17 seconds (0.00 minutes)
loss: 1.127657, val_acc: 29.18% (0.291838), val_f1: 18.87% (0.188722), test_acc: 30.36% (0.303582), test_f1: 19.56% (0.195648)
Epoch 82 completed in 58.98 seconds (0.98 minutes)
>>>>>>>>>>>>>>>>>>>>>>>>>>>>>>>>>>>>>>>>>>>>>>>>>>>>>>>>>>>>>>>>>>>>>>>>>>>>>>>>>>>>>>>>>>>>>>>>>>>>
epoch: 83
Batch 0 completed in 0.17 seconds (0.00 minutes)
loss: 1.295250, val_acc: 39.34% (0.393423), val_f1: 30.29% (0.302950), test_acc: 35.53% (0.355255), test_f1: 27.61% (0.276080)
Batch 60 completed in 0.17 seconds (0.00 minutes)
loss: 1.133074, val_acc: 25.95% (0.259542), val_f1: 14.55% (0.145466), test_acc: 25.90% (0.258955), test_f1: 15.46% (0.154559)
Batch 120 completed in 0.17 seconds (0.00 minutes)
loss: 1.108693, val_acc: 27.54% (0.275396), val_f1: 21.97% (0.219662), test_acc: 28.01% (0.280094), test_f1: 23.20% (0.232013)
Batch 180 completed in 0.17 seconds (0.00 minutes)
loss: 1.174503, val_acc: 28.42% (0.284204), val_f1: 18.21% (0.182077), test_acc: 29.01% (0.290076), test_f1: 19.32% (0.193245)
Epoch 83 completed in 58.79 seconds (0.98 minutes)
>>>>>>>>>>>>>>>>>>>>>>>>>>>>>>>>>>>>>>>>>>>>>>>>>>>>>>>>>>>>>>>>>>>>>>>>>>>>>>>>>>>>>>>>>>>>>>>>>>>>
epoch: 84
Batch 0 completed in 0.17 seconds (0.00 minutes)
loss: 1.205963, val_acc: 48.74% (0.487375), val_f1: 28.11% (0.281139), test_acc: 48.97% (0.489724), test_f1: 28.81% (0.288053)
Batch 60 completed in 0.17 seconds (0.00 minutes)
loss: 1.106873, val_acc: 48.50% (0.485026), val_f1: 32.91% (0.329131), test_acc: 47.97% (0.479742), test_f1: 32.41% (0.324064)
Batch 120 completed in 0.17 seconds (0.00 minutes)
loss: 1.142922, val_acc: 31.59% (0.315913), val_f1: 30.47% (0.304675), test_acc: 31.77% (0.317675), test_f1: 30.95% (0.309539)
Batch 180 completed in 0.17 seconds (0.00 minutes)
loss: 1.125432, val_acc: 35.41% (0.354081), val_f1: 35.45% (0.354513), test_acc: 33.82% (0.338227), test_f1: 34.00% (0.339994)
Epoch 84 completed in 58.16 seconds (0.97 minutes)
>>>>>>>>>>>>>>>>>>>>>>>>>>>>>>>>>>>>>>>>>>>>>>>>>>>>>>>>>>>>>>>>>>>>>>>>>>>>>>>>>>>>>>>>>>>>>>>>>>>>
epoch: 85
Batch 0 completed in 0.17 seconds (0.00 minutes)
loss: 1.415362, val_acc: 25.95% (0.259542), val_f1: 13.74% (0.137374), test_acc: 25.25% (0.252496), test_f1: 13.44% (0.134396)
Batch 60 completed in 0.17 seconds (0.00 minutes)
loss: 1.190609, val_acc: 31.88% (0.318849), val_f1: 23.35% (0.233531), test_acc: 33.00% (0.330006), test_f1: 23.85% (0.238497)
Batch 120 completed in 0.17 seconds (0.00 minutes)
loss: 1.116216, val_acc: 26.48% (0.264827), val_f1: 17.93% (0.179261), test_acc: 25.90% (0.258955), test_f1: 17.56% (0.175586)
Batch 180 completed in 0.17 seconds (0.00 minutes)
loss: 1.022439, val_acc: 25.60% (0.256019), val_f1: 13.59% (0.135889), test_acc: 26.48% (0.264827), test_f1: 14.02% (0.140215)
Epoch 85 completed in 58.50 seconds (0.98 minutes)
>>>>>>>>>>>>>>>>>>>>>>>>>>>>>>>>>>>>>>>>>>>>>>>>>>>>>>>>>>>>>>>>>>>>>>>>>>>>>>>>>>>>>>>>>>>>>>>>>>>>
epoch: 86
Batch 0 completed in 0.17 seconds (0.00 minutes)
loss: 1.238636, val_acc: 43.86% (0.438638), val_f1: 34.62% (0.346204), test_acc: 44.98% (0.449794), test_f1: 35.16% (0.351633)
Batch 60 completed in 0.17 seconds (0.00 minutes)
loss: 1.133514, val_acc: 27.01% (0.270112), val_f1: 16.25% (0.162531), test_acc: 25.90% (0.258955), test_f1: 15.49% (0.154873)
Batch 120 completed in 0.17 seconds (0.00 minutes)
loss: 1.132757, val_acc: 47.97% (0.479742), val_f1: 24.88% (0.248833), test_acc: 47.50% (0.475044), test_f1: 23.87% (0.238727)
Batch 180 completed in 0.17 seconds (0.00 minutes)
loss: 1.132741, val_acc: 40.46% (0.404580), val_f1: 30.32% (0.303167), test_acc: 41.98% (0.419847), test_f1: 31.33% (0.313318)
Epoch 86 completed in 58.91 seconds (0.98 minutes)
>>>>>>>>>>>>>>>>>>>>>>>>>>>>>>>>>>>>>>>>>>>>>>>>>>>>>>>>>>>>>>>>>>>>>>>>>>>>>>>>>>>>>>>>>>>>>>>>>>>>
epoch: 87
Batch 0 completed in 0.17 seconds (0.00 minutes)
loss: 1.139822, val_acc: 31.18% (0.311803), val_f1: 30.88% (0.308805), test_acc: 32.06% (0.320611), test_f1: 31.88% (0.318827)
Batch 60 completed in 0.17 seconds (0.00 minutes)
loss: 1.338650, val_acc: 46.15% (0.461538), val_f1: 30.87% (0.308690), test_acc: 48.27% (0.482678), test_f1: 32.49% (0.324887)
Batch 120 completed in 0.17 seconds (0.00 minutes)
loss: 1.164244, val_acc: 30.18% (0.301820), val_f1: 20.95% (0.209496), test_acc: 31.83% (0.318262), test_f1: 22.31% (0.223061)
Batch 180 completed in 0.17 seconds (0.00 minutes)
loss: 1.125193, val_acc: 29.77% (0.297710), val_f1: 26.04% (0.260387), test_acc: 31.18% (0.311803), test_f1: 26.96% (0.269622)
Epoch 87 completed in 58.96 seconds (0.98 minutes)
>>>>>>>>>>>>>>>>>>>>>>>>>>>>>>>>>>>>>>>>>>>>>>>>>>>>>>>>>>>>>>>>>>>>>>>>>>>>>>>>>>>>>>>>>>>>>>>>>>>>
epoch: 88
Batch 0 completed in 0.17 seconds (0.00 minutes)
loss: 1.140118, val_acc: 25.72% (0.257193), val_f1: 13.97% (0.139697), test_acc: 26.54% (0.265414), test_f1: 14.19% (0.141949)
Batch 60 completed in 0.17 seconds (0.00 minutes)
loss: 1.115705, val_acc: 26.25% (0.262478), val_f1: 14.85% (0.148459), test_acc: 27.36% (0.273635), test_f1: 15.69% (0.156915)
Batch 120 completed in 0.17 seconds (0.00 minutes)
loss: 1.122579, val_acc: 34.23% (0.342337), val_f1: 33.40% (0.333950), test_acc: 31.88% (0.318849), test_f1: 31.27% (0.312664)
Batch 180 completed in 0.16 seconds (0.00 minutes)
loss: 1.079754, val_acc: 45.51% (0.455079), val_f1: 31.94% (0.319449), test_acc: 46.15% (0.461538), test_f1: 32.14% (0.321352)
Epoch 88 completed in 58.55 seconds (0.98 minutes)
>>>>>>>>>>>>>>>>>>>>>>>>>>>>>>>>>>>>>>>>>>>>>>>>>>>>>>>>>>>>>>>>>>>>>>>>>>>>>>>>>>>>>>>>>>>>>>>>>>>>
epoch: 89
Batch 0 completed in 0.16 seconds (0.00 minutes)
loss: 1.159083, val_acc: 26.83% (0.268350), val_f1: 20.15% (0.201521), test_acc: 25.90% (0.258955), test_f1: 19.36% (0.193627)
Batch 60 completed in 0.17 seconds (0.00 minutes)
loss: 1.126428, val_acc: 42.63% (0.426307), val_f1: 32.04% (0.320410), test_acc: 43.04% (0.430417), test_f1: 31.93% (0.319253)
Batch 120 completed in 0.17 seconds (0.00 minutes)
loss: 1.176436, val_acc: 48.27% (0.482678), val_f1: 21.89% (0.218890), test_acc: 48.33% (0.483265), test_f1: 22.17% (0.221712)
Batch 180 completed in 0.17 seconds (0.00 minutes)
loss: 1.069519, val_acc: 48.56% (0.485614), val_f1: 27.71% (0.277062), test_acc: 48.68% (0.486788), test_f1: 27.98% (0.279805)
Epoch 89 completed in 58.23 seconds (0.97 minutes)
>>>>>>>>>>>>>>>>>>>>>>>>>>>>>>>>>>>>>>>>>>>>>>>>>>>>>>>>>>>>>>>>>>>>>>>>>>>>>>>>>>>>>>>>>>>>>>>>>>>>
epoch: 90
Batch 0 completed in 0.17 seconds (0.00 minutes)
loss: 1.212750, val_acc: 25.95% (0.259542), val_f1: 13.74% (0.137374), test_acc: 25.31% (0.253083), test_f1: 13.46% (0.134645)
Batch 60 completed in 0.17 seconds (0.00 minutes)
loss: 1.078178, val_acc: 26.37% (0.263652), val_f1: 14.51% (0.145122), test_acc: 25.48% (0.254844), test_f1: 13.79% (0.137932)
Batch 120 completed in 0.17 seconds (0.00 minutes)
loss: 1.124688, val_acc: 27.72% (0.277158), val_f1: 24.97% (0.249746), test_acc: 28.54% (0.285379), test_f1: 25.63% (0.256309)
Batch 180 completed in 0.17 seconds (0.00 minutes)
loss: 1.285989, val_acc: 26.13% (0.261304), val_f1: 14.35% (0.143531), test_acc: 25.48% (0.254844), test_f1: 14.18% (0.141803)
Epoch 90 completed in 58.47 seconds (0.97 minutes)
>>>>>>>>>>>>>>>>>>>>>>>>>>>>>>>>>>>>>>>>>>>>>>>>>>>>>>>>>>>>>>>>>>>>>>>>>>>>>>>>>>>>>>>>>>>>>>>>>>>>
epoch: 91
Batch 0 completed in 0.17 seconds (0.00 minutes)
loss: 1.218472, val_acc: 26.48% (0.264827), val_f1: 15.54% (0.155431), test_acc: 25.84% (0.258368), test_f1: 15.31% (0.153122)
Batch 60 completed in 0.17 seconds (0.00 minutes)
loss: 1.144108, val_acc: 27.54% (0.275396), val_f1: 20.58% (0.205806), test_acc: 27.19% (0.271873), test_f1: 20.55% (0.205525)
Batch 120 completed in 0.17 seconds (0.00 minutes)
loss: 1.202355, val_acc: 26.78% (0.267763), val_f1: 19.25% (0.192526), test_acc: 26.60% (0.266001), test_f1: 19.58% (0.195849)
Batch 180 completed in 0.17 seconds (0.00 minutes)
loss: 1.107961, val_acc: 47.45% (0.474457), val_f1: 27.57% (0.275718), test_acc: 48.09% (0.480916), test_f1: 28.25% (0.282547)
Epoch 91 completed in 58.87 seconds (0.98 minutes)
>>>>>>>>>>>>>>>>>>>>>>>>>>>>>>>>>>>>>>>>>>>>>>>>>>>>>>>>>>>>>>>>>>>>>>>>>>>>>>>>>>>>>>>>>>>>>>>>>>>>
epoch: 92
Batch 0 completed in 0.16 seconds (0.00 minutes)
loss: 1.272244, val_acc: 26.07% (0.260716), val_f1: 15.19% (0.151858), test_acc: 27.30% (0.273048), test_f1: 15.90% (0.159035)
Batch 60 completed in 0.17 seconds (0.00 minutes)
loss: 1.079609, val_acc: 28.48% (0.284792), val_f1: 22.36% (0.223641), test_acc: 27.13% (0.271286), test_f1: 21.17% (0.211688)
Batch 120 completed in 0.17 seconds (0.00 minutes)
loss: 1.347312, val_acc: 47.86% (0.478567), val_f1: 25.09% (0.250925), test_acc: 48.91% (0.489137), test_f1: 25.69% (0.256906)
Batch 180 completed in 0.17 seconds (0.00 minutes)
loss: 1.141329, val_acc: 29.65% (0.296536), val_f1: 20.38% (0.203810), test_acc: 30.71% (0.307105), test_f1: 20.91% (0.209064)
Epoch 92 completed in 58.91 seconds (0.98 minutes)
>>>>>>>>>>>>>>>>>>>>>>>>>>>>>>>>>>>>>>>>>>>>>>>>>>>>>>>>>>>>>>>>>>>>>>>>>>>>>>>>>>>>>>>>>>>>>>>>>>>>
epoch: 93
Batch 0 completed in 0.17 seconds (0.00 minutes)
loss: 1.216904, val_acc: 46.33% (0.463300), val_f1: 33.66% (0.336581), test_acc: 46.10% (0.460951), test_f1: 33.46% (0.334585)
Batch 60 completed in 0.16 seconds (0.00 minutes)
loss: 1.111714, val_acc: 43.98% (0.439812), val_f1: 28.77% (0.287688), test_acc: 44.57% (0.445684), test_f1: 29.43% (0.294337)
Batch 120 completed in 0.16 seconds (0.00 minutes)
loss: 1.129456, val_acc: 25.95% (0.259542), val_f1: 13.74% (0.137374), test_acc: 25.31% (0.253083), test_f1: 13.46% (0.134645)
Batch 180 completed in 0.16 seconds (0.00 minutes)
loss: 1.275063, val_acc: 28.71% (0.287140), val_f1: 19.47% (0.194726), test_acc: 28.30% (0.283030), test_f1: 19.53% (0.195253)
Epoch 93 completed in 58.07 seconds (0.97 minutes)
>>>>>>>>>>>>>>>>>>>>>>>>>>>>>>>>>>>>>>>>>>>>>>>>>>>>>>>>>>>>>>>>>>>>>>>>>>>>>>>>>>>>>>>>>>>>>>>>>>>>
epoch: 94
Batch 0 completed in 0.17 seconds (0.00 minutes)
loss: 1.167605, val_acc: 26.01% (0.260129), val_f1: 13.82% (0.138245), test_acc: 25.43% (0.254257), test_f1: 13.64% (0.136390)
Batch 60 completed in 0.17 seconds (0.00 minutes)
loss: 1.108999, val_acc: 38.29% (0.382854), val_f1: 29.36% (0.293575), test_acc: 40.46% (0.404580), test_f1: 30.89% (0.308925)
Batch 120 completed in 0.17 seconds (0.00 minutes)
loss: 1.146531, val_acc: 48.27% (0.482678), val_f1: 27.02% (0.270193), test_acc: 47.80% (0.477980), test_f1: 26.02% (0.260214)
Batch 180 completed in 0.17 seconds (0.00 minutes)
loss: 1.281966, val_acc: 25.60% (0.256019), val_f1: 13.59% (0.135889), test_acc: 26.42% (0.264240), test_f1: 13.93% (0.139340)
Epoch 94 completed in 58.66 seconds (0.98 minutes)
>>>>>>>>>>>>>>>>>>>>>>>>>>>>>>>>>>>>>>>>>>>>>>>>>>>>>>>>>>>>>>>>>>>>>>>>>>>>>>>>>>>>>>>>>>>>>>>>>>>>
epoch: 95
Batch 0 completed in 0.17 seconds (0.00 minutes)
loss: 1.231753, val_acc: 26.37% (0.263652), val_f1: 15.04% (0.150353), test_acc: 26.83% (0.268350), test_f1: 14.76% (0.147580)
Batch 60 completed in 0.17 seconds (0.00 minutes)
loss: 1.068407, val_acc: 48.15% (0.481503), val_f1: 28.03% (0.280262), test_acc: 49.91% (0.499119), test_f1: 30.03% (0.300280)
Batch 120 completed in 0.17 seconds (0.00 minutes)
loss: 1.426720, val_acc: 48.74% (0.487375), val_f1: 29.15% (0.291544), test_acc: 49.62% (0.496183), test_f1: 29.60% (0.295958)
Batch 180 completed in 0.17 seconds (0.00 minutes)
loss: 1.230165, val_acc: 48.33% (0.483265), val_f1: 23.13% (0.231336), test_acc: 49.03% (0.490311), test_f1: 24.55% (0.245547)
Epoch 95 completed in 58.52 seconds (0.98 minutes)
>>>>>>>>>>>>>>>>>>>>>>>>>>>>>>>>>>>>>>>>>>>>>>>>>>>>>>>>>>>>>>>>>>>>>>>>>>>>>>>>>>>>>>>>>>>>>>>>>>>>
epoch: 96
Batch 0 completed in 0.17 seconds (0.00 minutes)
loss: 1.136173, val_acc: 48.39% (0.483852), val_f1: 21.74% (0.217386), test_acc: 48.39% (0.483852), test_f1: 22.02% (0.220152)
Batch 60 completed in 0.17 seconds (0.00 minutes)
loss: 1.079380, val_acc: 39.58% (0.395772), val_f1: 30.17% (0.301677), test_acc: 40.34% (0.403406), test_f1: 30.67% (0.306689)
Batch 120 completed in 0.17 seconds (0.00 minutes)
loss: 1.288712, val_acc: 34.53% (0.345273), val_f1: 26.33% (0.263293), test_acc: 35.06% (0.350558), test_f1: 26.96% (0.269619)
Batch 180 completed in 0.17 seconds (0.00 minutes)
loss: 1.142995, val_acc: 46.62% (0.466236), val_f1: 26.23% (0.262340), test_acc: 46.80% (0.467998), test_f1: 26.73% (0.267331)
Epoch 96 completed in 59.01 seconds (0.98 minutes)
>>>>>>>>>>>>>>>>>>>>>>>>>>>>>>>>>>>>>>>>>>>>>>>>>>>>>>>>>>>>>>>>>>>>>>>>>>>>>>>>>>>>>>>>>>>>>>>>>>>>
epoch: 97
Batch 0 completed in 0.17 seconds (0.00 minutes)
loss: 1.109279, val_acc: 25.84% (0.258368), val_f1: 14.12% (0.141234), test_acc: 27.01% (0.270112), test_f1: 15.03% (0.150285)
Batch 60 completed in 0.17 seconds (0.00 minutes)
loss: 1.052341, val_acc: 25.95% (0.259542), val_f1: 13.74% (0.137374), test_acc: 25.31% (0.253083), test_f1: 13.46% (0.134645)
Batch 120 completed in 0.17 seconds (0.00 minutes)
loss: 1.093038, val_acc: 46.04% (0.460364), val_f1: 26.80% (0.267967), test_acc: 46.45% (0.464474), test_f1: 26.86% (0.268590)
Batch 180 completed in 0.17 seconds (0.00 minutes)
loss: 1.091185, val_acc: 26.42% (0.264240), val_f1: 21.11% (0.211100), test_acc: 28.89% (0.288902), test_f1: 23.00% (0.230045)
Epoch 97 completed in 58.87 seconds (0.98 minutes)
>>>>>>>>>>>>>>>>>>>>>>>>>>>>>>>>>>>>>>>>>>>>>>>>>>>>>>>>>>>>>>>>>>>>>>>>>>>>>>>>>>>>>>>>>>>>>>>>>>>>
epoch: 98
Batch 0 completed in 0.17 seconds (0.00 minutes)
loss: 1.144252, val_acc: 47.39% (0.473870), val_f1: 23.55% (0.235490), test_acc: 47.92% (0.479154), test_f1: 23.81% (0.238145)
Batch 60 completed in 0.17 seconds (0.00 minutes)
loss: 1.671437, val_acc: 33.65% (0.336465), val_f1: 33.52% (0.335192), test_acc: 32.94% (0.329419), test_f1: 32.79% (0.327888)
Batch 120 completed in 0.17 seconds (0.00 minutes)
loss: 1.207757, val_acc: 26.01% (0.260129), val_f1: 14.72% (0.147230), test_acc: 25.66% (0.256606), test_f1: 15.35% (0.153475)
Batch 180 completed in 0.17 seconds (0.00 minutes)
loss: 1.123044, val_acc: 25.72% (0.257193), val_f1: 14.56% (0.145558), test_acc: 26.54% (0.265414), test_f1: 14.95% (0.149452)
Epoch 98 completed in 57.97 seconds (0.97 minutes)
>>>>>>>>>>>>>>>>>>>>>>>>>>>>>>>>>>>>>>>>>>>>>>>>>>>>>>>>>>>>>>>>>>>>>>>>>>>>>>>>>>>>>>>>>>>>>>>>>>>>
epoch: 99
[DEBUG] Sample predictions in evaluate:  tensor([0, 0, 0, 0, 0, 0, 0, 0, 0, 0], device='cuda:0')
Batch 0 completed in 0.17 seconds (0.00 minutes)
loss: 1.153869, val_acc: 25.60% (0.256019), val_f1: 13.59% (0.135889), test_acc: 26.42% (0.264240), test_f1: 13.93% (0.139340)
Batch 60 completed in 0.17 seconds (0.00 minutes)
loss: 1.132871, val_acc: 47.21% (0.472108), val_f1: 27.69% (0.276884), test_acc: 48.91% (0.489137), test_f1: 29.29% (0.292932)
Batch 120 completed in 0.17 seconds (0.00 minutes)
loss: 1.092122, val_acc: 28.19% (0.281856), val_f1: 17.69% (0.176859), test_acc: 29.30% (0.293012), test_f1: 18.50% (0.185047)
Batch 180 completed in 0.16 seconds (0.00 minutes)
loss: 1.168800, val_acc: 46.62% (0.466236), val_f1: 31.48% (0.314826), test_acc: 47.97% (0.479742), test_f1: 32.41% (0.324146)
Epoch 99 completed in 58.61 seconds (0.98 minutes)
RESULT: Max Val F1: 0.399035, Max Test F1: 0.375656
Training complete. Generating confusion matrix on the test set.
Confusion matrix saved to /home/rgg2706/Multimodal-Sentiment-Analysis/Logs/SIMPLE-F3/2025-02-14/sub-1/011_Feb-14-2025_02:37_PM/confusion_matrix.png
Reading TensorBoard loss at each epoch:
Available tags: {'images': [], 'audio': [], 'histograms': [], 'scalars': ['Loss/train_batch', 'Loss/val_log_step', 'Loss/train_epoch', 'Loss/val_epoch'], 'distributions': [], 'tensors': [], 'graph': False, 'meta_graph': False, 'run_metadata': []}
Output File: /home/rgg2706/Multimodal-Sentiment-Analysis/Logs/SIMPLE-F3/2025-02-14/sub-1/011_Feb-14-2025_02:37_PM/trainval_loss_curves.png
Training and validation loss curves saved to /home/rgg2706/Multimodal-Sentiment-Analysis/Logs/SIMPLE-F3/2025-02-14/sub-1/011_Feb-14-2025_02:37_PM/trainval_loss_curves.png
Total Completion Time: 103.63 minutes. (1.73 hours) 
