SLURM Job ID: 20058317
This model run adds averaged macro-F1 and weighted macro-F1
Model: MOASC3
Dataset: MVSA-single
directory /home/rgg2706/Multimodal-Sentiment-Analysis/Datasets/MOA-MVSA-single exists
directory /home/rgg2706/Multimodal-Sentiment-Analysis/Datasets/MOA-MVSA-multiple exists
directory /home/rgg2706/Multimodal-Sentiment-Analysis/Models/MOASC3/SaveFiles/SentimentClassifier exists
/home/rgg2706/Multimodal-Sentiment-Analysis/Models/MOASC3/Datasets/MVSA-single/text
/home/rgg2706/Multimodal-Sentiment-Analysis/Models/MOASC3/Datasets/MVSA-single/image
   ID  text  image
0   1     2      1
1   2     2      1
2   3     2      1
3   4     1      1
4   5     1      1
5   6     1      1
6   7     1      1
7   8     2      1
8   9     1      1
9  10     0      0

[DEBUG] First 5 training texts:
    ID: 1 | Overall sentiment: 1 | Text: how  i feel today legday jelly aching gym 
    ID: 2 | Overall sentiment: 1 | Text: grattis min griskulting!!?? va bara tvungen oki s? sch ? ingenkommerattrodig pig happybday wow lovely cut 
    ID: 4 | Overall sentiment: 1 | Text: esco  we have a young and energetic team and we pride ourselves on offering the highes hoer 
    ID: 6 | Overall sentiment: 1 | Text:  babeshawnmendes that was really energetic 
    ID: 7 | Overall sentiment: 1 | Text:  deepikapadukone  to my most hard workingfun loving and energetic team.. thank you and  i love you! 
    Iteration 20 of epoch 1 completed. Loss : 1.099574327468872 Accuracy : 37.50
    Iteration 40 of epoch 1 completed. Loss : 1.1017690896987915 Accuracy : 53.12
    Iteration 60 of epoch 1 completed. Loss : 1.097697138786316 Accuracy : 46.88
    Iteration 80 of epoch 1 completed. Loss : 1.0401456356048584 Accuracy : 56.25
    Iteration 100 of epoch 1 completed. Loss : 1.1249440908432007 Accuracy : 65.62
Best validation accuracy improved from 0.0 to 0.6346153846153846
Epoch 1 completed. Test dataset:
	 Loss: 0.9213
	 Accuracy : 71.67
	 Average recall: 0.4368
	 F1_PN: 0.6066
	 Macro-F1: 0.4182
	 Weighted-F1: 0.6637

Best test accuracy improved from 0.0 to 0.7166666666666667, saving model...
    Iteration 20 of epoch 2 completed. Loss : 1.0586662292480469 Accuracy : 50.00
    Iteration 40 of epoch 2 completed. Loss : 1.0454258918762207 Accuracy : 62.50
    Iteration 60 of epoch 2 completed. Loss : 0.979788601398468 Accuracy : 75.00
    Iteration 80 of epoch 2 completed. Loss : 0.879442572593689 Accuracy : 68.75
    Iteration 100 of epoch 2 completed. Loss : 0.9462205767631531 Accuracy : 65.62
Epoch 2 completed. Test dataset:
	 Loss: 0.9419
	 Accuracy : 57.50
	 Average recall: 0.5076
	 F1_PN: 0.6096
	 Macro-F1: 0.4714
	 Weighted-F1: 0.6181

    Iteration 20 of epoch 3 completed. Loss : 1.03232741355896 Accuracy : 62.50
    Iteration 40 of epoch 3 completed. Loss : 0.9797031879425049 Accuracy : 62.50
    Iteration 60 of epoch 3 completed. Loss : 0.8129240870475769 Accuracy : 71.88
    Iteration 80 of epoch 3 completed. Loss : 0.9274510145187378 Accuracy : 59.38
    Iteration 100 of epoch 3 completed. Loss : 0.7981941103935242 Accuracy : 81.25
Best validation accuracy improved from 0.6346153846153846 to 0.6534090909090909
Epoch 3 completed. Test dataset:
	 Loss: 0.9084
	 Accuracy : 62.08
	 Average recall: 0.5114
	 F1_PN: 0.6333
	 Macro-F1: 0.4901
	 Weighted-F1: 0.6544

    Iteration 20 of epoch 4 completed. Loss : 0.9274895787239075 Accuracy : 62.50
    Iteration 40 of epoch 4 completed. Loss : 0.844148576259613 Accuracy : 71.88
    Iteration 60 of epoch 4 completed. Loss : 0.8126617670059204 Accuracy : 75.00
    Iteration 80 of epoch 4 completed. Loss : 0.6767048835754395 Accuracy : 87.50
    Iteration 100 of epoch 4 completed. Loss : 0.8280912637710571 Accuracy : 84.38
Best validation accuracy improved from 0.6534090909090909 to 0.6988636363636365
Epoch 4 completed. Test dataset:
	 Loss: 0.8890
	 Accuracy : 65.62
	 Average recall: 0.5210
	 F1_PN: 0.6482
	 Macro-F1: 0.4961
	 Weighted-F1: 0.6656

    Iteration 20 of epoch 5 completed. Loss : 0.7554761171340942 Accuracy : 81.25
    Iteration 40 of epoch 5 completed. Loss : 0.78659588098526 Accuracy : 78.12
    Iteration 60 of epoch 5 completed. Loss : 0.7865871787071228 Accuracy : 78.12
    Iteration 80 of epoch 5 completed. Loss : 0.6615167260169983 Accuracy : 87.50
    Iteration 100 of epoch 5 completed. Loss : 0.7207109928131104 Accuracy : 87.50
Best validation accuracy improved from 0.6988636363636365 to 0.7025786713286712
Epoch 5 completed. Test dataset:
	 Loss: 0.8647
	 Accuracy : 67.29
	 Average recall: 0.5147
	 F1_PN: 0.6572
	 Macro-F1: 0.5038
	 Weighted-F1: 0.6795

    Iteration 20 of epoch 6 completed. Loss : 0.7189563512802124 Accuracy : 84.38
    Iteration 40 of epoch 6 completed. Loss : 0.811439037322998 Accuracy : 71.88
    Iteration 60 of epoch 6 completed. Loss : 0.7644140124320984 Accuracy : 81.25
    Iteration 80 of epoch 6 completed. Loss : 0.6146518588066101 Accuracy : 93.75
    Iteration 100 of epoch 6 completed. Loss : 0.7188464999198914 Accuracy : 90.62
Epoch 6 completed. Test dataset:
	 Loss: 0.8791
	 Accuracy : 67.29
	 Average recall: 0.5302
	 F1_PN: 0.6529
	 Macro-F1: 0.5111
	 Weighted-F1: 0.6939

    Iteration 20 of epoch 7 completed. Loss : 0.6645104885101318 Accuracy : 90.62
    Iteration 40 of epoch 7 completed. Loss : 0.7892409563064575 Accuracy : 78.12
    Iteration 60 of epoch 7 completed. Loss : 0.7606622576713562 Accuracy : 78.12
    Iteration 80 of epoch 7 completed. Loss : 0.6143100261688232 Accuracy : 93.75
    Iteration 100 of epoch 7 completed. Loss : 0.7512098550796509 Accuracy : 84.38
Epoch 7 completed. Test dataset:
	 Loss: 0.8609
	 Accuracy : 68.75
	 Average recall: 0.5238
	 F1_PN: 0.6648
	 Macro-F1: 0.5090
	 Weighted-F1: 0.6873

    Iteration 20 of epoch 8 completed. Loss : 0.7379587292671204 Accuracy : 87.50
    Iteration 40 of epoch 8 completed. Loss : 0.9237126111984253 Accuracy : 71.88
    Iteration 60 of epoch 8 completed. Loss : 0.7591251730918884 Accuracy : 81.25
    Iteration 80 of epoch 8 completed. Loss : 0.6139534711837769 Accuracy : 93.75
    Iteration 100 of epoch 8 completed. Loss : 0.6585881114006042 Accuracy : 90.62
Epoch 8 completed. Test dataset:
	 Loss: 0.8511
	 Accuracy : 70.42
	 Average recall: 0.5333
	 F1_PN: 0.6773
	 Macro-F1: 0.5141
	 Weighted-F1: 0.7123

    Iteration 20 of epoch 9 completed. Loss : 0.7072839140892029 Accuracy : 87.50
    Iteration 40 of epoch 9 completed. Loss : 0.7713429927825928 Accuracy : 81.25
    Iteration 60 of epoch 9 completed. Loss : 0.758917510509491 Accuracy : 78.12
    Iteration 80 of epoch 9 completed. Loss : 0.6146774888038635 Accuracy : 93.75
    Iteration 100 of epoch 9 completed. Loss : 0.678068220615387 Accuracy : 87.50
Epoch 9 completed. Test dataset:
	 Loss: 0.8504
	 Accuracy : 70.42
	 Average recall: 0.5375
	 F1_PN: 0.6801
	 Macro-F1: 0.5198
	 Weighted-F1: 0.7140

    Iteration 20 of epoch 10 completed. Loss : 0.7057071328163147 Accuracy : 84.38
    Iteration 40 of epoch 10 completed. Loss : 0.8066818714141846 Accuracy : 78.12
    Iteration 60 of epoch 10 completed. Loss : 0.7683762907981873 Accuracy : 78.12
    Iteration 80 of epoch 10 completed. Loss : 0.6145198345184326 Accuracy : 93.75
    Iteration 100 of epoch 10 completed. Loss : 0.6622942090034485 Accuracy : 90.62
Epoch 10 completed. Test dataset:
	 Loss: 0.8509
	 Accuracy : 70.42
	 Average recall: 0.5375
	 F1_PN: 0.6801
	 Macro-F1: 0.5198
	 Weighted-F1: 0.7140

    Iteration 20 of epoch 11 completed. Loss : 0.6303543448448181 Accuracy : 93.75
    Iteration 40 of epoch 11 completed. Loss : 0.768031656742096 Accuracy : 81.25
    Iteration 60 of epoch 11 completed. Loss : 0.7612579464912415 Accuracy : 81.25
    Iteration 80 of epoch 11 completed. Loss : 0.583196759223938 Accuracy : 96.88
    Iteration 100 of epoch 11 completed. Loss : 0.6595169305801392 Accuracy : 90.62
Epoch 11 completed. Test dataset:
	 Loss: 0.8513
	 Accuracy : 70.42
	 Average recall: 0.5375
	 F1_PN: 0.6801
	 Macro-F1: 0.5198
	 Weighted-F1: 0.7140

    Iteration 20 of epoch 12 completed. Loss : 0.6515927910804749 Accuracy : 90.62
    Iteration 40 of epoch 12 completed. Loss : 0.8164267539978027 Accuracy : 78.12
    Iteration 60 of epoch 12 completed. Loss : 0.7301889061927795 Accuracy : 84.38
    Iteration 80 of epoch 12 completed. Loss : 0.6195627450942993 Accuracy : 93.75
    Iteration 100 of epoch 12 completed. Loss : 0.6739281415939331 Accuracy : 87.50
Epoch 12 completed. Test dataset:
	 Loss: 0.8515
	 Accuracy : 70.42
	 Average recall: 0.5375
	 F1_PN: 0.6801
	 Macro-F1: 0.5198
	 Weighted-F1: 0.7140

    Iteration 20 of epoch 13 completed. Loss : 0.6319266557693481 Accuracy : 93.75
    Iteration 40 of epoch 13 completed. Loss : 0.7730510830879211 Accuracy : 81.25
    Iteration 60 of epoch 13 completed. Loss : 0.7642448544502258 Accuracy : 81.25
    Iteration 80 of epoch 13 completed. Loss : 0.6146837472915649 Accuracy : 93.75
    Iteration 100 of epoch 13 completed. Loss : 0.6642463207244873 Accuracy : 90.62
Epoch 13 completed. Test dataset:
	 Loss: 0.8514
	 Accuracy : 70.42
	 Average recall: 0.5375
	 F1_PN: 0.6801
	 Macro-F1: 0.5198
	 Weighted-F1: 0.7140

    Iteration 20 of epoch 14 completed. Loss : 0.6305177807807922 Accuracy : 93.75
    Iteration 40 of epoch 14 completed. Loss : 0.8949374556541443 Accuracy : 71.88
    Iteration 60 of epoch 14 completed. Loss : 0.7359710335731506 Accuracy : 84.38
    Iteration 80 of epoch 14 completed. Loss : 0.6164145469665527 Accuracy : 93.75
    Iteration 100 of epoch 14 completed. Loss : 0.6591763496398926 Accuracy : 87.50
Epoch 14 completed. Test dataset:
	 Loss: 0.8514
	 Accuracy : 70.42
	 Average recall: 0.5375
	 F1_PN: 0.6801
	 Macro-F1: 0.5198
	 Weighted-F1: 0.7140

    Iteration 20 of epoch 15 completed. Loss : 0.6160995364189148 Accuracy : 96.88
    Iteration 40 of epoch 15 completed. Loss : 0.7745614051818848 Accuracy : 81.25
    Iteration 60 of epoch 15 completed. Loss : 0.7571530938148499 Accuracy : 81.25
    Iteration 80 of epoch 15 completed. Loss : 0.6143388152122498 Accuracy : 93.75
    Iteration 100 of epoch 15 completed. Loss : 0.6580467820167542 Accuracy : 90.62
Epoch 15 completed. Test dataset:
	 Loss: 0.8514
	 Accuracy : 70.42
	 Average recall: 0.5375
	 F1_PN: 0.6801
	 Macro-F1: 0.5198
	 Weighted-F1: 0.7140

    Iteration 20 of epoch 16 completed. Loss : 0.6202412843704224 Accuracy : 93.75
    Iteration 40 of epoch 16 completed. Loss : 0.8217861652374268 Accuracy : 78.12
    Iteration 60 of epoch 16 completed. Loss : 0.7355836629867554 Accuracy : 84.38
    Iteration 80 of epoch 16 completed. Loss : 0.6146009564399719 Accuracy : 93.75
    Iteration 100 of epoch 16 completed. Loss : 0.6636978387832642 Accuracy : 90.62
Epoch 16 completed. Test dataset:
	 Loss: 0.8514
	 Accuracy : 70.42
	 Average recall: 0.5375
	 F1_PN: 0.6801
	 Macro-F1: 0.5198
	 Weighted-F1: 0.7140

    Iteration 20 of epoch 17 completed. Loss : 0.6322857737541199 Accuracy : 93.75
    Iteration 40 of epoch 17 completed. Loss : 0.8291990756988525 Accuracy : 78.12
    Iteration 60 of epoch 17 completed. Loss : 0.7560628056526184 Accuracy : 81.25
    Iteration 80 of epoch 17 completed. Loss : 0.6146896481513977 Accuracy : 93.75
    Iteration 100 of epoch 17 completed. Loss : 0.6540253162384033 Accuracy : 90.62
Epoch 17 completed. Test dataset:
	 Loss: 0.8514
	 Accuracy : 70.42
	 Average recall: 0.5375
	 F1_PN: 0.6801
	 Macro-F1: 0.5198
	 Weighted-F1: 0.7140

    Iteration 20 of epoch 18 completed. Loss : 0.6367326378822327 Accuracy : 93.75
    Iteration 40 of epoch 18 completed. Loss : 0.7666628360748291 Accuracy : 81.25
    Iteration 60 of epoch 18 completed. Loss : 0.7264830470085144 Accuracy : 84.38
    Iteration 80 of epoch 18 completed. Loss : 0.6176310777664185 Accuracy : 93.75
    Iteration 100 of epoch 18 completed. Loss : 0.677840530872345 Accuracy : 87.50
Epoch 18 completed. Test dataset:
	 Loss: 0.8514
	 Accuracy : 70.42
	 Average recall: 0.5375
	 F1_PN: 0.6801
	 Macro-F1: 0.5198
	 Weighted-F1: 0.7140

    Iteration 20 of epoch 19 completed. Loss : 0.6313811540603638 Accuracy : 93.75
    Iteration 40 of epoch 19 completed. Loss : 0.7748304605484009 Accuracy : 81.25
    Iteration 60 of epoch 19 completed. Loss : 0.7337392568588257 Accuracy : 84.38
    Iteration 80 of epoch 19 completed. Loss : 0.6172888875007629 Accuracy : 93.75
    Iteration 100 of epoch 19 completed. Loss : 0.665101945400238 Accuracy : 90.62
Epoch 19 completed. Test dataset:
	 Loss: 0.8514
	 Accuracy : 70.42
	 Average recall: 0.5375
	 F1_PN: 0.6801
	 Macro-F1: 0.5198
	 Weighted-F1: 0.7140

    Iteration 20 of epoch 20 completed. Loss : 0.610525369644165 Accuracy : 96.88
    Iteration 40 of epoch 20 completed. Loss : 0.7745921015739441 Accuracy : 81.25
    Iteration 60 of epoch 20 completed. Loss : 0.7478095889091492 Accuracy : 81.25
    Iteration 80 of epoch 20 completed. Loss : 0.6142063736915588 Accuracy : 93.75
    Iteration 100 of epoch 20 completed. Loss : 0.6628865003585815 Accuracy : 90.62
Epoch 20 completed. Test dataset:
	 Loss: 0.8515
	 Accuracy : 70.42
	 Average recall: 0.5375
	 F1_PN: 0.6801
	 Macro-F1: 0.5198
	 Weighted-F1: 0.7140

    Iteration 20 of epoch 21 completed. Loss : 0.6232308745384216 Accuracy : 93.75
    Iteration 40 of epoch 21 completed. Loss : 0.8431702256202698 Accuracy : 78.12
    Iteration 60 of epoch 21 completed. Loss : 0.7554324865341187 Accuracy : 81.25
    Iteration 80 of epoch 21 completed. Loss : 0.6143535375595093 Accuracy : 93.75
    Iteration 100 of epoch 21 completed. Loss : 0.6569785475730896 Accuracy : 90.62
Epoch 21 completed. Test dataset:
	 Loss: 0.8515
	 Accuracy : 70.42
	 Average recall: 0.5375
	 F1_PN: 0.6801
	 Macro-F1: 0.5198
	 Weighted-F1: 0.7140

    Iteration 20 of epoch 22 completed. Loss : 0.6178093552589417 Accuracy : 96.88
    Iteration 40 of epoch 22 completed. Loss : 0.7759629487991333 Accuracy : 81.25
    Iteration 60 of epoch 22 completed. Loss : 0.7397906184196472 Accuracy : 84.38
    Iteration 80 of epoch 22 completed. Loss : 0.6146661639213562 Accuracy : 93.75
    Iteration 100 of epoch 22 completed. Loss : 0.6710102558135986 Accuracy : 84.38
Epoch 22 completed. Test dataset:
	 Loss: 0.8515
	 Accuracy : 70.42
	 Average recall: 0.5375
	 F1_PN: 0.6801
	 Macro-F1: 0.5198
	 Weighted-F1: 0.7140

    Iteration 20 of epoch 23 completed. Loss : 0.6513357758522034 Accuracy : 90.62
    Iteration 40 of epoch 23 completed. Loss : 0.7578545212745667 Accuracy : 81.25
    Iteration 60 of epoch 23 completed. Loss : 0.748881459236145 Accuracy : 81.25
    Iteration 80 of epoch 23 completed. Loss : 0.5834355354309082 Accuracy : 96.88
    Iteration 100 of epoch 23 completed. Loss : 0.6594077348709106 Accuracy : 90.62
Epoch 23 completed. Test dataset:
	 Loss: 0.8515
	 Accuracy : 70.42
	 Average recall: 0.5375
	 F1_PN: 0.6801
	 Macro-F1: 0.5198
	 Weighted-F1: 0.7140

    Iteration 20 of epoch 24 completed. Loss : 0.6091752648353577 Accuracy : 96.88
    Iteration 40 of epoch 24 completed. Loss : 0.8032025098800659 Accuracy : 78.12
    Iteration 60 of epoch 24 completed. Loss : 0.7340930700302124 Accuracy : 84.38
    Iteration 80 of epoch 24 completed. Loss : 0.6120098829269409 Accuracy : 93.75
    Iteration 100 of epoch 24 completed. Loss : 0.6606907844543457 Accuracy : 90.62
Epoch 24 completed. Test dataset:
	 Loss: 0.8515
	 Accuracy : 70.42
	 Average recall: 0.5375
	 F1_PN: 0.6801
	 Macro-F1: 0.5198
	 Weighted-F1: 0.7140

    Iteration 20 of epoch 25 completed. Loss : 0.6412901282310486 Accuracy : 90.62
    Iteration 40 of epoch 25 completed. Loss : 0.8356039524078369 Accuracy : 78.12
    Iteration 60 of epoch 25 completed. Loss : 0.7322547435760498 Accuracy : 84.38
    Iteration 80 of epoch 25 completed. Loss : 0.6139448285102844 Accuracy : 93.75
    Iteration 100 of epoch 25 completed. Loss : 0.6718198657035828 Accuracy : 87.50
Epoch 25 completed. Test dataset:
	 Loss: 0.8515
	 Accuracy : 70.42
	 Average recall: 0.5375
	 F1_PN: 0.6801
	 Macro-F1: 0.5198
	 Weighted-F1: 0.7140

    Iteration 20 of epoch 26 completed. Loss : 0.6504809260368347 Accuracy : 90.62
    Iteration 40 of epoch 26 completed. Loss : 0.7837446928024292 Accuracy : 81.25
    Iteration 60 of epoch 26 completed. Loss : 0.7409791946411133 Accuracy : 84.38
    Iteration 80 of epoch 26 completed. Loss : 0.6143519878387451 Accuracy : 93.75
    Iteration 100 of epoch 26 completed. Loss : 0.6588983535766602 Accuracy : 90.62
Epoch 26 completed. Test dataset:
	 Loss: 0.8515
	 Accuracy : 70.42
	 Average recall: 0.5375
	 F1_PN: 0.6801
	 Macro-F1: 0.5198
	 Weighted-F1: 0.7140

    Iteration 20 of epoch 27 completed. Loss : 0.6310173273086548 Accuracy : 93.75
    Iteration 40 of epoch 27 completed. Loss : 0.7745857834815979 Accuracy : 81.25
    Iteration 60 of epoch 27 completed. Loss : 0.7339228987693787 Accuracy : 84.38
    Iteration 80 of epoch 27 completed. Loss : 0.6144494414329529 Accuracy : 93.75
    Iteration 100 of epoch 27 completed. Loss : 0.6557026505470276 Accuracy : 90.62
Epoch 27 completed. Test dataset:
	 Loss: 0.8515
	 Accuracy : 70.42
	 Average recall: 0.5375
	 F1_PN: 0.6801
	 Macro-F1: 0.5198
	 Weighted-F1: 0.7140

    Iteration 20 of epoch 28 completed. Loss : 0.6429693102836609 Accuracy : 90.62
    Iteration 40 of epoch 28 completed. Loss : 0.835716187953949 Accuracy : 78.12
    Iteration 60 of epoch 28 completed. Loss : 0.7393839955329895 Accuracy : 81.25
    Iteration 80 of epoch 28 completed. Loss : 0.6138070225715637 Accuracy : 93.75
    Iteration 100 of epoch 28 completed. Loss : 0.6755449175834656 Accuracy : 87.50
Epoch 28 completed. Test dataset:
	 Loss: 0.8515
	 Accuracy : 70.42
	 Average recall: 0.5375
	 F1_PN: 0.6801
	 Macro-F1: 0.5198
	 Weighted-F1: 0.7140

    Iteration 20 of epoch 29 completed. Loss : 0.6418152451515198 Accuracy : 93.75
    Iteration 40 of epoch 29 completed. Loss : 0.7417707443237305 Accuracy : 84.38
    Iteration 60 of epoch 29 completed. Loss : 0.7340406179428101 Accuracy : 84.38
    Iteration 80 of epoch 29 completed. Loss : 0.6144266128540039 Accuracy : 93.75
    Iteration 100 of epoch 29 completed. Loss : 0.6597985029220581 Accuracy : 90.62
Epoch 29 completed. Test dataset:
	 Loss: 0.8515
	 Accuracy : 70.42
	 Average recall: 0.5375
	 F1_PN: 0.6801
	 Macro-F1: 0.5198
	 Weighted-F1: 0.7140

    Iteration 20 of epoch 30 completed. Loss : 0.6288466453552246 Accuracy : 93.75
    Iteration 40 of epoch 30 completed. Loss : 0.772265613079071 Accuracy : 81.25
    Iteration 60 of epoch 30 completed. Loss : 0.732921302318573 Accuracy : 84.38
    Iteration 80 of epoch 30 completed. Loss : 0.6142374277114868 Accuracy : 93.75
    Iteration 100 of epoch 30 completed. Loss : 0.6575217247009277 Accuracy : 90.62
Epoch 30 completed. Test dataset:
	 Loss: 0.8515
	 Accuracy : 70.42
	 Average recall: 0.5375
	 F1_PN: 0.6801
	 Macro-F1: 0.5198
	 Weighted-F1: 0.7140

    Iteration 20 of epoch 31 completed. Loss : 0.6525164246559143 Accuracy : 90.62
    Iteration 40 of epoch 31 completed. Loss : 0.9080339670181274 Accuracy : 71.88
    Iteration 60 of epoch 31 completed. Loss : 0.7378239035606384 Accuracy : 84.38
    Iteration 80 of epoch 31 completed. Loss : 0.6145287752151489 Accuracy : 93.75
    Iteration 100 of epoch 31 completed. Loss : 0.6592204570770264 Accuracy : 90.62
Epoch 31 completed. Test dataset:
	 Loss: 0.8515
	 Accuracy : 70.42
	 Average recall: 0.5375
	 F1_PN: 0.6801
	 Macro-F1: 0.5198
	 Weighted-F1: 0.7140

    Iteration 20 of epoch 32 completed. Loss : 0.6302808523178101 Accuracy : 93.75
    Iteration 40 of epoch 32 completed. Loss : 0.8655308485031128 Accuracy : 75.00
    Iteration 60 of epoch 32 completed. Loss : 0.7454637885093689 Accuracy : 81.25
    Iteration 80 of epoch 32 completed. Loss : 0.6141797304153442 Accuracy : 93.75
    Iteration 100 of epoch 32 completed. Loss : 0.6605695486068726 Accuracy : 90.62
Epoch 32 completed. Test dataset:
	 Loss: 0.8515
	 Accuracy : 70.42
	 Average recall: 0.5375
	 F1_PN: 0.6801
	 Macro-F1: 0.5198
	 Weighted-F1: 0.7140

    Iteration 20 of epoch 33 completed. Loss : 0.648806095123291 Accuracy : 90.62
    Iteration 40 of epoch 33 completed. Loss : 0.77094566822052 Accuracy : 81.25
    Iteration 60 of epoch 33 completed. Loss : 0.7386464476585388 Accuracy : 81.25
    Iteration 80 of epoch 33 completed. Loss : 0.6140803098678589 Accuracy : 93.75
    Iteration 100 of epoch 33 completed. Loss : 0.673695981502533 Accuracy : 90.62
Epoch 33 completed. Test dataset:
	 Loss: 0.8516
	 Accuracy : 70.42
	 Average recall: 0.5375
	 F1_PN: 0.6801
	 Macro-F1: 0.5198
	 Weighted-F1: 0.7140

    Iteration 20 of epoch 34 completed. Loss : 0.6391130089759827 Accuracy : 90.62
    Iteration 40 of epoch 34 completed. Loss : 0.7709434628486633 Accuracy : 81.25
    Iteration 60 of epoch 34 completed. Loss : 0.7645319700241089 Accuracy : 78.12
    Iteration 80 of epoch 34 completed. Loss : 0.6146106123924255 Accuracy : 93.75
    Iteration 100 of epoch 34 completed. Loss : 0.6683785319328308 Accuracy : 87.50
Epoch 34 completed. Test dataset:
	 Loss: 0.8516
	 Accuracy : 70.42
	 Average recall: 0.5375
	 F1_PN: 0.6801
	 Macro-F1: 0.5198
	 Weighted-F1: 0.7140

    Iteration 20 of epoch 35 completed. Loss : 0.6503798365592957 Accuracy : 90.62
    Iteration 40 of epoch 35 completed. Loss : 0.8007003664970398 Accuracy : 78.12
    Iteration 60 of epoch 35 completed. Loss : 0.7573699355125427 Accuracy : 81.25
    Iteration 80 of epoch 35 completed. Loss : 0.6142486333847046 Accuracy : 93.75
    Iteration 100 of epoch 35 completed. Loss : 0.7026091814041138 Accuracy : 87.50
Epoch 35 completed. Test dataset:
	 Loss: 0.8516
	 Accuracy : 70.42
	 Average recall: 0.5375
	 F1_PN: 0.6801
	 Macro-F1: 0.5198
	 Weighted-F1: 0.7140

    Iteration 20 of epoch 36 completed. Loss : 0.6516515612602234 Accuracy : 90.62
    Iteration 40 of epoch 36 completed. Loss : 0.767417311668396 Accuracy : 81.25
    Iteration 60 of epoch 36 completed. Loss : 0.7405136823654175 Accuracy : 84.38
    Iteration 80 of epoch 36 completed. Loss : 0.6144961714744568 Accuracy : 93.75
    Iteration 100 of epoch 36 completed. Loss : 0.673444926738739 Accuracy : 87.50
Epoch 36 completed. Test dataset:
	 Loss: 0.8516
	 Accuracy : 70.42
	 Average recall: 0.5375
	 F1_PN: 0.6801
	 Macro-F1: 0.5198
	 Weighted-F1: 0.7140

    Iteration 20 of epoch 37 completed. Loss : 0.6316020488739014 Accuracy : 93.75
    Iteration 40 of epoch 37 completed. Loss : 0.7775839567184448 Accuracy : 81.25
    Iteration 60 of epoch 37 completed. Loss : 0.7358902096748352 Accuracy : 81.25
    Iteration 80 of epoch 37 completed. Loss : 0.612845778465271 Accuracy : 93.75
    Iteration 100 of epoch 37 completed. Loss : 0.6630094647407532 Accuracy : 90.62
Epoch 37 completed. Test dataset:
	 Loss: 0.8516
	 Accuracy : 70.42
	 Average recall: 0.5375
	 F1_PN: 0.6801
	 Macro-F1: 0.5198
	 Weighted-F1: 0.7140

    Iteration 20 of epoch 38 completed. Loss : 0.6847481727600098 Accuracy : 90.62
    Iteration 40 of epoch 38 completed. Loss : 0.777442455291748 Accuracy : 81.25
    Iteration 60 of epoch 38 completed. Loss : 0.7406579852104187 Accuracy : 84.38
    Iteration 80 of epoch 38 completed. Loss : 0.6144188642501831 Accuracy : 93.75
    Iteration 100 of epoch 38 completed. Loss : 0.65595543384552 Accuracy : 90.62
Epoch 38 completed. Test dataset:
	 Loss: 0.8515
	 Accuracy : 70.42
	 Average recall: 0.5375
	 F1_PN: 0.6801
	 Macro-F1: 0.5198
	 Weighted-F1: 0.7140

    Iteration 20 of epoch 39 completed. Loss : 0.6355753540992737 Accuracy : 93.75
    Iteration 40 of epoch 39 completed. Loss : 0.7804884314537048 Accuracy : 81.25
    Iteration 60 of epoch 39 completed. Loss : 0.7490512728691101 Accuracy : 81.25
    Iteration 80 of epoch 39 completed. Loss : 0.6143743991851807 Accuracy : 93.75
    Iteration 100 of epoch 39 completed. Loss : 0.6640944480895996 Accuracy : 87.50
Epoch 39 completed. Test dataset:
	 Loss: 0.8516
	 Accuracy : 70.42
	 Average recall: 0.5375
	 F1_PN: 0.6801
	 Macro-F1: 0.5198
	 Weighted-F1: 0.7140

    Iteration 20 of epoch 40 completed. Loss : 0.6297378540039062 Accuracy : 93.75
    Iteration 40 of epoch 40 completed. Loss : 0.7805989980697632 Accuracy : 81.25
    Iteration 60 of epoch 40 completed. Loss : 0.7342899441719055 Accuracy : 84.38
    Iteration 80 of epoch 40 completed. Loss : 0.6141603589057922 Accuracy : 93.75
    Iteration 100 of epoch 40 completed. Loss : 0.6815090179443359 Accuracy : 87.50
Epoch 40 completed. Test dataset:
	 Loss: 0.8516
	 Accuracy : 70.42
	 Average recall: 0.5375
	 F1_PN: 0.6801
	 Macro-F1: 0.5198
	 Weighted-F1: 0.7140

