SLURM Job ID: 19843928
Number of GPUs available: 1
Python PATH: ['/home/rgg2706/Multimodal-Sentiment-Analysis/Models/SIMPLE-T/src', '/home/rgg2706/Multimodal-Sentiment-Analysis', '/Models/SIMPLE-T/src', '/.autofs/tools/spack/var/spack/environments/default-nlp-x86_64-24072401/.spack-env/._view/wtxwc3mlkmzy7fbaxlum2674jarpitc2/lib/python311.zip', '/.autofs/tools/spack/var/spack/environments/default-nlp-x86_64-24072401/.spack-env/._view/wtxwc3mlkmzy7fbaxlum2674jarpitc2/lib/python3.11', '/.autofs/tools/spack/var/spack/environments/default-nlp-x86_64-24072401/.spack-env/._view/wtxwc3mlkmzy7fbaxlum2674jarpitc2/lib/python3.11/lib-dynload', '/.autofs/tools/spack/var/spack/environments/default-nlp-x86_64-24072401/.spack-env/._view/wtxwc3mlkmzy7fbaxlum2674jarpitc2/lib/python3.11/site-packages']
Logs directory: /home/rgg2706/Multimodal-Sentiment-Analysis/Logs/SIMPLE-T/2025-02-07/sub-1/027_Feb-07-2025_05:44_PM
> training arguments:
>>> rand_seed: 8
>>> model_fusion: simpletext
>>> dataset: mvsa-mts-v3
>>> optimizer: <class 'torch.optim.adam.Adam'>
>>> initializer: <function xavier_uniform_ at 0x7fd4f5925440>
>>> learning_rate: 0.001
>>> dropout_rate: 0.5
>>> weight_decay: 0.0
>>> num_layers: 3
>>> num_epoch: 200
>>> batch_size: 64
>>> log_step: 60
>>> max_seq_len: 10
>>> polarities_dim: 3
>>> clip_grad: 5.0
>>> path_image: ./images
>>> crop_size: 224
>>> n_head: 8
>>> hidden_dim: 256
>>> num_classes: 3
>>> log_dir: /home/rgg2706/Multimodal-Sentiment-Analysis/Logs/SIMPLE-T/2025-02-07/sub-1/027_Feb-07-2025_05:44_PM
>>> counter: 0
>>> model_class: <class 'models.simpletext.SimpleText'>
Loading dataset 'mvsa-mts-v3':
  Train path: Datasets/MVSA-MTS/mvsa-mts-v3/train.tsv
Validation path: Datasets/MVSA-MTS/mvsa-mts-v3/val.tsv
  Test path: Datasets//MVSA-MTS/mvsa-mts-v3/test.tsv
loading word vectors...
building embedding_matrix: 200_glove_embedding_matrix.dat
-------------- Loading Datasets/MVSA-MTS/mvsa-mts-v3/train.tsv ---------------
[DEBUG] index: 706
[DEBUG] raw_text: PC Party, #Youth, #Education,Opportunity,#RenewableResources, Proudly #Canada's PCs #elxn42 http://t.co/NSwTddCHS8
[DEBUG] processed_str: pc party , , , opportunity , , proudly 's pcs
[DEBUG] text_indices: [2 3 4 4 4 5 4 4 6 7]
[DEBUG] polarity: 2
[DEBUG] index: 2699
[DEBUG] raw_text: Running through the 6 wit my woes #ComeTogether #BlueJays #inthe6
[DEBUG] processed_str: running through the 6 wit my woes
[DEBUG] text_indices: [ 9 10 11 12 13 14 15  0  0  0]
[DEBUG] polarity: 1
[DEBUG] index: 15657
[DEBUG] raw_text: #TruckTuesday | | support@innovativeautoworx.com | 403.242.2767 | #Trucks #YYC #Calgary | http://t.co/ruwEqCd3LT
[DEBUG] processed_str: | | support @ innovativeautoworx.com | 403.242.2767 | |
[DEBUG] text_indices: [16 16 17 18 19 16 20 16 16  0]
[DEBUG] polarity: 0
[DEBUG] index: 13219
[DEBUG] raw_text: I dont even care how ridiculous this looks #OTRAToronto is officially tomorrow and I am more than ready @onedirection
[DEBUG] processed_str: i dont even care how ridiculous this looks is officially tomorrow and i am more than ready @ onedirection
[DEBUG] text_indices: [21 22 23 24 25 26 27 28 29 30]
[DEBUG] polarity: 0
Time taken to load Datasets/MVSA-MTS/mvsa-mts-v3/train.tsv: 2.74 seconds(0.05 minutes)
Train classes: [0, 1, 2], count=3
[DEBUG] First 5 samples from train_data:
PC Party, #Youth, #Education,Opportunity,#RenewableResources, Proudly #Canada's PCs #elxn42 http://t.co/NSwTddCHS8 2
Running through the 6 wit my woes #ComeTogether #BlueJays #inthe6 1
#TruckTuesday | | support@innovativeautoworx.com | 403.242.2767 | #Trucks #YYC #Calgary | http://t.co/ruwEqCd3LT 0
I dont even care how ridiculous this looks #OTRAToronto is officially tomorrow and I am more than ready @onedirection 0
#Automotive alert: Manufacturing Controls... | Nexteer Automotive | #Saginaw, MI #Auto http://t.co/En5uQ7JZDL 2
[DEBUG] Train label distribution:
{0: 3522, 1: 3468, 2: 6631}
-------------- Loading Datasets/MVSA-MTS/mvsa-mts-v3/val.tsv ---------------
[DEBUG] index: 18681
[DEBUG] raw_text: ***Steven thinking about the life he just left behind with his beloved, Sam. Should he have stayed?...to be continued
[DEBUG] processed_str: * * * steven thinking about the life he just left behind with his beloved , sam . should he have stayed ? ... to be continued
[DEBUG] text_indices: [1738 1738 1738 5909 1825  861   11  914  665  383]
[DEBUG] polarity: 2
[DEBUG] index: 16242
[DEBUG] raw_text: Thanks for an amazing summer #yyc,53 organizations engaged youth in 350 projects to contribute 20000 volunteer hours!
[DEBUG] processed_str: thanks for an amazing summer ,53 organizations engaged youth in 350 projects to contribute 20000 volunteer hours !
[DEBUG] text_indices: [  637    48   558    96   729 20004 11945 16656  2499    51]
[DEBUG] polarity: 2
[DEBUG] index: 9628
[DEBUG] raw_text: HSR fares go up on Tuesday. Tickets (new issue) are $2.15. Don't be overcharged! #HamOnt #HSR https://t.co/zBxyTmcy1o
[DEBUG] processed_str: hsr fares go up on tuesday . tickets ( new issue ) are $ 2.15 . do n't be overcharged !
[DEBUG] text_indices: [10817 17006   463   233    84   730    81   591   150    91]
[DEBUG] polarity: 1
[DEBUG] index: 6350
[DEBUG] raw_text: @Calum5SOS just saw this on my Instagram feed and instantly thought of you #JetBlackHeart #ShesKindaHotVMA
[DEBUG] processed_str: @ calum5sos just saw this on my instagram feed and instantly thought of you
[DEBUG] text_indices: [  18 2337  383 1564   27   84   14 1881 3978   32]
[DEBUG] polarity: 0
Time taken to load Datasets/MVSA-MTS/mvsa-mts-v3/val.tsv: 0.34 seconds(0.01 minutes)
Val classes: [0, 1, 2], count=3
[DEBUG] First 5 samples from train_data:
***Steven thinking about the life he just left behind with his beloved, Sam. Should he have stayed?...to be continued 2
Thanks for an amazing summer #yyc,53 organizations engaged youth in 350 projects to contribute 20000 volunteer hours! 2
HSR fares go up on Tuesday. Tickets (new issue) are $2.15. Don't be overcharged! #HamOnt #HSR https://t.co/zBxyTmcy1o 1
@Calum5SOS just saw this on my Instagram feed and instantly thought of you #JetBlackHeart #ShesKindaHotVMA 0
#selfiefornash @Nashgrier You've helped me get through the rough times Nash. I love you ???????? 1
[DEBUG] Train label distribution:
{0: 3522, 1: 3468, 2: 6631}
-------------- Loading Datasets//MVSA-MTS/mvsa-mts-v3/test.tsv ---------------
[DEBUG] index: 14949
[DEBUG] raw_text: Candid shot at #Montreal @FetishWeekend. #smile latex: @HWD_Latex #iLoveBiancaMondays http://t.co/eDaoHprlRP
[DEBUG] processed_str: candid shot at @ fetishweekend . latex : @ hwd_latex
[DEBUG] text_indices: [21472   339    90    18  8994    81 21473    39    18  8993]
[DEBUG] polarity: 2
[DEBUG] index: 9542
[DEBUG] raw_text: #hamont stop by and help out Lynwood Hall raise some founds with a car wash! #lynwoodhallcarwash #machealth
[DEBUG] processed_str: stop by and help out lynwood hall raise some founds with a car wash !
[DEBUG] text_indices: [  443   282    32  1634    65 21474   804  3170   101 21475]
[DEBUG] polarity: 0
[DEBUG] index: 6309
[DEBUG] raw_text: EVEN MY NEICE WANTS TO VOTE #ShesKindaHotVMA
[DEBUG] processed_str: even my neice wants to vote
[DEBUG] text_indices: [   23    14 21476  3960   106   834     0     0     0     0]
[DEBUG] polarity: 2
[DEBUG] index: 17974
[DEBUG] raw_text: Looks like I'm going alone ????
[DEBUG] processed_str: looks like i 'm going alone ? ? ? ?
[DEBUG] text_indices: [  28  164   21  165  423 2212   69   69   69   69]
[DEBUG] polarity: 2
Time taken to load Datasets//MVSA-MTS/mvsa-mts-v3/test.tsv: 0.34 seconds(0.01 minutes)
Test classes: [0, 1, 2], count=3
[DEBUG] First 5 samples from train_data:
Candid shot at #Montreal @FetishWeekend. #smile latex: @HWD_Latex #iLoveBiancaMondays http://t.co/eDaoHprlRP 2
#hamont stop by and help out Lynwood Hall raise some founds with a car wash! #lynwoodhallcarwash #machealth 0
EVEN MY NEICE WANTS TO VOTE #ShesKindaHotVMA 2
Looks like I'm going alone ???? 2
Here it comes!! @comedynest Sept 24-26 Call 514-932-6378 for reservations! #derekseguin #comedy #montreal #fun 2
[DEBUG] Train label distribution:
{0: 3522, 1: 3468, 2: 6631}
[DEBUG] 95th percentile sequence length across all splits: 23.00
Total Training Samples: 17027
Number of Training Samples: 13621
Number of Validation Samples: 1703
Number of Test Samples: 1703
Number of unique sentiment classes: 3
Building model
1
n_trainable_params: 394243, n_nontrainable_params: 0
>>>>>>>>>>>>>>>>>>>>>>>>>>>>>>>>>>>>>>>>>>>>>>>>>>>>>>>>>>>>>>>>>>>>>>>>>>>>>>>>>>>>>>>>>>>>>>>>>>>>
epoch: 0
[DEBUG] text_indices.shape: torch.Size([64, 10])
[DEBUG] embedded_text.shape: torch.Size([64, 10, 200])
[DEBUG] lstm_output.shape: torch.Size([64, 10, 1536])
[DEBUG] h_n.shape: torch.Size([6, 64, 768])
[DEBUG] c_n.shape: torch.Size([6, 64, 768])
[DEBUG] text_features.shape: torch.Size([64, 1536])
[DEBUG] Sample predictions in evaluate:  tensor([1, 0, 1, 1, 1, 1, 0, 1, 0, 0], device='cuda:0')
[DEBUG] outputs.shape: torch.Size([64, 3])
[DEBUG] Sample of raw logits (first 5):
tensor([[ 0.0232,  0.0292, -0.0407],
        [ 0.0333,  0.0323, -0.0443],
        [ 0.0217,  0.0340, -0.0364],
        [ 0.0288,  0.0338, -0.0440],
        [ 0.0295,  0.0424, -0.0532]], device='cuda:0',
       grad_fn=<SliceBackward0>)
[DEBUG] Sample of predicted probabilities (first 5):
tensor([[0.3397, 0.3417, 0.3186],
        [0.3420, 0.3416, 0.3164],
        [0.3383, 0.3425, 0.3192],
        [0.3407, 0.3425, 0.3168],
        [0.3409, 0.3453, 0.3138]], device='cuda:0', grad_fn=<SliceBackward0>)
Batch 0 completed in 0.62 seconds (0.01 minutes)
New best val_f1: 0.217563 (previous best: 0.000000)
loss: 1.112081, val_acc: 48.44% (0.484439), val_f1: 21.76% (0.217563), test_acc: 48.27% (0.482678), test_f1: 21.70% (0.217030)
Batch 60 completed in 0.01 seconds (0.00 minutes)
loss: 1.051574, val_acc: 48.44% (0.484439), val_f1: 21.76% (0.217563), test_acc: 48.27% (0.482678), test_f1: 21.70% (0.217030)
Batch 120 completed in 0.01 seconds (0.00 minutes)
loss: 1.064815, val_acc: 48.44% (0.484439), val_f1: 21.76% (0.217563), test_acc: 48.27% (0.482678), test_f1: 21.70% (0.217030)
Batch 180 completed in 0.01 seconds (0.00 minutes)
New best val_f1: 0.218433 (previous best: 0.217563)
loss: 1.036755, val_acc: 48.21% (0.482090), val_f1: 21.84% (0.218433), test_acc: 48.27% (0.482678), test_f1: 21.70% (0.217030)
Epoch 0 completed in 2.56 seconds (0.04 minutes)
>>>>>>>>>>>>>>>>>>>>>>>>>>>>>>>>>>>>>>>>>>>>>>>>>>>>>>>>>>>>>>>>>>>>>>>>>>>>>>>>>>>>>>>>>>>>>>>>>>>>
epoch: 1
Batch 0 completed in 0.01 seconds (0.00 minutes)
loss: 1.067088, val_acc: 48.44% (0.484439), val_f1: 21.76% (0.217649), test_acc: 48.27% (0.482678), test_f1: 21.70% (0.217030)
Batch 60 completed in 0.01 seconds (0.00 minutes)
New best val_f1: 0.231490 (previous best: 0.218433)
loss: 1.058591, val_acc: 48.39% (0.483852), val_f1: 23.15% (0.231490), test_acc: 48.62% (0.486201), test_f1: 23.31% (0.233142)
Batch 120 completed in 0.01 seconds (0.00 minutes)
New best val_f1: 0.265975 (previous best: 0.231490)
loss: 0.972503, val_acc: 48.80% (0.487962), val_f1: 26.60% (0.265975), test_acc: 49.32% (0.493247), test_f1: 26.84% (0.268447)
Batch 180 completed in 0.01 seconds (0.00 minutes)
loss: 0.959029, val_acc: 48.62% (0.486201), val_f1: 24.59% (0.245946), test_acc: 48.80% (0.487962), test_f1: 24.13% (0.241346)
Epoch 1 completed in 1.90 seconds (0.03 minutes)
>>>>>>>>>>>>>>>>>>>>>>>>>>>>>>>>>>>>>>>>>>>>>>>>>>>>>>>>>>>>>>>>>>>>>>>>>>>>>>>>>>>>>>>>>>>>>>>>>>>>
epoch: 2
Batch 0 completed in 0.01 seconds (0.00 minutes)
loss: 0.950362, val_acc: 48.44% (0.484439), val_f1: 22.20% (0.221965), test_acc: 48.39% (0.483852), test_f1: 22.02% (0.220152)
Batch 60 completed in 0.01 seconds (0.00 minutes)
New best val_f1: 0.299606 (previous best: 0.265975)
loss: 1.078036, val_acc: 49.74% (0.497358), val_f1: 29.96% (0.299606), test_acc: 49.79% (0.497945), test_f1: 29.84% (0.298444)
Batch 120 completed in 0.01 seconds (0.00 minutes)
loss: 1.049021, val_acc: 49.32% (0.493247), val_f1: 26.76% (0.267558), test_acc: 49.09% (0.490898), test_f1: 25.72% (0.257213)
Batch 180 completed in 0.01 seconds (0.00 minutes)
New best val_f1: 0.301012 (previous best: 0.299606)
loss: 1.015886, val_acc: 49.79% (0.497945), val_f1: 30.10% (0.301012), test_acc: 49.68% (0.496770), test_f1: 29.76% (0.297568)
Epoch 2 completed in 1.91 seconds (0.03 minutes)
>>>>>>>>>>>>>>>>>>>>>>>>>>>>>>>>>>>>>>>>>>>>>>>>>>>>>>>>>>>>>>>>>>>>>>>>>>>>>>>>>>>>>>>>>>>>>>>>>>>>
epoch: 3
Batch 0 completed in 0.01 seconds (0.00 minutes)
New best val_f1: 0.345929 (previous best: 0.301012)
loss: 1.048564, val_acc: 48.15% (0.481503), val_f1: 34.59% (0.345929), test_acc: 48.80% (0.487962), test_f1: 35.09% (0.350916)
Batch 60 completed in 0.01 seconds (0.00 minutes)
loss: 0.992755, val_acc: 49.68% (0.496770), val_f1: 31.30% (0.312966), test_acc: 50.09% (0.500881), test_f1: 32.26% (0.322600)
Batch 120 completed in 0.01 seconds (0.00 minutes)
loss: 0.902718, val_acc: 49.97% (0.499706), val_f1: 30.21% (0.302125), test_acc: 49.15% (0.491486), test_f1: 29.04% (0.290365)
Batch 180 completed in 0.01 seconds (0.00 minutes)
loss: 0.952469, val_acc: 49.32% (0.493247), val_f1: 26.75% (0.267549), test_acc: 49.09% (0.490898), test_f1: 26.04% (0.260359)
Epoch 3 completed in 1.90 seconds (0.03 minutes)
>>>>>>>>>>>>>>>>>>>>>>>>>>>>>>>>>>>>>>>>>>>>>>>>>>>>>>>>>>>>>>>>>>>>>>>>>>>>>>>>>>>>>>>>>>>>>>>>>>>>
epoch: 4
Batch 0 completed in 0.01 seconds (0.00 minutes)
loss: 1.029072, val_acc: 49.85% (0.498532), val_f1: 30.09% (0.300869), test_acc: 49.44% (0.494422), test_f1: 29.49% (0.294862)
Batch 60 completed in 0.01 seconds (0.00 minutes)
loss: 1.052057, val_acc: 49.15% (0.491486), val_f1: 26.26% (0.262589), test_acc: 49.15% (0.491486), test_f1: 25.64% (0.256393)
Batch 120 completed in 0.01 seconds (0.00 minutes)
loss: 1.007729, val_acc: 49.79% (0.497945), val_f1: 28.15% (0.281463), test_acc: 49.27% (0.492660), test_f1: 26.81% (0.268141)
Batch 180 completed in 0.01 seconds (0.00 minutes)
loss: 0.976710, val_acc: 49.85% (0.498532), val_f1: 31.34% (0.313361), test_acc: 49.97% (0.499706), test_f1: 31.77% (0.317655)
Epoch 4 completed in 1.90 seconds (0.03 minutes)
>>>>>>>>>>>>>>>>>>>>>>>>>>>>>>>>>>>>>>>>>>>>>>>>>>>>>>>>>>>>>>>>>>>>>>>>>>>>>>>>>>>>>>>>>>>>>>>>>>>>
epoch: 5
Batch 0 completed in 0.01 seconds (0.00 minutes)
loss: 0.994376, val_acc: 49.09% (0.490898), val_f1: 26.02% (0.260196), test_acc: 49.21% (0.492073), test_f1: 25.56% (0.255572)
Batch 60 completed in 0.01 seconds (0.00 minutes)
loss: 1.089796, val_acc: 49.44% (0.494422), val_f1: 27.01% (0.270137), test_acc: 49.32% (0.493247), test_f1: 26.55% (0.265488)
Batch 120 completed in 0.01 seconds (0.00 minutes)
loss: 0.964654, val_acc: 49.62% (0.496183), val_f1: 31.72% (0.317247), test_acc: 49.91% (0.499119), test_f1: 32.20% (0.322030)
Batch 180 completed in 0.01 seconds (0.00 minutes)
loss: 1.044911, val_acc: 48.91% (0.489137), val_f1: 33.28% (0.332828), test_acc: 50.21% (0.502055), test_f1: 34.54% (0.345401)
Epoch 5 completed in 1.93 seconds (0.03 minutes)
>>>>>>>>>>>>>>>>>>>>>>>>>>>>>>>>>>>>>>>>>>>>>>>>>>>>>>>>>>>>>>>>>>>>>>>>>>>>>>>>>>>>>>>>>>>>>>>>>>>>
epoch: 6
Batch 0 completed in 0.01 seconds (0.00 minutes)
loss: 0.962976, val_acc: 49.85% (0.498532), val_f1: 31.21% (0.312108), test_acc: 49.32% (0.493247), test_f1: 30.59% (0.305882)
Batch 60 completed in 0.01 seconds (0.00 minutes)
loss: 1.058608, val_acc: 50.21% (0.502055), val_f1: 32.02% (0.320213), test_acc: 49.74% (0.497358), test_f1: 31.52% (0.315236)
Batch 120 completed in 0.01 seconds (0.00 minutes)
New best val_f1: 0.349984 (previous best: 0.345929)
loss: 1.083140, val_acc: 48.74% (0.487375), val_f1: 35.00% (0.349984), test_acc: 49.44% (0.494422), test_f1: 35.59% (0.355858)
Batch 180 completed in 0.01 seconds (0.00 minutes)
loss: 1.051805, val_acc: 50.21% (0.502055), val_f1: 31.14% (0.311378), test_acc: 49.50% (0.495009), test_f1: 30.47% (0.304694)
Epoch 6 completed in 1.91 seconds (0.03 minutes)
>>>>>>>>>>>>>>>>>>>>>>>>>>>>>>>>>>>>>>>>>>>>>>>>>>>>>>>>>>>>>>>>>>>>>>>>>>>>>>>>>>>>>>>>>>>>>>>>>>>>
epoch: 7
Batch 0 completed in 0.01 seconds (0.00 minutes)
loss: 0.958966, val_acc: 49.15% (0.491486), val_f1: 33.25% (0.332490), test_acc: 50.50% (0.504991), test_f1: 34.26% (0.342603)
Batch 60 completed in 0.01 seconds (0.00 minutes)
loss: 0.953947, val_acc: 49.79% (0.497945), val_f1: 28.58% (0.285753), test_acc: 49.09% (0.490898), test_f1: 27.47% (0.274693)
Batch 120 completed in 0.01 seconds (0.00 minutes)
loss: 0.950877, val_acc: 49.74% (0.497358), val_f1: 31.61% (0.316078), test_acc: 49.50% (0.495009), test_f1: 31.09% (0.310898)
Batch 180 completed in 0.01 seconds (0.00 minutes)
loss: 1.021236, val_acc: 50.26% (0.502642), val_f1: 32.01% (0.320093), test_acc: 49.68% (0.496770), test_f1: 31.62% (0.316154)
Epoch 7 completed in 1.91 seconds (0.03 minutes)
>>>>>>>>>>>>>>>>>>>>>>>>>>>>>>>>>>>>>>>>>>>>>>>>>>>>>>>>>>>>>>>>>>>>>>>>>>>>>>>>>>>>>>>>>>>>>>>>>>>>
epoch: 8
Batch 0 completed in 0.01 seconds (0.00 minutes)
loss: 1.099207, val_acc: 49.97% (0.499706), val_f1: 30.06% (0.300570), test_acc: 49.91% (0.499119), test_f1: 30.50% (0.305038)
Batch 60 completed in 0.01 seconds (0.00 minutes)
loss: 0.983074, val_acc: 49.97% (0.499706), val_f1: 30.98% (0.309846), test_acc: 49.74% (0.497358), test_f1: 30.76% (0.307598)
Batch 120 completed in 0.01 seconds (0.00 minutes)
loss: 0.881706, val_acc: 49.15% (0.491486), val_f1: 34.81% (0.348093), test_acc: 49.79% (0.497945), test_f1: 35.29% (0.352885)
Batch 180 completed in 0.01 seconds (0.00 minutes)
loss: 1.004211, val_acc: 50.38% (0.503817), val_f1: 32.75% (0.327537), test_acc: 50.38% (0.503817), test_f1: 32.83% (0.328335)
Epoch 8 completed in 1.91 seconds (0.03 minutes)
>>>>>>>>>>>>>>>>>>>>>>>>>>>>>>>>>>>>>>>>>>>>>>>>>>>>>>>>>>>>>>>>>>>>>>>>>>>>>>>>>>>>>>>>>>>>>>>>>>>>
epoch: 9
Batch 0 completed in 0.01 seconds (0.00 minutes)
loss: 1.051202, val_acc: 50.09% (0.500881), val_f1: 32.12% (0.321161), test_acc: 49.97% (0.499706), test_f1: 32.23% (0.322276)
Batch 60 completed in 0.01 seconds (0.00 minutes)
loss: 0.992102, val_acc: 49.79% (0.497945), val_f1: 29.76% (0.297574), test_acc: 49.74% (0.497358), test_f1: 29.82% (0.298204)
Batch 120 completed in 0.01 seconds (0.00 minutes)
loss: 0.999309, val_acc: 49.79% (0.497945), val_f1: 29.76% (0.297574), test_acc: 49.50% (0.495009), test_f1: 29.47% (0.294722)
Batch 180 completed in 0.01 seconds (0.00 minutes)
loss: 0.966113, val_acc: 49.91% (0.499119), val_f1: 31.40% (0.314045), test_acc: 49.79% (0.497945), test_f1: 31.59% (0.315933)
Epoch 9 completed in 1.91 seconds (0.03 minutes)
>>>>>>>>>>>>>>>>>>>>>>>>>>>>>>>>>>>>>>>>>>>>>>>>>>>>>>>>>>>>>>>>>>>>>>>>>>>>>>>>>>>>>>>>>>>>>>>>>>>>
epoch: 10
Batch 0 completed in 0.01 seconds (0.00 minutes)
loss: 1.015417, val_acc: 49.74% (0.497358), val_f1: 34.24% (0.342415), test_acc: 50.21% (0.502055), test_f1: 34.42% (0.344196)
Batch 60 completed in 0.01 seconds (0.00 minutes)
loss: 1.000909, val_acc: 49.97% (0.499706), val_f1: 32.80% (0.328034), test_acc: 49.74% (0.497358), test_f1: 32.53% (0.325270)
Batch 120 completed in 0.01 seconds (0.00 minutes)
loss: 1.053203, val_acc: 49.68% (0.496770), val_f1: 28.79% (0.287861), test_acc: 49.21% (0.492073), test_f1: 28.26% (0.282565)
Batch 180 completed in 0.01 seconds (0.00 minutes)
loss: 0.946113, val_acc: 49.50% (0.495009), val_f1: 33.64% (0.336432), test_acc: 50.73% (0.507340), test_f1: 34.83% (0.348257)
Epoch 10 completed in 1.91 seconds (0.03 minutes)
>>>>>>>>>>>>>>>>>>>>>>>>>>>>>>>>>>>>>>>>>>>>>>>>>>>>>>>>>>>>>>>>>>>>>>>>>>>>>>>>>>>>>>>>>>>>>>>>>>>>
epoch: 11
Batch 0 completed in 0.01 seconds (0.00 minutes)
loss: 0.968389, val_acc: 50.15% (0.501468), val_f1: 31.07% (0.310690), test_acc: 49.74% (0.497358), test_f1: 30.52% (0.305189)
Batch 60 completed in 0.01 seconds (0.00 minutes)
loss: 0.956470, val_acc: 50.15% (0.501468), val_f1: 32.77% (0.327670), test_acc: 49.79% (0.497945), test_f1: 32.16% (0.321640)
Batch 120 completed in 0.01 seconds (0.00 minutes)
loss: 0.983400, val_acc: 50.09% (0.500881), val_f1: 32.92% (0.329160), test_acc: 50.03% (0.500294), test_f1: 33.01% (0.330134)
Batch 180 completed in 0.01 seconds (0.00 minutes)
loss: 1.038715, val_acc: 49.91% (0.499119), val_f1: 33.50% (0.335042), test_acc: 50.32% (0.503230), test_f1: 33.90% (0.339033)
Epoch 11 completed in 1.88 seconds (0.03 minutes)
>>>>>>>>>>>>>>>>>>>>>>>>>>>>>>>>>>>>>>>>>>>>>>>>>>>>>>>>>>>>>>>>>>>>>>>>>>>>>>>>>>>>>>>>>>>>>>>>>>>>
epoch: 12
Batch 0 completed in 0.01 seconds (0.00 minutes)
loss: 1.111549, val_acc: 50.03% (0.500294), val_f1: 30.78% (0.307840), test_acc: 49.91% (0.499119), test_f1: 30.75% (0.307518)
Batch 60 completed in 0.01 seconds (0.00 minutes)
New best val_f1: 0.353288 (previous best: 0.349984)
loss: 1.120630, val_acc: 48.56% (0.485614), val_f1: 35.33% (0.353288), test_acc: 50.15% (0.501468), test_f1: 36.52% (0.365206)
Batch 120 completed in 0.01 seconds (0.00 minutes)
loss: 0.946547, val_acc: 49.79% (0.497945), val_f1: 29.59% (0.295936), test_acc: 49.62% (0.496183), test_f1: 29.32% (0.293246)
Batch 180 completed in 0.01 seconds (0.00 minutes)
loss: 1.051188, val_acc: 49.50% (0.495009), val_f1: 32.67% (0.326724), test_acc: 49.68% (0.496770), test_f1: 32.72% (0.327234)
Epoch 12 completed in 1.89 seconds (0.03 minutes)
>>>>>>>>>>>>>>>>>>>>>>>>>>>>>>>>>>>>>>>>>>>>>>>>>>>>>>>>>>>>>>>>>>>>>>>>>>>>>>>>>>>>>>>>>>>>>>>>>>>>
epoch: 13
Batch 0 completed in 0.01 seconds (0.00 minutes)
loss: 0.915465, val_acc: 49.85% (0.498532), val_f1: 31.58% (0.315752), test_acc: 50.03% (0.500294), test_f1: 32.29% (0.322860)
Batch 60 completed in 0.01 seconds (0.00 minutes)
loss: 0.853420, val_acc: 49.85% (0.498532), val_f1: 30.54% (0.305432), test_acc: 49.68% (0.496770), test_f1: 30.60% (0.305987)
Batch 120 completed in 0.01 seconds (0.00 minutes)
loss: 0.999178, val_acc: 50.21% (0.502055), val_f1: 32.19% (0.321916), test_acc: 50.26% (0.502642), test_f1: 32.50% (0.324981)
Batch 180 completed in 0.01 seconds (0.00 minutes)
loss: 1.003328, val_acc: 49.85% (0.498532), val_f1: 32.51% (0.325086), test_acc: 49.27% (0.492660), test_f1: 31.76% (0.317595)
Epoch 13 completed in 1.88 seconds (0.03 minutes)
>>>>>>>>>>>>>>>>>>>>>>>>>>>>>>>>>>>>>>>>>>>>>>>>>>>>>>>>>>>>>>>>>>>>>>>>>>>>>>>>>>>>>>>>>>>>>>>>>>>>
epoch: 14
Batch 0 completed in 0.01 seconds (0.00 minutes)
loss: 1.052771, val_acc: 50.03% (0.500294), val_f1: 33.92% (0.339243), test_acc: 50.21% (0.502055), test_f1: 34.40% (0.343954)
Batch 60 completed in 0.01 seconds (0.00 minutes)
loss: 0.977010, val_acc: 49.85% (0.498532), val_f1: 30.33% (0.303309), test_acc: 49.44% (0.494422), test_f1: 29.61% (0.296097)
Batch 120 completed in 0.01 seconds (0.00 minutes)
loss: 1.020413, val_acc: 50.09% (0.500881), val_f1: 32.41% (0.324058), test_acc: 49.85% (0.498532), test_f1: 32.37% (0.323693)
Batch 180 completed in 0.01 seconds (0.00 minutes)
loss: 0.998300, val_acc: 50.03% (0.500294), val_f1: 31.22% (0.312189), test_acc: 49.38% (0.493834), test_f1: 30.83% (0.308335)
Epoch 14 completed in 1.89 seconds (0.03 minutes)
>>>>>>>>>>>>>>>>>>>>>>>>>>>>>>>>>>>>>>>>>>>>>>>>>>>>>>>>>>>>>>>>>>>>>>>>>>>>>>>>>>>>>>>>>>>>>>>>>>>>
epoch: 15
Batch 0 completed in 0.01 seconds (0.00 minutes)
loss: 0.965330, val_acc: 49.32% (0.493247), val_f1: 29.08% (0.290809), test_acc: 49.56% (0.495596), test_f1: 29.93% (0.299287)
Batch 60 completed in 0.01 seconds (0.00 minutes)
loss: 0.965904, val_acc: 49.91% (0.499119), val_f1: 32.60% (0.326028), test_acc: 49.68% (0.496770), test_f1: 32.30% (0.323032)
Batch 120 completed in 0.01 seconds (0.00 minutes)
New best val_f1: 0.377913 (previous best: 0.353288)
loss: 0.999751, val_acc: 47.92% (0.479154), val_f1: 37.79% (0.377913), test_acc: 48.21% (0.482090), test_f1: 37.03% (0.370317)
Batch 180 completed in 0.01 seconds (0.00 minutes)
loss: 0.995989, val_acc: 48.91% (0.489137), val_f1: 35.44% (0.354379), test_acc: 48.91% (0.489137), test_f1: 35.60% (0.356030)
Epoch 15 completed in 1.89 seconds (0.03 minutes)
>>>>>>>>>>>>>>>>>>>>>>>>>>>>>>>>>>>>>>>>>>>>>>>>>>>>>>>>>>>>>>>>>>>>>>>>>>>>>>>>>>>>>>>>>>>>>>>>>>>>
epoch: 16
Batch 0 completed in 0.01 seconds (0.00 minutes)
loss: 0.959660, val_acc: 49.85% (0.498532), val_f1: 31.67% (0.316748), test_acc: 49.79% (0.497945), test_f1: 31.79% (0.317909)
Batch 60 completed in 0.01 seconds (0.00 minutes)
loss: 0.940150, val_acc: 49.85% (0.498532), val_f1: 33.05% (0.330516), test_acc: 50.50% (0.504991), test_f1: 33.92% (0.339170)
Batch 120 completed in 0.01 seconds (0.00 minutes)
loss: 0.876723, val_acc: 50.03% (0.500294), val_f1: 33.09% (0.330903), test_acc: 50.26% (0.502642), test_f1: 33.40% (0.333973)
Batch 180 completed in 0.01 seconds (0.00 minutes)
loss: 0.947386, val_acc: 47.56% (0.475631), val_f1: 36.28% (0.362785), test_acc: 49.03% (0.490311), test_f1: 36.87% (0.368744)
Epoch 16 completed in 1.89 seconds (0.03 minutes)
>>>>>>>>>>>>>>>>>>>>>>>>>>>>>>>>>>>>>>>>>>>>>>>>>>>>>>>>>>>>>>>>>>>>>>>>>>>>>>>>>>>>>>>>>>>>>>>>>>>>
epoch: 17
Batch 0 completed in 0.01 seconds (0.00 minutes)
loss: 0.891689, val_acc: 49.50% (0.495009), val_f1: 28.60% (0.286036), test_acc: 49.62% (0.496183), test_f1: 29.31% (0.293140)
Batch 60 completed in 0.01 seconds (0.00 minutes)
loss: 1.037288, val_acc: 50.32% (0.503230), val_f1: 34.81% (0.348121), test_acc: 51.32% (0.513212), test_f1: 35.92% (0.359210)
Batch 120 completed in 0.01 seconds (0.00 minutes)
loss: 0.885431, val_acc: 49.79% (0.497945), val_f1: 31.49% (0.314880), test_acc: 50.03% (0.500294), test_f1: 31.76% (0.317552)
Batch 180 completed in 0.01 seconds (0.00 minutes)
loss: 0.978195, val_acc: 50.15% (0.501468), val_f1: 32.74% (0.327437), test_acc: 50.32% (0.503230), test_f1: 33.12% (0.331207)
Epoch 17 completed in 1.89 seconds (0.03 minutes)
>>>>>>>>>>>>>>>>>>>>>>>>>>>>>>>>>>>>>>>>>>>>>>>>>>>>>>>>>>>>>>>>>>>>>>>>>>>>>>>>>>>>>>>>>>>>>>>>>>>>
epoch: 18
Batch 0 completed in 0.01 seconds (0.00 minutes)
loss: 0.968723, val_acc: 49.32% (0.493247), val_f1: 34.88% (0.348763), test_acc: 50.62% (0.506166), test_f1: 35.88% (0.358773)
Batch 60 completed in 0.01 seconds (0.00 minutes)
loss: 1.102857, val_acc: 49.50% (0.495009), val_f1: 32.79% (0.327863), test_acc: 50.21% (0.502055), test_f1: 33.78% (0.337812)
Batch 120 completed in 0.01 seconds (0.00 minutes)
loss: 0.996799, val_acc: 50.15% (0.501468), val_f1: 32.58% (0.325785), test_acc: 49.85% (0.498532), test_f1: 32.69% (0.326943)
Batch 180 completed in 0.01 seconds (0.00 minutes)
loss: 0.916659, val_acc: 49.56% (0.495596), val_f1: 36.18% (0.361832), test_acc: 50.68% (0.506753), test_f1: 36.73% (0.367339)
Epoch 18 completed in 1.89 seconds (0.03 minutes)
>>>>>>>>>>>>>>>>>>>>>>>>>>>>>>>>>>>>>>>>>>>>>>>>>>>>>>>>>>>>>>>>>>>>>>>>>>>>>>>>>>>>>>>>>>>>>>>>>>>>
epoch: 19
Batch 0 completed in 0.01 seconds (0.00 minutes)
loss: 1.041420, val_acc: 50.09% (0.500881), val_f1: 32.46% (0.324635), test_acc: 50.38% (0.503817), test_f1: 33.04% (0.330447)
Batch 60 completed in 0.01 seconds (0.00 minutes)
loss: 0.995798, val_acc: 50.50% (0.504991), val_f1: 34.79% (0.347916), test_acc: 49.85% (0.498532), test_f1: 33.92% (0.339195)
Batch 120 completed in 0.01 seconds (0.00 minutes)
loss: 0.985872, val_acc: 49.38% (0.493834), val_f1: 34.61% (0.346103), test_acc: 50.79% (0.507927), test_f1: 35.95% (0.359523)
Batch 180 completed in 0.01 seconds (0.00 minutes)
loss: 0.955168, val_acc: 49.44% (0.494422), val_f1: 28.98% (0.289827), test_acc: 49.38% (0.493834), test_f1: 29.56% (0.295599)
Epoch 19 completed in 1.89 seconds (0.03 minutes)
>>>>>>>>>>>>>>>>>>>>>>>>>>>>>>>>>>>>>>>>>>>>>>>>>>>>>>>>>>>>>>>>>>>>>>>>>>>>>>>>>>>>>>>>>>>>>>>>>>>>
epoch: 20
Batch 0 completed in 0.01 seconds (0.00 minutes)
New best val_f1: 0.381303 (previous best: 0.377913)
loss: 0.916945, val_acc: 49.56% (0.495596), val_f1: 38.13% (0.381303), test_acc: 49.97% (0.499706), test_f1: 37.35% (0.373519)
Batch 60 completed in 0.01 seconds (0.00 minutes)
loss: 0.982895, val_acc: 49.68% (0.496770), val_f1: 34.20% (0.342022), test_acc: 50.26% (0.502642), test_f1: 34.60% (0.346006)
Batch 120 completed in 0.01 seconds (0.00 minutes)
loss: 0.960341, val_acc: 48.80% (0.487962), val_f1: 30.86% (0.308610), test_acc: 49.03% (0.490311), test_f1: 31.19% (0.311903)
Batch 180 completed in 0.01 seconds (0.00 minutes)
loss: 1.017485, val_acc: 49.68% (0.496770), val_f1: 31.80% (0.318012), test_acc: 49.97% (0.499706), test_f1: 32.32% (0.323249)
Epoch 20 completed in 1.89 seconds (0.03 minutes)
>>>>>>>>>>>>>>>>>>>>>>>>>>>>>>>>>>>>>>>>>>>>>>>>>>>>>>>>>>>>>>>>>>>>>>>>>>>>>>>>>>>>>>>>>>>>>>>>>>>>
epoch: 21
Batch 0 completed in 0.01 seconds (0.00 minutes)
loss: 1.008737, val_acc: 50.21% (0.502055), val_f1: 32.94% (0.329390), test_acc: 50.09% (0.500881), test_f1: 33.01% (0.330139)
Batch 60 completed in 0.01 seconds (0.00 minutes)
loss: 0.941360, val_acc: 49.38% (0.493834), val_f1: 27.94% (0.279387), test_acc: 49.44% (0.494422), test_f1: 28.04% (0.280419)
Batch 120 completed in 0.01 seconds (0.00 minutes)
loss: 0.977644, val_acc: 49.62% (0.496183), val_f1: 33.25% (0.332463), test_acc: 49.68% (0.496770), test_f1: 32.96% (0.329584)
Batch 180 completed in 0.01 seconds (0.00 minutes)
loss: 1.009282, val_acc: 49.50% (0.495009), val_f1: 29.81% (0.298074), test_acc: 49.56% (0.495596), test_f1: 30.78% (0.307849)
Epoch 21 completed in 1.89 seconds (0.03 minutes)
>>>>>>>>>>>>>>>>>>>>>>>>>>>>>>>>>>>>>>>>>>>>>>>>>>>>>>>>>>>>>>>>>>>>>>>>>>>>>>>>>>>>>>>>>>>>>>>>>>>>
epoch: 22
Batch 0 completed in 0.01 seconds (0.00 minutes)
loss: 0.904301, val_acc: 50.26% (0.502642), val_f1: 32.87% (0.328664), test_acc: 49.85% (0.498532), test_f1: 32.47% (0.324728)
Batch 60 completed in 0.01 seconds (0.00 minutes)
loss: 1.054089, val_acc: 49.74% (0.497358), val_f1: 28.59% (0.285877), test_acc: 49.38% (0.493834), test_f1: 28.01% (0.280115)
Batch 120 completed in 0.01 seconds (0.00 minutes)
loss: 0.952021, val_acc: 49.44% (0.494422), val_f1: 29.89% (0.298890), test_acc: 49.15% (0.491486), test_f1: 29.28% (0.292799)
Batch 180 completed in 0.01 seconds (0.00 minutes)
loss: 1.029565, val_acc: 49.56% (0.495596), val_f1: 32.52% (0.325215), test_acc: 50.32% (0.503230), test_f1: 33.52% (0.335203)
Epoch 22 completed in 1.90 seconds (0.03 minutes)
>>>>>>>>>>>>>>>>>>>>>>>>>>>>>>>>>>>>>>>>>>>>>>>>>>>>>>>>>>>>>>>>>>>>>>>>>>>>>>>>>>>>>>>>>>>>>>>>>>>>
epoch: 23
Batch 0 completed in 0.01 seconds (0.00 minutes)
loss: 1.025185, val_acc: 48.85% (0.488550), val_f1: 33.72% (0.337176), test_acc: 50.32% (0.503230), test_f1: 35.22% (0.352228)
Batch 60 completed in 0.01 seconds (0.00 minutes)
loss: 0.987515, val_acc: 50.09% (0.500881), val_f1: 31.94% (0.319354), test_acc: 49.91% (0.499119), test_f1: 32.04% (0.320401)
Batch 120 completed in 0.01 seconds (0.00 minutes)
loss: 0.939134, val_acc: 49.50% (0.495009), val_f1: 29.32% (0.293213), test_acc: 49.27% (0.492660), test_f1: 29.16% (0.291650)
Batch 180 completed in 0.01 seconds (0.00 minutes)
loss: 0.989663, val_acc: 50.09% (0.500881), val_f1: 36.55% (0.365468), test_acc: 50.15% (0.501468), test_f1: 36.34% (0.363400)
Epoch 23 completed in 1.91 seconds (0.03 minutes)
>>>>>>>>>>>>>>>>>>>>>>>>>>>>>>>>>>>>>>>>>>>>>>>>>>>>>>>>>>>>>>>>>>>>>>>>>>>>>>>>>>>>>>>>>>>>>>>>>>>>
epoch: 24
Batch 0 completed in 0.01 seconds (0.00 minutes)
loss: 0.945187, val_acc: 49.50% (0.495009), val_f1: 38.02% (0.380204), test_acc: 50.38% (0.503817), test_f1: 38.13% (0.381347)
Batch 60 completed in 0.01 seconds (0.00 minutes)
New best val_f1: 0.389015 (previous best: 0.381303)
loss: 0.965419, val_acc: 49.68% (0.496770), val_f1: 38.90% (0.389015), test_acc: 49.79% (0.497945), test_f1: 38.55% (0.385456)
Batch 120 completed in 0.01 seconds (0.00 minutes)
loss: 1.011178, val_acc: 48.33% (0.483265), val_f1: 37.39% (0.373861), test_acc: 48.68% (0.486788), test_f1: 36.93% (0.369319)
Batch 180 completed in 0.01 seconds (0.00 minutes)
loss: 0.966933, val_acc: 49.38% (0.493834), val_f1: 32.83% (0.328264), test_acc: 50.56% (0.505578), test_f1: 34.18% (0.341806)
Epoch 24 completed in 1.90 seconds (0.03 minutes)
>>>>>>>>>>>>>>>>>>>>>>>>>>>>>>>>>>>>>>>>>>>>>>>>>>>>>>>>>>>>>>>>>>>>>>>>>>>>>>>>>>>>>>>>>>>>>>>>>>>>
epoch: 25
Batch 0 completed in 0.01 seconds (0.00 minutes)
loss: 0.942635, val_acc: 49.79% (0.497945), val_f1: 32.35% (0.323478), test_acc: 50.03% (0.500294), test_f1: 32.63% (0.326332)
Batch 60 completed in 0.01 seconds (0.00 minutes)
loss: 0.941851, val_acc: 49.50% (0.495009), val_f1: 33.56% (0.335599), test_acc: 50.03% (0.500294), test_f1: 33.38% (0.333846)
Batch 120 completed in 0.01 seconds (0.00 minutes)
loss: 0.992011, val_acc: 49.38% (0.493834), val_f1: 33.37% (0.333739), test_acc: 50.62% (0.506166), test_f1: 34.81% (0.348053)
Batch 180 completed in 0.01 seconds (0.00 minutes)
loss: 1.020633, val_acc: 49.79% (0.497945), val_f1: 32.90% (0.329014), test_acc: 49.91% (0.499119), test_f1: 33.13% (0.331316)
Epoch 25 completed in 1.89 seconds (0.03 minutes)
>>>>>>>>>>>>>>>>>>>>>>>>>>>>>>>>>>>>>>>>>>>>>>>>>>>>>>>>>>>>>>>>>>>>>>>>>>>>>>>>>>>>>>>>>>>>>>>>>>>>
epoch: 26
Batch 0 completed in 0.01 seconds (0.00 minutes)
loss: 0.974329, val_acc: 49.91% (0.499119), val_f1: 34.32% (0.343245), test_acc: 50.15% (0.501468), test_f1: 34.32% (0.343181)
Batch 60 completed in 0.01 seconds (0.00 minutes)
loss: 1.011059, val_acc: 49.62% (0.496183), val_f1: 31.29% (0.312886), test_acc: 49.85% (0.498532), test_f1: 32.02% (0.320223)
Batch 120 completed in 0.01 seconds (0.00 minutes)
loss: 1.069455, val_acc: 50.03% (0.500294), val_f1: 33.08% (0.330850), test_acc: 50.32% (0.503230), test_f1: 33.77% (0.337738)
Batch 180 completed in 0.01 seconds (0.00 minutes)
New best val_f1: 0.393024 (previous best: 0.389015)
loss: 1.020290, val_acc: 49.50% (0.495009), val_f1: 39.30% (0.393024), test_acc: 49.79% (0.497945), test_f1: 38.80% (0.388038)
Epoch 26 completed in 1.89 seconds (0.03 minutes)
>>>>>>>>>>>>>>>>>>>>>>>>>>>>>>>>>>>>>>>>>>>>>>>>>>>>>>>>>>>>>>>>>>>>>>>>>>>>>>>>>>>>>>>>>>>>>>>>>>>>
epoch: 27
Batch 0 completed in 0.01 seconds (0.00 minutes)
loss: 0.983002, val_acc: 49.38% (0.493834), val_f1: 30.29% (0.302920), test_acc: 49.56% (0.495596), test_f1: 31.24% (0.312422)
Batch 60 completed in 0.01 seconds (0.00 minutes)
loss: 1.027806, val_acc: 48.44% (0.484439), val_f1: 37.54% (0.375397), test_acc: 49.91% (0.499119), test_f1: 38.00% (0.379973)
Batch 120 completed in 0.01 seconds (0.00 minutes)
loss: 1.006023, val_acc: 49.27% (0.492660), val_f1: 37.35% (0.373507), test_acc: 49.91% (0.499119), test_f1: 36.87% (0.368664)
Batch 180 completed in 0.01 seconds (0.00 minutes)
loss: 0.929722, val_acc: 49.85% (0.498532), val_f1: 34.45% (0.344473), test_acc: 50.03% (0.500294), test_f1: 34.25% (0.342485)
Epoch 27 completed in 1.89 seconds (0.03 minutes)
>>>>>>>>>>>>>>>>>>>>>>>>>>>>>>>>>>>>>>>>>>>>>>>>>>>>>>>>>>>>>>>>>>>>>>>>>>>>>>>>>>>>>>>>>>>>>>>>>>>>
epoch: 28
Batch 0 completed in 0.01 seconds (0.00 minutes)
loss: 1.002001, val_acc: 50.03% (0.500294), val_f1: 36.25% (0.362466), test_acc: 49.62% (0.496183), test_f1: 34.90% (0.349043)
Batch 60 completed in 0.01 seconds (0.00 minutes)
loss: 0.949682, val_acc: 50.03% (0.500294), val_f1: 32.90% (0.328995), test_acc: 50.32% (0.503230), test_f1: 33.45% (0.334464)
Batch 120 completed in 0.01 seconds (0.00 minutes)
loss: 0.941262, val_acc: 49.56% (0.495596), val_f1: 32.02% (0.320235), test_acc: 49.09% (0.490898), test_f1: 31.44% (0.314427)
Batch 180 completed in 0.01 seconds (0.00 minutes)
loss: 1.007209, val_acc: 49.85% (0.498532), val_f1: 34.07% (0.340667), test_acc: 50.38% (0.503817), test_f1: 34.97% (0.349719)
Epoch 28 completed in 1.89 seconds (0.03 minutes)
>>>>>>>>>>>>>>>>>>>>>>>>>>>>>>>>>>>>>>>>>>>>>>>>>>>>>>>>>>>>>>>>>>>>>>>>>>>>>>>>>>>>>>>>>>>>>>>>>>>>
epoch: 29
Batch 0 completed in 0.01 seconds (0.00 minutes)
New best val_f1: 0.417882 (previous best: 0.393024)
loss: 0.984545, val_acc: 47.97% (0.479742), val_f1: 41.79% (0.417882), test_acc: 48.15% (0.481503), test_f1: 41.24% (0.412352)
Batch 60 completed in 0.01 seconds (0.00 minutes)
loss: 0.925664, val_acc: 49.09% (0.490898), val_f1: 36.78% (0.367799), test_acc: 49.74% (0.497358), test_f1: 37.21% (0.372109)
Batch 120 completed in 0.01 seconds (0.00 minutes)
loss: 0.957805, val_acc: 50.03% (0.500294), val_f1: 32.00% (0.319958), test_acc: 49.79% (0.497945), test_f1: 32.07% (0.320726)
Batch 180 completed in 0.01 seconds (0.00 minutes)
loss: 1.065627, val_acc: 50.21% (0.502055), val_f1: 34.77% (0.347666), test_acc: 50.26% (0.502642), test_f1: 34.90% (0.348976)
Epoch 29 completed in 1.89 seconds (0.03 minutes)
>>>>>>>>>>>>>>>>>>>>>>>>>>>>>>>>>>>>>>>>>>>>>>>>>>>>>>>>>>>>>>>>>>>>>>>>>>>>>>>>>>>>>>>>>>>>>>>>>>>>
epoch: 30
Batch 0 completed in 0.01 seconds (0.00 minutes)
loss: 1.015160, val_acc: 48.97% (0.489724), val_f1: 36.20% (0.362022), test_acc: 50.56% (0.505578), test_f1: 37.38% (0.373751)
Batch 60 completed in 0.01 seconds (0.00 minutes)
loss: 1.082741, val_acc: 49.44% (0.494422), val_f1: 37.19% (0.371945), test_acc: 49.85% (0.498532), test_f1: 37.23% (0.372298)
Batch 120 completed in 0.01 seconds (0.00 minutes)
loss: 0.999907, val_acc: 49.74% (0.497358), val_f1: 32.26% (0.322552), test_acc: 50.09% (0.500881), test_f1: 32.89% (0.328909)
Batch 180 completed in 0.01 seconds (0.00 minutes)
loss: 1.039094, val_acc: 50.38% (0.503817), val_f1: 32.31% (0.323146), test_acc: 50.03% (0.500294), test_f1: 32.24% (0.322431)
Epoch 30 completed in 1.90 seconds (0.03 minutes)
>>>>>>>>>>>>>>>>>>>>>>>>>>>>>>>>>>>>>>>>>>>>>>>>>>>>>>>>>>>>>>>>>>>>>>>>>>>>>>>>>>>>>>>>>>>>>>>>>>>>
epoch: 31
Batch 0 completed in 0.01 seconds (0.00 minutes)
loss: 0.999562, val_acc: 49.44% (0.494422), val_f1: 33.90% (0.339046), test_acc: 50.26% (0.502642), test_f1: 34.79% (0.347867)
Batch 60 completed in 0.01 seconds (0.00 minutes)
loss: 0.977191, val_acc: 49.09% (0.490898), val_f1: 34.47% (0.344748), test_acc: 49.32% (0.493247), test_f1: 34.55% (0.345506)
Batch 120 completed in 0.01 seconds (0.00 minutes)
loss: 0.946617, val_acc: 49.62% (0.496183), val_f1: 39.93% (0.399335), test_acc: 49.38% (0.493834), test_f1: 39.13% (0.391347)
Batch 180 completed in 0.01 seconds (0.00 minutes)
loss: 1.014054, val_acc: 49.21% (0.492073), val_f1: 31.98% (0.319808), test_acc: 49.09% (0.490898), test_f1: 31.50% (0.315006)
Epoch 31 completed in 1.89 seconds (0.03 minutes)
>>>>>>>>>>>>>>>>>>>>>>>>>>>>>>>>>>>>>>>>>>>>>>>>>>>>>>>>>>>>>>>>>>>>>>>>>>>>>>>>>>>>>>>>>>>>>>>>>>>>
epoch: 32
Batch 0 completed in 0.01 seconds (0.00 minutes)
loss: 0.959673, val_acc: 48.85% (0.488550), val_f1: 35.52% (0.355154), test_acc: 51.03% (0.510276), test_f1: 36.75% (0.367549)
Batch 60 completed in 0.01 seconds (0.00 minutes)
loss: 0.879066, val_acc: 49.62% (0.496183), val_f1: 36.08% (0.360766), test_acc: 50.26% (0.502642), test_f1: 35.95% (0.359496)
Batch 120 completed in 0.01 seconds (0.00 minutes)
loss: 0.947283, val_acc: 48.97% (0.489724), val_f1: 36.56% (0.365578), test_acc: 50.73% (0.507340), test_f1: 37.38% (0.373832)
Batch 180 completed in 0.01 seconds (0.00 minutes)
loss: 0.973076, val_acc: 49.27% (0.492660), val_f1: 29.57% (0.295731), test_acc: 49.27% (0.492660), test_f1: 30.05% (0.300453)
Epoch 32 completed in 1.89 seconds (0.03 minutes)
>>>>>>>>>>>>>>>>>>>>>>>>>>>>>>>>>>>>>>>>>>>>>>>>>>>>>>>>>>>>>>>>>>>>>>>>>>>>>>>>>>>>>>>>>>>>>>>>>>>>
epoch: 33
Batch 0 completed in 0.01 seconds (0.00 minutes)
loss: 1.071477, val_acc: 47.50% (0.475044), val_f1: 41.26% (0.412609), test_acc: 49.32% (0.493247), test_f1: 42.54% (0.425367)
Batch 60 completed in 0.01 seconds (0.00 minutes)
loss: 0.991623, val_acc: 49.21% (0.492073), val_f1: 34.01% (0.340063), test_acc: 50.38% (0.503817), test_f1: 35.07% (0.350666)
Batch 120 completed in 0.01 seconds (0.00 minutes)
loss: 1.016563, val_acc: 49.27% (0.492660), val_f1: 32.09% (0.320905), test_acc: 48.80% (0.487962), test_f1: 30.95% (0.309467)
Batch 180 completed in 0.01 seconds (0.00 minutes)
loss: 1.088162, val_acc: 49.15% (0.491486), val_f1: 37.18% (0.371798), test_acc: 50.15% (0.501468), test_f1: 37.79% (0.377924)
Epoch 33 completed in 1.89 seconds (0.03 minutes)
>>>>>>>>>>>>>>>>>>>>>>>>>>>>>>>>>>>>>>>>>>>>>>>>>>>>>>>>>>>>>>>>>>>>>>>>>>>>>>>>>>>>>>>>>>>>>>>>>>>>
epoch: 34
Batch 0 completed in 0.01 seconds (0.00 minutes)
loss: 0.960821, val_acc: 49.44% (0.494422), val_f1: 32.46% (0.324551), test_acc: 49.21% (0.492073), test_f1: 31.95% (0.319495)
Batch 60 completed in 0.01 seconds (0.00 minutes)
loss: 1.084625, val_acc: 49.03% (0.490311), val_f1: 35.58% (0.355772), test_acc: 50.44% (0.504404), test_f1: 36.65% (0.366529)
Batch 120 completed in 0.01 seconds (0.00 minutes)
loss: 0.987660, val_acc: 49.03% (0.490311), val_f1: 36.67% (0.366651), test_acc: 50.21% (0.502055), test_f1: 37.30% (0.373013)
Batch 180 completed in 0.01 seconds (0.00 minutes)
loss: 0.995603, val_acc: 49.27% (0.492660), val_f1: 35.94% (0.359380), test_acc: 49.03% (0.490311), test_f1: 35.34% (0.353355)
Epoch 34 completed in 1.89 seconds (0.03 minutes)
>>>>>>>>>>>>>>>>>>>>>>>>>>>>>>>>>>>>>>>>>>>>>>>>>>>>>>>>>>>>>>>>>>>>>>>>>>>>>>>>>>>>>>>>>>>>>>>>>>>>
epoch: 35
Batch 0 completed in 0.01 seconds (0.00 minutes)
loss: 0.911420, val_acc: 49.62% (0.496183), val_f1: 36.60% (0.365950), test_acc: 50.50% (0.504991), test_f1: 36.86% (0.368563)
Batch 60 completed in 0.01 seconds (0.00 minutes)
loss: 0.963237, val_acc: 49.56% (0.495596), val_f1: 35.11% (0.351066), test_acc: 50.09% (0.500881), test_f1: 35.22% (0.352182)
Batch 120 completed in 0.01 seconds (0.00 minutes)
loss: 0.932327, val_acc: 49.50% (0.495009), val_f1: 30.47% (0.304713), test_acc: 49.21% (0.492073), test_f1: 30.54% (0.305398)
Batch 180 completed in 0.01 seconds (0.00 minutes)
loss: 1.019667, val_acc: 49.38% (0.493834), val_f1: 32.98% (0.329757), test_acc: 49.68% (0.496770), test_f1: 33.46% (0.334574)
Epoch 35 completed in 1.89 seconds (0.03 minutes)
>>>>>>>>>>>>>>>>>>>>>>>>>>>>>>>>>>>>>>>>>>>>>>>>>>>>>>>>>>>>>>>>>>>>>>>>>>>>>>>>>>>>>>>>>>>>>>>>>>>>
epoch: 36
Batch 0 completed in 0.01 seconds (0.00 minutes)
loss: 0.954904, val_acc: 49.91% (0.499119), val_f1: 30.51% (0.305103), test_acc: 49.38% (0.493834), test_f1: 30.55% (0.305463)
Batch 60 completed in 0.01 seconds (0.00 minutes)
loss: 0.987983, val_acc: 49.85% (0.498532), val_f1: 36.54% (0.365425), test_acc: 50.03% (0.500294), test_f1: 35.66% (0.356632)
Batch 120 completed in 0.01 seconds (0.00 minutes)
loss: 1.015852, val_acc: 49.32% (0.493247), val_f1: 31.85% (0.318542), test_acc: 49.97% (0.499706), test_f1: 33.19% (0.331923)
Batch 180 completed in 0.01 seconds (0.00 minutes)
loss: 0.946206, val_acc: 50.09% (0.500881), val_f1: 34.56% (0.345649), test_acc: 50.09% (0.500881), test_f1: 34.22% (0.342240)
Epoch 36 completed in 1.89 seconds (0.03 minutes)
>>>>>>>>>>>>>>>>>>>>>>>>>>>>>>>>>>>>>>>>>>>>>>>>>>>>>>>>>>>>>>>>>>>>>>>>>>>>>>>>>>>>>>>>>>>>>>>>>>>>
epoch: 37
Batch 0 completed in 0.01 seconds (0.00 minutes)
loss: 1.005707, val_acc: 47.92% (0.479154), val_f1: 36.73% (0.367331), test_acc: 50.26% (0.502642), test_f1: 37.96% (0.379568)
Batch 60 completed in 0.01 seconds (0.00 minutes)
loss: 0.943970, val_acc: 48.91% (0.489137), val_f1: 36.19% (0.361862), test_acc: 51.38% (0.513799), test_f1: 37.71% (0.377061)
Batch 120 completed in 0.01 seconds (0.00 minutes)
loss: 0.990706, val_acc: 49.44% (0.494422), val_f1: 32.16% (0.321636), test_acc: 49.21% (0.492073), test_f1: 31.68% (0.316770)
Batch 180 completed in 0.01 seconds (0.00 minutes)
loss: 1.000468, val_acc: 49.03% (0.490311), val_f1: 38.62% (0.386222), test_acc: 50.79% (0.507927), test_f1: 39.58% (0.395801)
Epoch 37 completed in 1.89 seconds (0.03 minutes)
>>>>>>>>>>>>>>>>>>>>>>>>>>>>>>>>>>>>>>>>>>>>>>>>>>>>>>>>>>>>>>>>>>>>>>>>>>>>>>>>>>>>>>>>>>>>>>>>>>>>
epoch: 38
Batch 0 completed in 0.01 seconds (0.00 minutes)
loss: 0.962573, val_acc: 48.91% (0.489137), val_f1: 40.15% (0.401467), test_acc: 50.26% (0.502642), test_f1: 41.31% (0.413101)
Batch 60 completed in 0.01 seconds (0.00 minutes)
loss: 0.995938, val_acc: 49.44% (0.494422), val_f1: 36.18% (0.361846), test_acc: 50.91% (0.509102), test_f1: 36.95% (0.369476)
Batch 120 completed in 0.01 seconds (0.00 minutes)
loss: 0.865294, val_acc: 49.91% (0.499119), val_f1: 36.44% (0.364360), test_acc: 50.56% (0.505578), test_f1: 36.55% (0.365474)
Batch 180 completed in 0.01 seconds (0.00 minutes)
loss: 0.969474, val_acc: 49.50% (0.495009), val_f1: 39.53% (0.395272), test_acc: 49.91% (0.499119), test_f1: 39.27% (0.392711)
Epoch 38 completed in 1.89 seconds (0.03 minutes)
>>>>>>>>>>>>>>>>>>>>>>>>>>>>>>>>>>>>>>>>>>>>>>>>>>>>>>>>>>>>>>>>>>>>>>>>>>>>>>>>>>>>>>>>>>>>>>>>>>>>
epoch: 39
Batch 0 completed in 0.01 seconds (0.00 minutes)
New best val_f1: 0.419244 (previous best: 0.417882)
loss: 0.949143, val_acc: 48.03% (0.480329), val_f1: 41.92% (0.419244), test_acc: 48.03% (0.480329), test_f1: 41.29% (0.412885)
Batch 60 completed in 0.01 seconds (0.00 minutes)
loss: 0.990075, val_acc: 48.39% (0.483852), val_f1: 36.02% (0.360154), test_acc: 49.68% (0.496770), test_f1: 37.08% (0.370789)
Batch 120 completed in 0.01 seconds (0.00 minutes)
loss: 0.995488, val_acc: 47.15% (0.471521), val_f1: 41.29% (0.412892), test_acc: 48.03% (0.480329), test_f1: 41.62% (0.416223)
Batch 180 completed in 0.01 seconds (0.00 minutes)
loss: 0.983366, val_acc: 48.74% (0.487375), val_f1: 35.64% (0.356413), test_acc: 48.09% (0.480916), test_f1: 35.21% (0.352089)
Epoch 39 completed in 1.89 seconds (0.03 minutes)
>>>>>>>>>>>>>>>>>>>>>>>>>>>>>>>>>>>>>>>>>>>>>>>>>>>>>>>>>>>>>>>>>>>>>>>>>>>>>>>>>>>>>>>>>>>>>>>>>>>>
epoch: 40
Batch 0 completed in 0.01 seconds (0.00 minutes)
loss: 0.960215, val_acc: 49.44% (0.494422), val_f1: 34.95% (0.349537), test_acc: 51.26% (0.512625), test_f1: 36.24% (0.362436)
Batch 60 completed in 0.01 seconds (0.00 minutes)
loss: 1.010989, val_acc: 48.74% (0.487375), val_f1: 35.71% (0.357067), test_acc: 51.20% (0.512038), test_f1: 37.41% (0.374111)
Batch 120 completed in 0.01 seconds (0.00 minutes)
loss: 1.087451, val_acc: 49.32% (0.493247), val_f1: 30.74% (0.307404), test_acc: 49.32% (0.493247), test_f1: 29.94% (0.299384)
Batch 180 completed in 0.01 seconds (0.00 minutes)
loss: 0.975547, val_acc: 48.56% (0.485614), val_f1: 37.00% (0.370024), test_acc: 50.50% (0.504991), test_f1: 37.52% (0.375177)
Epoch 40 completed in 1.89 seconds (0.03 minutes)
>>>>>>>>>>>>>>>>>>>>>>>>>>>>>>>>>>>>>>>>>>>>>>>>>>>>>>>>>>>>>>>>>>>>>>>>>>>>>>>>>>>>>>>>>>>>>>>>>>>>
epoch: 41
Batch 0 completed in 0.01 seconds (0.00 minutes)
loss: 0.959880, val_acc: 48.39% (0.483852), val_f1: 35.77% (0.357737), test_acc: 51.44% (0.514386), test_f1: 37.91% (0.379077)
Batch 60 completed in 0.01 seconds (0.00 minutes)
loss: 1.038025, val_acc: 49.44% (0.494422), val_f1: 38.02% (0.380155), test_acc: 50.26% (0.502642), test_f1: 37.94% (0.379397)
Batch 120 completed in 0.01 seconds (0.00 minutes)
loss: 0.965151, val_acc: 49.56% (0.495596), val_f1: 35.62% (0.356242), test_acc: 50.15% (0.501468), test_f1: 35.81% (0.358100)
Batch 180 completed in 0.01 seconds (0.00 minutes)
loss: 0.938015, val_acc: 48.27% (0.482678), val_f1: 36.04% (0.360445), test_acc: 51.61% (0.516148), test_f1: 38.25% (0.382497)
Epoch 41 completed in 1.89 seconds (0.03 minutes)
>>>>>>>>>>>>>>>>>>>>>>>>>>>>>>>>>>>>>>>>>>>>>>>>>>>>>>>>>>>>>>>>>>>>>>>>>>>>>>>>>>>>>>>>>>>>>>>>>>>>
epoch: 42
Batch 0 completed in 0.01 seconds (0.00 minutes)
loss: 0.899745, val_acc: 49.56% (0.495596), val_f1: 34.44% (0.344406), test_acc: 50.44% (0.504404), test_f1: 35.37% (0.353695)
Batch 60 completed in 0.01 seconds (0.00 minutes)
loss: 0.937185, val_acc: 49.68% (0.496770), val_f1: 34.16% (0.341644), test_acc: 49.38% (0.493834), test_f1: 32.84% (0.328430)
Batch 120 completed in 0.01 seconds (0.00 minutes)
loss: 0.851929, val_acc: 49.56% (0.495596), val_f1: 28.60% (0.286003), test_acc: 49.32% (0.493247), test_f1: 28.58% (0.285763)
Batch 180 completed in 0.01 seconds (0.00 minutes)
loss: 1.016371, val_acc: 48.74% (0.487375), val_f1: 39.87% (0.398676), test_acc: 50.09% (0.500881), test_f1: 41.00% (0.410001)
Epoch 42 completed in 1.89 seconds (0.03 minutes)
>>>>>>>>>>>>>>>>>>>>>>>>>>>>>>>>>>>>>>>>>>>>>>>>>>>>>>>>>>>>>>>>>>>>>>>>>>>>>>>>>>>>>>>>>>>>>>>>>>>>
epoch: 43
Batch 0 completed in 0.01 seconds (0.00 minutes)
loss: 0.994088, val_acc: 49.68% (0.496770), val_f1: 29.49% (0.294860), test_acc: 49.50% (0.495009), test_f1: 29.36% (0.293650)
Batch 60 completed in 0.01 seconds (0.00 minutes)
loss: 0.904413, val_acc: 48.56% (0.485614), val_f1: 34.74% (0.347449), test_acc: 50.26% (0.502642), test_f1: 35.87% (0.358669)
Batch 120 completed in 0.01 seconds (0.00 minutes)
loss: 0.933036, val_acc: 49.03% (0.490311), val_f1: 37.77% (0.377727), test_acc: 48.85% (0.488550), test_f1: 37.09% (0.370913)
Batch 180 completed in 0.01 seconds (0.00 minutes)
loss: 1.071036, val_acc: 49.74% (0.497358), val_f1: 35.52% (0.355243), test_acc: 51.26% (0.512625), test_f1: 36.43% (0.364279)
Epoch 43 completed in 1.88 seconds (0.03 minutes)
>>>>>>>>>>>>>>>>>>>>>>>>>>>>>>>>>>>>>>>>>>>>>>>>>>>>>>>>>>>>>>>>>>>>>>>>>>>>>>>>>>>>>>>>>>>>>>>>>>>>
epoch: 44
Batch 0 completed in 0.01 seconds (0.00 minutes)
loss: 0.958300, val_acc: 48.62% (0.486201), val_f1: 35.50% (0.354954), test_acc: 51.09% (0.510863), test_f1: 37.00% (0.369979)
Batch 60 completed in 0.01 seconds (0.00 minutes)
loss: 0.989532, val_acc: 48.80% (0.487962), val_f1: 40.41% (0.404134), test_acc: 49.09% (0.490898), test_f1: 40.09% (0.400894)
Batch 120 completed in 0.01 seconds (0.00 minutes)
loss: 1.037221, val_acc: 49.91% (0.499119), val_f1: 35.59% (0.355901), test_acc: 50.44% (0.504404), test_f1: 35.14% (0.351430)
Batch 180 completed in 0.01 seconds (0.00 minutes)
loss: 0.925412, val_acc: 49.62% (0.496183), val_f1: 32.98% (0.329802), test_acc: 50.09% (0.500881), test_f1: 33.16% (0.331617)
Epoch 44 completed in 1.89 seconds (0.03 minutes)
>>>>>>>>>>>>>>>>>>>>>>>>>>>>>>>>>>>>>>>>>>>>>>>>>>>>>>>>>>>>>>>>>>>>>>>>>>>>>>>>>>>>>>>>>>>>>>>>>>>>
epoch: 45
Batch 0 completed in 0.01 seconds (0.00 minutes)
loss: 1.000335, val_acc: 48.39% (0.483852), val_f1: 36.89% (0.368905), test_acc: 50.85% (0.508514), test_f1: 38.15% (0.381509)
Batch 60 completed in 0.01 seconds (0.00 minutes)
loss: 0.967081, val_acc: 49.79% (0.497945), val_f1: 33.52% (0.335208), test_acc: 49.56% (0.495596), test_f1: 32.83% (0.328289)
Batch 120 completed in 0.01 seconds (0.00 minutes)
loss: 1.082495, val_acc: 49.56% (0.495596), val_f1: 34.12% (0.341217), test_acc: 49.38% (0.493834), test_f1: 32.82% (0.328161)
Batch 180 completed in 0.01 seconds (0.00 minutes)
loss: 1.055843, val_acc: 49.38% (0.493834), val_f1: 34.38% (0.343758), test_acc: 49.85% (0.498532), test_f1: 34.02% (0.340186)
Epoch 45 completed in 1.89 seconds (0.03 minutes)
>>>>>>>>>>>>>>>>>>>>>>>>>>>>>>>>>>>>>>>>>>>>>>>>>>>>>>>>>>>>>>>>>>>>>>>>>>>>>>>>>>>>>>>>>>>>>>>>>>>>
epoch: 46
Batch 0 completed in 0.01 seconds (0.00 minutes)
loss: 0.968229, val_acc: 49.32% (0.493247), val_f1: 36.47% (0.364733), test_acc: 50.26% (0.502642), test_f1: 37.22% (0.372250)
Batch 60 completed in 0.01 seconds (0.00 minutes)
loss: 1.031462, val_acc: 49.44% (0.494422), val_f1: 38.51% (0.385122), test_acc: 49.44% (0.494422), test_f1: 38.44% (0.384369)
Batch 120 completed in 0.01 seconds (0.00 minutes)
loss: 1.029504, val_acc: 48.85% (0.488550), val_f1: 36.00% (0.360015), test_acc: 50.68% (0.506753), test_f1: 36.94% (0.369444)
Batch 180 completed in 0.01 seconds (0.00 minutes)
loss: 0.966940, val_acc: 49.74% (0.497358), val_f1: 38.91% (0.389121), test_acc: 49.97% (0.499706), test_f1: 38.43% (0.384299)
Epoch 46 completed in 1.93 seconds (0.03 minutes)
>>>>>>>>>>>>>>>>>>>>>>>>>>>>>>>>>>>>>>>>>>>>>>>>>>>>>>>>>>>>>>>>>>>>>>>>>>>>>>>>>>>>>>>>>>>>>>>>>>>>
epoch: 47
Batch 0 completed in 0.01 seconds (0.00 minutes)
loss: 0.931592, val_acc: 49.50% (0.495009), val_f1: 32.21% (0.322118), test_acc: 48.80% (0.487962), test_f1: 29.73% (0.297264)
Batch 60 completed in 0.01 seconds (0.00 minutes)
loss: 0.935549, val_acc: 49.56% (0.495596), val_f1: 32.35% (0.323480), test_acc: 48.91% (0.489137), test_f1: 30.39% (0.303857)
Batch 120 completed in 0.01 seconds (0.00 minutes)
loss: 1.005556, val_acc: 49.32% (0.493247), val_f1: 35.80% (0.358048), test_acc: 50.91% (0.509102), test_f1: 36.44% (0.364430)
Batch 180 completed in 0.01 seconds (0.00 minutes)
loss: 0.961057, val_acc: 48.50% (0.485026), val_f1: 37.90% (0.378955), test_acc: 50.21% (0.502055), test_f1: 39.35% (0.393512)
Epoch 47 completed in 1.89 seconds (0.03 minutes)
>>>>>>>>>>>>>>>>>>>>>>>>>>>>>>>>>>>>>>>>>>>>>>>>>>>>>>>>>>>>>>>>>>>>>>>>>>>>>>>>>>>>>>>>>>>>>>>>>>>>
epoch: 48
Batch 0 completed in 0.01 seconds (0.00 minutes)
loss: 0.877696, val_acc: 49.32% (0.493247), val_f1: 31.87% (0.318664), test_acc: 49.27% (0.492660), test_f1: 31.47% (0.314745)
Batch 60 completed in 0.01 seconds (0.00 minutes)
loss: 0.930220, val_acc: 49.68% (0.496770), val_f1: 35.51% (0.355073), test_acc: 50.21% (0.502055), test_f1: 35.39% (0.353889)
Batch 120 completed in 0.01 seconds (0.00 minutes)
loss: 0.936684, val_acc: 49.62% (0.496183), val_f1: 34.87% (0.348718), test_acc: 49.21% (0.492073), test_f1: 33.10% (0.331003)
Batch 180 completed in 0.01 seconds (0.00 minutes)
loss: 0.965080, val_acc: 49.50% (0.495009), val_f1: 33.64% (0.336404), test_acc: 49.44% (0.494422), test_f1: 33.03% (0.330292)
Epoch 48 completed in 1.89 seconds (0.03 minutes)
>>>>>>>>>>>>>>>>>>>>>>>>>>>>>>>>>>>>>>>>>>>>>>>>>>>>>>>>>>>>>>>>>>>>>>>>>>>>>>>>>>>>>>>>>>>>>>>>>>>>
epoch: 49
Batch 0 completed in 0.01 seconds (0.00 minutes)
loss: 0.944903, val_acc: 49.79% (0.497945), val_f1: 35.47% (0.354694), test_acc: 50.79% (0.507927), test_f1: 35.96% (0.359609)
Batch 60 completed in 0.01 seconds (0.00 minutes)
loss: 0.995387, val_acc: 48.50% (0.485026), val_f1: 36.71% (0.367092), test_acc: 51.26% (0.512625), test_f1: 38.64% (0.386382)
Batch 120 completed in 0.01 seconds (0.00 minutes)
loss: 1.016886, val_acc: 49.56% (0.495596), val_f1: 38.16% (0.381603), test_acc: 50.85% (0.508514), test_f1: 38.81% (0.388074)
Batch 180 completed in 0.01 seconds (0.00 minutes)
loss: 1.000525, val_acc: 49.50% (0.495009), val_f1: 34.73% (0.347322), test_acc: 48.80% (0.487962), test_f1: 32.44% (0.324427)
Epoch 49 completed in 1.89 seconds (0.03 minutes)
>>>>>>>>>>>>>>>>>>>>>>>>>>>>>>>>>>>>>>>>>>>>>>>>>>>>>>>>>>>>>>>>>>>>>>>>>>>>>>>>>>>>>>>>>>>>>>>>>>>>
epoch: 50
Batch 0 completed in 0.01 seconds (0.00 minutes)
loss: 0.949569, val_acc: 47.56% (0.475631), val_f1: 40.47% (0.404702), test_acc: 49.03% (0.490311), test_f1: 41.55% (0.415459)
Batch 60 completed in 0.01 seconds (0.00 minutes)
loss: 0.947199, val_acc: 49.09% (0.490898), val_f1: 35.54% (0.355424), test_acc: 51.03% (0.510276), test_f1: 36.67% (0.366715)
Batch 120 completed in 0.01 seconds (0.00 minutes)
loss: 0.873654, val_acc: 49.50% (0.495009), val_f1: 32.56% (0.325609), test_acc: 49.62% (0.496183), test_f1: 32.25% (0.322501)
Batch 180 completed in 0.01 seconds (0.00 minutes)
loss: 1.035274, val_acc: 49.50% (0.495009), val_f1: 36.76% (0.367612), test_acc: 48.85% (0.488550), test_f1: 34.99% (0.349904)
Epoch 50 completed in 1.89 seconds (0.03 minutes)
>>>>>>>>>>>>>>>>>>>>>>>>>>>>>>>>>>>>>>>>>>>>>>>>>>>>>>>>>>>>>>>>>>>>>>>>>>>>>>>>>>>>>>>>>>>>>>>>>>>>
epoch: 51
Batch 0 completed in 0.01 seconds (0.00 minutes)
loss: 0.997674, val_acc: 48.97% (0.489724), val_f1: 36.50% (0.365008), test_acc: 51.26% (0.512625), test_f1: 37.70% (0.377008)
Batch 60 completed in 0.01 seconds (0.00 minutes)
loss: 1.004609, val_acc: 49.44% (0.494422), val_f1: 35.67% (0.356717), test_acc: 50.26% (0.502642), test_f1: 35.87% (0.358691)
Batch 120 completed in 0.01 seconds (0.00 minutes)
loss: 0.866281, val_acc: 49.27% (0.492660), val_f1: 37.56% (0.375631), test_acc: 49.79% (0.497945), test_f1: 37.76% (0.377613)
Batch 180 completed in 0.01 seconds (0.00 minutes)
loss: 0.998095, val_acc: 49.15% (0.491486), val_f1: 35.48% (0.354814), test_acc: 51.26% (0.512625), test_f1: 36.93% (0.369268)
Epoch 51 completed in 1.89 seconds (0.03 minutes)
>>>>>>>>>>>>>>>>>>>>>>>>>>>>>>>>>>>>>>>>>>>>>>>>>>>>>>>>>>>>>>>>>>>>>>>>>>>>>>>>>>>>>>>>>>>>>>>>>>>>
epoch: 52
Batch 0 completed in 0.01 seconds (0.00 minutes)
loss: 0.980204, val_acc: 49.68% (0.496770), val_f1: 36.74% (0.367389), test_acc: 47.92% (0.479154), test_f1: 34.14% (0.341400)
Batch 60 completed in 0.01 seconds (0.00 minutes)
loss: 1.017016, val_acc: 49.44% (0.494422), val_f1: 35.56% (0.355554), test_acc: 48.50% (0.485026), test_f1: 33.48% (0.334840)
Batch 120 completed in 0.01 seconds (0.00 minutes)
loss: 1.021635, val_acc: 50.15% (0.501468), val_f1: 38.52% (0.385155), test_acc: 48.03% (0.480329), test_f1: 35.33% (0.353347)
Batch 180 completed in 0.01 seconds (0.00 minutes)
loss: 1.057652, val_acc: 49.74% (0.497358), val_f1: 33.53% (0.335344), test_acc: 50.56% (0.505578), test_f1: 34.50% (0.344966)
Epoch 52 completed in 1.89 seconds (0.03 minutes)
>>>>>>>>>>>>>>>>>>>>>>>>>>>>>>>>>>>>>>>>>>>>>>>>>>>>>>>>>>>>>>>>>>>>>>>>>>>>>>>>>>>>>>>>>>>>>>>>>>>>
epoch: 53
Batch 0 completed in 0.01 seconds (0.00 minutes)
loss: 0.966098, val_acc: 49.50% (0.495009), val_f1: 36.30% (0.363002), test_acc: 50.50% (0.504991), test_f1: 36.92% (0.369175)
Batch 60 completed in 0.01 seconds (0.00 minutes)
loss: 1.001133, val_acc: 49.79% (0.497945), val_f1: 33.29% (0.332949), test_acc: 49.27% (0.492660), test_f1: 32.17% (0.321683)
Batch 120 completed in 0.01 seconds (0.00 minutes)
loss: 1.041343, val_acc: 49.21% (0.492073), val_f1: 35.91% (0.359051), test_acc: 50.50% (0.504991), test_f1: 36.29% (0.362934)
Batch 180 completed in 0.01 seconds (0.00 minutes)
loss: 0.895995, val_acc: 49.03% (0.490311), val_f1: 36.35% (0.363530), test_acc: 51.44% (0.514386), test_f1: 37.77% (0.377682)
Epoch 53 completed in 1.89 seconds (0.03 minutes)
>>>>>>>>>>>>>>>>>>>>>>>>>>>>>>>>>>>>>>>>>>>>>>>>>>>>>>>>>>>>>>>>>>>>>>>>>>>>>>>>>>>>>>>>>>>>>>>>>>>>
epoch: 54
Batch 0 completed in 0.01 seconds (0.00 minutes)
loss: 1.019901, val_acc: 49.44% (0.494422), val_f1: 34.59% (0.345883), test_acc: 49.03% (0.490311), test_f1: 33.53% (0.335293)
Batch 60 completed in 0.01 seconds (0.00 minutes)
loss: 1.019409, val_acc: 49.56% (0.495596), val_f1: 32.64% (0.326386), test_acc: 49.91% (0.499119), test_f1: 32.71% (0.327066)
Batch 120 completed in 0.01 seconds (0.00 minutes)
loss: 1.025960, val_acc: 48.68% (0.486788), val_f1: 37.22% (0.372195), test_acc: 50.85% (0.508514), test_f1: 38.58% (0.385811)
Batch 180 completed in 0.01 seconds (0.00 minutes)
loss: 0.908941, val_acc: 49.62% (0.496183), val_f1: 35.24% (0.352367), test_acc: 49.27% (0.492660), test_f1: 33.93% (0.339326)
Epoch 54 completed in 1.89 seconds (0.03 minutes)
>>>>>>>>>>>>>>>>>>>>>>>>>>>>>>>>>>>>>>>>>>>>>>>>>>>>>>>>>>>>>>>>>>>>>>>>>>>>>>>>>>>>>>>>>>>>>>>>>>>>
epoch: 55
Batch 0 completed in 0.01 seconds (0.00 minutes)
loss: 0.938030, val_acc: 48.62% (0.486201), val_f1: 37.08% (0.370821), test_acc: 50.38% (0.503817), test_f1: 38.20% (0.382011)
Batch 60 completed in 0.01 seconds (0.00 minutes)
loss: 0.977367, val_acc: 48.85% (0.488550), val_f1: 35.95% (0.359519), test_acc: 50.85% (0.508514), test_f1: 37.13% (0.371334)
Batch 120 completed in 0.01 seconds (0.00 minutes)
loss: 0.965428, val_acc: 49.15% (0.491486), val_f1: 37.00% (0.370033), test_acc: 50.91% (0.509102), test_f1: 37.76% (0.377563)
Batch 180 completed in 0.01 seconds (0.00 minutes)
loss: 1.004715, val_acc: 48.97% (0.489724), val_f1: 30.10% (0.300976), test_acc: 48.50% (0.485026), test_f1: 28.34% (0.283367)
Epoch 55 completed in 1.89 seconds (0.03 minutes)
>>>>>>>>>>>>>>>>>>>>>>>>>>>>>>>>>>>>>>>>>>>>>>>>>>>>>>>>>>>>>>>>>>>>>>>>>>>>>>>>>>>>>>>>>>>>>>>>>>>>
epoch: 56
Batch 0 completed in 0.01 seconds (0.00 minutes)
New best val_f1: 0.431058 (previous best: 0.419244)
loss: 0.958154, val_acc: 49.62% (0.496183), val_f1: 43.11% (0.431058), test_acc: 49.56% (0.495596), test_f1: 42.37% (0.423681)
Batch 60 completed in 0.01 seconds (0.00 minutes)
loss: 0.921476, val_acc: 48.74% (0.487375), val_f1: 38.19% (0.381926), test_acc: 50.62% (0.506166), test_f1: 39.79% (0.397868)
Batch 120 completed in 0.01 seconds (0.00 minutes)
loss: 1.013965, val_acc: 49.85% (0.498532), val_f1: 31.84% (0.318423), test_acc: 49.27% (0.492660), test_f1: 30.72% (0.307198)
Batch 180 completed in 0.01 seconds (0.00 minutes)
loss: 1.020458, val_acc: 49.27% (0.492660), val_f1: 38.29% (0.382938), test_acc: 49.21% (0.492073), test_f1: 37.69% (0.376868)
Epoch 56 completed in 1.89 seconds (0.03 minutes)
>>>>>>>>>>>>>>>>>>>>>>>>>>>>>>>>>>>>>>>>>>>>>>>>>>>>>>>>>>>>>>>>>>>>>>>>>>>>>>>>>>>>>>>>>>>>>>>>>>>>
epoch: 57
Batch 0 completed in 0.01 seconds (0.00 minutes)
loss: 0.904466, val_acc: 49.38% (0.493834), val_f1: 35.22% (0.352226), test_acc: 48.74% (0.487375), test_f1: 33.36% (0.333578)
Batch 60 completed in 0.01 seconds (0.00 minutes)
loss: 0.932410, val_acc: 49.15% (0.491486), val_f1: 35.84% (0.358417), test_acc: 50.73% (0.507340), test_f1: 36.23% (0.362263)
Batch 120 completed in 0.01 seconds (0.00 minutes)
loss: 1.037620, val_acc: 49.21% (0.492073), val_f1: 36.14% (0.361443), test_acc: 48.50% (0.485026), test_f1: 34.21% (0.342076)
Batch 180 completed in 0.01 seconds (0.00 minutes)
loss: 1.053709, val_acc: 49.79% (0.497945), val_f1: 39.22% (0.392190), test_acc: 48.74% (0.487375), test_f1: 37.66% (0.376558)
Epoch 57 completed in 1.89 seconds (0.03 minutes)
>>>>>>>>>>>>>>>>>>>>>>>>>>>>>>>>>>>>>>>>>>>>>>>>>>>>>>>>>>>>>>>>>>>>>>>>>>>>>>>>>>>>>>>>>>>>>>>>>>>>
epoch: 58
Batch 0 completed in 0.01 seconds (0.00 minutes)
loss: 0.918110, val_acc: 49.09% (0.490898), val_f1: 34.98% (0.349797), test_acc: 50.21% (0.502055), test_f1: 35.52% (0.355194)
Batch 60 completed in 0.01 seconds (0.00 minutes)
loss: 1.089398, val_acc: 48.80% (0.487962), val_f1: 35.68% (0.356751), test_acc: 48.85% (0.488550), test_f1: 35.19% (0.351865)
Batch 120 completed in 0.01 seconds (0.00 minutes)
loss: 0.962119, val_acc: 49.27% (0.492660), val_f1: 36.00% (0.359967), test_acc: 50.50% (0.504991), test_f1: 36.45% (0.364542)
Batch 180 completed in 0.01 seconds (0.00 minutes)
loss: 0.962556, val_acc: 49.85% (0.498532), val_f1: 30.10% (0.300955), test_acc: 49.09% (0.490898), test_f1: 29.44% (0.294442)
Epoch 58 completed in 1.89 seconds (0.03 minutes)
>>>>>>>>>>>>>>>>>>>>>>>>>>>>>>>>>>>>>>>>>>>>>>>>>>>>>>>>>>>>>>>>>>>>>>>>>>>>>>>>>>>>>>>>>>>>>>>>>>>>
epoch: 59
Batch 0 completed in 0.01 seconds (0.00 minutes)
loss: 1.085131, val_acc: 49.38% (0.493834), val_f1: 35.70% (0.357025), test_acc: 51.61% (0.516148), test_f1: 37.22% (0.372167)
Batch 60 completed in 0.01 seconds (0.00 minutes)
loss: 0.943645, val_acc: 49.38% (0.493834), val_f1: 34.51% (0.345115), test_acc: 49.21% (0.492073), test_f1: 33.85% (0.338534)
Batch 120 completed in 0.01 seconds (0.00 minutes)
loss: 0.984567, val_acc: 49.56% (0.495596), val_f1: 34.90% (0.348989), test_acc: 48.80% (0.487962), test_f1: 33.04% (0.330392)
Batch 180 completed in 0.01 seconds (0.00 minutes)
loss: 0.902416, val_acc: 49.56% (0.495596), val_f1: 35.78% (0.357751), test_acc: 49.79% (0.497945), test_f1: 35.29% (0.352917)
Epoch 59 completed in 1.89 seconds (0.03 minutes)
>>>>>>>>>>>>>>>>>>>>>>>>>>>>>>>>>>>>>>>>>>>>>>>>>>>>>>>>>>>>>>>>>>>>>>>>>>>>>>>>>>>>>>>>>>>>>>>>>>>>
epoch: 60
Batch 0 completed in 0.01 seconds (0.00 minutes)
loss: 0.930956, val_acc: 49.56% (0.495596), val_f1: 34.65% (0.346528), test_acc: 50.09% (0.500881), test_f1: 34.48% (0.344778)
Batch 60 completed in 0.01 seconds (0.00 minutes)
loss: 0.894087, val_acc: 49.15% (0.491486), val_f1: 36.65% (0.366488), test_acc: 50.09% (0.500881), test_f1: 36.95% (0.369512)
Batch 120 completed in 0.01 seconds (0.00 minutes)
loss: 0.912396, val_acc: 49.38% (0.493834), val_f1: 38.39% (0.383880), test_acc: 49.03% (0.490311), test_f1: 37.73% (0.377290)
Batch 180 completed in 0.01 seconds (0.00 minutes)
loss: 0.982574, val_acc: 49.56% (0.495596), val_f1: 36.84% (0.368368), test_acc: 49.38% (0.493834), test_f1: 35.45% (0.354461)
Epoch 60 completed in 1.90 seconds (0.03 minutes)
>>>>>>>>>>>>>>>>>>>>>>>>>>>>>>>>>>>>>>>>>>>>>>>>>>>>>>>>>>>>>>>>>>>>>>>>>>>>>>>>>>>>>>>>>>>>>>>>>>>>
epoch: 61
Batch 0 completed in 0.01 seconds (0.00 minutes)
loss: 1.107781, val_acc: 49.38% (0.493834), val_f1: 31.76% (0.317632), test_acc: 49.74% (0.497358), test_f1: 32.71% (0.327064)
Batch 60 completed in 0.01 seconds (0.00 minutes)
loss: 0.880238, val_acc: 49.50% (0.495009), val_f1: 34.51% (0.345142), test_acc: 49.44% (0.494422), test_f1: 33.41% (0.334060)
Batch 120 completed in 0.01 seconds (0.00 minutes)
loss: 1.026307, val_acc: 49.44% (0.494422), val_f1: 39.49% (0.394888), test_acc: 48.21% (0.482090), test_f1: 37.88% (0.378849)
Batch 180 completed in 0.01 seconds (0.00 minutes)
loss: 0.979737, val_acc: 49.79% (0.497945), val_f1: 34.33% (0.343304), test_acc: 48.85% (0.488550), test_f1: 31.92% (0.319196)
Epoch 61 completed in 1.89 seconds (0.03 minutes)
>>>>>>>>>>>>>>>>>>>>>>>>>>>>>>>>>>>>>>>>>>>>>>>>>>>>>>>>>>>>>>>>>>>>>>>>>>>>>>>>>>>>>>>>>>>>>>>>>>>>
epoch: 62
Batch 0 completed in 0.01 seconds (0.00 minutes)
loss: 1.051428, val_acc: 49.32% (0.493247), val_f1: 36.53% (0.365261), test_acc: 50.03% (0.500294), test_f1: 36.50% (0.364977)
Batch 60 completed in 0.01 seconds (0.00 minutes)
loss: 0.884715, val_acc: 48.44% (0.484439), val_f1: 34.41% (0.344067), test_acc: 50.32% (0.503230), test_f1: 35.47% (0.354678)
Batch 120 completed in 0.01 seconds (0.00 minutes)
loss: 0.965970, val_acc: 49.68% (0.496770), val_f1: 39.75% (0.397531), test_acc: 50.68% (0.506753), test_f1: 40.87% (0.408661)
Batch 180 completed in 0.01 seconds (0.00 minutes)
loss: 1.087650, val_acc: 48.33% (0.483265), val_f1: 38.75% (0.387512), test_acc: 49.03% (0.490311), test_f1: 38.52% (0.385154)
Epoch 62 completed in 1.89 seconds (0.03 minutes)
>>>>>>>>>>>>>>>>>>>>>>>>>>>>>>>>>>>>>>>>>>>>>>>>>>>>>>>>>>>>>>>>>>>>>>>>>>>>>>>>>>>>>>>>>>>>>>>>>>>>
epoch: 63
Batch 0 completed in 0.01 seconds (0.00 minutes)
loss: 1.001688, val_acc: 49.50% (0.495009), val_f1: 38.33% (0.383266), test_acc: 48.27% (0.482678), test_f1: 36.45% (0.364527)
Batch 60 completed in 0.01 seconds (0.00 minutes)
loss: 0.940972, val_acc: 49.21% (0.492073), val_f1: 36.84% (0.368423), test_acc: 51.85% (0.518497), test_f1: 38.54% (0.385370)
Batch 120 completed in 0.01 seconds (0.00 minutes)
loss: 0.981925, val_acc: 49.15% (0.491486), val_f1: 36.00% (0.360041), test_acc: 50.85% (0.508514), test_f1: 37.78% (0.377787)
Batch 180 completed in 0.01 seconds (0.00 minutes)
loss: 1.001790, val_acc: 48.91% (0.489137), val_f1: 39.81% (0.398071), test_acc: 49.97% (0.499706), test_f1: 40.54% (0.405437)
Epoch 63 completed in 1.89 seconds (0.03 minutes)
>>>>>>>>>>>>>>>>>>>>>>>>>>>>>>>>>>>>>>>>>>>>>>>>>>>>>>>>>>>>>>>>>>>>>>>>>>>>>>>>>>>>>>>>>>>>>>>>>>>>
epoch: 64
Batch 0 completed in 0.01 seconds (0.00 minutes)
loss: 1.002034, val_acc: 49.85% (0.498532), val_f1: 38.32% (0.383154), test_acc: 47.97% (0.479742), test_f1: 35.79% (0.357886)
Batch 60 completed in 0.01 seconds (0.00 minutes)
loss: 0.974610, val_acc: 49.21% (0.492073), val_f1: 35.82% (0.358194), test_acc: 48.80% (0.487962), test_f1: 35.36% (0.353594)
Batch 120 completed in 0.01 seconds (0.00 minutes)
loss: 1.140956, val_acc: 48.74% (0.487375), val_f1: 36.63% (0.366313), test_acc: 51.03% (0.510276), test_f1: 38.17% (0.381684)
Batch 180 completed in 0.01 seconds (0.00 minutes)
loss: 0.998411, val_acc: 46.86% (0.468585), val_f1: 37.60% (0.375998), test_acc: 46.62% (0.466236), test_f1: 37.43% (0.374347)
Epoch 64 completed in 1.89 seconds (0.03 minutes)
>>>>>>>>>>>>>>>>>>>>>>>>>>>>>>>>>>>>>>>>>>>>>>>>>>>>>>>>>>>>>>>>>>>>>>>>>>>>>>>>>>>>>>>>>>>>>>>>>>>>
epoch: 65
Batch 0 completed in 0.01 seconds (0.00 minutes)
loss: 0.902629, val_acc: 49.15% (0.491486), val_f1: 30.27% (0.302661), test_acc: 48.74% (0.487375), test_f1: 29.34% (0.293353)
Batch 60 completed in 0.01 seconds (0.00 minutes)
loss: 1.003680, val_acc: 49.38% (0.493834), val_f1: 35.05% (0.350507), test_acc: 49.62% (0.496183), test_f1: 34.66% (0.346629)
Batch 120 completed in 0.01 seconds (0.00 minutes)
loss: 0.945138, val_acc: 48.80% (0.487962), val_f1: 36.00% (0.360016), test_acc: 49.91% (0.499119), test_f1: 35.81% (0.358129)
Batch 180 completed in 0.01 seconds (0.00 minutes)
loss: 1.047979, val_acc: 49.85% (0.498532), val_f1: 31.93% (0.319330), test_acc: 48.80% (0.487962), test_f1: 29.33% (0.293251)
Epoch 65 completed in 1.89 seconds (0.03 minutes)
>>>>>>>>>>>>>>>>>>>>>>>>>>>>>>>>>>>>>>>>>>>>>>>>>>>>>>>>>>>>>>>>>>>>>>>>>>>>>>>>>>>>>>>>>>>>>>>>>>>>
epoch: 66
Batch 0 completed in 0.01 seconds (0.00 minutes)
loss: 0.819477, val_acc: 48.62% (0.486201), val_f1: 37.04% (0.370431), test_acc: 50.79% (0.507927), test_f1: 39.24% (0.392435)
Batch 60 completed in 0.01 seconds (0.00 minutes)
loss: 1.026149, val_acc: 49.32% (0.493247), val_f1: 36.40% (0.363977), test_acc: 50.68% (0.506753), test_f1: 36.98% (0.369761)
Batch 120 completed in 0.01 seconds (0.00 minutes)
loss: 1.039585, val_acc: 48.62% (0.486201), val_f1: 39.26% (0.392594), test_acc: 50.50% (0.504991), test_f1: 40.72% (0.407236)
Batch 180 completed in 0.01 seconds (0.00 minutes)
loss: 1.021685, val_acc: 48.74% (0.487375), val_f1: 39.78% (0.397751), test_acc: 49.74% (0.497358), test_f1: 40.42% (0.404173)
Epoch 66 completed in 1.89 seconds (0.03 minutes)
>>>>>>>>>>>>>>>>>>>>>>>>>>>>>>>>>>>>>>>>>>>>>>>>>>>>>>>>>>>>>>>>>>>>>>>>>>>>>>>>>>>>>>>>>>>>>>>>>>>>
epoch: 67
Batch 0 completed in 0.01 seconds (0.00 minutes)
loss: 1.061575, val_acc: 48.91% (0.489137), val_f1: 35.73% (0.357261), test_acc: 50.73% (0.507340), test_f1: 37.09% (0.370883)
Batch 60 completed in 0.01 seconds (0.00 minutes)
loss: 1.036703, val_acc: 49.21% (0.492073), val_f1: 35.67% (0.356729), test_acc: 51.15% (0.511450), test_f1: 36.67% (0.366686)
Batch 120 completed in 0.01 seconds (0.00 minutes)
loss: 0.900698, val_acc: 49.15% (0.491486), val_f1: 35.20% (0.352022), test_acc: 49.85% (0.498532), test_f1: 35.42% (0.354184)
Batch 180 completed in 0.01 seconds (0.00 minutes)
loss: 0.874014, val_acc: 48.68% (0.486788), val_f1: 37.82% (0.378179), test_acc: 47.39% (0.473870), test_f1: 36.22% (0.362162)
Epoch 67 completed in 1.89 seconds (0.03 minutes)
>>>>>>>>>>>>>>>>>>>>>>>>>>>>>>>>>>>>>>>>>>>>>>>>>>>>>>>>>>>>>>>>>>>>>>>>>>>>>>>>>>>>>>>>>>>>>>>>>>>>
epoch: 68
Batch 0 completed in 0.01 seconds (0.00 minutes)
loss: 0.949215, val_acc: 48.39% (0.483852), val_f1: 36.78% (0.367783), test_acc: 50.85% (0.508514), test_f1: 38.08% (0.380772)
Batch 60 completed in 0.01 seconds (0.00 minutes)
loss: 0.926804, val_acc: 49.15% (0.491486), val_f1: 39.18% (0.391809), test_acc: 50.03% (0.500294), test_f1: 39.66% (0.396557)
Batch 120 completed in 0.01 seconds (0.00 minutes)
loss: 0.922594, val_acc: 48.03% (0.480329), val_f1: 40.11% (0.401104), test_acc: 49.09% (0.490898), test_f1: 40.71% (0.407109)
Batch 180 completed in 0.01 seconds (0.00 minutes)
loss: 1.007237, val_acc: 49.03% (0.490311), val_f1: 35.65% (0.356453), test_acc: 50.73% (0.507340), test_f1: 37.50% (0.374955)
Epoch 68 completed in 1.89 seconds (0.03 minutes)
>>>>>>>>>>>>>>>>>>>>>>>>>>>>>>>>>>>>>>>>>>>>>>>>>>>>>>>>>>>>>>>>>>>>>>>>>>>>>>>>>>>>>>>>>>>>>>>>>>>>
epoch: 69
Batch 0 completed in 0.01 seconds (0.00 minutes)
loss: 0.966164, val_acc: 49.15% (0.491486), val_f1: 40.18% (0.401795), test_acc: 49.44% (0.494422), test_f1: 39.59% (0.395939)
Batch 60 completed in 0.01 seconds (0.00 minutes)
loss: 0.972957, val_acc: 48.97% (0.489724), val_f1: 35.38% (0.353820), test_acc: 49.68% (0.496770), test_f1: 35.33% (0.353304)
Batch 120 completed in 0.01 seconds (0.00 minutes)
loss: 0.973542, val_acc: 49.56% (0.495596), val_f1: 40.03% (0.400327), test_acc: 48.44% (0.484439), test_f1: 37.85% (0.378529)
Batch 180 completed in 0.01 seconds (0.00 minutes)
loss: 1.060006, val_acc: 49.09% (0.490898), val_f1: 35.71% (0.357057), test_acc: 49.15% (0.491486), test_f1: 35.56% (0.355635)
Epoch 69 completed in 1.89 seconds (0.03 minutes)
>>>>>>>>>>>>>>>>>>>>>>>>>>>>>>>>>>>>>>>>>>>>>>>>>>>>>>>>>>>>>>>>>>>>>>>>>>>>>>>>>>>>>>>>>>>>>>>>>>>>
epoch: 70
Batch 0 completed in 0.01 seconds (0.00 minutes)
loss: 0.902090, val_acc: 49.27% (0.492660), val_f1: 37.05% (0.370456), test_acc: 49.32% (0.493247), test_f1: 36.60% (0.365973)
Batch 60 completed in 0.01 seconds (0.00 minutes)
loss: 1.063887, val_acc: 48.80% (0.487962), val_f1: 37.14% (0.371369), test_acc: 49.91% (0.499119), test_f1: 37.60% (0.376034)
Batch 120 completed in 0.01 seconds (0.00 minutes)
loss: 1.010966, val_acc: 49.44% (0.494422), val_f1: 33.89% (0.338903), test_acc: 50.50% (0.504991), test_f1: 34.45% (0.344494)
Batch 180 completed in 0.01 seconds (0.00 minutes)
loss: 1.018945, val_acc: 49.74% (0.497358), val_f1: 37.41% (0.374116), test_acc: 51.61% (0.516148), test_f1: 38.29% (0.382894)
Epoch 70 completed in 1.89 seconds (0.03 minutes)
>>>>>>>>>>>>>>>>>>>>>>>>>>>>>>>>>>>>>>>>>>>>>>>>>>>>>>>>>>>>>>>>>>>>>>>>>>>>>>>>>>>>>>>>>>>>>>>>>>>>
epoch: 71
Batch 0 completed in 0.01 seconds (0.00 minutes)
loss: 0.927032, val_acc: 48.44% (0.484439), val_f1: 37.47% (0.374715), test_acc: 50.21% (0.502055), test_f1: 38.58% (0.385756)
Batch 60 completed in 0.01 seconds (0.00 minutes)
loss: 0.884784, val_acc: 49.09% (0.490898), val_f1: 37.54% (0.375373), test_acc: 50.79% (0.507927), test_f1: 38.34% (0.383378)
Batch 120 completed in 0.01 seconds (0.00 minutes)
loss: 0.853534, val_acc: 49.44% (0.494422), val_f1: 33.24% (0.332379), test_acc: 49.74% (0.497358), test_f1: 32.96% (0.329553)
Batch 180 completed in 0.01 seconds (0.00 minutes)
loss: 1.073245, val_acc: 49.85% (0.498532), val_f1: 33.84% (0.338350), test_acc: 49.62% (0.496183), test_f1: 32.64% (0.326430)
Epoch 71 completed in 1.89 seconds (0.03 minutes)
>>>>>>>>>>>>>>>>>>>>>>>>>>>>>>>>>>>>>>>>>>>>>>>>>>>>>>>>>>>>>>>>>>>>>>>>>>>>>>>>>>>>>>>>>>>>>>>>>>>>
epoch: 72
Batch 0 completed in 0.01 seconds (0.00 minutes)
loss: 0.966749, val_acc: 48.97% (0.489724), val_f1: 33.77% (0.337721), test_acc: 50.38% (0.503817), test_f1: 35.23% (0.352274)
Batch 60 completed in 0.01 seconds (0.00 minutes)
loss: 0.946145, val_acc: 47.97% (0.479742), val_f1: 36.70% (0.367024), test_acc: 47.56% (0.475631), test_f1: 36.05% (0.360541)
Batch 120 completed in 0.01 seconds (0.00 minutes)
loss: 0.980731, val_acc: 49.27% (0.492660), val_f1: 39.29% (0.392938), test_acc: 48.91% (0.489137), test_f1: 37.96% (0.379552)
Batch 180 completed in 0.01 seconds (0.00 minutes)
loss: 0.878794, val_acc: 49.38% (0.493834), val_f1: 33.41% (0.334110), test_acc: 50.21% (0.502055), test_f1: 33.72% (0.337241)
Epoch 72 completed in 1.90 seconds (0.03 minutes)
>>>>>>>>>>>>>>>>>>>>>>>>>>>>>>>>>>>>>>>>>>>>>>>>>>>>>>>>>>>>>>>>>>>>>>>>>>>>>>>>>>>>>>>>>>>>>>>>>>>>
epoch: 73
Batch 0 completed in 0.01 seconds (0.00 minutes)
loss: 0.949834, val_acc: 48.85% (0.488550), val_f1: 37.08% (0.370801), test_acc: 50.21% (0.502055), test_f1: 37.98% (0.379821)
Batch 60 completed in 0.01 seconds (0.00 minutes)
loss: 0.916084, val_acc: 49.21% (0.492073), val_f1: 37.24% (0.372443), test_acc: 50.56% (0.505578), test_f1: 38.98% (0.389805)
Batch 120 completed in 0.01 seconds (0.00 minutes)
loss: 0.968909, val_acc: 49.97% (0.499706), val_f1: 38.26% (0.382643), test_acc: 48.85% (0.488550), test_f1: 36.52% (0.365161)
Batch 180 completed in 0.01 seconds (0.00 minutes)
loss: 1.025867, val_acc: 49.62% (0.496183), val_f1: 34.98% (0.349840), test_acc: 49.21% (0.492073), test_f1: 33.51% (0.335144)
Epoch 73 completed in 1.89 seconds (0.03 minutes)
>>>>>>>>>>>>>>>>>>>>>>>>>>>>>>>>>>>>>>>>>>>>>>>>>>>>>>>>>>>>>>>>>>>>>>>>>>>>>>>>>>>>>>>>>>>>>>>>>>>>
epoch: 74
Batch 0 completed in 0.01 seconds (0.00 minutes)
loss: 0.915639, val_acc: 48.68% (0.486788), val_f1: 38.76% (0.387564), test_acc: 50.73% (0.507340), test_f1: 40.41% (0.404077)
Batch 60 completed in 0.01 seconds (0.00 minutes)
loss: 0.995594, val_acc: 49.21% (0.492073), val_f1: 38.01% (0.380089), test_acc: 48.21% (0.482090), test_f1: 35.73% (0.357319)
Batch 120 completed in 0.01 seconds (0.00 minutes)
loss: 0.900920, val_acc: 48.39% (0.483852), val_f1: 36.74% (0.367376), test_acc: 50.68% (0.506753), test_f1: 39.21% (0.392137)
Batch 180 completed in 0.01 seconds (0.00 minutes)
loss: 0.954782, val_acc: 49.27% (0.492660), val_f1: 32.43% (0.324285), test_acc: 49.68% (0.496770), test_f1: 32.40% (0.324025)
Epoch 74 completed in 1.89 seconds (0.03 minutes)
>>>>>>>>>>>>>>>>>>>>>>>>>>>>>>>>>>>>>>>>>>>>>>>>>>>>>>>>>>>>>>>>>>>>>>>>>>>>>>>>>>>>>>>>>>>>>>>>>>>>
epoch: 75
Batch 0 completed in 0.01 seconds (0.00 minutes)
loss: 0.810585, val_acc: 49.21% (0.492073), val_f1: 35.26% (0.352593), test_acc: 50.62% (0.506166), test_f1: 36.43% (0.364305)
Batch 60 completed in 0.01 seconds (0.00 minutes)
loss: 0.909316, val_acc: 48.80% (0.487962), val_f1: 33.80% (0.337972), test_acc: 48.80% (0.487962), test_f1: 33.03% (0.330310)
Batch 120 completed in 0.01 seconds (0.00 minutes)
loss: 0.921197, val_acc: 49.91% (0.499119), val_f1: 33.82% (0.338155), test_acc: 49.15% (0.491486), test_f1: 32.04% (0.320355)
Batch 180 completed in 0.01 seconds (0.00 minutes)
loss: 0.855207, val_acc: 49.21% (0.492073), val_f1: 32.20% (0.321957), test_acc: 48.97% (0.489724), test_f1: 30.99% (0.309914)
Epoch 75 completed in 1.89 seconds (0.03 minutes)
>>>>>>>>>>>>>>>>>>>>>>>>>>>>>>>>>>>>>>>>>>>>>>>>>>>>>>>>>>>>>>>>>>>>>>>>>>>>>>>>>>>>>>>>>>>>>>>>>>>>
epoch: 76
Batch 0 completed in 0.01 seconds (0.00 minutes)
loss: 0.966153, val_acc: 49.32% (0.493247), val_f1: 36.51% (0.365097), test_acc: 49.27% (0.492660), test_f1: 35.85% (0.358545)
Batch 60 completed in 0.01 seconds (0.00 minutes)
loss: 1.039459, val_acc: 48.80% (0.487962), val_f1: 35.64% (0.356446), test_acc: 48.97% (0.489724), test_f1: 35.02% (0.350191)
Batch 120 completed in 0.01 seconds (0.00 minutes)
loss: 0.970635, val_acc: 48.68% (0.486788), val_f1: 39.22% (0.392182), test_acc: 49.56% (0.495596), test_f1: 39.80% (0.397989)
Batch 180 completed in 0.01 seconds (0.00 minutes)
loss: 0.997746, val_acc: 47.09% (0.470934), val_f1: 39.29% (0.392862), test_acc: 48.68% (0.486788), test_f1: 40.81% (0.408107)
Epoch 76 completed in 1.89 seconds (0.03 minutes)
>>>>>>>>>>>>>>>>>>>>>>>>>>>>>>>>>>>>>>>>>>>>>>>>>>>>>>>>>>>>>>>>>>>>>>>>>>>>>>>>>>>>>>>>>>>>>>>>>>>>
epoch: 77
Batch 0 completed in 0.01 seconds (0.00 minutes)
loss: 0.871029, val_acc: 50.38% (0.503817), val_f1: 33.66% (0.336557), test_acc: 49.32% (0.493247), test_f1: 30.88% (0.308781)
Batch 60 completed in 0.01 seconds (0.00 minutes)
loss: 0.937033, val_acc: 48.74% (0.487375), val_f1: 36.86% (0.368577), test_acc: 50.56% (0.505578), test_f1: 39.39% (0.393931)
Batch 120 completed in 0.01 seconds (0.00 minutes)
loss: 0.984583, val_acc: 49.27% (0.492660), val_f1: 37.75% (0.377486), test_acc: 49.74% (0.497358), test_f1: 37.34% (0.373437)
Batch 180 completed in 0.01 seconds (0.00 minutes)
loss: 0.864558, val_acc: 49.38% (0.493834), val_f1: 34.75% (0.347531), test_acc: 49.32% (0.493247), test_f1: 33.20% (0.331952)
Epoch 77 completed in 1.90 seconds (0.03 minutes)
>>>>>>>>>>>>>>>>>>>>>>>>>>>>>>>>>>>>>>>>>>>>>>>>>>>>>>>>>>>>>>>>>>>>>>>>>>>>>>>>>>>>>>>>>>>>>>>>>>>>
epoch: 78
Batch 0 completed in 0.01 seconds (0.00 minutes)
loss: 0.938816, val_acc: 47.09% (0.470934), val_f1: 40.21% (0.402063), test_acc: 49.68% (0.496770), test_f1: 42.08% (0.420751)
Batch 60 completed in 0.01 seconds (0.00 minutes)
loss: 0.900742, val_acc: 48.85% (0.488550), val_f1: 38.15% (0.381494), test_acc: 50.32% (0.503230), test_f1: 39.04% (0.390364)
Batch 120 completed in 0.01 seconds (0.00 minutes)
loss: 0.949456, val_acc: 48.68% (0.486788), val_f1: 39.28% (0.392792), test_acc: 50.21% (0.502055), test_f1: 40.43% (0.404264)
Batch 180 completed in 0.01 seconds (0.00 minutes)
loss: 1.094322, val_acc: 48.44% (0.484439), val_f1: 37.53% (0.375279), test_acc: 50.38% (0.503817), test_f1: 38.68% (0.386803)
Epoch 78 completed in 1.89 seconds (0.03 minutes)
>>>>>>>>>>>>>>>>>>>>>>>>>>>>>>>>>>>>>>>>>>>>>>>>>>>>>>>>>>>>>>>>>>>>>>>>>>>>>>>>>>>>>>>>>>>>>>>>>>>>
epoch: 79
Batch 0 completed in 0.01 seconds (0.00 minutes)
loss: 0.866901, val_acc: 49.44% (0.494422), val_f1: 37.27% (0.372696), test_acc: 49.32% (0.493247), test_f1: 37.25% (0.372502)
Batch 60 completed in 0.01 seconds (0.00 minutes)
loss: 0.916819, val_acc: 49.21% (0.492073), val_f1: 35.56% (0.355598), test_acc: 50.85% (0.508514), test_f1: 36.85% (0.368475)
Batch 120 completed in 0.01 seconds (0.00 minutes)
loss: 0.982183, val_acc: 49.27% (0.492660), val_f1: 36.68% (0.366790), test_acc: 50.56% (0.505578), test_f1: 37.57% (0.375654)
Batch 180 completed in 0.01 seconds (0.00 minutes)
loss: 0.875207, val_acc: 49.32% (0.493247), val_f1: 34.63% (0.346280), test_acc: 49.50% (0.495009), test_f1: 33.80% (0.338025)
Epoch 79 completed in 1.89 seconds (0.03 minutes)
>>>>>>>>>>>>>>>>>>>>>>>>>>>>>>>>>>>>>>>>>>>>>>>>>>>>>>>>>>>>>>>>>>>>>>>>>>>>>>>>>>>>>>>>>>>>>>>>>>>>
epoch: 80
Batch 0 completed in 0.01 seconds (0.00 minutes)
loss: 0.848279, val_acc: 48.74% (0.487375), val_f1: 37.33% (0.373332), test_acc: 50.32% (0.503230), test_f1: 38.32% (0.383224)
Batch 60 completed in 0.01 seconds (0.00 minutes)
loss: 1.004559, val_acc: 48.97% (0.489724), val_f1: 35.56% (0.355583), test_acc: 49.50% (0.495009), test_f1: 35.43% (0.354324)
Batch 120 completed in 0.01 seconds (0.00 minutes)
loss: 0.957494, val_acc: 48.56% (0.485614), val_f1: 40.60% (0.405981), test_acc: 47.50% (0.475044), test_f1: 38.85% (0.388515)
Batch 180 completed in 0.01 seconds (0.00 minutes)
loss: 0.908334, val_acc: 48.85% (0.488550), val_f1: 34.74% (0.347403), test_acc: 49.79% (0.497945), test_f1: 35.25% (0.352532)
Epoch 80 completed in 1.89 seconds (0.03 minutes)
>>>>>>>>>>>>>>>>>>>>>>>>>>>>>>>>>>>>>>>>>>>>>>>>>>>>>>>>>>>>>>>>>>>>>>>>>>>>>>>>>>>>>>>>>>>>>>>>>>>>
epoch: 81
Batch 0 completed in 0.01 seconds (0.00 minutes)
loss: 0.933460, val_acc: 48.80% (0.487962), val_f1: 36.78% (0.367766), test_acc: 50.09% (0.500881), test_f1: 37.48% (0.374772)
Batch 60 completed in 0.01 seconds (0.00 minutes)
loss: 1.075146, val_acc: 48.97% (0.489724), val_f1: 37.40% (0.373972), test_acc: 50.15% (0.501468), test_f1: 38.80% (0.388025)
Batch 120 completed in 0.01 seconds (0.00 minutes)
loss: 0.926894, val_acc: 49.38% (0.493834), val_f1: 38.37% (0.383673), test_acc: 48.44% (0.484439), test_f1: 36.40% (0.364033)
Batch 180 completed in 0.01 seconds (0.00 minutes)
loss: 1.048932, val_acc: 48.56% (0.485614), val_f1: 36.17% (0.361672), test_acc: 49.03% (0.490311), test_f1: 36.25% (0.362473)
Epoch 81 completed in 1.89 seconds (0.03 minutes)
>>>>>>>>>>>>>>>>>>>>>>>>>>>>>>>>>>>>>>>>>>>>>>>>>>>>>>>>>>>>>>>>>>>>>>>>>>>>>>>>>>>>>>>>>>>>>>>>>>>>
epoch: 82
Batch 0 completed in 0.01 seconds (0.00 minutes)
loss: 0.991477, val_acc: 48.85% (0.488550), val_f1: 36.94% (0.369406), test_acc: 48.97% (0.489724), test_f1: 37.02% (0.370229)
Batch 60 completed in 0.01 seconds (0.00 minutes)
loss: 1.005436, val_acc: 49.21% (0.492073), val_f1: 37.87% (0.378663), test_acc: 49.15% (0.491486), test_f1: 36.58% (0.365761)
Batch 120 completed in 0.01 seconds (0.00 minutes)
loss: 0.944522, val_acc: 48.97% (0.489724), val_f1: 37.55% (0.375473), test_acc: 50.85% (0.508514), test_f1: 38.91% (0.389120)
Batch 180 completed in 0.01 seconds (0.00 minutes)
loss: 0.892826, val_acc: 48.85% (0.488550), val_f1: 39.94% (0.399423), test_acc: 47.74% (0.477393), test_f1: 37.89% (0.378871)
Epoch 82 completed in 1.89 seconds (0.03 minutes)
>>>>>>>>>>>>>>>>>>>>>>>>>>>>>>>>>>>>>>>>>>>>>>>>>>>>>>>>>>>>>>>>>>>>>>>>>>>>>>>>>>>>>>>>>>>>>>>>>>>>
epoch: 83
Batch 0 completed in 0.01 seconds (0.00 minutes)
loss: 0.945648, val_acc: 49.38% (0.493834), val_f1: 36.75% (0.367546), test_acc: 48.74% (0.487375), test_f1: 35.65% (0.356515)
Batch 60 completed in 0.01 seconds (0.00 minutes)
loss: 0.890712, val_acc: 49.56% (0.495596), val_f1: 37.81% (0.378068), test_acc: 49.44% (0.494422), test_f1: 36.93% (0.369257)
Batch 120 completed in 0.01 seconds (0.00 minutes)
loss: 0.924337, val_acc: 49.15% (0.491486), val_f1: 34.36% (0.343626), test_acc: 48.85% (0.488550), test_f1: 32.99% (0.329871)
Batch 180 completed in 0.01 seconds (0.00 minutes)
New best val_f1: 0.435155 (previous best: 0.431058)
loss: 0.962221, val_acc: 49.21% (0.492073), val_f1: 43.52% (0.435155), test_acc: 48.33% (0.483265), test_f1: 41.83% (0.418251)
Epoch 83 completed in 1.89 seconds (0.03 minutes)
>>>>>>>>>>>>>>>>>>>>>>>>>>>>>>>>>>>>>>>>>>>>>>>>>>>>>>>>>>>>>>>>>>>>>>>>>>>>>>>>>>>>>>>>>>>>>>>>>>>>
epoch: 84
Batch 0 completed in 0.01 seconds (0.00 minutes)
loss: 1.061053, val_acc: 48.91% (0.489137), val_f1: 32.15% (0.321528), test_acc: 50.26% (0.502642), test_f1: 33.65% (0.336502)
Batch 60 completed in 0.01 seconds (0.00 minutes)
loss: 0.883787, val_acc: 49.50% (0.495009), val_f1: 36.00% (0.359978), test_acc: 49.85% (0.498532), test_f1: 35.83% (0.358345)
Batch 120 completed in 0.01 seconds (0.00 minutes)
loss: 1.008380, val_acc: 49.50% (0.495009), val_f1: 38.75% (0.387539), test_acc: 50.03% (0.500294), test_f1: 38.71% (0.387098)
Batch 180 completed in 0.01 seconds (0.00 minutes)
loss: 1.018453, val_acc: 48.85% (0.488550), val_f1: 33.80% (0.338015), test_acc: 48.39% (0.483852), test_f1: 32.36% (0.323630)
Epoch 84 completed in 1.89 seconds (0.03 minutes)
>>>>>>>>>>>>>>>>>>>>>>>>>>>>>>>>>>>>>>>>>>>>>>>>>>>>>>>>>>>>>>>>>>>>>>>>>>>>>>>>>>>>>>>>>>>>>>>>>>>>
epoch: 85
Batch 0 completed in 0.01 seconds (0.00 minutes)
loss: 1.020946, val_acc: 49.27% (0.492660), val_f1: 35.14% (0.351365), test_acc: 49.91% (0.499119), test_f1: 34.99% (0.349859)
Batch 60 completed in 0.01 seconds (0.00 minutes)
loss: 1.046563, val_acc: 48.74% (0.487375), val_f1: 38.08% (0.380776), test_acc: 49.91% (0.499119), test_f1: 38.67% (0.386650)
Batch 120 completed in 0.01 seconds (0.00 minutes)
loss: 0.990356, val_acc: 48.80% (0.487962), val_f1: 35.66% (0.356647), test_acc: 49.85% (0.498532), test_f1: 35.61% (0.356058)
Batch 180 completed in 0.01 seconds (0.00 minutes)
loss: 0.918300, val_acc: 48.68% (0.486788), val_f1: 38.96% (0.389571), test_acc: 50.44% (0.504404), test_f1: 40.62% (0.406250)
Epoch 85 completed in 1.89 seconds (0.03 minutes)
>>>>>>>>>>>>>>>>>>>>>>>>>>>>>>>>>>>>>>>>>>>>>>>>>>>>>>>>>>>>>>>>>>>>>>>>>>>>>>>>>>>>>>>>>>>>>>>>>>>>
epoch: 86
Batch 0 completed in 0.01 seconds (0.00 minutes)
loss: 0.937635, val_acc: 48.44% (0.484439), val_f1: 35.09% (0.350859), test_acc: 49.91% (0.499119), test_f1: 36.08% (0.360778)
Batch 60 completed in 0.01 seconds (0.00 minutes)
loss: 0.886277, val_acc: 49.32% (0.493247), val_f1: 39.02% (0.390247), test_acc: 50.38% (0.503817), test_f1: 39.85% (0.398475)
Batch 120 completed in 0.01 seconds (0.00 minutes)
loss: 0.878809, val_acc: 49.62% (0.496183), val_f1: 31.25% (0.312457), test_acc: 49.38% (0.493834), test_f1: 30.88% (0.308780)
Batch 180 completed in 0.01 seconds (0.00 minutes)
loss: 0.988688, val_acc: 48.33% (0.483265), val_f1: 38.39% (0.383856), test_acc: 49.91% (0.499119), test_f1: 39.69% (0.396871)
Epoch 86 completed in 1.89 seconds (0.03 minutes)
>>>>>>>>>>>>>>>>>>>>>>>>>>>>>>>>>>>>>>>>>>>>>>>>>>>>>>>>>>>>>>>>>>>>>>>>>>>>>>>>>>>>>>>>>>>>>>>>>>>>
epoch: 87
Batch 0 completed in 0.01 seconds (0.00 minutes)
loss: 0.909996, val_acc: 49.56% (0.495596), val_f1: 33.86% (0.338582), test_acc: 49.62% (0.496183), test_f1: 33.21% (0.332134)
Batch 60 completed in 0.01 seconds (0.00 minutes)
loss: 1.008888, val_acc: 49.74% (0.497358), val_f1: 37.82% (0.378245), test_acc: 48.97% (0.489724), test_f1: 35.73% (0.357265)
Batch 120 completed in 0.01 seconds (0.00 minutes)
loss: 1.016756, val_acc: 49.27% (0.492660), val_f1: 34.88% (0.348820), test_acc: 49.74% (0.497358), test_f1: 34.31% (0.343098)
Batch 180 completed in 0.01 seconds (0.00 minutes)
loss: 0.922787, val_acc: 49.21% (0.492073), val_f1: 40.85% (0.408508), test_acc: 48.33% (0.483265), test_f1: 38.76% (0.387647)
Epoch 87 completed in 1.89 seconds (0.03 minutes)
>>>>>>>>>>>>>>>>>>>>>>>>>>>>>>>>>>>>>>>>>>>>>>>>>>>>>>>>>>>>>>>>>>>>>>>>>>>>>>>>>>>>>>>>>>>>>>>>>>>>
epoch: 88
Batch 0 completed in 0.01 seconds (0.00 minutes)
loss: 0.956987, val_acc: 49.74% (0.497358), val_f1: 38.64% (0.386360), test_acc: 49.32% (0.493247), test_f1: 37.54% (0.375392)
Batch 60 completed in 0.01 seconds (0.00 minutes)
loss: 0.824091, val_acc: 48.56% (0.485614), val_f1: 38.99% (0.389947), test_acc: 48.21% (0.482090), test_f1: 38.16% (0.381564)
Batch 120 completed in 0.01 seconds (0.00 minutes)
loss: 1.045095, val_acc: 48.62% (0.486201), val_f1: 35.65% (0.356500), test_acc: 50.15% (0.501468), test_f1: 36.11% (0.361101)
Batch 180 completed in 0.01 seconds (0.00 minutes)
loss: 0.839127, val_acc: 49.38% (0.493834), val_f1: 36.84% (0.368415), test_acc: 49.38% (0.493834), test_f1: 36.47% (0.364743)
Epoch 88 completed in 1.89 seconds (0.03 minutes)
>>>>>>>>>>>>>>>>>>>>>>>>>>>>>>>>>>>>>>>>>>>>>>>>>>>>>>>>>>>>>>>>>>>>>>>>>>>>>>>>>>>>>>>>>>>>>>>>>>>>
epoch: 89
Batch 0 completed in 0.01 seconds (0.00 minutes)
loss: 0.919721, val_acc: 48.74% (0.487375), val_f1: 35.93% (0.359337), test_acc: 50.50% (0.504991), test_f1: 36.61% (0.366095)
Batch 60 completed in 0.01 seconds (0.00 minutes)
loss: 0.903011, val_acc: 49.15% (0.491486), val_f1: 37.75% (0.377468), test_acc: 49.27% (0.492660), test_f1: 37.13% (0.371322)
Batch 120 completed in 0.01 seconds (0.00 minutes)
loss: 1.005763, val_acc: 48.80% (0.487962), val_f1: 34.52% (0.345154), test_acc: 48.27% (0.482678), test_f1: 33.37% (0.333701)
Batch 180 completed in 0.01 seconds (0.00 minutes)
loss: 0.929260, val_acc: 49.21% (0.492073), val_f1: 34.10% (0.340958), test_acc: 49.44% (0.494422), test_f1: 33.29% (0.332928)
Epoch 89 completed in 1.89 seconds (0.03 minutes)
>>>>>>>>>>>>>>>>>>>>>>>>>>>>>>>>>>>>>>>>>>>>>>>>>>>>>>>>>>>>>>>>>>>>>>>>>>>>>>>>>>>>>>>>>>>>>>>>>>>>
epoch: 90
Batch 0 completed in 0.01 seconds (0.00 minutes)
loss: 1.011263, val_acc: 48.15% (0.481503), val_f1: 37.89% (0.378921), test_acc: 49.91% (0.499119), test_f1: 39.75% (0.397459)
Batch 60 completed in 0.01 seconds (0.00 minutes)
loss: 0.961280, val_acc: 49.56% (0.495596), val_f1: 38.21% (0.382058), test_acc: 49.50% (0.495009), test_f1: 37.22% (0.372196)
Batch 120 completed in 0.01 seconds (0.00 minutes)
loss: 0.957434, val_acc: 48.80% (0.487962), val_f1: 34.28% (0.342752), test_acc: 49.68% (0.496770), test_f1: 34.49% (0.344894)
Batch 180 completed in 0.01 seconds (0.00 minutes)
loss: 0.979296, val_acc: 49.68% (0.496770), val_f1: 38.06% (0.380611), test_acc: 48.56% (0.485614), test_f1: 36.15% (0.361485)
Epoch 90 completed in 1.89 seconds (0.03 minutes)
>>>>>>>>>>>>>>>>>>>>>>>>>>>>>>>>>>>>>>>>>>>>>>>>>>>>>>>>>>>>>>>>>>>>>>>>>>>>>>>>>>>>>>>>>>>>>>>>>>>>
epoch: 91
Batch 0 completed in 0.01 seconds (0.00 minutes)
loss: 0.903393, val_acc: 49.62% (0.496183), val_f1: 34.87% (0.348741), test_acc: 49.15% (0.491486), test_f1: 32.74% (0.327447)
Batch 60 completed in 0.01 seconds (0.00 minutes)
loss: 0.982642, val_acc: 48.21% (0.482090), val_f1: 38.27% (0.382675), test_acc: 49.38% (0.493834), test_f1: 38.24% (0.382378)
Batch 120 completed in 0.01 seconds (0.00 minutes)
loss: 0.960277, val_acc: 48.62% (0.486201), val_f1: 35.22% (0.352166), test_acc: 48.44% (0.484439), test_f1: 34.79% (0.347894)
Batch 180 completed in 0.01 seconds (0.00 minutes)
loss: 0.847993, val_acc: 49.50% (0.495009), val_f1: 38.96% (0.389584), test_acc: 48.85% (0.488550), test_f1: 36.84% (0.368416)
Epoch 91 completed in 1.88 seconds (0.03 minutes)
>>>>>>>>>>>>>>>>>>>>>>>>>>>>>>>>>>>>>>>>>>>>>>>>>>>>>>>>>>>>>>>>>>>>>>>>>>>>>>>>>>>>>>>>>>>>>>>>>>>>
epoch: 92
Batch 0 completed in 0.01 seconds (0.00 minutes)
loss: 0.950654, val_acc: 48.85% (0.488550), val_f1: 36.48% (0.364797), test_acc: 49.79% (0.497945), test_f1: 37.53% (0.375289)
Batch 60 completed in 0.01 seconds (0.00 minutes)
loss: 0.825146, val_acc: 49.50% (0.495009), val_f1: 31.56% (0.315574), test_acc: 49.68% (0.496770), test_f1: 32.22% (0.322198)
Batch 120 completed in 0.01 seconds (0.00 minutes)
loss: 0.903535, val_acc: 48.44% (0.484439), val_f1: 38.17% (0.381716), test_acc: 50.32% (0.503230), test_f1: 39.59% (0.395894)
Batch 180 completed in 0.01 seconds (0.00 minutes)
loss: 0.950597, val_acc: 49.21% (0.492073), val_f1: 40.52% (0.405202), test_acc: 49.15% (0.491486), test_f1: 39.51% (0.395127)
Epoch 92 completed in 1.89 seconds (0.03 minutes)
>>>>>>>>>>>>>>>>>>>>>>>>>>>>>>>>>>>>>>>>>>>>>>>>>>>>>>>>>>>>>>>>>>>>>>>>>>>>>>>>>>>>>>>>>>>>>>>>>>>>
epoch: 93
Batch 0 completed in 0.01 seconds (0.00 minutes)
loss: 0.888179, val_acc: 49.21% (0.492073), val_f1: 38.73% (0.387250), test_acc: 48.80% (0.487962), test_f1: 37.24% (0.372409)
Batch 60 completed in 0.01 seconds (0.00 minutes)
loss: 0.929660, val_acc: 49.15% (0.491486), val_f1: 39.50% (0.394974), test_acc: 49.32% (0.493247), test_f1: 39.23% (0.392269)
Batch 120 completed in 0.01 seconds (0.00 minutes)
loss: 0.834216, val_acc: 49.27% (0.492660), val_f1: 35.06% (0.350556), test_acc: 49.68% (0.496770), test_f1: 34.63% (0.346343)
Batch 180 completed in 0.01 seconds (0.00 minutes)
loss: 0.943291, val_acc: 48.09% (0.480916), val_f1: 40.19% (0.401938), test_acc: 48.15% (0.481503), test_f1: 39.53% (0.395317)
Epoch 93 completed in 1.88 seconds (0.03 minutes)
>>>>>>>>>>>>>>>>>>>>>>>>>>>>>>>>>>>>>>>>>>>>>>>>>>>>>>>>>>>>>>>>>>>>>>>>>>>>>>>>>>>>>>>>>>>>>>>>>>>>
epoch: 94
Batch 0 completed in 0.01 seconds (0.00 minutes)
loss: 0.958501, val_acc: 49.68% (0.496770), val_f1: 35.43% (0.354273), test_acc: 49.62% (0.496183), test_f1: 34.50% (0.344967)
Batch 60 completed in 0.01 seconds (0.00 minutes)
loss: 0.947595, val_acc: 48.85% (0.488550), val_f1: 38.15% (0.381492), test_acc: 50.38% (0.503817), test_f1: 38.83% (0.388272)
Batch 120 completed in 0.01 seconds (0.00 minutes)
loss: 0.867570, val_acc: 49.15% (0.491486), val_f1: 35.88% (0.358825), test_acc: 50.15% (0.501468), test_f1: 35.85% (0.358508)
Batch 180 completed in 0.01 seconds (0.00 minutes)
loss: 0.839145, val_acc: 49.21% (0.492073), val_f1: 38.13% (0.381277), test_acc: 48.91% (0.489137), test_f1: 37.11% (0.371146)
Epoch 94 completed in 1.89 seconds (0.03 minutes)
>>>>>>>>>>>>>>>>>>>>>>>>>>>>>>>>>>>>>>>>>>>>>>>>>>>>>>>>>>>>>>>>>>>>>>>>>>>>>>>>>>>>>>>>>>>>>>>>>>>>
epoch: 95
Batch 0 completed in 0.01 seconds (0.00 minutes)
loss: 0.952330, val_acc: 48.85% (0.488550), val_f1: 34.91% (0.349065), test_acc: 48.91% (0.489137), test_f1: 33.74% (0.337429)
Batch 60 completed in 0.01 seconds (0.00 minutes)
loss: 0.900770, val_acc: 49.62% (0.496183), val_f1: 33.16% (0.331557), test_acc: 49.09% (0.490898), test_f1: 31.54% (0.315450)
Batch 120 completed in 0.01 seconds (0.00 minutes)
loss: 0.948736, val_acc: 48.91% (0.489137), val_f1: 38.13% (0.381283), test_acc: 49.21% (0.492073), test_f1: 37.70% (0.376990)
Batch 180 completed in 0.01 seconds (0.00 minutes)
loss: 0.996122, val_acc: 48.85% (0.488550), val_f1: 42.19% (0.421861), test_acc: 47.97% (0.479742), test_f1: 40.46% (0.404608)
Epoch 95 completed in 1.89 seconds (0.03 minutes)
>>>>>>>>>>>>>>>>>>>>>>>>>>>>>>>>>>>>>>>>>>>>>>>>>>>>>>>>>>>>>>>>>>>>>>>>>>>>>>>>>>>>>>>>>>>>>>>>>>>>
epoch: 96
Batch 0 completed in 0.01 seconds (0.00 minutes)
loss: 0.906560, val_acc: 48.33% (0.483265), val_f1: 39.08% (0.390823), test_acc: 49.38% (0.493834), test_f1: 39.86% (0.398632)
Batch 60 completed in 0.01 seconds (0.00 minutes)
loss: 0.982521, val_acc: 49.15% (0.491486), val_f1: 37.62% (0.376155), test_acc: 49.15% (0.491486), test_f1: 37.33% (0.373296)
Batch 120 completed in 0.01 seconds (0.00 minutes)
loss: 0.804914, val_acc: 48.85% (0.488550), val_f1: 38.88% (0.388793), test_acc: 49.79% (0.497945), test_f1: 38.85% (0.388471)
Batch 180 completed in 0.01 seconds (0.00 minutes)
loss: 0.965975, val_acc: 49.91% (0.499119), val_f1: 31.99% (0.319933), test_acc: 49.68% (0.496770), test_f1: 30.57% (0.305654)
Epoch 96 completed in 1.89 seconds (0.03 minutes)
>>>>>>>>>>>>>>>>>>>>>>>>>>>>>>>>>>>>>>>>>>>>>>>>>>>>>>>>>>>>>>>>>>>>>>>>>>>>>>>>>>>>>>>>>>>>>>>>>>>>
epoch: 97
Batch 0 completed in 0.01 seconds (0.00 minutes)
loss: 0.996774, val_acc: 46.62% (0.466236), val_f1: 38.53% (0.385349), test_acc: 49.38% (0.493834), test_f1: 40.32% (0.403182)
Batch 60 completed in 0.01 seconds (0.00 minutes)
loss: 0.980987, val_acc: 48.91% (0.489137), val_f1: 36.27% (0.362676), test_acc: 48.80% (0.487962), test_f1: 35.64% (0.356423)
Batch 120 completed in 0.01 seconds (0.00 minutes)
loss: 0.999443, val_acc: 49.09% (0.490898), val_f1: 38.22% (0.382175), test_acc: 50.56% (0.505578), test_f1: 39.23% (0.392264)
Batch 180 completed in 0.01 seconds (0.00 minutes)
loss: 0.900177, val_acc: 48.33% (0.483265), val_f1: 38.37% (0.383709), test_acc: 49.50% (0.495009), test_f1: 38.69% (0.386862)
Epoch 97 completed in 1.89 seconds (0.03 minutes)
>>>>>>>>>>>>>>>>>>>>>>>>>>>>>>>>>>>>>>>>>>>>>>>>>>>>>>>>>>>>>>>>>>>>>>>>>>>>>>>>>>>>>>>>>>>>>>>>>>>>
epoch: 98
Batch 0 completed in 0.01 seconds (0.00 minutes)
loss: 0.973286, val_acc: 49.62% (0.496183), val_f1: 35.09% (0.350935), test_acc: 50.44% (0.504404), test_f1: 34.96% (0.349556)
Batch 60 completed in 0.01 seconds (0.00 minutes)
loss: 0.814954, val_acc: 48.62% (0.486201), val_f1: 37.14% (0.371409), test_acc: 50.50% (0.504991), test_f1: 39.11% (0.391136)
Batch 120 completed in 0.01 seconds (0.00 minutes)
loss: 0.900985, val_acc: 47.92% (0.479154), val_f1: 41.54% (0.415409), test_acc: 46.68% (0.466823), test_f1: 39.58% (0.395814)
Batch 180 completed in 0.01 seconds (0.00 minutes)
loss: 0.883386, val_acc: 49.32% (0.493247), val_f1: 36.12% (0.361241), test_acc: 48.68% (0.486788), test_f1: 34.18% (0.341796)
Epoch 98 completed in 1.89 seconds (0.03 minutes)
>>>>>>>>>>>>>>>>>>>>>>>>>>>>>>>>>>>>>>>>>>>>>>>>>>>>>>>>>>>>>>>>>>>>>>>>>>>>>>>>>>>>>>>>>>>>>>>>>>>>
epoch: 99
Batch 0 completed in 0.01 seconds (0.00 minutes)
loss: 0.941307, val_acc: 49.27% (0.492660), val_f1: 39.57% (0.395665), test_acc: 48.74% (0.487375), test_f1: 37.97% (0.379717)
Batch 60 completed in 0.01 seconds (0.00 minutes)
loss: 0.952380, val_acc: 48.97% (0.489724), val_f1: 39.95% (0.399519), test_acc: 49.38% (0.493834), test_f1: 39.55% (0.395529)
Batch 120 completed in 0.01 seconds (0.00 minutes)
loss: 1.081085, val_acc: 49.32% (0.493247), val_f1: 39.55% (0.395474), test_acc: 50.09% (0.500881), test_f1: 39.64% (0.396426)
Batch 180 completed in 0.01 seconds (0.00 minutes)
loss: 0.943828, val_acc: 49.62% (0.496183), val_f1: 37.83% (0.378290), test_acc: 49.03% (0.490311), test_f1: 36.66% (0.366589)
Epoch 99 completed in 1.89 seconds (0.03 minutes)
>>>>>>>>>>>>>>>>>>>>>>>>>>>>>>>>>>>>>>>>>>>>>>>>>>>>>>>>>>>>>>>>>>>>>>>>>>>>>>>>>>>>>>>>>>>>>>>>>>>>
epoch: 100
Batch 0 completed in 0.01 seconds (0.00 minutes)
loss: 0.988035, val_acc: 49.21% (0.492073), val_f1: 36.69% (0.366896), test_acc: 49.15% (0.491486), test_f1: 35.65% (0.356488)
Batch 60 completed in 0.01 seconds (0.00 minutes)
loss: 0.844438, val_acc: 47.80% (0.477980), val_f1: 40.24% (0.402385), test_acc: 48.56% (0.485614), test_f1: 40.27% (0.402749)
Batch 120 completed in 0.01 seconds (0.00 minutes)
loss: 0.889313, val_acc: 49.32% (0.493247), val_f1: 37.87% (0.378741), test_acc: 48.62% (0.486201), test_f1: 36.45% (0.364525)
Batch 180 completed in 0.01 seconds (0.00 minutes)
loss: 0.967004, val_acc: 47.86% (0.478567), val_f1: 36.04% (0.360437), test_acc: 49.09% (0.490898), test_f1: 36.32% (0.363175)
Epoch 100 completed in 1.89 seconds (0.03 minutes)
>>>>>>>>>>>>>>>>>>>>>>>>>>>>>>>>>>>>>>>>>>>>>>>>>>>>>>>>>>>>>>>>>>>>>>>>>>>>>>>>>>>>>>>>>>>>>>>>>>>>
epoch: 101
Batch 0 completed in 0.01 seconds (0.00 minutes)
loss: 1.021448, val_acc: 47.27% (0.472695), val_f1: 39.23% (0.392303), test_acc: 49.44% (0.494422), test_f1: 40.96% (0.409588)
Batch 60 completed in 0.01 seconds (0.00 minutes)
loss: 0.825027, val_acc: 48.74% (0.487375), val_f1: 40.99% (0.409895), test_acc: 48.03% (0.480329), test_f1: 39.35% (0.393468)
Batch 120 completed in 0.01 seconds (0.00 minutes)
loss: 0.993802, val_acc: 48.50% (0.485026), val_f1: 38.96% (0.389570), test_acc: 49.85% (0.498532), test_f1: 39.74% (0.397422)
Batch 180 completed in 0.01 seconds (0.00 minutes)
loss: 0.895584, val_acc: 49.27% (0.492660), val_f1: 38.18% (0.381777), test_acc: 50.68% (0.506753), test_f1: 38.95% (0.389536)
Epoch 101 completed in 1.89 seconds (0.03 minutes)
>>>>>>>>>>>>>>>>>>>>>>>>>>>>>>>>>>>>>>>>>>>>>>>>>>>>>>>>>>>>>>>>>>>>>>>>>>>>>>>>>>>>>>>>>>>>>>>>>>>>
epoch: 102
