SLURM Job ID: 20077696
The first version with resnset
Model: MOASC4
Dataset: MOA-MVSA-single
directory /home/rgg2706/Multimodal-Sentiment-Analysis/Datasets/MOA-MVSA-single exists
directory /home/rgg2706/Multimodal-Sentiment-Analysis/Datasets/MOA-MVSA-multiple exists
directory /home/rgg2706/Multimodal-Sentiment-Analysis/Models/MOASC4/SaveFiles/SentimentClassifier exists
9
Loading dataset from: /home/rgg2706/Multimodal-Sentiment-Analysis/Datasets/MOA-MVSA-single
/home/rgg2706/Multimodal-Sentiment-Analysis/Datasets/MOA-MVSA-single/text
/home/rgg2706/Multimodal-Sentiment-Analysis/Datasets/MOA-MVSA-single/image
[DEBUG] Now in dataset directory for labels: /home/rgg2706/Multimodal-Sentiment-Analysis/Datasets/MOA-MVSA-single
[DEBUG] About to read labels from: /home/rgg2706/Multimodal-Sentiment-Analysis/Datasets/MOA-MVSA-single/labels.csv
Dataset directory is: /home/rgg2706/Multimodal-Sentiment-Analysis/Datasets/MOA-MVSA-single
Files in dataset directory: ['labels.csv', 'text', 'image']
   ID  text  image
0   1     2      1
1   2     2      1
2   3     2      1
3   4     1      1
4   5     1      1
5   6     1      1
6   7     1      1
7   8     2      1
8   9     1      1
9  10     0      0

[DEBUG] First 5 training texts:
    ID: 1 | Overall sentiment: 1 | Text: how  i feel today legday jelly aching gym 
    ID: 3 | Overall sentiment: 1 | Text:  polynminion  the moment  i found my favourite tv character. profoundlove 
    ID: 5 | Overall sentiment: 1 | Text:  chrisashaffer  went to  ssc today to be a movie star to rep for the  deaf and got to meet an energetic great guy  mark  white! 
    ID: 7 | Overall sentiment: 1 | Text:  deepikapadukone  to my most hard workingfun loving and energetic team.. thank you and  i love you! 
    ID: 8 | Overall sentiment: 1 | Text: energetic training today with our  san  antonio  new  dollars new  partners trainees 
Train samples: 3653
Validation samples: 406
Test samples: 452
Total samples: 4511
Train label distribution: Negative=1080, Positive=2187, Neutral=386
Val   label distribution: Negative=140, Positive=230, Neutral=36
Test  label distribution: Negative=138, Positive=266, Neutral=48
Overall label distribution: Negative=1358, Positive=2683, Neutral=470
    Iteration 20 of epoch 1 completed. Loss : 1.0954087972640991 Accuracy : 50.00
    Iteration 40 of epoch 1 completed. Loss : 1.0962189435958862 Accuracy : 56.25
    Iteration 60 of epoch 1 completed. Loss : 1.0906484127044678 Accuracy : 43.75
    Iteration 80 of epoch 1 completed. Loss : 1.0996659994125366 Accuracy : 43.75
    Iteration 100 of epoch 1 completed. Loss : 1.079666018486023 Accuracy : 65.62
Best validation accuracy improved from 0.0 to 0.6875
Epoch 1 completed. Test dataset:
	 Loss: 1.0219
	 Accuracy : 67.50
	 Average recall: 0.4542
	 F1_PN: 0.6385
	 Macro-F1: 0.4257
	 Weighted-F1: 0.6145

Best test accuracy improved from 0.0 to 0.675, saving model...
    Iteration 20 of epoch 2 completed. Loss : 1.026978611946106 Accuracy : 68.75
    Iteration 40 of epoch 2 completed. Loss : 0.8845165371894836 Accuracy : 84.38
    Iteration 60 of epoch 2 completed. Loss : 0.944175660610199 Accuracy : 50.00
    Iteration 80 of epoch 2 completed. Loss : 1.0503959655761719 Accuracy : 68.75
    Iteration 100 of epoch 2 completed. Loss : 0.9769871234893799 Accuracy : 81.25
Epoch 2 completed. Test dataset:
	 Loss: 0.9879
	 Accuracy : 55.00
	 Average recall: 0.5243
	 F1_PN: 0.5550
	 Macro-F1: 0.4529
	 Weighted-F1: 0.5339

    Iteration 20 of epoch 3 completed. Loss : 0.8391568660736084 Accuracy : 84.38
    Iteration 40 of epoch 3 completed. Loss : 0.6468348503112793 Accuracy : 96.88
    Iteration 60 of epoch 3 completed. Loss : 0.7669958472251892 Accuracy : 78.12
    Iteration 80 of epoch 3 completed. Loss : 0.9104862213134766 Accuracy : 46.88
    Iteration 100 of epoch 3 completed. Loss : 0.7484465837478638 Accuracy : 90.62
Epoch 3 completed. Test dataset:
	 Loss: 1.0147
	 Accuracy : 51.04
	 Average recall: 0.4782
	 F1_PN: 0.5250
	 Macro-F1: 0.4191
	 Weighted-F1: 0.5138

    Iteration 20 of epoch 4 completed. Loss : 0.6460485458374023 Accuracy : 87.50
    Iteration 40 of epoch 4 completed. Loss : 0.5573355555534363 Accuracy : 100.00
    Iteration 60 of epoch 4 completed. Loss : 0.7828987240791321 Accuracy : 75.00
    Iteration 80 of epoch 4 completed. Loss : 0.6954845786094666 Accuracy : 78.12
    Iteration 100 of epoch 4 completed. Loss : 0.6949957609176636 Accuracy : 93.75
Best validation accuracy improved from 0.6875 to 0.7038898601398601
Epoch 4 completed. Test dataset:
	 Loss: 0.8445
	 Accuracy : 70.42
	 Average recall: 0.5396
	 F1_PN: 0.7122
	 Macro-F1: 0.5290
	 Weighted-F1: 0.6938

Best test accuracy improved from 0.675 to 0.7041666666666667, saving model...
    Iteration 20 of epoch 5 completed. Loss : 0.5750680565834045 Accuracy : 96.88
    Iteration 40 of epoch 5 completed. Loss : 0.5846378803253174 Accuracy : 93.75
    Iteration 60 of epoch 5 completed. Loss : 0.7886030077934265 Accuracy : 71.88
    Iteration 80 of epoch 5 completed. Loss : 0.6987372636795044 Accuracy : 75.00
    Iteration 100 of epoch 5 completed. Loss : 0.7103448510169983 Accuracy : 90.62
Epoch 5 completed. Test dataset:
	 Loss: 0.8620
	 Accuracy : 69.17
	 Average recall: 0.5694
	 F1_PN: 0.6885
	 Macro-F1: 0.5531
	 Weighted-F1: 0.6831

    Iteration 20 of epoch 6 completed. Loss : 0.5767250657081604 Accuracy : 93.75
    Iteration 40 of epoch 6 completed. Loss : 0.5524266362190247 Accuracy : 100.00
    Iteration 60 of epoch 6 completed. Loss : 0.7171327471733093 Accuracy : 84.38
    Iteration 80 of epoch 6 completed. Loss : 0.6383967399597168 Accuracy : 90.62
    Iteration 100 of epoch 6 completed. Loss : 0.7183912992477417 Accuracy : 90.62
Epoch 6 completed. Test dataset:
	 Loss: 0.9004
	 Accuracy : 64.17
	 Average recall: 0.5167
	 F1_PN: 0.6416
	 Macro-F1: 0.4938
	 Weighted-F1: 0.6301

    Iteration 20 of epoch 7 completed. Loss : 0.5900536179542542 Accuracy : 93.75
    Iteration 40 of epoch 7 completed. Loss : 0.553077757358551 Accuracy : 100.00
    Iteration 60 of epoch 7 completed. Loss : 0.6998166441917419 Accuracy : 87.50
    Iteration 80 of epoch 7 completed. Loss : 0.629463791847229 Accuracy : 93.75
    Iteration 100 of epoch 7 completed. Loss : 0.6759581565856934 Accuracy : 81.25
Epoch 7 completed. Test dataset:
	 Loss: 0.8516
	 Accuracy : 68.12
	 Average recall: 0.5227
	 F1_PN: 0.6765
	 Macro-F1: 0.5109
	 Weighted-F1: 0.6672

    Iteration 20 of epoch 8 completed. Loss : 0.5707365274429321 Accuracy : 96.88
    Iteration 40 of epoch 8 completed. Loss : 0.5521285533905029 Accuracy : 100.00
    Iteration 60 of epoch 8 completed. Loss : 0.6924089789390564 Accuracy : 87.50
    Iteration 80 of epoch 8 completed. Loss : 0.6256279349327087 Accuracy : 93.75
    Iteration 100 of epoch 8 completed. Loss : 0.6758984327316284 Accuracy : 87.50
Epoch 8 completed. Test dataset:
	 Loss: 0.8535
	 Accuracy : 68.33
	 Average recall: 0.5237
	 F1_PN: 0.6766
	 Macro-F1: 0.5140
	 Weighted-F1: 0.6676

    Iteration 20 of epoch 9 completed. Loss : 0.5736241936683655 Accuracy : 96.88
    Iteration 40 of epoch 9 completed. Loss : 0.552487313747406 Accuracy : 100.00
    Iteration 60 of epoch 9 completed. Loss : 0.7026558518409729 Accuracy : 84.38
    Iteration 80 of epoch 9 completed. Loss : 0.6284584403038025 Accuracy : 93.75
    Iteration 100 of epoch 9 completed. Loss : 0.6616713404655457 Accuracy : 90.62
Epoch 9 completed. Test dataset:
	 Loss: 0.8542
	 Accuracy : 68.33
	 Average recall: 0.5237
	 F1_PN: 0.6766
	 Macro-F1: 0.5140
	 Weighted-F1: 0.6676

    Iteration 20 of epoch 10 completed. Loss : 0.5672304034233093 Accuracy : 96.88
    Iteration 40 of epoch 10 completed. Loss : 0.5517749786376953 Accuracy : 100.00
    Iteration 60 of epoch 10 completed. Loss : 0.7020963430404663 Accuracy : 87.50
    Iteration 80 of epoch 10 completed. Loss : 0.6306064128875732 Accuracy : 93.75
    Iteration 100 of epoch 10 completed. Loss : 0.637172281742096 Accuracy : 90.62
Epoch 10 completed. Test dataset:
	 Loss: 0.8549
	 Accuracy : 68.12
	 Average recall: 0.5209
	 F1_PN: 0.6731
	 Macro-F1: 0.5116
	 Weighted-F1: 0.6653

    Iteration 20 of epoch 11 completed. Loss : 0.5697304010391235 Accuracy : 96.88
    Iteration 40 of epoch 11 completed. Loss : 0.5517628788948059 Accuracy : 100.00
    Iteration 60 of epoch 11 completed. Loss : 0.6594071388244629 Accuracy : 87.50
    Iteration 80 of epoch 11 completed. Loss : 0.6265833377838135 Accuracy : 93.75
    Iteration 100 of epoch 11 completed. Loss : 0.6214019060134888 Accuracy : 93.75
Epoch 11 completed. Test dataset:
	 Loss: 0.8549
	 Accuracy : 68.12
	 Average recall: 0.5209
	 F1_PN: 0.6731
	 Macro-F1: 0.5116
	 Weighted-F1: 0.6653

    Iteration 20 of epoch 12 completed. Loss : 0.5679853558540344 Accuracy : 96.88
    Iteration 40 of epoch 12 completed. Loss : 0.5518849492073059 Accuracy : 100.00
    Iteration 60 of epoch 12 completed. Loss : 0.660204291343689 Accuracy : 87.50
    Iteration 80 of epoch 12 completed. Loss : 0.6271665692329407 Accuracy : 93.75
    Iteration 100 of epoch 12 completed. Loss : 0.6080201268196106 Accuracy : 93.75
Epoch 12 completed. Test dataset:
	 Loss: 0.8550
	 Accuracy : 68.12
	 Average recall: 0.5209
	 F1_PN: 0.6731
	 Macro-F1: 0.5116
	 Weighted-F1: 0.6653

    Iteration 20 of epoch 13 completed. Loss : 0.5700139403343201 Accuracy : 96.88
    Iteration 40 of epoch 13 completed. Loss : 0.5515924096107483 Accuracy : 100.00
    Iteration 60 of epoch 13 completed. Loss : 0.6579097509384155 Accuracy : 90.62
    Iteration 80 of epoch 13 completed. Loss : 0.6284175515174866 Accuracy : 93.75
    Iteration 100 of epoch 13 completed. Loss : 0.6348575353622437 Accuracy : 93.75
Epoch 13 completed. Test dataset:
	 Loss: 0.8550
	 Accuracy : 68.12
	 Average recall: 0.5209
	 F1_PN: 0.6731
	 Macro-F1: 0.5116
	 Weighted-F1: 0.6653

    Iteration 20 of epoch 14 completed. Loss : 0.5674752593040466 Accuracy : 96.88
    Iteration 40 of epoch 14 completed. Loss : 0.5525261759757996 Accuracy : 100.00
    Iteration 60 of epoch 14 completed. Loss : 0.6544928550720215 Accuracy : 87.50
    Iteration 80 of epoch 14 completed. Loss : 0.6339045763015747 Accuracy : 93.75
    Iteration 100 of epoch 14 completed. Loss : 0.6415021419525146 Accuracy : 96.88
Epoch 14 completed. Test dataset:
	 Loss: 0.8550
	 Accuracy : 68.12
	 Average recall: 0.5209
	 F1_PN: 0.6731
	 Macro-F1: 0.5116
	 Weighted-F1: 0.6653

    Iteration 20 of epoch 15 completed. Loss : 0.56866055727005 Accuracy : 96.88
    Iteration 40 of epoch 15 completed. Loss : 0.5525037050247192 Accuracy : 100.00
    Iteration 60 of epoch 15 completed. Loss : 0.6915832757949829 Accuracy : 87.50
    Iteration 80 of epoch 15 completed. Loss : 0.6289992928504944 Accuracy : 93.75
    Iteration 100 of epoch 15 completed. Loss : 0.6135428547859192 Accuracy : 93.75
Epoch 15 completed. Test dataset:
	 Loss: 0.8550
	 Accuracy : 68.12
	 Average recall: 0.5209
	 F1_PN: 0.6731
	 Macro-F1: 0.5116
	 Weighted-F1: 0.6653

Train/val/test loss curve saved to /home/rgg2706/Multimodal-Sentiment-Analysis/Logs/MOASC4/2025-03-20/sub-4/009_Mar-20-2025_08:12_PM/train_val_test_loss_curve.png
Confusion matrix saved to /home/rgg2706/Multimodal-Sentiment-Analysis/Logs/MOASC4/2025-03-20/sub-4/009_Mar-20-2025_08:12_PM/confusion_matrix.png
