SLURM Job ID: 20077992
The first version with resnset
Model: MOASC4
Dataset: MOA-MVSA-single
directory /home/rgg2706/Multimodal-Sentiment-Analysis/Datasets/MOA-MVSA-single exists
directory /home/rgg2706/Multimodal-Sentiment-Analysis/Datasets/MOA-MVSA-multiple exists
directory /home/rgg2706/Multimodal-Sentiment-Analysis/Models/MOASC4/SaveFiles/SentimentClassifier exists
92
Loading dataset from: /home/rgg2706/Multimodal-Sentiment-Analysis/Datasets/MOA-MVSA-single
/home/rgg2706/Multimodal-Sentiment-Analysis/Datasets/MOA-MVSA-single/text
/home/rgg2706/Multimodal-Sentiment-Analysis/Datasets/MOA-MVSA-single/image
[DEBUG] Now in dataset directory for labels: /home/rgg2706/Multimodal-Sentiment-Analysis/Datasets/MOA-MVSA-single
[DEBUG] About to read labels from: /home/rgg2706/Multimodal-Sentiment-Analysis/Datasets/MOA-MVSA-single/labels.csv
Dataset directory is: /home/rgg2706/Multimodal-Sentiment-Analysis/Datasets/MOA-MVSA-single
Files in dataset directory: ['labels.csv', 'text', 'image']
   ID  text  image
0   1     2      1
1   2     2      1
2   3     2      1
3   4     1      1
4   5     1      1
5   6     1      1
6   7     1      1
7   8     2      1
8   9     1      1
9  10     0      0

[DEBUG] First 5 training texts:
    ID: 1 | Overall sentiment: 1 | Text: how  i feel today legday jelly aching gym 
    ID: 2 | Overall sentiment: 1 | Text: grattis min griskulting!!?? va bara tvungen oki s? sch ? ingenkommerattrodig pig happybday wow lovely cut 
    ID: 3 | Overall sentiment: 1 | Text:  polynminion  the moment  i found my favourite tv character. profoundlove 
    ID: 5 | Overall sentiment: 1 | Text:  chrisashaffer  went to  ssc today to be a movie star to rep for the  deaf and got to meet an energetic great guy  mark  white! 
    ID: 7 | Overall sentiment: 1 | Text:  deepikapadukone  to my most hard workingfun loving and energetic team.. thank you and  i love you! 
Train samples: 3653
Validation samples: 406
Test samples: 452
Total samples: 4511
Train label distribution: Negative=1095, Positive=2173, Neutral=385
Val   label distribution: Negative=123, Positive=238, Neutral=45
Test  label distribution: Negative=140, Positive=272, Neutral=40
Overall label distribution: Negative=1358, Positive=2683, Neutral=470
    Iteration 20 of epoch 1 completed. Loss : 1.088039517402649 Accuracy : 59.38
    Iteration 40 of epoch 1 completed. Loss : 1.0950379371643066 Accuracy : 53.12
    Iteration 60 of epoch 1 completed. Loss : 1.0950382947921753 Accuracy : 59.38
    Iteration 80 of epoch 1 completed. Loss : 1.103599190711975 Accuracy : 62.50
    Iteration 100 of epoch 1 completed. Loss : 1.1074590682983398 Accuracy : 46.88
Best validation accuracy improved from 0.0 to 0.621284965034965
Epoch 1 completed. Test dataset:
	 Loss: 1.0538
	 Accuracy : 61.46
	 Average recall: 0.3683
	 F1_PN: 0.4857
	 Macro-F1: 0.3238
	 Weighted-F1: 0.5226

Best test accuracy improved from 0.0 to 0.6145833333333334, saving model...
    Iteration 20 of epoch 2 completed. Loss : 1.078874945640564 Accuracy : 65.62
    Iteration 40 of epoch 2 completed. Loss : 1.0242758989334106 Accuracy : 65.62
    Iteration 60 of epoch 2 completed. Loss : 0.9988903999328613 Accuracy : 65.62
    Iteration 80 of epoch 2 completed. Loss : 1.009179711341858 Accuracy : 71.88
    Iteration 100 of epoch 2 completed. Loss : 0.9511728882789612 Accuracy : 53.12
Best validation accuracy improved from 0.621284965034965 to 0.6252185314685315
Epoch 2 completed. Test dataset:
	 Loss: 0.9420
	 Accuracy : 57.71
	 Average recall: 0.5175
	 F1_PN: 0.6181
	 Macro-F1: 0.4722
	 Weighted-F1: 0.6009

    Iteration 20 of epoch 3 completed. Loss : 0.8229109644889832 Accuracy : 62.50
    Iteration 40 of epoch 3 completed. Loss : 0.7545843124389648 Accuracy : 68.75
    Iteration 60 of epoch 3 completed. Loss : 0.7800998091697693 Accuracy : 81.25
    Iteration 80 of epoch 3 completed. Loss : 0.9984784126281738 Accuracy : 65.62
    Iteration 100 of epoch 3 completed. Loss : 0.9629137516021729 Accuracy : 68.75
Best validation accuracy improved from 0.6252185314685315 to 0.6309003496503496
Epoch 3 completed. Test dataset:
	 Loss: 0.9542
	 Accuracy : 56.67
	 Average recall: 0.5331
	 F1_PN: 0.6123
	 Macro-F1: 0.4761
	 Weighted-F1: 0.5901

    Iteration 20 of epoch 4 completed. Loss : 0.6966548562049866 Accuracy : 90.62
    Iteration 40 of epoch 4 completed. Loss : 0.6472865343093872 Accuracy : 90.62
    Iteration 60 of epoch 4 completed. Loss : 0.7420501708984375 Accuracy : 87.50
    Iteration 80 of epoch 4 completed. Loss : 0.6978269219398499 Accuracy : 87.50
    Iteration 100 of epoch 4 completed. Loss : 0.7976035475730896 Accuracy : 78.12
Best validation accuracy improved from 0.6309003496503496 to 0.6322115384615384
Epoch 4 completed. Test dataset:
	 Loss: 0.9399
	 Accuracy : 59.58
	 Average recall: 0.5125
	 F1_PN: 0.6260
	 Macro-F1: 0.4783
	 Weighted-F1: 0.6028

    Iteration 20 of epoch 5 completed. Loss : 0.6422526240348816 Accuracy : 84.38
    Iteration 40 of epoch 5 completed. Loss : 0.6421363949775696 Accuracy : 84.38
    Iteration 60 of epoch 5 completed. Loss : 0.6751047968864441 Accuracy : 90.62
    Iteration 80 of epoch 5 completed. Loss : 0.6268343925476074 Accuracy : 93.75
    Iteration 100 of epoch 5 completed. Loss : 0.7295356392860413 Accuracy : 87.50
Best validation accuracy improved from 0.6322115384615384 to 0.7159090909090909
Epoch 5 completed. Test dataset:
	 Loss: 0.8939
	 Accuracy : 65.42
	 Average recall: 0.4878
	 F1_PN: 0.6367
	 Macro-F1: 0.4766
	 Weighted-F1: 0.6373

Best test accuracy improved from 0.6145833333333334 to 0.6541666666666667, saving model...
    Iteration 20 of epoch 6 completed. Loss : 0.5862159132957458 Accuracy : 93.75
    Iteration 40 of epoch 6 completed. Loss : 0.6346520185470581 Accuracy : 90.62
    Iteration 60 of epoch 6 completed. Loss : 0.670652449131012 Accuracy : 90.62
    Iteration 80 of epoch 6 completed. Loss : 0.6150256395339966 Accuracy : 93.75
    Iteration 100 of epoch 6 completed. Loss : 0.7097883820533752 Accuracy : 87.50
Best validation accuracy improved from 0.7159090909090909 to 0.7207167832167832
Epoch 6 completed. Test dataset:
	 Loss: 0.8919
	 Accuracy : 65.42
	 Average recall: 0.4841
	 F1_PN: 0.6346
	 Macro-F1: 0.4708
	 Weighted-F1: 0.6336

    Iteration 20 of epoch 7 completed. Loss : 0.5710231065750122 Accuracy : 96.88
    Iteration 40 of epoch 7 completed. Loss : 0.6247245669364929 Accuracy : 90.62
    Iteration 60 of epoch 7 completed. Loss : 0.66705721616745 Accuracy : 90.62
    Iteration 80 of epoch 7 completed. Loss : 0.6164660453796387 Accuracy : 93.75
    Iteration 100 of epoch 7 completed. Loss : 0.6540203094482422 Accuracy : 93.75
Best validation accuracy improved from 0.7207167832167832 to 0.7266171328671328
Epoch 7 completed. Test dataset:
	 Loss: 0.8914
	 Accuracy : 65.00
	 Average recall: 0.4600
	 F1_PN: 0.6315
	 Macro-F1: 0.4466
	 Weighted-F1: 0.6287

    Iteration 20 of epoch 8 completed. Loss : 0.5606786608695984 Accuracy : 100.00
    Iteration 40 of epoch 8 completed. Loss : 0.6111886501312256 Accuracy : 93.75
    Iteration 60 of epoch 8 completed. Loss : 0.6700776219367981 Accuracy : 90.62
    Iteration 80 of epoch 8 completed. Loss : 0.6114535331726074 Accuracy : 93.75
    Iteration 100 of epoch 8 completed. Loss : 0.6485208868980408 Accuracy : 93.75
Epoch 8 completed. Test dataset:
	 Loss: 0.8950
	 Accuracy : 63.75
	 Average recall: 0.4480
	 F1_PN: 0.6172
	 Macro-F1: 0.4315
	 Weighted-F1: 0.6126

    Iteration 20 of epoch 9 completed. Loss : 0.5614067912101746 Accuracy : 100.00
    Iteration 40 of epoch 9 completed. Loss : 0.596102774143219 Accuracy : 96.88
    Iteration 60 of epoch 9 completed. Loss : 0.6786091327667236 Accuracy : 90.62
    Iteration 80 of epoch 9 completed. Loss : 0.6122534871101379 Accuracy : 93.75
    Iteration 100 of epoch 9 completed. Loss : 0.6489381194114685 Accuracy : 93.75
Epoch 9 completed. Test dataset:
	 Loss: 0.8954
	 Accuracy : 62.92
	 Average recall: 0.4368
	 F1_PN: 0.6031
	 Macro-F1: 0.4220
	 Weighted-F1: 0.6024

    Iteration 20 of epoch 10 completed. Loss : 0.5624008774757385 Accuracy : 100.00
    Iteration 40 of epoch 10 completed. Loss : 0.5957092642784119 Accuracy : 93.75
    Iteration 60 of epoch 10 completed. Loss : 0.6632227301597595 Accuracy : 90.62
    Iteration 80 of epoch 10 completed. Loss : 0.608513593673706 Accuracy : 93.75
    Iteration 100 of epoch 10 completed. Loss : 0.6460943222045898 Accuracy : 90.62
Epoch 10 completed. Test dataset:
	 Loss: 0.8966
	 Accuracy : 62.92
	 Average recall: 0.4368
	 F1_PN: 0.6042
	 Macro-F1: 0.4228
	 Weighted-F1: 0.6040

    Iteration 20 of epoch 11 completed. Loss : 0.5569515228271484 Accuracy : 100.00
    Iteration 40 of epoch 11 completed. Loss : 0.5934839844703674 Accuracy : 93.75
    Iteration 60 of epoch 11 completed. Loss : 0.6543946266174316 Accuracy : 90.62
    Iteration 80 of epoch 11 completed. Loss : 0.6113143563270569 Accuracy : 93.75
    Iteration 100 of epoch 11 completed. Loss : 0.6405605673789978 Accuracy : 93.75
Epoch 11 completed. Test dataset:
	 Loss: 0.8972
	 Accuracy : 62.92
	 Average recall: 0.4365
	 F1_PN: 0.6038
	 Macro-F1: 0.4225
	 Weighted-F1: 0.6037

    Iteration 20 of epoch 12 completed. Loss : 0.5563727021217346 Accuracy : 100.00
    Iteration 40 of epoch 12 completed. Loss : 0.5897116661071777 Accuracy : 96.88
    Iteration 60 of epoch 12 completed. Loss : 0.6639785170555115 Accuracy : 90.62
    Iteration 80 of epoch 12 completed. Loss : 0.6097157001495361 Accuracy : 93.75
    Iteration 100 of epoch 12 completed. Loss : 0.6516073942184448 Accuracy : 93.75
Epoch 12 completed. Test dataset:
	 Loss: 0.8972
	 Accuracy : 62.92
	 Average recall: 0.4365
	 F1_PN: 0.6038
	 Macro-F1: 0.4225
	 Weighted-F1: 0.6037

    Iteration 20 of epoch 13 completed. Loss : 0.5553465485572815 Accuracy : 100.00
    Iteration 40 of epoch 13 completed. Loss : 0.5970233082771301 Accuracy : 93.75
    Iteration 60 of epoch 13 completed. Loss : 0.6651055216789246 Accuracy : 90.62
    Iteration 80 of epoch 13 completed. Loss : 0.609079897403717 Accuracy : 93.75
    Iteration 100 of epoch 13 completed. Loss : 0.6429900527000427 Accuracy : 93.75
Epoch 13 completed. Test dataset:
	 Loss: 0.8973
	 Accuracy : 62.92
	 Average recall: 0.4365
	 F1_PN: 0.6038
	 Macro-F1: 0.4225
	 Weighted-F1: 0.6037

    Iteration 20 of epoch 14 completed. Loss : 0.5644814968109131 Accuracy : 96.88
    Iteration 40 of epoch 14 completed. Loss : 0.5978171825408936 Accuracy : 96.88
    Iteration 60 of epoch 14 completed. Loss : 0.6639387607574463 Accuracy : 90.62
    Iteration 80 of epoch 14 completed. Loss : 0.6090931296348572 Accuracy : 93.75
    Iteration 100 of epoch 14 completed. Loss : 0.6354733109474182 Accuracy : 93.75
Epoch 14 completed. Test dataset:
	 Loss: 0.8973
	 Accuracy : 62.92
	 Average recall: 0.4365
	 F1_PN: 0.6038
	 Macro-F1: 0.4225
	 Weighted-F1: 0.6037

    Iteration 20 of epoch 15 completed. Loss : 0.5571476221084595 Accuracy : 100.00
    Iteration 40 of epoch 15 completed. Loss : 0.6035496592521667 Accuracy : 90.62
    Iteration 60 of epoch 15 completed. Loss : 0.6644764542579651 Accuracy : 90.62
    Iteration 80 of epoch 15 completed. Loss : 0.6098480820655823 Accuracy : 93.75
    Iteration 100 of epoch 15 completed. Loss : 0.652868390083313 Accuracy : 93.75
Epoch 15 completed. Test dataset:
	 Loss: 0.8973
	 Accuracy : 62.92
	 Average recall: 0.4365
	 F1_PN: 0.6038
	 Macro-F1: 0.4225
	 Weighted-F1: 0.6037

Train/val/test loss curve saved to /home/rgg2706/Multimodal-Sentiment-Analysis/Logs/MOASC4/2025-03-21/sub-1/042_Mar-21-2025_12:07_AM/train_val_test_loss_curve.png
Confusion matrix saved to /home/rgg2706/Multimodal-Sentiment-Analysis/Logs/MOASC4/2025-03-21/sub-1/042_Mar-21-2025_12:07_AM/confusion_matrix.png
