SLURM Job ID: 20077728
The first version with resnset
Model: MOASC4
Dataset: MOA-MVSA-single
directory /home/rgg2706/Multimodal-Sentiment-Analysis/Datasets/MOA-MVSA-single exists
directory /home/rgg2706/Multimodal-Sentiment-Analysis/Datasets/MOA-MVSA-multiple exists
directory /home/rgg2706/Multimodal-Sentiment-Analysis/Models/MOASC4/SaveFiles/SentimentClassifier exists
25
Loading dataset from: /home/rgg2706/Multimodal-Sentiment-Analysis/Datasets/MOA-MVSA-single
/home/rgg2706/Multimodal-Sentiment-Analysis/Datasets/MOA-MVSA-single/text
/home/rgg2706/Multimodal-Sentiment-Analysis/Datasets/MOA-MVSA-single/image
[DEBUG] Now in dataset directory for labels: /home/rgg2706/Multimodal-Sentiment-Analysis/Datasets/MOA-MVSA-single
[DEBUG] About to read labels from: /home/rgg2706/Multimodal-Sentiment-Analysis/Datasets/MOA-MVSA-single/labels.csv
Dataset directory is: /home/rgg2706/Multimodal-Sentiment-Analysis/Datasets/MOA-MVSA-single
Files in dataset directory: ['labels.csv', 'text', 'image']
   ID  text  image
0   1     2      1
1   2     2      1
2   3     2      1
3   4     1      1
4   5     1      1
5   6     1      1
6   7     1      1
7   8     2      1
8   9     1      1
9  10     0      0

[DEBUG] First 5 training texts:
    ID: 1 | Overall sentiment: 1 | Text: how  i feel today legday jelly aching gym 
    ID: 3 | Overall sentiment: 1 | Text:  polynminion  the moment  i found my favourite tv character. profoundlove 
    ID: 4 | Overall sentiment: 1 | Text: esco  we have a young and energetic team and we pride ourselves on offering the highes hoer 
    ID: 5 | Overall sentiment: 1 | Text:  chrisashaffer  went to  ssc today to be a movie star to rep for the  deaf and got to meet an energetic great guy  mark  white! 
    ID: 6 | Overall sentiment: 1 | Text:  babeshawnmendes that was really energetic 
Train samples: 3653
Validation samples: 406
Test samples: 452
Total samples: 4511
Train label distribution: Negative=1103, Positive=2181, Neutral=369
Val   label distribution: Negative=120, Positive=247, Neutral=39
Test  label distribution: Negative=135, Positive=255, Neutral=62
Overall label distribution: Negative=1358, Positive=2683, Neutral=470
    Iteration 20 of epoch 1 completed. Loss : 1.0916615724563599 Accuracy : 43.75
    Iteration 40 of epoch 1 completed. Loss : 1.1015812158584595 Accuracy : 68.75
    Iteration 60 of epoch 1 completed. Loss : 1.0953913927078247 Accuracy : 50.00
    Iteration 80 of epoch 1 completed. Loss : 1.098138689994812 Accuracy : 43.75
    Iteration 100 of epoch 1 completed. Loss : 1.0827685594558716 Accuracy : 59.38
Best validation accuracy improved from 0.0 to 0.3942307692307692
Epoch 1 completed. Test dataset:
	 Loss: 1.0690
	 Accuracy : 40.21
	 Average recall: 0.3222
	 F1_PN: 0.4021
	 Macro-F1: 0.2681
	 Weighted-F1: 0.3900

Best test accuracy improved from 0.0 to 0.40208333333333335, saving model...
    Iteration 20 of epoch 2 completed. Loss : 1.0891965627670288 Accuracy : 43.75
    Iteration 40 of epoch 2 completed. Loss : 1.0894333124160767 Accuracy : 75.00
    Iteration 60 of epoch 2 completed. Loss : 1.04587721824646 Accuracy : 59.38
    Iteration 80 of epoch 2 completed. Loss : 1.0021191835403442 Accuracy : 68.75
    Iteration 100 of epoch 2 completed. Loss : 0.9570479989051819 Accuracy : 65.62
Best validation accuracy improved from 0.3942307692307692 to 0.6999562937062938
Epoch 2 completed. Test dataset:
	 Loss: 0.8947
	 Accuracy : 66.04
	 Average recall: 0.4848
	 F1_PN: 0.6665
	 Macro-F1: 0.4655
	 Weighted-F1: 0.6292

Best test accuracy improved from 0.40208333333333335 to 0.6604166666666667, saving model...
    Iteration 20 of epoch 3 completed. Loss : 1.010400414466858 Accuracy : 43.75
    Iteration 40 of epoch 3 completed. Loss : 0.9266788363456726 Accuracy : 65.62
    Iteration 60 of epoch 3 completed. Loss : 0.7496805191040039 Accuracy : 78.12
    Iteration 80 of epoch 3 completed. Loss : 0.8119295835494995 Accuracy : 75.00
    Iteration 100 of epoch 3 completed. Loss : 0.9178959131240845 Accuracy : 71.88
Epoch 3 completed. Test dataset:
	 Loss: 0.9224
	 Accuracy : 60.42
	 Average recall: 0.5148
	 F1_PN: 0.6336
	 Macro-F1: 0.4887
	 Weighted-F1: 0.5999

    Iteration 20 of epoch 4 completed. Loss : 0.7596545815467834 Accuracy : 78.12
    Iteration 40 of epoch 4 completed. Loss : 0.6911630034446716 Accuracy : 87.50
    Iteration 60 of epoch 4 completed. Loss : 0.6589693427085876 Accuracy : 87.50
    Iteration 80 of epoch 4 completed. Loss : 0.624167799949646 Accuracy : 93.75
    Iteration 100 of epoch 4 completed. Loss : 0.8184076547622681 Accuracy : 84.38
Epoch 4 completed. Test dataset:
	 Loss: 0.9097
	 Accuracy : 63.54
	 Average recall: 0.5363
	 F1_PN: 0.6435
	 Macro-F1: 0.5146
	 Weighted-F1: 0.6444

    Iteration 20 of epoch 5 completed. Loss : 0.7781769633293152 Accuracy : 75.00
    Iteration 40 of epoch 5 completed. Loss : 0.6744294762611389 Accuracy : 87.50
    Iteration 60 of epoch 5 completed. Loss : 0.5968455672264099 Accuracy : 96.88
    Iteration 80 of epoch 5 completed. Loss : 0.6131319999694824 Accuracy : 96.88
    Iteration 100 of epoch 5 completed. Loss : 0.7488060593605042 Accuracy : 81.25
Epoch 5 completed. Test dataset:
	 Loss: 0.8903
	 Accuracy : 66.04
	 Average recall: 0.5495
	 F1_PN: 0.6749
	 Macro-F1: 0.5313
	 Weighted-F1: 0.6583

    Iteration 20 of epoch 6 completed. Loss : 0.6712979078292847 Accuracy : 84.38
    Iteration 40 of epoch 6 completed. Loss : 0.6640955209732056 Accuracy : 90.62
    Iteration 60 of epoch 6 completed. Loss : 0.6078566908836365 Accuracy : 93.75
    Iteration 80 of epoch 6 completed. Loss : 0.6064730882644653 Accuracy : 96.88
    Iteration 100 of epoch 6 completed. Loss : 0.6829559206962585 Accuracy : 90.62
Best validation accuracy improved from 0.6999562937062938 to 0.7130681818181818
Epoch 6 completed. Test dataset:
	 Loss: 0.8811
	 Accuracy : 66.88
	 Average recall: 0.5506
	 F1_PN: 0.6797
	 Macro-F1: 0.5397
	 Weighted-F1: 0.6664

Best test accuracy improved from 0.6604166666666667 to 0.66875, saving model...
    Iteration 20 of epoch 7 completed. Loss : 0.6474083662033081 Accuracy : 87.50
    Iteration 40 of epoch 7 completed. Loss : 0.7459294199943542 Accuracy : 87.50
    Iteration 60 of epoch 7 completed. Loss : 0.6035093665122986 Accuracy : 93.75
    Iteration 80 of epoch 7 completed. Loss : 0.6069661378860474 Accuracy : 96.88
    Iteration 100 of epoch 7 completed. Loss : 0.7150479555130005 Accuracy : 84.38
Epoch 7 completed. Test dataset:
	 Loss: 0.8825
	 Accuracy : 66.04
	 Average recall: 0.5386
	 F1_PN: 0.6746
	 Macro-F1: 0.5246
	 Weighted-F1: 0.6571

    Iteration 20 of epoch 8 completed. Loss : 0.6386642456054688 Accuracy : 87.50
    Iteration 40 of epoch 8 completed. Loss : 0.6685224771499634 Accuracy : 87.50
    Iteration 60 of epoch 8 completed. Loss : 0.5879860520362854 Accuracy : 96.88
    Iteration 80 of epoch 8 completed. Loss : 0.6054283380508423 Accuracy : 96.88
    Iteration 100 of epoch 8 completed. Loss : 0.689034640789032 Accuracy : 87.50
Best validation accuracy improved from 0.7130681818181818 to 0.7202797202797202
Epoch 8 completed. Test dataset:
	 Loss: 0.8796
	 Accuracy : 66.46
	 Average recall: 0.5302
	 F1_PN: 0.6742
	 Macro-F1: 0.5186
	 Weighted-F1: 0.6560

    Iteration 20 of epoch 9 completed. Loss : 0.6184690594673157 Accuracy : 90.62
    Iteration 40 of epoch 9 completed. Loss : 0.6939319968223572 Accuracy : 87.50
    Iteration 60 of epoch 9 completed. Loss : 0.5853135585784912 Accuracy : 96.88
    Iteration 80 of epoch 9 completed. Loss : 0.6049129962921143 Accuracy : 96.88
    Iteration 100 of epoch 9 completed. Loss : 0.676163911819458 Accuracy : 87.50
Epoch 9 completed. Test dataset:
	 Loss: 0.8857
	 Accuracy : 64.58
	 Average recall: 0.5286
	 F1_PN: 0.6613
	 Macro-F1: 0.5129
	 Weighted-F1: 0.6284

    Iteration 20 of epoch 10 completed. Loss : 0.6357616782188416 Accuracy : 84.38
    Iteration 40 of epoch 10 completed. Loss : 0.6541694402694702 Accuracy : 93.75
    Iteration 60 of epoch 10 completed. Loss : 0.5868018865585327 Accuracy : 96.88
    Iteration 80 of epoch 10 completed. Loss : 0.6023226976394653 Accuracy : 96.88
    Iteration 100 of epoch 10 completed. Loss : 0.6777061223983765 Accuracy : 90.62
Best validation accuracy improved from 0.7202797202797202 to 0.7215909090909091
Epoch 10 completed. Test dataset:
	 Loss: 0.8907
	 Accuracy : 64.38
	 Average recall: 0.5228
	 F1_PN: 0.6591
	 Macro-F1: 0.5087
	 Weighted-F1: 0.6246

    Iteration 20 of epoch 11 completed. Loss : 0.6250715851783752 Accuracy : 87.50
    Iteration 40 of epoch 11 completed. Loss : 0.6527320742607117 Accuracy : 90.62
    Iteration 60 of epoch 11 completed. Loss : 0.5873757004737854 Accuracy : 96.88
    Iteration 80 of epoch 11 completed. Loss : 0.6028247475624084 Accuracy : 96.88
    Iteration 100 of epoch 11 completed. Loss : 0.6476349234580994 Accuracy : 90.62
Epoch 11 completed. Test dataset:
	 Loss: 0.8963
	 Accuracy : 64.58
	 Average recall: 0.5199
	 F1_PN: 0.6559
	 Macro-F1: 0.5073
	 Weighted-F1: 0.6243

    Iteration 20 of epoch 12 completed. Loss : 0.6216995120048523 Accuracy : 90.62
    Iteration 40 of epoch 12 completed. Loss : 0.6487789154052734 Accuracy : 93.75
    Iteration 60 of epoch 12 completed. Loss : 0.5900252461433411 Accuracy : 96.88
    Iteration 80 of epoch 12 completed. Loss : 0.6034815311431885 Accuracy : 96.88
    Iteration 100 of epoch 12 completed. Loss : 0.6672941446304321 Accuracy : 87.50
Epoch 12 completed. Test dataset:
	 Loss: 0.8987
	 Accuracy : 65.00
	 Average recall: 0.5238
	 F1_PN: 0.6637
	 Macro-F1: 0.5115
	 Weighted-F1: 0.6266

    Iteration 20 of epoch 13 completed. Loss : 0.6374812722206116 Accuracy : 87.50
    Iteration 40 of epoch 13 completed. Loss : 0.6472287774085999 Accuracy : 96.88
    Iteration 60 of epoch 13 completed. Loss : 0.5870034098625183 Accuracy : 96.88
    Iteration 80 of epoch 13 completed. Loss : 0.6110571026802063 Accuracy : 96.88
    Iteration 100 of epoch 13 completed. Loss : 0.6340181231498718 Accuracy : 90.62
Epoch 13 completed. Test dataset:
	 Loss: 0.8990
	 Accuracy : 64.79
	 Average recall: 0.5216
	 F1_PN: 0.6609
	 Macro-F1: 0.5096
	 Weighted-F1: 0.6245

    Iteration 20 of epoch 14 completed. Loss : 0.62772536277771 Accuracy : 90.62
    Iteration 40 of epoch 14 completed. Loss : 0.6480556726455688 Accuracy : 93.75
    Iteration 60 of epoch 14 completed. Loss : 0.5870825052261353 Accuracy : 96.88
    Iteration 80 of epoch 14 completed. Loss : 0.6029194593429565 Accuracy : 96.88
    Iteration 100 of epoch 14 completed. Loss : 0.6424585580825806 Accuracy : 90.62
Epoch 14 completed. Test dataset:
	 Loss: 0.8994
	 Accuracy : 64.38
	 Average recall: 0.5156
	 F1_PN: 0.6523
	 Macro-F1: 0.5038
	 Weighted-F1: 0.6194

    Iteration 20 of epoch 15 completed. Loss : 0.6203383207321167 Accuracy : 90.62
    Iteration 40 of epoch 15 completed. Loss : 0.6456087231636047 Accuracy : 96.88
    Iteration 60 of epoch 15 completed. Loss : 0.5898271203041077 Accuracy : 96.88
    Iteration 80 of epoch 15 completed. Loss : 0.6025076508522034 Accuracy : 96.88
    Iteration 100 of epoch 15 completed. Loss : 0.6482735872268677 Accuracy : 90.62
Epoch 15 completed. Test dataset:
	 Loss: 0.8994
	 Accuracy : 64.38
	 Average recall: 0.5156
	 F1_PN: 0.6523
	 Macro-F1: 0.5038
	 Weighted-F1: 0.6194

Train/val/test loss curve saved to /home/rgg2706/Multimodal-Sentiment-Analysis/Logs/MOASC4/2025-03-20/sub-5/015_Mar-20-2025_08:33_PM/train_val_test_loss_curve.png
Confusion matrix saved to /home/rgg2706/Multimodal-Sentiment-Analysis/Logs/MOASC4/2025-03-20/sub-5/015_Mar-20-2025_08:33_PM/confusion_matrix.png
