SLURM Job ID: 20077741
The first version with resnset
Model: MOASC4
Dataset: MOA-MVSA-single
directory /home/rgg2706/Multimodal-Sentiment-Analysis/Datasets/MOA-MVSA-single exists
directory /home/rgg2706/Multimodal-Sentiment-Analysis/Datasets/MOA-MVSA-multiple exists
directory /home/rgg2706/Multimodal-Sentiment-Analysis/Models/MOASC4/SaveFiles/SentimentClassifier exists
38
Loading dataset from: /home/rgg2706/Multimodal-Sentiment-Analysis/Datasets/MOA-MVSA-single
/home/rgg2706/Multimodal-Sentiment-Analysis/Datasets/MOA-MVSA-single/text
/home/rgg2706/Multimodal-Sentiment-Analysis/Datasets/MOA-MVSA-single/image
[DEBUG] Now in dataset directory for labels: /home/rgg2706/Multimodal-Sentiment-Analysis/Datasets/MOA-MVSA-single
[DEBUG] About to read labels from: /home/rgg2706/Multimodal-Sentiment-Analysis/Datasets/MOA-MVSA-single/labels.csv
Dataset directory is: /home/rgg2706/Multimodal-Sentiment-Analysis/Datasets/MOA-MVSA-single
Files in dataset directory: ['labels.csv', 'text', 'image']
   ID  text  image
0   1     2      1
1   2     2      1
2   3     2      1
3   4     1      1
4   5     1      1
5   6     1      1
6   7     1      1
7   8     2      1
8   9     1      1
9  10     0      0

[DEBUG] First 5 training texts:
    ID: 1 | Overall sentiment: 1 | Text: how  i feel today legday jelly aching gym 
    ID: 2 | Overall sentiment: 1 | Text: grattis min griskulting!!?? va bara tvungen oki s? sch ? ingenkommerattrodig pig happybday wow lovely cut 
    ID: 3 | Overall sentiment: 1 | Text:  polynminion  the moment  i found my favourite tv character. profoundlove 
    ID: 4 | Overall sentiment: 1 | Text: esco  we have a young and energetic team and we pride ourselves on offering the highes hoer 
    ID: 5 | Overall sentiment: 1 | Text:  chrisashaffer  went to  ssc today to be a movie star to rep for the  deaf and got to meet an energetic great guy  mark  white! 
Train samples: 3653
Validation samples: 406
Test samples: 452
Total samples: 4511
Train label distribution: Negative=1113, Positive=2166, Neutral=374
Val   label distribution: Negative=122, Positive=242, Neutral=42
Test  label distribution: Negative=123, Positive=275, Neutral=54
Overall label distribution: Negative=1358, Positive=2683, Neutral=470
    Iteration 20 of epoch 1 completed. Loss : 1.1038262844085693 Accuracy : 62.50
    Iteration 40 of epoch 1 completed. Loss : 1.0975027084350586 Accuracy : 46.88
    Iteration 60 of epoch 1 completed. Loss : 1.0963252782821655 Accuracy : 43.75
    Iteration 80 of epoch 1 completed. Loss : 1.0940399169921875 Accuracy : 65.62
    Iteration 100 of epoch 1 completed. Loss : 1.0933010578155518 Accuracy : 62.50
Best validation accuracy improved from 0.0 to 0.6846590909090909
Epoch 1 completed. Test dataset:
	 Loss: 0.9757
	 Accuracy : 69.58
	 Average recall: 0.4625
	 F1_PN: 0.6484
	 Macro-F1: 0.4323
	 Weighted-F1: 0.6396

Best test accuracy improved from 0.0 to 0.6958333333333333, saving model...
    Iteration 20 of epoch 2 completed. Loss : 1.1137467622756958 Accuracy : 62.50
    Iteration 40 of epoch 2 completed. Loss : 1.0724974870681763 Accuracy : 43.75
    Iteration 60 of epoch 2 completed. Loss : 1.002644419670105 Accuracy : 43.75
    Iteration 80 of epoch 2 completed. Loss : 1.0915054082870483 Accuracy : 46.88
    Iteration 100 of epoch 2 completed. Loss : 0.9001029133796692 Accuracy : 75.00
Epoch 2 completed. Test dataset:
	 Loss: 0.9171
	 Accuracy : 61.67
	 Average recall: 0.5290
	 F1_PN: 0.6219
	 Macro-F1: 0.4952
	 Weighted-F1: 0.6170

    Iteration 20 of epoch 3 completed. Loss : 0.9539453983306885 Accuracy : 56.25
    Iteration 40 of epoch 3 completed. Loss : 0.8720933794975281 Accuracy : 68.75
    Iteration 60 of epoch 3 completed. Loss : 0.8522577285766602 Accuracy : 68.75
    Iteration 80 of epoch 3 completed. Loss : 0.9266067147254944 Accuracy : 56.25
    Iteration 100 of epoch 3 completed. Loss : 1.0706068277359009 Accuracy : 65.62
Epoch 3 completed. Test dataset:
	 Loss: 0.9159
	 Accuracy : 62.50
	 Average recall: 0.5395
	 F1_PN: 0.6356
	 Macro-F1: 0.4915
	 Weighted-F1: 0.6294

    Iteration 20 of epoch 4 completed. Loss : 0.8703262209892273 Accuracy : 75.00
    Iteration 40 of epoch 4 completed. Loss : 0.7219579219818115 Accuracy : 81.25
    Iteration 60 of epoch 4 completed. Loss : 0.6854343414306641 Accuracy : 87.50
    Iteration 80 of epoch 4 completed. Loss : 0.8013754487037659 Accuracy : 75.00
    Iteration 100 of epoch 4 completed. Loss : 0.8015788793563843 Accuracy : 78.12
Epoch 4 completed. Test dataset:
	 Loss: 0.8899
	 Accuracy : 64.58
	 Average recall: 0.5735
	 F1_PN: 0.6478
	 Macro-F1: 0.5343
	 Weighted-F1: 0.6493

    Iteration 20 of epoch 5 completed. Loss : 0.7812044620513916 Accuracy : 78.12
    Iteration 40 of epoch 5 completed. Loss : 0.673264741897583 Accuracy : 84.38
    Iteration 60 of epoch 5 completed. Loss : 0.6910162568092346 Accuracy : 81.25
    Iteration 80 of epoch 5 completed. Loss : 0.6651648879051208 Accuracy : 87.50
    Iteration 100 of epoch 5 completed. Loss : 0.6503822207450867 Accuracy : 90.62
Best validation accuracy improved from 0.6846590909090909 to 0.6907779720279721
Epoch 5 completed. Test dataset:
	 Loss: 0.8607
	 Accuracy : 67.92
	 Average recall: 0.5529
	 F1_PN: 0.6654
	 Macro-F1: 0.5368
	 Weighted-F1: 0.6758

    Iteration 20 of epoch 6 completed. Loss : 0.6602844595909119 Accuracy : 81.25
    Iteration 40 of epoch 6 completed. Loss : 0.5857212543487549 Accuracy : 93.75
    Iteration 60 of epoch 6 completed. Loss : 0.6080054640769958 Accuracy : 93.75
    Iteration 80 of epoch 6 completed. Loss : 0.5798133015632629 Accuracy : 96.88
    Iteration 100 of epoch 6 completed. Loss : 0.6398783922195435 Accuracy : 93.75
Best validation accuracy improved from 0.6907779720279721 to 0.6953671328671328
Epoch 6 completed. Test dataset:
	 Loss: 0.8429
	 Accuracy : 70.62
	 Average recall: 0.5385
	 F1_PN: 0.6920
	 Macro-F1: 0.5264
	 Weighted-F1: 0.6939

Best test accuracy improved from 0.6958333333333333 to 0.70625, saving model...
    Iteration 20 of epoch 7 completed. Loss : 0.6614524722099304 Accuracy : 81.25
    Iteration 40 of epoch 7 completed. Loss : 0.601231038570404 Accuracy : 90.62
    Iteration 60 of epoch 7 completed. Loss : 0.6036159992218018 Accuracy : 93.75
    Iteration 80 of epoch 7 completed. Loss : 0.5610945820808411 Accuracy : 96.88
    Iteration 100 of epoch 7 completed. Loss : 0.6241859793663025 Accuracy : 93.75
Best validation accuracy improved from 0.6953671328671328 to 0.7073863636363635
Epoch 7 completed. Test dataset:
	 Loss: 0.8443
	 Accuracy : 70.83
	 Average recall: 0.5429
	 F1_PN: 0.6967
	 Macro-F1: 0.5281
	 Weighted-F1: 0.6922

Best test accuracy improved from 0.70625 to 0.7083333333333334, saving model...
    Iteration 20 of epoch 8 completed. Loss : 0.5633329153060913 Accuracy : 100.00
    Iteration 40 of epoch 8 completed. Loss : 0.6138687133789062 Accuracy : 93.75
    Iteration 60 of epoch 8 completed. Loss : 0.6057232618331909 Accuracy : 93.75
    Iteration 80 of epoch 8 completed. Loss : 0.552081823348999 Accuracy : 100.00
    Iteration 100 of epoch 8 completed. Loss : 0.6135179400444031 Accuracy : 93.75
Epoch 8 completed. Test dataset:
	 Loss: 0.8346
	 Accuracy : 71.46
	 Average recall: 0.5325
	 F1_PN: 0.6982
	 Macro-F1: 0.5224
	 Weighted-F1: 0.6935

Best test accuracy improved from 0.7083333333333334 to 0.7145833333333333, saving model...
    Iteration 20 of epoch 9 completed. Loss : 0.551973819732666 Accuracy : 100.00
    Iteration 40 of epoch 9 completed. Loss : 0.5599020719528198 Accuracy : 100.00
    Iteration 60 of epoch 9 completed. Loss : 0.5987839698791504 Accuracy : 93.75
    Iteration 80 of epoch 9 completed. Loss : 0.5517963171005249 Accuracy : 100.00
    Iteration 100 of epoch 9 completed. Loss : 0.5933168530464172 Accuracy : 96.88
Best validation accuracy improved from 0.7073863636363635 to 0.7170017482517482
Epoch 9 completed. Test dataset:
	 Loss: 0.8513
	 Accuracy : 69.38
	 Average recall: 0.5065
	 F1_PN: 0.6683
	 Macro-F1: 0.4977
	 Weighted-F1: 0.6695

    Iteration 20 of epoch 10 completed. Loss : 0.5744116306304932 Accuracy : 96.88
    Iteration 40 of epoch 10 completed. Loss : 0.5521714687347412 Accuracy : 100.00
    Iteration 60 of epoch 10 completed. Loss : 0.5900660753250122 Accuracy : 93.75
    Iteration 80 of epoch 10 completed. Loss : 0.5516704320907593 Accuracy : 100.00
    Iteration 100 of epoch 10 completed. Loss : 0.5929941534996033 Accuracy : 96.88
Epoch 10 completed. Test dataset:
	 Loss: 0.8292
	 Accuracy : 70.21
	 Average recall: 0.5116
	 F1_PN: 0.6792
	 Macro-F1: 0.5042
	 Weighted-F1: 0.6779

    Iteration 20 of epoch 11 completed. Loss : 0.5516504645347595 Accuracy : 100.00
    Iteration 40 of epoch 11 completed. Loss : 0.5680580139160156 Accuracy : 96.88
    Iteration 60 of epoch 11 completed. Loss : 0.5903443694114685 Accuracy : 96.88
    Iteration 80 of epoch 11 completed. Loss : 0.5577341318130493 Accuracy : 100.00
    Iteration 100 of epoch 11 completed. Loss : 0.5959805846214294 Accuracy : 96.88
Epoch 11 completed. Test dataset:
	 Loss: 0.8709
	 Accuracy : 67.08
	 Average recall: 0.5218
	 F1_PN: 0.6706
	 Macro-F1: 0.4941
	 Weighted-F1: 0.6571

    Iteration 20 of epoch 12 completed. Loss : 0.5516126751899719 Accuracy : 100.00
    Iteration 40 of epoch 12 completed. Loss : 0.5721291303634644 Accuracy : 93.75
    Iteration 60 of epoch 12 completed. Loss : 0.5784721374511719 Accuracy : 96.88
    Iteration 80 of epoch 12 completed. Loss : 0.5515068769454956 Accuracy : 100.00
    Iteration 100 of epoch 12 completed. Loss : 0.5969616174697876 Accuracy : 96.88
Epoch 12 completed. Test dataset:
	 Loss: 0.8440
	 Accuracy : 70.21
	 Average recall: 0.5315
	 F1_PN: 0.6966
	 Macro-F1: 0.5210
	 Weighted-F1: 0.6880

    Iteration 20 of epoch 13 completed. Loss : 0.5514917373657227 Accuracy : 100.00
    Iteration 40 of epoch 13 completed. Loss : 0.5651987791061401 Accuracy : 96.88
    Iteration 60 of epoch 13 completed. Loss : 0.5767971873283386 Accuracy : 96.88
    Iteration 80 of epoch 13 completed. Loss : 0.5515897274017334 Accuracy : 100.00
    Iteration 100 of epoch 13 completed. Loss : 0.5933517217636108 Accuracy : 96.88
Epoch 13 completed. Test dataset:
	 Loss: 0.8402
	 Accuracy : 70.42
	 Average recall: 0.5323
	 F1_PN: 0.6992
	 Macro-F1: 0.5228
	 Weighted-F1: 0.6901

    Iteration 20 of epoch 14 completed. Loss : 0.5515158176422119 Accuracy : 100.00
    Iteration 40 of epoch 14 completed. Loss : 0.5609945058822632 Accuracy : 96.88
    Iteration 60 of epoch 14 completed. Loss : 0.5764656066894531 Accuracy : 96.88
    Iteration 80 of epoch 14 completed. Loss : 0.5520697236061096 Accuracy : 100.00
    Iteration 100 of epoch 14 completed. Loss : 0.5933639407157898 Accuracy : 96.88
Epoch 14 completed. Test dataset:
	 Loss: 0.8405
	 Accuracy : 70.42
	 Average recall: 0.5323
	 F1_PN: 0.6992
	 Macro-F1: 0.5228
	 Weighted-F1: 0.6901

    Iteration 20 of epoch 15 completed. Loss : 0.5515638589859009 Accuracy : 100.00
    Iteration 40 of epoch 15 completed. Loss : 0.5620921850204468 Accuracy : 96.88
    Iteration 60 of epoch 15 completed. Loss : 0.5759391784667969 Accuracy : 96.88
    Iteration 80 of epoch 15 completed. Loss : 0.551500678062439 Accuracy : 100.00
    Iteration 100 of epoch 15 completed. Loss : 0.5931426286697388 Accuracy : 96.88
Epoch 15 completed. Test dataset:
	 Loss: 0.8407
	 Accuracy : 70.21
	 Average recall: 0.5310
	 F1_PN: 0.6970
	 Macro-F1: 0.5213
	 Weighted-F1: 0.6880

Train/val/test loss curve saved to /home/rgg2706/Multimodal-Sentiment-Analysis/Logs/MOASC4/2025-03-20/sub-5/028_Mar-20-2025_08:34_PM/train_val_test_loss_curve.png
Confusion matrix saved to /home/rgg2706/Multimodal-Sentiment-Analysis/Logs/MOASC4/2025-03-20/sub-5/028_Mar-20-2025_08:34_PM/confusion_matrix.png
