SLURM Job ID: 19420622
Number of GPUs available: 1
Logs directory: /home/rgg2706/Multimodal-Sentiment-Analysis/Logs/HHMAFM/2024-11-09/sub-3/014_Nov-09-2024_11:21_PM
> training arguments:
>>> rand_seed: 8
>>> model_name: mfcchfusion
>>> dataset: mvsa-mts-1000
>>> optimizer: <class 'torch.optim.adam.Adam'>
>>> initializer: <function xavier_uniform_ at 0x7fa3418c9580>
>>> learning_rate: 0.0005
>>> dropout_rate: 0.2
>>> weight_decay: 0.0001
>>> num_epoch: 15
>>> batch_size: 64
>>> log_step: 60
>>> max_seq_len: 64
>>> polarities_dim: 3
>>> clip_grad: 5.0
>>> path_image: ./Datasets/MVSA-MTS/images-indexed
>>> crop_size: 224
>>> n_head: 8
>>> hidden_dim: 1024
>>> num_classes: 3
>>> log_dir: /home/rgg2706/Multimodal-Sentiment-Analysis/Logs/HHMAFM/2024-11-09/sub-3/014_Nov-09-2024_11:21_PM
>>> model_class: <class 'models.mfcchfusion.MFCCHFUSION'>
Preparing mvsa-mts-1000 dataset...
-------------- Loading Datasets/MVSA-MTS/mvsa-mts-1000/train.tsv ---------------
Time taken to load Datasets/MVSA-MTS/mvsa-mts-1000/train.tsv: 3.00 seconds (0.05 minutes)
The number of problematic samples: 69
-------------- Loading Datasets/MVSA-MTS/mvsa-mts-1000/val.tsv ---------------
Time taken to load Datasets/MVSA-MTS/mvsa-mts-1000/val.tsv: 0.37 seconds (0.01 minutes)
The number of problematic samples: 10
-------------- Loading Datasets/MVSA-MTS/mvsa-mts-1000/test.tsv ---------------
Time taken to load Datasets/MVSA-MTS/mvsa-mts-1000/test.tsv: 0.38 seconds (0.01 minutes)
The number of problematic samples: 6
Total Training Samples: 1000
Number of Training Samples: 800
Number of Development Samples: 100
Number of Test Samples: 100
Number of unique sentiment classes: 3
Building model
n_trainable_params: 360219907, n_nontrainable_params: 0
>>>>>>>>>>>>>>>>>>>>>>>>>>>>>>>>>>>>>>>>>>>>>>>>>>>>>>>>>>>>>>>>>>>>>>>>>>>>>>>>>>>>>>>>>>>>>>>>>>>>
epoch: 0
Batch 0 completed in 1.44 seconds (0.02 minutes)
New best dev_f1: 0.197183 (previous best: 0.000000)
loss: 1.040815, dev_acc: 42.00% (0.420000), dev_f1: 19.72% (0.197183), test_acc: 48.00% (0.480000), test_f1: 21.62% (0.216216)
Epoch 0 completed in 10.02 seconds (0.17 minutes)
>>>>>>>>>>>>>>>>>>>>>>>>>>>>>>>>>>>>>>>>>>>>>>>>>>>>>>>>>>>>>>>>>>>>>>>>>>>>>>>>>>>>>>>>>>>>>>>>>>>>
epoch: 1
Batch 0 completed in 0.61 seconds (0.01 minutes)
New best dev_f1: 0.220809 (previous best: 0.197183)
loss: 12.520552, dev_acc: 34.00% (0.340000), dev_f1: 22.08% (0.220809), test_acc: 46.00% (0.460000), test_f1: 24.87% (0.248739)
Epoch 1 completed in 8.62 seconds (0.14 minutes)
>>>>>>>>>>>>>>>>>>>>>>>>>>>>>>>>>>>>>>>>>>>>>>>>>>>>>>>>>>>>>>>>>>>>>>>>>>>>>>>>>>>>>>>>>>>>>>>>>>>>
epoch: 2
Batch 0 completed in 0.61 seconds (0.01 minutes)
loss: 1.448537, dev_acc: 18.00% (0.180000), dev_f1: 10.26% (0.102564), test_acc: 22.00% (0.220000), test_f1: 12.22% (0.122222)
Epoch 2 completed in 8.64 seconds (0.14 minutes)
>>>>>>>>>>>>>>>>>>>>>>>>>>>>>>>>>>>>>>>>>>>>>>>>>>>>>>>>>>>>>>>>>>>>>>>>>>>>>>>>>>>>>>>>>>>>>>>>>>>>
epoch: 3
Batch 0 completed in 0.62 seconds (0.01 minutes)
loss: 1.450181, dev_acc: 39.00% (0.390000), dev_f1: 18.71% (0.187050), test_acc: 29.00% (0.290000), test_f1: 14.99% (0.149871)
Epoch 3 completed in 8.70 seconds (0.15 minutes)
>>>>>>>>>>>>>>>>>>>>>>>>>>>>>>>>>>>>>>>>>>>>>>>>>>>>>>>>>>>>>>>>>>>>>>>>>>>>>>>>>>>>>>>>>>>>>>>>>>>>
epoch: 4
Batch 0 completed in 0.62 seconds (0.01 minutes)
New best dev_f1: 0.224319 (previous best: 0.220809)
loss: 5.002051, dev_acc: 27.00% (0.270000), dev_f1: 22.43% (0.224319), test_acc: 25.00% (0.250000), test_f1: 17.55% (0.175465)
Epoch 4 completed in 8.69 seconds (0.14 minutes)
>>>>>>>>>>>>>>>>>>>>>>>>>>>>>>>>>>>>>>>>>>>>>>>>>>>>>>>>>>>>>>>>>>>>>>>>>>>>>>>>>>>>>>>>>>>>>>>>>>>>
epoch: 5
Batch 0 completed in 0.62 seconds (0.01 minutes)
New best dev_f1: 0.255965 (previous best: 0.224319)
loss: 3.000845, dev_acc: 37.00% (0.370000), dev_f1: 25.60% (0.255965), test_acc: 36.00% (0.360000), test_f1: 28.53% (0.285251)
Epoch 5 completed in 8.67 seconds (0.14 minutes)
>>>>>>>>>>>>>>>>>>>>>>>>>>>>>>>>>>>>>>>>>>>>>>>>>>>>>>>>>>>>>>>>>>>>>>>>>>>>>>>>>>>>>>>>>>>>>>>>>>>>
epoch: 6
Batch 0 completed in 0.62 seconds (0.01 minutes)
New best dev_f1: 0.292348 (previous best: 0.255965)
loss: 1.025508, dev_acc: 45.00% (0.450000), dev_f1: 29.23% (0.292348), test_acc: 45.00% (0.450000), test_f1: 23.18% (0.231847)
Epoch 6 completed in 8.77 seconds (0.15 minutes)
>>>>>>>>>>>>>>>>>>>>>>>>>>>>>>>>>>>>>>>>>>>>>>>>>>>>>>>>>>>>>>>>>>>>>>>>>>>>>>>>>>>>>>>>>>>>>>>>>>>>
epoch: 7
Batch 0 completed in 0.62 seconds (0.01 minutes)
New best dev_f1: 0.402933 (previous best: 0.292348)
loss: 0.819627, dev_acc: 46.00% (0.460000), dev_f1: 40.29% (0.402933), test_acc: 46.00% (0.460000), test_f1: 40.26% (0.402579)
Epoch 7 completed in 8.75 seconds (0.15 minutes)
>>>>>>>>>>>>>>>>>>>>>>>>>>>>>>>>>>>>>>>>>>>>>>>>>>>>>>>>>>>>>>>>>>>>>>>>>>>>>>>>>>>>>>>>>>>>>>>>>>>>
epoch: 8
Batch 0 completed in 0.62 seconds (0.01 minutes)
loss: 0.668983, dev_acc: 44.00% (0.440000), dev_f1: 26.35% (0.263492), test_acc: 47.00% (0.470000), test_f1: 21.46% (0.214612)
Epoch 8 completed in 8.74 seconds (0.15 minutes)
>>>>>>>>>>>>>>>>>>>>>>>>>>>>>>>>>>>>>>>>>>>>>>>>>>>>>>>>>>>>>>>>>>>>>>>>>>>>>>>>>>>>>>>>>>>>>>>>>>>>
epoch: 9
Batch 0 completed in 0.62 seconds (0.01 minutes)
loss: 0.761013, dev_acc: 40.00% (0.400000), dev_f1: 37.69% (0.376909), test_acc: 34.00% (0.340000), test_f1: 33.60% (0.335970)
Epoch 9 completed in 8.70 seconds (0.15 minutes)
>>>>>>>>>>>>>>>>>>>>>>>>>>>>>>>>>>>>>>>>>>>>>>>>>>>>>>>>>>>>>>>>>>>>>>>>>>>>>>>>>>>>>>>>>>>>>>>>>>>>
epoch: 10
Batch 0 completed in 0.62 seconds (0.01 minutes)
New best dev_f1: 0.411245 (previous best: 0.402933)
loss: 0.626239, dev_acc: 47.00% (0.470000), dev_f1: 41.12% (0.411245), test_acc: 41.00% (0.410000), test_f1: 37.76% (0.377626)
Epoch 10 completed in 8.78 seconds (0.15 minutes)
>>>>>>>>>>>>>>>>>>>>>>>>>>>>>>>>>>>>>>>>>>>>>>>>>>>>>>>>>>>>>>>>>>>>>>>>>>>>>>>>>>>>>>>>>>>>>>>>>>>>
epoch: 11
Batch 0 completed in 0.62 seconds (0.01 minutes)
loss: 0.316434, dev_acc: 47.00% (0.470000), dev_f1: 40.46% (0.404619), test_acc: 44.00% (0.440000), test_f1: 38.09% (0.380896)
Epoch 11 completed in 8.79 seconds (0.15 minutes)
>>>>>>>>>>>>>>>>>>>>>>>>>>>>>>>>>>>>>>>>>>>>>>>>>>>>>>>>>>>>>>>>>>>>>>>>>>>>>>>>>>>>>>>>>>>>>>>>>>>>
epoch: 12
Batch 0 completed in 0.62 seconds (0.01 minutes)
New best dev_f1: 0.440490 (previous best: 0.411245)
loss: 0.376460, dev_acc: 49.00% (0.490000), dev_f1: 44.05% (0.440490), test_acc: 34.00% (0.340000), test_f1: 30.45% (0.304540)
Epoch 12 completed in 8.76 seconds (0.15 minutes)
>>>>>>>>>>>>>>>>>>>>>>>>>>>>>>>>>>>>>>>>>>>>>>>>>>>>>>>>>>>>>>>>>>>>>>>>>>>>>>>>>>>>>>>>>>>>>>>>>>>>
epoch: 13
Batch 0 completed in 0.62 seconds (0.01 minutes)
loss: 0.140821, dev_acc: 44.00% (0.440000), dev_f1: 42.19% (0.421936), test_acc: 33.00% (0.330000), test_f1: 29.88% (0.298777)
Epoch 13 completed in 8.70 seconds (0.15 minutes)
>>>>>>>>>>>>>>>>>>>>>>>>>>>>>>>>>>>>>>>>>>>>>>>>>>>>>>>>>>>>>>>>>>>>>>>>>>>>>>>>>>>>>>>>>>>>>>>>>>>>
epoch: 14
Batch 0 completed in 0.62 seconds (0.01 minutes)
loss: 0.176638, dev_acc: 44.00% (0.440000), dev_f1: 41.13% (0.411306), test_acc: 39.00% (0.390000), test_f1: 34.82% (0.348208)
Epoch 14 completed in 8.70 seconds (0.15 minutes)
RESULT: Max Dev F1: 0.440490, Max Test F1: 0.304540
Reading TensorBoard loss at each epoch:
Available tags: {'images': [], 'audio': [], 'histograms': [], 'scalars': ['Loss/train', 'Loss/val'], 'distributions': [], 'tensors': [], 'graph': False, 'meta_graph': False, 'run_metadata': []}
Output File: /home/rgg2706/Multimodal-Sentiment-Analysis/Logs/HHMAFM/2024-11-09/sub-3/014_Nov-09-2024_11:21_PM/trainval_loss_curves.png
Training and validation loss curves saved to /home/rgg2706/Multimodal-Sentiment-Analysis/Logs/HHMAFM/2024-11-09/sub-3/014_Nov-09-2024_11:21_PM/trainval_loss_curves.png
Total Completion Time: 2.52 minutes. (0.04 hours) 
