/.autofs/tools/spack/var/spack/environments/default-nlp-x86_64-24072401/.spack-env/view/lib/python3.11/site-packages/jupyter_client/connect.py:20: DeprecationWarning: Jupyter is migrating its paths to use standard platformdirs
given by the platformdirs library.  To remove this warning and
see the appropriate new directories, set the environment variable
`JUPYTER_PLATFORM_DIRS=1` and then run `jupyter --paths`.
The use of platformdirs will be the default in `jupyter_core` v6
  from jupyter_core.paths import jupyter_data_dir, jupyter_runtime_dir, secure_write
/home/rgg2706/Multimodal-Sentiment-Analysis/Models/DMLAN/src/data_utils.py:47: ResourceWarning: unclosed file <_io.TextIOWrapper name='Models/util_models/glove.twitter.27B/glove.twitter.27B.200d.txt' mode='r' encoding='utf-8'>
  word_vec = load_word_vec(fname, word2idx=word2idx)
ResourceWarning: Enable tracemalloc to get the object allocation traceback
/home/rgg2706/Multimodal-Sentiment-Analysis/Models/DMLAN/src/data_utils.py:147: ResourceWarning: unclosed file <_io.BufferedReader name='./Datasets/MVSA-MTS/images-indexed/12244.jpg'>
  image = image_process(image_path_fail, transform)
ResourceWarning: Enable tracemalloc to get the object allocation traceback
/.autofs/tools/spack/var/spack/environments/default-nlp-x86_64-24072401/.spack-env/view/lib/python3.11/site-packages/torchvision/models/_utils.py:208: UserWarning: The parameter 'pretrained' is deprecated since 0.13 and may be removed in the future, please use 'weights' instead.
  warnings.warn(
/.autofs/tools/spack/var/spack/environments/default-nlp-x86_64-24072401/.spack-env/view/lib/python3.11/site-packages/torchvision/models/_utils.py:223: UserWarning: Arguments other than a weight enum or `None` for 'weights' are deprecated since 0.13 and may be removed in the future. The current behavior is equivalent to passing `weights=Inception_V3_Weights.IMAGENET1K_V1`. You can also use `weights=Inception_V3_Weights.DEFAULT` to get the most up-to-date weights.
  warnings.warn(msg)
/.autofs/tools/spack/var/spack/environments/default-nlp-x86_64-24072401/.spack-env/view/lib/python3.11/site-packages/sklearn/metrics/_classification.py:1497: UndefinedMetricWarning: Precision is ill-defined and being set to 0.0 in labels with no predicted samples. Use `zero_division` parameter to control this behavior.
  _warn_prf(average, modifier, f"{metric.capitalize()} is", len(result))
/.autofs/tools/spack/var/spack/environments/default-nlp-x86_64-24072401/.spack-env/view/lib/python3.11/site-packages/sklearn/metrics/_classification.py:1497: UndefinedMetricWarning: Precision is ill-defined and being set to 0.0 in labels with no predicted samples. Use `zero_division` parameter to control this behavior.
  _warn_prf(average, modifier, f"{metric.capitalize()} is", len(result))
/.autofs/tools/spack/var/spack/environments/default-nlp-x86_64-24072401/.spack-env/view/lib/python3.11/site-packages/sklearn/metrics/_classification.py:1497: UndefinedMetricWarning: Precision is ill-defined and being set to 0.0 in labels with no predicted samples. Use `zero_division` parameter to control this behavior.
  _warn_prf(average, modifier, f"{metric.capitalize()} is", len(result))
/.autofs/tools/spack/var/spack/environments/default-nlp-x86_64-24072401/.spack-env/view/lib/python3.11/site-packages/sklearn/metrics/_classification.py:1497: UndefinedMetricWarning: Precision is ill-defined and being set to 0.0 in labels with no predicted samples. Use `zero_division` parameter to control this behavior.
  _warn_prf(average, modifier, f"{metric.capitalize()} is", len(result))
/.autofs/tools/spack/var/spack/environments/default-nlp-x86_64-24072401/.spack-env/view/lib/python3.11/site-packages/sklearn/metrics/_classification.py:1497: UndefinedMetricWarning: Precision is ill-defined and being set to 0.0 in labels with no predicted samples. Use `zero_division` parameter to control this behavior.
  _warn_prf(average, modifier, f"{metric.capitalize()} is", len(result))
/.autofs/tools/spack/var/spack/environments/default-nlp-x86_64-24072401/.spack-env/view/lib/python3.11/site-packages/sklearn/metrics/_classification.py:1497: UndefinedMetricWarning: Precision is ill-defined and being set to 0.0 in labels with no predicted samples. Use `zero_division` parameter to control this behavior.
  _warn_prf(average, modifier, f"{metric.capitalize()} is", len(result))
/.autofs/tools/spack/var/spack/environments/default-nlp-x86_64-24072401/.spack-env/view/lib/python3.11/site-packages/sklearn/metrics/_classification.py:1497: UndefinedMetricWarning: Precision is ill-defined and being set to 0.0 in labels with no predicted samples. Use `zero_division` parameter to control this behavior.
  _warn_prf(average, modifier, f"{metric.capitalize()} is", len(result))
/.autofs/tools/spack/var/spack/environments/default-nlp-x86_64-24072401/.spack-env/view/lib/python3.11/site-packages/sklearn/metrics/_classification.py:1497: UndefinedMetricWarning: Precision is ill-defined and being set to 0.0 in labels with no predicted samples. Use `zero_division` parameter to control this behavior.
  _warn_prf(average, modifier, f"{metric.capitalize()} is", len(result))
/.autofs/tools/spack/var/spack/environments/default-nlp-x86_64-24072401/.spack-env/view/lib/python3.11/site-packages/sklearn/metrics/_classification.py:1497: UndefinedMetricWarning: Precision is ill-defined and being set to 0.0 in labels with no predicted samples. Use `zero_division` parameter to control this behavior.
  _warn_prf(average, modifier, f"{metric.capitalize()} is", len(result))
/.autofs/tools/spack/var/spack/environments/default-nlp-x86_64-24072401/.spack-env/view/lib/python3.11/site-packages/sklearn/metrics/_classification.py:1497: UndefinedMetricWarning: Precision is ill-defined and being set to 0.0 in labels with no predicted samples. Use `zero_division` parameter to control this behavior.
  _warn_prf(average, modifier, f"{metric.capitalize()} is", len(result))
/.autofs/tools/spack/var/spack/environments/default-nlp-x86_64-24072401/.spack-env/view/lib/python3.11/site-packages/sklearn/metrics/_classification.py:1497: UndefinedMetricWarning: Precision is ill-defined and being set to 0.0 in labels with no predicted samples. Use `zero_division` parameter to control this behavior.
  _warn_prf(average, modifier, f"{metric.capitalize()} is", len(result))
/.autofs/tools/spack/var/spack/environments/default-nlp-x86_64-24072401/.spack-env/view/lib/python3.11/site-packages/sklearn/metrics/_classification.py:1497: UndefinedMetricWarning: Precision is ill-defined and being set to 0.0 in labels with no predicted samples. Use `zero_division` parameter to control this behavior.
  _warn_prf(average, modifier, f"{metric.capitalize()} is", len(result))
/.autofs/tools/spack/var/spack/environments/default-nlp-x86_64-24072401/.spack-env/view/lib/python3.11/site-packages/sklearn/metrics/_classification.py:1497: UndefinedMetricWarning: Precision is ill-defined and being set to 0.0 in labels with no predicted samples. Use `zero_division` parameter to control this behavior.
  _warn_prf(average, modifier, f"{metric.capitalize()} is", len(result))
/.autofs/tools/spack/var/spack/environments/default-nlp-x86_64-24072401/.spack-env/view/lib/python3.11/site-packages/sklearn/metrics/_classification.py:1497: UndefinedMetricWarning: Precision is ill-defined and being set to 0.0 in labels with no predicted samples. Use `zero_division` parameter to control this behavior.
  _warn_prf(average, modifier, f"{metric.capitalize()} is", len(result))
