PyTorch version: 2.1.1
CUDA available: True
CUDA version: 12.3
True
1
0
NVIDIA A100-PCIE-40GB
************no tfn layer************
> training arguments:
>>> rand_seed: 25
>>> model_name: mmfusion
>>> dataset: mvsa-mts-target
>>> optimizer: <class 'torch.optim.adam.Adam'>
>>> initializer: <function xavier_uniform_ at 0x7f0979451ee0>
>>> learning_rate: 0.001
>>> dropout_rate: 0.5
>>> num_epoch: 3
>>> batch_size: 32
>>> log_step: 32
>>> logdir: log
>>> embed_dim: 100
>>> hidden_dim: 100
>>> max_seq_len: 24
>>> polarities_dim: 3
>>> hops: 3
>>> att_file: ./att_file/
>>> pred_file: ./pred_file/
>>> clip_grad: 5.0
>>> path_image: ../../Datasets/MVSA-Modified/images
>>> crop_size: 224
>>> fine_tune_cnn: False
>>> att_mode: vis_concat_attimg_gate
>>> resnet_root: ./resnet
>>> checkpoint: ./checkpoint/
>>> load_check_point: False
>>> load_opt: False
>>> tfn: False
>>> model_class: <class 'models.mmfusion.MMFUSION'>
>>> inputs_cols: ['text_left_indicator', 'text_right_indicator', 'aspect_indices']
>>> device: cuda
Before model allocation:
Allocated: 0.00 MB
Cached:    0.00 MB
preparing mvsa-mts-target dataset...
