SLURM Job ID: 20077742
The first version with resnset
Model: MOASC4
Dataset: MOA-MVSA-single
directory /home/rgg2706/Multimodal-Sentiment-Analysis/Datasets/MOA-MVSA-single exists
directory /home/rgg2706/Multimodal-Sentiment-Analysis/Datasets/MOA-MVSA-multiple exists
directory /home/rgg2706/Multimodal-Sentiment-Analysis/Models/MOASC4/SaveFiles/SentimentClassifier exists
39
Loading dataset from: /home/rgg2706/Multimodal-Sentiment-Analysis/Datasets/MOA-MVSA-single
/home/rgg2706/Multimodal-Sentiment-Analysis/Datasets/MOA-MVSA-single/text
/home/rgg2706/Multimodal-Sentiment-Analysis/Datasets/MOA-MVSA-single/image
[DEBUG] Now in dataset directory for labels: /home/rgg2706/Multimodal-Sentiment-Analysis/Datasets/MOA-MVSA-single
[DEBUG] About to read labels from: /home/rgg2706/Multimodal-Sentiment-Analysis/Datasets/MOA-MVSA-single/labels.csv
Dataset directory is: /home/rgg2706/Multimodal-Sentiment-Analysis/Datasets/MOA-MVSA-single
Files in dataset directory: ['labels.csv', 'text', 'image']
   ID  text  image
0   1     2      1
1   2     2      1
2   3     2      1
3   4     1      1
4   5     1      1
5   6     1      1
6   7     1      1
7   8     2      1
8   9     1      1
9  10     0      0

[DEBUG] First 5 training texts:
    ID: 1 | Overall sentiment: 1 | Text: how  i feel today legday jelly aching gym 
    ID: 2 | Overall sentiment: 1 | Text: grattis min griskulting!!?? va bara tvungen oki s? sch ? ingenkommerattrodig pig happybday wow lovely cut 
    ID: 4 | Overall sentiment: 1 | Text: esco  we have a young and energetic team and we pride ourselves on offering the highes hoer 
    ID: 5 | Overall sentiment: 1 | Text:  chrisashaffer  went to  ssc today to be a movie star to rep for the  deaf and got to meet an energetic great guy  mark  white! 
    ID: 6 | Overall sentiment: 1 | Text:  babeshawnmendes that was really energetic 
Train samples: 3653
Validation samples: 406
Test samples: 452
Total samples: 4511
Train label distribution: Negative=1104, Positive=2161, Neutral=388
Val   label distribution: Negative=118, Positive=244, Neutral=44
Test  label distribution: Negative=136, Positive=278, Neutral=38
Overall label distribution: Negative=1358, Positive=2683, Neutral=470
    Iteration 20 of epoch 1 completed. Loss : 1.0970741510391235 Accuracy : 40.62
    Iteration 40 of epoch 1 completed. Loss : 1.1030365228652954 Accuracy : 43.75
    Iteration 60 of epoch 1 completed. Loss : 1.104358196258545 Accuracy : 31.25
    Iteration 80 of epoch 1 completed. Loss : 1.0934876203536987 Accuracy : 40.62
    Iteration 100 of epoch 1 completed. Loss : 1.0913336277008057 Accuracy : 59.38
Best validation accuracy improved from 0.0 to 0.6711101398601399
Epoch 1 completed. Test dataset:
	 Loss: 1.0430
	 Accuracy : 65.62
	 Average recall: 0.4289
	 F1_PN: 0.5938
	 Macro-F1: 0.3959
	 Weighted-F1: 0.5964

Best test accuracy improved from 0.0 to 0.65625, saving model...
    Iteration 20 of epoch 2 completed. Loss : 1.0244020223617554 Accuracy : 71.88
    Iteration 40 of epoch 2 completed. Loss : 0.9360460042953491 Accuracy : 81.25
    Iteration 60 of epoch 2 completed. Loss : 0.9920161366462708 Accuracy : 37.50
    Iteration 80 of epoch 2 completed. Loss : 0.8170496821403503 Accuracy : 62.50
    Iteration 100 of epoch 2 completed. Loss : 1.0410252809524536 Accuracy : 71.88
Epoch 2 completed. Test dataset:
	 Loss: 0.8956
	 Accuracy : 64.79
	 Average recall: 0.4805
	 F1_PN: 0.6629
	 Macro-F1: 0.4594
	 Weighted-F1: 0.6531

    Iteration 20 of epoch 3 completed. Loss : 0.7190045118331909 Accuracy : 81.25
    Iteration 40 of epoch 3 completed. Loss : 0.8863142728805542 Accuracy : 78.12
    Iteration 60 of epoch 3 completed. Loss : 0.7988858819007874 Accuracy : 59.38
    Iteration 80 of epoch 3 completed. Loss : 0.701653003692627 Accuracy : 62.50
    Iteration 100 of epoch 3 completed. Loss : 0.9683513045310974 Accuracy : 78.12
Epoch 3 completed. Test dataset:
	 Loss: 0.9100
	 Accuracy : 61.46
	 Average recall: 0.4936
	 F1_PN: 0.6425
	 Macro-F1: 0.4694
	 Weighted-F1: 0.6382

    Iteration 20 of epoch 4 completed. Loss : 0.7288855314254761 Accuracy : 81.25
    Iteration 40 of epoch 4 completed. Loss : 0.6433146595954895 Accuracy : 93.75
    Iteration 60 of epoch 4 completed. Loss : 0.6851491332054138 Accuracy : 81.25
    Iteration 80 of epoch 4 completed. Loss : 0.6884286999702454 Accuracy : 65.62
    Iteration 100 of epoch 4 completed. Loss : 0.8255726099014282 Accuracy : 81.25
Best validation accuracy improved from 0.6711101398601399 to 0.6927447552447552
Epoch 4 completed. Test dataset:
	 Loss: 0.8667
	 Accuracy : 67.08
	 Average recall: 0.5037
	 F1_PN: 0.6793
	 Macro-F1: 0.4736
	 Weighted-F1: 0.6615

Best test accuracy improved from 0.65625 to 0.6708333333333333, saving model...
    Iteration 20 of epoch 5 completed. Loss : 0.7397607564926147 Accuracy : 78.12
    Iteration 40 of epoch 5 completed. Loss : 0.6335889101028442 Accuracy : 93.75
    Iteration 60 of epoch 5 completed. Loss : 0.6157525181770325 Accuracy : 90.62
    Iteration 80 of epoch 5 completed. Loss : 0.6564999222755432 Accuracy : 75.00
    Iteration 100 of epoch 5 completed. Loss : 0.6799944639205933 Accuracy : 90.62
Epoch 5 completed. Test dataset:
	 Loss: 0.8406
	 Accuracy : 70.42
	 Average recall: 0.5479
	 F1_PN: 0.7046
	 Macro-F1: 0.5138
	 Weighted-F1: 0.6937

Best test accuracy improved from 0.6708333333333333 to 0.7041666666666667, saving model...
    Iteration 20 of epoch 6 completed. Loss : 0.6638470888137817 Accuracy : 96.88
    Iteration 40 of epoch 6 completed. Loss : 0.6234743595123291 Accuracy : 93.75
    Iteration 60 of epoch 6 completed. Loss : 0.6119523644447327 Accuracy : 90.62
    Iteration 80 of epoch 6 completed. Loss : 0.6115933656692505 Accuracy : 87.50
    Iteration 100 of epoch 6 completed. Loss : 0.7084618210792542 Accuracy : 87.50
Epoch 6 completed. Test dataset:
	 Loss: 0.8583
	 Accuracy : 68.96
	 Average recall: 0.5340
	 F1_PN: 0.6905
	 Macro-F1: 0.5003
	 Weighted-F1: 0.6820

    Iteration 20 of epoch 7 completed. Loss : 0.7147980332374573 Accuracy : 96.88
    Iteration 40 of epoch 7 completed. Loss : 0.5994593501091003 Accuracy : 96.88
    Iteration 60 of epoch 7 completed. Loss : 0.5793890357017517 Accuracy : 96.88
    Iteration 80 of epoch 7 completed. Loss : 0.6318562030792236 Accuracy : 81.25
    Iteration 100 of epoch 7 completed. Loss : 0.615788459777832 Accuracy : 93.75
Epoch 7 completed. Test dataset:
	 Loss: 0.8540
	 Accuracy : 69.17
	 Average recall: 0.5080
	 F1_PN: 0.6916
	 Macro-F1: 0.4893
	 Weighted-F1: 0.6843

    Iteration 20 of epoch 8 completed. Loss : 0.6687135696411133 Accuracy : 96.88
    Iteration 40 of epoch 8 completed. Loss : 0.5969541668891907 Accuracy : 96.88
    Iteration 60 of epoch 8 completed. Loss : 0.5796685814857483 Accuracy : 96.88
    Iteration 80 of epoch 8 completed. Loss : 0.6065701246261597 Accuracy : 87.50
    Iteration 100 of epoch 8 completed. Loss : 0.6136344075202942 Accuracy : 96.88
Epoch 8 completed. Test dataset:
	 Loss: 0.8512
	 Accuracy : 69.38
	 Average recall: 0.5104
	 F1_PN: 0.6954
	 Macro-F1: 0.4919
	 Weighted-F1: 0.6869

    Iteration 20 of epoch 9 completed. Loss : 0.6638696193695068 Accuracy : 96.88
    Iteration 40 of epoch 9 completed. Loss : 0.5810961723327637 Accuracy : 100.00
    Iteration 60 of epoch 9 completed. Loss : 0.5800175070762634 Accuracy : 96.88
    Iteration 80 of epoch 9 completed. Loss : 0.6053610444068909 Accuracy : 87.50
    Iteration 100 of epoch 9 completed. Loss : 0.607954204082489 Accuracy : 96.88
Epoch 9 completed. Test dataset:
	 Loss: 0.8507
	 Accuracy : 69.17
	 Average recall: 0.5093
	 F1_PN: 0.6933
	 Macro-F1: 0.4905
	 Weighted-F1: 0.6850

    Iteration 20 of epoch 10 completed. Loss : 0.6642162799835205 Accuracy : 96.88
    Iteration 40 of epoch 10 completed. Loss : 0.5891586542129517 Accuracy : 96.88
    Iteration 60 of epoch 10 completed. Loss : 0.5735112428665161 Accuracy : 96.88
    Iteration 80 of epoch 10 completed. Loss : 0.6088106036186218 Accuracy : 87.50
    Iteration 100 of epoch 10 completed. Loss : 0.6039537191390991 Accuracy : 96.88
Epoch 10 completed. Test dataset:
	 Loss: 0.8499
	 Accuracy : 69.17
	 Average recall: 0.5093
	 F1_PN: 0.6933
	 Macro-F1: 0.4905
	 Weighted-F1: 0.6850

    Iteration 20 of epoch 11 completed. Loss : 0.6635323762893677 Accuracy : 96.88
    Iteration 40 of epoch 11 completed. Loss : 0.5850833654403687 Accuracy : 100.00
    Iteration 60 of epoch 11 completed. Loss : 0.5777141451835632 Accuracy : 96.88
    Iteration 80 of epoch 11 completed. Loss : 0.6046947240829468 Accuracy : 87.50
    Iteration 100 of epoch 11 completed. Loss : 0.6168294548988342 Accuracy : 93.75
Epoch 11 completed. Test dataset:
	 Loss: 0.8499
	 Accuracy : 69.17
	 Average recall: 0.5093
	 F1_PN: 0.6933
	 Macro-F1: 0.4905
	 Weighted-F1: 0.6850

    Iteration 20 of epoch 12 completed. Loss : 0.6632402539253235 Accuracy : 96.88
    Iteration 40 of epoch 12 completed. Loss : 0.5739933252334595 Accuracy : 100.00
    Iteration 60 of epoch 12 completed. Loss : 0.5732290148735046 Accuracy : 96.88
    Iteration 80 of epoch 12 completed. Loss : 0.605228066444397 Accuracy : 87.50
    Iteration 100 of epoch 12 completed. Loss : 0.6235917210578918 Accuracy : 93.75
Epoch 12 completed. Test dataset:
	 Loss: 0.8498
	 Accuracy : 69.17
	 Average recall: 0.5093
	 F1_PN: 0.6933
	 Macro-F1: 0.4905
	 Weighted-F1: 0.6850

    Iteration 20 of epoch 13 completed. Loss : 0.6643093228340149 Accuracy : 96.88
    Iteration 40 of epoch 13 completed. Loss : 0.5813663005828857 Accuracy : 100.00
    Iteration 60 of epoch 13 completed. Loss : 0.5785496830940247 Accuracy : 96.88
    Iteration 80 of epoch 13 completed. Loss : 0.604236900806427 Accuracy : 87.50
    Iteration 100 of epoch 13 completed. Loss : 0.6045799851417542 Accuracy : 96.88
Epoch 13 completed. Test dataset:
	 Loss: 0.8498
	 Accuracy : 69.17
	 Average recall: 0.5093
	 F1_PN: 0.6933
	 Macro-F1: 0.4905
	 Weighted-F1: 0.6850

    Iteration 20 of epoch 14 completed. Loss : 0.6639587879180908 Accuracy : 96.88
    Iteration 40 of epoch 14 completed. Loss : 0.5838646292686462 Accuracy : 100.00
    Iteration 60 of epoch 14 completed. Loss : 0.5837661027908325 Accuracy : 96.88
    Iteration 80 of epoch 14 completed. Loss : 0.6036009192466736 Accuracy : 87.50
    Iteration 100 of epoch 14 completed. Loss : 0.6056422591209412 Accuracy : 96.88
Epoch 14 completed. Test dataset:
	 Loss: 0.8498
	 Accuracy : 69.17
	 Average recall: 0.5093
	 F1_PN: 0.6933
	 Macro-F1: 0.4905
	 Weighted-F1: 0.6850

    Iteration 20 of epoch 15 completed. Loss : 0.6632957458496094 Accuracy : 96.88
    Iteration 40 of epoch 15 completed. Loss : 0.5871150493621826 Accuracy : 96.88
    Iteration 60 of epoch 15 completed. Loss : 0.5782119631767273 Accuracy : 96.88
    Iteration 80 of epoch 15 completed. Loss : 0.6075472235679626 Accuracy : 87.50
    Iteration 100 of epoch 15 completed. Loss : 0.6119856834411621 Accuracy : 96.88
Epoch 15 completed. Test dataset:
	 Loss: 0.8498
	 Accuracy : 69.17
	 Average recall: 0.5093
	 F1_PN: 0.6933
	 Macro-F1: 0.4905
	 Weighted-F1: 0.6850

Train/val/test loss curve saved to /home/rgg2706/Multimodal-Sentiment-Analysis/Logs/MOASC4/2025-03-20/sub-5/029_Mar-20-2025_08:34_PM/train_val_test_loss_curve.png
Confusion matrix saved to /home/rgg2706/Multimodal-Sentiment-Analysis/Logs/MOASC4/2025-03-20/sub-5/029_Mar-20-2025_08:34_PM/confusion_matrix.png
