SLURM Job ID: 20077955
The first version with resnset
Model: MOASC4
Dataset: MOA-MVSA-single
directory /home/rgg2706/Multimodal-Sentiment-Analysis/Datasets/MOA-MVSA-single exists
directory /home/rgg2706/Multimodal-Sentiment-Analysis/Datasets/MOA-MVSA-multiple exists
directory /home/rgg2706/Multimodal-Sentiment-Analysis/Models/MOASC4/SaveFiles/SentimentClassifier exists
55
Loading dataset from: /home/rgg2706/Multimodal-Sentiment-Analysis/Datasets/MOA-MVSA-single
/home/rgg2706/Multimodal-Sentiment-Analysis/Datasets/MOA-MVSA-single/text
/home/rgg2706/Multimodal-Sentiment-Analysis/Datasets/MOA-MVSA-single/image
[DEBUG] Now in dataset directory for labels: /home/rgg2706/Multimodal-Sentiment-Analysis/Datasets/MOA-MVSA-single
[DEBUG] About to read labels from: /home/rgg2706/Multimodal-Sentiment-Analysis/Datasets/MOA-MVSA-single/labels.csv
Dataset directory is: /home/rgg2706/Multimodal-Sentiment-Analysis/Datasets/MOA-MVSA-single
Files in dataset directory: ['labels.csv', 'text', 'image']
   ID  text  image
0   1     2      1
1   2     2      1
2   3     2      1
3   4     1      1
4   5     1      1
5   6     1      1
6   7     1      1
7   8     2      1
8   9     1      1
9  10     0      0

[DEBUG] First 5 training texts:
    ID: 1 | Overall sentiment: 1 | Text: how  i feel today legday jelly aching gym 
    ID: 2 | Overall sentiment: 1 | Text: grattis min griskulting!!?? va bara tvungen oki s? sch ? ingenkommerattrodig pig happybday wow lovely cut 
    ID: 3 | Overall sentiment: 1 | Text:  polynminion  the moment  i found my favourite tv character. profoundlove 
    ID: 4 | Overall sentiment: 1 | Text: esco  we have a young and energetic team and we pride ourselves on offering the highes hoer 
    ID: 5 | Overall sentiment: 1 | Text:  chrisashaffer  went to  ssc today to be a movie star to rep for the  deaf and got to meet an energetic great guy  mark  white! 
Train samples: 3653
Validation samples: 406
Test samples: 452
Total samples: 4511
Train label distribution: Negative=1094, Positive=2164, Neutral=395
Val   label distribution: Negative=129, Positive=245, Neutral=32
Test  label distribution: Negative=135, Positive=274, Neutral=43
Overall label distribution: Negative=1358, Positive=2683, Neutral=470
    Iteration 20 of epoch 1 completed. Loss : 1.09306001663208 Accuracy : 50.00
    Iteration 40 of epoch 1 completed. Loss : 1.0998129844665527 Accuracy : 56.25
    Iteration 60 of epoch 1 completed. Loss : 1.1006499528884888 Accuracy : 50.00
    Iteration 80 of epoch 1 completed. Loss : 1.0913329124450684 Accuracy : 59.38
    Iteration 100 of epoch 1 completed. Loss : 1.0980515480041504 Accuracy : 68.75
Best validation accuracy improved from 0.0 to 0.6125437062937062
Epoch 1 completed. Test dataset:
	 Loss: 1.0605
	 Accuracy : 60.62
	 Average recall: 0.3415
	 F1_PN: 0.3987
	 Macro-F1: 0.2658
	 Weighted-F1: 0.4706

Best test accuracy improved from 0.0 to 0.60625, saving model...
    Iteration 20 of epoch 2 completed. Loss : 1.086525559425354 Accuracy : 46.88
    Iteration 40 of epoch 2 completed. Loss : 1.0836001634597778 Accuracy : 46.88
    Iteration 60 of epoch 2 completed. Loss : 1.059343695640564 Accuracy : 53.12
    Iteration 80 of epoch 2 completed. Loss : 1.016959547996521 Accuracy : 59.38
    Iteration 100 of epoch 2 completed. Loss : 1.062207818031311 Accuracy : 59.38
Best validation accuracy improved from 0.6125437062937062 to 0.7231206293706294
Epoch 2 completed. Test dataset:
	 Loss: 0.8797
	 Accuracy : 66.67
	 Average recall: 0.4873
	 F1_PN: 0.6632
	 Macro-F1: 0.4675
	 Weighted-F1: 0.6471

Best test accuracy improved from 0.60625 to 0.6666666666666666, saving model...
    Iteration 20 of epoch 3 completed. Loss : 0.9716019630432129 Accuracy : 62.50
    Iteration 40 of epoch 3 completed. Loss : 0.8979718685150146 Accuracy : 62.50
    Iteration 60 of epoch 3 completed. Loss : 0.9606713652610779 Accuracy : 59.38
    Iteration 80 of epoch 3 completed. Loss : 0.7943593859672546 Accuracy : 59.38
    Iteration 100 of epoch 3 completed. Loss : 0.9184516668319702 Accuracy : 71.88
Epoch 3 completed. Test dataset:
	 Loss: 0.8546
	 Accuracy : 68.75
	 Average recall: 0.6197
	 F1_PN: 0.6860
	 Macro-F1: 0.5735
	 Weighted-F1: 0.6888

Best test accuracy improved from 0.6666666666666666 to 0.6875, saving model...
    Iteration 20 of epoch 4 completed. Loss : 0.7938472032546997 Accuracy : 78.12
    Iteration 40 of epoch 4 completed. Loss : 0.6967124938964844 Accuracy : 81.25
    Iteration 60 of epoch 4 completed. Loss : 0.7160099744796753 Accuracy : 84.38
    Iteration 80 of epoch 4 completed. Loss : 0.6361967921257019 Accuracy : 87.50
    Iteration 100 of epoch 4 completed. Loss : 0.7147151231765747 Accuracy : 81.25
Epoch 4 completed. Test dataset:
	 Loss: 0.8789
	 Accuracy : 66.88
	 Average recall: 0.5449
	 F1_PN: 0.6769
	 Macro-F1: 0.5170
	 Weighted-F1: 0.6627

    Iteration 20 of epoch 5 completed. Loss : 0.6717271208763123 Accuracy : 90.62
    Iteration 40 of epoch 5 completed. Loss : 0.629085123538971 Accuracy : 87.50
    Iteration 60 of epoch 5 completed. Loss : 0.6873564124107361 Accuracy : 90.62
    Iteration 80 of epoch 5 completed. Loss : 0.6145491600036621 Accuracy : 90.62
    Iteration 100 of epoch 5 completed. Loss : 0.6868143081665039 Accuracy : 87.50
Epoch 5 completed. Test dataset:
	 Loss: 0.8527
	 Accuracy : 67.92
	 Average recall: 0.5323
	 F1_PN: 0.6783
	 Macro-F1: 0.5072
	 Weighted-F1: 0.6683

    Iteration 20 of epoch 6 completed. Loss : 0.6632854342460632 Accuracy : 87.50
    Iteration 40 of epoch 6 completed. Loss : 0.6255380511283875 Accuracy : 87.50
    Iteration 60 of epoch 6 completed. Loss : 0.664633572101593 Accuracy : 93.75
    Iteration 80 of epoch 6 completed. Loss : 0.6136123538017273 Accuracy : 90.62
    Iteration 100 of epoch 6 completed. Loss : 0.6827701926231384 Accuracy : 87.50
Epoch 6 completed. Test dataset:
	 Loss: 0.8583
	 Accuracy : 67.71
	 Average recall: 0.5292
	 F1_PN: 0.6849
	 Macro-F1: 0.5064
	 Weighted-F1: 0.6696

    Iteration 20 of epoch 7 completed. Loss : 0.6720243692398071 Accuracy : 87.50
    Iteration 40 of epoch 7 completed. Loss : 0.6270997524261475 Accuracy : 87.50
    Iteration 60 of epoch 7 completed. Loss : 0.6592515707015991 Accuracy : 93.75
    Iteration 80 of epoch 7 completed. Loss : 0.6241354942321777 Accuracy : 87.50
    Iteration 100 of epoch 7 completed. Loss : 0.6717378497123718 Accuracy : 90.62
Best validation accuracy improved from 0.7231206293706294 to 0.7244318181818182
Epoch 7 completed. Test dataset:
	 Loss: 0.8504
	 Accuracy : 68.33
	 Average recall: 0.5224
	 F1_PN: 0.6821
	 Macro-F1: 0.5046
	 Weighted-F1: 0.6719

    Iteration 20 of epoch 8 completed. Loss : 0.6188678741455078 Accuracy : 96.88
    Iteration 40 of epoch 8 completed. Loss : 0.6110792756080627 Accuracy : 93.75
    Iteration 60 of epoch 8 completed. Loss : 0.6675201058387756 Accuracy : 93.75
    Iteration 80 of epoch 8 completed. Loss : 0.6016998887062073 Accuracy : 93.75
    Iteration 100 of epoch 8 completed. Loss : 0.6785182952880859 Accuracy : 90.62
Epoch 8 completed. Test dataset:
	 Loss: 0.8514
	 Accuracy : 68.54
	 Average recall: 0.5261
	 F1_PN: 0.6874
	 Macro-F1: 0.5081
	 Weighted-F1: 0.6748

    Iteration 20 of epoch 9 completed. Loss : 0.6169000864028931 Accuracy : 96.88
    Iteration 40 of epoch 9 completed. Loss : 0.612057626247406 Accuracy : 90.62
    Iteration 60 of epoch 9 completed. Loss : 0.6862788200378418 Accuracy : 90.62
    Iteration 80 of epoch 9 completed. Loss : 0.5971925854682922 Accuracy : 93.75
    Iteration 100 of epoch 9 completed. Loss : 0.6721932888031006 Accuracy : 90.62
Epoch 9 completed. Test dataset:
	 Loss: 0.8521
	 Accuracy : 68.54
	 Average recall: 0.5261
	 F1_PN: 0.6874
	 Macro-F1: 0.5081
	 Weighted-F1: 0.6748

    Iteration 20 of epoch 10 completed. Loss : 0.6165093183517456 Accuracy : 96.88
    Iteration 40 of epoch 10 completed. Loss : 0.6177368760108948 Accuracy : 90.62
    Iteration 60 of epoch 10 completed. Loss : 0.6523212194442749 Accuracy : 93.75
    Iteration 80 of epoch 10 completed. Loss : 0.6008237600326538 Accuracy : 93.75
    Iteration 100 of epoch 10 completed. Loss : 0.6800680756568909 Accuracy : 87.50
Epoch 10 completed. Test dataset:
	 Loss: 0.8520
	 Accuracy : 68.54
	 Average recall: 0.5261
	 F1_PN: 0.6874
	 Macro-F1: 0.5081
	 Weighted-F1: 0.6748

    Iteration 20 of epoch 11 completed. Loss : 0.6249163150787354 Accuracy : 96.88
    Iteration 40 of epoch 11 completed. Loss : 0.6150379180908203 Accuracy : 90.62
    Iteration 60 of epoch 11 completed. Loss : 0.6712567210197449 Accuracy : 93.75
    Iteration 80 of epoch 11 completed. Loss : 0.6007861495018005 Accuracy : 93.75
    Iteration 100 of epoch 11 completed. Loss : 0.6848587989807129 Accuracy : 90.62
Epoch 11 completed. Test dataset:
	 Loss: 0.8521
	 Accuracy : 68.54
	 Average recall: 0.5261
	 F1_PN: 0.6874
	 Macro-F1: 0.5081
	 Weighted-F1: 0.6748

    Iteration 20 of epoch 12 completed. Loss : 0.6256147623062134 Accuracy : 93.75
    Iteration 40 of epoch 12 completed. Loss : 0.6187998056411743 Accuracy : 90.62
    Iteration 60 of epoch 12 completed. Loss : 0.6535729765892029 Accuracy : 93.75
    Iteration 80 of epoch 12 completed. Loss : 0.6036084294319153 Accuracy : 93.75
    Iteration 100 of epoch 12 completed. Loss : 0.6767504215240479 Accuracy : 87.50
Epoch 12 completed. Test dataset:
	 Loss: 0.8521
	 Accuracy : 68.54
	 Average recall: 0.5261
	 F1_PN: 0.6874
	 Macro-F1: 0.5081
	 Weighted-F1: 0.6748

    Iteration 20 of epoch 13 completed. Loss : 0.6401821374893188 Accuracy : 93.75
    Iteration 40 of epoch 13 completed. Loss : 0.61814284324646 Accuracy : 90.62
    Iteration 60 of epoch 13 completed. Loss : 0.6443663239479065 Accuracy : 93.75
    Iteration 80 of epoch 13 completed. Loss : 0.6056000590324402 Accuracy : 93.75
    Iteration 100 of epoch 13 completed. Loss : 0.6720647215843201 Accuracy : 90.62
Epoch 13 completed. Test dataset:
	 Loss: 0.8521
	 Accuracy : 68.54
	 Average recall: 0.5261
	 F1_PN: 0.6874
	 Macro-F1: 0.5081
	 Weighted-F1: 0.6748

    Iteration 20 of epoch 14 completed. Loss : 0.629951000213623 Accuracy : 96.88
    Iteration 40 of epoch 14 completed. Loss : 0.6309226751327515 Accuracy : 90.62
    Iteration 60 of epoch 14 completed. Loss : 0.659371554851532 Accuracy : 93.75
    Iteration 80 of epoch 14 completed. Loss : 0.5976521968841553 Accuracy : 93.75
    Iteration 100 of epoch 14 completed. Loss : 0.6757139563560486 Accuracy : 90.62
Epoch 14 completed. Test dataset:
	 Loss: 0.8521
	 Accuracy : 68.54
	 Average recall: 0.5261
	 F1_PN: 0.6874
	 Macro-F1: 0.5081
	 Weighted-F1: 0.6748

    Iteration 20 of epoch 15 completed. Loss : 0.6328078508377075 Accuracy : 93.75
    Iteration 40 of epoch 15 completed. Loss : 0.6206381320953369 Accuracy : 87.50
    Iteration 60 of epoch 15 completed. Loss : 0.648831307888031 Accuracy : 93.75
    Iteration 80 of epoch 15 completed. Loss : 0.6044187545776367 Accuracy : 93.75
    Iteration 100 of epoch 15 completed. Loss : 0.6758224368095398 Accuracy : 90.62
Epoch 15 completed. Test dataset:
	 Loss: 0.8521
	 Accuracy : 68.54
	 Average recall: 0.5261
	 F1_PN: 0.6874
	 Macro-F1: 0.5081
	 Weighted-F1: 0.6748

Train/val/test loss curve saved to /home/rgg2706/Multimodal-Sentiment-Analysis/Logs/MOASC4/2025-03-21/sub-1/005_Mar-21-2025_12:07_AM/train_val_test_loss_curve.png
Confusion matrix saved to /home/rgg2706/Multimodal-Sentiment-Analysis/Logs/MOASC4/2025-03-21/sub-1/005_Mar-21-2025_12:07_AM/confusion_matrix.png
