SLURM Job ID: 20050465
Dataset: MOA-MVSA-single
Number of GPUs available: 1
Python PATH: ['/home/rgg2706/Multimodal-Sentiment-Analysis/Models/SIMPLE-F3v3/src', '/home/rgg2706/Multimodal-Sentiment-Analysis', '/Models/SIMPLE-F3v3/src', '/.autofs/tools/spack/var/spack/environments/default-nlp-x86_64-24072401/.spack-env/._view/wtxwc3mlkmzy7fbaxlum2674jarpitc2/lib/python311.zip', '/.autofs/tools/spack/var/spack/environments/default-nlp-x86_64-24072401/.spack-env/._view/wtxwc3mlkmzy7fbaxlum2674jarpitc2/lib/python3.11', '/.autofs/tools/spack/var/spack/environments/default-nlp-x86_64-24072401/.spack-env/._view/wtxwc3mlkmzy7fbaxlum2674jarpitc2/lib/python3.11/lib-dynload', '/.autofs/tools/spack/var/spack/environments/default-nlp-x86_64-24072401/.spack-env/._view/wtxwc3mlkmzy7fbaxlum2674jarpitc2/lib/python3.11/site-packages']
Logs directory: /home/rgg2706/Multimodal-Sentiment-Analysis/Logs/SIMPLE-F3v3/2025-03-09/sub-1/013_Mar-09-2025_04:18_PM
> training arguments:
>>> rand_seed: 8
>>> model_fusion: multiattfusion
>>> dataset: MOA-MVSA-single
>>> optimizer: <class 'torch.optim.adam.Adam'>
>>> initializer: <function xavier_uniform_ at 0x7fe058a15440>
>>> learning_rate: 0.0001
>>> dropout_rate: 0.5
>>> weight_decay: 0.0
>>> num_layers: 3
>>> num_epoch: 50
>>> batch_size: 64
>>> log_step: 60
>>> max_seq_len: 120
>>> polarities_dim: 3
>>> clip_grad: 5.0
>>> path_image: ./images
>>> crop_size: 224
>>> n_head: 8
>>> hidden_dim: 256
>>> num_classes: 3
>>> log_dir: /home/rgg2706/Multimodal-Sentiment-Analysis/Logs/SIMPLE-F3v3/2025-03-09/sub-1/013_Mar-09-2025_04:18_PM
>>> counter: 0
>>> model_class: <class 'models.multiattfusion.MultiAttFusion'>

[DEBUG] First 5 training texts:
    ID: 1 | Overall sentiment: 1 | Text: how  i feel today legday jelly aching gym 

    ID: 4 | Overall sentiment: 1 | Text: esco  we have a young and energetic team and we pride ourselves on offering the highes hoer 

    ID: 5 | Overall sentiment: 1 | Text:  chrisashaffer  went to  ssc today to be a movie star to rep for the  deaf and got to meet an energetic great guy  mark  white! 

    ID: 6 | Overall sentiment: 1 | Text:  babeshawnmendes that was really energetic 

    ID: 7 | Overall sentiment: 1 | Text:  deepikapadukone  to my most hard workingfun loving and energetic team.. thank you and  i love you! 

Building model
1
n_trainable_params: 8451, n_nontrainable_params: 0
>>>>>>>>>>>>>>>>>>>>>>>>>>>>>>>>>>>>>>>>>>>>>>>>>>>>>>>>>>>>>>>>>>>>>>>>>>>>>>>>>>>>>>>>>>>>>>>>>>>>
epoch: 0
[DEBUG] Sample predictions in evaluate:  tensor([2, 2, 2, 2, 2, 2, 2, 2, 2, 2], device='cuda:0')
[DEBUG] outputs.shape: torch.Size([64, 3])
[DEBUG] Sample of raw logits (first 5):
tensor([[-0.5646,  0.2394,  0.9166],
        [-0.9922,  0.4850,  0.9363],
        [-0.5560,  0.2922,  1.0416],
        [-0.3898,  0.4273,  1.1064],
        [-0.9047,  0.2524,  1.1276]], device='cuda:0',
       grad_fn=<SliceBackward0>)
[DEBUG] Sample of predicted probabilities (first 5):
tensor([[0.1310, 0.2928, 0.5762],
        [0.0816, 0.3573, 0.5611],
        [0.1208, 0.2822, 0.5970],
        [0.1294, 0.2929, 0.5777],
        [0.0847, 0.2693, 0.6461]], device='cuda:0', grad_fn=<SliceBackward0>)
Batch 0 completed in 1.61 seconds (0.03 minutes)
New best val_f1: 0.061148 (previous best: 0.000000)
loss: 1.549729, val_acc: 10.10% (0.100985), val_f1: 6.11% (0.061148), test_acc: 12.17% (0.121681), test_f1: 7.23% (0.072321)
Epoch 0 completed in 26.95 seconds (0.45 minutes)
>>>>>>>>>>>>>>>>>>>>>>>>>>>>>>>>>>>>>>>>>>>>>>>>>>>>>>>>>>>>>>>>>>>>>>>>>>>>>>>>>>>>>>>>>>>>>>>>>>>>
epoch: 1
Batch 0 completed in 0.35 seconds (0.01 minutes)
New best val_f1: 0.306820 (previous best: 0.061148)
loss: 0.973366, val_acc: 60.34% (0.603448), val_f1: 30.68% (0.306820), test_acc: 54.20% (0.542035), test_f1: 24.64% (0.246395)
