SIMPLE-F3_multiattfusion_mvsa-mts-v3_lr0.0005_dr0.3
SLURM Job ID: 19875040
Number of GPUs available: 1
Python PATH: ['/home/rgg2706/Multimodal-Sentiment-Analysis/Models/SIMPLE-F3/src', '/home/rgg2706/Multimodal-Sentiment-Analysis', '/Models/SIMPLE-F3/src', '/.autofs/tools/spack/var/spack/environments/default-nlp-x86_64-24072401/.spack-env/._view/wtxwc3mlkmzy7fbaxlum2674jarpitc2/lib/python311.zip', '/.autofs/tools/spack/var/spack/environments/default-nlp-x86_64-24072401/.spack-env/._view/wtxwc3mlkmzy7fbaxlum2674jarpitc2/lib/python3.11', '/.autofs/tools/spack/var/spack/environments/default-nlp-x86_64-24072401/.spack-env/._view/wtxwc3mlkmzy7fbaxlum2674jarpitc2/lib/python3.11/lib-dynload', '/.autofs/tools/spack/var/spack/environments/default-nlp-x86_64-24072401/.spack-env/._view/wtxwc3mlkmzy7fbaxlum2674jarpitc2/lib/python3.11/site-packages']
Logs directory: /home/rgg2706/Multimodal-Sentiment-Analysis/Logs/SIMPLE-F3/2025-02-16/sub-1/007_Feb-16-2025_02:31_PM
> training arguments:
>>> rand_seed: 8
>>> model_fusion: multiattfusion
>>> dataset: mvsa-mts-v3
>>> optimizer: <class 'torch.optim.adam.Adam'>
>>> initializer: <function xavier_uniform_ at 0x7f183bb6d580>
>>> learning_rate: 0.0005
>>> dropout_rate: 0.3
>>> weight_decay: 0.0
>>> num_layers: 3
>>> num_epoch: 25
>>> batch_size: 128
>>> log_step: 60
>>> max_seq_len: 120
>>> polarities_dim: 3
>>> clip_grad: 5.0
>>> path_image: ./images
>>> crop_size: 224
>>> n_head: 8
>>> hidden_dim: 768
>>> num_classes: 3
>>> log_dir: /home/rgg2706/Multimodal-Sentiment-Analysis/Logs/SIMPLE-F3/2025-02-16/sub-1/007_Feb-16-2025_02:31_PM
>>> counter: 0
>>> model_class: <class 'models.multiattfusion.MultiAttFusion'>
Loading dataset 'mvsa-mts-v3':
  Train path: Datasets/MVSA-MTS/mvsa-mts-v3/train.tsv
  Validation path: Datasets/MVSA-MTS/mvsa-mts-v3/val.tsv
  Test path: Datasets//MVSA-MTS/mvsa-mts-v3/test.tsv
-------------- Loading Datasets/MVSA-MTS/mvsa-mts-v3/train.tsv ---------------
[DEBUG] index: 706
[DEBUG] raw_text: PC Party, #Youth, #Education,Opportunity,#RenewableResources, Proudly #Canada's PCs #elxn42 http://t.co/NSwTddCHS8
[DEBUG] text_length: 9
[DEBUG] polarity: 2
[DEBUG] first 10 input_ids: [101, 7473, 2283, 1010, 1001, 3360, 1010, 1001, 2495, 1010]
---
[DEBUG] index: 2699
[DEBUG] raw_text: Running through the 6 wit my woes #ComeTogether #BlueJays #inthe6
[DEBUG] text_length: 10
[DEBUG] polarity: 1
[DEBUG] first 10 input_ids: [101, 2770, 2083, 1996, 1020, 15966, 2026, 24185, 2229, 1001]
---
[DEBUG] index: 15657
[DEBUG] raw_text: #TruckTuesday | | support@innovativeautoworx.com | 403.242.2767 | #Trucks #YYC #Calgary | http://t.co/ruwEqCd3LT
[DEBUG] text_length: 12
[DEBUG] polarity: 0
[DEBUG] first 10 input_ids: [101, 1001, 4744, 8525, 2229, 10259, 1064, 1064, 2490, 1030]
---
[DEBUG] index: 13219
[DEBUG] raw_text: I dont even care how ridiculous this looks #OTRAToronto is officially tomorrow and I am more than ready @onedirection
[DEBUG] text_length: 19
[DEBUG] polarity: 0
[DEBUG] first 10 input_ids: [101, 1045, 2123, 2102, 2130, 2729, 2129, 9951, 2023, 3504]
---
[DEBUG] index: 12053
[DEBUG] raw_text: #Automotive alert: Manufacturing Controls... | Nexteer Automotive | #Saginaw, MI #Auto http://t.co/En5uQ7JZDL
[DEBUG] text_length: 12
[DEBUG] polarity: 2
[DEBUG] first 10 input_ids: [101, 1001, 12945, 9499, 1024, 5814, 7711, 1012, 1012, 1012]
---
Time taken to load Datasets/MVSA-MTS/mvsa-mts-v3/train.tsv: 67.20 seconds (1.12 minutes)
Train classes: [0, 1, 2], count=3
[DEBUG] Train label distribution:
{0: 3522, 1: 3468, 2: 6631}
-------------- Loading Datasets/MVSA-MTS/mvsa-mts-v3/val.tsv ---------------
[DEBUG] index: 18681
[DEBUG] raw_text: ***Steven thinking about the life he just left behind with his beloved, Sam. Should he have stayed?...to be continued
[DEBUG] text_length: 19
[DEBUG] polarity: 2
[DEBUG] first 10 input_ids: [101, 1008, 1008, 1008, 7112, 3241, 2055, 1996, 2166, 2002]
---
[DEBUG] index: 16242
[DEBUG] raw_text: Thanks for an amazing summer #yyc,53 organizations engaged youth in 350 projects to contribute 20000 volunteer hours!
[DEBUG] text_length: 17
[DEBUG] polarity: 2
[DEBUG] first 10 input_ids: [101, 4283, 2005, 2019, 6429, 2621, 1001, 1061, 2100, 2278]
---
[DEBUG] index: 9628
[DEBUG] raw_text: HSR fares go up on Tuesday. Tickets (new issue) are $2.15. Don't be overcharged! #HamOnt #HSR https://t.co/zBxyTmcy1o
[DEBUG] text_length: 17
[DEBUG] polarity: 1
[DEBUG] first 10 input_ids: [101, 26236, 2099, 27092, 2175, 2039, 2006, 9857, 1012, 9735]
---
[DEBUG] index: 6350
[DEBUG] raw_text: @Calum5SOS just saw this on my Instagram feed and instantly thought of you #JetBlackHeart #ShesKindaHotVMA
[DEBUG] text_length: 15
[DEBUG] polarity: 0
[DEBUG] first 10 input_ids: [101, 1030, 10250, 2819, 2629, 17063, 2074, 2387, 2023, 2006]
---
[DEBUG] index: 17705
[DEBUG] raw_text: #selfiefornash @Nashgrier You've helped me get through the rough times Nash. I love you ????????
[DEBUG] text_length: 15
[DEBUG] polarity: 1
[DEBUG] first 10 input_ids: [101, 1001, 2969, 2666, 29278, 11649, 2232, 1030, 10594, 16523]
---
Time taken to load Datasets/MVSA-MTS/mvsa-mts-v3/val.tsv: 8.38 seconds (0.14 minutes)
Val classes: [0, 1, 2], count=3
[DEBUG] Val label distribution:
{0: 436, 1: 442, 2: 825}
[DEBUG] Computed class_weights = [1.2891349792480469, 1.3092080354690552, 0.6847132444381714]
-------------- Loading Datasets//MVSA-MTS/mvsa-mts-v3/test.tsv ---------------
[DEBUG] index: 14949
[DEBUG] raw_text: Candid shot at #Montreal @FetishWeekend. #smile latex: @HWD_Latex #iLoveBiancaMondays http://t.co/eDaoHprlRP
[DEBUG] text_length: 10
[DEBUG] polarity: 2
[DEBUG] first 10 input_ids: [101, 27467, 2094, 2915, 2012, 1001, 5548, 1030, 10768, 24788]
---
[DEBUG] index: 9542
[DEBUG] raw_text: #hamont stop by and help out Lynwood Hall raise some founds with a car wash! #lynwoodhallcarwash #machealth
[DEBUG] text_length: 17
[DEBUG] polarity: 0
[DEBUG] first 10 input_ids: [101, 1001, 10654, 12162, 2644, 2011, 1998, 2393, 2041, 1048]
---
[DEBUG] index: 6309
[DEBUG] raw_text: EVEN MY NEICE WANTS TO VOTE #ShesKindaHotVMA
[DEBUG] text_length: 7
[DEBUG] polarity: 2
[DEBUG] first 10 input_ids: [101, 2130, 2026, 11265, 6610, 4122, 2000, 3789, 1001, 2016]
---
[DEBUG] index: 17974
[DEBUG] raw_text: Looks like I'm going alone ????
[DEBUG] text_length: 6
[DEBUG] polarity: 2
[DEBUG] first 10 input_ids: [101, 3504, 2066, 1045, 1005, 1049, 2183, 2894, 1029, 1029]
---
[DEBUG] index: 14882
[DEBUG] raw_text: Here it comes!! @comedynest Sept 24-26 Call 514-932-6378 for reservations! #derekseguin #comedy #montreal #fun
[DEBUG] text_length: 14
[DEBUG] polarity: 2
[DEBUG] first 10 input_ids: [101, 2182, 2009, 3310, 999, 999, 1030, 4038, 5267, 2102]
---
Time taken to load Datasets//MVSA-MTS/mvsa-mts-v3/test.tsv: 8.39 seconds (0.14 minutes)
Test classes: [0, 1, 2], count=3
[DEBUG] Test label distribution:
{0: 450, 1: 431, 2: 822}
[DEBUG] 95th percentile sequence length across all splits: 20.00
Total Training Samples: 17027
Number of Training Samples: 13621
Number of Validation Samples: 1703
Number of Test Samples: 1703
Number of unique sentiment classes: 3
Building model
1
n_trainable_params: 54024195, n_nontrainable_params: 0
>>>>>>>>>>>>>>>>>>>>>>>>>>>>>>>>>>>>>>>>>>>>>>>>>>>>>>>>>>>>>>>>>>>>>>>>>>>>>>>>>>>>>>>>>>>>>>>>>>>>
epoch: 0
[DEBUG] Sample predictions in evaluate:  tensor([1, 1, 1, 1, 1, 1, 1, 1, 1, 1], device='cuda:0')
[DEBUG] outputs.shape: torch.Size([128, 3])
[DEBUG] Sample of raw logits (first 5):
tensor([[-0.0404,  0.0057, -0.0393],
        [-0.0487,  0.0139, -0.0377],
        [-0.0292, -0.0088, -0.0306],
        [-0.0334,  0.0033, -0.0391],
        [-0.0324, -0.0055, -0.0253]], device='cuda:0',
       grad_fn=<SliceBackward0>)
[DEBUG] Sample of predicted probabilities (first 5):
tensor([[0.3280, 0.3435, 0.3284],
        [0.3251, 0.3461, 0.3287],
        [0.3312, 0.3380, 0.3307],
        [0.3298, 0.3422, 0.3280],
        [0.3296, 0.3385, 0.3319]], device='cuda:0', grad_fn=<SliceBackward0>)
Batch 0 completed in 1.34 seconds (0.02 minutes)
New best val_f1: 0.217563 (previous best: 0.000000)
loss: 1.102292, val_acc: 48.44% (0.484439), val_f1: 21.76% (0.217563), test_acc: 48.27% (0.482678), test_f1: 21.70% (0.217030)
Batch 60 completed in 0.82 seconds (0.01 minutes)
New best val_f1: 0.351954 (previous best: 0.217563)
loss: 1.043634, val_acc: 49.38% (0.493834), val_f1: 35.20% (0.351954), test_acc: 48.97% (0.489724), test_f1: 34.28% (0.342794)
Epoch 0 completed in 112.95 seconds (1.88 minutes)
>>>>>>>>>>>>>>>>>>>>>>>>>>>>>>>>>>>>>>>>>>>>>>>>>>>>>>>>>>>>>>>>>>>>>>>>>>>>>>>>>>>>>>>>>>>>>>>>>>>>
epoch: 1
Batch 0 completed in 0.83 seconds (0.01 minutes)
loss: 0.997622, val_acc: 48.97% (0.489724), val_f1: 28.04% (0.280388), test_acc: 49.32% (0.493247), test_f1: 28.86% (0.288564)
Batch 60 completed in 0.83 seconds (0.01 minutes)
New best val_f1: 0.378441 (previous best: 0.351954)
loss: 1.060714, val_acc: 49.62% (0.496183), val_f1: 37.84% (0.378441), test_acc: 49.09% (0.490898), test_f1: 36.75% (0.367473)
Epoch 1 completed in 111.95 seconds (1.87 minutes)
>>>>>>>>>>>>>>>>>>>>>>>>>>>>>>>>>>>>>>>>>>>>>>>>>>>>>>>>>>>>>>>>>>>>>>>>>>>>>>>>>>>>>>>>>>>>>>>>>>>>
epoch: 2
Batch 0 completed in 0.83 seconds (0.01 minutes)
loss: 0.974600, val_acc: 49.91% (0.499119), val_f1: 31.71% (0.317098), test_acc: 49.32% (0.493247), test_f1: 30.79% (0.307897)
Batch 60 completed in 0.83 seconds (0.01 minutes)
New best val_f1: 0.382248 (previous best: 0.378441)
loss: 0.966254, val_acc: 49.50% (0.495009), val_f1: 38.22% (0.382248), test_acc: 49.79% (0.497945), test_f1: 38.97% (0.389680)
Epoch 2 completed in 112.58 seconds (1.88 minutes)
>>>>>>>>>>>>>>>>>>>>>>>>>>>>>>>>>>>>>>>>>>>>>>>>>>>>>>>>>>>>>>>>>>>>>>>>>>>>>>>>>>>>>>>>>>>>>>>>>>>>
epoch: 3
Batch 0 completed in 0.83 seconds (0.01 minutes)
New best val_f1: 0.432022 (previous best: 0.382248)
loss: 1.003868, val_acc: 49.27% (0.492660), val_f1: 43.20% (0.432022), test_acc: 48.27% (0.482678), test_f1: 42.25% (0.422531)
Batch 60 completed in 0.83 seconds (0.01 minutes)
loss: 0.951559, val_acc: 50.73% (0.507340), val_f1: 38.33% (0.383256), test_acc: 50.09% (0.500881), test_f1: 35.98% (0.359830)
Epoch 3 completed in 114.60 seconds (1.91 minutes)
>>>>>>>>>>>>>>>>>>>>>>>>>>>>>>>>>>>>>>>>>>>>>>>>>>>>>>>>>>>>>>>>>>>>>>>>>>>>>>>>>>>>>>>>>>>>>>>>>>>>
epoch: 4
Batch 0 completed in 0.83 seconds (0.01 minutes)
loss: 0.856239, val_acc: 51.09% (0.510863), val_f1: 39.08% (0.390758), test_acc: 50.56% (0.505578), test_f1: 38.17% (0.381656)
Batch 60 completed in 0.83 seconds (0.01 minutes)
loss: 0.842013, val_acc: 47.45% (0.474457), val_f1: 42.29% (0.422905), test_acc: 47.97% (0.479742), test_f1: 42.40% (0.423964)
Epoch 4 completed in 114.75 seconds (1.91 minutes)
>>>>>>>>>>>>>>>>>>>>>>>>>>>>>>>>>>>>>>>>>>>>>>>>>>>>>>>>>>>>>>>>>>>>>>>>>>>>>>>>>>>>>>>>>>>>>>>>>>>>
epoch: 5
Batch 0 completed in 0.83 seconds (0.01 minutes)
loss: 0.849636, val_acc: 49.62% (0.496183), val_f1: 37.72% (0.377234), test_acc: 49.56% (0.495596), test_f1: 37.37% (0.373708)
Batch 60 completed in 0.83 seconds (0.01 minutes)
loss: 0.734594, val_acc: 48.85% (0.488550), val_f1: 41.30% (0.412960), test_acc: 49.09% (0.490898), test_f1: 41.64% (0.416378)
Epoch 5 completed in 115.57 seconds (1.93 minutes)
>>>>>>>>>>>>>>>>>>>>>>>>>>>>>>>>>>>>>>>>>>>>>>>>>>>>>>>>>>>>>>>>>>>>>>>>>>>>>>>>>>>>>>>>>>>>>>>>>>>>
epoch: 6
Batch 0 completed in 0.83 seconds (0.01 minutes)
loss: 0.667694, val_acc: 49.50% (0.495009), val_f1: 39.91% (0.399146), test_acc: 49.27% (0.492660), test_f1: 40.08% (0.400850)
Batch 60 completed in 0.83 seconds (0.01 minutes)
loss: 0.774902, val_acc: 48.50% (0.485026), val_f1: 38.10% (0.381020), test_acc: 48.85% (0.488550), test_f1: 38.28% (0.382800)
Epoch 6 completed in 115.28 seconds (1.92 minutes)
>>>>>>>>>>>>>>>>>>>>>>>>>>>>>>>>>>>>>>>>>>>>>>>>>>>>>>>>>>>>>>>>>>>>>>>>>>>>>>>>>>>>>>>>>>>>>>>>>>>>
epoch: 7
Batch 0 completed in 0.83 seconds (0.01 minutes)
loss: 0.468582, val_acc: 46.39% (0.463887), val_f1: 41.29% (0.412861), test_acc: 46.21% (0.462126), test_f1: 40.40% (0.403982)
Batch 60 completed in 0.83 seconds (0.01 minutes)
loss: 0.502042, val_acc: 43.22% (0.432179), val_f1: 41.66% (0.416585), test_acc: 43.28% (0.432766), test_f1: 41.16% (0.411599)
Epoch 7 completed in 115.33 seconds (1.92 minutes)
>>>>>>>>>>>>>>>>>>>>>>>>>>>>>>>>>>>>>>>>>>>>>>>>>>>>>>>>>>>>>>>>>>>>>>>>>>>>>>>>>>>>>>>>>>>>>>>>>>>>
epoch: 8
Batch 0 completed in 0.83 seconds (0.01 minutes)
loss: 0.324630, val_acc: 43.57% (0.435702), val_f1: 39.26% (0.392576), test_acc: 45.10% (0.450969), test_f1: 40.95% (0.409466)
Batch 60 completed in 0.83 seconds (0.01 minutes)
loss: 0.317415, val_acc: 47.21% (0.472108), val_f1: 42.54% (0.425415), test_acc: 42.63% (0.426307), test_f1: 37.63% (0.376327)
Epoch 8 completed in 115.47 seconds (1.92 minutes)
>>>>>>>>>>>>>>>>>>>>>>>>>>>>>>>>>>>>>>>>>>>>>>>>>>>>>>>>>>>>>>>>>>>>>>>>>>>>>>>>>>>>>>>>>>>>>>>>>>>>
epoch: 9
Batch 0 completed in 0.83 seconds (0.01 minutes)
loss: 0.162019, val_acc: 46.15% (0.461538), val_f1: 40.37% (0.403695), test_acc: 44.74% (0.447446), test_f1: 39.45% (0.394535)
Batch 60 completed in 0.83 seconds (0.01 minutes)
loss: 0.318965, val_acc: 45.63% (0.456254), val_f1: 41.31% (0.413117), test_acc: 44.04% (0.440399), test_f1: 40.17% (0.401709)
Epoch 9 completed in 115.27 seconds (1.92 minutes)
>>>>>>>>>>>>>>>>>>>>>>>>>>>>>>>>>>>>>>>>>>>>>>>>>>>>>>>>>>>>>>>>>>>>>>>>>>>>>>>>>>>>>>>>>>>>>>>>>>>>
epoch: 10
Batch 0 completed in 0.83 seconds (0.01 minutes)
loss: 0.207053, val_acc: 46.80% (0.467998), val_f1: 41.33% (0.413275), test_acc: 47.03% (0.470346), test_f1: 41.68% (0.416772)
Batch 60 completed in 0.83 seconds (0.01 minutes)
loss: 0.247451, val_acc: 47.45% (0.474457), val_f1: 42.92% (0.429150), test_acc: 45.16% (0.451556), test_f1: 40.65% (0.406512)
Epoch 10 completed in 115.36 seconds (1.92 minutes)
>>>>>>>>>>>>>>>>>>>>>>>>>>>>>>>>>>>>>>>>>>>>>>>>>>>>>>>>>>>>>>>>>>>>>>>>>>>>>>>>>>>>>>>>>>>>>>>>>>>>
epoch: 11
Batch 0 completed in 0.83 seconds (0.01 minutes)
loss: 0.365420, val_acc: 45.74% (0.457428), val_f1: 40.99% (0.409927), test_acc: 46.33% (0.463300), test_f1: 42.16% (0.421633)
Batch 60 completed in 0.83 seconds (0.01 minutes)
loss: 0.302626, val_acc: 47.21% (0.472108), val_f1: 38.92% (0.389202), test_acc: 46.92% (0.469172), test_f1: 38.73% (0.387310)
Epoch 11 completed in 115.40 seconds (1.92 minutes)
>>>>>>>>>>>>>>>>>>>>>>>>>>>>>>>>>>>>>>>>>>>>>>>>>>>>>>>>>>>>>>>>>>>>>>>>>>>>>>>>>>>>>>>>>>>>>>>>>>>>
epoch: 12
Batch 0 completed in 0.83 seconds (0.01 minutes)
loss: 0.267443, val_acc: 45.10% (0.450969), val_f1: 40.67% (0.406665), test_acc: 43.22% (0.432179), test_f1: 39.29% (0.392923)
Batch 60 completed in 0.83 seconds (0.01 minutes)
loss: 0.192281, val_acc: 44.27% (0.442748), val_f1: 41.01% (0.410146), test_acc: 44.16% (0.441574), test_f1: 40.84% (0.408424)
Epoch 12 completed in 115.44 seconds (1.92 minutes)
>>>>>>>>>>>>>>>>>>>>>>>>>>>>>>>>>>>>>>>>>>>>>>>>>>>>>>>>>>>>>>>>>>>>>>>>>>>>>>>>>>>>>>>>>>>>>>>>>>>>
epoch: 13
Batch 0 completed in 0.83 seconds (0.01 minutes)
loss: 0.254415, val_acc: 45.39% (0.453905), val_f1: 41.19% (0.411874), test_acc: 43.57% (0.435702), test_f1: 39.39% (0.393904)
Batch 60 completed in 0.83 seconds (0.01 minutes)
loss: 0.200933, val_acc: 46.21% (0.462126), val_f1: 40.84% (0.408404), test_acc: 45.98% (0.459777), test_f1: 40.91% (0.409061)
Epoch 13 completed in 115.46 seconds (1.92 minutes)
>>>>>>>>>>>>>>>>>>>>>>>>>>>>>>>>>>>>>>>>>>>>>>>>>>>>>>>>>>>>>>>>>>>>>>>>>>>>>>>>>>>>>>>>>>>>>>>>>>>>
epoch: 14
Batch 0 completed in 0.83 seconds (0.01 minutes)
loss: 0.242324, val_acc: 45.68% (0.456841), val_f1: 41.41% (0.414144), test_acc: 43.86% (0.438638), test_f1: 40.02% (0.400189)
Batch 60 completed in 0.83 seconds (0.01 minutes)
loss: 0.101554, val_acc: 45.68% (0.456841), val_f1: 41.11% (0.411080), test_acc: 44.98% (0.449794), test_f1: 40.62% (0.406198)
Epoch 14 completed in 115.37 seconds (1.92 minutes)
>>>>>>>>>>>>>>>>>>>>>>>>>>>>>>>>>>>>>>>>>>>>>>>>>>>>>>>>>>>>>>>>>>>>>>>>>>>>>>>>>>>>>>>>>>>>>>>>>>>>
epoch: 15
Batch 0 completed in 0.83 seconds (0.01 minutes)
loss: 0.117657, val_acc: 46.04% (0.460364), val_f1: 39.98% (0.399846), test_acc: 44.69% (0.446858), test_f1: 38.84% (0.388419)
Batch 60 completed in 0.83 seconds (0.01 minutes)
loss: 0.090337, val_acc: 46.45% (0.464474), val_f1: 41.24% (0.412353), test_acc: 45.98% (0.459777), test_f1: 40.90% (0.408978)
Epoch 15 completed in 115.62 seconds (1.93 minutes)
>>>>>>>>>>>>>>>>>>>>>>>>>>>>>>>>>>>>>>>>>>>>>>>>>>>>>>>>>>>>>>>>>>>>>>>>>>>>>>>>>>>>>>>>>>>>>>>>>>>>
epoch: 16
Batch 0 completed in 0.83 seconds (0.01 minutes)
loss: 0.170491, val_acc: 45.27% (0.452730), val_f1: 41.40% (0.414036), test_acc: 44.22% (0.442161), test_f1: 40.46% (0.404565)
Batch 60 completed in 0.83 seconds (0.01 minutes)
loss: 0.091839, val_acc: 44.10% (0.440986), val_f1: 38.96% (0.389630), test_acc: 44.86% (0.448620), test_f1: 40.24% (0.402403)
Epoch 16 completed in 115.31 seconds (1.92 minutes)
>>>>>>>>>>>>>>>>>>>>>>>>>>>>>>>>>>>>>>>>>>>>>>>>>>>>>>>>>>>>>>>>>>>>>>>>>>>>>>>>>>>>>>>>>>>>>>>>>>>>
epoch: 17
Batch 0 completed in 0.83 seconds (0.01 minutes)
loss: 0.103075, val_acc: 44.57% (0.445684), val_f1: 41.12% (0.411214), test_acc: 44.16% (0.441574), test_f1: 40.88% (0.408814)
Batch 60 completed in 0.83 seconds (0.01 minutes)
loss: 0.047375, val_acc: 45.63% (0.456254), val_f1: 40.37% (0.403709), test_acc: 44.80% (0.448033), test_f1: 39.68% (0.396788)
Epoch 17 completed in 115.37 seconds (1.92 minutes)
>>>>>>>>>>>>>>>>>>>>>>>>>>>>>>>>>>>>>>>>>>>>>>>>>>>>>>>>>>>>>>>>>>>>>>>>>>>>>>>>>>>>>>>>>>>>>>>>>>>>
epoch: 18
Batch 0 completed in 0.83 seconds (0.01 minutes)
loss: 0.049504, val_acc: 46.80% (0.467998), val_f1: 41.20% (0.411983), test_acc: 46.04% (0.460364), test_f1: 40.33% (0.403292)
Batch 60 completed in 0.83 seconds (0.01 minutes)
loss: 0.120596, val_acc: 46.10% (0.460951), val_f1: 41.53% (0.415294), test_acc: 44.80% (0.448033), test_f1: 40.01% (0.400068)
Epoch 18 completed in 115.52 seconds (1.93 minutes)
>>>>>>>>>>>>>>>>>>>>>>>>>>>>>>>>>>>>>>>>>>>>>>>>>>>>>>>>>>>>>>>>>>>>>>>>>>>>>>>>>>>>>>>>>>>>>>>>>>>>
epoch: 19
Batch 0 completed in 0.83 seconds (0.01 minutes)
loss: 0.113595, val_acc: 46.56% (0.465649), val_f1: 41.43% (0.414269), test_acc: 43.98% (0.439812), test_f1: 39.03% (0.390277)
Batch 60 completed in 0.83 seconds (0.01 minutes)
loss: 0.119526, val_acc: 45.10% (0.450969), val_f1: 41.55% (0.415477), test_acc: 44.22% (0.442161), test_f1: 40.62% (0.406245)
Epoch 19 completed in 115.24 seconds (1.92 minutes)
>>>>>>>>>>>>>>>>>>>>>>>>>>>>>>>>>>>>>>>>>>>>>>>>>>>>>>>>>>>>>>>>>>>>>>>>>>>>>>>>>>>>>>>>>>>>>>>>>>>>
epoch: 20
Batch 0 completed in 0.83 seconds (0.01 minutes)
loss: 0.144804, val_acc: 43.10% (0.431004), val_f1: 39.46% (0.394587), test_acc: 44.27% (0.442748), test_f1: 40.77% (0.407692)
Batch 60 completed in 0.83 seconds (0.01 minutes)
loss: 0.081614, val_acc: 43.63% (0.436289), val_f1: 39.80% (0.397994), test_acc: 43.22% (0.432179), test_f1: 39.78% (0.397766)
Epoch 20 completed in 115.22 seconds (1.92 minutes)
>>>>>>>>>>>>>>>>>>>>>>>>>>>>>>>>>>>>>>>>>>>>>>>>>>>>>>>>>>>>>>>>>>>>>>>>>>>>>>>>>>>>>>>>>>>>>>>>>>>>
epoch: 21
Batch 0 completed in 0.83 seconds (0.01 minutes)
loss: 0.211665, val_acc: 45.33% (0.453318), val_f1: 37.88% (0.378841), test_acc: 46.27% (0.462713), test_f1: 38.53% (0.385308)
Batch 60 completed in 0.83 seconds (0.01 minutes)
loss: 0.176808, val_acc: 44.51% (0.445097), val_f1: 39.54% (0.395381), test_acc: 44.86% (0.448620), test_f1: 40.10% (0.400961)
Epoch 21 completed in 114.49 seconds (1.91 minutes)
>>>>>>>>>>>>>>>>>>>>>>>>>>>>>>>>>>>>>>>>>>>>>>>>>>>>>>>>>>>>>>>>>>>>>>>>>>>>>>>>>>>>>>>>>>>>>>>>>>>>
epoch: 22
Batch 0 completed in 0.83 seconds (0.01 minutes)
loss: 0.160844, val_acc: 45.16% (0.451556), val_f1: 40.64% (0.406379), test_acc: 43.75% (0.437463), test_f1: 39.37% (0.393672)
Batch 60 completed in 0.83 seconds (0.01 minutes)
loss: 0.181917, val_acc: 46.21% (0.462126), val_f1: 39.96% (0.399599), test_acc: 45.98% (0.459777), test_f1: 40.25% (0.402535)
Epoch 22 completed in 115.55 seconds (1.93 minutes)
>>>>>>>>>>>>>>>>>>>>>>>>>>>>>>>>>>>>>>>>>>>>>>>>>>>>>>>>>>>>>>>>>>>>>>>>>>>>>>>>>>>>>>>>>>>>>>>>>>>>
epoch: 23
Batch 0 completed in 0.83 seconds (0.01 minutes)
loss: 0.249819, val_acc: 45.86% (0.458602), val_f1: 41.06% (0.410593), test_acc: 43.39% (0.433940), test_f1: 38.84% (0.388368)
Batch 60 completed in 0.83 seconds (0.01 minutes)
loss: 0.100327, val_acc: 44.63% (0.446271), val_f1: 38.27% (0.382672), test_acc: 45.16% (0.451556), test_f1: 39.28% (0.392756)
Epoch 23 completed in 115.29 seconds (1.92 minutes)
>>>>>>>>>>>>>>>>>>>>>>>>>>>>>>>>>>>>>>>>>>>>>>>>>>>>>>>>>>>>>>>>>>>>>>>>>>>>>>>>>>>>>>>>>>>>>>>>>>>>
epoch: 24
[DEBUG] Sample predictions in evaluate:  tensor([2, 2, 2, 2, 1, 2, 2, 2, 1, 1], device='cuda:0')
Batch 0 completed in 0.83 seconds (0.01 minutes)
loss: 0.125416, val_acc: 44.86% (0.448620), val_f1: 39.71% (0.397076), test_acc: 44.10% (0.440986), test_f1: 39.78% (0.397841)
Batch 60 completed in 0.83 seconds (0.01 minutes)
loss: 0.203230, val_acc: 44.63% (0.446271), val_f1: 39.86% (0.398567), test_acc: 43.51% (0.435115), test_f1: 39.47% (0.394699)
Epoch 24 completed in 115.33 seconds (1.92 minutes)
RESULT: Max Val F1: 0.432022, Max Test F1: 0.422531
Training complete. Generating confusion matrix on the test set.
Confusion matrix saved to /home/rgg2706/Multimodal-Sentiment-Analysis/Logs/SIMPLE-F3/2025-02-16/sub-1/007_Feb-16-2025_02:31_PM/confusion_matrix.png
Reading TensorBoard loss at each epoch:
Available tags: {'images': [], 'audio': [], 'histograms': [], 'scalars': ['Loss/train_batch', 'Loss/val_log_step', 'Loss/train_epoch', 'Loss/val_epoch'], 'distributions': [], 'tensors': [], 'graph': False, 'meta_graph': False, 'run_metadata': []}
Output File: /home/rgg2706/Multimodal-Sentiment-Analysis/Logs/SIMPLE-F3/2025-02-16/sub-1/007_Feb-16-2025_02:31_PM/trainval_loss_curves.png
Training and validation loss curves saved to /home/rgg2706/Multimodal-Sentiment-Analysis/Logs/SIMPLE-F3/2025-02-16/sub-1/007_Feb-16-2025_02:31_PM/trainval_loss_curves.png
Total Completion Time: 49.59 minutes. (0.83 hours) 
