SLURM Job ID: 20077748
The first version with resnset
Model: MOASC4
Dataset: MOA-MVSA-single
directory /home/rgg2706/Multimodal-Sentiment-Analysis/Datasets/MOA-MVSA-single exists
directory /home/rgg2706/Multimodal-Sentiment-Analysis/Datasets/MOA-MVSA-multiple exists
directory /home/rgg2706/Multimodal-Sentiment-Analysis/Models/MOASC4/SaveFiles/SentimentClassifier exists
45
Loading dataset from: /home/rgg2706/Multimodal-Sentiment-Analysis/Datasets/MOA-MVSA-single
/home/rgg2706/Multimodal-Sentiment-Analysis/Datasets/MOA-MVSA-single/text
/home/rgg2706/Multimodal-Sentiment-Analysis/Datasets/MOA-MVSA-single/image
[DEBUG] Now in dataset directory for labels: /home/rgg2706/Multimodal-Sentiment-Analysis/Datasets/MOA-MVSA-single
[DEBUG] About to read labels from: /home/rgg2706/Multimodal-Sentiment-Analysis/Datasets/MOA-MVSA-single/labels.csv
Dataset directory is: /home/rgg2706/Multimodal-Sentiment-Analysis/Datasets/MOA-MVSA-single
Files in dataset directory: ['labels.csv', 'text', 'image']
   ID  text  image
0   1     2      1
1   2     2      1
2   3     2      1
3   4     1      1
4   5     1      1
5   6     1      1
6   7     1      1
7   8     2      1
8   9     1      1
9  10     0      0

[DEBUG] First 5 training texts:
    ID: 1 | Overall sentiment: 1 | Text: how  i feel today legday jelly aching gym 
    ID: 2 | Overall sentiment: 1 | Text: grattis min griskulting!!?? va bara tvungen oki s? sch ? ingenkommerattrodig pig happybday wow lovely cut 
    ID: 3 | Overall sentiment: 1 | Text:  polynminion  the moment  i found my favourite tv character. profoundlove 
    ID: 4 | Overall sentiment: 1 | Text: esco  we have a young and energetic team and we pride ourselves on offering the highes hoer 
    ID: 5 | Overall sentiment: 1 | Text:  chrisashaffer  went to  ssc today to be a movie star to rep for the  deaf and got to meet an energetic great guy  mark  white! 
Train samples: 3653
Validation samples: 406
Test samples: 452
Total samples: 4511
Train label distribution: Negative=1113, Positive=2161, Neutral=379
Val   label distribution: Negative=113, Positive=249, Neutral=44
Test  label distribution: Negative=132, Positive=273, Neutral=47
Overall label distribution: Negative=1358, Positive=2683, Neutral=470
    Iteration 20 of epoch 1 completed. Loss : 1.0994906425476074 Accuracy : 37.50
    Iteration 40 of epoch 1 completed. Loss : 1.093579888343811 Accuracy : 46.88
    Iteration 60 of epoch 1 completed. Loss : 1.10589599609375 Accuracy : 59.38
    Iteration 80 of epoch 1 completed. Loss : 1.1062678098678589 Accuracy : 53.12
    Iteration 100 of epoch 1 completed. Loss : 1.0989391803741455 Accuracy : 62.50
Best validation accuracy improved from 0.0 to 0.6724213286713288
Epoch 1 completed. Test dataset:
	 Loss: 1.0554
	 Accuracy : 67.71
	 Average recall: 0.4266
	 F1_PN: 0.6039
	 Macro-F1: 0.4026
	 Weighted-F1: 0.6229

Best test accuracy improved from 0.0 to 0.6770833333333334, saving model...
    Iteration 20 of epoch 2 completed. Loss : 1.0753421783447266 Accuracy : 59.38
    Iteration 40 of epoch 2 completed. Loss : 0.9576923847198486 Accuracy : 71.88
    Iteration 60 of epoch 2 completed. Loss : 1.0905652046203613 Accuracy : 56.25
    Iteration 80 of epoch 2 completed. Loss : 1.0469703674316406 Accuracy : 59.38
    Iteration 100 of epoch 2 completed. Loss : 1.046750783920288 Accuracy : 71.88
Epoch 2 completed. Test dataset:
	 Loss: 0.8781
	 Accuracy : 67.29
	 Average recall: 0.5402
	 F1_PN: 0.6778
	 Macro-F1: 0.5022
	 Weighted-F1: 0.6758

    Iteration 20 of epoch 3 completed. Loss : 0.9690327644348145 Accuracy : 59.38
    Iteration 40 of epoch 3 completed. Loss : 0.6658356189727783 Accuracy : 87.50
    Iteration 60 of epoch 3 completed. Loss : 1.0103567838668823 Accuracy : 71.88
    Iteration 80 of epoch 3 completed. Loss : 0.8402915000915527 Accuracy : 81.25
    Iteration 100 of epoch 3 completed. Loss : 0.8452298641204834 Accuracy : 78.12
Epoch 3 completed. Test dataset:
	 Loss: 0.8913
	 Accuracy : 65.00
	 Average recall: 0.5220
	 F1_PN: 0.6541
	 Macro-F1: 0.4979
	 Weighted-F1: 0.6631

    Iteration 20 of epoch 4 completed. Loss : 0.8755378723144531 Accuracy : 75.00
    Iteration 40 of epoch 4 completed. Loss : 0.56879061460495 Accuracy : 96.88
    Iteration 60 of epoch 4 completed. Loss : 0.8264790177345276 Accuracy : 81.25
    Iteration 80 of epoch 4 completed. Loss : 0.7726866602897644 Accuracy : 62.50
    Iteration 100 of epoch 4 completed. Loss : 0.6284773945808411 Accuracy : 96.88
Epoch 4 completed. Test dataset:
	 Loss: 0.8512
	 Accuracy : 70.00
	 Average recall: 0.5195
	 F1_PN: 0.6840
	 Macro-F1: 0.4949
	 Weighted-F1: 0.6849

Best test accuracy improved from 0.6770833333333334 to 0.7, saving model...
    Iteration 20 of epoch 5 completed. Loss : 0.7388578653335571 Accuracy : 81.25
    Iteration 40 of epoch 5 completed. Loss : 0.5764061808586121 Accuracy : 96.88
    Iteration 60 of epoch 5 completed. Loss : 0.7227946519851685 Accuracy : 87.50
    Iteration 80 of epoch 5 completed. Loss : 0.6616917848587036 Accuracy : 81.25
    Iteration 100 of epoch 5 completed. Loss : 0.6853036880493164 Accuracy : 87.50
Best validation accuracy improved from 0.6724213286713288 to 0.6916520979020979
Epoch 5 completed. Test dataset:
	 Loss: 0.8518
	 Accuracy : 68.54
	 Average recall: 0.4911
	 F1_PN: 0.6689
	 Macro-F1: 0.4589
	 Weighted-F1: 0.6606

    Iteration 20 of epoch 6 completed. Loss : 0.7632110118865967 Accuracy : 81.25
    Iteration 40 of epoch 6 completed. Loss : 0.6205998063087463 Accuracy : 93.75
    Iteration 60 of epoch 6 completed. Loss : 0.6359661221504211 Accuracy : 90.62
    Iteration 80 of epoch 6 completed. Loss : 0.6328819990158081 Accuracy : 87.50
    Iteration 100 of epoch 6 completed. Loss : 0.6504430770874023 Accuracy : 90.62
Best validation accuracy improved from 0.6916520979020979 to 0.6964597902097902
Epoch 6 completed. Test dataset:
	 Loss: 0.8403
	 Accuracy : 70.42
	 Average recall: 0.5095
	 F1_PN: 0.7001
	 Macro-F1: 0.4780
	 Weighted-F1: 0.6816

Best test accuracy improved from 0.7 to 0.7041666666666667, saving model...
    Iteration 20 of epoch 7 completed. Loss : 0.7536734342575073 Accuracy : 84.38
    Iteration 40 of epoch 7 completed. Loss : 0.6126486659049988 Accuracy : 93.75
    Iteration 60 of epoch 7 completed. Loss : 0.6328753232955933 Accuracy : 90.62
    Iteration 80 of epoch 7 completed. Loss : 0.6094406843185425 Accuracy : 93.75
    Iteration 100 of epoch 7 completed. Loss : 0.6564944982528687 Accuracy : 84.38
Epoch 7 completed. Test dataset:
	 Loss: 0.8375
	 Accuracy : 70.42
	 Average recall: 0.4976
	 F1_PN: 0.6862
	 Macro-F1: 0.4793
	 Weighted-F1: 0.6782

    Iteration 20 of epoch 8 completed. Loss : 0.7339621782302856 Accuracy : 84.38
    Iteration 40 of epoch 8 completed. Loss : 0.5847411155700684 Accuracy : 96.88
    Iteration 60 of epoch 8 completed. Loss : 0.6287496089935303 Accuracy : 90.62
    Iteration 80 of epoch 8 completed. Loss : 0.6258276104927063 Accuracy : 90.62
    Iteration 100 of epoch 8 completed. Loss : 0.63523268699646 Accuracy : 90.62
Epoch 8 completed. Test dataset:
	 Loss: 0.8587
	 Accuracy : 68.12
	 Average recall: 0.4942
	 F1_PN: 0.6767
	 Macro-F1: 0.4708
	 Weighted-F1: 0.6665

    Iteration 20 of epoch 9 completed. Loss : 0.7178263068199158 Accuracy : 87.50
    Iteration 40 of epoch 9 completed. Loss : 0.5528714060783386 Accuracy : 100.00
    Iteration 60 of epoch 9 completed. Loss : 0.6280301809310913 Accuracy : 90.62
    Iteration 80 of epoch 9 completed. Loss : 0.5942664742469788 Accuracy : 93.75
    Iteration 100 of epoch 9 completed. Loss : 0.6419320702552795 Accuracy : 93.75
Epoch 9 completed. Test dataset:
	 Loss: 0.8697
	 Accuracy : 67.08
	 Average recall: 0.4889
	 F1_PN: 0.6672
	 Macro-F1: 0.4645
	 Weighted-F1: 0.6575

    Iteration 20 of epoch 10 completed. Loss : 0.7199686765670776 Accuracy : 84.38
    Iteration 40 of epoch 10 completed. Loss : 0.5519083142280579 Accuracy : 100.00
    Iteration 60 of epoch 10 completed. Loss : 0.6249441504478455 Accuracy : 93.75
    Iteration 80 of epoch 10 completed. Loss : 0.590431809425354 Accuracy : 93.75
    Iteration 100 of epoch 10 completed. Loss : 0.6308436393737793 Accuracy : 90.62
Epoch 10 completed. Test dataset:
	 Loss: 0.8625
	 Accuracy : 67.29
	 Average recall: 0.4856
	 F1_PN: 0.6665
	 Macro-F1: 0.4640
	 Weighted-F1: 0.6581

    Iteration 20 of epoch 11 completed. Loss : 0.7290012240409851 Accuracy : 84.38
    Iteration 40 of epoch 11 completed. Loss : 0.5524633526802063 Accuracy : 100.00
    Iteration 60 of epoch 11 completed. Loss : 0.6295130252838135 Accuracy : 93.75
    Iteration 80 of epoch 11 completed. Loss : 0.5835499167442322 Accuracy : 96.88
    Iteration 100 of epoch 11 completed. Loss : 0.6313247680664062 Accuracy : 90.62
Epoch 11 completed. Test dataset:
	 Loss: 0.8578
	 Accuracy : 67.92
	 Average recall: 0.4884
	 F1_PN: 0.6720
	 Macro-F1: 0.4677
	 Weighted-F1: 0.6625

    Iteration 20 of epoch 12 completed. Loss : 0.7084905505180359 Accuracy : 87.50
    Iteration 40 of epoch 12 completed. Loss : 0.5519338250160217 Accuracy : 100.00
    Iteration 60 of epoch 12 completed. Loss : 0.6241678595542908 Accuracy : 93.75
    Iteration 80 of epoch 12 completed. Loss : 0.5868333578109741 Accuracy : 96.88
    Iteration 100 of epoch 12 completed. Loss : 0.6261166334152222 Accuracy : 90.62
Epoch 12 completed. Test dataset:
	 Loss: 0.8575
	 Accuracy : 68.12
	 Average recall: 0.4912
	 F1_PN: 0.6749
	 Macro-F1: 0.4696
	 Weighted-F1: 0.6645

    Iteration 20 of epoch 13 completed. Loss : 0.70780348777771 Accuracy : 87.50
    Iteration 40 of epoch 13 completed. Loss : 0.5520080327987671 Accuracy : 100.00
    Iteration 60 of epoch 13 completed. Loss : 0.6241461038589478 Accuracy : 93.75
    Iteration 80 of epoch 13 completed. Loss : 0.5893946290016174 Accuracy : 96.88
    Iteration 100 of epoch 13 completed. Loss : 0.6207411289215088 Accuracy : 93.75
Epoch 13 completed. Test dataset:
	 Loss: 0.8573
	 Accuracy : 68.12
	 Average recall: 0.4912
	 F1_PN: 0.6749
	 Macro-F1: 0.4696
	 Weighted-F1: 0.6645

    Iteration 20 of epoch 14 completed. Loss : 0.7236250638961792 Accuracy : 84.38
    Iteration 40 of epoch 14 completed. Loss : 0.5530447363853455 Accuracy : 100.00
    Iteration 60 of epoch 14 completed. Loss : 0.6234675049781799 Accuracy : 93.75
    Iteration 80 of epoch 14 completed. Loss : 0.6093994379043579 Accuracy : 93.75
    Iteration 100 of epoch 14 completed. Loss : 0.6286119222640991 Accuracy : 90.62
Epoch 14 completed. Test dataset:
	 Loss: 0.8573
	 Accuracy : 68.12
	 Average recall: 0.4912
	 F1_PN: 0.6749
	 Macro-F1: 0.4696
	 Weighted-F1: 0.6645

    Iteration 20 of epoch 15 completed. Loss : 0.7175838947296143 Accuracy : 84.38
    Iteration 40 of epoch 15 completed. Loss : 0.5518884062767029 Accuracy : 100.00
    Iteration 60 of epoch 15 completed. Loss : 0.6193183064460754 Accuracy : 93.75
    Iteration 80 of epoch 15 completed. Loss : 0.5878943800926208 Accuracy : 96.88
    Iteration 100 of epoch 15 completed. Loss : 0.6252996921539307 Accuracy : 90.62
Epoch 15 completed. Test dataset:
	 Loss: 0.8573
	 Accuracy : 68.12
	 Average recall: 0.4912
	 F1_PN: 0.6749
	 Macro-F1: 0.4696
	 Weighted-F1: 0.6645

Train/val/test loss curve saved to /home/rgg2706/Multimodal-Sentiment-Analysis/Logs/MOASC4/2025-03-20/sub-5/035_Mar-20-2025_08:34_PM/train_val_test_loss_curve.png
Confusion matrix saved to /home/rgg2706/Multimodal-Sentiment-Analysis/Logs/MOASC4/2025-03-20/sub-5/035_Mar-20-2025_08:34_PM/confusion_matrix.png
