SLURM Job ID: 20077693
The first version with resnset
Model: MOASC4
Dataset: MOA-MVSA-single
directory /home/rgg2706/Multimodal-Sentiment-Analysis/Datasets/MOA-MVSA-single exists
directory /home/rgg2706/Multimodal-Sentiment-Analysis/Datasets/MOA-MVSA-multiple exists
directory /home/rgg2706/Multimodal-Sentiment-Analysis/Models/MOASC4/SaveFiles/SentimentClassifier exists
6
Loading dataset from: /home/rgg2706/Multimodal-Sentiment-Analysis/Datasets/MOA-MVSA-single
/home/rgg2706/Multimodal-Sentiment-Analysis/Datasets/MOA-MVSA-single/text
/home/rgg2706/Multimodal-Sentiment-Analysis/Datasets/MOA-MVSA-single/image
[DEBUG] Now in dataset directory for labels: /home/rgg2706/Multimodal-Sentiment-Analysis/Datasets/MOA-MVSA-single
[DEBUG] About to read labels from: /home/rgg2706/Multimodal-Sentiment-Analysis/Datasets/MOA-MVSA-single/labels.csv
Dataset directory is: /home/rgg2706/Multimodal-Sentiment-Analysis/Datasets/MOA-MVSA-single
Files in dataset directory: ['labels.csv', 'text', 'image']
   ID  text  image
0   1     2      1
1   2     2      1
2   3     2      1
3   4     1      1
4   5     1      1
5   6     1      1
6   7     1      1
7   8     2      1
8   9     1      1
9  10     0      0

[DEBUG] First 5 training texts:
    ID: 1 | Overall sentiment: 1 | Text: how  i feel today legday jelly aching gym 
    ID: 2 | Overall sentiment: 1 | Text: grattis min griskulting!!?? va bara tvungen oki s? sch ? ingenkommerattrodig pig happybday wow lovely cut 
    ID: 3 | Overall sentiment: 1 | Text:  polynminion  the moment  i found my favourite tv character. profoundlove 
    ID: 4 | Overall sentiment: 1 | Text: esco  we have a young and energetic team and we pride ourselves on offering the highes hoer 
    ID: 5 | Overall sentiment: 1 | Text:  chrisashaffer  went to  ssc today to be a movie star to rep for the  deaf and got to meet an energetic great guy  mark  white! 
Train samples: 3653
Validation samples: 406
Test samples: 452
Total samples: 4511
Train label distribution: Negative=1095, Positive=2169, Neutral=389
Val   label distribution: Negative=120, Positive=249, Neutral=37
Test  label distribution: Negative=143, Positive=265, Neutral=44
Overall label distribution: Negative=1358, Positive=2683, Neutral=470
    Iteration 20 of epoch 1 completed. Loss : 1.1018131971359253 Accuracy : 53.12
    Iteration 40 of epoch 1 completed. Loss : 1.0980656147003174 Accuracy : 40.62
    Iteration 60 of epoch 1 completed. Loss : 1.0988208055496216 Accuracy : 37.50
    Iteration 80 of epoch 1 completed. Loss : 1.1121015548706055 Accuracy : 43.75
    Iteration 100 of epoch 1 completed. Loss : 1.0965189933776855 Accuracy : 68.75
Best validation accuracy improved from 0.0 to 0.6905594405594405
Epoch 1 completed. Test dataset:
	 Loss: 1.0181
	 Accuracy : 61.88
	 Average recall: 0.3940
	 F1_PN: 0.5434
	 Macro-F1: 0.3622
	 Weighted-F1: 0.5496

Best test accuracy improved from 0.0 to 0.61875, saving model...
    Iteration 20 of epoch 2 completed. Loss : 1.0404924154281616 Accuracy : 65.62
    Iteration 40 of epoch 2 completed. Loss : 0.9033882021903992 Accuracy : 87.50
    Iteration 60 of epoch 2 completed. Loss : 0.939425528049469 Accuracy : 65.62
    Iteration 80 of epoch 2 completed. Loss : 1.1311709880828857 Accuracy : 59.38
    Iteration 100 of epoch 2 completed. Loss : 0.9923242926597595 Accuracy : 84.38
Epoch 2 completed. Test dataset:
	 Loss: 1.0454
	 Accuracy : 48.75
	 Average recall: 0.4283
	 F1_PN: 0.4936
	 Macro-F1: 0.3706
	 Weighted-F1: 0.4706

    Iteration 20 of epoch 3 completed. Loss : 0.8206233382225037 Accuracy : 81.25
    Iteration 40 of epoch 3 completed. Loss : 0.6962555646896362 Accuracy : 96.88
    Iteration 60 of epoch 3 completed. Loss : 0.7634167075157166 Accuracy : 81.25
    Iteration 80 of epoch 3 completed. Loss : 1.0885857343673706 Accuracy : 75.00
    Iteration 100 of epoch 3 completed. Loss : 0.8432179093360901 Accuracy : 78.12
Epoch 3 completed. Test dataset:
	 Loss: 0.9558
	 Accuracy : 56.67
	 Average recall: 0.4743
	 F1_PN: 0.5786
	 Macro-F1: 0.4576
	 Weighted-F1: 0.5873

    Iteration 20 of epoch 4 completed. Loss : 0.7290836572647095 Accuracy : 81.25
    Iteration 40 of epoch 4 completed. Loss : 0.6542583107948303 Accuracy : 90.62
    Iteration 60 of epoch 4 completed. Loss : 0.7642232179641724 Accuracy : 75.00
    Iteration 80 of epoch 4 completed. Loss : 0.8775606155395508 Accuracy : 75.00
    Iteration 100 of epoch 4 completed. Loss : 0.6764554977416992 Accuracy : 90.62
Epoch 4 completed. Test dataset:
	 Loss: 0.9067
	 Accuracy : 62.92
	 Average recall: 0.4946
	 F1_PN: 0.6251
	 Macro-F1: 0.4817
	 Weighted-F1: 0.6249

Best test accuracy improved from 0.61875 to 0.6291666666666667, saving model...
    Iteration 20 of epoch 5 completed. Loss : 0.7511102557182312 Accuracy : 81.25
    Iteration 40 of epoch 5 completed. Loss : 0.638176679611206 Accuracy : 96.88
    Iteration 60 of epoch 5 completed. Loss : 0.6997841596603394 Accuracy : 81.25
    Iteration 80 of epoch 5 completed. Loss : 0.8078354001045227 Accuracy : 75.00
    Iteration 100 of epoch 5 completed. Loss : 0.646668016910553 Accuracy : 93.75
Epoch 5 completed. Test dataset:
	 Loss: 0.8712
	 Accuracy : 67.08
	 Average recall: 0.5305
	 F1_PN: 0.6663
	 Macro-F1: 0.5137
	 Weighted-F1: 0.6687

Best test accuracy improved from 0.6291666666666667 to 0.6708333333333333, saving model...
    Iteration 20 of epoch 6 completed. Loss : 0.6876886487007141 Accuracy : 90.62
    Iteration 40 of epoch 6 completed. Loss : 0.7181129455566406 Accuracy : 93.75
    Iteration 60 of epoch 6 completed. Loss : 0.6078965067863464 Accuracy : 93.75
    Iteration 80 of epoch 6 completed. Loss : 0.6070714592933655 Accuracy : 87.50
    Iteration 100 of epoch 6 completed. Loss : 0.6320564150810242 Accuracy : 93.75
Epoch 6 completed. Test dataset:
	 Loss: 0.8795
	 Accuracy : 65.62
	 Average recall: 0.5105
	 F1_PN: 0.6636
	 Macro-F1: 0.4946
	 Weighted-F1: 0.6557

    Iteration 20 of epoch 7 completed. Loss : 0.6772563457489014 Accuracy : 93.75
    Iteration 40 of epoch 7 completed. Loss : 0.6606011390686035 Accuracy : 96.88
    Iteration 60 of epoch 7 completed. Loss : 0.6096497178077698 Accuracy : 93.75
    Iteration 80 of epoch 7 completed. Loss : 0.5819096565246582 Accuracy : 93.75
    Iteration 100 of epoch 7 completed. Loss : 0.6312237977981567 Accuracy : 93.75
Epoch 7 completed. Test dataset:
	 Loss: 0.8595
	 Accuracy : 68.54
	 Average recall: 0.5237
	 F1_PN: 0.6877
	 Macro-F1: 0.5107
	 Weighted-F1: 0.6780

Best test accuracy improved from 0.6708333333333333 to 0.6854166666666667, saving model...
    Iteration 20 of epoch 8 completed. Loss : 0.6667226552963257 Accuracy : 96.88
    Iteration 40 of epoch 8 completed. Loss : 0.6406713724136353 Accuracy : 93.75
    Iteration 60 of epoch 8 completed. Loss : 0.5945122241973877 Accuracy : 93.75
    Iteration 80 of epoch 8 completed. Loss : 0.5771940350532532 Accuracy : 93.75
    Iteration 100 of epoch 8 completed. Loss : 0.6427047848701477 Accuracy : 90.62
Epoch 8 completed. Test dataset:
	 Loss: 0.8671
	 Accuracy : 67.29
	 Average recall: 0.5021
	 F1_PN: 0.6700
	 Macro-F1: 0.4922
	 Weighted-F1: 0.6621

    Iteration 20 of epoch 9 completed. Loss : 0.6602654457092285 Accuracy : 96.88
    Iteration 40 of epoch 9 completed. Loss : 0.620529294013977 Accuracy : 96.88
    Iteration 60 of epoch 9 completed. Loss : 0.5770013928413391 Accuracy : 96.88
    Iteration 80 of epoch 9 completed. Loss : 0.5518304705619812 Accuracy : 100.00
    Iteration 100 of epoch 9 completed. Loss : 0.6629683971405029 Accuracy : 90.62
Best validation accuracy improved from 0.6905594405594405 to 0.7049825174825174
Epoch 9 completed. Test dataset:
	 Loss: 0.8610
	 Accuracy : 68.96
	 Average recall: 0.4906
	 F1_PN: 0.6753
	 Macro-F1: 0.4806
	 Weighted-F1: 0.6676

Best test accuracy improved from 0.6854166666666667 to 0.6895833333333333, saving model...
    Iteration 20 of epoch 10 completed. Loss : 0.6631641387939453 Accuracy : 96.88
    Iteration 40 of epoch 10 completed. Loss : 0.5750636458396912 Accuracy : 100.00
    Iteration 60 of epoch 10 completed. Loss : 0.5833482146263123 Accuracy : 96.88
    Iteration 80 of epoch 10 completed. Loss : 0.551834762096405 Accuracy : 100.00
    Iteration 100 of epoch 10 completed. Loss : 0.6319373250007629 Accuracy : 93.75
Epoch 10 completed. Test dataset:
	 Loss: 0.8652
	 Accuracy : 68.33
	 Average recall: 0.5074
	 F1_PN: 0.6694
	 Macro-F1: 0.4976
	 Weighted-F1: 0.6682

    Iteration 20 of epoch 11 completed. Loss : 0.6634060144424438 Accuracy : 96.88
    Iteration 40 of epoch 11 completed. Loss : 0.5673085451126099 Accuracy : 100.00
    Iteration 60 of epoch 11 completed. Loss : 0.5851305723190308 Accuracy : 96.88
    Iteration 80 of epoch 11 completed. Loss : 0.5657389760017395 Accuracy : 96.88
    Iteration 100 of epoch 11 completed. Loss : 0.6049210429191589 Accuracy : 96.88
Epoch 11 completed. Test dataset:
	 Loss: 0.8741
	 Accuracy : 66.88
	 Average recall: 0.4948
	 F1_PN: 0.6602
	 Macro-F1: 0.4804
	 Weighted-F1: 0.6541

    Iteration 20 of epoch 12 completed. Loss : 0.6625856161117554 Accuracy : 96.88
    Iteration 40 of epoch 12 completed. Loss : 0.5515740513801575 Accuracy : 100.00
    Iteration 60 of epoch 12 completed. Loss : 0.5801866054534912 Accuracy : 96.88
    Iteration 80 of epoch 12 completed. Loss : 0.5517788529396057 Accuracy : 100.00
    Iteration 100 of epoch 12 completed. Loss : 0.5934081673622131 Accuracy : 96.88
Epoch 12 completed. Test dataset:
	 Loss: 0.8651
	 Accuracy : 67.92
	 Average recall: 0.4939
	 F1_PN: 0.6652
	 Macro-F1: 0.4854
	 Weighted-F1: 0.6627

    Iteration 20 of epoch 13 completed. Loss : 0.6626020669937134 Accuracy : 96.88
    Iteration 40 of epoch 13 completed. Loss : 0.5515144467353821 Accuracy : 100.00
    Iteration 60 of epoch 13 completed. Loss : 0.5761119723320007 Accuracy : 96.88
    Iteration 80 of epoch 13 completed. Loss : 0.5515815615653992 Accuracy : 100.00
    Iteration 100 of epoch 13 completed. Loss : 0.593614399433136 Accuracy : 96.88
Epoch 13 completed. Test dataset:
	 Loss: 0.8664
	 Accuracy : 67.71
	 Average recall: 0.4974
	 F1_PN: 0.6612
	 Macro-F1: 0.4904
	 Weighted-F1: 0.6628

    Iteration 20 of epoch 14 completed. Loss : 0.662606954574585 Accuracy : 96.88
    Iteration 40 of epoch 14 completed. Loss : 0.5515076518058777 Accuracy : 100.00
    Iteration 60 of epoch 14 completed. Loss : 0.5758782029151917 Accuracy : 96.88
    Iteration 80 of epoch 14 completed. Loss : 0.5515676140785217 Accuracy : 100.00
    Iteration 100 of epoch 14 completed. Loss : 0.5929900407791138 Accuracy : 96.88
Epoch 14 completed. Test dataset:
	 Loss: 0.8659
	 Accuracy : 67.92
	 Average recall: 0.4985
	 F1_PN: 0.6633
	 Macro-F1: 0.4917
	 Weighted-F1: 0.6647

    Iteration 20 of epoch 15 completed. Loss : 0.6625761985778809 Accuracy : 96.88
    Iteration 40 of epoch 15 completed. Loss : 0.5515351891517639 Accuracy : 100.00
    Iteration 60 of epoch 15 completed. Loss : 0.5757523775100708 Accuracy : 96.88
    Iteration 80 of epoch 15 completed. Loss : 0.5516586899757385 Accuracy : 100.00
    Iteration 100 of epoch 15 completed. Loss : 0.5932655930519104 Accuracy : 96.88
Epoch 15 completed. Test dataset:
	 Loss: 0.8657
	 Accuracy : 67.92
	 Average recall: 0.4985
	 F1_PN: 0.6633
	 Macro-F1: 0.4917
	 Weighted-F1: 0.6647

Train/val/test loss curve saved to /home/rgg2706/Multimodal-Sentiment-Analysis/Logs/MOASC4/2025-03-20/sub-4/006_Mar-20-2025_08:12_PM/train_val_test_loss_curve.png
Confusion matrix saved to /home/rgg2706/Multimodal-Sentiment-Analysis/Logs/MOASC4/2025-03-20/sub-4/006_Mar-20-2025_08:12_PM/confusion_matrix.png
