SLURM Job ID: 19848069
Number of GPUs available: 1
Python PATH: ['/home/rgg2706/Multimodal-Sentiment-Analysis/Models/SIMPLE-T/src', '/home/rgg2706/Multimodal-Sentiment-Analysis', '/Models/SIMPLE-T/src', '/.autofs/tools/spack/var/spack/environments/default-nlp-x86_64-24072401/.spack-env/._view/wtxwc3mlkmzy7fbaxlum2674jarpitc2/lib/python311.zip', '/.autofs/tools/spack/var/spack/environments/default-nlp-x86_64-24072401/.spack-env/._view/wtxwc3mlkmzy7fbaxlum2674jarpitc2/lib/python3.11', '/.autofs/tools/spack/var/spack/environments/default-nlp-x86_64-24072401/.spack-env/._view/wtxwc3mlkmzy7fbaxlum2674jarpitc2/lib/python3.11/lib-dynload', '/.autofs/tools/spack/var/spack/environments/default-nlp-x86_64-24072401/.spack-env/._view/wtxwc3mlkmzy7fbaxlum2674jarpitc2/lib/python3.11/site-packages']
Logs directory: /home/rgg2706/Multimodal-Sentiment-Analysis/Logs/SIMPLE-T/2025-02-12/sub-1/002_Feb-12-2025_12:05_PM
> training arguments:
>>> rand_seed: 8
>>> model_fusion: simpletext
>>> dataset: mvsa-mts-v3
>>> optimizer: <class 'torch.optim.adam.Adam'>
>>> initializer: <function xavier_uniform_ at 0x7f03be681440>
>>> learning_rate: 0.0001
>>> dropout_rate: 0.5
>>> weight_decay: 0.0
>>> num_layers: 3
>>> num_epoch: 100
>>> batch_size: 64
>>> log_step: 60
>>> max_seq_len: 20
>>> polarities_dim: 3
>>> clip_grad: 5.0
>>> path_image: ./images
>>> crop_size: 224
>>> n_head: 4
>>> hidden_dim: 256
>>> num_classes: 3
>>> log_dir: /home/rgg2706/Multimodal-Sentiment-Analysis/Logs/SIMPLE-T/2025-02-12/sub-1/002_Feb-12-2025_12:05_PM
>>> counter: 0
>>> model_class: <class 'models.simpletext.SimpleText'>
Loading dataset 'mvsa-mts-v3':
  Train path: Datasets/MVSA-MTS/mvsa-mts-v3/train.tsv
	Validation path: Datasets/MVSA-MTS/mvsa-mts-v3/val.tsv
  Test path: Datasets//MVSA-MTS/mvsa-mts-v3/test.tsv
loading word vectors...
building embedding_matrix: 200_glove_embedding_matrix.dat
-------------- Loading Datasets/MVSA-MTS/mvsa-mts-v3/train.tsv ---------------
[DEBUG] index: 706
[DEBUG] raw_text: PC Party, #Youth, #Education,Opportunity,#RenewableResources, Proudly #Canada's PCs #elxn42 http://t.co/NSwTddCHS8
[DEBUG] processed_str: pc party opportunity proudly pcs
[DEBUG] text_indices: [2 3 4 5 6 0 0 0 0 0 0 0 0 0 0 0 0 0 0 0]
[DEBUG] polarity: 2
[DEBUG] index: 2699
[DEBUG] raw_text: Running through the 6 wit my woes #ComeTogether #BlueJays #inthe6
[DEBUG] processed_str: running through the wit my woes
[DEBUG] text_indices: [ 7  8  9 10 11 12  0  0  0  0  0  0  0  0  0  0  0  0  0  0]
[DEBUG] polarity: 1
[DEBUG] index: 15657
[DEBUG] raw_text: #TruckTuesday | | support@innovativeautoworx.com | 403.242.2767 | #Trucks #YYC #Calgary | http://t.co/ruwEqCd3LT
[DEBUG] processed_str: support
[DEBUG] text_indices: [13  0  0  0  0  0  0  0  0  0  0  0  0  0  0  0  0  0  0  0]
[DEBUG] polarity: 0
[DEBUG] index: 13219
[DEBUG] raw_text: I dont even care how ridiculous this looks #OTRAToronto is officially tomorrow and I am more than ready @onedirection
[DEBUG] processed_str: i dont even care how ridiculous this looks is officially tomorrow and i am more than ready onedirection
[DEBUG] text_indices: [14 15 16 17 18 19 20 21 22 23 24 25 14 26 27 28 29 30  0  0]
[DEBUG] polarity: 0
Time taken to load Datasets/MVSA-MTS/mvsa-mts-v3/train.tsv: 2.68 seconds(0.04 minutes)
Train classes: [0, 1, 2], count=3
[DEBUG] Train label distribution:
{0: 3522, 1: 3468, 2: 6631}
-------------- Loading Datasets/MVSA-MTS/mvsa-mts-v3/val.tsv ---------------
[DEBUG] index: 18681
[DEBUG] raw_text: ***Steven thinking about the life he just left behind with his beloved, Sam. Should he have stayed?...to be continued
[DEBUG] processed_str: steven thinking about the life he just left behind with his beloved sam should he have stayed to be continued
[DEBUG] text_indices: [ 5180  1615   777     9   825   594   339  1227   652   143   220  9092
  5368   562   594   428 15160    90    50 14601]
[DEBUG] polarity: 2
[DEBUG] index: 16242
[DEBUG] raw_text: Thanks for an amazing summer #yyc,53 organizations engaged youth in 350 projects to contribute 20000 volunteer hours!
[DEBUG] processed_str: thanks for an amazing summer organizations engaged youth in projects to contribute volunteer hours
[DEBUG] text_indices: [  567    39   498    80   655 10273 14072  2198    42  3274    90 16735
  5282  1135     0     0     0     0     0     0]
[DEBUG] polarity: 2
[DEBUG] index: 9628
[DEBUG] raw_text: HSR fares go up on Tuesday. Tickets (new issue) are $2.15. Don't be overcharged! #HamOnt #HSR https://t.co/zBxyTmcy1o
[DEBUG] processed_str: hsr fares go up on tuesday tickets new issue are do be overcharged
[DEBUG] text_indices: [ 9340 14360   413   197    69   656   528    76  1129   582   489    50
 16736     0     0     0     0     0     0     0]
[DEBUG] polarity: 1
[DEBUG] index: 6350
[DEBUG] raw_text: @Calum5SOS just saw this on my Instagram feed and instantly thought of you #JetBlackHeart #ShesKindaHotVMA
[DEBUG] processed_str: just saw this on my instagram feed and instantly thought of you
[DEBUG] text_indices: [  339  1395    20    69    11  1661  3485    25 16017   385   102   283
     0     0     0     0     0     0     0     0]
[DEBUG] polarity: 0
Time taken to load Datasets/MVSA-MTS/mvsa-mts-v3/val.tsv: 0.34 seconds(0.01 minutes)
Val classes: [0, 1, 2], count=3
[DEBUG] Train label distribution:
{0: 436, 1: 442, 2: 825}
[DEBUG] Computed class_weights = [1.2891349792480469, 1.3092080354690552, 0.6847132444381714]
-------------- Loading Datasets//MVSA-MTS/mvsa-mts-v3/test.tsv ---------------
[DEBUG] index: 14949
[DEBUG] raw_text: Candid shot at #Montreal @FetishWeekend. #smile latex: @HWD_Latex #iLoveBiancaMondays http://t.co/eDaoHprlRP
[DEBUG] processed_str: candid shot at fetishweekend latex
[DEBUG] text_indices: [17897   297    75  7826 17898     0     0     0     0     0     0     0
     0     0     0     0     0     0     0     0]
[DEBUG] polarity: 2
[DEBUG] index: 9542
[DEBUG] raw_text: #hamont stop by and help out Lynwood Hall raise some founds with a car wash! #lynwoodhallcarwash #machealth
[DEBUG] processed_str: stop by and help out lynwood hall raise some founds with a car wash
[DEBUG] text_indices: [  394   243    25  1455    54 17899   723  2788    85 17900   143   139
   933  5787     0     0     0     0     0     0]
[DEBUG] polarity: 0
[DEBUG] index: 6309
[DEBUG] raw_text: EVEN MY NEICE WANTS TO VOTE #ShesKindaHotVMA
[DEBUG] processed_str: even my neice wants to vote
[DEBUG] text_indices: [   16    11 17901  3469    90   752     0     0     0     0     0     0
     0     0     0     0     0     0     0     0]
[DEBUG] polarity: 2
[DEBUG] index: 17974
[DEBUG] raw_text: Looks like I'm going alone ????
[DEBUG] processed_str: looks like i going alone
[DEBUG] text_indices: [  21  138   14  375 1954    0    0    0    0    0    0    0    0    0
    0    0    0    0    0    0]
[DEBUG] polarity: 2
Time taken to load Datasets//MVSA-MTS/mvsa-mts-v3/test.tsv: 0.34 seconds(0.01 minutes)
Test classes: [0, 1, 2], count=3
[DEBUG] Train label distribution:
{0: 450, 1: 431, 2: 822}
[DEBUG] 95th percentile sequence length across all splits: 17.00
Total Training Samples: 17027
Number of Training Samples: 13621
Number of Validation Samples: 1703
Number of Test Samples: 1703
Number of unique sentiment classes: 3
Building model
1
n_trainable_params: 460547, n_nontrainable_params: 0
>>>>>>>>>>>>>>>>>>>>>>>>>>>>>>>>>>>>>>>>>>>>>>>>>>>>>>>>>>>>>>>>>>>>>>>>>>>>>>>>>>>>>>>>>>>>>>>>>>>>
epoch: 0
[DEBUG] text_indices.shape: torch.Size([64, 20])
[DEBUG] embedded_text.shape: torch.Size([64, 20, 200])
[DEBUG] lstm_output.shape: torch.Size([64, 20, 1536])
[DEBUG] h_n.shape: torch.Size([6, 64, 768])
[DEBUG] c_n.shape: torch.Size([6, 64, 768])
