SLURM Job ID: 19387084
Number of GPUs available: 1
Logs directory: /home/rgg2706/Multimodal-Sentiment-Analysis/Logs/HHMAFM/2024-10-22/sub-1/005_Oct-22-2024_10:54_AM
> training arguments:
>>> rand_seed: 8
>>> model_name: mfcchfusion2
>>> dataset: mvsa-mts-1000
>>> optimizer: <class 'torch.optim.adam.Adam'>
>>> initializer: <function xavier_uniform_ at 0x7faaac465580>
>>> learning_rate: 0.0001
>>> dropout_rate: 0.5
>>> num_epoch: 10
>>> batch_size: 64
>>> log_step: 60
>>> max_seq_len: 64
>>> polarities_dim: 3
>>> clip_grad: 5.0
>>> path_image: ./Datasets/MVSA-MTS/images-indexed
>>> crop_size: 224
>>> n_head: 8
>>> common_dim: 1024
>>> num_classes: 3
>>> log_dir: /home/rgg2706/Multimodal-Sentiment-Analysis/Logs/HHMAFM/2024-10-22/sub-1/005_Oct-22-2024_10:54_AM
>>> model_class: <class 'models.mfcchfusion2.MFCCHFUSION2'>
Preparing mvsa-mts-1000 dataset...
-------------- Loading Datasets/MVSA-MTS/mvsa-mts-1000/train.tsv ---------------
Time taken to load Datasets/MVSA-MTS/mvsa-mts-1000/train.tsv: 2.95 seconds (0.05 minutes)
The number of problematic samples: 69
-------------- Loading Datasets/MVSA-MTS/mvsa-mts-1000/val.tsv ---------------
Time taken to load Datasets/MVSA-MTS/mvsa-mts-1000/val.tsv: 0.36 seconds (0.01 minutes)
The number of problematic samples: 10
-------------- Loading Datasets/MVSA-MTS/mvsa-mts-1000/test.tsv ---------------
Time taken to load Datasets/MVSA-MTS/mvsa-mts-1000/test.tsv: 0.36 seconds (0.01 minutes)
The number of problematic samples: 6
Total Training Samples: 1000
Number of Training Samples: 800
Number of Development Samples: 100
Number of Test Samples: 100
Number of unique sentiment classes: 3
Building model
n_trainable_params: 282391715, n_nontrainable_params: 0
>>>>>>>>>>>>>>>>>>>>>>>>>>>>>>>>>>>>>>>>>>>>>>>>>>>>>>>>>>>>>>>>>>>>>>>>>>>>>>>>>>>>>>>>>>>>>>>>>>>>
epoch: 0
Batch 0 completed in 1.39 seconds (0.02 minutes)
New best dev_f1: 0.197183 (previous best: 0.000000)
loss: 1.097976, dev_acc: 42.00% (0.420000), dev_f1: 19.72% (0.197183), test_acc: 48.00% (0.480000), test_f1: 21.62% (0.216216)
Epoch 0 completed in 9.80 seconds (0.16 minutes)
>>>>>>>>>>>>>>>>>>>>>>>>>>>>>>>>>>>>>>>>>>>>>>>>>>>>>>>>>>>>>>>>>>>>>>>>>>>>>>>>>>>>>>>>>>>>>>>>>>>>
epoch: 1
Batch 0 completed in 0.60 seconds (0.01 minutes)
loss: 1.004446, dev_acc: 42.00% (0.420000), dev_f1: 19.72% (0.197183), test_acc: 48.00% (0.480000), test_f1: 21.62% (0.216216)
Epoch 1 completed in 8.41 seconds (0.14 minutes)
>>>>>>>>>>>>>>>>>>>>>>>>>>>>>>>>>>>>>>>>>>>>>>>>>>>>>>>>>>>>>>>>>>>>>>>>>>>>>>>>>>>>>>>>>>>>>>>>>>>>
epoch: 2
Batch 0 completed in 0.60 seconds (0.01 minutes)
New best dev_f1: 0.512244 (previous best: 0.197183)
loss: 1.177850, dev_acc: 55.00% (0.550000), dev_f1: 51.22% (0.512244), test_acc: 48.00% (0.480000), test_f1: 39.85% (0.398500)
Epoch 2 completed in 8.36 seconds (0.14 minutes)
>>>>>>>>>>>>>>>>>>>>>>>>>>>>>>>>>>>>>>>>>>>>>>>>>>>>>>>>>>>>>>>>>>>>>>>>>>>>>>>>>>>>>>>>>>>>>>>>>>>>
epoch: 3
Batch 0 completed in 0.60 seconds (0.01 minutes)
loss: 0.898519, dev_acc: 49.00% (0.490000), dev_f1: 39.42% (0.394205), test_acc: 53.00% (0.530000), test_f1: 35.86% (0.358586)
Epoch 3 completed in 8.47 seconds (0.14 minutes)
>>>>>>>>>>>>>>>>>>>>>>>>>>>>>>>>>>>>>>>>>>>>>>>>>>>>>>>>>>>>>>>>>>>>>>>>>>>>>>>>>>>>>>>>>>>>>>>>>>>>
epoch: 4
Batch 0 completed in 0.60 seconds (0.01 minutes)
loss: 0.777873, dev_acc: 47.00% (0.470000), dev_f1: 42.13% (0.421309), test_acc: 50.00% (0.500000), test_f1: 38.78% (0.387778)
Epoch 4 completed in 8.45 seconds (0.14 minutes)
>>>>>>>>>>>>>>>>>>>>>>>>>>>>>>>>>>>>>>>>>>>>>>>>>>>>>>>>>>>>>>>>>>>>>>>>>>>>>>>>>>>>>>>>>>>>>>>>>>>>
epoch: 5
Batch 0 completed in 0.60 seconds (0.01 minutes)
loss: 0.626488, dev_acc: 48.00% (0.480000), dev_f1: 44.66% (0.446558), test_acc: 47.00% (0.470000), test_f1: 39.49% (0.394936)
Epoch 5 completed in 8.40 seconds (0.14 minutes)
>>>>>>>>>>>>>>>>>>>>>>>>>>>>>>>>>>>>>>>>>>>>>>>>>>>>>>>>>>>>>>>>>>>>>>>>>>>>>>>>>>>>>>>>>>>>>>>>>>>>
epoch: 6
Batch 0 completed in 0.60 seconds (0.01 minutes)
loss: 1.315707, dev_acc: 53.00% (0.530000), dev_f1: 38.93% (0.389300), test_acc: 45.00% (0.450000), test_f1: 33.61% (0.336113)
Epoch 6 completed in 8.45 seconds (0.14 minutes)
>>>>>>>>>>>>>>>>>>>>>>>>>>>>>>>>>>>>>>>>>>>>>>>>>>>>>>>>>>>>>>>>>>>>>>>>>>>>>>>>>>>>>>>>>>>>>>>>>>>>
epoch: 7
Batch 0 completed in 0.60 seconds (0.01 minutes)
loss: 0.733354, dev_acc: 42.00% (0.420000), dev_f1: 33.74% (0.337375), test_acc: 43.00% (0.430000), test_f1: 32.75% (0.327470)
Epoch 7 completed in 8.52 seconds (0.14 minutes)
>>>>>>>>>>>>>>>>>>>>>>>>>>>>>>>>>>>>>>>>>>>>>>>>>>>>>>>>>>>>>>>>>>>>>>>>>>>>>>>>>>>>>>>>>>>>>>>>>>>>
epoch: 8
Batch 0 completed in 0.60 seconds (0.01 minutes)
loss: 0.516650, dev_acc: 50.00% (0.500000), dev_f1: 42.18% (0.421779), test_acc: 44.00% (0.440000), test_f1: 31.11% (0.311111)
Epoch 8 completed in 8.49 seconds (0.14 minutes)
>>>>>>>>>>>>>>>>>>>>>>>>>>>>>>>>>>>>>>>>>>>>>>>>>>>>>>>>>>>>>>>>>>>>>>>>>>>>>>>>>>>>>>>>>>>>>>>>>>>>
epoch: 9
Batch 0 completed in 0.60 seconds (0.01 minutes)
New best dev_f1: 0.528680 (previous best: 0.512244)
loss: 0.585405, dev_acc: 55.00% (0.550000), dev_f1: 52.87% (0.528680), test_acc: 43.00% (0.430000), test_f1: 38.54% (0.385450)
Epoch 9 completed in 8.46 seconds (0.14 minutes)
RESULT: Max Dev F1: 0.528680, Max Test F1: 0.385450
Reading TensorBoard loss at each epoch:
Available tags: {'images': [], 'audio': [], 'histograms': [], 'scalars': ['Loss/train', 'Loss/val'], 'distributions': [], 'tensors': [], 'graph': False, 'meta_graph': False, 'run_metadata': []}
Step: 1, Loss: 1.0979760885238647
Step: 2, Loss: 0.9648830890655518
Step: 3, Loss: 1.7272306680679321
Step: 4, Loss: 1.0094187259674072
Step: 5, Loss: 0.9725028872489929
Step: 6, Loss: 0.9827890992164612
Step: 7, Loss: 0.9965260624885559
Step: 8, Loss: 1.0615066289901733
Step: 9, Loss: 1.0770714282989502
Step: 10, Loss: 1.1141074895858765
Step: 11, Loss: 1.040788173675537
Step: 12, Loss: 1.0176194906234741
Step: 13, Loss: 1.0396409034729004
Step: 14, Loss: 1.0044455528259277
Step: 15, Loss: 1.1273698806762695
Step: 16, Loss: 1.001021385192871
Step: 17, Loss: 1.008769154548645
Step: 18, Loss: 0.9849697351455688
Step: 19, Loss: 0.9632917642593384
Step: 20, Loss: 0.9617311954498291
Step: 21, Loss: 1.0173481702804565
Step: 22, Loss: 0.9668601155281067
Step: 23, Loss: 0.8687649369239807
Step: 24, Loss: 0.8540599942207336
Step: 25, Loss: 0.9962220788002014
Step: 26, Loss: 0.9164484739303589
Step: 27, Loss: 1.177850365638733
Step: 28, Loss: 0.873320460319519
Step: 29, Loss: 0.9460583329200745
Step: 30, Loss: 0.8144420385360718
Step: 31, Loss: 0.9792865514755249
Step: 32, Loss: 0.8599337339401245
Step: 33, Loss: 1.1109172105789185
Step: 34, Loss: 0.9018962979316711
Step: 35, Loss: 1.0778868198394775
Step: 36, Loss: 0.8368841409683228
Step: 37, Loss: 0.8827542066574097
Step: 38, Loss: 0.9495937824249268
Step: 39, Loss: 0.9416628479957581
Step: 40, Loss: 0.8985190391540527
Step: 41, Loss: 0.8447264432907104
Step: 42, Loss: 0.8059700131416321
Step: 43, Loss: 0.8081972599029541
Step: 44, Loss: 0.8173825144767761
Step: 45, Loss: 0.7233138084411621
Step: 46, Loss: 0.822105884552002
Step: 47, Loss: 0.8488889336585999
Step: 48, Loss: 0.7800722122192383
Step: 49, Loss: 0.8995229601860046
Step: 50, Loss: 1.0113344192504883
Step: 51, Loss: 0.918258786201477
Step: 52, Loss: 0.9116173386573792
Step: 53, Loss: 0.7778728008270264
Step: 54, Loss: 0.6928207278251648
Step: 55, Loss: 0.6648236513137817
Step: 56, Loss: 0.7613738179206848
Step: 57, Loss: 0.8461635708808899
Step: 58, Loss: 0.8055036664009094
Step: 59, Loss: 0.7863488793373108
Step: 60, Loss: 0.7483887076377869
Step: 61, Loss: 0.6745429635047913
Step: 62, Loss: 0.6126915216445923
Step: 63, Loss: 0.6798539161682129
Step: 64, Loss: 0.8101218938827515
Step: 65, Loss: 0.567793071269989
Step: 66, Loss: 0.6264879107475281
Step: 67, Loss: 0.5987657308578491
Step: 68, Loss: 0.5384531021118164
Step: 69, Loss: 0.698066771030426
Step: 70, Loss: 0.5196765065193176
Step: 71, Loss: 0.5196617841720581
Step: 72, Loss: 0.4903183579444885
Step: 73, Loss: 0.9029083251953125
Step: 74, Loss: 0.7063276767730713
Step: 75, Loss: 0.7019748687744141
Step: 76, Loss: 0.8704912066459656
Step: 77, Loss: 0.6148922443389893
Step: 78, Loss: 0.8846418261528015
Step: 79, Loss: 1.315706729888916
Step: 80, Loss: 0.7385715246200562
Step: 81, Loss: 0.6018165349960327
Step: 82, Loss: 0.5447893738746643
Step: 83, Loss: 0.5025768280029297
Step: 84, Loss: 0.5126967430114746
Step: 85, Loss: 0.5315569043159485
Step: 86, Loss: 0.5605227947235107
Step: 87, Loss: 0.5042001605033875
Step: 88, Loss: 0.615390419960022
Step: 89, Loss: 0.6804521083831787
Step: 90, Loss: 0.6412473320960999
Step: 91, Loss: 0.8880862593650818
Step: 92, Loss: 0.733353853225708
Step: 93, Loss: 0.37933656573295593
Step: 94, Loss: 0.5262351632118225
Step: 95, Loss: 0.6369850039482117
Step: 96, Loss: 0.465057373046875
Step: 97, Loss: 0.3186694085597992
Step: 98, Loss: 0.47142088413238525
Step: 99, Loss: 0.6027470231056213
Step: 100, Loss: 0.5874305367469788
Step: 101, Loss: 0.5857021808624268
Step: 102, Loss: 0.6526331901550293
Step: 103, Loss: 0.49831539392471313
Step: 104, Loss: 0.418788880109787
Step: 105, Loss: 0.5166498422622681
Step: 106, Loss: 0.4393344223499298
Step: 107, Loss: 0.4116176664829254
Step: 108, Loss: 0.43884262442588806
Step: 109, Loss: 0.4979333281517029
Step: 110, Loss: 0.5928048491477966
Step: 111, Loss: 0.4275646209716797
Step: 112, Loss: 0.4167048931121826
Step: 113, Loss: 0.5725023150444031
Step: 114, Loss: 0.3910004496574402
Step: 115, Loss: 0.5863597989082336
Step: 116, Loss: 0.564781129360199
Step: 117, Loss: 0.4032437801361084
Step: 118, Loss: 0.5854054093360901
Step: 119, Loss: 0.3388313353061676
Step: 120, Loss: 0.4016377925872803
Step: 121, Loss: 0.30562999844551086
Step: 122, Loss: 0.4029451310634613
Step: 123, Loss: 0.39143162965774536
Step: 124, Loss: 0.3738657534122467
Step: 125, Loss: 0.478969931602478
Step: 126, Loss: 0.4645412266254425
Step: 127, Loss: 0.28948426246643066
Step: 128, Loss: 0.27561450004577637
Step: 129, Loss: 0.48068249225616455
Step: 130, Loss: 0.43236130475997925
Output File: /home/rgg2706/Multimodal-Sentiment-Analysis/Logs/HHMAFM/2024-10-22/sub-1/005_Oct-22-2024_10:54_AM/trainval_loss_curves.png
Training and validation loss curves saved to /home/rgg2706/Multimodal-Sentiment-Analysis/Logs/HHMAFM/2024-10-22/sub-1/005_Oct-22-2024_10:54_AM/trainval_loss_curves.png
Total Completion Time: 1.78 minutes. (0.03 hours) 
