> training arguments:
>>> rand_seed: 8
>>> model_name: mmfusion
>>> dataset: mvsa-mts-100
>>> optimizer: <class 'torch.optim.adam.Adam'>
>>> initializer: <function xavier_uniform_ at 0x7f5703ef2840>
>>> learning_rate: 0.001
>>> dropout_rate: 0.5
>>> num_epoch: 10
>>> batch_size: 10
>>> log_step: 1
>>> max_seq_len: 64
>>> polarities_dim: 3
>>> clip_grad: 5.0
>>> path_image: ./Datasets/MVSA-MTS/images-indexed
>>> crop_size: 224
>>> roberta_text_feature_dim: 768
>>> roberta_topic_feature_dim: 50
>>> resnet_feature_dim: 2048
>>> densenet_feature_dim: 1024
>>> common_dim: 512
>>> num_classes: 2
>>> model_class: <class 'models.mmfusion.MMFUSION'>
Preparing mvsa-mts-100 dataset...
--------------Datasets/MVSA-MTS/mvsa-mts-100/train.tsv---------------
The number of problematic samples: 5
--------------Datasets/MVSA-MTS/mvsa-mts-100/val.tsv---------------
The number of problematic samples: 1
--------------Datasets/MVSA-MTS/mvsa-mts-100/test.tsv---------------
The number of problematic samples: 1
Total Training Samples: 100
Number of Training Samples: 60
Number of Development Samples: 20
Number of Test Samples: 20
Number of unique sentiment classes: 3
building model
n_trainable_params: 1818627, n_nontrainable_params: 0
>>>>>>>>>>>>>>>>>>>>>>>>>>>>>>>>>>>>>>>>>>>>>>>>>>>>>>>>>>>>>>>>>>>>>>>>>>>>>>>>>>>>>>>>>>>>>>>>>>>>
epoch: 0
loss: 1.448133, dev_acc: 45.00% (0.450000), dev_f1: 20.69% (0.206897), test_acc: 60.00% (0.600000), test_f1: 25.00% (0.250000)
loss: 4.015807, dev_acc: 35.00% (0.350000), dev_f1: 17.95% (0.179487), test_acc: 50.00% (0.500000), test_f1: 28.10% (0.280952)
loss: 2.540575, dev_acc: 15.00% (0.150000), dev_f1: 11.43% (0.114286), test_acc: 35.00% (0.350000), test_f1: 43.40% (0.433987)
loss: 2.495257, dev_acc: 35.00% (0.350000), dev_f1: 26.13% (0.261294), test_acc: 35.00% (0.350000), test_f1: 41.82% (0.418182)
loss: 2.934006, dev_acc: 40.00% (0.400000), dev_f1: 30.95% (0.309524), test_acc: 25.00% (0.250000), test_f1: 36.14% (0.361438)
loss: 2.569939, dev_acc: 50.00% (0.500000), dev_f1: 38.89% (0.388889), test_acc: 40.00% (0.400000), test_f1: 47.32% (0.473203)
>>>>>>>>>>>>>>>>>>>>>>>>>>>>>>>>>>>>>>>>>>>>>>>>>>>>>>>>>>>>>>>>>>>>>>>>>>>>>>>>>>>>>>>>>>>>>>>>>>>>
epoch: 1
loss: 0.841238, dev_acc: 60.00% (0.600000), dev_f1: 45.91% (0.459096), test_acc: 60.00% (0.600000), test_f1: 59.83% (0.598291)
loss: 1.732007, dev_acc: 60.00% (0.600000), dev_f1: 45.91% (0.459096), test_acc: 60.00% (0.600000), test_f1: 55.56% (0.555556)
loss: 0.572773, dev_acc: 60.00% (0.600000), dev_f1: 45.91% (0.459096), test_acc: 55.00% (0.550000), test_f1: 52.16% (0.521645)
loss: 2.621459, dev_acc: 55.00% (0.550000), dev_f1: 43.85% (0.438462), test_acc: 55.00% (0.550000), test_f1: 49.93% (0.499301)
loss: 0.788326, dev_acc: 55.00% (0.550000), dev_f1: 43.85% (0.438462), test_acc: 40.00% (0.400000), test_f1: 47.37% (0.473684)
loss: 1.445545, dev_acc: 50.00% (0.500000), dev_f1: 40.10% (0.401003), test_acc: 35.00% (0.350000), test_f1: 24.44% (0.244444)
>>>>>>>>>>>>>>>>>>>>>>>>>>>>>>>>>>>>>>>>>>>>>>>>>>>>>>>>>>>>>>>>>>>>>>>>>>>>>>>>>>>>>>>>>>>>>>>>>>>>
epoch: 2
loss: 0.594112, dev_acc: 60.00% (0.600000), dev_f1: 57.38% (0.573756), test_acc: 30.00% (0.300000), test_f1: 21.18% (0.211765)
loss: 1.218161, dev_acc: 60.00% (0.600000), dev_f1: 57.78% (0.577778), test_acc: 35.00% (0.350000), test_f1: 25.10% (0.250980)
loss: 0.320421, dev_acc: 55.00% (0.550000), dev_f1: 52.57% (0.525678), test_acc: 50.00% (0.500000), test_f1: 33.62% (0.336232)
loss: 0.128589, dev_acc: 40.00% (0.400000), dev_f1: 33.00% (0.329966), test_acc: 55.00% (0.550000), test_f1: 36.51% (0.365079)
loss: 0.864158, dev_acc: 35.00% (0.350000), dev_f1: 30.27% (0.302670), test_acc: 55.00% (0.550000), test_f1: 37.88% (0.378788)
loss: 0.403578, dev_acc: 35.00% (0.350000), dev_f1: 30.27% (0.302670), test_acc: 50.00% (0.500000), test_f1: 34.73% (0.347339)
>>>>>>>>>>>>>>>>>>>>>>>>>>>>>>>>>>>>>>>>>>>>>>>>>>>>>>>>>>>>>>>>>>>>>>>>>>>>>>>>>>>>>>>>>>>>>>>>>>>>
epoch: 3
loss: 0.557040, dev_acc: 30.00% (0.300000), dev_f1: 21.43% (0.214286), test_acc: 45.00% (0.450000), test_f1: 31.48% (0.314815)
loss: 0.287252, dev_acc: 35.00% (0.350000), dev_f1: 26.43% (0.264327), test_acc: 45.00% (0.450000), test_f1: 31.48% (0.314815)
loss: 0.367094, dev_acc: 35.00% (0.350000), dev_f1: 26.43% (0.264327), test_acc: 45.00% (0.450000), test_f1: 31.48% (0.314815)
loss: 0.865606, dev_acc: 35.00% (0.350000), dev_f1: 26.43% (0.264327), test_acc: 45.00% (0.450000), test_f1: 31.48% (0.314815)
loss: 0.025959, dev_acc: 45.00% (0.450000), dev_f1: 34.29% (0.342857), test_acc: 40.00% (0.400000), test_f1: 28.07% (0.280702)
loss: 0.015587, dev_acc: 45.00% (0.450000), dev_f1: 35.19% (0.351852), test_acc: 30.00% (0.300000), test_f1: 20.54% (0.205415)
>>>>>>>>>>>>>>>>>>>>>>>>>>>>>>>>>>>>>>>>>>>>>>>>>>>>>>>>>>>>>>>>>>>>>>>>>>>>>>>>>>>>>>>>>>>>>>>>>>>>
epoch: 4
loss: 0.278178, dev_acc: 45.00% (0.450000), dev_f1: 35.19% (0.351852), test_acc: 40.00% (0.400000), test_f1: 27.64% (0.276377)
loss: 0.442657, dev_acc: 50.00% (0.500000), dev_f1: 39.22% (0.392157), test_acc: 45.00% (0.450000), test_f1: 30.68% (0.306818)
loss: 0.716464, dev_acc: 50.00% (0.500000), dev_f1: 39.22% (0.392157), test_acc: 45.00% (0.450000), test_f1: 30.68% (0.306818)
loss: 0.057507, dev_acc: 45.00% (0.450000), dev_f1: 35.29% (0.352941), test_acc: 45.00% (0.450000), test_f1: 31.48% (0.314815)
loss: 0.003580, dev_acc: 60.00% (0.600000), dev_f1: 53.23% (0.532275), test_acc: 50.00% (0.500000), test_f1: 35.09% (0.350877)
loss: 0.631653, dev_acc: 55.00% (0.550000), dev_f1: 42.34% (0.423392), test_acc: 55.00% (0.550000), test_f1: 38.52% (0.385185)
>>>>>>>>>>>>>>>>>>>>>>>>>>>>>>>>>>>>>>>>>>>>>>>>>>>>>>>>>>>>>>>>>>>>>>>>>>>>>>>>>>>>>>>>>>>>>>>>>>>>
epoch: 5
loss: 0.250835, dev_acc: 50.00% (0.500000), dev_f1: 37.61% (0.376068), test_acc: 55.00% (0.550000), test_f1: 37.88% (0.378788)
loss: 0.540765, dev_acc: 55.00% (0.550000), dev_f1: 40.91% (0.409091), test_acc: 60.00% (0.600000), test_f1: 40.97% (0.409662)
loss: 0.909515, dev_acc: 45.00% (0.450000), dev_f1: 32.32% (0.323232), test_acc: 60.00% (0.600000), test_f1: 40.97% (0.409662)
loss: 0.021591, dev_acc: 45.00% (0.450000), dev_f1: 32.32% (0.323232), test_acc: 60.00% (0.600000), test_f1: 40.97% (0.409662)
loss: 0.393210, dev_acc: 50.00% (0.500000), dev_f1: 37.61% (0.376068), test_acc: 60.00% (0.600000), test_f1: 40.97% (0.409662)
loss: 0.495674, dev_acc: 50.00% (0.500000), dev_f1: 44.86% (0.448622), test_acc: 60.00% (0.600000), test_f1: 40.97% (0.409662)
>>>>>>>>>>>>>>>>>>>>>>>>>>>>>>>>>>>>>>>>>>>>>>>>>>>>>>>>>>>>>>>>>>>>>>>>>>>>>>>>>>>>>>>>>>>>>>>>>>>>
epoch: 6
loss: 0.286771, dev_acc: 50.00% (0.500000), dev_f1: 45.72% (0.457190), test_acc: 50.00% (0.500000), test_f1: 34.73% (0.347339)
loss: 0.400364, dev_acc: 50.00% (0.500000), dev_f1: 45.80% (0.457983), test_acc: 45.00% (0.450000), test_f1: 31.48% (0.314815)
loss: 0.000586, dev_acc: 50.00% (0.500000), dev_f1: 46.04% (0.460434), test_acc: 45.00% (0.450000), test_f1: 31.48% (0.314815)
loss: 0.153975, dev_acc: 50.00% (0.500000), dev_f1: 46.04% (0.460434), test_acc: 45.00% (0.450000), test_f1: 31.48% (0.314815)
loss: 0.318330, dev_acc: 45.00% (0.450000), dev_f1: 42.12% (0.421164), test_acc: 45.00% (0.450000), test_f1: 31.48% (0.314815)
loss: 0.053729, dev_acc: 40.00% (0.400000), dev_f1: 37.84% (0.378446), test_acc: 45.00% (0.450000), test_f1: 30.68% (0.306818)
>>>>>>>>>>>>>>>>>>>>>>>>>>>>>>>>>>>>>>>>>>>>>>>>>>>>>>>>>>>>>>>>>>>>>>>>>>>>>>>>>>>>>>>>>>>>>>>>>>>>
epoch: 7
loss: 0.016293, dev_acc: 35.00% (0.350000), dev_f1: 33.97% (0.339683), test_acc: 45.00% (0.450000), test_f1: 30.68% (0.306818)
loss: 0.445243, dev_acc: 35.00% (0.350000), dev_f1: 33.97% (0.339683), test_acc: 45.00% (0.450000), test_f1: 30.68% (0.306818)
loss: 0.205485, dev_acc: 35.00% (0.350000), dev_f1: 33.97% (0.339683), test_acc: 45.00% (0.450000), test_f1: 30.68% (0.306818)
loss: 0.002096, dev_acc: 35.00% (0.350000), dev_f1: 33.97% (0.339683), test_acc: 45.00% (0.450000), test_f1: 31.55% (0.315476)
loss: 0.000173, dev_acc: 35.00% (0.350000), dev_f1: 33.97% (0.339683), test_acc: 45.00% (0.450000), test_f1: 31.55% (0.315476)
loss: 0.216119, dev_acc: 40.00% (0.400000), dev_f1: 37.96% (0.379552), test_acc: 45.00% (0.450000), test_f1: 31.55% (0.315476)
>>>>>>>>>>>>>>>>>>>>>>>>>>>>>>>>>>>>>>>>>>>>>>>>>>>>>>>>>>>>>>>>>>>>>>>>>>>>>>>>>>>>>>>>>>>>>>>>>>>>
epoch: 8
loss: 0.060605, dev_acc: 40.00% (0.400000), dev_f1: 37.96% (0.379552), test_acc: 45.00% (0.450000), test_f1: 32.50% (0.325000)
loss: 0.214778, dev_acc: 45.00% (0.450000), dev_f1: 41.63% (0.416317), test_acc: 55.00% (0.550000), test_f1: 40.74% (0.407407)
loss: 0.002192, dev_acc: 45.00% (0.450000), dev_f1: 41.38% (0.413757), test_acc: 60.00% (0.600000), test_f1: 43.27% (0.432749)
loss: 0.034160, dev_acc: 45.00% (0.450000), dev_f1: 41.38% (0.413757), test_acc: 60.00% (0.600000), test_f1: 40.97% (0.409662)
loss: 0.230402, dev_acc: 50.00% (0.500000), dev_f1: 44.86% (0.448622), test_acc: 65.00% (0.650000), test_f1: 45.08% (0.450758)
loss: 0.027554, dev_acc: 55.00% (0.550000), dev_f1: 49.52% (0.495238), test_acc: 65.00% (0.650000), test_f1: 45.08% (0.450758)
>>>>>>>>>>>>>>>>>>>>>>>>>>>>>>>>>>>>>>>>>>>>>>>>>>>>>>>>>>>>>>>>>>>>>>>>>>>>>>>>>>>>>>>>>>>>>>>>>>>>
epoch: 9
loss: 0.001233, dev_acc: 55.00% (0.550000), dev_f1: 49.52% (0.495238), test_acc: 65.00% (0.650000), test_f1: 45.08% (0.450758)
loss: 0.006908, dev_acc: 55.00% (0.550000), dev_f1: 49.52% (0.495238), test_acc: 60.00% (0.600000), test_f1: 40.97% (0.409662)
loss: 0.000317, dev_acc: 50.00% (0.500000), dev_f1: 38.83% (0.388304), test_acc: 60.00% (0.600000), test_f1: 40.97% (0.409662)
loss: 0.896952, dev_acc: 50.00% (0.500000), dev_f1: 38.83% (0.388304), test_acc: 65.00% (0.650000), test_f1: 45.08% (0.450758)
loss: 0.510317, dev_acc: 50.00% (0.500000), dev_f1: 45.80% (0.457983), test_acc: 65.00% (0.650000), test_f1: 45.56% (0.455556)
loss: 0.000568, dev_acc: 50.00% (0.500000), dev_f1: 45.80% (0.457983), test_acc: 60.00% (0.600000), test_f1: 42.11% (0.421053)
Max dev F1: 57.78% (0.577778), Max test F1: 25.10% (0.250980)
