Number of GPUs available: 2
Logs directory: /home/rgg2706/Multimodal-Sentiment-Analysis/Logs/HHMAFM/2024-10-21/sub-1/005_Oct-21-2024_02:22_PM
/home/rgg2706/Multimodal-Sentiment-Analysis/Logs/HHMAFM/2024-10-21/sub-1/005_Oct-21-2024_02:22_PM
> training arguments:
>>> rand_seed: 8
>>> model_name: mmfusion
>>> dataset: mvsa-mts-1000
>>> optimizer: <class 'torch.optim.adam.Adam'>
>>> initializer: <function xavier_uniform_ at 0x7effbac55c60>
>>> learning_rate: 0.0001
>>> dropout_rate: 0.5
>>> num_epoch: 10
>>> batch_size: 128
>>> log_step: 30
>>> max_seq_len: 64
>>> polarities_dim: 3
>>> clip_grad: 5.0
>>> path_image: ./Datasets/MVSA-MTS/images-indexed
>>> crop_size: 224
>>> n_head: 8
>>> common_dim: 512
>>> num_classes: 3
>>> model_class: <class 'models.mmfusion.MMFUSION'>
Preparing mvsa-mts-1000 dataset...
-------------- Loading Datasets/MVSA-MTS/mvsa-mts-1000/train.tsv ---------------
Time taken to load Datasets/MVSA-MTS/mvsa-mts-1000/train.tsv: 18.42 seconds (0.31 minutes)
The number of problematic samples: 69
-------------- Loading Datasets/MVSA-MTS/mvsa-mts-1000/val.tsv ---------------
Time taken to load Datasets/MVSA-MTS/mvsa-mts-1000/val.tsv: 2.14 seconds (0.04 minutes)
The number of problematic samples: 10
-------------- Loading Datasets/MVSA-MTS/mvsa-mts-1000/test.tsv ---------------
Time taken to load Datasets/MVSA-MTS/mvsa-mts-1000/test.tsv: 2.18 seconds (0.04 minutes)
The number of problematic samples: 6
Total Training Samples: 1000
Number of Training Samples: 800
Number of Development Samples: 100
Number of Test Samples: 100
Number of unique sentiment classes: 3
building model
Using 2 GPUs
n_trainable_params: 43766787, n_nontrainable_params: 0
>>>>>>>>>>>>>>>>>>>>>>>>>>>>>>>>>>>>>>>>>>>>>>>>>>>>>>>>>>>>>>>>>>>>>>>>>>>>>>>>>>>>>>>>>>>>>>>>>>>>
epoch: 0
