DMLAN_dmlanfusion2_mvsa-mts-v3_lr0.005_dr0.5
SLURM Job ID: 19783858
Number of GPUs available: 1
Python PATH: ['/home/rgg2706/Multimodal-Sentiment-Analysis/Models', '/home/rgg2706/Multimodal-Sentiment-Analysis/Models/DMLAN/src', '/home/rgg2706/Multimodal-Sentiment-Analysis', '/Models/DMLAN/src', '/.autofs/tools/spack/var/spack/environments/default-nlp-x86_64-24072401/.spack-env/._view/wtxwc3mlkmzy7fbaxlum2674jarpitc2/lib/python311.zip', '/.autofs/tools/spack/var/spack/environments/default-nlp-x86_64-24072401/.spack-env/._view/wtxwc3mlkmzy7fbaxlum2674jarpitc2/lib/python3.11', '/.autofs/tools/spack/var/spack/environments/default-nlp-x86_64-24072401/.spack-env/._view/wtxwc3mlkmzy7fbaxlum2674jarpitc2/lib/python3.11/lib-dynload', '/.autofs/tools/spack/var/spack/environments/default-nlp-x86_64-24072401/.spack-env/._view/wtxwc3mlkmzy7fbaxlum2674jarpitc2/lib/python3.11/site-packages']
Logs directory: /home/rgg2706/Multimodal-Sentiment-Analysis/Logs/DMLAN/2025-02-04/sub-5/007_Feb-04-2025_07:55_PM
> training arguments:
>>> rand_seed: 8
>>> model_fusion: dmlanfusion2
>>> dataset: mvsa-mts-v3
>>> optimizer: <class 'torch.optim.adam.Adam'>
>>> initializer: <function xavier_uniform_ at 0x7f7f946ed580>
>>> learning_rate: 0.005
>>> dropout_rate: 0.5
>>> weight_decay: 0.0
>>> num_layers: 3
>>> num_epoch: 70
>>> batch_size: 256
>>> log_step: 60
>>> max_seq_len: 64
>>> polarities_dim: 3
>>> clip_grad: 5.0
>>> path_image: ./images
>>> crop_size: 224
>>> n_head: 8
>>> hidden_dim: 768
>>> num_classes: 3
>>> log_dir: /home/rgg2706/Multimodal-Sentiment-Analysis/Logs/DMLAN/2025-02-04/sub-5/007_Feb-04-2025_07:55_PM
>>> counter: 0
>>> model_class: <class 'models.dmlanfusion2.DMLANFUSION2'>
Loading dataset 'mvsa-mts-v3':
  Train path: Datasets//MVSA-MTS/mvsa-mts-v3/train.tsv
  Validation path: Datasets//MVSA-MTS/mvsa-mts-v3/val.tsv
  Test path: Datasets//MVSA-MTS/mvsa-mts-v3/test.tsv
loading word vectors...
building embedding_matrix: 200_glove_embedding_matrix.dat
-------------- Loading Datasets//MVSA-MTS/mvsa-mts-v3/train.tsv ---------------
Time taken to load Datasets//MVSA-MTS/mvsa-mts-v3/train.tsv: 84.99 seconds (1.42 minutes)
The number of problematic samples: 2
-------------- Loading Datasets//MVSA-MTS/mvsa-mts-v3/val.tsv ---------------
Time taken to load Datasets//MVSA-MTS/mvsa-mts-v3/val.tsv: 10.77 seconds (0.18 minutes)
The number of problematic samples: 0
-------------- Loading Datasets//MVSA-MTS/mvsa-mts-v3/test.tsv ---------------
Time taken to load Datasets//MVSA-MTS/mvsa-mts-v3/test.tsv: 10.83 seconds (0.18 minutes)
The number of problematic samples: 1
Total Training Samples: 17027
Number of Training Samples: 13621
Number of Validation Samples: 1703
Number of Test Samples: 1703
Number of unique sentiment classes: 3
Building model
1
n_trainable_params: 74425445, n_nontrainable_params: 0
No weight decay
>>>>>>>>>>>>>>>>>>>>>>>>>>>>>>>>>>>>>>>>>>>>>>>>>>>>>>>>>>>>>>>>>>>>>>>>>>>>>>>>>>>>>>>>>>>>>>>>>>>>
epoch: 0
outputs.shape: torch.Size([256, 3])
outputs.dtype: torch.float32
2
Batch 0 completed in 0.90 seconds (0.02 minutes)
New best val_f1: 0.217563 (previous best: 0.000000)
loss: 1.083261, val_acc: 48.44% (0.484439), val_f1: 21.76% (0.217563), test_acc: 48.27% (0.482678), test_f1: 21.70% (0.217030)
Epoch 0 completed in 34.54 seconds (0.58 minutes)
>>>>>>>>>>>>>>>>>>>>>>>>>>>>>>>>>>>>>>>>>>>>>>>>>>>>>>>>>>>>>>>>>>>>>>>>>>>>>>>>>>>>>>>>>>>>>>>>>>>>
epoch: 1
Batch 0 completed in 0.43 seconds (0.01 minutes)
loss: 3788.745850, val_acc: 25.95% (0.259542), val_f1: 13.74% (0.137374), test_acc: 25.31% (0.253083), test_f1: 13.46% (0.134645)
Epoch 1 completed in 34.01 seconds (0.57 minutes)
>>>>>>>>>>>>>>>>>>>>>>>>>>>>>>>>>>>>>>>>>>>>>>>>>>>>>>>>>>>>>>>>>>>>>>>>>>>>>>>>>>>>>>>>>>>>>>>>>>>>
epoch: 2
Batch 0 completed in 0.44 seconds (0.01 minutes)
loss: 74.682335, val_acc: 48.44% (0.484439), val_f1: 21.76% (0.217563), test_acc: 48.27% (0.482678), test_f1: 21.70% (0.217030)
Epoch 2 completed in 34.13 seconds (0.57 minutes)
>>>>>>>>>>>>>>>>>>>>>>>>>>>>>>>>>>>>>>>>>>>>>>>>>>>>>>>>>>>>>>>>>>>>>>>>>>>>>>>>>>>>>>>>>>>>>>>>>>>>
epoch: 3
Batch 0 completed in 0.44 seconds (0.01 minutes)
loss: 837.905640, val_acc: 48.44% (0.484439), val_f1: 21.76% (0.217563), test_acc: 48.27% (0.482678), test_f1: 21.70% (0.217030)
Epoch 3 completed in 34.37 seconds (0.57 minutes)
>>>>>>>>>>>>>>>>>>>>>>>>>>>>>>>>>>>>>>>>>>>>>>>>>>>>>>>>>>>>>>>>>>>>>>>>>>>>>>>>>>>>>>>>>>>>>>>>>>>>
epoch: 4
Batch 0 completed in 0.44 seconds (0.01 minutes)
loss: 15.938667, val_acc: 25.60% (0.256019), val_f1: 13.59% (0.135889), test_acc: 26.42% (0.264240), test_f1: 13.93% (0.139340)
Epoch 4 completed in 34.99 seconds (0.58 minutes)
>>>>>>>>>>>>>>>>>>>>>>>>>>>>>>>>>>>>>>>>>>>>>>>>>>>>>>>>>>>>>>>>>>>>>>>>>>>>>>>>>>>>>>>>>>>>>>>>>>>>
epoch: 5
Batch 0 completed in 0.44 seconds (0.01 minutes)
loss: 533.714172, val_acc: 25.60% (0.256019), val_f1: 13.59% (0.135889), test_acc: 26.42% (0.264240), test_f1: 13.93% (0.139340)
Epoch 5 completed in 34.61 seconds (0.58 minutes)
>>>>>>>>>>>>>>>>>>>>>>>>>>>>>>>>>>>>>>>>>>>>>>>>>>>>>>>>>>>>>>>>>>>>>>>>>>>>>>>>>>>>>>>>>>>>>>>>>>>>
epoch: 6
Batch 0 completed in 0.44 seconds (0.01 minutes)
loss: 6631.989746, val_acc: 25.95% (0.259542), val_f1: 13.74% (0.137374), test_acc: 25.31% (0.253083), test_f1: 13.46% (0.134645)
Epoch 6 completed in 35.06 seconds (0.58 minutes)
>>>>>>>>>>>>>>>>>>>>>>>>>>>>>>>>>>>>>>>>>>>>>>>>>>>>>>>>>>>>>>>>>>>>>>>>>>>>>>>>>>>>>>>>>>>>>>>>>>>>
epoch: 7
Batch 0 completed in 0.44 seconds (0.01 minutes)
loss: 71.538582, val_acc: 48.44% (0.484439), val_f1: 21.76% (0.217563), test_acc: 48.27% (0.482678), test_f1: 21.70% (0.217030)
Epoch 7 completed in 34.80 seconds (0.58 minutes)
>>>>>>>>>>>>>>>>>>>>>>>>>>>>>>>>>>>>>>>>>>>>>>>>>>>>>>>>>>>>>>>>>>>>>>>>>>>>>>>>>>>>>>>>>>>>>>>>>>>>
epoch: 8
Batch 0 completed in 0.44 seconds (0.01 minutes)
loss: 15382.283203, val_acc: 25.60% (0.256019), val_f1: 13.59% (0.135889), test_acc: 26.42% (0.264240), test_f1: 13.93% (0.139340)
Epoch 8 completed in 34.70 seconds (0.58 minutes)
>>>>>>>>>>>>>>>>>>>>>>>>>>>>>>>>>>>>>>>>>>>>>>>>>>>>>>>>>>>>>>>>>>>>>>>>>>>>>>>>>>>>>>>>>>>>>>>>>>>>
epoch: 9
Batch 0 completed in 0.44 seconds (0.01 minutes)
loss: 732.747498, val_acc: 25.60% (0.256019), val_f1: 13.59% (0.135889), test_acc: 26.42% (0.264240), test_f1: 13.93% (0.139340)
Epoch 9 completed in 34.82 seconds (0.58 minutes)
>>>>>>>>>>>>>>>>>>>>>>>>>>>>>>>>>>>>>>>>>>>>>>>>>>>>>>>>>>>>>>>>>>>>>>>>>>>>>>>>>>>>>>>>>>>>>>>>>>>>
epoch: 10
Batch 0 completed in 0.44 seconds (0.01 minutes)
loss: 961.449646, val_acc: 25.95% (0.259542), val_f1: 13.74% (0.137374), test_acc: 25.31% (0.253083), test_f1: 13.46% (0.134645)
Epoch 10 completed in 34.69 seconds (0.58 minutes)
>>>>>>>>>>>>>>>>>>>>>>>>>>>>>>>>>>>>>>>>>>>>>>>>>>>>>>>>>>>>>>>>>>>>>>>>>>>>>>>>>>>>>>>>>>>>>>>>>>>>
epoch: 11
Batch 0 completed in 0.44 seconds (0.01 minutes)
loss: 1346.642212, val_acc: 25.60% (0.256019), val_f1: 13.59% (0.135889), test_acc: 26.42% (0.264240), test_f1: 13.93% (0.139340)
Epoch 11 completed in 34.91 seconds (0.58 minutes)
>>>>>>>>>>>>>>>>>>>>>>>>>>>>>>>>>>>>>>>>>>>>>>>>>>>>>>>>>>>>>>>>>>>>>>>>>>>>>>>>>>>>>>>>>>>>>>>>>>>>
epoch: 12
Batch 0 completed in 0.44 seconds (0.01 minutes)
loss: 1378.496460, val_acc: 25.95% (0.259542), val_f1: 13.74% (0.137374), test_acc: 25.31% (0.253083), test_f1: 13.46% (0.134645)
Epoch 12 completed in 34.56 seconds (0.58 minutes)
>>>>>>>>>>>>>>>>>>>>>>>>>>>>>>>>>>>>>>>>>>>>>>>>>>>>>>>>>>>>>>>>>>>>>>>>>>>>>>>>>>>>>>>>>>>>>>>>>>>>
epoch: 13
Batch 0 completed in 0.44 seconds (0.01 minutes)
loss: 383.670288, val_acc: 48.44% (0.484439), val_f1: 21.76% (0.217563), test_acc: 48.27% (0.482678), test_f1: 21.70% (0.217030)
Epoch 13 completed in 35.07 seconds (0.58 minutes)
>>>>>>>>>>>>>>>>>>>>>>>>>>>>>>>>>>>>>>>>>>>>>>>>>>>>>>>>>>>>>>>>>>>>>>>>>>>>>>>>>>>>>>>>>>>>>>>>>>>>
epoch: 14
Batch 0 completed in 0.44 seconds (0.01 minutes)
loss: 3340.223877, val_acc: 25.95% (0.259542), val_f1: 13.74% (0.137374), test_acc: 25.31% (0.253083), test_f1: 13.46% (0.134645)
Epoch 14 completed in 34.52 seconds (0.58 minutes)
>>>>>>>>>>>>>>>>>>>>>>>>>>>>>>>>>>>>>>>>>>>>>>>>>>>>>>>>>>>>>>>>>>>>>>>>>>>>>>>>>>>>>>>>>>>>>>>>>>>>
epoch: 15
Batch 0 completed in 0.44 seconds (0.01 minutes)
loss: 152.669250, val_acc: 48.44% (0.484439), val_f1: 21.76% (0.217563), test_acc: 48.27% (0.482678), test_f1: 21.70% (0.217030)
Epoch 15 completed in 35.12 seconds (0.59 minutes)
>>>>>>>>>>>>>>>>>>>>>>>>>>>>>>>>>>>>>>>>>>>>>>>>>>>>>>>>>>>>>>>>>>>>>>>>>>>>>>>>>>>>>>>>>>>>>>>>>>>>
epoch: 16
Batch 0 completed in 0.44 seconds (0.01 minutes)
loss: 1154.865479, val_acc: 25.60% (0.256019), val_f1: 13.59% (0.135889), test_acc: 26.42% (0.264240), test_f1: 13.93% (0.139340)
Epoch 16 completed in 34.60 seconds (0.58 minutes)
>>>>>>>>>>>>>>>>>>>>>>>>>>>>>>>>>>>>>>>>>>>>>>>>>>>>>>>>>>>>>>>>>>>>>>>>>>>>>>>>>>>>>>>>>>>>>>>>>>>>
epoch: 17
Batch 0 completed in 0.44 seconds (0.01 minutes)
loss: 4342.721191, val_acc: 25.60% (0.256019), val_f1: 13.59% (0.135889), test_acc: 26.42% (0.264240), test_f1: 13.93% (0.139340)
Epoch 17 completed in 34.95 seconds (0.58 minutes)
>>>>>>>>>>>>>>>>>>>>>>>>>>>>>>>>>>>>>>>>>>>>>>>>>>>>>>>>>>>>>>>>>>>>>>>>>>>>>>>>>>>>>>>>>>>>>>>>>>>>
epoch: 18
Batch 0 completed in 0.44 seconds (0.01 minutes)
loss: 1844.886719, val_acc: 25.95% (0.259542), val_f1: 13.74% (0.137374), test_acc: 25.31% (0.253083), test_f1: 13.46% (0.134645)
Epoch 18 completed in 34.67 seconds (0.58 minutes)
>>>>>>>>>>>>>>>>>>>>>>>>>>>>>>>>>>>>>>>>>>>>>>>>>>>>>>>>>>>>>>>>>>>>>>>>>>>>>>>>>>>>>>>>>>>>>>>>>>>>
epoch: 19
Batch 0 completed in 0.44 seconds (0.01 minutes)
loss: 9070.560547, val_acc: 48.44% (0.484439), val_f1: 21.76% (0.217563), test_acc: 48.27% (0.482678), test_f1: 21.70% (0.217030)
Epoch 19 completed in 34.80 seconds (0.58 minutes)
>>>>>>>>>>>>>>>>>>>>>>>>>>>>>>>>>>>>>>>>>>>>>>>>>>>>>>>>>>>>>>>>>>>>>>>>>>>>>>>>>>>>>>>>>>>>>>>>>>>>
epoch: 20
Batch 0 completed in 0.44 seconds (0.01 minutes)
New best val_f1: 0.288336 (previous best: 0.217563)
loss: 2238.650146, val_acc: 43.22% (0.432179), val_f1: 28.83% (0.288336), test_acc: 42.75% (0.427481), test_f1: 27.96% (0.279644)
Epoch 20 completed in 34.84 seconds (0.58 minutes)
>>>>>>>>>>>>>>>>>>>>>>>>>>>>>>>>>>>>>>>>>>>>>>>>>>>>>>>>>>>>>>>>>>>>>>>>>>>>>>>>>>>>>>>>>>>>>>>>>>>>
epoch: 21
Batch 0 completed in 0.44 seconds (0.01 minutes)
loss: 203.701233, val_acc: 25.95% (0.259542), val_f1: 13.74% (0.137374), test_acc: 25.31% (0.253083), test_f1: 13.46% (0.134645)
Epoch 21 completed in 34.66 seconds (0.58 minutes)
>>>>>>>>>>>>>>>>>>>>>>>>>>>>>>>>>>>>>>>>>>>>>>>>>>>>>>>>>>>>>>>>>>>>>>>>>>>>>>>>>>>>>>>>>>>>>>>>>>>>
epoch: 22
Batch 0 completed in 0.44 seconds (0.01 minutes)
loss: 7228.070312, val_acc: 25.60% (0.256019), val_f1: 13.59% (0.135889), test_acc: 26.42% (0.264240), test_f1: 13.93% (0.139340)
Epoch 22 completed in 34.84 seconds (0.58 minutes)
>>>>>>>>>>>>>>>>>>>>>>>>>>>>>>>>>>>>>>>>>>>>>>>>>>>>>>>>>>>>>>>>>>>>>>>>>>>>>>>>>>>>>>>>>>>>>>>>>>>>
epoch: 23
Batch 0 completed in 0.44 seconds (0.01 minutes)
loss: 6482.773926, val_acc: 48.44% (0.484439), val_f1: 21.76% (0.217563), test_acc: 48.27% (0.482678), test_f1: 21.70% (0.217030)
Epoch 23 completed in 34.64 seconds (0.58 minutes)
>>>>>>>>>>>>>>>>>>>>>>>>>>>>>>>>>>>>>>>>>>>>>>>>>>>>>>>>>>>>>>>>>>>>>>>>>>>>>>>>>>>>>>>>>>>>>>>>>>>>
epoch: 24
Batch 0 completed in 0.44 seconds (0.01 minutes)
loss: 57139.285156, val_acc: 48.44% (0.484439), val_f1: 21.76% (0.217563), test_acc: 48.27% (0.482678), test_f1: 21.70% (0.217030)
Epoch 24 completed in 34.92 seconds (0.58 minutes)
>>>>>>>>>>>>>>>>>>>>>>>>>>>>>>>>>>>>>>>>>>>>>>>>>>>>>>>>>>>>>>>>>>>>>>>>>>>>>>>>>>>>>>>>>>>>>>>>>>>>
epoch: 25
Batch 0 completed in 0.44 seconds (0.01 minutes)
loss: 8752.926758, val_acc: 25.60% (0.256019), val_f1: 13.59% (0.135889), test_acc: 26.42% (0.264240), test_f1: 13.93% (0.139340)
Epoch 25 completed in 34.46 seconds (0.57 minutes)
>>>>>>>>>>>>>>>>>>>>>>>>>>>>>>>>>>>>>>>>>>>>>>>>>>>>>>>>>>>>>>>>>>>>>>>>>>>>>>>>>>>>>>>>>>>>>>>>>>>>
epoch: 26
Batch 0 completed in 0.44 seconds (0.01 minutes)
loss: 921.129822, val_acc: 48.44% (0.484439), val_f1: 21.76% (0.217563), test_acc: 48.27% (0.482678), test_f1: 21.70% (0.217030)
Epoch 26 completed in 35.19 seconds (0.59 minutes)
>>>>>>>>>>>>>>>>>>>>>>>>>>>>>>>>>>>>>>>>>>>>>>>>>>>>>>>>>>>>>>>>>>>>>>>>>>>>>>>>>>>>>>>>>>>>>>>>>>>>
epoch: 27
Batch 0 completed in 0.44 seconds (0.01 minutes)
loss: 5210.417480, val_acc: 48.44% (0.484439), val_f1: 21.76% (0.217563), test_acc: 48.27% (0.482678), test_f1: 21.70% (0.217030)
Epoch 27 completed in 34.57 seconds (0.58 minutes)
>>>>>>>>>>>>>>>>>>>>>>>>>>>>>>>>>>>>>>>>>>>>>>>>>>>>>>>>>>>>>>>>>>>>>>>>>>>>>>>>>>>>>>>>>>>>>>>>>>>>
epoch: 28
Batch 0 completed in 0.44 seconds (0.01 minutes)
loss: 455.273224, val_acc: 25.95% (0.259542), val_f1: 13.74% (0.137374), test_acc: 25.31% (0.253083), test_f1: 13.46% (0.134645)
Epoch 28 completed in 35.01 seconds (0.58 minutes)
>>>>>>>>>>>>>>>>>>>>>>>>>>>>>>>>>>>>>>>>>>>>>>>>>>>>>>>>>>>>>>>>>>>>>>>>>>>>>>>>>>>>>>>>>>>>>>>>>>>>
epoch: 29
Batch 0 completed in 0.44 seconds (0.01 minutes)
loss: 23237.414062, val_acc: 48.44% (0.484439), val_f1: 21.76% (0.217563), test_acc: 48.27% (0.482678), test_f1: 21.70% (0.217030)
Epoch 29 completed in 34.59 seconds (0.58 minutes)
>>>>>>>>>>>>>>>>>>>>>>>>>>>>>>>>>>>>>>>>>>>>>>>>>>>>>>>>>>>>>>>>>>>>>>>>>>>>>>>>>>>>>>>>>>>>>>>>>>>>
epoch: 30
Batch 0 completed in 0.44 seconds (0.01 minutes)
loss: 1576.890991, val_acc: 48.44% (0.484439), val_f1: 21.76% (0.217563), test_acc: 48.27% (0.482678), test_f1: 21.70% (0.217030)
Epoch 30 completed in 34.96 seconds (0.58 minutes)
>>>>>>>>>>>>>>>>>>>>>>>>>>>>>>>>>>>>>>>>>>>>>>>>>>>>>>>>>>>>>>>>>>>>>>>>>>>>>>>>>>>>>>>>>>>>>>>>>>>>
epoch: 31
Batch 0 completed in 0.44 seconds (0.01 minutes)
loss: 33362.757812, val_acc: 25.60% (0.256019), val_f1: 13.59% (0.135889), test_acc: 26.42% (0.264240), test_f1: 13.93% (0.139340)
Epoch 31 completed in 34.81 seconds (0.58 minutes)
>>>>>>>>>>>>>>>>>>>>>>>>>>>>>>>>>>>>>>>>>>>>>>>>>>>>>>>>>>>>>>>>>>>>>>>>>>>>>>>>>>>>>>>>>>>>>>>>>>>>
epoch: 32
Batch 0 completed in 0.44 seconds (0.01 minutes)
loss: 3046.645020, val_acc: 25.95% (0.259542), val_f1: 13.74% (0.137374), test_acc: 25.31% (0.253083), test_f1: 13.46% (0.134645)
Epoch 32 completed in 34.68 seconds (0.58 minutes)
>>>>>>>>>>>>>>>>>>>>>>>>>>>>>>>>>>>>>>>>>>>>>>>>>>>>>>>>>>>>>>>>>>>>>>>>>>>>>>>>>>>>>>>>>>>>>>>>>>>>
epoch: 33
Batch 0 completed in 0.44 seconds (0.01 minutes)
loss: 6537.838867, val_acc: 48.44% (0.484439), val_f1: 21.76% (0.217563), test_acc: 48.27% (0.482678), test_f1: 21.70% (0.217030)
Epoch 33 completed in 34.78 seconds (0.58 minutes)
>>>>>>>>>>>>>>>>>>>>>>>>>>>>>>>>>>>>>>>>>>>>>>>>>>>>>>>>>>>>>>>>>>>>>>>>>>>>>>>>>>>>>>>>>>>>>>>>>>>>
epoch: 34
Batch 0 completed in 0.44 seconds (0.01 minutes)
loss: 451.447357, val_acc: 48.39% (0.483852), val_f1: 22.02% (0.220225), test_acc: 48.09% (0.480916), test_f1: 21.67% (0.216667)
Epoch 34 completed in 34.67 seconds (0.58 minutes)
>>>>>>>>>>>>>>>>>>>>>>>>>>>>>>>>>>>>>>>>>>>>>>>>>>>>>>>>>>>>>>>>>>>>>>>>>>>>>>>>>>>>>>>>>>>>>>>>>>>>
epoch: 35
Batch 0 completed in 0.44 seconds (0.01 minutes)
loss: 963.649109, val_acc: 25.60% (0.256019), val_f1: 13.59% (0.135889), test_acc: 26.42% (0.264240), test_f1: 13.93% (0.139340)
Epoch 35 completed in 34.87 seconds (0.58 minutes)
>>>>>>>>>>>>>>>>>>>>>>>>>>>>>>>>>>>>>>>>>>>>>>>>>>>>>>>>>>>>>>>>>>>>>>>>>>>>>>>>>>>>>>>>>>>>>>>>>>>>
epoch: 36
Batch 0 completed in 0.44 seconds (0.01 minutes)
loss: 16919.753906, val_acc: 25.95% (0.259542), val_f1: 13.74% (0.137374), test_acc: 25.31% (0.253083), test_f1: 13.46% (0.134645)
Epoch 36 completed in 34.43 seconds (0.57 minutes)
>>>>>>>>>>>>>>>>>>>>>>>>>>>>>>>>>>>>>>>>>>>>>>>>>>>>>>>>>>>>>>>>>>>>>>>>>>>>>>>>>>>>>>>>>>>>>>>>>>>>
epoch: 37
Batch 0 completed in 0.44 seconds (0.01 minutes)
loss: 4198.836426, val_acc: 25.95% (0.259542), val_f1: 13.74% (0.137374), test_acc: 25.31% (0.253083), test_f1: 13.46% (0.134645)
Epoch 37 completed in 35.19 seconds (0.59 minutes)
>>>>>>>>>>>>>>>>>>>>>>>>>>>>>>>>>>>>>>>>>>>>>>>>>>>>>>>>>>>>>>>>>>>>>>>>>>>>>>>>>>>>>>>>>>>>>>>>>>>>
epoch: 38
Batch 0 completed in 0.44 seconds (0.01 minutes)
loss: 158.216904, val_acc: 48.44% (0.484439), val_f1: 21.76% (0.217563), test_acc: 48.27% (0.482678), test_f1: 21.70% (0.217030)
Epoch 38 completed in 34.54 seconds (0.58 minutes)
>>>>>>>>>>>>>>>>>>>>>>>>>>>>>>>>>>>>>>>>>>>>>>>>>>>>>>>>>>>>>>>>>>>>>>>>>>>>>>>>>>>>>>>>>>>>>>>>>>>>
epoch: 39
Batch 0 completed in 0.44 seconds (0.01 minutes)
loss: 2737.394775, val_acc: 48.44% (0.484439), val_f1: 21.76% (0.217563), test_acc: 48.27% (0.482678), test_f1: 21.70% (0.217030)
Epoch 39 completed in 35.14 seconds (0.59 minutes)
>>>>>>>>>>>>>>>>>>>>>>>>>>>>>>>>>>>>>>>>>>>>>>>>>>>>>>>>>>>>>>>>>>>>>>>>>>>>>>>>>>>>>>>>>>>>>>>>>>>>
epoch: 40
Batch 0 completed in 0.44 seconds (0.01 minutes)
loss: 1375.907837, val_acc: 48.44% (0.484439), val_f1: 21.76% (0.217563), test_acc: 48.27% (0.482678), test_f1: 21.70% (0.217030)
Epoch 40 completed in 34.67 seconds (0.58 minutes)
>>>>>>>>>>>>>>>>>>>>>>>>>>>>>>>>>>>>>>>>>>>>>>>>>>>>>>>>>>>>>>>>>>>>>>>>>>>>>>>>>>>>>>>>>>>>>>>>>>>>
epoch: 41
Batch 0 completed in 0.44 seconds (0.01 minutes)
loss: 995.713379, val_acc: 48.44% (0.484439), val_f1: 21.76% (0.217563), test_acc: 48.27% (0.482678), test_f1: 21.70% (0.217030)
Epoch 41 completed in 34.88 seconds (0.58 minutes)
>>>>>>>>>>>>>>>>>>>>>>>>>>>>>>>>>>>>>>>>>>>>>>>>>>>>>>>>>>>>>>>>>>>>>>>>>>>>>>>>>>>>>>>>>>>>>>>>>>>>
epoch: 42
Batch 0 completed in 0.44 seconds (0.01 minutes)
loss: 375.168121, val_acc: 48.44% (0.484439), val_f1: 21.76% (0.217563), test_acc: 48.27% (0.482678), test_f1: 21.70% (0.217030)
Epoch 42 completed in 34.78 seconds (0.58 minutes)
>>>>>>>>>>>>>>>>>>>>>>>>>>>>>>>>>>>>>>>>>>>>>>>>>>>>>>>>>>>>>>>>>>>>>>>>>>>>>>>>>>>>>>>>>>>>>>>>>>>>
epoch: 43
Batch 0 completed in 0.44 seconds (0.01 minutes)
loss: 4663.005859, val_acc: 48.44% (0.484439), val_f1: 21.76% (0.217563), test_acc: 48.27% (0.482678), test_f1: 21.70% (0.217030)
Epoch 43 completed in 34.64 seconds (0.58 minutes)
>>>>>>>>>>>>>>>>>>>>>>>>>>>>>>>>>>>>>>>>>>>>>>>>>>>>>>>>>>>>>>>>>>>>>>>>>>>>>>>>>>>>>>>>>>>>>>>>>>>>
epoch: 44
Batch 0 completed in 0.44 seconds (0.01 minutes)
loss: 30720.859375, val_acc: 25.95% (0.259542), val_f1: 13.74% (0.137374), test_acc: 25.31% (0.253083), test_f1: 13.46% (0.134645)
Epoch 44 completed in 34.80 seconds (0.58 minutes)
>>>>>>>>>>>>>>>>>>>>>>>>>>>>>>>>>>>>>>>>>>>>>>>>>>>>>>>>>>>>>>>>>>>>>>>>>>>>>>>>>>>>>>>>>>>>>>>>>>>>
epoch: 45
Batch 0 completed in 0.44 seconds (0.01 minutes)
loss: 2376.032227, val_acc: 48.44% (0.484439), val_f1: 21.76% (0.217563), test_acc: 48.27% (0.482678), test_f1: 21.70% (0.217030)
Epoch 45 completed in 34.62 seconds (0.58 minutes)
>>>>>>>>>>>>>>>>>>>>>>>>>>>>>>>>>>>>>>>>>>>>>>>>>>>>>>>>>>>>>>>>>>>>>>>>>>>>>>>>>>>>>>>>>>>>>>>>>>>>
epoch: 46
Batch 0 completed in 0.44 seconds (0.01 minutes)
loss: 14597.447266, val_acc: 25.60% (0.256019), val_f1: 13.59% (0.135889), test_acc: 26.42% (0.264240), test_f1: 13.93% (0.139340)
Epoch 46 completed in 34.87 seconds (0.58 minutes)
>>>>>>>>>>>>>>>>>>>>>>>>>>>>>>>>>>>>>>>>>>>>>>>>>>>>>>>>>>>>>>>>>>>>>>>>>>>>>>>>>>>>>>>>>>>>>>>>>>>>
epoch: 47
Batch 0 completed in 0.44 seconds (0.01 minutes)
loss: 7010.429688, val_acc: 25.60% (0.256019), val_f1: 13.59% (0.135889), test_acc: 26.42% (0.264240), test_f1: 13.93% (0.139340)
Epoch 47 completed in 34.47 seconds (0.57 minutes)
>>>>>>>>>>>>>>>>>>>>>>>>>>>>>>>>>>>>>>>>>>>>>>>>>>>>>>>>>>>>>>>>>>>>>>>>>>>>>>>>>>>>>>>>>>>>>>>>>>>>
epoch: 48
Batch 0 completed in 0.44 seconds (0.01 minutes)
loss: 111.554039, val_acc: 25.95% (0.259542), val_f1: 13.74% (0.137374), test_acc: 25.31% (0.253083), test_f1: 13.46% (0.134645)
Epoch 48 completed in 35.14 seconds (0.59 minutes)
>>>>>>>>>>>>>>>>>>>>>>>>>>>>>>>>>>>>>>>>>>>>>>>>>>>>>>>>>>>>>>>>>>>>>>>>>>>>>>>>>>>>>>>>>>>>>>>>>>>>
epoch: 49
Batch 0 completed in 0.44 seconds (0.01 minutes)
loss: 149.196213, val_acc: 48.44% (0.484439), val_f1: 21.76% (0.217563), test_acc: 48.27% (0.482678), test_f1: 21.70% (0.217030)
Epoch 49 completed in 34.51 seconds (0.58 minutes)
>>>>>>>>>>>>>>>>>>>>>>>>>>>>>>>>>>>>>>>>>>>>>>>>>>>>>>>>>>>>>>>>>>>>>>>>>>>>>>>>>>>>>>>>>>>>>>>>>>>>
epoch: 50
Batch 0 completed in 0.44 seconds (0.01 minutes)
loss: 58649.722656, val_acc: 48.44% (0.484439), val_f1: 21.76% (0.217563), test_acc: 48.27% (0.482678), test_f1: 21.70% (0.217030)
Epoch 50 completed in 35.01 seconds (0.58 minutes)
>>>>>>>>>>>>>>>>>>>>>>>>>>>>>>>>>>>>>>>>>>>>>>>>>>>>>>>>>>>>>>>>>>>>>>>>>>>>>>>>>>>>>>>>>>>>>>>>>>>>
epoch: 51
Batch 0 completed in 0.44 seconds (0.01 minutes)
loss: 11816.890625, val_acc: 25.95% (0.259542), val_f1: 13.74% (0.137374), test_acc: 25.31% (0.253083), test_f1: 13.46% (0.134645)
Epoch 51 completed in 34.57 seconds (0.58 minutes)
>>>>>>>>>>>>>>>>>>>>>>>>>>>>>>>>>>>>>>>>>>>>>>>>>>>>>>>>>>>>>>>>>>>>>>>>>>>>>>>>>>>>>>>>>>>>>>>>>>>>
epoch: 52
Batch 0 completed in 0.44 seconds (0.01 minutes)
loss: 2256.842285, val_acc: 25.95% (0.259542), val_f1: 13.74% (0.137374), test_acc: 25.31% (0.253083), test_f1: 13.46% (0.134645)
Epoch 52 completed in 34.98 seconds (0.58 minutes)
>>>>>>>>>>>>>>>>>>>>>>>>>>>>>>>>>>>>>>>>>>>>>>>>>>>>>>>>>>>>>>>>>>>>>>>>>>>>>>>>>>>>>>>>>>>>>>>>>>>>
epoch: 53
Batch 0 completed in 0.44 seconds (0.01 minutes)
loss: 202.271942, val_acc: 25.95% (0.259542), val_f1: 13.74% (0.137374), test_acc: 25.31% (0.253083), test_f1: 13.46% (0.134645)
Epoch 53 completed in 34.78 seconds (0.58 minutes)
>>>>>>>>>>>>>>>>>>>>>>>>>>>>>>>>>>>>>>>>>>>>>>>>>>>>>>>>>>>>>>>>>>>>>>>>>>>>>>>>>>>>>>>>>>>>>>>>>>>>
epoch: 54
Batch 0 completed in 0.44 seconds (0.01 minutes)
loss: 9169.709961, val_acc: 48.44% (0.484439), val_f1: 21.76% (0.217563), test_acc: 48.27% (0.482678), test_f1: 21.70% (0.217030)
Epoch 54 completed in 34.64 seconds (0.58 minutes)
>>>>>>>>>>>>>>>>>>>>>>>>>>>>>>>>>>>>>>>>>>>>>>>>>>>>>>>>>>>>>>>>>>>>>>>>>>>>>>>>>>>>>>>>>>>>>>>>>>>>
epoch: 55
Batch 0 completed in 0.44 seconds (0.01 minutes)
loss: 1024.613159, val_acc: 25.60% (0.256019), val_f1: 13.59% (0.135889), test_acc: 26.42% (0.264240), test_f1: 13.93% (0.139340)
Epoch 55 completed in 34.79 seconds (0.58 minutes)
>>>>>>>>>>>>>>>>>>>>>>>>>>>>>>>>>>>>>>>>>>>>>>>>>>>>>>>>>>>>>>>>>>>>>>>>>>>>>>>>>>>>>>>>>>>>>>>>>>>>
epoch: 56
Batch 0 completed in 0.44 seconds (0.01 minutes)
loss: 3543.976562, val_acc: 25.95% (0.259542), val_f1: 13.74% (0.137374), test_acc: 25.31% (0.253083), test_f1: 13.46% (0.134645)
Epoch 56 completed in 34.72 seconds (0.58 minutes)
>>>>>>>>>>>>>>>>>>>>>>>>>>>>>>>>>>>>>>>>>>>>>>>>>>>>>>>>>>>>>>>>>>>>>>>>>>>>>>>>>>>>>>>>>>>>>>>>>>>>
epoch: 57
Batch 0 completed in 0.44 seconds (0.01 minutes)
loss: 16271.518555, val_acc: 25.95% (0.259542), val_f1: 13.74% (0.137374), test_acc: 25.31% (0.253083), test_f1: 13.46% (0.134645)
Epoch 57 completed in 34.80 seconds (0.58 minutes)
>>>>>>>>>>>>>>>>>>>>>>>>>>>>>>>>>>>>>>>>>>>>>>>>>>>>>>>>>>>>>>>>>>>>>>>>>>>>>>>>>>>>>>>>>>>>>>>>>>>>
epoch: 58
Batch 0 completed in 0.44 seconds (0.01 minutes)
loss: 546.413086, val_acc: 48.44% (0.484439), val_f1: 21.76% (0.217563), test_acc: 48.27% (0.482678), test_f1: 21.70% (0.217030)
Epoch 58 completed in 34.56 seconds (0.58 minutes)
>>>>>>>>>>>>>>>>>>>>>>>>>>>>>>>>>>>>>>>>>>>>>>>>>>>>>>>>>>>>>>>>>>>>>>>>>>>>>>>>>>>>>>>>>>>>>>>>>>>>
epoch: 59
Batch 0 completed in 0.44 seconds (0.01 minutes)
loss: 294.709961, val_acc: 25.60% (0.256019), val_f1: 13.59% (0.135889), test_acc: 26.42% (0.264240), test_f1: 13.93% (0.139340)
Epoch 59 completed in 35.04 seconds (0.58 minutes)
>>>>>>>>>>>>>>>>>>>>>>>>>>>>>>>>>>>>>>>>>>>>>>>>>>>>>>>>>>>>>>>>>>>>>>>>>>>>>>>>>>>>>>>>>>>>>>>>>>>>
epoch: 60
Batch 0 completed in 0.44 seconds (0.01 minutes)
loss: 284.637634, val_acc: 25.95% (0.259542), val_f1: 13.74% (0.137374), test_acc: 25.31% (0.253083), test_f1: 13.46% (0.134645)
Epoch 60 completed in 34.51 seconds (0.58 minutes)
>>>>>>>>>>>>>>>>>>>>>>>>>>>>>>>>>>>>>>>>>>>>>>>>>>>>>>>>>>>>>>>>>>>>>>>>>>>>>>>>>>>>>>>>>>>>>>>>>>>>
epoch: 61
Batch 0 completed in 0.44 seconds (0.01 minutes)
loss: 698.678345, val_acc: 25.95% (0.259542), val_f1: 13.74% (0.137374), test_acc: 25.31% (0.253083), test_f1: 13.46% (0.134645)
Epoch 61 completed in 35.14 seconds (0.59 minutes)
>>>>>>>>>>>>>>>>>>>>>>>>>>>>>>>>>>>>>>>>>>>>>>>>>>>>>>>>>>>>>>>>>>>>>>>>>>>>>>>>>>>>>>>>>>>>>>>>>>>>
epoch: 62
Batch 0 completed in 0.44 seconds (0.01 minutes)
loss: 3365.306396, val_acc: 25.95% (0.259542), val_f1: 13.74% (0.137374), test_acc: 25.31% (0.253083), test_f1: 13.46% (0.134645)
Epoch 62 completed in 34.61 seconds (0.58 minutes)
>>>>>>>>>>>>>>>>>>>>>>>>>>>>>>>>>>>>>>>>>>>>>>>>>>>>>>>>>>>>>>>>>>>>>>>>>>>>>>>>>>>>>>>>>>>>>>>>>>>>
epoch: 63
Batch 0 completed in 0.44 seconds (0.01 minutes)
loss: 10127.101562, val_acc: 25.95% (0.259542), val_f1: 13.74% (0.137374), test_acc: 25.31% (0.253083), test_f1: 13.46% (0.134645)
Epoch 63 completed in 34.86 seconds (0.58 minutes)
>>>>>>>>>>>>>>>>>>>>>>>>>>>>>>>>>>>>>>>>>>>>>>>>>>>>>>>>>>>>>>>>>>>>>>>>>>>>>>>>>>>>>>>>>>>>>>>>>>>>
epoch: 64
Batch 0 completed in 0.44 seconds (0.01 minutes)
loss: 10090.813477, val_acc: 48.44% (0.484439), val_f1: 21.76% (0.217563), test_acc: 48.27% (0.482678), test_f1: 21.70% (0.217030)
Epoch 64 completed in 34.74 seconds (0.58 minutes)
>>>>>>>>>>>>>>>>>>>>>>>>>>>>>>>>>>>>>>>>>>>>>>>>>>>>>>>>>>>>>>>>>>>>>>>>>>>>>>>>>>>>>>>>>>>>>>>>>>>>
epoch: 65
Batch 0 completed in 0.44 seconds (0.01 minutes)
loss: 3647.637207, val_acc: 48.44% (0.484439), val_f1: 21.76% (0.217563), test_acc: 48.27% (0.482678), test_f1: 21.70% (0.217030)
Epoch 65 completed in 34.75 seconds (0.58 minutes)
>>>>>>>>>>>>>>>>>>>>>>>>>>>>>>>>>>>>>>>>>>>>>>>>>>>>>>>>>>>>>>>>>>>>>>>>>>>>>>>>>>>>>>>>>>>>>>>>>>>>
epoch: 66
Batch 0 completed in 0.44 seconds (0.01 minutes)
loss: 6562.410156, val_acc: 48.44% (0.484439), val_f1: 21.76% (0.217563), test_acc: 48.27% (0.482678), test_f1: 21.70% (0.217030)
Epoch 66 completed in 34.80 seconds (0.58 minutes)
>>>>>>>>>>>>>>>>>>>>>>>>>>>>>>>>>>>>>>>>>>>>>>>>>>>>>>>>>>>>>>>>>>>>>>>>>>>>>>>>>>>>>>>>>>>>>>>>>>>>
epoch: 67
Batch 0 completed in 0.44 seconds (0.01 minutes)
loss: 890.862549, val_acc: 25.95% (0.259542), val_f1: 13.74% (0.137374), test_acc: 25.31% (0.253083), test_f1: 13.46% (0.134645)
Epoch 67 completed in 34.63 seconds (0.58 minutes)
>>>>>>>>>>>>>>>>>>>>>>>>>>>>>>>>>>>>>>>>>>>>>>>>>>>>>>>>>>>>>>>>>>>>>>>>>>>>>>>>>>>>>>>>>>>>>>>>>>>>
epoch: 68
Batch 0 completed in 0.44 seconds (0.01 minutes)
loss: 396.779938, val_acc: 25.95% (0.259542), val_f1: 13.74% (0.137374), test_acc: 25.31% (0.253083), test_f1: 13.46% (0.134645)
Epoch 68 completed in 34.86 seconds (0.58 minutes)
>>>>>>>>>>>>>>>>>>>>>>>>>>>>>>>>>>>>>>>>>>>>>>>>>>>>>>>>>>>>>>>>>>>>>>>>>>>>>>>>>>>>>>>>>>>>>>>>>>>>
epoch: 69
Batch 0 completed in 0.44 seconds (0.01 minutes)
loss: 1551.963379, val_acc: 25.95% (0.259542), val_f1: 13.74% (0.137374), test_acc: 25.31% (0.253083), test_f1: 13.46% (0.134645)
Epoch 69 completed in 34.53 seconds (0.58 minutes)
RESULT: Max Val F1: 0.288336, Max Test F1: 0.279644
Training complete. Generating confusion matrix on the test set.
Confusion matrix saved to /home/rgg2706/Multimodal-Sentiment-Analysis/Logs/DMLAN/2025-02-04/sub-5/007_Feb-04-2025_07:55_PM/confusion_matrix.png
Reading TensorBoard loss at each epoch:
Available tags: {'images': [], 'audio': [], 'histograms': [], 'scalars': ['Loss/train', 'Loss/val'], 'distributions': [], 'tensors': [], 'graph': False, 'meta_graph': False, 'run_metadata': []}
Output File: /home/rgg2706/Multimodal-Sentiment-Analysis/Logs/DMLAN/2025-02-04/sub-5/007_Feb-04-2025_07:55_PM/trainval_loss_curves.png
Training and validation loss curves saved to /home/rgg2706/Multimodal-Sentiment-Analysis/Logs/DMLAN/2025-02-04/sub-5/007_Feb-04-2025_07:55_PM/trainval_loss_curves.png
Total Completion Time: 42.83 minutes. (0.71 hours) 
