SLURM Job ID: 20077965
The first version with resnset
Model: MOASC4
Dataset: MOA-MVSA-single
directory /home/rgg2706/Multimodal-Sentiment-Analysis/Datasets/MOA-MVSA-single exists
directory /home/rgg2706/Multimodal-Sentiment-Analysis/Datasets/MOA-MVSA-multiple exists
directory /home/rgg2706/Multimodal-Sentiment-Analysis/Models/MOASC4/SaveFiles/SentimentClassifier exists
65
Loading dataset from: /home/rgg2706/Multimodal-Sentiment-Analysis/Datasets/MOA-MVSA-single
/home/rgg2706/Multimodal-Sentiment-Analysis/Datasets/MOA-MVSA-single/text
/home/rgg2706/Multimodal-Sentiment-Analysis/Datasets/MOA-MVSA-single/image
[DEBUG] Now in dataset directory for labels: /home/rgg2706/Multimodal-Sentiment-Analysis/Datasets/MOA-MVSA-single
[DEBUG] About to read labels from: /home/rgg2706/Multimodal-Sentiment-Analysis/Datasets/MOA-MVSA-single/labels.csv
Dataset directory is: /home/rgg2706/Multimodal-Sentiment-Analysis/Datasets/MOA-MVSA-single
Files in dataset directory: ['labels.csv', 'text', 'image']
   ID  text  image
0   1     2      1
1   2     2      1
2   3     2      1
3   4     1      1
4   5     1      1
5   6     1      1
6   7     1      1
7   8     2      1
8   9     1      1
9  10     0      0

[DEBUG] First 5 training texts:
    ID: 4 | Overall sentiment: 1 | Text: esco  we have a young and energetic team and we pride ourselves on offering the highes hoer 
    ID: 5 | Overall sentiment: 1 | Text:  chrisashaffer  went to  ssc today to be a movie star to rep for the  deaf and got to meet an energetic great guy  mark  white! 
    ID: 6 | Overall sentiment: 1 | Text:  babeshawnmendes that was really energetic 
    ID: 7 | Overall sentiment: 1 | Text:  deepikapadukone  to my most hard workingfun loving and energetic team.. thank you and  i love you! 
    ID: 8 | Overall sentiment: 1 | Text: energetic training today with our  san  antonio  new  dollars new  partners trainees 
Train samples: 3653
Validation samples: 406
Test samples: 452
Total samples: 4511
Train label distribution: Negative=1100, Positive=2172, Neutral=381
Val   label distribution: Negative=119, Positive=247, Neutral=40
Test  label distribution: Negative=139, Positive=264, Neutral=49
Overall label distribution: Negative=1358, Positive=2683, Neutral=470
    Iteration 20 of epoch 1 completed. Loss : 1.1038923263549805 Accuracy : 46.88
    Iteration 40 of epoch 1 completed. Loss : 1.1044044494628906 Accuracy : 59.38
    Iteration 60 of epoch 1 completed. Loss : 1.097980260848999 Accuracy : 56.25
    Iteration 80 of epoch 1 completed. Loss : 1.0963943004608154 Accuracy : 59.38
    Iteration 100 of epoch 1 completed. Loss : 1.1075016260147095 Accuracy : 71.88
Best validation accuracy improved from 0.0 to 0.6940559440559441
Epoch 1 completed. Test dataset:
	 Loss: 1.0291
	 Accuracy : 64.58
	 Average recall: 0.4481
	 F1_PN: 0.6289
	 Macro-F1: 0.4193
	 Weighted-F1: 0.6051

Best test accuracy improved from 0.0 to 0.6458333333333334, saving model...
    Iteration 20 of epoch 2 completed. Loss : 1.082085132598877 Accuracy : 65.62
    Iteration 40 of epoch 2 completed. Loss : 0.964069128036499 Accuracy : 81.25
    Iteration 60 of epoch 2 completed. Loss : 0.9037370085716248 Accuracy : 68.75
    Iteration 80 of epoch 2 completed. Loss : 0.8249515891075134 Accuracy : 68.75
    Iteration 100 of epoch 2 completed. Loss : 0.9874629974365234 Accuracy : 81.25
Epoch 2 completed. Test dataset:
	 Loss: 0.8794
	 Accuracy : 66.46
	 Average recall: 0.4982
	 F1_PN: 0.6711
	 Macro-F1: 0.4474
	 Weighted-F1: 0.6258

Best test accuracy improved from 0.6458333333333334 to 0.6645833333333333, saving model...
    Iteration 20 of epoch 3 completed. Loss : 0.9793501496315002 Accuracy : 71.88
    Iteration 40 of epoch 3 completed. Loss : 0.6611248254776001 Accuracy : 90.62
    Iteration 60 of epoch 3 completed. Loss : 0.8022218346595764 Accuracy : 78.12
    Iteration 80 of epoch 3 completed. Loss : 0.9129642844200134 Accuracy : 84.38
    Iteration 100 of epoch 3 completed. Loss : 0.8338378071784973 Accuracy : 81.25
Epoch 3 completed. Test dataset:
	 Loss: 0.9128
	 Accuracy : 62.50
	 Average recall: 0.5830
	 F1_PN: 0.6364
	 Macro-F1: 0.5108
	 Weighted-F1: 0.6161

    Iteration 20 of epoch 4 completed. Loss : 0.8469696640968323 Accuracy : 71.88
    Iteration 40 of epoch 4 completed. Loss : 0.6709890365600586 Accuracy : 96.88
    Iteration 60 of epoch 4 completed. Loss : 0.6640685796737671 Accuracy : 87.50
    Iteration 80 of epoch 4 completed. Loss : 0.6468935012817383 Accuracy : 87.50
    Iteration 100 of epoch 4 completed. Loss : 0.9123535752296448 Accuracy : 78.12
Epoch 4 completed. Test dataset:
	 Loss: 0.9006
	 Accuracy : 63.96
	 Average recall: 0.5458
	 F1_PN: 0.6525
	 Macro-F1: 0.4972
	 Weighted-F1: 0.6273

    Iteration 20 of epoch 5 completed. Loss : 0.7826588153839111 Accuracy : 78.12
    Iteration 40 of epoch 5 completed. Loss : 0.5649694800376892 Accuracy : 96.88
    Iteration 60 of epoch 5 completed. Loss : 0.7367821335792542 Accuracy : 84.38
    Iteration 80 of epoch 5 completed. Loss : 0.623282790184021 Accuracy : 90.62
    Iteration 100 of epoch 5 completed. Loss : 0.6415112614631653 Accuracy : 90.62
Epoch 5 completed. Test dataset:
	 Loss: 0.8948
	 Accuracy : 65.00
	 Average recall: 0.5703
	 F1_PN: 0.6562
	 Macro-F1: 0.5303
	 Weighted-F1: 0.6451

    Iteration 20 of epoch 6 completed. Loss : 0.7231996059417725 Accuracy : 81.25
    Iteration 40 of epoch 6 completed. Loss : 0.5656341910362244 Accuracy : 96.88
    Iteration 60 of epoch 6 completed. Loss : 0.6522839069366455 Accuracy : 93.75
    Iteration 80 of epoch 6 completed. Loss : 0.621660590171814 Accuracy : 90.62
    Iteration 100 of epoch 6 completed. Loss : 0.6712809801101685 Accuracy : 90.62
Epoch 6 completed. Test dataset:
	 Loss: 0.8996
	 Accuracy : 64.58
	 Average recall: 0.5607
	 F1_PN: 0.6510
	 Macro-F1: 0.5224
	 Weighted-F1: 0.6405

    Iteration 20 of epoch 7 completed. Loss : 0.7160057425498962 Accuracy : 78.12
    Iteration 40 of epoch 7 completed. Loss : 0.5655456185340881 Accuracy : 96.88
    Iteration 60 of epoch 7 completed. Loss : 0.638458251953125 Accuracy : 90.62
    Iteration 80 of epoch 7 completed. Loss : 0.6416497826576233 Accuracy : 87.50
    Iteration 100 of epoch 7 completed. Loss : 0.6344334483146667 Accuracy : 93.75
Epoch 7 completed. Test dataset:
	 Loss: 0.8945
	 Accuracy : 65.42
	 Average recall: 0.5592
	 F1_PN: 0.6604
	 Macro-F1: 0.5258
	 Weighted-F1: 0.6468

    Iteration 20 of epoch 8 completed. Loss : 0.713521420955658 Accuracy : 81.25
    Iteration 40 of epoch 8 completed. Loss : 0.5650040507316589 Accuracy : 96.88
    Iteration 60 of epoch 8 completed. Loss : 0.6340848207473755 Accuracy : 87.50
    Iteration 80 of epoch 8 completed. Loss : 0.644001305103302 Accuracy : 87.50
    Iteration 100 of epoch 8 completed. Loss : 0.6217803359031677 Accuracy : 93.75
Epoch 8 completed. Test dataset:
	 Loss: 0.8938
	 Accuracy : 65.62
	 Average recall: 0.5645
	 F1_PN: 0.6615
	 Macro-F1: 0.5315
	 Weighted-F1: 0.6495

    Iteration 20 of epoch 9 completed. Loss : 0.7217674255371094 Accuracy : 78.12
    Iteration 40 of epoch 9 completed. Loss : 0.5649574995040894 Accuracy : 96.88
    Iteration 60 of epoch 9 completed. Loss : 0.6340229511260986 Accuracy : 90.62
    Iteration 80 of epoch 9 completed. Loss : 0.6206879615783691 Accuracy : 90.62
    Iteration 100 of epoch 9 completed. Loss : 0.6206417679786682 Accuracy : 93.75
Epoch 9 completed. Test dataset:
	 Loss: 0.8938
	 Accuracy : 65.62
	 Average recall: 0.5645
	 F1_PN: 0.6615
	 Macro-F1: 0.5315
	 Weighted-F1: 0.6495

    Iteration 20 of epoch 10 completed. Loss : 0.7121691107749939 Accuracy : 81.25
    Iteration 40 of epoch 10 completed. Loss : 0.5655974745750427 Accuracy : 96.88
    Iteration 60 of epoch 10 completed. Loss : 0.6226392388343811 Accuracy : 93.75
    Iteration 80 of epoch 10 completed. Loss : 0.6331937909126282 Accuracy : 87.50
    Iteration 100 of epoch 10 completed. Loss : 0.6274616122245789 Accuracy : 93.75
Epoch 10 completed. Test dataset:
	 Loss: 0.8935
	 Accuracy : 65.62
	 Average recall: 0.5645
	 F1_PN: 0.6615
	 Macro-F1: 0.5315
	 Weighted-F1: 0.6495

    Iteration 20 of epoch 11 completed. Loss : 0.7238219380378723 Accuracy : 78.12
    Iteration 40 of epoch 11 completed. Loss : 0.5657766461372375 Accuracy : 96.88
    Iteration 60 of epoch 11 completed. Loss : 0.6229302287101746 Accuracy : 93.75
    Iteration 80 of epoch 11 completed. Loss : 0.6305628418922424 Accuracy : 90.62
    Iteration 100 of epoch 11 completed. Loss : 0.6388024091720581 Accuracy : 90.62
Epoch 11 completed. Test dataset:
	 Loss: 0.8935
	 Accuracy : 65.62
	 Average recall: 0.5645
	 F1_PN: 0.6615
	 Macro-F1: 0.5315
	 Weighted-F1: 0.6495

    Iteration 20 of epoch 12 completed. Loss : 0.7239735722541809 Accuracy : 78.12
    Iteration 40 of epoch 12 completed. Loss : 0.5651366114616394 Accuracy : 96.88
    Iteration 60 of epoch 12 completed. Loss : 0.6259884834289551 Accuracy : 90.62
    Iteration 80 of epoch 12 completed. Loss : 0.6276517510414124 Accuracy : 90.62
    Iteration 100 of epoch 12 completed. Loss : 0.6511260867118835 Accuracy : 90.62
Epoch 12 completed. Test dataset:
	 Loss: 0.8935
	 Accuracy : 65.62
	 Average recall: 0.5645
	 F1_PN: 0.6615
	 Macro-F1: 0.5315
	 Weighted-F1: 0.6495

    Iteration 20 of epoch 13 completed. Loss : 0.7602470517158508 Accuracy : 78.12
    Iteration 40 of epoch 13 completed. Loss : 0.565445065498352 Accuracy : 96.88
    Iteration 60 of epoch 13 completed. Loss : 0.6266504526138306 Accuracy : 93.75
    Iteration 80 of epoch 13 completed. Loss : 0.6284015774726868 Accuracy : 90.62
    Iteration 100 of epoch 13 completed. Loss : 0.6817219853401184 Accuracy : 87.50
Epoch 13 completed. Test dataset:
	 Loss: 0.8935
	 Accuracy : 65.62
	 Average recall: 0.5645
	 F1_PN: 0.6615
	 Macro-F1: 0.5315
	 Weighted-F1: 0.6495

    Iteration 20 of epoch 14 completed. Loss : 0.7344091534614563 Accuracy : 78.12
    Iteration 40 of epoch 14 completed. Loss : 0.5659474730491638 Accuracy : 96.88
    Iteration 60 of epoch 14 completed. Loss : 0.622728168964386 Accuracy : 90.62
    Iteration 80 of epoch 14 completed. Loss : 0.6208946704864502 Accuracy : 90.62
    Iteration 100 of epoch 14 completed. Loss : 0.6676121950149536 Accuracy : 90.62
Epoch 14 completed. Test dataset:
	 Loss: 0.8935
	 Accuracy : 65.62
	 Average recall: 0.5645
	 F1_PN: 0.6615
	 Macro-F1: 0.5315
	 Weighted-F1: 0.6495

    Iteration 20 of epoch 15 completed. Loss : 0.7232347130775452 Accuracy : 81.25
    Iteration 40 of epoch 15 completed. Loss : 0.5650444626808167 Accuracy : 96.88
    Iteration 60 of epoch 15 completed. Loss : 0.6242020726203918 Accuracy : 90.62
    Iteration 80 of epoch 15 completed. Loss : 0.6190771460533142 Accuracy : 90.62
    Iteration 100 of epoch 15 completed. Loss : 0.6255930662155151 Accuracy : 93.75
Epoch 15 completed. Test dataset:
	 Loss: 0.8934
	 Accuracy : 65.62
	 Average recall: 0.5645
	 F1_PN: 0.6615
	 Macro-F1: 0.5315
	 Weighted-F1: 0.6495

Train/val/test loss curve saved to /home/rgg2706/Multimodal-Sentiment-Analysis/Logs/MOASC4/2025-03-21/sub-1/015_Mar-21-2025_12:07_AM/train_val_test_loss_curve.png
Confusion matrix saved to /home/rgg2706/Multimodal-Sentiment-Analysis/Logs/MOASC4/2025-03-21/sub-1/015_Mar-21-2025_12:07_AM/confusion_matrix.png
