Number of GPUs available: 2
Logs directory: /home/rgg2706/Multimodal-Sentiment-Analysis/Logs/HHMAFM/2024-10-20/sub-5/002_Oct-20-2024_11:55_PM
/home/rgg2706/Multimodal-Sentiment-Analysis/Logs/HHMAFM/2024-10-20/sub-5/002_Oct-20-2024_11:55_PM
> training arguments:
>>> rand_seed: 8
>>> model_name: cmhafusion
>>> dataset: mvsa-mts
>>> optimizer: <class 'torch.optim.adam.Adam'>
>>> initializer: <function xavier_uniform_ at 0x7f513a609b20>
>>> learning_rate: 0.001
>>> dropout_rate: 0.5
>>> num_epoch: 10
>>> batch_size: 128
>>> log_step: 30
>>> max_seq_len: 64
>>> polarities_dim: 3
>>> clip_grad: 5.0
>>> path_image: ./Datasets/MVSA-MTS/images-indexed
>>> crop_size: 224
>>> n_head: 8
>>> roberta_text_feature_dim: 768
>>> roberta_topic_feature_dim: 50
>>> resnet_feature_dim: 2048
>>> densenet_feature_dim: 1024
>>> common_dim: 512
>>> num_classes: 3
>>> model_class: <class 'models.cmhafusion.CMHAFUSION'>
Preparing mvsa-mts dataset...
-------------- Loading Datasets/MVSA-MTS/mvsa-mts/train.tsv ---------------
Time taken to load Datasets/MVSA-MTS/mvsa-mts/train.tsv: 276.50 seconds (4.61 minutes)
The number of problematic samples: 402
-------------- Loading Datasets/MVSA-MTS/mvsa-mts/val.tsv ---------------
Time taken to load Datasets/MVSA-MTS/mvsa-mts/val.tsv: 92.28 seconds (1.54 minutes)
The number of problematic samples: 136
-------------- Loading Datasets/MVSA-MTS/mvsa-mts/test.tsv ---------------
Time taken to load Datasets/MVSA-MTS/mvsa-mts/test.tsv: 88.63 seconds (1.48 minutes)
The number of problematic samples: 142
Total Training Samples: 19600
Number of Training Samples: 11760
Number of Development Samples: 3920
Number of Test Samples: 3920
Number of unique sentiment classes: 3
building model
Using 2 GPUs
n_trainable_params: 5228035, n_nontrainable_params: 0
>>>>>>>>>>>>>>>>>>>>>>>>>>>>>>>>>>>>>>>>>>>>>>>>>>>>>>>>>>>>>>>>>>>>>>>>>>>>>>>>>>>>>>>>>>>>>>>>>>>>
epoch: 0
Batch 0 completed in 4.21 seconds (0.07 minutes)
max_dev_f1: 0, max_test_f1: 0
loss: 1.117018, dev_acc: 52.91% (0.529082), dev_f1: 23.07% (0.230675), test_acc: 53.78% (0.537755), test_f1: 23.31% (0.233134)
Batch 30 completed in 1.21 seconds (0.02 minutes)
loss: 1.059257, dev_acc: 52.91% (0.529082), dev_f1: 23.07% (0.230675), test_acc: 53.78% (0.537755), test_f1: 23.31% (0.233134)
Batch 60 completed in 1.21 seconds (0.02 minutes)
loss: 1.059257, dev_acc: 52.91% (0.529082), dev_f1: 23.07% (0.230675), test_acc: 53.78% (0.537755), test_f1: 23.31% (0.233134)
Batch 90 completed in 1.21 seconds (0.02 minutes)
loss: 0.988945, dev_acc: 52.91% (0.529082), dev_f1: 23.07% (0.230675), test_acc: 53.78% (0.537755), test_f1: 23.31% (0.233134)
Epoch 0 completed in 305.04 seconds (5.08 minutes)
>>>>>>>>>>>>>>>>>>>>>>>>>>>>>>>>>>>>>>>>>>>>>>>>>>>>>>>>>>>>>>>>>>>>>>>>>>>>>>>>>>>>>>>>>>>>>>>>>>>>
epoch: 1
Batch 0 completed in 1.21 seconds (0.02 minutes)
loss: 1.012382, dev_acc: 52.91% (0.529082), dev_f1: 23.07% (0.230675), test_acc: 53.78% (0.537755), test_f1: 23.31% (0.233134)
Batch 30 completed in 1.21 seconds (0.02 minutes)
loss: 1.067070, dev_acc: 52.91% (0.529082), dev_f1: 23.07% (0.230675), test_acc: 53.78% (0.537755), test_f1: 23.31% (0.233134)
Batch 60 completed in 1.21 seconds (0.02 minutes)
loss: 1.035820, dev_acc: 52.91% (0.529082), dev_f1: 23.07% (0.230675), test_acc: 53.78% (0.537755), test_f1: 23.31% (0.233134)
Batch 90 completed in 1.21 seconds (0.02 minutes)
loss: 1.051445, dev_acc: 52.91% (0.529082), dev_f1: 23.07% (0.230675), test_acc: 53.78% (0.537755), test_f1: 23.31% (0.233134)
Epoch 1 completed in 303.87 seconds (5.06 minutes)
>>>>>>>>>>>>>>>>>>>>>>>>>>>>>>>>>>>>>>>>>>>>>>>>>>>>>>>>>>>>>>>>>>>>>>>>>>>>>>>>>>>>>>>>>>>>>>>>>>>>
epoch: 2
Batch 0 completed in 1.27 seconds (0.02 minutes)
loss: 1.067070, dev_acc: 52.91% (0.529082), dev_f1: 23.07% (0.230675), test_acc: 53.78% (0.537755), test_f1: 23.31% (0.233134)
Batch 30 completed in 1.21 seconds (0.02 minutes)
loss: 1.043632, dev_acc: 52.91% (0.529082), dev_f1: 23.07% (0.230675), test_acc: 53.78% (0.537755), test_f1: 23.31% (0.233134)
Batch 60 completed in 1.22 seconds (0.02 minutes)
loss: 1.012382, dev_acc: 52.91% (0.529082), dev_f1: 23.07% (0.230675), test_acc: 53.78% (0.537755), test_f1: 23.31% (0.233134)
Batch 90 completed in 1.21 seconds (0.02 minutes)
loss: 1.051445, dev_acc: 52.91% (0.529082), dev_f1: 23.07% (0.230675), test_acc: 53.78% (0.537755), test_f1: 23.31% (0.233134)
Epoch 2 completed in 307.00 seconds (5.12 minutes)
>>>>>>>>>>>>>>>>>>>>>>>>>>>>>>>>>>>>>>>>>>>>>>>>>>>>>>>>>>>>>>>>>>>>>>>>>>>>>>>>>>>>>>>>>>>>>>>>>>>>
epoch: 3
Batch 0 completed in 1.21 seconds (0.02 minutes)
loss: 0.981132, dev_acc: 52.91% (0.529082), dev_f1: 23.07% (0.230675), test_acc: 53.78% (0.537755), test_f1: 23.31% (0.233134)
Batch 30 completed in 1.54 seconds (0.03 minutes)
loss: 0.981132, dev_acc: 52.91% (0.529082), dev_f1: 23.07% (0.230675), test_acc: 53.78% (0.537755), test_f1: 23.31% (0.233134)
Batch 60 completed in 1.21 seconds (0.02 minutes)
loss: 1.074882, dev_acc: 52.91% (0.529082), dev_f1: 23.07% (0.230675), test_acc: 53.78% (0.537755), test_f1: 23.31% (0.233134)
Batch 90 completed in 1.21 seconds (0.02 minutes)
loss: 1.051445, dev_acc: 52.91% (0.529082), dev_f1: 23.07% (0.230675), test_acc: 53.78% (0.537755), test_f1: 23.31% (0.233134)
Epoch 3 completed in 306.68 seconds (5.11 minutes)
>>>>>>>>>>>>>>>>>>>>>>>>>>>>>>>>>>>>>>>>>>>>>>>>>>>>>>>>>>>>>>>>>>>>>>>>>>>>>>>>>>>>>>>>>>>>>>>>>>>>
epoch: 4
Batch 0 completed in 1.21 seconds (0.02 minutes)
loss: 0.996757, dev_acc: 52.91% (0.529082), dev_f1: 23.07% (0.230675), test_acc: 53.78% (0.537755), test_f1: 23.31% (0.233134)
Batch 30 completed in 1.21 seconds (0.02 minutes)
loss: 0.988945, dev_acc: 52.91% (0.529082), dev_f1: 23.07% (0.230675), test_acc: 53.78% (0.537755), test_f1: 23.31% (0.233134)
Batch 60 completed in 1.21 seconds (0.02 minutes)
loss: 1.082695, dev_acc: 52.91% (0.529082), dev_f1: 23.07% (0.230675), test_acc: 53.78% (0.537755), test_f1: 23.31% (0.233134)
Batch 90 completed in 1.21 seconds (0.02 minutes)
loss: 1.090507, dev_acc: 52.91% (0.529082), dev_f1: 23.07% (0.230675), test_acc: 53.78% (0.537755), test_f1: 23.31% (0.233134)
Epoch 4 completed in 307.14 seconds (5.12 minutes)
>>>>>>>>>>>>>>>>>>>>>>>>>>>>>>>>>>>>>>>>>>>>>>>>>>>>>>>>>>>>>>>>>>>>>>>>>>>>>>>>>>>>>>>>>>>>>>>>>>>>
epoch: 5
Batch 0 completed in 1.21 seconds (0.02 minutes)
loss: 1.059257, dev_acc: 52.91% (0.529082), dev_f1: 23.07% (0.230675), test_acc: 53.78% (0.537755), test_f1: 23.31% (0.233134)
Batch 30 completed in 1.21 seconds (0.02 minutes)
loss: 1.028007, dev_acc: 52.91% (0.529082), dev_f1: 23.07% (0.230675), test_acc: 53.78% (0.537755), test_f1: 23.31% (0.233134)
Batch 60 completed in 1.21 seconds (0.02 minutes)
loss: 0.988945, dev_acc: 52.91% (0.529082), dev_f1: 23.07% (0.230675), test_acc: 53.78% (0.537755), test_f1: 23.31% (0.233134)
Batch 90 completed in 1.21 seconds (0.02 minutes)
loss: 0.965507, dev_acc: 52.91% (0.529082), dev_f1: 23.07% (0.230675), test_acc: 53.78% (0.537755), test_f1: 23.31% (0.233134)
Epoch 5 completed in 306.79 seconds (5.11 minutes)
>>>>>>>>>>>>>>>>>>>>>>>>>>>>>>>>>>>>>>>>>>>>>>>>>>>>>>>>>>>>>>>>>>>>>>>>>>>>>>>>>>>>>>>>>>>>>>>>>>>>
epoch: 6
Batch 0 completed in 1.21 seconds (0.02 minutes)
loss: 1.059257, dev_acc: 52.91% (0.529082), dev_f1: 23.07% (0.230675), test_acc: 53.78% (0.537755), test_f1: 23.31% (0.233134)
Batch 30 completed in 1.21 seconds (0.02 minutes)
loss: 1.004570, dev_acc: 52.91% (0.529082), dev_f1: 23.07% (0.230675), test_acc: 53.78% (0.537755), test_f1: 23.31% (0.233134)
Batch 60 completed in 1.21 seconds (0.02 minutes)
loss: 0.996757, dev_acc: 52.91% (0.529082), dev_f1: 23.07% (0.230675), test_acc: 53.78% (0.537755), test_f1: 23.31% (0.233134)
Batch 90 completed in 1.21 seconds (0.02 minutes)
loss: 1.043632, dev_acc: 52.91% (0.529082), dev_f1: 23.07% (0.230675), test_acc: 53.78% (0.537755), test_f1: 23.31% (0.233134)
Epoch 6 completed in 307.22 seconds (5.12 minutes)
>>>>>>>>>>>>>>>>>>>>>>>>>>>>>>>>>>>>>>>>>>>>>>>>>>>>>>>>>>>>>>>>>>>>>>>>>>>>>>>>>>>>>>>>>>>>>>>>>>>>
epoch: 7
Batch 0 completed in 1.21 seconds (0.02 minutes)
loss: 1.020195, dev_acc: 52.91% (0.529082), dev_f1: 23.07% (0.230675), test_acc: 53.78% (0.537755), test_f1: 23.31% (0.233134)
Batch 30 completed in 1.21 seconds (0.02 minutes)
loss: 0.981132, dev_acc: 52.91% (0.529082), dev_f1: 23.07% (0.230675), test_acc: 53.78% (0.537755), test_f1: 23.31% (0.233134)
Batch 60 completed in 1.21 seconds (0.02 minutes)
loss: 1.113945, dev_acc: 52.91% (0.529082), dev_f1: 23.07% (0.230675), test_acc: 53.78% (0.537755), test_f1: 23.31% (0.233134)
Batch 90 completed in 1.21 seconds (0.02 minutes)
loss: 1.035820, dev_acc: 52.91% (0.529082), dev_f1: 23.07% (0.230675), test_acc: 53.78% (0.537755), test_f1: 23.31% (0.233134)
Epoch 7 completed in 307.12 seconds (5.12 minutes)
>>>>>>>>>>>>>>>>>>>>>>>>>>>>>>>>>>>>>>>>>>>>>>>>>>>>>>>>>>>>>>>>>>>>>>>>>>>>>>>>>>>>>>>>>>>>>>>>>>>>
epoch: 8
Batch 0 completed in 1.21 seconds (0.02 minutes)
loss: 1.020195, dev_acc: 52.91% (0.529082), dev_f1: 23.07% (0.230675), test_acc: 53.78% (0.537755), test_f1: 23.31% (0.233134)
Batch 30 completed in 1.21 seconds (0.02 minutes)
loss: 0.949882, dev_acc: 52.91% (0.529082), dev_f1: 23.07% (0.230675), test_acc: 53.78% (0.537755), test_f1: 23.31% (0.233134)
Batch 60 completed in 1.21 seconds (0.02 minutes)
loss: 1.012382, dev_acc: 52.91% (0.529082), dev_f1: 23.07% (0.230675), test_acc: 53.78% (0.537755), test_f1: 23.31% (0.233134)
Batch 90 completed in 1.21 seconds (0.02 minutes)
loss: 0.988945, dev_acc: 52.91% (0.529082), dev_f1: 23.07% (0.230675), test_acc: 53.78% (0.537755), test_f1: 23.31% (0.233134)
Epoch 8 completed in 306.49 seconds (5.11 minutes)
>>>>>>>>>>>>>>>>>>>>>>>>>>>>>>>>>>>>>>>>>>>>>>>>>>>>>>>>>>>>>>>>>>>>>>>>>>>>>>>>>>>>>>>>>>>>>>>>>>>>
epoch: 9
Batch 0 completed in 1.21 seconds (0.02 minutes)
loss: 0.996757, dev_acc: 52.91% (0.529082), dev_f1: 23.07% (0.230675), test_acc: 53.78% (0.537755), test_f1: 23.31% (0.233134)
Batch 30 completed in 1.21 seconds (0.02 minutes)
loss: 0.981132, dev_acc: 52.91% (0.529082), dev_f1: 23.07% (0.230675), test_acc: 53.78% (0.537755), test_f1: 23.31% (0.233134)
Batch 60 completed in 1.21 seconds (0.02 minutes)
loss: 0.996757, dev_acc: 52.91% (0.529082), dev_f1: 23.07% (0.230675), test_acc: 53.78% (0.537755), test_f1: 23.31% (0.233134)
Batch 90 completed in 1.21 seconds (0.02 minutes)
loss: 1.059257, dev_acc: 52.91% (0.529082), dev_f1: 23.07% (0.230675), test_acc: 53.78% (0.537755), test_f1: 23.31% (0.233134)
Epoch 9 completed in 306.90 seconds (5.12 minutes)
Max dev F1: 23.07% (0.230675), Max test F1: 23.31% (0.233134)
Reading TensorBoard loss at each epoch:
Available tags: {'images': [], 'audio': [], 'histograms': [], 'scalars': ['Loss/train', 'Loss/val'], 'distributions': [], 'tensors': [], 'graph': False, 'meta_graph': False, 'run_metadata': []}
Step: 0, Loss: 1.1170178651809692
Step: 0, Loss: 1.0713282823562622
Step: 0, Loss: 1.0380606651306152
Step: 0, Loss: 0.9181194305419922
Step: 0, Loss: 1.0358141660690308
Step: 0, Loss: 1.0201947689056396
Step: 0, Loss: 1.0045698881149292
Step: 0, Loss: 1.0045698881149292
Step: 0, Loss: 0.965507447719574
Step: 0, Loss: 1.0123823881149292
Step: 0, Loss: 1.0201948881149292
Step: 0, Loss: 1.0280073881149292
Step: 0, Loss: 0.996757447719574
Step: 0, Loss: 1.0592573881149292
Step: 0, Loss: 0.996757447719574
Step: 0, Loss: 1.0514448881149292
Step: 0, Loss: 1.0045698881149292
Step: 0, Loss: 0.981132447719574
Step: 0, Loss: 1.0201948881149292
Step: 0, Loss: 1.0201948881149292
Step: 0, Loss: 1.0670698881149292
Step: 0, Loss: 0.996757447719574
Step: 0, Loss: 0.965507447719574
Step: 0, Loss: 1.0123823881149292
Step: 0, Loss: 1.0514448881149292
Step: 0, Loss: 1.0358198881149292
Step: 0, Loss: 1.0436323881149292
Step: 0, Loss: 1.0280073881149292
Step: 0, Loss: 1.0201948881149292
Step: 0, Loss: 0.965507447719574
Step: 0, Loss: 1.0592573881149292
Step: 0, Loss: 1.0123823881149292
Step: 0, Loss: 1.0358198881149292
Step: 0, Loss: 1.0358198881149292
Step: 0, Loss: 0.926444947719574
Step: 0, Loss: 1.0436323881149292
Step: 0, Loss: 1.0045698881149292
Step: 0, Loss: 1.0592573881149292
Step: 0, Loss: 1.0280073881149292
Step: 0, Loss: 1.0045698881149292
Step: 0, Loss: 1.0123823881149292
Step: 0, Loss: 0.942069947719574
Step: 0, Loss: 1.0748823881149292
Step: 0, Loss: 1.0592573881149292
Step: 0, Loss: 1.0905073881149292
Step: 0, Loss: 1.0905073881149292
Step: 0, Loss: 1.0280073881149292
Step: 0, Loss: 0.957694947719574
Step: 0, Loss: 1.0280073881149292
Step: 0, Loss: 1.0514448881149292
Step: 0, Loss: 1.0748823881149292
Step: 0, Loss: 1.0123823881149292
Step: 0, Loss: 1.0358198881149292
Step: 0, Loss: 1.0436323881149292
Step: 0, Loss: 0.965507447719574
Step: 0, Loss: 0.965507447719574
Step: 0, Loss: 0.981132447719574
Step: 0, Loss: 1.0280073881149292
Step: 0, Loss: 0.942069947719574
Step: 0, Loss: 1.0436323881149292
Step: 0, Loss: 1.0592573881149292
Step: 0, Loss: 0.981132447719574
Step: 0, Loss: 0.949882447719574
Step: 0, Loss: 0.981132447719574
Step: 0, Loss: 0.965507447719574
Step: 0, Loss: 1.0201948881149292
Step: 0, Loss: 1.0358198881149292
Step: 0, Loss: 1.0280073881149292
Step: 0, Loss: 1.0826948881149292
Step: 0, Loss: 1.0045698881149292
Step: 0, Loss: 1.0280073881149292
Step: 0, Loss: 1.0123823881149292
Step: 0, Loss: 1.0201948881149292
Step: 0, Loss: 1.0592573881149292
Step: 0, Loss: 1.0514448881149292
Step: 0, Loss: 0.988944947719574
Step: 0, Loss: 1.0201948881149292
Step: 0, Loss: 0.996757447719574
Step: 0, Loss: 0.934257447719574
Step: 0, Loss: 0.988944947719574
Step: 0, Loss: 0.981132447719574
Step: 0, Loss: 1.0826948881149292
Step: 0, Loss: 1.0045698881149292
Step: 0, Loss: 1.0748823881149292
Step: 0, Loss: 0.965507447719574
Step: 0, Loss: 0.981132447719574
Step: 0, Loss: 1.0826948881149292
Step: 0, Loss: 1.0436323881149292
Step: 0, Loss: 1.0670698881149292
Step: 0, Loss: 1.0670698881149292
Step: 0, Loss: 0.988944947719574
Step: 0, Loss: 1.024659276008606
Step: 1, Loss: 1.0123823881149292
Step: 1, Loss: 0.988944947719574
Step: 1, Loss: 1.0514448881149292
Step: 1, Loss: 1.0280073881149292
Step: 1, Loss: 0.973319947719574
Step: 1, Loss: 0.988944947719574
Step: 1, Loss: 0.996757447719574
Step: 1, Loss: 1.0670698881149292
Step: 1, Loss: 0.942069947719574
Step: 1, Loss: 1.0280073881149292
Step: 1, Loss: 1.0045698881149292
Step: 1, Loss: 1.0123823881149292
Step: 1, Loss: 0.996757447719574
Step: 1, Loss: 0.981132447719574
Step: 1, Loss: 1.0045698881149292
Step: 1, Loss: 1.0358198881149292
Step: 1, Loss: 1.0123823881149292
Step: 1, Loss: 1.0358198881149292
Step: 1, Loss: 1.0983198881149292
Step: 1, Loss: 0.981132447719574
Step: 1, Loss: 1.0358198881149292
Step: 1, Loss: 1.0670698881149292
Step: 1, Loss: 1.0045698881149292
Step: 1, Loss: 1.0045698881149292
Step: 1, Loss: 0.957694947719574
Step: 1, Loss: 0.934257447719574
Step: 1, Loss: 0.988944947719574
Step: 1, Loss: 1.0045698881149292
Step: 1, Loss: 1.0201948881149292
Step: 1, Loss: 1.0436323881149292
Step: 1, Loss: 1.0670698881149292
Step: 1, Loss: 1.0514448881149292
Step: 1, Loss: 1.0201948881149292
Step: 1, Loss: 1.0358198881149292
Step: 1, Loss: 1.0201948881149292
Step: 1, Loss: 0.973319947719574
Step: 1, Loss: 1.0514448881149292
Step: 1, Loss: 1.0045698881149292
Step: 1, Loss: 0.942069947719574
Step: 1, Loss: 0.957694947719574
Step: 1, Loss: 1.0045698881149292
Step: 1, Loss: 1.0826948881149292
Step: 1, Loss: 1.0280073881149292
Step: 1, Loss: 1.0514448881149292
Step: 1, Loss: 0.996757447719574
Step: 1, Loss: 1.0905073881149292
Step: 1, Loss: 1.0280073881149292
Step: 1, Loss: 0.973319947719574
Step: 1, Loss: 0.965507447719574
Step: 1, Loss: 1.0123823881149292
Step: 1, Loss: 0.988944947719574
Step: 1, Loss: 0.910819947719574
Step: 1, Loss: 1.0358198881149292
Step: 1, Loss: 1.0123823881149292
Step: 1, Loss: 1.0826948881149292
Step: 1, Loss: 1.0748823881149292
Step: 1, Loss: 1.1139448881149292
Step: 1, Loss: 0.957694947719574
Step: 1, Loss: 1.0123823881149292
Step: 1, Loss: 1.0670698881149292
Step: 1, Loss: 1.0358198881149292
Step: 1, Loss: 1.0280073881149292
Step: 1, Loss: 0.981132447719574
Step: 1, Loss: 1.0748823881149292
Step: 1, Loss: 0.981132447719574
Step: 1, Loss: 1.0201948881149292
Step: 1, Loss: 1.0436323881149292
Step: 1, Loss: 1.0280073881149292
Step: 1, Loss: 1.0045698881149292
Step: 1, Loss: 1.0201948881149292
Step: 1, Loss: 0.988944947719574
Step: 1, Loss: 1.0123823881149292
Step: 1, Loss: 1.0826948881149292
Step: 1, Loss: 1.0826948881149292
Step: 1, Loss: 0.973319947719574
Step: 1, Loss: 1.1061323881149292
Step: 1, Loss: 1.0123823881149292
Step: 1, Loss: 1.0826948881149292
Step: 1, Loss: 1.0592573881149292
Step: 1, Loss: 0.965507447719574
Step: 1, Loss: 0.996757447719574
Step: 1, Loss: 1.0436323881149292
Step: 1, Loss: 1.0436323881149292
Step: 1, Loss: 1.0123823881149292
Step: 1, Loss: 0.988944947719574
Step: 1, Loss: 1.0592573881149292
Step: 1, Loss: 0.942069947719574
Step: 1, Loss: 0.988944947719574
Step: 1, Loss: 0.988944947719574
Step: 1, Loss: 0.973319947719574
Step: 1, Loss: 1.0514448881149292
Step: 1, Loss: 1.0068020820617676
Step: 2, Loss: 1.0670698881149292
Step: 2, Loss: 0.996757447719574
Step: 2, Loss: 1.0436323881149292
Step: 2, Loss: 1.0358198881149292
Step: 2, Loss: 1.0514448881149292
Step: 2, Loss: 1.1217573881149292
Step: 2, Loss: 0.973319947719574
Step: 2, Loss: 1.0045698881149292
Step: 2, Loss: 1.0592573881149292
Step: 2, Loss: 1.0123823881149292
Step: 2, Loss: 0.981132447719574
Step: 2, Loss: 1.0045698881149292
Step: 2, Loss: 0.981132447719574
Step: 2, Loss: 1.0748823881149292
Step: 2, Loss: 1.0670698881149292
Step: 2, Loss: 0.973319947719574
Step: 2, Loss: 1.0592573881149292
Step: 2, Loss: 1.0358198881149292
Step: 2, Loss: 1.0045698881149292
Step: 2, Loss: 1.0201948881149292
Step: 2, Loss: 1.0592573881149292
Step: 2, Loss: 1.0514448881149292
Step: 2, Loss: 0.949882447719574
Step: 2, Loss: 0.981132447719574
Step: 2, Loss: 1.0045698881149292
Step: 2, Loss: 1.0280073881149292
Step: 2, Loss: 1.0045698881149292
Step: 2, Loss: 0.988944947719574
Step: 2, Loss: 1.0045698881149292
Step: 2, Loss: 1.0748823881149292
Step: 2, Loss: 1.0436323881149292
Step: 2, Loss: 1.0280073881149292
Step: 2, Loss: 1.0280073881149292
Step: 2, Loss: 1.0123823881149292
Step: 2, Loss: 1.1217573881149292
Step: 2, Loss: 0.981132447719574
Step: 2, Loss: 1.0045698881149292
Step: 2, Loss: 1.0123823881149292
Step: 2, Loss: 0.957694947719574
Step: 2, Loss: 1.0670698881149292
Step: 2, Loss: 0.957694947719574
Step: 2, Loss: 0.996757447719574
Step: 2, Loss: 1.0280073881149292
Step: 2, Loss: 1.0358198881149292
Step: 2, Loss: 1.0514448881149292
Step: 2, Loss: 0.996757447719574
Step: 2, Loss: 1.0670698881149292
Step: 2, Loss: 1.0358198881149292
Step: 2, Loss: 1.0201948881149292
Step: 2, Loss: 1.0045698881149292
Step: 2, Loss: 0.996757447719574
Step: 2, Loss: 1.0436323881149292
Step: 2, Loss: 1.0514448881149292
Step: 2, Loss: 1.0358198881149292
Step: 2, Loss: 0.988944947719574
Step: 2, Loss: 1.0358198881149292
Step: 2, Loss: 1.0358198881149292
Step: 2, Loss: 1.0045698881149292
Step: 2, Loss: 0.981132447719574
Step: 2, Loss: 1.0201948881149292
Step: 2, Loss: 1.0123823881149292
Step: 2, Loss: 0.996757447719574
Step: 2, Loss: 0.949882447719574
Step: 2, Loss: 1.0123823881149292
Step: 2, Loss: 1.0045698881149292
Step: 2, Loss: 0.988944947719574
Step: 2, Loss: 1.0123823881149292
Step: 2, Loss: 0.988944947719574
Step: 2, Loss: 0.996757447719574
Step: 2, Loss: 1.0670698881149292
Step: 2, Loss: 0.996757447719574
Step: 2, Loss: 0.981132447719574
Step: 2, Loss: 0.988944947719574
Step: 2, Loss: 0.996757447719574
Step: 2, Loss: 1.0592573881149292
Step: 2, Loss: 0.965507447719574
Step: 2, Loss: 1.0436323881149292
Step: 2, Loss: 1.1373823881149292
Step: 2, Loss: 1.0514448881149292
Step: 2, Loss: 1.0436323881149292
Step: 2, Loss: 0.973319947719574
Step: 2, Loss: 1.0436323881149292
Step: 2, Loss: 0.996757447719574
Step: 2, Loss: 0.981132447719574
Step: 2, Loss: 1.0045698881149292
Step: 2, Loss: 1.0201948881149292
Step: 2, Loss: 0.903007447719574
Step: 2, Loss: 0.988944947719574
Step: 2, Loss: 0.996757447719574
Step: 2, Loss: 0.942069947719574
Step: 2, Loss: 1.0514448881149292
Step: 2, Loss: 1.0425163507461548
Step: 3, Loss: 0.981132447719574
Step: 3, Loss: 0.996757447719574
Step: 3, Loss: 1.0123823881149292
Step: 3, Loss: 1.0514448881149292
Step: 3, Loss: 0.965507447719574
Step: 3, Loss: 0.973319947719574
Step: 3, Loss: 1.0592573881149292
Step: 3, Loss: 0.934257447719574
Step: 3, Loss: 0.957694947719574
Step: 3, Loss: 1.0983198881149292
Step: 3, Loss: 1.0045698881149292
Step: 3, Loss: 1.0280073881149292
Step: 3, Loss: 0.973319947719574
Step: 3, Loss: 1.0123823881149292
Step: 3, Loss: 0.981132447719574
Step: 3, Loss: 1.0201948881149292
Step: 3, Loss: 1.0905073881149292
Step: 3, Loss: 0.934257447719574
Step: 3, Loss: 0.934257447719574
Step: 3, Loss: 1.0670698881149292
Step: 3, Loss: 1.0123823881149292
Step: 3, Loss: 0.988944947719574
Step: 3, Loss: 1.0045698881149292
Step: 3, Loss: 0.988944947719574
Step: 3, Loss: 1.0905073881149292
Step: 3, Loss: 0.949882447719574
Step: 3, Loss: 0.926444947719574
Step: 3, Loss: 1.0592573881149292
Step: 3, Loss: 1.0123823881149292
Step: 3, Loss: 1.0436323881149292
Step: 3, Loss: 0.981132447719574
Step: 3, Loss: 0.996757447719574
Step: 3, Loss: 1.0358198881149292
Step: 3, Loss: 1.0123823881149292
Step: 3, Loss: 1.0123823881149292
Step: 3, Loss: 1.0280073881149292
Step: 3, Loss: 1.0280073881149292
Step: 3, Loss: 0.981132447719574
Step: 3, Loss: 0.981132447719574
Step: 3, Loss: 1.0592573881149292
Step: 3, Loss: 1.0201948881149292
Step: 3, Loss: 1.0358198881149292
Step: 3, Loss: 0.973319947719574
Step: 3, Loss: 0.957694947719574
Step: 3, Loss: 1.0514448881149292
Step: 3, Loss: 1.0748823881149292
Step: 3, Loss: 1.0045698881149292
Step: 3, Loss: 0.988944947719574
Step: 3, Loss: 1.0045698881149292
Step: 3, Loss: 1.0201948881149292
Step: 3, Loss: 1.0514448881149292
Step: 3, Loss: 1.0592573881149292
Step: 3, Loss: 1.0748823881149292
Step: 3, Loss: 0.988944947719574
Step: 3, Loss: 0.996757447719574
Step: 3, Loss: 0.973319947719574
Step: 3, Loss: 1.0514448881149292
Step: 3, Loss: 1.0280073881149292
Step: 3, Loss: 0.988944947719574
Step: 3, Loss: 0.957694947719574
Step: 3, Loss: 1.0748823881149292
Step: 3, Loss: 1.0670698881149292
Step: 3, Loss: 1.0201948881149292
Step: 3, Loss: 0.988944947719574
Step: 3, Loss: 0.973319947719574
Step: 3, Loss: 1.0905073881149292
Step: 3, Loss: 1.0123823881149292
Step: 3, Loss: 0.988944947719574
Step: 3, Loss: 1.0983198881149292
Step: 3, Loss: 1.0826948881149292
Step: 3, Loss: 1.0358198881149292
Step: 3, Loss: 1.0358198881149292
Step: 3, Loss: 1.0123823881149292
Step: 3, Loss: 1.0514448881149292
Step: 3, Loss: 1.0826948881149292
Step: 3, Loss: 1.0748823881149292
Step: 3, Loss: 1.0592573881149292
Step: 3, Loss: 1.0045698881149292
Step: 3, Loss: 1.0358198881149292
Step: 3, Loss: 1.0514448881149292
Step: 3, Loss: 0.988944947719574
Step: 3, Loss: 1.0280073881149292
Step: 3, Loss: 1.0280073881149292
Step: 3, Loss: 1.0592573881149292
Step: 3, Loss: 1.0201948881149292
Step: 3, Loss: 1.0670698881149292
Step: 3, Loss: 1.0123823881149292
Step: 3, Loss: 0.942069947719574
Step: 3, Loss: 1.0201948881149292
Step: 3, Loss: 0.981132447719574
Step: 3, Loss: 1.0514448881149292
Step: 3, Loss: 0.9800163507461548
Step: 4, Loss: 0.996757447719574
Step: 4, Loss: 1.0280073881149292
Step: 4, Loss: 1.0905073881149292
Step: 4, Loss: 0.981132447719574
Step: 4, Loss: 0.949882447719574
Step: 4, Loss: 0.973319947719574
Step: 4, Loss: 0.942069947719574
Step: 4, Loss: 0.926444947719574
Step: 4, Loss: 1.0983198881149292
Step: 4, Loss: 1.0123823881149292
Step: 4, Loss: 0.918632447719574
Step: 4, Loss: 0.973319947719574
Step: 4, Loss: 0.918632447719574
Step: 4, Loss: 1.0670698881149292
Step: 4, Loss: 0.965507447719574
Step: 4, Loss: 1.0123823881149292
Step: 4, Loss: 1.0123823881149292
Step: 4, Loss: 1.1373823881149292
Step: 4, Loss: 1.1139448881149292
Step: 4, Loss: 1.0201948881149292
Step: 4, Loss: 1.0748823881149292
Step: 4, Loss: 0.988944947719574
Step: 4, Loss: 0.996757447719574
Step: 4, Loss: 1.0748823881149292
Step: 4, Loss: 0.981132447719574
Step: 4, Loss: 0.957694947719574
Step: 4, Loss: 1.0358198881149292
Step: 4, Loss: 0.957694947719574
Step: 4, Loss: 1.0592573881149292
Step: 4, Loss: 1.0514448881149292
Step: 4, Loss: 0.988944947719574
Step: 4, Loss: 1.0123823881149292
Step: 4, Loss: 0.973319947719574
Step: 4, Loss: 1.0905073881149292
Step: 4, Loss: 0.903007447719574
Step: 4, Loss: 0.988944947719574
Step: 4, Loss: 1.0436323881149292
Step: 4, Loss: 1.0123823881149292
Step: 4, Loss: 1.0514448881149292
Step: 4, Loss: 1.0201948881149292
Step: 4, Loss: 1.0826948881149292
Step: 4, Loss: 1.0436323881149292
Step: 4, Loss: 0.973319947719574
Step: 4, Loss: 1.0280073881149292
Step: 4, Loss: 1.0201948881149292
Step: 4, Loss: 1.0826948881149292
Step: 4, Loss: 0.981132447719574
Step: 4, Loss: 0.996757447719574
Step: 4, Loss: 1.0983198881149292
Step: 4, Loss: 1.0748823881149292
Step: 4, Loss: 0.965507447719574
Step: 4, Loss: 1.0201948881149292
Step: 4, Loss: 0.988944947719574
Step: 4, Loss: 0.988944947719574
Step: 4, Loss: 0.965507447719574
Step: 4, Loss: 1.0826948881149292
Step: 4, Loss: 1.0358198881149292
Step: 4, Loss: 0.996757447719574
Step: 4, Loss: 0.988944947719574
Step: 4, Loss: 1.0045698881149292
Step: 4, Loss: 1.0826948881149292
Step: 4, Loss: 0.996757447719574
Step: 4, Loss: 0.918632447719574
Step: 4, Loss: 1.0592573881149292
Step: 4, Loss: 0.996757447719574
Step: 4, Loss: 0.973319947719574
Step: 4, Loss: 0.973319947719574
Step: 4, Loss: 1.0436323881149292
Step: 4, Loss: 0.988944947719574
Step: 4, Loss: 1.0436323881149292
Step: 4, Loss: 1.0280073881149292
Step: 4, Loss: 1.0514448881149292
Step: 4, Loss: 0.981132447719574
Step: 4, Loss: 0.981132447719574
Step: 4, Loss: 0.965507447719574
Step: 4, Loss: 1.0983198881149292
Step: 4, Loss: 1.0045698881149292
Step: 4, Loss: 1.0201948881149292
Step: 4, Loss: 1.0201948881149292
Step: 4, Loss: 1.0123823881149292
Step: 4, Loss: 1.0592573881149292
Step: 4, Loss: 1.0436323881149292
Step: 4, Loss: 1.0358198881149292
Step: 4, Loss: 0.988944947719574
Step: 4, Loss: 1.0748823881149292
Step: 4, Loss: 1.0514448881149292
Step: 4, Loss: 1.0280073881149292
Step: 4, Loss: 1.1373823881149292
Step: 4, Loss: 1.0905073881149292
Step: 4, Loss: 0.926444947719574
Step: 4, Loss: 1.0905073881149292
Step: 4, Loss: 1.0068020820617676
Step: 5, Loss: 1.0592573881149292
Step: 5, Loss: 1.0514448881149292
Step: 5, Loss: 1.1139448881149292
Step: 5, Loss: 0.996757447719574
Step: 5, Loss: 1.0123823881149292
Step: 5, Loss: 0.957694947719574
Step: 5, Loss: 1.0280073881149292
Step: 5, Loss: 0.981132447719574
Step: 5, Loss: 1.0201948881149292
Step: 5, Loss: 1.0436323881149292
Step: 5, Loss: 1.0748823881149292
Step: 5, Loss: 1.0358198881149292
Step: 5, Loss: 0.942069947719574
Step: 5, Loss: 1.0123823881149292
Step: 5, Loss: 1.0983198881149292
Step: 5, Loss: 0.996757447719574
Step: 5, Loss: 1.0514448881149292
Step: 5, Loss: 1.0045698881149292
Step: 5, Loss: 0.973319947719574
Step: 5, Loss: 1.0514448881149292
Step: 5, Loss: 0.934257447719574
Step: 5, Loss: 1.0201948881149292
Step: 5, Loss: 1.0358198881149292
Step: 5, Loss: 0.926444947719574
Step: 5, Loss: 0.988944947719574
Step: 5, Loss: 1.0201948881149292
Step: 5, Loss: 0.981132447719574
Step: 5, Loss: 0.988944947719574
Step: 5, Loss: 1.0123823881149292
Step: 5, Loss: 1.0280073881149292
Step: 5, Loss: 1.0280073881149292
Step: 5, Loss: 0.996757447719574
Step: 5, Loss: 1.0670698881149292
Step: 5, Loss: 1.0670698881149292
Step: 5, Loss: 1.1061323881149292
Step: 5, Loss: 0.942069947719574
Step: 5, Loss: 0.965507447719574
Step: 5, Loss: 1.0045698881149292
Step: 5, Loss: 1.0045698881149292
Step: 5, Loss: 1.1139448881149292
Step: 5, Loss: 0.988944947719574
Step: 5, Loss: 1.0826948881149292
Step: 5, Loss: 1.0045698881149292
Step: 5, Loss: 0.942069947719574
Step: 5, Loss: 0.981132447719574
Step: 5, Loss: 1.0592573881149292
Step: 5, Loss: 1.0436323881149292
Step: 5, Loss: 0.949882447719574
Step: 5, Loss: 1.0670698881149292
Step: 5, Loss: 0.973319947719574
Step: 5, Loss: 0.981132447719574
Step: 5, Loss: 1.0826948881149292
Step: 5, Loss: 1.0436323881149292
Step: 5, Loss: 1.0280073881149292
Step: 5, Loss: 0.918632447719574
Step: 5, Loss: 1.0358198881149292
Step: 5, Loss: 1.0670698881149292
Step: 5, Loss: 1.0436323881149292
Step: 5, Loss: 1.0748823881149292
Step: 5, Loss: 1.0201948881149292
Step: 5, Loss: 0.988944947719574
Step: 5, Loss: 1.0123823881149292
Step: 5, Loss: 0.949882447719574
Step: 5, Loss: 1.0045698881149292
Step: 5, Loss: 0.981132447719574
Step: 5, Loss: 1.0514448881149292
Step: 5, Loss: 0.981132447719574
Step: 5, Loss: 1.0201948881149292
Step: 5, Loss: 0.981132447719574
Step: 5, Loss: 0.965507447719574
Step: 5, Loss: 1.0201948881149292
Step: 5, Loss: 1.0280073881149292
Step: 5, Loss: 1.0045698881149292
Step: 5, Loss: 1.0436323881149292
Step: 5, Loss: 0.965507447719574
Step: 5, Loss: 1.0358198881149292
Step: 5, Loss: 1.0592573881149292
Step: 5, Loss: 1.0592573881149292
Step: 5, Loss: 1.0514448881149292
Step: 5, Loss: 0.988944947719574
Step: 5, Loss: 1.0201948881149292
Step: 5, Loss: 1.0826948881149292
Step: 5, Loss: 0.988944947719574
Step: 5, Loss: 1.0592573881149292
Step: 5, Loss: 1.0436323881149292
Step: 5, Loss: 1.0123823881149292
Step: 5, Loss: 1.0123823881149292
Step: 5, Loss: 1.0905073881149292
Step: 5, Loss: 0.949882447719574
Step: 5, Loss: 1.0123823881149292
Step: 5, Loss: 0.965507447719574
Step: 5, Loss: 1.0425163507461548
Step: 6, Loss: 1.0592573881149292
Step: 6, Loss: 0.973319947719574
Step: 6, Loss: 1.0826948881149292
Step: 6, Loss: 1.0358198881149292
Step: 6, Loss: 0.973319947719574
Step: 6, Loss: 1.0514448881149292
Step: 6, Loss: 1.0123823881149292
Step: 6, Loss: 0.988944947719574
Step: 6, Loss: 1.0670698881149292
Step: 6, Loss: 1.0826948881149292
Step: 6, Loss: 1.0592573881149292
Step: 6, Loss: 1.0358198881149292
Step: 6, Loss: 0.996757447719574
Step: 6, Loss: 1.0201948881149292
Step: 6, Loss: 1.0045698881149292
Step: 6, Loss: 0.973319947719574
Step: 6, Loss: 0.973319947719574
Step: 6, Loss: 1.0436323881149292
Step: 6, Loss: 1.0201948881149292
Step: 6, Loss: 0.879569947719574
Step: 6, Loss: 1.0201948881149292
Step: 6, Loss: 1.1373823881149292
Step: 6, Loss: 1.0123823881149292
Step: 6, Loss: 0.988944947719574
Step: 6, Loss: 1.0045698881149292
Step: 6, Loss: 1.0358198881149292
Step: 6, Loss: 0.996757447719574
Step: 6, Loss: 1.0201948881149292
Step: 6, Loss: 1.0514448881149292
Step: 6, Loss: 0.973319947719574
Step: 6, Loss: 1.0045698881149292
Step: 6, Loss: 0.973319947719574
Step: 6, Loss: 1.0592573881149292
Step: 6, Loss: 1.0045698881149292
Step: 6, Loss: 0.988944947719574
Step: 6, Loss: 0.981132447719574
Step: 6, Loss: 0.996757447719574
Step: 6, Loss: 0.996757447719574
Step: 6, Loss: 1.0201948881149292
Step: 6, Loss: 1.0123823881149292
Step: 6, Loss: 0.996757447719574
Step: 6, Loss: 0.965507447719574
Step: 6, Loss: 1.0123823881149292
Step: 6, Loss: 0.996757447719574
Step: 6, Loss: 1.0045698881149292
Step: 6, Loss: 1.0045698881149292
Step: 6, Loss: 1.0045698881149292
Step: 6, Loss: 1.0514448881149292
Step: 6, Loss: 1.0045698881149292
Step: 6, Loss: 1.0201948881149292
Step: 6, Loss: 1.0280073881149292
Step: 6, Loss: 1.0670698881149292
Step: 6, Loss: 1.0592573881149292
Step: 6, Loss: 1.0436323881149292
Step: 6, Loss: 1.0826948881149292
Step: 6, Loss: 1.0045698881149292
Step: 6, Loss: 1.0436323881149292
Step: 6, Loss: 0.926444947719574
Step: 6, Loss: 1.0358198881149292
Step: 6, Loss: 1.1061323881149292
Step: 6, Loss: 0.996757447719574
Step: 6, Loss: 1.0045698881149292
Step: 6, Loss: 0.965507447719574
Step: 6, Loss: 1.0905073881149292
Step: 6, Loss: 0.996757447719574
Step: 6, Loss: 1.0436323881149292
Step: 6, Loss: 0.965507447719574
Step: 6, Loss: 1.0436323881149292
Step: 6, Loss: 1.0514448881149292
Step: 6, Loss: 1.0826948881149292
Step: 6, Loss: 1.0670698881149292
Step: 6, Loss: 1.1061323881149292
Step: 6, Loss: 0.965507447719574
Step: 6, Loss: 0.996757447719574
Step: 6, Loss: 0.957694947719574
Step: 6, Loss: 1.0905073881149292
Step: 6, Loss: 1.0905073881149292
Step: 6, Loss: 0.949882447719574
Step: 6, Loss: 0.973319947719574
Step: 6, Loss: 1.0045698881149292
Step: 6, Loss: 0.926444947719574
Step: 6, Loss: 1.0045698881149292
Step: 6, Loss: 1.0201948881149292
Step: 6, Loss: 1.0514448881149292
Step: 6, Loss: 1.0045698881149292
Step: 6, Loss: 1.0358198881149292
Step: 6, Loss: 0.996757447719574
Step: 6, Loss: 0.926444947719574
Step: 6, Loss: 1.0201948881149292
Step: 6, Loss: 1.0045698881149292
Step: 6, Loss: 1.0436323881149292
Step: 6, Loss: 1.0514448881149292
Step: 7, Loss: 1.0201948881149292
Step: 7, Loss: 1.0280073881149292
Step: 7, Loss: 0.965507447719574
Step: 7, Loss: 1.0436323881149292
Step: 7, Loss: 1.0592573881149292
Step: 7, Loss: 0.996757447719574
Step: 7, Loss: 0.973319947719574
Step: 7, Loss: 1.1061323881149292
Step: 7, Loss: 1.0280073881149292
Step: 7, Loss: 1.0201948881149292
Step: 7, Loss: 1.0280073881149292
Step: 7, Loss: 1.0514448881149292
Step: 7, Loss: 1.0436323881149292
Step: 7, Loss: 1.0280073881149292
Step: 7, Loss: 1.0358198881149292
Step: 7, Loss: 1.0123823881149292
Step: 7, Loss: 1.0670698881149292
Step: 7, Loss: 1.0983198881149292
Step: 7, Loss: 1.0123823881149292
Step: 7, Loss: 1.0748823881149292
Step: 7, Loss: 1.0358198881149292
Step: 7, Loss: 1.0514448881149292
Step: 7, Loss: 0.965507447719574
Step: 7, Loss: 1.0280073881149292
Step: 7, Loss: 1.0123823881149292
Step: 7, Loss: 0.988944947719574
Step: 7, Loss: 0.988944947719574
Step: 7, Loss: 0.942069947719574
Step: 7, Loss: 0.973319947719574
Step: 7, Loss: 1.0670698881149292
Step: 7, Loss: 0.981132447719574
Step: 7, Loss: 0.973319947719574
Step: 7, Loss: 1.0436323881149292
Step: 7, Loss: 1.0592573881149292
Step: 7, Loss: 0.965507447719574
Step: 7, Loss: 0.981132447719574
Step: 7, Loss: 1.0358198881149292
Step: 7, Loss: 0.981132447719574
Step: 7, Loss: 1.0201948881149292
Step: 7, Loss: 1.0592573881149292
Step: 7, Loss: 1.0436323881149292
Step: 7, Loss: 0.926444947719574
Step: 7, Loss: 1.0436323881149292
Step: 7, Loss: 1.0358198881149292
Step: 7, Loss: 0.949882447719574
Step: 7, Loss: 1.0123823881149292
Step: 7, Loss: 1.0436323881149292
Step: 7, Loss: 0.996757447719574
Step: 7, Loss: 1.0983198881149292
Step: 7, Loss: 1.0045698881149292
Step: 7, Loss: 0.957694947719574
Step: 7, Loss: 1.0280073881149292
Step: 7, Loss: 1.0123823881149292
Step: 7, Loss: 0.957694947719574
Step: 7, Loss: 1.0201948881149292
Step: 7, Loss: 1.0436323881149292
Step: 7, Loss: 1.0045698881149292
Step: 7, Loss: 0.988944947719574
Step: 7, Loss: 1.0280073881149292
Step: 7, Loss: 1.0358198881149292
Step: 7, Loss: 1.1139448881149292
Step: 7, Loss: 0.949882447719574
Step: 7, Loss: 1.0983198881149292
Step: 7, Loss: 0.981132447719574
Step: 7, Loss: 0.903007447719574
Step: 7, Loss: 1.0045698881149292
Step: 7, Loss: 0.988944947719574
Step: 7, Loss: 1.0280073881149292
Step: 7, Loss: 1.0201948881149292
Step: 7, Loss: 1.0045698881149292
Step: 7, Loss: 1.0826948881149292
Step: 7, Loss: 1.0201948881149292
Step: 7, Loss: 1.0123823881149292
Step: 7, Loss: 1.0748823881149292
Step: 7, Loss: 1.0280073881149292
Step: 7, Loss: 1.0905073881149292
Step: 7, Loss: 1.0201948881149292
Step: 7, Loss: 1.0280073881149292
Step: 7, Loss: 1.0748823881149292
Step: 7, Loss: 0.957694947719574
Step: 7, Loss: 0.957694947719574
Step: 7, Loss: 1.0045698881149292
Step: 7, Loss: 0.910819947719574
Step: 7, Loss: 1.0983198881149292
Step: 7, Loss: 0.926444947719574
Step: 7, Loss: 1.0514448881149292
Step: 7, Loss: 0.996757447719574
Step: 7, Loss: 1.0280073881149292
Step: 7, Loss: 1.0436323881149292
Step: 7, Loss: 0.965507447719574
Step: 7, Loss: 1.0358198881149292
Step: 7, Loss: 1.015730619430542
Step: 8, Loss: 1.0201948881149292
Step: 8, Loss: 0.965507447719574
Step: 8, Loss: 1.0358198881149292
Step: 8, Loss: 1.0436323881149292
Step: 8, Loss: 0.981132447719574
Step: 8, Loss: 0.965507447719574
Step: 8, Loss: 1.0905073881149292
Step: 8, Loss: 1.0670698881149292
Step: 8, Loss: 1.0670698881149292
Step: 8, Loss: 0.926444947719574
Step: 8, Loss: 1.0280073881149292
Step: 8, Loss: 0.973319947719574
Step: 8, Loss: 0.988944947719574
Step: 8, Loss: 1.0280073881149292
Step: 8, Loss: 1.0514448881149292
Step: 8, Loss: 0.903007447719574
Step: 8, Loss: 1.0592573881149292
Step: 8, Loss: 0.973319947719574
Step: 8, Loss: 1.0670698881149292
Step: 8, Loss: 1.0201948881149292
Step: 8, Loss: 1.0592573881149292
Step: 8, Loss: 0.973319947719574
Step: 8, Loss: 1.0201948881149292
Step: 8, Loss: 1.0592573881149292
Step: 8, Loss: 1.0045698881149292
Step: 8, Loss: 1.0905073881149292
Step: 8, Loss: 0.918632447719574
Step: 8, Loss: 1.0201948881149292
Step: 8, Loss: 0.988944947719574
Step: 8, Loss: 1.0123823881149292
Step: 8, Loss: 0.949882447719574
Step: 8, Loss: 1.0280073881149292
Step: 8, Loss: 1.0436323881149292
Step: 8, Loss: 0.949882447719574
Step: 8, Loss: 1.0826948881149292
Step: 8, Loss: 1.0045698881149292
Step: 8, Loss: 0.942069947719574
Step: 8, Loss: 1.0905073881149292
Step: 8, Loss: 1.0358198881149292
Step: 8, Loss: 1.0045698881149292
Step: 8, Loss: 1.0514448881149292
Step: 8, Loss: 1.0514448881149292
Step: 8, Loss: 1.1061323881149292
Step: 8, Loss: 0.965507447719574
Step: 8, Loss: 1.0436323881149292
Step: 8, Loss: 1.0436323881149292
Step: 8, Loss: 0.996757447719574
Step: 8, Loss: 1.0436323881149292
Step: 8, Loss: 1.0201948881149292
Step: 8, Loss: 1.0045698881149292
Step: 8, Loss: 1.0436323881149292
Step: 8, Loss: 0.965507447719574
Step: 8, Loss: 1.0514448881149292
Step: 8, Loss: 1.0280073881149292
Step: 8, Loss: 1.0201948881149292
Step: 8, Loss: 1.0670698881149292
Step: 8, Loss: 1.0670698881149292
Step: 8, Loss: 1.1295698881149292
Step: 8, Loss: 0.957694947719574
Step: 8, Loss: 1.0358198881149292
Step: 8, Loss: 1.0123823881149292
Step: 8, Loss: 0.957694947719574
Step: 8, Loss: 1.0826948881149292
Step: 8, Loss: 1.0358198881149292
Step: 8, Loss: 0.973319947719574
Step: 8, Loss: 1.0201948881149292
Step: 8, Loss: 1.0436323881149292
Step: 8, Loss: 0.949882447719574
Step: 8, Loss: 0.957694947719574
Step: 8, Loss: 1.0201948881149292
Step: 8, Loss: 0.942069947719574
Step: 8, Loss: 1.0436323881149292
Step: 8, Loss: 0.988944947719574
Step: 8, Loss: 0.981132447719574
Step: 8, Loss: 0.981132447719574
Step: 8, Loss: 0.996757447719574
Step: 8, Loss: 0.965507447719574
Step: 8, Loss: 1.0201948881149292
Step: 8, Loss: 1.0436323881149292
Step: 8, Loss: 0.988944947719574
Step: 8, Loss: 1.0358198881149292
Step: 8, Loss: 1.0670698881149292
Step: 8, Loss: 1.0358198881149292
Step: 8, Loss: 1.0748823881149292
Step: 8, Loss: 1.0436323881149292
Step: 8, Loss: 1.0670698881149292
Step: 8, Loss: 0.926444947719574
Step: 8, Loss: 0.981132447719574
Step: 8, Loss: 1.0592573881149292
Step: 8, Loss: 1.0358198881149292
Step: 8, Loss: 0.988944947719574
Step: 8, Loss: 1.0514448881149292
Step: 9, Loss: 0.996757447719574
Step: 9, Loss: 0.918632447719574
Step: 9, Loss: 0.981132447719574
Step: 9, Loss: 1.0123823881149292
Step: 9, Loss: 1.0045698881149292
Step: 9, Loss: 1.0280073881149292
Step: 9, Loss: 1.0123823881149292
Step: 9, Loss: 1.0748823881149292
Step: 9, Loss: 1.0358198881149292
Step: 9, Loss: 0.981132447719574
Step: 9, Loss: 1.0670698881149292
Step: 9, Loss: 1.0280073881149292
Step: 9, Loss: 0.965507447719574
Step: 9, Loss: 0.996757447719574
Step: 9, Loss: 1.0201948881149292
Step: 9, Loss: 1.0123823881149292
Step: 9, Loss: 1.0514448881149292
Step: 9, Loss: 1.0280073881149292
Step: 9, Loss: 0.981132447719574
Step: 9, Loss: 1.0514448881149292
Step: 9, Loss: 0.965507447719574
Step: 9, Loss: 0.926444947719574
Step: 9, Loss: 1.0748823881149292
Step: 9, Loss: 1.0280073881149292
Step: 9, Loss: 0.926444947719574
Step: 9, Loss: 0.996757447719574
Step: 9, Loss: 1.0123823881149292
Step: 9, Loss: 0.957694947719574
Step: 9, Loss: 1.0123823881149292
Step: 9, Loss: 1.0436323881149292
Step: 9, Loss: 0.981132447719574
Step: 9, Loss: 1.0045698881149292
Step: 9, Loss: 1.1061323881149292
Step: 9, Loss: 0.981132447719574
Step: 9, Loss: 1.0280073881149292
Step: 9, Loss: 1.0280073881149292
Step: 9, Loss: 0.942069947719574
Step: 9, Loss: 1.1061323881149292
Step: 9, Loss: 1.0123823881149292
Step: 9, Loss: 0.988944947719574
Step: 9, Loss: 0.981132447719574
Step: 9, Loss: 1.0592573881149292
Step: 9, Loss: 1.0201948881149292
Step: 9, Loss: 0.981132447719574
Step: 9, Loss: 0.934257447719574
Step: 9, Loss: 1.0123823881149292
Step: 9, Loss: 0.973319947719574
Step: 9, Loss: 0.934257447719574
Step: 9, Loss: 1.0748823881149292
Step: 9, Loss: 0.981132447719574
Step: 9, Loss: 1.0670698881149292
Step: 9, Loss: 1.0358198881149292
Step: 9, Loss: 1.0045698881149292
Step: 9, Loss: 1.0280073881149292
Step: 9, Loss: 0.981132447719574
Step: 9, Loss: 1.0748823881149292
Step: 9, Loss: 1.0592573881149292
Step: 9, Loss: 1.0436323881149292
Step: 9, Loss: 0.996757447719574
Step: 9, Loss: 1.0358198881149292
Step: 9, Loss: 0.996757447719574
Step: 9, Loss: 1.0514448881149292
Step: 9, Loss: 1.1061323881149292
Step: 9, Loss: 1.1139448881149292
Step: 9, Loss: 0.996757447719574
Step: 9, Loss: 1.0201948881149292
Step: 9, Loss: 0.957694947719574
Step: 9, Loss: 0.973319947719574
Step: 9, Loss: 1.0280073881149292
Step: 9, Loss: 1.0280073881149292
Step: 9, Loss: 0.981132447719574
Step: 9, Loss: 1.0201948881149292
Step: 9, Loss: 0.988944947719574
Step: 9, Loss: 1.0670698881149292
Step: 9, Loss: 1.0358198881149292
Step: 9, Loss: 1.0826948881149292
Step: 9, Loss: 1.0826948881149292
Step: 9, Loss: 1.0280073881149292
Step: 9, Loss: 0.965507447719574
Step: 9, Loss: 1.0123823881149292
Step: 9, Loss: 1.0201948881149292
Step: 9, Loss: 1.0123823881149292
Step: 9, Loss: 1.1139448881149292
Step: 9, Loss: 0.996757447719574
Step: 9, Loss: 0.988944947719574
Step: 9, Loss: 1.0123823881149292
Step: 9, Loss: 1.0358198881149292
Step: 9, Loss: 1.0123823881149292
Step: 9, Loss: 1.0905073881149292
Step: 9, Loss: 1.0045698881149292
Step: 9, Loss: 1.0592573881149292
Step: 9, Loss: 1.0693020820617676
Output File: /home/rgg2706/Multimodal-Sentiment-Analysis/Logs/HHMAFM/2024-10-20/sub-5/002_Oct-20-2024_11:55_PM/trainval_loss_curves.png
Training and validation loss curves saved to /home/rgg2706/Multimodal-Sentiment-Analysis/Logs/HHMAFM/2024-10-20/sub-5/002_Oct-20-2024_11:55_PM/trainval_loss_curves.png
Total Completion Time: 59.02 minutes. (0.98 hours) 
