SLURM Job ID: 20077958
The first version with resnset
Model: MOASC4
Dataset: MOA-MVSA-single
directory /home/rgg2706/Multimodal-Sentiment-Analysis/Datasets/MOA-MVSA-single exists
directory /home/rgg2706/Multimodal-Sentiment-Analysis/Datasets/MOA-MVSA-multiple exists
directory /home/rgg2706/Multimodal-Sentiment-Analysis/Models/MOASC4/SaveFiles/SentimentClassifier exists
58
Loading dataset from: /home/rgg2706/Multimodal-Sentiment-Analysis/Datasets/MOA-MVSA-single
/home/rgg2706/Multimodal-Sentiment-Analysis/Datasets/MOA-MVSA-single/text
/home/rgg2706/Multimodal-Sentiment-Analysis/Datasets/MOA-MVSA-single/image
[DEBUG] Now in dataset directory for labels: /home/rgg2706/Multimodal-Sentiment-Analysis/Datasets/MOA-MVSA-single
[DEBUG] About to read labels from: /home/rgg2706/Multimodal-Sentiment-Analysis/Datasets/MOA-MVSA-single/labels.csv
Dataset directory is: /home/rgg2706/Multimodal-Sentiment-Analysis/Datasets/MOA-MVSA-single
Files in dataset directory: ['labels.csv', 'text', 'image']
   ID  text  image
0   1     2      1
1   2     2      1
2   3     2      1
3   4     1      1
4   5     1      1
5   6     1      1
6   7     1      1
7   8     2      1
8   9     1      1
9  10     0      0

[DEBUG] First 5 training texts:
    ID: 1 | Overall sentiment: 1 | Text: how  i feel today legday jelly aching gym 
    ID: 3 | Overall sentiment: 1 | Text:  polynminion  the moment  i found my favourite tv character. profoundlove 
    ID: 4 | Overall sentiment: 1 | Text: esco  we have a young and energetic team and we pride ourselves on offering the highes hoer 
    ID: 6 | Overall sentiment: 1 | Text:  babeshawnmendes that was really energetic 
    ID: 7 | Overall sentiment: 1 | Text:  deepikapadukone  to my most hard workingfun loving and energetic team.. thank you and  i love you! 
Train samples: 3653
Validation samples: 406
Test samples: 452
Total samples: 4511
Train label distribution: Negative=1081, Positive=2180, Neutral=392
Val   label distribution: Negative=135, Positive=238, Neutral=33
Test  label distribution: Negative=142, Positive=265, Neutral=45
Overall label distribution: Negative=1358, Positive=2683, Neutral=470
    Iteration 20 of epoch 1 completed. Loss : 1.0984503030776978 Accuracy : 50.00
    Iteration 40 of epoch 1 completed. Loss : 1.0982173681259155 Accuracy : 59.38
    Iteration 60 of epoch 1 completed. Loss : 1.098860263824463 Accuracy : 56.25
    Iteration 80 of epoch 1 completed. Loss : 1.079405426979065 Accuracy : 56.25
    Iteration 100 of epoch 1 completed. Loss : 1.0940250158309937 Accuracy : 68.75
Best validation accuracy improved from 0.0 to 0.6988636363636365
Epoch 1 completed. Test dataset:
	 Loss: 1.0221
	 Accuracy : 60.83
	 Average recall: 0.3981
	 F1_PN: 0.5587
	 Macro-F1: 0.3725
	 Weighted-F1: 0.5514

Best test accuracy improved from 0.0 to 0.6083333333333333, saving model...
    Iteration 20 of epoch 2 completed. Loss : 1.0006544589996338 Accuracy : 78.12
    Iteration 40 of epoch 2 completed. Loss : 0.9546737670898438 Accuracy : 62.50
    Iteration 60 of epoch 2 completed. Loss : 0.9777631759643555 Accuracy : 71.88
    Iteration 80 of epoch 2 completed. Loss : 0.9282707571983337 Accuracy : 59.38
    Iteration 100 of epoch 2 completed. Loss : 1.0882964134216309 Accuracy : 81.25
Epoch 2 completed. Test dataset:
	 Loss: 0.9349
	 Accuracy : 61.04
	 Average recall: 0.5331
	 F1_PN: 0.6305
	 Macro-F1: 0.4906
	 Weighted-F1: 0.6034

Best test accuracy improved from 0.6083333333333333 to 0.6104166666666667, saving model...
    Iteration 20 of epoch 3 completed. Loss : 0.7498631477355957 Accuracy : 87.50
    Iteration 40 of epoch 3 completed. Loss : 0.7419445514678955 Accuracy : 81.25
    Iteration 60 of epoch 3 completed. Loss : 1.0434281826019287 Accuracy : 62.50
    Iteration 80 of epoch 3 completed. Loss : 0.8676367402076721 Accuracy : 65.62
    Iteration 100 of epoch 3 completed. Loss : 0.9712932705879211 Accuracy : 78.12
Epoch 3 completed. Test dataset:
	 Loss: 0.8909
	 Accuracy : 65.42
	 Average recall: 0.5559
	 F1_PN: 0.6736
	 Macro-F1: 0.5210
	 Weighted-F1: 0.6499

Best test accuracy improved from 0.6104166666666667 to 0.6541666666666667, saving model...
    Iteration 20 of epoch 4 completed. Loss : 0.608468234539032 Accuracy : 90.62
    Iteration 40 of epoch 4 completed. Loss : 0.6390196681022644 Accuracy : 90.62
    Iteration 60 of epoch 4 completed. Loss : 0.8452812433242798 Accuracy : 71.88
    Iteration 80 of epoch 4 completed. Loss : 0.7534662485122681 Accuracy : 81.25
    Iteration 100 of epoch 4 completed. Loss : 0.7603623270988464 Accuracy : 87.50
Epoch 4 completed. Test dataset:
	 Loss: 0.9166
	 Accuracy : 61.46
	 Average recall: 0.5663
	 F1_PN: 0.6303
	 Macro-F1: 0.5052
	 Weighted-F1: 0.6243

    Iteration 20 of epoch 5 completed. Loss : 0.570722758769989 Accuracy : 96.88
    Iteration 40 of epoch 5 completed. Loss : 0.5794336795806885 Accuracy : 90.62
    Iteration 60 of epoch 5 completed. Loss : 0.7105680704116821 Accuracy : 84.38
    Iteration 80 of epoch 5 completed. Loss : 0.7184981107711792 Accuracy : 84.38
    Iteration 100 of epoch 5 completed. Loss : 0.7406021952629089 Accuracy : 84.38
Best validation accuracy improved from 0.6988636363636365 to 0.7121940559440559
Epoch 5 completed. Test dataset:
	 Loss: 0.8834
	 Accuracy : 65.42
	 Average recall: 0.5308
	 F1_PN: 0.6484
	 Macro-F1: 0.5152
	 Weighted-F1: 0.6500

    Iteration 20 of epoch 6 completed. Loss : 0.5574966073036194 Accuracy : 100.00
    Iteration 40 of epoch 6 completed. Loss : 0.5538284182548523 Accuracy : 100.00
    Iteration 60 of epoch 6 completed. Loss : 0.6550644040107727 Accuracy : 90.62
    Iteration 80 of epoch 6 completed. Loss : 0.6958917379379272 Accuracy : 87.50
    Iteration 100 of epoch 6 completed. Loss : 0.6876279711723328 Accuracy : 90.62
Epoch 6 completed. Test dataset:
	 Loss: 0.8521
	 Accuracy : 70.62
	 Average recall: 0.5493
	 F1_PN: 0.7059
	 Macro-F1: 0.5282
	 Weighted-F1: 0.6882

Best test accuracy improved from 0.6541666666666667 to 0.70625, saving model...
    Iteration 20 of epoch 7 completed. Loss : 0.5586570501327515 Accuracy : 96.88
    Iteration 40 of epoch 7 completed. Loss : 0.6086527109146118 Accuracy : 96.88
    Iteration 60 of epoch 7 completed. Loss : 0.6695458889007568 Accuracy : 87.50
    Iteration 80 of epoch 7 completed. Loss : 0.6935921311378479 Accuracy : 87.50
    Iteration 100 of epoch 7 completed. Loss : 0.7684481143951416 Accuracy : 87.50
Best validation accuracy improved from 0.7121940559440559 to 0.7277097902097902
Epoch 7 completed. Test dataset:
	 Loss: 0.8662
	 Accuracy : 67.29
	 Average recall: 0.5246
	 F1_PN: 0.6657
	 Macro-F1: 0.5049
	 Weighted-F1: 0.6488

    Iteration 20 of epoch 8 completed. Loss : 0.5519145131111145 Accuracy : 100.00
    Iteration 40 of epoch 8 completed. Loss : 0.5638493895530701 Accuracy : 100.00
    Iteration 60 of epoch 8 completed. Loss : 0.7604831457138062 Accuracy : 81.25
    Iteration 80 of epoch 8 completed. Loss : 0.6732760667800903 Accuracy : 90.62
    Iteration 100 of epoch 8 completed. Loss : 0.6592375040054321 Accuracy : 93.75
Epoch 8 completed. Test dataset:
	 Loss: 0.8585
	 Accuracy : 68.54
	 Average recall: 0.5367
	 F1_PN: 0.6821
	 Macro-F1: 0.5282
	 Weighted-F1: 0.6658

    Iteration 20 of epoch 9 completed. Loss : 0.5820761322975159 Accuracy : 93.75
    Iteration 40 of epoch 9 completed. Loss : 0.5664055347442627 Accuracy : 96.88
    Iteration 60 of epoch 9 completed. Loss : 0.6755068898200989 Accuracy : 84.38
    Iteration 80 of epoch 9 completed. Loss : 0.6651519536972046 Accuracy : 90.62
    Iteration 100 of epoch 9 completed. Loss : 0.6097791790962219 Accuracy : 96.88
Epoch 9 completed. Test dataset:
	 Loss: 0.8765
	 Accuracy : 67.08
	 Average recall: 0.5231
	 F1_PN: 0.6559
	 Macro-F1: 0.5148
	 Weighted-F1: 0.6476

    Iteration 20 of epoch 10 completed. Loss : 0.6038734316825867 Accuracy : 96.88
    Iteration 40 of epoch 10 completed. Loss : 0.5515421032905579 Accuracy : 100.00
    Iteration 60 of epoch 10 completed. Loss : 0.6630730628967285 Accuracy : 90.62
    Iteration 80 of epoch 10 completed. Loss : 0.6719267964363098 Accuracy : 90.62
    Iteration 100 of epoch 10 completed. Loss : 0.5843473076820374 Accuracy : 93.75
Epoch 10 completed. Test dataset:
	 Loss: 0.8713
	 Accuracy : 67.29
	 Average recall: 0.4983
	 F1_PN: 0.6560
	 Macro-F1: 0.4887
	 Weighted-F1: 0.6456

    Iteration 20 of epoch 11 completed. Loss : 0.5853686928749084 Accuracy : 93.75
    Iteration 40 of epoch 11 completed. Loss : 0.6105694770812988 Accuracy : 96.88
    Iteration 60 of epoch 11 completed. Loss : 0.6595388054847717 Accuracy : 90.62
    Iteration 80 of epoch 11 completed. Loss : 0.6715265512466431 Accuracy : 90.62
    Iteration 100 of epoch 11 completed. Loss : 0.5536025166511536 Accuracy : 100.00
Epoch 11 completed. Test dataset:
	 Loss: 0.8686
	 Accuracy : 68.33
	 Average recall: 0.5339
	 F1_PN: 0.6725
	 Macro-F1: 0.5219
	 Weighted-F1: 0.6576

    Iteration 20 of epoch 12 completed. Loss : 0.564015805721283 Accuracy : 96.88
    Iteration 40 of epoch 12 completed. Loss : 0.5523059964179993 Accuracy : 100.00
    Iteration 60 of epoch 12 completed. Loss : 0.648958146572113 Accuracy : 90.62
    Iteration 80 of epoch 12 completed. Loss : 0.6718186736106873 Accuracy : 90.62
    Iteration 100 of epoch 12 completed. Loss : 0.5570090413093567 Accuracy : 100.00
Epoch 12 completed. Test dataset:
	 Loss: 0.8687
	 Accuracy : 67.92
	 Average recall: 0.5317
	 F1_PN: 0.6688
	 Macro-F1: 0.5194
	 Weighted-F1: 0.6543

    Iteration 20 of epoch 13 completed. Loss : 0.5527037978172302 Accuracy : 100.00
    Iteration 40 of epoch 13 completed. Loss : 0.5515050292015076 Accuracy : 100.00
    Iteration 60 of epoch 13 completed. Loss : 0.6549537181854248 Accuracy : 90.62
    Iteration 80 of epoch 13 completed. Loss : 0.6724067330360413 Accuracy : 90.62
    Iteration 100 of epoch 13 completed. Loss : 0.5548337697982788 Accuracy : 100.00
Epoch 13 completed. Test dataset:
	 Loss: 0.8689
	 Accuracy : 67.92
	 Average recall: 0.5317
	 F1_PN: 0.6688
	 Macro-F1: 0.5194
	 Weighted-F1: 0.6543

    Iteration 20 of epoch 14 completed. Loss : 0.5519735813140869 Accuracy : 100.00
    Iteration 40 of epoch 14 completed. Loss : 0.5516988635063171 Accuracy : 100.00
    Iteration 60 of epoch 14 completed. Loss : 0.6544647812843323 Accuracy : 90.62
    Iteration 80 of epoch 14 completed. Loss : 0.6712640523910522 Accuracy : 90.62
    Iteration 100 of epoch 14 completed. Loss : 0.5543659925460815 Accuracy : 100.00
Epoch 14 completed. Test dataset:
	 Loss: 0.8689
	 Accuracy : 67.92
	 Average recall: 0.5317
	 F1_PN: 0.6688
	 Macro-F1: 0.5194
	 Weighted-F1: 0.6543

    Iteration 20 of epoch 15 completed. Loss : 0.5542746782302856 Accuracy : 100.00
    Iteration 40 of epoch 15 completed. Loss : 0.5515355467796326 Accuracy : 100.00
    Iteration 60 of epoch 15 completed. Loss : 0.6520022749900818 Accuracy : 90.62
    Iteration 80 of epoch 15 completed. Loss : 0.6732001304626465 Accuracy : 90.62
    Iteration 100 of epoch 15 completed. Loss : 0.5657386183738708 Accuracy : 96.88
Epoch 15 completed. Test dataset:
	 Loss: 0.8689
	 Accuracy : 67.92
	 Average recall: 0.5317
	 F1_PN: 0.6688
	 Macro-F1: 0.5194
	 Weighted-F1: 0.6543

Train/val/test loss curve saved to /home/rgg2706/Multimodal-Sentiment-Analysis/Logs/MOASC4/2025-03-21/sub-1/008_Mar-21-2025_12:07_AM/train_val_test_loss_curve.png
Confusion matrix saved to /home/rgg2706/Multimodal-Sentiment-Analysis/Logs/MOASC4/2025-03-21/sub-1/008_Mar-21-2025_12:07_AM/confusion_matrix.png
