SLURM Job ID: 20077971
The first version with resnset
Model: MOASC4
Dataset: MOA-MVSA-single
directory /home/rgg2706/Multimodal-Sentiment-Analysis/Datasets/MOA-MVSA-single exists
directory /home/rgg2706/Multimodal-Sentiment-Analysis/Datasets/MOA-MVSA-multiple exists
directory /home/rgg2706/Multimodal-Sentiment-Analysis/Models/MOASC4/SaveFiles/SentimentClassifier exists
71
Loading dataset from: /home/rgg2706/Multimodal-Sentiment-Analysis/Datasets/MOA-MVSA-single
/home/rgg2706/Multimodal-Sentiment-Analysis/Datasets/MOA-MVSA-single/text
/home/rgg2706/Multimodal-Sentiment-Analysis/Datasets/MOA-MVSA-single/image
[DEBUG] Now in dataset directory for labels: /home/rgg2706/Multimodal-Sentiment-Analysis/Datasets/MOA-MVSA-single
[DEBUG] About to read labels from: /home/rgg2706/Multimodal-Sentiment-Analysis/Datasets/MOA-MVSA-single/labels.csv
Dataset directory is: /home/rgg2706/Multimodal-Sentiment-Analysis/Datasets/MOA-MVSA-single
Files in dataset directory: ['labels.csv', 'text', 'image']
   ID  text  image
0   1     2      1
1   2     2      1
2   3     2      1
3   4     1      1
4   5     1      1
5   6     1      1
6   7     1      1
7   8     2      1
8   9     1      1
9  10     0      0

[DEBUG] First 5 training texts:
    ID: 1 | Overall sentiment: 1 | Text: how  i feel today legday jelly aching gym 
    ID: 2 | Overall sentiment: 1 | Text: grattis min griskulting!!?? va bara tvungen oki s? sch ? ingenkommerattrodig pig happybday wow lovely cut 
    ID: 3 | Overall sentiment: 1 | Text:  polynminion  the moment  i found my favourite tv character. profoundlove 
    ID: 4 | Overall sentiment: 1 | Text: esco  we have a young and energetic team and we pride ourselves on offering the highes hoer 
    ID: 5 | Overall sentiment: 1 | Text:  chrisashaffer  went to  ssc today to be a movie star to rep for the  deaf and got to meet an energetic great guy  mark  white! 
Train samples: 3653
Validation samples: 406
Test samples: 452
Total samples: 4511
Train label distribution: Negative=1100, Positive=2189, Neutral=364
Val   label distribution: Negative=125, Positive=229, Neutral=52
Test  label distribution: Negative=133, Positive=265, Neutral=54
Overall label distribution: Negative=1358, Positive=2683, Neutral=470
    Iteration 20 of epoch 1 completed. Loss : 1.0947544574737549 Accuracy : 28.12
    Iteration 40 of epoch 1 completed. Loss : 1.0903335809707642 Accuracy : 28.12
    Iteration 60 of epoch 1 completed. Loss : 1.0873701572418213 Accuracy : 34.38
    Iteration 80 of epoch 1 completed. Loss : 1.07854163646698 Accuracy : 34.38
    Iteration 100 of epoch 1 completed. Loss : 1.1104702949523926 Accuracy : 46.88
Best validation accuracy improved from 0.0 to 0.4842657342657342
Epoch 1 completed. Test dataset:
	 Loss: 1.0649
	 Accuracy : 53.12
	 Average recall: 0.4176
	 F1_PN: 0.5450
	 Macro-F1: 0.3633
	 Weighted-F1: 0.5125

Best test accuracy improved from 0.0 to 0.53125, saving model...
    Iteration 20 of epoch 2 completed. Loss : 1.066741943359375 Accuracy : 59.38
    Iteration 40 of epoch 2 completed. Loss : 1.0130335092544556 Accuracy : 75.00
    Iteration 60 of epoch 2 completed. Loss : 0.9756238460540771 Accuracy : 59.38
    Iteration 80 of epoch 2 completed. Loss : 0.879859209060669 Accuracy : 50.00
    Iteration 100 of epoch 2 completed. Loss : 0.969309389591217 Accuracy : 62.50
Best validation accuracy improved from 0.4842657342657342 to 0.6418269230769231
Epoch 2 completed. Test dataset:
	 Loss: 0.9264
	 Accuracy : 60.00
	 Average recall: 0.5128
	 F1_PN: 0.6149
	 Macro-F1: 0.4929
	 Weighted-F1: 0.6078

Best test accuracy improved from 0.53125 to 0.6, saving model...
    Iteration 20 of epoch 3 completed. Loss : 0.7649039030075073 Accuracy : 81.25
    Iteration 40 of epoch 3 completed. Loss : 0.6849188804626465 Accuracy : 81.25
    Iteration 60 of epoch 3 completed. Loss : 0.7922977805137634 Accuracy : 75.00
    Iteration 80 of epoch 3 completed. Loss : 0.6897810101509094 Accuracy : 81.25
    Iteration 100 of epoch 3 completed. Loss : 0.8902596235275269 Accuracy : 78.12
Best validation accuracy improved from 0.6418269230769231 to 0.6448863636363635
Epoch 3 completed. Test dataset:
	 Loss: 0.8973
	 Accuracy : 63.96
	 Average recall: 0.5508
	 F1_PN: 0.6530
	 Macro-F1: 0.5309
	 Weighted-F1: 0.6520

Best test accuracy improved from 0.6 to 0.6395833333333333, saving model...
    Iteration 20 of epoch 4 completed. Loss : 0.7349949479103088 Accuracy : 81.25
    Iteration 40 of epoch 4 completed. Loss : 0.6525745987892151 Accuracy : 84.38
    Iteration 60 of epoch 4 completed. Loss : 0.7271355390548706 Accuracy : 84.38
    Iteration 80 of epoch 4 completed. Loss : 0.7790647745132446 Accuracy : 68.75
    Iteration 100 of epoch 4 completed. Loss : 0.8374446630477905 Accuracy : 81.25
Best validation accuracy improved from 0.6448863636363635 to 0.6990821678321678
Epoch 4 completed. Test dataset:
	 Loss: 0.8444
	 Accuracy : 69.38
	 Average recall: 0.5231
	 F1_PN: 0.6877
	 Macro-F1: 0.5033
	 Weighted-F1: 0.6679

Best test accuracy improved from 0.6395833333333333 to 0.69375, saving model...
    Iteration 20 of epoch 5 completed. Loss : 0.6428921222686768 Accuracy : 90.62
    Iteration 40 of epoch 5 completed. Loss : 0.6237431168556213 Accuracy : 90.62
    Iteration 60 of epoch 5 completed. Loss : 0.6573349237442017 Accuracy : 90.62
    Iteration 80 of epoch 5 completed. Loss : 0.6645214557647705 Accuracy : 81.25
    Iteration 100 of epoch 5 completed. Loss : 0.769852876663208 Accuracy : 81.25
Epoch 5 completed. Test dataset:
	 Loss: 0.8528
	 Accuracy : 68.96
	 Average recall: 0.5071
	 F1_PN: 0.6802
	 Macro-F1: 0.4884
	 Weighted-F1: 0.6586

    Iteration 20 of epoch 6 completed. Loss : 0.570568859577179 Accuracy : 96.88
    Iteration 40 of epoch 6 completed. Loss : 0.617524266242981 Accuracy : 93.75
    Iteration 60 of epoch 6 completed. Loss : 0.6405741572380066 Accuracy : 93.75
    Iteration 80 of epoch 6 completed. Loss : 0.6423996090888977 Accuracy : 87.50
    Iteration 100 of epoch 6 completed. Loss : 0.6528449058532715 Accuracy : 90.62
Epoch 6 completed. Test dataset:
	 Loss: 0.8600
	 Accuracy : 67.92
	 Average recall: 0.4983
	 F1_PN: 0.6499
	 Macro-F1: 0.4932
	 Weighted-F1: 0.6496

    Iteration 20 of epoch 7 completed. Loss : 0.5526235103607178 Accuracy : 100.00
    Iteration 40 of epoch 7 completed. Loss : 0.6490534543991089 Accuracy : 90.62
    Iteration 60 of epoch 7 completed. Loss : 0.6583096385002136 Accuracy : 90.62
    Iteration 80 of epoch 7 completed. Loss : 0.6230422258377075 Accuracy : 90.62
    Iteration 100 of epoch 7 completed. Loss : 0.6031138896942139 Accuracy : 96.88
Epoch 7 completed. Test dataset:
	 Loss: 0.8500
	 Accuracy : 69.17
	 Average recall: 0.5460
	 F1_PN: 0.6795
	 Macro-F1: 0.5342
	 Weighted-F1: 0.6723

    Iteration 20 of epoch 8 completed. Loss : 0.5728901624679565 Accuracy : 96.88
    Iteration 40 of epoch 8 completed. Loss : 0.6099185943603516 Accuracy : 96.88
    Iteration 60 of epoch 8 completed. Loss : 0.6385298371315002 Accuracy : 93.75
    Iteration 80 of epoch 8 completed. Loss : 0.6169581413269043 Accuracy : 90.62
    Iteration 100 of epoch 8 completed. Loss : 0.5997204780578613 Accuracy : 96.88
Epoch 8 completed. Test dataset:
	 Loss: 0.8452
	 Accuracy : 70.83
	 Average recall: 0.5574
	 F1_PN: 0.6944
	 Macro-F1: 0.5468
	 Weighted-F1: 0.6851

Best test accuracy improved from 0.69375 to 0.7083333333333334, saving model...
    Iteration 20 of epoch 9 completed. Loss : 0.5685659646987915 Accuracy : 96.88
    Iteration 40 of epoch 9 completed. Loss : 0.6082468628883362 Accuracy : 96.88
    Iteration 60 of epoch 9 completed. Loss : 0.6697148680686951 Accuracy : 87.50
    Iteration 80 of epoch 9 completed. Loss : 0.6165916919708252 Accuracy : 90.62
    Iteration 100 of epoch 9 completed. Loss : 0.6009383201599121 Accuracy : 96.88
Epoch 9 completed. Test dataset:
	 Loss: 0.8457
	 Accuracy : 70.62
	 Average recall: 0.5542
	 F1_PN: 0.6913
	 Macro-F1: 0.5447
	 Weighted-F1: 0.6832

    Iteration 20 of epoch 10 completed. Loss : 0.5684299468994141 Accuracy : 96.88
    Iteration 40 of epoch 10 completed. Loss : 0.6081482768058777 Accuracy : 96.88
    Iteration 60 of epoch 10 completed. Loss : 0.6427814960479736 Accuracy : 93.75
    Iteration 80 of epoch 10 completed. Loss : 0.630082368850708 Accuracy : 90.62
    Iteration 100 of epoch 10 completed. Loss : 0.5970075726509094 Accuracy : 96.88
Epoch 10 completed. Test dataset:
	 Loss: 0.8462
	 Accuracy : 70.62
	 Average recall: 0.5542
	 F1_PN: 0.6913
	 Macro-F1: 0.5447
	 Weighted-F1: 0.6832

    Iteration 20 of epoch 11 completed. Loss : 0.5680719017982483 Accuracy : 96.88
    Iteration 40 of epoch 11 completed. Loss : 0.6137829422950745 Accuracy : 96.88
    Iteration 60 of epoch 11 completed. Loss : 0.679567813873291 Accuracy : 87.50
    Iteration 80 of epoch 11 completed. Loss : 0.6162251234054565 Accuracy : 90.62
    Iteration 100 of epoch 11 completed. Loss : 0.5994611382484436 Accuracy : 96.88
Epoch 11 completed. Test dataset:
	 Loss: 0.8461
	 Accuracy : 70.62
	 Average recall: 0.5542
	 F1_PN: 0.6913
	 Macro-F1: 0.5447
	 Weighted-F1: 0.6832

    Iteration 20 of epoch 12 completed. Loss : 0.5686174035072327 Accuracy : 96.88
    Iteration 40 of epoch 12 completed. Loss : 0.6089350581169128 Accuracy : 96.88
    Iteration 60 of epoch 12 completed. Loss : 0.6428188681602478 Accuracy : 93.75
    Iteration 80 of epoch 12 completed. Loss : 0.6167053580284119 Accuracy : 90.62
    Iteration 100 of epoch 12 completed. Loss : 0.6024712920188904 Accuracy : 96.88
Epoch 12 completed. Test dataset:
	 Loss: 0.8462
	 Accuracy : 70.62
	 Average recall: 0.5542
	 F1_PN: 0.6913
	 Macro-F1: 0.5447
	 Weighted-F1: 0.6832

    Iteration 20 of epoch 13 completed. Loss : 0.5679605007171631 Accuracy : 96.88
    Iteration 40 of epoch 13 completed. Loss : 0.6099011898040771 Accuracy : 96.88
    Iteration 60 of epoch 13 completed. Loss : 0.6441001296043396 Accuracy : 93.75
    Iteration 80 of epoch 13 completed. Loss : 0.623631477355957 Accuracy : 90.62
    Iteration 100 of epoch 13 completed. Loss : 0.6005617380142212 Accuracy : 96.88
Epoch 13 completed. Test dataset:
	 Loss: 0.8462
	 Accuracy : 70.62
	 Average recall: 0.5542
	 F1_PN: 0.6913
	 Macro-F1: 0.5447
	 Weighted-F1: 0.6832

    Iteration 20 of epoch 14 completed. Loss : 0.5675389766693115 Accuracy : 96.88
    Iteration 40 of epoch 14 completed. Loss : 0.6085600256919861 Accuracy : 96.88
    Iteration 60 of epoch 14 completed. Loss : 0.6410571932792664 Accuracy : 93.75
    Iteration 80 of epoch 14 completed. Loss : 0.6147299408912659 Accuracy : 90.62
    Iteration 100 of epoch 14 completed. Loss : 0.5989633798599243 Accuracy : 96.88
Epoch 14 completed. Test dataset:
	 Loss: 0.8462
	 Accuracy : 70.62
	 Average recall: 0.5542
	 F1_PN: 0.6913
	 Macro-F1: 0.5447
	 Weighted-F1: 0.6832

    Iteration 20 of epoch 15 completed. Loss : 0.5686508417129517 Accuracy : 96.88
    Iteration 40 of epoch 15 completed. Loss : 0.6086581349372864 Accuracy : 96.88
    Iteration 60 of epoch 15 completed. Loss : 0.6482097506523132 Accuracy : 90.62
    Iteration 80 of epoch 15 completed. Loss : 0.615622878074646 Accuracy : 90.62
    Iteration 100 of epoch 15 completed. Loss : 0.6042723059654236 Accuracy : 96.88
Epoch 15 completed. Test dataset:
	 Loss: 0.8462
	 Accuracy : 70.62
	 Average recall: 0.5542
	 F1_PN: 0.6913
	 Macro-F1: 0.5447
	 Weighted-F1: 0.6832

Train/val/test loss curve saved to /home/rgg2706/Multimodal-Sentiment-Analysis/Logs/MOASC4/2025-03-21/sub-1/021_Mar-21-2025_12:07_AM/train_val_test_loss_curve.png
Confusion matrix saved to /home/rgg2706/Multimodal-Sentiment-Analysis/Logs/MOASC4/2025-03-21/sub-1/021_Mar-21-2025_12:07_AM/confusion_matrix.png
