SLURM Job ID: 20077996
The first version with resnset
Model: MOASC4
Dataset: MOA-MVSA-single
directory /home/rgg2706/Multimodal-Sentiment-Analysis/Datasets/MOA-MVSA-single exists
directory /home/rgg2706/Multimodal-Sentiment-Analysis/Datasets/MOA-MVSA-multiple exists
directory /home/rgg2706/Multimodal-Sentiment-Analysis/Models/MOASC4/SaveFiles/SentimentClassifier exists
96
Loading dataset from: /home/rgg2706/Multimodal-Sentiment-Analysis/Datasets/MOA-MVSA-single
/home/rgg2706/Multimodal-Sentiment-Analysis/Datasets/MOA-MVSA-single/text
/home/rgg2706/Multimodal-Sentiment-Analysis/Datasets/MOA-MVSA-single/image
[DEBUG] Now in dataset directory for labels: /home/rgg2706/Multimodal-Sentiment-Analysis/Datasets/MOA-MVSA-single
[DEBUG] About to read labels from: /home/rgg2706/Multimodal-Sentiment-Analysis/Datasets/MOA-MVSA-single/labels.csv
Dataset directory is: /home/rgg2706/Multimodal-Sentiment-Analysis/Datasets/MOA-MVSA-single
Files in dataset directory: ['labels.csv', 'text', 'image']
   ID  text  image
0   1     2      1
1   2     2      1
2   3     2      1
3   4     1      1
4   5     1      1
5   6     1      1
6   7     1      1
7   8     2      1
8   9     1      1
9  10     0      0

[DEBUG] First 5 training texts:
    ID: 1 | Overall sentiment: 1 | Text: how  i feel today legday jelly aching gym 
    ID: 2 | Overall sentiment: 1 | Text: grattis min griskulting!!?? va bara tvungen oki s? sch ? ingenkommerattrodig pig happybday wow lovely cut 
    ID: 3 | Overall sentiment: 1 | Text:  polynminion  the moment  i found my favourite tv character. profoundlove 
    ID: 5 | Overall sentiment: 1 | Text:  chrisashaffer  went to  ssc today to be a movie star to rep for the  deaf and got to meet an energetic great guy  mark  white! 
    ID: 6 | Overall sentiment: 1 | Text:  babeshawnmendes that was really energetic 
Train samples: 3653
Validation samples: 406
Test samples: 452
Total samples: 4511
Train label distribution: Negative=1094, Positive=2184, Neutral=375
Val   label distribution: Negative=143, Positive=219, Neutral=44
Test  label distribution: Negative=121, Positive=280, Neutral=51
Overall label distribution: Negative=1358, Positive=2683, Neutral=470
    Iteration 20 of epoch 1 completed. Loss : 1.1001554727554321 Accuracy : 31.25
    Iteration 40 of epoch 1 completed. Loss : 1.102730631828308 Accuracy : 18.75
    Iteration 60 of epoch 1 completed. Loss : 1.098556399345398 Accuracy : 25.00
    Iteration 80 of epoch 1 completed. Loss : 1.091976523399353 Accuracy : 50.00
    Iteration 100 of epoch 1 completed. Loss : 1.1020536422729492 Accuracy : 37.50
Best validation accuracy improved from 0.0 to 0.611451048951049
Epoch 1 completed. Test dataset:
	 Loss: 1.0668
	 Accuracy : 59.58
	 Average recall: 0.4384
	 F1_PN: 0.5799
	 Macro-F1: 0.3866
	 Weighted-F1: 0.5603

Best test accuracy improved from 0.0 to 0.5958333333333333, saving model...
    Iteration 20 of epoch 2 completed. Loss : 1.1005088090896606 Accuracy : 50.00
    Iteration 40 of epoch 2 completed. Loss : 1.0923720598220825 Accuracy : 50.00
    Iteration 60 of epoch 2 completed. Loss : 1.0528020858764648 Accuracy : 65.62
    Iteration 80 of epoch 2 completed. Loss : 0.9830010533332825 Accuracy : 62.50
    Iteration 100 of epoch 2 completed. Loss : 1.0336378812789917 Accuracy : 84.38
Epoch 2 completed. Test dataset:
	 Loss: 0.9590
	 Accuracy : 57.08
	 Average recall: 0.5095
	 F1_PN: 0.5813
	 Macro-F1: 0.4704
	 Weighted-F1: 0.5822

    Iteration 20 of epoch 3 completed. Loss : 0.9994519352912903 Accuracy : 59.38
    Iteration 40 of epoch 3 completed. Loss : 0.8225986361503601 Accuracy : 71.88
    Iteration 60 of epoch 3 completed. Loss : 0.9710030555725098 Accuracy : 75.00
    Iteration 80 of epoch 3 completed. Loss : 0.7592952847480774 Accuracy : 75.00
    Iteration 100 of epoch 3 completed. Loss : 0.8162776231765747 Accuracy : 90.62
Best validation accuracy improved from 0.611451048951049 to 0.6451048951048951
Epoch 3 completed. Test dataset:
	 Loss: 0.9122
	 Accuracy : 64.38
	 Average recall: 0.5716
	 F1_PN: 0.6389
	 Macro-F1: 0.5319
	 Weighted-F1: 0.6417

Best test accuracy improved from 0.5958333333333333 to 0.64375, saving model...
    Iteration 20 of epoch 4 completed. Loss : 0.7676658630371094 Accuracy : 78.12
    Iteration 40 of epoch 4 completed. Loss : 0.682746946811676 Accuracy : 78.12
    Iteration 60 of epoch 4 completed. Loss : 0.8138920068740845 Accuracy : 84.38
    Iteration 80 of epoch 4 completed. Loss : 0.6810100674629211 Accuracy : 78.12
    Iteration 100 of epoch 4 completed. Loss : 0.6783750653266907 Accuracy : 90.62
Best validation accuracy improved from 0.6451048951048951 to 0.6752622377622378
Epoch 4 completed. Test dataset:
	 Loss: 0.8935
	 Accuracy : 65.83
	 Average recall: 0.5685
	 F1_PN: 0.6578
	 Macro-F1: 0.5296
	 Weighted-F1: 0.6488

Best test accuracy improved from 0.64375 to 0.6583333333333333, saving model...
    Iteration 20 of epoch 5 completed. Loss : 0.7647186517715454 Accuracy : 81.25
    Iteration 40 of epoch 5 completed. Loss : 0.6505177021026611 Accuracy : 84.38
    Iteration 60 of epoch 5 completed. Loss : 0.773543655872345 Accuracy : 87.50
    Iteration 80 of epoch 5 completed. Loss : 0.6387788653373718 Accuracy : 87.50
    Iteration 100 of epoch 5 completed. Loss : 0.6092267036437988 Accuracy : 96.88
Best validation accuracy improved from 0.6752622377622378 to 0.6826923076923077
Epoch 5 completed. Test dataset:
	 Loss: 0.8998
	 Accuracy : 64.79
	 Average recall: 0.5142
	 F1_PN: 0.6529
	 Macro-F1: 0.4807
	 Weighted-F1: 0.6333

    Iteration 20 of epoch 6 completed. Loss : 0.6969508528709412 Accuracy : 84.38
    Iteration 40 of epoch 6 completed. Loss : 0.6545115113258362 Accuracy : 84.38
    Iteration 60 of epoch 6 completed. Loss : 0.6504876613616943 Accuracy : 93.75
    Iteration 80 of epoch 6 completed. Loss : 0.590830385684967 Accuracy : 93.75
    Iteration 100 of epoch 6 completed. Loss : 0.6174867153167725 Accuracy : 96.88
Best validation accuracy improved from 0.6826923076923077 to 0.6955856643356644
Epoch 6 completed. Test dataset:
	 Loss: 0.9195
	 Accuracy : 62.08
	 Average recall: 0.4911
	 F1_PN: 0.6173
	 Macro-F1: 0.4456
	 Weighted-F1: 0.5927

    Iteration 20 of epoch 7 completed. Loss : 0.6955708265304565 Accuracy : 81.25
    Iteration 40 of epoch 7 completed. Loss : 0.6672720313072205 Accuracy : 81.25
    Iteration 60 of epoch 7 completed. Loss : 0.6514220833778381 Accuracy : 93.75
    Iteration 80 of epoch 7 completed. Loss : 0.6470105648040771 Accuracy : 84.38
    Iteration 100 of epoch 7 completed. Loss : 0.5803288221359253 Accuracy : 100.00
Epoch 7 completed. Test dataset:
	 Loss: 0.9028
	 Accuracy : 64.58
	 Average recall: 0.5031
	 F1_PN: 0.6479
	 Macro-F1: 0.4757
	 Weighted-F1: 0.6285

    Iteration 20 of epoch 8 completed. Loss : 0.6098383069038391 Accuracy : 90.62
    Iteration 40 of epoch 8 completed. Loss : 0.6124640703201294 Accuracy : 90.62
    Iteration 60 of epoch 8 completed. Loss : 0.6514283418655396 Accuracy : 93.75
    Iteration 80 of epoch 8 completed. Loss : 0.5870035886764526 Accuracy : 96.88
    Iteration 100 of epoch 8 completed. Loss : 0.5653467178344727 Accuracy : 100.00
Epoch 8 completed. Test dataset:
	 Loss: 0.9268
	 Accuracy : 60.83
	 Average recall: 0.4831
	 F1_PN: 0.6036
	 Macro-F1: 0.4487
	 Weighted-F1: 0.5862

    Iteration 20 of epoch 9 completed. Loss : 0.6330031752586365 Accuracy : 90.62
    Iteration 40 of epoch 9 completed. Loss : 0.6079389452934265 Accuracy : 90.62
    Iteration 60 of epoch 9 completed. Loss : 0.6535288691520691 Accuracy : 93.75
    Iteration 80 of epoch 9 completed. Loss : 0.5697365999221802 Accuracy : 96.88
    Iteration 100 of epoch 9 completed. Loss : 0.5582687258720398 Accuracy : 100.00
Epoch 9 completed. Test dataset:
	 Loss: 0.9076
	 Accuracy : 62.71
	 Average recall: 0.4925
	 F1_PN: 0.6246
	 Macro-F1: 0.4680
	 Weighted-F1: 0.6083

    Iteration 20 of epoch 10 completed. Loss : 0.5830357074737549 Accuracy : 93.75
    Iteration 40 of epoch 10 completed. Loss : 0.6454529166221619 Accuracy : 87.50
    Iteration 60 of epoch 10 completed. Loss : 0.6502343416213989 Accuracy : 93.75
    Iteration 80 of epoch 10 completed. Loss : 0.5691808462142944 Accuracy : 96.88
    Iteration 100 of epoch 10 completed. Loss : 0.5570731163024902 Accuracy : 100.00
Epoch 10 completed. Test dataset:
	 Loss: 0.9133
	 Accuracy : 62.71
	 Average recall: 0.4908
	 F1_PN: 0.6257
	 Macro-F1: 0.4599
	 Weighted-F1: 0.6072

    Iteration 20 of epoch 11 completed. Loss : 0.5924659371376038 Accuracy : 93.75
    Iteration 40 of epoch 11 completed. Loss : 0.6058366894721985 Accuracy : 90.62
    Iteration 60 of epoch 11 completed. Loss : 0.6372296810150146 Accuracy : 93.75
    Iteration 80 of epoch 11 completed. Loss : 0.5695127248764038 Accuracy : 96.88
    Iteration 100 of epoch 11 completed. Loss : 0.5527026653289795 Accuracy : 100.00
Best validation accuracy improved from 0.6955856643356644 to 0.7041083916083917
Epoch 11 completed. Test dataset:
	 Loss: 0.9074
	 Accuracy : 62.71
	 Average recall: 0.4845
	 F1_PN: 0.6231
	 Macro-F1: 0.4566
	 Weighted-F1: 0.6060

    Iteration 20 of epoch 12 completed. Loss : 0.6271889209747314 Accuracy : 90.62
    Iteration 40 of epoch 12 completed. Loss : 0.6063727736473083 Accuracy : 90.62
    Iteration 60 of epoch 12 completed. Loss : 0.64210045337677 Accuracy : 93.75
    Iteration 80 of epoch 12 completed. Loss : 0.5693203210830688 Accuracy : 96.88
    Iteration 100 of epoch 12 completed. Loss : 0.5532057881355286 Accuracy : 100.00
Epoch 12 completed. Test dataset:
	 Loss: 0.9102
	 Accuracy : 62.92
	 Average recall: 0.4887
	 F1_PN: 0.6272
	 Macro-F1: 0.4593
	 Weighted-F1: 0.6087

    Iteration 20 of epoch 13 completed. Loss : 0.6235941052436829 Accuracy : 90.62
    Iteration 40 of epoch 13 completed. Loss : 0.6050557494163513 Accuracy : 90.62
    Iteration 60 of epoch 13 completed. Loss : 0.614251434803009 Accuracy : 93.75
    Iteration 80 of epoch 13 completed. Loss : 0.5702906847000122 Accuracy : 96.88
    Iteration 100 of epoch 13 completed. Loss : 0.555587649345398 Accuracy : 100.00
Epoch 13 completed. Test dataset:
	 Loss: 0.9088
	 Accuracy : 62.92
	 Average recall: 0.4887
	 F1_PN: 0.6261
	 Macro-F1: 0.4586
	 Weighted-F1: 0.6090

    Iteration 20 of epoch 14 completed. Loss : 0.5916199684143066 Accuracy : 93.75
    Iteration 40 of epoch 14 completed. Loss : 0.6060189008712769 Accuracy : 90.62
    Iteration 60 of epoch 14 completed. Loss : 0.5849387645721436 Accuracy : 96.88
    Iteration 80 of epoch 14 completed. Loss : 0.6022064685821533 Accuracy : 93.75
    Iteration 100 of epoch 14 completed. Loss : 0.5530245900154114 Accuracy : 100.00
Epoch 14 completed. Test dataset:
	 Loss: 0.9080
	 Accuracy : 63.12
	 Average recall: 0.4898
	 F1_PN: 0.6279
	 Macro-F1: 0.4598
	 Weighted-F1: 0.6108

    Iteration 20 of epoch 15 completed. Loss : 0.5940850973129272 Accuracy : 93.75
    Iteration 40 of epoch 15 completed. Loss : 0.6056654453277588 Accuracy : 90.62
    Iteration 60 of epoch 15 completed. Loss : 0.5898523330688477 Accuracy : 96.88
    Iteration 80 of epoch 15 completed. Loss : 0.5708686709403992 Accuracy : 96.88
    Iteration 100 of epoch 15 completed. Loss : 0.5548834800720215 Accuracy : 100.00
Epoch 15 completed. Test dataset:
	 Loss: 0.9089
	 Accuracy : 62.71
	 Average recall: 0.4832
	 F1_PN: 0.6251
	 Macro-F1: 0.4490
	 Weighted-F1: 0.6051

Train/val/test loss curve saved to /home/rgg2706/Multimodal-Sentiment-Analysis/Logs/MOASC4/2025-03-21/sub-1/046_Mar-21-2025_12:07_AM/train_val_test_loss_curve.png
Confusion matrix saved to /home/rgg2706/Multimodal-Sentiment-Analysis/Logs/MOASC4/2025-03-21/sub-1/046_Mar-21-2025_12:07_AM/confusion_matrix.png
