SLURM Job ID: 20078110
The first version with resnset
Model: MOASC4
Dataset: MOA-MVSA-multiple
directory /home/rgg2706/Multimodal-Sentiment-Analysis/Datasets/MOA-MVSA-single exists
directory /home/rgg2706/Multimodal-Sentiment-Analysis/Datasets/MOA-MVSA-multiple exists
directory /home/rgg2706/Multimodal-Sentiment-Analysis/Models/MOASC4/SaveFiles/SentimentClassifier exists
17
Loading dataset from: /home/rgg2706/Multimodal-Sentiment-Analysis/Datasets/MOA-MVSA-multiple
/home/rgg2706/Multimodal-Sentiment-Analysis/Datasets/MOA-MVSA-multiple/text
/home/rgg2706/Multimodal-Sentiment-Analysis/Datasets/MOA-MVSA-multiple/image
[DEBUG] Now in dataset directory for labels: /home/rgg2706/Multimodal-Sentiment-Analysis/Datasets/MOA-MVSA-multiple
[DEBUG] About to read labels from: /home/rgg2706/Multimodal-Sentiment-Analysis/Datasets/MOA-MVSA-multiple/labels.csv
Dataset directory is: /home/rgg2706/Multimodal-Sentiment-Analysis/Datasets/MOA-MVSA-multiple
Files in dataset directory: ['labels.csv', 'text', 'image']
     ID  text  image
0  2499     1      1
1  2500     2      1
2  2502     1      1
3  2504     1      2
4  2505     1      2
5  2506     2      2
6  2508     0      2
7  2509     0      0
8  2510     2      2
9  2511     2      1
Error loading image /home/rgg2706/Multimodal-Sentiment-Analysis/Datasets/MOA-MVSA-multiple/image/3910.jpg: cannot identify image file '/home/rgg2706/Multimodal-Sentiment-Analysis/Datasets/MOA-MVSA-multiple/image/3910.jpg'
  [*] Using fallback image: /home/rgg2706/Multimodal-Sentiment-Analysis/Datasets/0default.jpg
Error loading image /home/rgg2706/Multimodal-Sentiment-Analysis/Datasets/MOA-MVSA-multiple/image/5995.jpg: cannot identify image file '/home/rgg2706/Multimodal-Sentiment-Analysis/Datasets/MOA-MVSA-multiple/image/5995.jpg'
  [*] Using fallback image: /home/rgg2706/Multimodal-Sentiment-Analysis/Datasets/0default.jpg
Error loading image /home/rgg2706/Multimodal-Sentiment-Analysis/Datasets/MOA-MVSA-multiple/image/15324.jpg: image file is truncated (4 bytes not processed)
  [*] Using fallback image: /home/rgg2706/Multimodal-Sentiment-Analysis/Datasets/0default.jpg

[DEBUG] First 5 training texts:
    ID: 2499 | Overall sentiment: 1 | Text: knocked doors with the venerable  team trudeau lpc candidate kylejpeterson this aft in my hometown  aurora! elxn
    ID: 2500 | Overall sentiment: 1 | Text: canvassing for  elect kelly yeg yegfed elxn
    ID: 2502 | Overall sentiment: 1 | Text: i think it is time for change   ana  commit to  vote  generation trudeau  sfu lpc elxn http annoyedorhesitantt.cohvo i ud x ib
    ID: 2504 | Overall sentiment: 1 | Text: rdy to watch  thomas mulcair rock it tnight in the globeandmail debate at  winnipeg news  cafe  ndp cdnpoli elxn
    ID: 2508 | Overall sentiment: 0 | Text: ??  who is who and does what in the elxn  conservative  war  room?  cpc cd npoli  ca npoli http annoyedorhesitantt.coez wknck ys
Train samples: 13791
Validation samples: 1533
Test samples: 1703
Total samples: 17027
Train label distribution: Negative=1065, Positive=9177, Neutral=3549
Val   label distribution: Negative=104, Positive=1023, Neutral=406
Test  label distribution: Negative=130, Positive=1120, Neutral=453
Overall label distribution: Negative=1299, Positive=11320, Neutral=4408
    Iteration 20 of epoch 1 completed. Loss : 1.0954689979553223 Accuracy : 50.00
    Iteration 40 of epoch 1 completed. Loss : 1.062126636505127 Accuracy : 53.12
    Iteration 60 of epoch 1 completed. Loss : 1.1035575866699219 Accuracy : 65.62
    Iteration 80 of epoch 1 completed. Loss : 1.1001145839691162 Accuracy : 68.75
    Iteration 100 of epoch 1 completed. Loss : 1.08510160446167 Accuracy : 71.88
    Iteration 120 of epoch 1 completed. Loss : 1.113922357559204 Accuracy : 84.38
    Iteration 140 of epoch 1 completed. Loss : 1.1109381914138794 Accuracy : 34.38
    Iteration 160 of epoch 1 completed. Loss : 1.0862603187561035 Accuracy : 65.62
    Iteration 180 of epoch 1 completed. Loss : 1.003544569015503 Accuracy : 81.25
    Iteration 200 of epoch 1 completed. Loss : 1.0449120998382568 Accuracy : 59.38
    Iteration 220 of epoch 1 completed. Loss : 0.9175695776939392 Accuracy : 65.62
    Iteration 240 of epoch 1 completed. Loss : 0.894984781742096 Accuracy : 65.62
    Iteration 260 of epoch 1 completed. Loss : 1.016498327255249 Accuracy : 56.25
    Iteration 280 of epoch 1 completed. Loss : 0.938130795955658 Accuracy : 43.75
    Iteration 300 of epoch 1 completed. Loss : 0.9953905940055847 Accuracy : 53.12
    Iteration 320 of epoch 1 completed. Loss : 0.9524897336959839 Accuracy : 56.25
    Iteration 340 of epoch 1 completed. Loss : 1.1156847476959229 Accuracy : 31.25
    Iteration 360 of epoch 1 completed. Loss : 1.1542128324508667 Accuracy : 50.00
    Iteration 380 of epoch 1 completed. Loss : 1.0940300226211548 Accuracy : 56.25
    Iteration 400 of epoch 1 completed. Loss : 0.8456466197967529 Accuracy : 71.88
    Iteration 420 of epoch 1 completed. Loss : 1.041449785232544 Accuracy : 50.00
Best validation accuracy improved from 0.0 to 0.5736575071839081
Epoch 1 completed. Test dataset:
	 Loss: 0.9086
	 Accuracy : 62.15
	 Average recall: 0.5293
	 F1_PN: 0.4812
	 Macro-F1: 0.4785
	 Weighted-F1: 0.6417

Best test accuracy improved from 0.0 to 0.6215277777777778, saving model...
    Iteration 20 of epoch 2 completed. Loss : 0.9855781197547913 Accuracy : 56.25
    Iteration 40 of epoch 2 completed. Loss : 1.0086416006088257 Accuracy : 56.25
    Iteration 60 of epoch 2 completed. Loss : 0.8301048278808594 Accuracy : 71.88
    Iteration 80 of epoch 2 completed. Loss : 1.0397170782089233 Accuracy : 62.50
    Iteration 100 of epoch 2 completed. Loss : 0.8957080841064453 Accuracy : 78.12
    Iteration 120 of epoch 2 completed. Loss : 1.1971617937088013 Accuracy : 84.38
    Iteration 140 of epoch 2 completed. Loss : 1.0050297975540161 Accuracy : 50.00
    Iteration 160 of epoch 2 completed. Loss : 0.927832305431366 Accuracy : 65.62
    Iteration 180 of epoch 2 completed. Loss : 0.7981160283088684 Accuracy : 84.38
    Iteration 200 of epoch 2 completed. Loss : 0.8182244896888733 Accuracy : 56.25
    Iteration 220 of epoch 2 completed. Loss : 0.9292362928390503 Accuracy : 68.75
    Iteration 240 of epoch 2 completed. Loss : 0.8554741144180298 Accuracy : 62.50
    Iteration 260 of epoch 2 completed. Loss : 1.0218591690063477 Accuracy : 59.38
    Iteration 280 of epoch 2 completed. Loss : 0.8483362793922424 Accuracy : 62.50
    Iteration 300 of epoch 2 completed. Loss : 0.994455873966217 Accuracy : 50.00
    Iteration 320 of epoch 2 completed. Loss : 0.8555738925933838 Accuracy : 59.38
    Iteration 340 of epoch 2 completed. Loss : 1.044589877128601 Accuracy : 37.50
    Iteration 360 of epoch 2 completed. Loss : 1.0729864835739136 Accuracy : 50.00
    Iteration 380 of epoch 2 completed. Loss : 1.0989435911178589 Accuracy : 65.62
    Iteration 400 of epoch 2 completed. Loss : 0.8665522933006287 Accuracy : 56.25
    Iteration 420 of epoch 2 completed. Loss : 0.9456164836883545 Accuracy : 56.25
Epoch 2 completed. Test dataset:
	 Loss: 0.9417
	 Accuracy : 58.30
	 Average recall: 0.5227
	 F1_PN: 0.4707
	 Macro-F1: 0.4591
	 Weighted-F1: 0.6118

    Iteration 20 of epoch 3 completed. Loss : 1.0082612037658691 Accuracy : 56.25
    Iteration 40 of epoch 3 completed. Loss : 0.935175359249115 Accuracy : 62.50
    Iteration 60 of epoch 3 completed. Loss : 0.7626509070396423 Accuracy : 71.88
    Iteration 80 of epoch 3 completed. Loss : 0.7643035650253296 Accuracy : 75.00
    Iteration 100 of epoch 3 completed. Loss : 0.7925316691398621 Accuracy : 84.38
    Iteration 120 of epoch 3 completed. Loss : 1.0808552503585815 Accuracy : 84.38
    Iteration 140 of epoch 3 completed. Loss : 1.039442539215088 Accuracy : 46.88
    Iteration 160 of epoch 3 completed. Loss : 0.7142581939697266 Accuracy : 81.25
    Iteration 180 of epoch 3 completed. Loss : 0.7137113809585571 Accuracy : 81.25
    Iteration 200 of epoch 3 completed. Loss : 0.7106508016586304 Accuracy : 71.88
    Iteration 220 of epoch 3 completed. Loss : 0.7464789152145386 Accuracy : 71.88
    Iteration 240 of epoch 3 completed. Loss : 0.8264831304550171 Accuracy : 65.62
    Iteration 260 of epoch 3 completed. Loss : 0.6919130682945251 Accuracy : 62.50
    Iteration 280 of epoch 3 completed. Loss : 0.8224721550941467 Accuracy : 65.62
    Iteration 300 of epoch 3 completed. Loss : 0.995934247970581 Accuracy : 59.38
    Iteration 320 of epoch 3 completed. Loss : 0.748493492603302 Accuracy : 71.88
    Iteration 340 of epoch 3 completed. Loss : 1.021457552909851 Accuracy : 46.88
    Iteration 360 of epoch 3 completed. Loss : 0.9023829102516174 Accuracy : 50.00
    Iteration 380 of epoch 3 completed. Loss : 0.8656840324401855 Accuracy : 62.50
    Iteration 400 of epoch 3 completed. Loss : 0.9005661010742188 Accuracy : 50.00
    Iteration 420 of epoch 3 completed. Loss : 0.8012481331825256 Accuracy : 75.00
Best validation accuracy improved from 0.5736575071839081 to 0.5770474137931034
Epoch 3 completed. Test dataset:
	 Loss: 0.9364
	 Accuracy : 59.52
	 Average recall: 0.4942
	 F1_PN: 0.4806
	 Macro-F1: 0.4512
	 Weighted-F1: 0.6171

    Iteration 20 of epoch 4 completed. Loss : 0.8991696834564209 Accuracy : 65.62
    Iteration 40 of epoch 4 completed. Loss : 0.7470279335975647 Accuracy : 84.38
    Iteration 60 of epoch 4 completed. Loss : 0.7048046588897705 Accuracy : 75.00
    Iteration 80 of epoch 4 completed. Loss : 0.7342411279678345 Accuracy : 75.00
    Iteration 100 of epoch 4 completed. Loss : 0.6366423964500427 Accuracy : 90.62
    Iteration 120 of epoch 4 completed. Loss : 0.72278892993927 Accuracy : 87.50
    Iteration 140 of epoch 4 completed. Loss : 0.7911193370819092 Accuracy : 75.00
    Iteration 160 of epoch 4 completed. Loss : 0.7669470310211182 Accuracy : 84.38
    Iteration 180 of epoch 4 completed. Loss : 0.6628317832946777 Accuracy : 87.50
    Iteration 200 of epoch 4 completed. Loss : 0.630092203617096 Accuracy : 90.62
    Iteration 220 of epoch 4 completed. Loss : 0.9368924498558044 Accuracy : 62.50
    Iteration 240 of epoch 4 completed. Loss : 0.75063157081604 Accuracy : 78.12
    Iteration 260 of epoch 4 completed. Loss : 0.6803416013717651 Accuracy : 68.75
    Iteration 280 of epoch 4 completed. Loss : 0.681757926940918 Accuracy : 87.50
    Iteration 300 of epoch 4 completed. Loss : 0.857058584690094 Accuracy : 75.00
    Iteration 320 of epoch 4 completed. Loss : 0.6793051958084106 Accuracy : 84.38
    Iteration 340 of epoch 4 completed. Loss : 0.7663992047309875 Accuracy : 68.75
    Iteration 360 of epoch 4 completed. Loss : 0.7007630467414856 Accuracy : 78.12
    Iteration 380 of epoch 4 completed. Loss : 0.7305617332458496 Accuracy : 75.00
    Iteration 400 of epoch 4 completed. Loss : 0.796043872833252 Accuracy : 65.62
    Iteration 420 of epoch 4 completed. Loss : 0.7472696900367737 Accuracy : 78.12
Best validation accuracy improved from 0.5770474137931034 to 0.6092178520114943
Epoch 4 completed. Test dataset:
	 Loss: 0.9088
	 Accuracy : 62.73
	 Average recall: 0.4968
	 F1_PN: 0.4973
	 Macro-F1: 0.4563
	 Weighted-F1: 0.6374

Best test accuracy improved from 0.6215277777777778 to 0.6273148148148148, saving model...
    Iteration 20 of epoch 5 completed. Loss : 0.894221305847168 Accuracy : 65.62
    Iteration 40 of epoch 5 completed. Loss : 0.712704062461853 Accuracy : 84.38
    Iteration 60 of epoch 5 completed. Loss : 0.6599605083465576 Accuracy : 87.50
    Iteration 80 of epoch 5 completed. Loss : 0.6969407796859741 Accuracy : 81.25
    Iteration 100 of epoch 5 completed. Loss : 0.6142107844352722 Accuracy : 93.75
    Iteration 120 of epoch 5 completed. Loss : 0.6117262840270996 Accuracy : 93.75
    Iteration 140 of epoch 5 completed. Loss : 0.7359022498130798 Accuracy : 81.25
    Iteration 160 of epoch 5 completed. Loss : 0.5906063914299011 Accuracy : 90.62
    Iteration 180 of epoch 5 completed. Loss : 0.6439171433448792 Accuracy : 90.62
    Iteration 200 of epoch 5 completed. Loss : 0.6036593317985535 Accuracy : 93.75
    Iteration 220 of epoch 5 completed. Loss : 0.8790191411972046 Accuracy : 65.62
    Iteration 240 of epoch 5 completed. Loss : 0.7624884247779846 Accuracy : 78.12
    Iteration 260 of epoch 5 completed. Loss : 0.6558029651641846 Accuracy : 75.00
    Iteration 280 of epoch 5 completed. Loss : 0.6418073177337646 Accuracy : 90.62
    Iteration 300 of epoch 5 completed. Loss : 0.8483229279518127 Accuracy : 78.12
    Iteration 320 of epoch 5 completed. Loss : 0.6566236019134521 Accuracy : 84.38
    Iteration 340 of epoch 5 completed. Loss : 0.7387075424194336 Accuracy : 75.00
    Iteration 360 of epoch 5 completed. Loss : 0.6950679421424866 Accuracy : 78.12
    Iteration 380 of epoch 5 completed. Loss : 0.7061018943786621 Accuracy : 81.25
    Iteration 400 of epoch 5 completed. Loss : 0.7494866251945496 Accuracy : 75.00
    Iteration 420 of epoch 5 completed. Loss : 0.7256395816802979 Accuracy : 81.25
Best validation accuracy improved from 0.6092178520114943 to 0.61175466954023
Epoch 5 completed. Test dataset:
	 Loss: 0.9148
	 Accuracy : 62.56
	 Average recall: 0.4960
	 F1_PN: 0.5004
	 Macro-F1: 0.4587
	 Weighted-F1: 0.6353

    Iteration 20 of epoch 6 completed. Loss : 0.8346325755119324 Accuracy : 71.88
    Iteration 40 of epoch 6 completed. Loss : 0.6962859034538269 Accuracy : 90.62
    Iteration 60 of epoch 6 completed. Loss : 0.6433519721031189 Accuracy : 87.50
    Iteration 80 of epoch 6 completed. Loss : 0.7091382741928101 Accuracy : 78.12
    Iteration 100 of epoch 6 completed. Loss : 0.6079301238059998 Accuracy : 93.75
    Iteration 120 of epoch 6 completed. Loss : 0.597302258014679 Accuracy : 93.75
    Iteration 140 of epoch 6 completed. Loss : 0.7184687256813049 Accuracy : 84.38
    Iteration 160 of epoch 6 completed. Loss : 0.5871779322624207 Accuracy : 90.62
    Iteration 180 of epoch 6 completed. Loss : 0.5854928493499756 Accuracy : 93.75
    Iteration 200 of epoch 6 completed. Loss : 0.5959925055503845 Accuracy : 90.62
    Iteration 220 of epoch 6 completed. Loss : 0.7388383746147156 Accuracy : 75.00
    Iteration 240 of epoch 6 completed. Loss : 0.7231161594390869 Accuracy : 81.25
    Iteration 260 of epoch 6 completed. Loss : 0.6612665057182312 Accuracy : 71.88
    Iteration 280 of epoch 6 completed. Loss : 0.6212161183357239 Accuracy : 90.62
    Iteration 300 of epoch 6 completed. Loss : 0.8122632503509521 Accuracy : 81.25
    Iteration 320 of epoch 6 completed. Loss : 0.6544778347015381 Accuracy : 84.38
    Iteration 340 of epoch 6 completed. Loss : 0.7281860709190369 Accuracy : 75.00
    Iteration 360 of epoch 6 completed. Loss : 0.6922998428344727 Accuracy : 78.12
    Iteration 380 of epoch 6 completed. Loss : 0.7230925559997559 Accuracy : 78.12
    Iteration 400 of epoch 6 completed. Loss : 0.6976783871650696 Accuracy : 81.25
    Iteration 420 of epoch 6 completed. Loss : 0.7317126393318176 Accuracy : 84.38
Best validation accuracy improved from 0.61175466954023 to 0.61761404454023
Epoch 6 completed. Test dataset:
	 Loss: 0.9158
	 Accuracy : 62.09
	 Average recall: 0.4904
	 F1_PN: 0.4969
	 Macro-F1: 0.4521
	 Weighted-F1: 0.6295

    Iteration 20 of epoch 7 completed. Loss : 0.8297989964485168 Accuracy : 75.00
    Iteration 40 of epoch 7 completed. Loss : 0.6780369281768799 Accuracy : 90.62
    Iteration 60 of epoch 7 completed. Loss : 0.6340209245681763 Accuracy : 87.50
    Iteration 80 of epoch 7 completed. Loss : 0.7046789526939392 Accuracy : 78.12
    Iteration 100 of epoch 7 completed. Loss : 0.6038215160369873 Accuracy : 93.75
    Iteration 120 of epoch 7 completed. Loss : 0.5782693028450012 Accuracy : 96.88
    Iteration 140 of epoch 7 completed. Loss : 0.7525730133056641 Accuracy : 81.25
    Iteration 160 of epoch 7 completed. Loss : 0.5860719084739685 Accuracy : 96.88
    Iteration 180 of epoch 7 completed. Loss : 0.5827557444572449 Accuracy : 93.75
    Iteration 200 of epoch 7 completed. Loss : 0.5742266178131104 Accuracy : 96.88
    Iteration 220 of epoch 7 completed. Loss : 0.7181552648544312 Accuracy : 78.12
    Iteration 240 of epoch 7 completed. Loss : 0.7212956547737122 Accuracy : 81.25
    Iteration 260 of epoch 7 completed. Loss : 0.6463157534599304 Accuracy : 75.00
    Iteration 280 of epoch 7 completed. Loss : 0.5935530662536621 Accuracy : 93.75
    Iteration 300 of epoch 7 completed. Loss : 0.8052065372467041 Accuracy : 84.38
    Iteration 320 of epoch 7 completed. Loss : 0.6505393981933594 Accuracy : 84.38
    Iteration 340 of epoch 7 completed. Loss : 0.6854251623153687 Accuracy : 78.12
    Iteration 360 of epoch 7 completed. Loss : 0.6939590573310852 Accuracy : 78.12
    Iteration 380 of epoch 7 completed. Loss : 0.7120948433876038 Accuracy : 81.25
    Iteration 400 of epoch 7 completed. Loss : 0.7311215996742249 Accuracy : 78.12
    Iteration 420 of epoch 7 completed. Loss : 0.6881284713745117 Accuracy : 87.50
Best validation accuracy improved from 0.61761404454023 to 0.6255612428160919
Epoch 7 completed. Test dataset:
	 Loss: 0.9096
	 Accuracy : 63.43
	 Average recall: 0.5002
	 F1_PN: 0.5171
	 Macro-F1: 0.4583
	 Weighted-F1: 0.6346

Best test accuracy improved from 0.6273148148148148 to 0.6342592592592593, saving model...
    Iteration 20 of epoch 8 completed. Loss : 0.8212741613388062 Accuracy : 75.00
    Iteration 40 of epoch 8 completed. Loss : 0.6665539741516113 Accuracy : 90.62
    Iteration 60 of epoch 8 completed. Loss : 0.607448935508728 Accuracy : 90.62
    Iteration 80 of epoch 8 completed. Loss : 0.6913914084434509 Accuracy : 81.25
    Iteration 100 of epoch 8 completed. Loss : 0.6083018779754639 Accuracy : 93.75
    Iteration 120 of epoch 8 completed. Loss : 0.5835847854614258 Accuracy : 93.75
    Iteration 140 of epoch 8 completed. Loss : 0.6783809661865234 Accuracy : 87.50
    Iteration 160 of epoch 8 completed. Loss : 0.5701500773429871 Accuracy : 96.88
    Iteration 180 of epoch 8 completed. Loss : 0.5822166800498962 Accuracy : 93.75
    Iteration 200 of epoch 8 completed. Loss : 0.565233588218689 Accuracy : 96.88
    Iteration 220 of epoch 8 completed. Loss : 0.6600314974784851 Accuracy : 87.50
    Iteration 240 of epoch 8 completed. Loss : 0.69933021068573 Accuracy : 84.38
    Iteration 260 of epoch 8 completed. Loss : 0.6387690901756287 Accuracy : 78.12
    Iteration 280 of epoch 8 completed. Loss : 0.5762845873832703 Accuracy : 96.88
    Iteration 300 of epoch 8 completed. Loss : 0.7918551564216614 Accuracy : 84.38
    Iteration 320 of epoch 8 completed. Loss : 0.6459653973579407 Accuracy : 87.50
    Iteration 340 of epoch 8 completed. Loss : 0.6894208192825317 Accuracy : 81.25
    Iteration 360 of epoch 8 completed. Loss : 0.6903079748153687 Accuracy : 78.12
    Iteration 380 of epoch 8 completed. Loss : 0.7102897763252258 Accuracy : 81.25
    Iteration 400 of epoch 8 completed. Loss : 0.6557033061981201 Accuracy : 87.50
    Iteration 420 of epoch 8 completed. Loss : 0.67014479637146 Accuracy : 90.62
Best validation accuracy improved from 0.6255612428160919 to 0.6281654094827586
Epoch 8 completed. Test dataset:
	 Loss: 0.9099
	 Accuracy : 62.55
	 Average recall: 0.4729
	 F1_PN: 0.5017
	 Macro-F1: 0.4411
	 Weighted-F1: 0.6234

    Iteration 20 of epoch 9 completed. Loss : 0.7695184946060181 Accuracy : 84.38
    Iteration 40 of epoch 9 completed. Loss : 0.6688172817230225 Accuracy : 90.62
    Iteration 60 of epoch 9 completed. Loss : 0.6072208285331726 Accuracy : 90.62
    Iteration 80 of epoch 9 completed. Loss : 0.6840834021568298 Accuracy : 81.25
    Iteration 100 of epoch 9 completed. Loss : 0.6036019325256348 Accuracy : 93.75
    Iteration 120 of epoch 9 completed. Loss : 0.5655956268310547 Accuracy : 96.88
    Iteration 140 of epoch 9 completed. Loss : 0.7532512545585632 Accuracy : 78.12
    Iteration 160 of epoch 9 completed. Loss : 0.566521167755127 Accuracy : 96.88
    Iteration 180 of epoch 9 completed. Loss : 0.5810479521751404 Accuracy : 93.75
    Iteration 200 of epoch 9 completed. Loss : 0.5669552683830261 Accuracy : 96.88
    Iteration 220 of epoch 9 completed. Loss : 0.6379509568214417 Accuracy : 90.62
    Iteration 240 of epoch 9 completed. Loss : 0.6883449554443359 Accuracy : 81.25
    Iteration 260 of epoch 9 completed. Loss : 0.6572516560554504 Accuracy : 71.88
    Iteration 280 of epoch 9 completed. Loss : 0.5736108422279358 Accuracy : 96.88
    Iteration 300 of epoch 9 completed. Loss : 0.7717304229736328 Accuracy : 87.50
    Iteration 320 of epoch 9 completed. Loss : 0.624022901058197 Accuracy : 87.50
    Iteration 340 of epoch 9 completed. Loss : 0.6409041881561279 Accuracy : 87.50
    Iteration 360 of epoch 9 completed. Loss : 0.6864869594573975 Accuracy : 78.12
    Iteration 380 of epoch 9 completed. Loss : 0.683993399143219 Accuracy : 84.38
    Iteration 400 of epoch 9 completed. Loss : 0.6376762390136719 Accuracy : 87.50
    Iteration 420 of epoch 9 completed. Loss : 0.6766402721405029 Accuracy : 90.62
Best validation accuracy improved from 0.6281654094827586 to 0.6320716594827586
Epoch 9 completed. Test dataset:
	 Loss: 0.9096
	 Accuracy : 63.16
	 Average recall: 0.4880
	 F1_PN: 0.5165
	 Macro-F1: 0.4533
	 Weighted-F1: 0.6297

    Iteration 20 of epoch 10 completed. Loss : 0.7331807017326355 Accuracy : 87.50
    Iteration 40 of epoch 10 completed. Loss : 0.6608622670173645 Accuracy : 90.62
    Iteration 60 of epoch 10 completed. Loss : 0.5970792770385742 Accuracy : 90.62
    Iteration 80 of epoch 10 completed. Loss : 0.6769893169403076 Accuracy : 84.38
    Iteration 100 of epoch 10 completed. Loss : 0.5954962968826294 Accuracy : 93.75
    Iteration 120 of epoch 10 completed. Loss : 0.5653817653656006 Accuracy : 93.75
    Iteration 140 of epoch 10 completed. Loss : 0.6973652839660645 Accuracy : 84.38
    Iteration 160 of epoch 10 completed. Loss : 0.5651558637619019 Accuracy : 96.88
    Iteration 180 of epoch 10 completed. Loss : 0.5797066688537598 Accuracy : 93.75
    Iteration 200 of epoch 10 completed. Loss : 0.5582645535469055 Accuracy : 100.00
    Iteration 220 of epoch 10 completed. Loss : 0.6332678198814392 Accuracy : 87.50
    Iteration 240 of epoch 10 completed. Loss : 0.6711841821670532 Accuracy : 84.38
    Iteration 260 of epoch 10 completed. Loss : 0.6350357532501221 Accuracy : 78.12
    Iteration 280 of epoch 10 completed. Loss : 0.5732678771018982 Accuracy : 96.88
    Iteration 300 of epoch 10 completed. Loss : 0.7452316880226135 Accuracy : 93.75
    Iteration 320 of epoch 10 completed. Loss : 0.6084743738174438 Accuracy : 90.62
    Iteration 340 of epoch 10 completed. Loss : 0.6312649846076965 Accuracy : 87.50
    Iteration 360 of epoch 10 completed. Loss : 0.6650004386901855 Accuracy : 84.38
    Iteration 380 of epoch 10 completed. Loss : 0.6719940304756165 Accuracy : 84.38
    Iteration 400 of epoch 10 completed. Loss : 0.6188902258872986 Accuracy : 90.62
    Iteration 420 of epoch 10 completed. Loss : 0.672039806842804 Accuracy : 90.62
Best validation accuracy improved from 0.6320716594827586 to 0.6327900502873564
Epoch 10 completed. Test dataset:
	 Loss: 0.9149
	 Accuracy : 62.00
	 Average recall: 0.4739
	 F1_PN: 0.5071
	 Macro-F1: 0.4407
	 Weighted-F1: 0.6172

    Iteration 20 of epoch 11 completed. Loss : 0.746211051940918 Accuracy : 81.25
    Iteration 40 of epoch 11 completed. Loss : 0.6602398157119751 Accuracy : 90.62
    Iteration 60 of epoch 11 completed. Loss : 0.5980270504951477 Accuracy : 90.62
    Iteration 80 of epoch 11 completed. Loss : 0.6663378477096558 Accuracy : 87.50
    Iteration 100 of epoch 11 completed. Loss : 0.5948375463485718 Accuracy : 93.75
    Iteration 120 of epoch 11 completed. Loss : 0.554724931716919 Accuracy : 100.00
    Iteration 140 of epoch 11 completed. Loss : 0.6730127334594727 Accuracy : 87.50
    Iteration 160 of epoch 11 completed. Loss : 0.5668194890022278 Accuracy : 96.88
    Iteration 180 of epoch 11 completed. Loss : 0.57933509349823 Accuracy : 93.75
    Iteration 200 of epoch 11 completed. Loss : 0.5532229542732239 Accuracy : 100.00
    Iteration 220 of epoch 11 completed. Loss : 0.605688750743866 Accuracy : 93.75
    Iteration 240 of epoch 11 completed. Loss : 0.6457263827323914 Accuracy : 93.75
    Iteration 260 of epoch 11 completed. Loss : 0.6360841393470764 Accuracy : 78.12
    Iteration 280 of epoch 11 completed. Loss : 0.572655439376831 Accuracy : 96.88
    Iteration 300 of epoch 11 completed. Loss : 0.7230539917945862 Accuracy : 93.75
    Iteration 320 of epoch 11 completed. Loss : 0.605215847492218 Accuracy : 90.62
    Iteration 340 of epoch 11 completed. Loss : 0.6247262358665466 Accuracy : 90.62
    Iteration 360 of epoch 11 completed. Loss : 0.6674001216888428 Accuracy : 84.38
    Iteration 380 of epoch 11 completed. Loss : 0.6597702503204346 Accuracy : 87.50
    Iteration 400 of epoch 11 completed. Loss : 0.6668257713317871 Accuracy : 87.50
    Iteration 420 of epoch 11 completed. Loss : 0.6745796203613281 Accuracy : 90.62
Best validation accuracy improved from 0.6327900502873564 to 0.6399515086206896
Epoch 11 completed. Test dataset:
	 Loss: 0.9053
	 Accuracy : 63.36
	 Average recall: 0.4630
	 F1_PN: 0.5034
	 Macro-F1: 0.4332
	 Weighted-F1: 0.6227

    Iteration 20 of epoch 12 completed. Loss : 0.7281322479248047 Accuracy : 87.50
    Iteration 40 of epoch 12 completed. Loss : 0.6588611602783203 Accuracy : 90.62
    Iteration 60 of epoch 12 completed. Loss : 0.5835195779800415 Accuracy : 93.75
    Iteration 80 of epoch 12 completed. Loss : 0.6703790426254272 Accuracy : 84.38
    Iteration 100 of epoch 12 completed. Loss : 0.5965490341186523 Accuracy : 93.75
    Iteration 120 of epoch 12 completed. Loss : 0.5534372925758362 Accuracy : 100.00
    Iteration 140 of epoch 12 completed. Loss : 0.6952682137489319 Accuracy : 84.38
    Iteration 160 of epoch 12 completed. Loss : 0.5661489367485046 Accuracy : 96.88
    Iteration 180 of epoch 12 completed. Loss : 0.5787959694862366 Accuracy : 93.75
    Iteration 200 of epoch 12 completed. Loss : 0.5530261993408203 Accuracy : 100.00
    Iteration 220 of epoch 12 completed. Loss : 0.6052736043930054 Accuracy : 93.75
    Iteration 240 of epoch 12 completed. Loss : 0.6411862969398499 Accuracy : 93.75
    Iteration 260 of epoch 12 completed. Loss : 0.6282697916030884 Accuracy : 78.12
    Iteration 280 of epoch 12 completed. Loss : 0.5748872756958008 Accuracy : 96.88
    Iteration 300 of epoch 12 completed. Loss : 0.5684446096420288 Accuracy : 96.88
    Iteration 320 of epoch 12 completed. Loss : 0.5936049818992615 Accuracy : 93.75
    Iteration 340 of epoch 12 completed. Loss : 0.6024364233016968 Accuracy : 90.62
    Iteration 360 of epoch 12 completed. Loss : 0.6560142040252686 Accuracy : 87.50
    Iteration 380 of epoch 12 completed. Loss : 0.6614676713943481 Accuracy : 87.50
    Iteration 400 of epoch 12 completed. Loss : 0.6290565133094788 Accuracy : 87.50
    Iteration 420 of epoch 12 completed. Loss : 0.664598286151886 Accuracy : 90.62
Epoch 12 completed. Test dataset:
	 Loss: 0.9128
	 Accuracy : 62.98
	 Average recall: 0.4641
	 F1_PN: 0.4972
	 Macro-F1: 0.4314
	 Weighted-F1: 0.6228

    Iteration 20 of epoch 13 completed. Loss : 0.7231407165527344 Accuracy : 87.50
    Iteration 40 of epoch 13 completed. Loss : 0.6584544777870178 Accuracy : 90.62
    Iteration 60 of epoch 13 completed. Loss : 0.59816575050354 Accuracy : 90.62
    Iteration 80 of epoch 13 completed. Loss : 0.6534022688865662 Accuracy : 87.50
    Iteration 100 of epoch 13 completed. Loss : 0.5971546173095703 Accuracy : 93.75
    Iteration 120 of epoch 13 completed. Loss : 0.5531253814697266 Accuracy : 100.00
    Iteration 140 of epoch 13 completed. Loss : 0.6851966381072998 Accuracy : 84.38
    Iteration 160 of epoch 13 completed. Loss : 0.5654980540275574 Accuracy : 96.88
    Iteration 180 of epoch 13 completed. Loss : 0.578822135925293 Accuracy : 93.75
    Iteration 200 of epoch 13 completed. Loss : 0.5626349449157715 Accuracy : 100.00
    Iteration 220 of epoch 13 completed. Loss : 0.6042034029960632 Accuracy : 93.75
    Iteration 240 of epoch 13 completed. Loss : 0.606523871421814 Accuracy : 96.88
    Iteration 260 of epoch 13 completed. Loss : 0.6373946666717529 Accuracy : 75.00
    Iteration 280 of epoch 13 completed. Loss : 0.5725162029266357 Accuracy : 96.88
    Iteration 300 of epoch 13 completed. Loss : 0.5615404844284058 Accuracy : 100.00
    Iteration 320 of epoch 13 completed. Loss : 0.6109856367111206 Accuracy : 90.62
    Iteration 340 of epoch 13 completed. Loss : 0.5894187688827515 Accuracy : 93.75
    Iteration 360 of epoch 13 completed. Loss : 0.6503838300704956 Accuracy : 87.50
    Iteration 380 of epoch 13 completed. Loss : 0.6601638793945312 Accuracy : 87.50
    Iteration 400 of epoch 13 completed. Loss : 0.6015300154685974 Accuracy : 93.75
    Iteration 420 of epoch 13 completed. Loss : 0.6622610092163086 Accuracy : 90.62
Epoch 13 completed. Test dataset:
	 Loss: 0.9264
	 Accuracy : 61.36
	 Average recall: 0.4728
	 F1_PN: 0.4957
	 Macro-F1: 0.4367
	 Weighted-F1: 0.6155

    Iteration 20 of epoch 14 completed. Loss : 0.7176880240440369 Accuracy : 87.50
    Iteration 40 of epoch 14 completed. Loss : 0.6575889587402344 Accuracy : 90.62
    Iteration 60 of epoch 14 completed. Loss : 0.5955283045768738 Accuracy : 90.62
    Iteration 80 of epoch 14 completed. Loss : 0.6741918325424194 Accuracy : 81.25
    Iteration 100 of epoch 14 completed. Loss : 0.6080593466758728 Accuracy : 90.62
    Iteration 120 of epoch 14 completed. Loss : 0.5555171966552734 Accuracy : 100.00
    Iteration 140 of epoch 14 completed. Loss : 0.7177889347076416 Accuracy : 81.25
    Iteration 160 of epoch 14 completed. Loss : 0.5691311955451965 Accuracy : 96.88
    Iteration 180 of epoch 14 completed. Loss : 0.5796259641647339 Accuracy : 93.75
    Iteration 200 of epoch 14 completed. Loss : 0.5661145448684692 Accuracy : 96.88
    Iteration 220 of epoch 14 completed. Loss : 0.6037679314613342 Accuracy : 93.75
    Iteration 240 of epoch 14 completed. Loss : 0.5988749861717224 Accuracy : 96.88
    Iteration 260 of epoch 14 completed. Loss : 0.6217561960220337 Accuracy : 81.25
    Iteration 280 of epoch 14 completed. Loss : 0.572557806968689 Accuracy : 96.88
    Iteration 300 of epoch 14 completed. Loss : 0.557715892791748 Accuracy : 100.00
    Iteration 320 of epoch 14 completed. Loss : 0.5917025804519653 Accuracy : 93.75
    Iteration 340 of epoch 14 completed. Loss : 0.6531080603599548 Accuracy : 84.38
    Iteration 360 of epoch 14 completed. Loss : 0.6533372402191162 Accuracy : 87.50
    Iteration 380 of epoch 14 completed. Loss : 0.6573776006698608 Accuracy : 87.50
    Iteration 400 of epoch 14 completed. Loss : 0.58732670545578 Accuracy : 96.88
    Iteration 420 of epoch 14 completed. Loss : 0.663733184337616 Accuracy : 90.62
Epoch 14 completed. Test dataset:
	 Loss: 0.9126
	 Accuracy : 63.21
	 Average recall: 0.4814
	 F1_PN: 0.5124
	 Macro-F1: 0.4471
	 Weighted-F1: 0.6275

    Iteration 20 of epoch 15 completed. Loss : 0.700516402721405 Accuracy : 87.50
    Iteration 40 of epoch 15 completed. Loss : 0.6574843525886536 Accuracy : 90.62
    Iteration 60 of epoch 15 completed. Loss : 0.5948719382286072 Accuracy : 90.62
    Iteration 80 of epoch 15 completed. Loss : 0.6564316749572754 Accuracy : 84.38
    Iteration 100 of epoch 15 completed. Loss : 0.6037588715553284 Accuracy : 90.62
    Iteration 120 of epoch 15 completed. Loss : 0.55225670337677 Accuracy : 100.00
    Iteration 140 of epoch 15 completed. Loss : 0.6944641470909119 Accuracy : 84.38
    Iteration 160 of epoch 15 completed. Loss : 0.5643879175186157 Accuracy : 96.88
    Iteration 180 of epoch 15 completed. Loss : 0.5780433416366577 Accuracy : 93.75
    Iteration 200 of epoch 15 completed. Loss : 0.5525611639022827 Accuracy : 100.00
    Iteration 220 of epoch 15 completed. Loss : 0.6077396273612976 Accuracy : 93.75
    Iteration 240 of epoch 15 completed. Loss : 0.5998490452766418 Accuracy : 96.88
    Iteration 260 of epoch 15 completed. Loss : 0.6160858869552612 Accuracy : 81.25
    Iteration 280 of epoch 15 completed. Loss : 0.5729024410247803 Accuracy : 96.88
    Iteration 300 of epoch 15 completed. Loss : 0.555216372013092 Accuracy : 100.00
    Iteration 320 of epoch 15 completed. Loss : 0.5735657811164856 Accuracy : 96.88
    Iteration 340 of epoch 15 completed. Loss : 0.6233254075050354 Accuracy : 90.62
    Iteration 360 of epoch 15 completed. Loss : 0.6503819227218628 Accuracy : 87.50
    Iteration 380 of epoch 15 completed. Loss : 0.6577553749084473 Accuracy : 87.50
    Iteration 400 of epoch 15 completed. Loss : 0.5830516219139099 Accuracy : 96.88
    Iteration 420 of epoch 15 completed. Loss : 0.6632471680641174 Accuracy : 90.62
Epoch 15 completed. Test dataset:
	 Loss: 0.9091
	 Accuracy : 63.15
	 Average recall: 0.4731
	 F1_PN: 0.5045
	 Macro-F1: 0.4387
	 Weighted-F1: 0.6246

Train/val/test loss curve saved to /home/rgg2706/Multimodal-Sentiment-Analysis/Logs/MOASC4/2025-03-21/sub-2/017_Mar-21-2025_03:56_AM/train_val_test_loss_curve.png
Confusion matrix saved to /home/rgg2706/Multimodal-Sentiment-Analysis/Logs/MOASC4/2025-03-21/sub-2/017_Mar-21-2025_03:56_AM/confusion_matrix.png
