SLURM Job ID: 20077964
The first version with resnset
Model: MOASC4
Dataset: MOA-MVSA-single
directory /home/rgg2706/Multimodal-Sentiment-Analysis/Datasets/MOA-MVSA-single exists
directory /home/rgg2706/Multimodal-Sentiment-Analysis/Datasets/MOA-MVSA-multiple exists
directory /home/rgg2706/Multimodal-Sentiment-Analysis/Models/MOASC4/SaveFiles/SentimentClassifier exists
64
Loading dataset from: /home/rgg2706/Multimodal-Sentiment-Analysis/Datasets/MOA-MVSA-single
/home/rgg2706/Multimodal-Sentiment-Analysis/Datasets/MOA-MVSA-single/text
/home/rgg2706/Multimodal-Sentiment-Analysis/Datasets/MOA-MVSA-single/image
[DEBUG] Now in dataset directory for labels: /home/rgg2706/Multimodal-Sentiment-Analysis/Datasets/MOA-MVSA-single
[DEBUG] About to read labels from: /home/rgg2706/Multimodal-Sentiment-Analysis/Datasets/MOA-MVSA-single/labels.csv
Dataset directory is: /home/rgg2706/Multimodal-Sentiment-Analysis/Datasets/MOA-MVSA-single
Files in dataset directory: ['labels.csv', 'text', 'image']
   ID  text  image
0   1     2      1
1   2     2      1
2   3     2      1
3   4     1      1
4   5     1      1
5   6     1      1
6   7     1      1
7   8     2      1
8   9     1      1
9  10     0      0

[DEBUG] First 5 training texts:
    ID: 1 | Overall sentiment: 1 | Text: how  i feel today legday jelly aching gym 
    ID: 2 | Overall sentiment: 1 | Text: grattis min griskulting!!?? va bara tvungen oki s? sch ? ingenkommerattrodig pig happybday wow lovely cut 
    ID: 3 | Overall sentiment: 1 | Text:  polynminion  the moment  i found my favourite tv character. profoundlove 
    ID: 4 | Overall sentiment: 1 | Text: esco  we have a young and energetic team and we pride ourselves on offering the highes hoer 
    ID: 5 | Overall sentiment: 1 | Text:  chrisashaffer  went to  ssc today to be a movie star to rep for the  deaf and got to meet an energetic great guy  mark  white! 
Train samples: 3653
Validation samples: 406
Test samples: 452
Total samples: 4511
Train label distribution: Negative=1073, Positive=2189, Neutral=391
Val   label distribution: Negative=125, Positive=246, Neutral=35
Test  label distribution: Negative=160, Positive=248, Neutral=44
Overall label distribution: Negative=1358, Positive=2683, Neutral=470
    Iteration 20 of epoch 1 completed. Loss : 1.1025495529174805 Accuracy : 15.62
    Iteration 40 of epoch 1 completed. Loss : 1.093595266342163 Accuracy : 12.50
    Iteration 60 of epoch 1 completed. Loss : 1.0983527898788452 Accuracy : 12.50
    Iteration 80 of epoch 1 completed. Loss : 1.0977314710617065 Accuracy : 15.62
    Iteration 100 of epoch 1 completed. Loss : 1.1055368185043335 Accuracy : 28.12
Best validation accuracy improved from 0.0 to 0.520541958041958
Epoch 1 completed. Test dataset:
	 Loss: 1.0696
	 Accuracy : 48.33
	 Average recall: 0.3409
	 F1_PN: 0.4766
	 Macro-F1: 0.3177
	 Weighted-F1: 0.4605

Best test accuracy improved from 0.0 to 0.48333333333333334, saving model...
    Iteration 20 of epoch 2 completed. Loss : 1.0833743810653687 Accuracy : 50.00
    Iteration 40 of epoch 2 completed. Loss : 1.0040696859359741 Accuracy : 90.62
    Iteration 60 of epoch 2 completed. Loss : 0.9488611221313477 Accuracy : 46.88
    Iteration 80 of epoch 2 completed. Loss : 0.9822046756744385 Accuracy : 37.50
    Iteration 100 of epoch 2 completed. Loss : 1.063393473625183 Accuracy : 50.00
Best validation accuracy improved from 0.520541958041958 to 0.6138548951048951
Epoch 2 completed. Test dataset:
	 Loss: 0.9427
	 Accuracy : 60.21
	 Average recall: 0.4680
	 F1_PN: 0.6090
	 Macro-F1: 0.4371
	 Weighted-F1: 0.5785

Best test accuracy improved from 0.48333333333333334 to 0.6020833333333333, saving model...
    Iteration 20 of epoch 3 completed. Loss : 0.9358499646186829 Accuracy : 59.38
    Iteration 40 of epoch 3 completed. Loss : 0.6506965756416321 Accuracy : 87.50
    Iteration 60 of epoch 3 completed. Loss : 0.795395016670227 Accuracy : 68.75
    Iteration 80 of epoch 3 completed. Loss : 0.7544184923171997 Accuracy : 62.50
    Iteration 100 of epoch 3 completed. Loss : 0.9512447714805603 Accuracy : 68.75
Best validation accuracy improved from 0.6138548951048951 to 0.6617132867132867
Epoch 3 completed. Test dataset:
	 Loss: 0.8843
	 Accuracy : 64.58
	 Average recall: 0.4746
	 F1_PN: 0.6532
	 Macro-F1: 0.4669
	 Weighted-F1: 0.6311

Best test accuracy improved from 0.6020833333333333 to 0.6458333333333334, saving model...
    Iteration 20 of epoch 4 completed. Loss : 0.7365040183067322 Accuracy : 84.38
    Iteration 40 of epoch 4 completed. Loss : 0.5831066370010376 Accuracy : 93.75
    Iteration 60 of epoch 4 completed. Loss : 0.7029592394828796 Accuracy : 78.12
    Iteration 80 of epoch 4 completed. Loss : 0.7174980640411377 Accuracy : 84.38
    Iteration 100 of epoch 4 completed. Loss : 0.8648506999015808 Accuracy : 81.25
Epoch 4 completed. Test dataset:
	 Loss: 0.8931
	 Accuracy : 63.54
	 Average recall: 0.4656
	 F1_PN: 0.6383
	 Macro-F1: 0.4419
	 Weighted-F1: 0.6053

    Iteration 20 of epoch 5 completed. Loss : 0.5879071354866028 Accuracy : 93.75
    Iteration 40 of epoch 5 completed. Loss : 0.5748840570449829 Accuracy : 93.75
    Iteration 60 of epoch 5 completed. Loss : 0.6648043394088745 Accuracy : 84.38
    Iteration 80 of epoch 5 completed. Loss : 0.6755182147026062 Accuracy : 87.50
    Iteration 100 of epoch 5 completed. Loss : 0.7922002673149109 Accuracy : 90.62
Best validation accuracy improved from 0.6617132867132867 to 0.6645541958041957
Epoch 5 completed. Test dataset:
	 Loss: 0.8920
	 Accuracy : 65.00
	 Average recall: 0.4567
	 F1_PN: 0.6491
	 Macro-F1: 0.4328
	 Weighted-F1: 0.6111

Best test accuracy improved from 0.6458333333333334 to 0.65, saving model...
    Iteration 20 of epoch 6 completed. Loss : 0.5773664116859436 Accuracy : 93.75
    Iteration 40 of epoch 6 completed. Loss : 0.564728856086731 Accuracy : 96.88
    Iteration 60 of epoch 6 completed. Loss : 0.6451253294944763 Accuracy : 87.50
    Iteration 80 of epoch 6 completed. Loss : 0.6438255310058594 Accuracy : 93.75
    Iteration 100 of epoch 6 completed. Loss : 0.8228011727333069 Accuracy : 78.12
Epoch 6 completed. Test dataset:
	 Loss: 0.9114
	 Accuracy : 62.08
	 Average recall: 0.4438
	 F1_PN: 0.6257
	 Macro-F1: 0.4260
	 Weighted-F1: 0.5921

    Iteration 20 of epoch 7 completed. Loss : 0.5848007798194885 Accuracy : 93.75
    Iteration 40 of epoch 7 completed. Loss : 0.5542551279067993 Accuracy : 100.00
    Iteration 60 of epoch 7 completed. Loss : 0.6718136668205261 Accuracy : 84.38
    Iteration 80 of epoch 7 completed. Loss : 0.718673586845398 Accuracy : 93.75
    Iteration 100 of epoch 7 completed. Loss : 0.7763034105300903 Accuracy : 87.50
Epoch 7 completed. Test dataset:
	 Loss: 0.9154
	 Accuracy : 62.08
	 Average recall: 0.4443
	 F1_PN: 0.6222
	 Macro-F1: 0.4237
	 Weighted-F1: 0.5852

    Iteration 20 of epoch 8 completed. Loss : 0.5537487864494324 Accuracy : 100.00
    Iteration 40 of epoch 8 completed. Loss : 0.5546844005584717 Accuracy : 100.00
    Iteration 60 of epoch 8 completed. Loss : 0.6500454545021057 Accuracy : 87.50
    Iteration 80 of epoch 8 completed. Loss : 0.6577543020248413 Accuracy : 90.62
    Iteration 100 of epoch 8 completed. Loss : 0.7665239572525024 Accuracy : 90.62
Epoch 8 completed. Test dataset:
	 Loss: 0.9305
	 Accuracy : 60.83
	 Average recall: 0.4307
	 F1_PN: 0.6053
	 Macro-F1: 0.4124
	 Weighted-F1: 0.5734

    Iteration 20 of epoch 9 completed. Loss : 0.5523925423622131 Accuracy : 100.00
    Iteration 40 of epoch 9 completed. Loss : 0.5517008304595947 Accuracy : 100.00
    Iteration 60 of epoch 9 completed. Loss : 0.6480720639228821 Accuracy : 87.50
    Iteration 80 of epoch 9 completed. Loss : 0.647911548614502 Accuracy : 93.75
    Iteration 100 of epoch 9 completed. Loss : 0.7590819597244263 Accuracy : 90.62
Epoch 9 completed. Test dataset:
	 Loss: 0.9343
	 Accuracy : 60.42
	 Average recall: 0.4245
	 F1_PN: 0.5948
	 Macro-F1: 0.4054
	 Weighted-F1: 0.5677

    Iteration 20 of epoch 10 completed. Loss : 0.552521288394928 Accuracy : 100.00
    Iteration 40 of epoch 10 completed. Loss : 0.552729070186615 Accuracy : 100.00
    Iteration 60 of epoch 10 completed. Loss : 0.6424453854560852 Accuracy : 87.50
    Iteration 80 of epoch 10 completed. Loss : 0.7086386680603027 Accuracy : 90.62
    Iteration 100 of epoch 10 completed. Loss : 0.7599880695343018 Accuracy : 90.62
Epoch 10 completed. Test dataset:
	 Loss: 0.9342
	 Accuracy : 60.42
	 Average recall: 0.4245
	 F1_PN: 0.5948
	 Macro-F1: 0.4054
	 Weighted-F1: 0.5677

    Iteration 20 of epoch 11 completed. Loss : 0.5554539561271667 Accuracy : 100.00
    Iteration 40 of epoch 11 completed. Loss : 0.5515826940536499 Accuracy : 100.00
    Iteration 60 of epoch 11 completed. Loss : 0.6420525908470154 Accuracy : 87.50
    Iteration 80 of epoch 11 completed. Loss : 0.6355233192443848 Accuracy : 96.88
    Iteration 100 of epoch 11 completed. Loss : 0.768237829208374 Accuracy : 87.50
Epoch 11 completed. Test dataset:
	 Loss: 0.9340
	 Accuracy : 60.21
	 Average recall: 0.4231
	 F1_PN: 0.5925
	 Macro-F1: 0.4039
	 Weighted-F1: 0.5659

    Iteration 20 of epoch 12 completed. Loss : 0.5527234673500061 Accuracy : 100.00
    Iteration 40 of epoch 12 completed. Loss : 0.5516364574432373 Accuracy : 100.00
    Iteration 60 of epoch 12 completed. Loss : 0.6419035792350769 Accuracy : 87.50
    Iteration 80 of epoch 12 completed. Loss : 0.6425484418869019 Accuracy : 93.75
    Iteration 100 of epoch 12 completed. Loss : 0.7716050744056702 Accuracy : 87.50
Epoch 12 completed. Test dataset:
	 Loss: 0.9339
	 Accuracy : 60.21
	 Average recall: 0.4231
	 F1_PN: 0.5925
	 Macro-F1: 0.4039
	 Weighted-F1: 0.5659

    Iteration 20 of epoch 13 completed. Loss : 0.5528634786605835 Accuracy : 100.00
    Iteration 40 of epoch 13 completed. Loss : 0.5516617894172668 Accuracy : 100.00
    Iteration 60 of epoch 13 completed. Loss : 0.6439374089241028 Accuracy : 87.50
    Iteration 80 of epoch 13 completed. Loss : 0.6353312730789185 Accuracy : 96.88
    Iteration 100 of epoch 13 completed. Loss : 0.771484375 Accuracy : 87.50
Epoch 13 completed. Test dataset:
	 Loss: 0.9339
	 Accuracy : 60.21
	 Average recall: 0.4231
	 F1_PN: 0.5925
	 Macro-F1: 0.4039
	 Weighted-F1: 0.5659

    Iteration 20 of epoch 14 completed. Loss : 0.5522791743278503 Accuracy : 100.00
    Iteration 40 of epoch 14 completed. Loss : 0.5518467426300049 Accuracy : 100.00
    Iteration 60 of epoch 14 completed. Loss : 0.6425694227218628 Accuracy : 87.50
    Iteration 80 of epoch 14 completed. Loss : 0.6358199119567871 Accuracy : 96.88
    Iteration 100 of epoch 14 completed. Loss : 0.7798746228218079 Accuracy : 87.50
Epoch 14 completed. Test dataset:
	 Loss: 0.9339
	 Accuracy : 60.21
	 Average recall: 0.4231
	 F1_PN: 0.5925
	 Macro-F1: 0.4039
	 Weighted-F1: 0.5659

    Iteration 20 of epoch 15 completed. Loss : 0.555486261844635 Accuracy : 100.00
    Iteration 40 of epoch 15 completed. Loss : 0.5517935752868652 Accuracy : 100.00
    Iteration 60 of epoch 15 completed. Loss : 0.6430109143257141 Accuracy : 87.50
    Iteration 80 of epoch 15 completed. Loss : 0.6427578330039978 Accuracy : 93.75
    Iteration 100 of epoch 15 completed. Loss : 0.7679399251937866 Accuracy : 87.50
Epoch 15 completed. Test dataset:
	 Loss: 0.9339
	 Accuracy : 60.21
	 Average recall: 0.4231
	 F1_PN: 0.5925
	 Macro-F1: 0.4039
	 Weighted-F1: 0.5659

Train/val/test loss curve saved to /home/rgg2706/Multimodal-Sentiment-Analysis/Logs/MOASC4/2025-03-21/sub-1/014_Mar-21-2025_12:07_AM/train_val_test_loss_curve.png
Confusion matrix saved to /home/rgg2706/Multimodal-Sentiment-Analysis/Logs/MOASC4/2025-03-21/sub-1/014_Mar-21-2025_12:07_AM/confusion_matrix.png
