SIMPLE-F2_simplefusion_mvsa-mts-v3_lr0.001_dr0.5
SLURM Job ID: 19849179
Number of GPUs available: 1
Python PATH: ['/home/rgg2706/Multimodal-Sentiment-Analysis/Models/SIMPLE-F2/src', '/home/rgg2706/Multimodal-Sentiment-Analysis', '/Models/SIMPLE-F2/src', '/.autofs/tools/spack/var/spack/environments/default-nlp-x86_64-24072401/.spack-env/._view/wtxwc3mlkmzy7fbaxlum2674jarpitc2/lib/python311.zip', '/.autofs/tools/spack/var/spack/environments/default-nlp-x86_64-24072401/.spack-env/._view/wtxwc3mlkmzy7fbaxlum2674jarpitc2/lib/python3.11', '/.autofs/tools/spack/var/spack/environments/default-nlp-x86_64-24072401/.spack-env/._view/wtxwc3mlkmzy7fbaxlum2674jarpitc2/lib/python3.11/lib-dynload', '/.autofs/tools/spack/var/spack/environments/default-nlp-x86_64-24072401/.spack-env/._view/wtxwc3mlkmzy7fbaxlum2674jarpitc2/lib/python3.11/site-packages']
Logs directory: /home/rgg2706/Multimodal-Sentiment-Analysis/Logs/SIMPLE-F2/2025-02-13/sub-3/012_Feb-13-2025_04:48_PM
> training arguments:
>>> rand_seed: 8
>>> model_fusion: simplefusion
>>> dataset: mvsa-mts-v3
>>> optimizer: <class 'torch.optim.adam.Adam'>
>>> initializer: <function xavier_uniform_ at 0x7f6591125580>
>>> learning_rate: 0.001
>>> dropout_rate: 0.5
>>> weight_decay: 0.0
>>> num_layers: 3
>>> num_epoch: 70
>>> batch_size: 128
>>> log_step: 60
>>> max_seq_len: 20
>>> polarities_dim: 3
>>> clip_grad: 5.0
>>> path_image: ./images
>>> crop_size: 224
>>> n_head: 8
>>> hidden_dim: 1024
>>> num_classes: 3
>>> log_dir: /home/rgg2706/Multimodal-Sentiment-Analysis/Logs/SIMPLE-F2/2025-02-13/sub-3/012_Feb-13-2025_04:48_PM
>>> counter: 0
>>> model_class: <class 'models.simplefusion.SimpleFusion'>
Loading dataset 'mvsa-mts-v3':
  Train path: Datasets/MVSA-MTS/mvsa-mts-v3/train.tsv
  Validation path: Datasets/MVSA-MTS/mvsa-mts-v3/val.tsv
  Test path: Datasets//MVSA-MTS/mvsa-mts-v3/test.tsv
-------------- Loading Datasets/MVSA-MTS/mvsa-mts-v3/train.tsv ---------------
[DEBUG] index: 706
[DEBUG] raw_text: PC Party, #Youth, #Education,Opportunity,#RenewableResources, Proudly #Canada's PCs #elxn42 http://t.co/NSwTddCHS8
[DEBUG] text_length: 9
[DEBUG] polarity: 2
[DEBUG] first 10 input_ids: [101, 7473, 2283, 1010, 1001, 3360, 1010, 1001, 2495, 1010]
---
[DEBUG] index: 2699
[DEBUG] raw_text: Running through the 6 wit my woes #ComeTogether #BlueJays #inthe6
[DEBUG] text_length: 10
[DEBUG] polarity: 1
[DEBUG] first 10 input_ids: [101, 2770, 2083, 1996, 1020, 15966, 2026, 24185, 2229, 1001]
---
[DEBUG] index: 15657
[DEBUG] raw_text: #TruckTuesday | | support@innovativeautoworx.com | 403.242.2767 | #Trucks #YYC #Calgary | http://t.co/ruwEqCd3LT
[DEBUG] text_length: 12
[DEBUG] polarity: 0
[DEBUG] first 10 input_ids: [101, 1001, 4744, 8525, 2229, 10259, 1064, 1064, 2490, 1030]
---
[DEBUG] index: 13219
[DEBUG] raw_text: I dont even care how ridiculous this looks #OTRAToronto is officially tomorrow and I am more than ready @onedirection
[DEBUG] text_length: 19
[DEBUG] polarity: 0
[DEBUG] first 10 input_ids: [101, 1045, 2123, 2102, 2130, 2729, 2129, 9951, 2023, 3504]
---
[DEBUG] index: 12053
[DEBUG] raw_text: #Automotive alert: Manufacturing Controls... | Nexteer Automotive | #Saginaw, MI #Auto http://t.co/En5uQ7JZDL
[DEBUG] text_length: 12
[DEBUG] polarity: 2
[DEBUG] first 10 input_ids: [101, 1001, 12945, 9499, 1024, 5814, 7711, 1012, 1012, 1012]
---
Time taken to load Datasets/MVSA-MTS/mvsa-mts-v3/train.tsv: 162.64 seconds (2.71 minutes)
Train classes: [0, 1, 2], count=3
[DEBUG] Train label distribution:
{0: 3522, 1: 3468, 2: 6631}
-------------- Loading Datasets/MVSA-MTS/mvsa-mts-v3/val.tsv ---------------
[DEBUG] index: 18681
[DEBUG] raw_text: ***Steven thinking about the life he just left behind with his beloved, Sam. Should he have stayed?...to be continued
[DEBUG] text_length: 19
[DEBUG] polarity: 2
[DEBUG] first 10 input_ids: [101, 1008, 1008, 1008, 7112, 3241, 2055, 1996, 2166, 2002]
---
[DEBUG] index: 16242
[DEBUG] raw_text: Thanks for an amazing summer #yyc,53 organizations engaged youth in 350 projects to contribute 20000 volunteer hours!
[DEBUG] text_length: 17
[DEBUG] polarity: 2
[DEBUG] first 10 input_ids: [101, 4283, 2005, 2019, 6429, 2621, 1001, 1061, 2100, 2278]
---
[DEBUG] index: 9628
[DEBUG] raw_text: HSR fares go up on Tuesday. Tickets (new issue) are $2.15. Don't be overcharged! #HamOnt #HSR https://t.co/zBxyTmcy1o
[DEBUG] text_length: 17
[DEBUG] polarity: 1
[DEBUG] first 10 input_ids: [101, 26236, 2099, 27092, 2175, 2039, 2006, 9857, 1012, 9735]
---
[DEBUG] index: 6350
[DEBUG] raw_text: @Calum5SOS just saw this on my Instagram feed and instantly thought of you #JetBlackHeart #ShesKindaHotVMA
[DEBUG] text_length: 15
[DEBUG] polarity: 0
[DEBUG] first 10 input_ids: [101, 1030, 10250, 2819, 2629, 17063, 2074, 2387, 2023, 2006]
---
[DEBUG] index: 17705
[DEBUG] raw_text: #selfiefornash @Nashgrier You've helped me get through the rough times Nash. I love you ????????
[DEBUG] text_length: 15
[DEBUG] polarity: 1
[DEBUG] first 10 input_ids: [101, 1001, 2969, 2666, 29278, 11649, 2232, 1030, 10594, 16523]
---
Time taken to load Datasets/MVSA-MTS/mvsa-mts-v3/val.tsv: 19.62 seconds (0.33 minutes)
Val classes: [0, 1, 2], count=3
[DEBUG] Val label distribution:
{0: 436, 1: 442, 2: 825}
[DEBUG] Computed class_weights = [1.2891349792480469, 1.3092080354690552, 0.6847132444381714]
-------------- Loading Datasets//MVSA-MTS/mvsa-mts-v3/test.tsv ---------------
[DEBUG] index: 14949
[DEBUG] raw_text: Candid shot at #Montreal @FetishWeekend. #smile latex: @HWD_Latex #iLoveBiancaMondays http://t.co/eDaoHprlRP
[DEBUG] text_length: 10
[DEBUG] polarity: 2
[DEBUG] first 10 input_ids: [101, 27467, 2094, 2915, 2012, 1001, 5548, 1030, 10768, 24788]
---
[DEBUG] index: 9542
[DEBUG] raw_text: #hamont stop by and help out Lynwood Hall raise some founds with a car wash! #lynwoodhallcarwash #machealth
[DEBUG] text_length: 17
[DEBUG] polarity: 0
[DEBUG] first 10 input_ids: [101, 1001, 10654, 12162, 2644, 2011, 1998, 2393, 2041, 1048]
---
[DEBUG] index: 6309
[DEBUG] raw_text: EVEN MY NEICE WANTS TO VOTE #ShesKindaHotVMA
[DEBUG] text_length: 7
[DEBUG] polarity: 2
[DEBUG] first 10 input_ids: [101, 2130, 2026, 11265, 6610, 4122, 2000, 3789, 1001, 2016]
---
[DEBUG] index: 17974
[DEBUG] raw_text: Looks like I'm going alone ????
[DEBUG] text_length: 6
[DEBUG] polarity: 2
[DEBUG] first 10 input_ids: [101, 3504, 2066, 1045, 1005, 1049, 2183, 2894, 1029, 1029]
---
[DEBUG] index: 14882
[DEBUG] raw_text: Here it comes!! @comedynest Sept 24-26 Call 514-932-6378 for reservations! #derekseguin #comedy #montreal #fun
[DEBUG] text_length: 14
[DEBUG] polarity: 2
[DEBUG] first 10 input_ids: [101, 2182, 2009, 3310, 999, 999, 1030, 4038, 5267, 2102]
---
Time taken to load Datasets//MVSA-MTS/mvsa-mts-v3/test.tsv: 18.82 seconds (0.31 minutes)
Test classes: [0, 1, 2], count=3
[DEBUG] Test label distribution:
{0: 450, 1: 431, 2: 822}
[DEBUG] 95th percentile sequence length across all splits: 20.00
Total Training Samples: 17027
Number of Training Samples: 13621
Number of Validation Samples: 1703
Number of Test Samples: 1703
Number of unique sentiment classes: 3
Building model
1
n_trainable_params: 2891779, n_nontrainable_params: 0
>>>>>>>>>>>>>>>>>>>>>>>>>>>>>>>>>>>>>>>>>>>>>>>>>>>>>>>>>>>>>>>>>>>>>>>>>>>>>>>>>>>>>>>>>>>>>>>>>>>>
epoch: 0
[DEBUG] Sample predictions in evaluate:  tensor([0, 0, 0, 0, 0, 0, 1, 1, 1, 1], device='cuda:0')
[DEBUG] outputs.shape: torch.Size([128, 3])
[DEBUG] Sample of raw logits (first 5):
tensor([[ 0.3485, -0.2150, -1.8254],
        [ 0.5763,  0.0337, -0.7509],
        [-0.0052, -0.6084, -1.4807],
        [ 0.5954,  0.1746, -0.7960],
        [ 0.6060,  0.1192, -0.9203]], device='cuda:0',
       grad_fn=<SliceBackward0>)
[DEBUG] Sample of predicted probabilities (first 5):
tensor([[0.5942, 0.3382, 0.0676],
        [0.5416, 0.3148, 0.1436],
        [0.5631, 0.3081, 0.1288],
        [0.5249, 0.3446, 0.1305],
        [0.5459, 0.3355, 0.1186]], device='cuda:0', grad_fn=<SliceBackward0>)
Batch 0 completed in 0.88 seconds (0.01 minutes)
New best val_f1: 0.217563 (previous best: 0.000000)
loss: 1.270811, val_acc: 48.44% (0.484439), val_f1: 21.76% (0.217563), test_acc: 48.27% (0.482678), test_f1: 21.70% (0.217030)
Batch 60 completed in 0.26 seconds (0.00 minutes)
New best val_f1: 0.364350 (previous best: 0.217563)
loss: 1.088991, val_acc: 47.21% (0.472108), val_f1: 36.43% (0.364350), test_acc: 48.62% (0.486201), test_f1: 38.68% (0.386833)
Epoch 0 completed in 42.81 seconds (0.71 minutes)
>>>>>>>>>>>>>>>>>>>>>>>>>>>>>>>>>>>>>>>>>>>>>>>>>>>>>>>>>>>>>>>>>>>>>>>>>>>>>>>>>>>>>>>>>>>>>>>>>>>>
epoch: 1
Batch 0 completed in 0.26 seconds (0.00 minutes)
loss: 1.042857, val_acc: 28.83% (0.288315), val_f1: 22.05% (0.220490), test_acc: 27.89% (0.278920), test_f1: 21.89% (0.218858)
Batch 60 completed in 0.26 seconds (0.00 minutes)
New best val_f1: 0.409999 (previous best: 0.364350)
loss: 1.105018, val_acc: 44.51% (0.445097), val_f1: 41.00% (0.409999), test_acc: 42.98% (0.429830), test_f1: 38.73% (0.387310)
Epoch 1 completed in 41.09 seconds (0.68 minutes)
>>>>>>>>>>>>>>>>>>>>>>>>>>>>>>>>>>>>>>>>>>>>>>>>>>>>>>>>>>>>>>>>>>>>>>>>>>>>>>>>>>>>>>>>>>>>>>>>>>>>
epoch: 2
Batch 0 completed in 0.26 seconds (0.00 minutes)
loss: 1.024380, val_acc: 44.16% (0.441574), val_f1: 38.46% (0.384551), test_acc: 44.33% (0.443335), test_f1: 37.81% (0.378100)
Batch 60 completed in 0.26 seconds (0.00 minutes)
loss: 1.084169, val_acc: 42.16% (0.421609), val_f1: 33.56% (0.335600), test_acc: 44.33% (0.443335), test_f1: 34.74% (0.347390)
Epoch 2 completed in 41.55 seconds (0.69 minutes)
>>>>>>>>>>>>>>>>>>>>>>>>>>>>>>>>>>>>>>>>>>>>>>>>>>>>>>>>>>>>>>>>>>>>>>>>>>>>>>>>>>>>>>>>>>>>>>>>>>>>
epoch: 3
Batch 0 completed in 0.26 seconds (0.00 minutes)
loss: 1.038238, val_acc: 43.10% (0.431004), val_f1: 40.48% (0.404806), test_acc: 44.10% (0.440986), test_f1: 40.86% (0.408619)
Batch 60 completed in 0.26 seconds (0.00 minutes)
loss: 1.059469, val_acc: 47.86% (0.478567), val_f1: 37.00% (0.370001), test_acc: 49.79% (0.497945), test_f1: 37.82% (0.378245)
Epoch 3 completed in 41.18 seconds (0.69 minutes)
>>>>>>>>>>>>>>>>>>>>>>>>>>>>>>>>>>>>>>>>>>>>>>>>>>>>>>>>>>>>>>>>>>>>>>>>>>>>>>>>>>>>>>>>>>>>>>>>>>>>
epoch: 4
Batch 0 completed in 0.26 seconds (0.00 minutes)
loss: 1.021009, val_acc: 42.34% (0.423371), val_f1: 36.19% (0.361879), test_acc: 42.45% (0.424545), test_f1: 36.00% (0.359967)
Batch 60 completed in 0.26 seconds (0.00 minutes)
loss: 1.041939, val_acc: 41.51% (0.415150), val_f1: 40.93% (0.409301), test_acc: 40.63% (0.406342), test_f1: 39.94% (0.399447)
Epoch 4 completed in 41.14 seconds (0.69 minutes)
>>>>>>>>>>>>>>>>>>>>>>>>>>>>>>>>>>>>>>>>>>>>>>>>>>>>>>>>>>>>>>>>>>>>>>>>>>>>>>>>>>>>>>>>>>>>>>>>>>>>
epoch: 5
Batch 0 completed in 0.26 seconds (0.00 minutes)
loss: 1.043060, val_acc: 45.68% (0.456841), val_f1: 37.50% (0.374954), test_acc: 46.98% (0.469759), test_f1: 37.59% (0.375919)
Batch 60 completed in 0.26 seconds (0.00 minutes)
loss: 0.934282, val_acc: 46.92% (0.469172), val_f1: 39.97% (0.399735), test_acc: 47.80% (0.477980), test_f1: 39.65% (0.396525)
Epoch 5 completed in 41.47 seconds (0.69 minutes)
>>>>>>>>>>>>>>>>>>>>>>>>>>>>>>>>>>>>>>>>>>>>>>>>>>>>>>>>>>>>>>>>>>>>>>>>>>>>>>>>>>>>>>>>>>>>>>>>>>>>
epoch: 6
Batch 0 completed in 0.26 seconds (0.00 minutes)
loss: 1.053450, val_acc: 40.63% (0.406342), val_f1: 38.97% (0.389665), test_acc: 40.16% (0.401644), test_f1: 37.83% (0.378338)
Batch 60 completed in 0.26 seconds (0.00 minutes)
New best val_f1: 0.414878 (previous best: 0.409999)
loss: 0.959980, val_acc: 45.45% (0.454492), val_f1: 41.49% (0.414878), test_acc: 44.63% (0.446271), test_f1: 39.58% (0.395816)
Epoch 6 completed in 40.48 seconds (0.67 minutes)
>>>>>>>>>>>>>>>>>>>>>>>>>>>>>>>>>>>>>>>>>>>>>>>>>>>>>>>>>>>>>>>>>>>>>>>>>>>>>>>>>>>>>>>>>>>>>>>>>>>>
epoch: 7
Batch 0 completed in 0.26 seconds (0.00 minutes)
loss: 0.973576, val_acc: 35.29% (0.352907), val_f1: 33.49% (0.334880), test_acc: 34.88% (0.348796), test_f1: 34.24% (0.342417)
Batch 60 completed in 0.26 seconds (0.00 minutes)
loss: 1.031301, val_acc: 42.92% (0.429243), val_f1: 41.48% (0.414807), test_acc: 43.92% (0.439225), test_f1: 42.39% (0.423946)
Epoch 7 completed in 41.40 seconds (0.69 minutes)
>>>>>>>>>>>>>>>>>>>>>>>>>>>>>>>>>>>>>>>>>>>>>>>>>>>>>>>>>>>>>>>>>>>>>>>>>>>>>>>>>>>>>>>>>>>>>>>>>>>>
epoch: 8
Batch 0 completed in 0.26 seconds (0.00 minutes)
loss: 1.046260, val_acc: 48.03% (0.480329), val_f1: 41.35% (0.413545), test_acc: 48.80% (0.487962), test_f1: 41.94% (0.419402)
Batch 60 completed in 0.26 seconds (0.00 minutes)
loss: 1.026452, val_acc: 45.74% (0.457428), val_f1: 41.16% (0.411551), test_acc: 45.86% (0.458602), test_f1: 40.05% (0.400498)
Epoch 8 completed in 40.79 seconds (0.68 minutes)
>>>>>>>>>>>>>>>>>>>>>>>>>>>>>>>>>>>>>>>>>>>>>>>>>>>>>>>>>>>>>>>>>>>>>>>>>>>>>>>>>>>>>>>>>>>>>>>>>>>>
epoch: 9
Batch 0 completed in 0.26 seconds (0.00 minutes)
loss: 1.031868, val_acc: 41.46% (0.414563), val_f1: 40.30% (0.403008), test_acc: 42.04% (0.420435), test_f1: 40.76% (0.407610)
Batch 60 completed in 0.26 seconds (0.00 minutes)
loss: 0.983063, val_acc: 47.62% (0.476218), val_f1: 40.77% (0.407742), test_acc: 47.86% (0.478567), test_f1: 41.08% (0.410803)
Epoch 9 completed in 40.97 seconds (0.68 minutes)
>>>>>>>>>>>>>>>>>>>>>>>>>>>>>>>>>>>>>>>>>>>>>>>>>>>>>>>>>>>>>>>>>>>>>>>>>>>>>>>>>>>>>>>>>>>>>>>>>>>>
epoch: 10
Batch 0 completed in 0.26 seconds (0.00 minutes)
New best val_f1: 0.426218 (previous best: 0.414878)
loss: 1.012300, val_acc: 45.57% (0.455666), val_f1: 42.62% (0.426218), test_acc: 44.57% (0.445684), test_f1: 41.45% (0.414538)
Batch 60 completed in 0.26 seconds (0.00 minutes)
loss: 0.973726, val_acc: 43.39% (0.433940), val_f1: 38.28% (0.382802), test_acc: 43.86% (0.438638), test_f1: 37.96% (0.379647)
Epoch 10 completed in 41.38 seconds (0.69 minutes)
>>>>>>>>>>>>>>>>>>>>>>>>>>>>>>>>>>>>>>>>>>>>>>>>>>>>>>>>>>>>>>>>>>>>>>>>>>>>>>>>>>>>>>>>>>>>>>>>>>>>
epoch: 11
Batch 0 completed in 0.26 seconds (0.00 minutes)
loss: 0.953484, val_acc: 37.87% (0.378743), val_f1: 37.88% (0.378769), test_acc: 36.29% (0.362889), test_f1: 36.35% (0.363513)
Batch 60 completed in 0.26 seconds (0.00 minutes)
loss: 0.997400, val_acc: 34.41% (0.344099), val_f1: 33.97% (0.339729), test_acc: 34.82% (0.348209), test_f1: 34.12% (0.341153)
Epoch 11 completed in 40.54 seconds (0.68 minutes)
>>>>>>>>>>>>>>>>>>>>>>>>>>>>>>>>>>>>>>>>>>>>>>>>>>>>>>>>>>>>>>>>>>>>>>>>>>>>>>>>>>>>>>>>>>>>>>>>>>>>
epoch: 12
Batch 0 completed in 0.26 seconds (0.00 minutes)
loss: 1.006425, val_acc: 41.81% (0.418086), val_f1: 35.79% (0.357918), test_acc: 43.51% (0.435115), test_f1: 37.26% (0.372567)
Batch 60 completed in 0.26 seconds (0.00 minutes)
loss: 0.999336, val_acc: 45.92% (0.459190), val_f1: 42.29% (0.422878), test_acc: 44.69% (0.446858), test_f1: 40.04% (0.400441)
Epoch 12 completed in 41.55 seconds (0.69 minutes)
>>>>>>>>>>>>>>>>>>>>>>>>>>>>>>>>>>>>>>>>>>>>>>>>>>>>>>>>>>>>>>>>>>>>>>>>>>>>>>>>>>>>>>>>>>>>>>>>>>>>
epoch: 13
Batch 0 completed in 0.26 seconds (0.00 minutes)
loss: 0.956616, val_acc: 42.10% (0.421022), val_f1: 41.02% (0.410167), test_acc: 43.34% (0.433353), test_f1: 42.25% (0.422538)
Batch 60 completed in 0.26 seconds (0.00 minutes)
loss: 1.039460, val_acc: 43.39% (0.433940), val_f1: 42.00% (0.419971), test_acc: 44.10% (0.440986), test_f1: 42.76% (0.427604)
Epoch 13 completed in 40.76 seconds (0.68 minutes)
>>>>>>>>>>>>>>>>>>>>>>>>>>>>>>>>>>>>>>>>>>>>>>>>>>>>>>>>>>>>>>>>>>>>>>>>>>>>>>>>>>>>>>>>>>>>>>>>>>>>
epoch: 14
Batch 0 completed in 0.26 seconds (0.00 minutes)
loss: 1.032597, val_acc: 42.51% (0.425132), val_f1: 40.57% (0.405729), test_acc: 42.75% (0.427481), test_f1: 40.85% (0.408493)
Batch 60 completed in 0.26 seconds (0.00 minutes)
loss: 1.028332, val_acc: 41.34% (0.413388), val_f1: 40.12% (0.401163), test_acc: 40.34% (0.403406), test_f1: 38.87% (0.388721)
Epoch 14 completed in 40.97 seconds (0.68 minutes)
>>>>>>>>>>>>>>>>>>>>>>>>>>>>>>>>>>>>>>>>>>>>>>>>>>>>>>>>>>>>>>>>>>>>>>>>>>>>>>>>>>>>>>>>>>>>>>>>>>>>
epoch: 15
Batch 0 completed in 0.26 seconds (0.00 minutes)
loss: 0.951861, val_acc: 35.35% (0.353494), val_f1: 34.50% (0.345013), test_acc: 36.41% (0.364063), test_f1: 35.37% (0.353678)
Batch 60 completed in 0.26 seconds (0.00 minutes)
loss: 1.012063, val_acc: 40.81% (0.408103), val_f1: 40.51% (0.405126), test_acc: 39.28% (0.392836), test_f1: 39.09% (0.390914)
Epoch 15 completed in 41.10 seconds (0.68 minutes)
>>>>>>>>>>>>>>>>>>>>>>>>>>>>>>>>>>>>>>>>>>>>>>>>>>>>>>>>>>>>>>>>>>>>>>>>>>>>>>>>>>>>>>>>>>>>>>>>>>>>
epoch: 16
Batch 0 completed in 0.26 seconds (0.00 minutes)
loss: 0.975511, val_acc: 39.64% (0.396359), val_f1: 39.62% (0.396209), test_acc: 37.87% (0.378743), test_f1: 37.91% (0.379140)
Batch 60 completed in 0.26 seconds (0.00 minutes)
New best val_f1: 0.426901 (previous best: 0.426218)
loss: 0.983529, val_acc: 46.45% (0.464474), val_f1: 42.69% (0.426901), test_acc: 46.33% (0.463300), test_f1: 41.42% (0.414161)
Epoch 16 completed in 40.90 seconds (0.68 minutes)
>>>>>>>>>>>>>>>>>>>>>>>>>>>>>>>>>>>>>>>>>>>>>>>>>>>>>>>>>>>>>>>>>>>>>>>>>>>>>>>>>>>>>>>>>>>>>>>>>>>>
epoch: 17
Batch 0 completed in 0.26 seconds (0.00 minutes)
loss: 1.014055, val_acc: 43.22% (0.432179), val_f1: 42.23% (0.422307), test_acc: 43.22% (0.432179), test_f1: 41.99% (0.419945)
Batch 60 completed in 0.26 seconds (0.00 minutes)
loss: 0.955444, val_acc: 45.39% (0.453905), val_f1: 42.62% (0.426232), test_acc: 45.98% (0.459777), test_f1: 43.81% (0.438099)
Epoch 17 completed in 41.60 seconds (0.69 minutes)
>>>>>>>>>>>>>>>>>>>>>>>>>>>>>>>>>>>>>>>>>>>>>>>>>>>>>>>>>>>>>>>>>>>>>>>>>>>>>>>>>>>>>>>>>>>>>>>>>>>>
epoch: 18
Batch 0 completed in 0.26 seconds (0.00 minutes)
loss: 0.989293, val_acc: 42.98% (0.429830), val_f1: 40.67% (0.406709), test_acc: 43.04% (0.430417), test_f1: 40.36% (0.403578)
Batch 60 completed in 0.26 seconds (0.00 minutes)
loss: 0.926145, val_acc: 40.52% (0.405167), val_f1: 40.15% (0.401505), test_acc: 41.69% (0.416911), test_f1: 41.43% (0.414332)
Epoch 18 completed in 40.39 seconds (0.67 minutes)
>>>>>>>>>>>>>>>>>>>>>>>>>>>>>>>>>>>>>>>>>>>>>>>>>>>>>>>>>>>>>>>>>>>>>>>>>>>>>>>>>>>>>>>>>>>>>>>>>>>>
epoch: 19
Batch 0 completed in 0.26 seconds (0.00 minutes)
loss: 0.894373, val_acc: 46.62% (0.466236), val_f1: 40.62% (0.406187), test_acc: 49.38% (0.493834), test_f1: 43.86% (0.438575)
Batch 60 completed in 0.26 seconds (0.00 minutes)
loss: 0.942823, val_acc: 45.27% (0.452730), val_f1: 41.16% (0.411554), test_acc: 45.45% (0.454492), test_f1: 41.43% (0.414323)
Epoch 19 completed in 41.30 seconds (0.69 minutes)
>>>>>>>>>>>>>>>>>>>>>>>>>>>>>>>>>>>>>>>>>>>>>>>>>>>>>>>>>>>>>>>>>>>>>>>>>>>>>>>>>>>>>>>>>>>>>>>>>>>>
epoch: 20
Batch 0 completed in 0.26 seconds (0.00 minutes)
loss: 0.910491, val_acc: 44.92% (0.449207), val_f1: 41.89% (0.418895), test_acc: 44.57% (0.445684), test_f1: 41.72% (0.417211)
Batch 60 completed in 0.26 seconds (0.00 minutes)
loss: 0.895723, val_acc: 45.92% (0.459190), val_f1: 41.93% (0.419328), test_acc: 46.62% (0.466236), test_f1: 41.73% (0.417259)
Epoch 20 completed in 41.05 seconds (0.68 minutes)
>>>>>>>>>>>>>>>>>>>>>>>>>>>>>>>>>>>>>>>>>>>>>>>>>>>>>>>>>>>>>>>>>>>>>>>>>>>>>>>>>>>>>>>>>>>>>>>>>>>>
epoch: 21
Batch 0 completed in 0.26 seconds (0.00 minutes)
loss: 0.927183, val_acc: 43.98% (0.439812), val_f1: 41.16% (0.411606), test_acc: 44.16% (0.441574), test_f1: 41.66% (0.416630)
Batch 60 completed in 0.26 seconds (0.00 minutes)
loss: 1.003026, val_acc: 39.69% (0.396947), val_f1: 39.28% (0.392760), test_acc: 38.11% (0.381092), test_f1: 37.59% (0.375896)
Epoch 21 completed in 40.73 seconds (0.68 minutes)
>>>>>>>>>>>>>>>>>>>>>>>>>>>>>>>>>>>>>>>>>>>>>>>>>>>>>>>>>>>>>>>>>>>>>>>>>>>>>>>>>>>>>>>>>>>>>>>>>>>>
epoch: 22
Batch 0 completed in 0.26 seconds (0.00 minutes)
loss: 0.981614, val_acc: 37.05% (0.370523), val_f1: 37.13% (0.371335), test_acc: 36.17% (0.361715), test_f1: 36.25% (0.362502)
Batch 60 completed in 0.26 seconds (0.00 minutes)
loss: 0.865041, val_acc: 44.10% (0.440986), val_f1: 41.28% (0.412756), test_acc: 43.57% (0.435702), test_f1: 40.58% (0.405842)
Epoch 22 completed in 41.34 seconds (0.69 minutes)
>>>>>>>>>>>>>>>>>>>>>>>>>>>>>>>>>>>>>>>>>>>>>>>>>>>>>>>>>>>>>>>>>>>>>>>>>>>>>>>>>>>>>>>>>>>>>>>>>>>>
epoch: 23
Batch 0 completed in 0.26 seconds (0.00 minutes)
loss: 0.826022, val_acc: 45.21% (0.452143), val_f1: 41.75% (0.417484), test_acc: 45.80% (0.458015), test_f1: 42.20% (0.422033)
Batch 60 completed in 0.26 seconds (0.00 minutes)
loss: 0.898929, val_acc: 42.04% (0.420435), val_f1: 40.33% (0.403279), test_acc: 43.57% (0.435702), test_f1: 41.98% (0.419811)
Epoch 23 completed in 40.75 seconds (0.68 minutes)
>>>>>>>>>>>>>>>>>>>>>>>>>>>>>>>>>>>>>>>>>>>>>>>>>>>>>>>>>>>>>>>>>>>>>>>>>>>>>>>>>>>>>>>>>>>>>>>>>>>>
epoch: 24
Batch 0 completed in 0.26 seconds (0.00 minutes)
loss: 0.926456, val_acc: 41.28% (0.412801), val_f1: 39.60% (0.396022), test_acc: 43.45% (0.434527), test_f1: 41.78% (0.417772)
Batch 60 completed in 0.26 seconds (0.00 minutes)
loss: 0.879014, val_acc: 36.88% (0.368761), val_f1: 36.85% (0.368502), test_acc: 39.81% (0.398121), test_f1: 39.81% (0.398129)
Epoch 24 completed in 41.45 seconds (0.69 minutes)
>>>>>>>>>>>>>>>>>>>>>>>>>>>>>>>>>>>>>>>>>>>>>>>>>>>>>>>>>>>>>>>>>>>>>>>>>>>>>>>>>>>>>>>>>>>>>>>>>>>>
epoch: 25
Batch 0 completed in 0.26 seconds (0.00 minutes)
loss: 0.859215, val_acc: 46.62% (0.466236), val_f1: 41.64% (0.416436), test_acc: 46.56% (0.465649), test_f1: 41.13% (0.411327)
Batch 60 completed in 0.26 seconds (0.00 minutes)
loss: 0.866699, val_acc: 40.93% (0.409278), val_f1: 39.02% (0.390200), test_acc: 41.93% (0.419260), test_f1: 40.20% (0.402003)
Epoch 25 completed in 40.67 seconds (0.68 minutes)
>>>>>>>>>>>>>>>>>>>>>>>>>>>>>>>>>>>>>>>>>>>>>>>>>>>>>>>>>>>>>>>>>>>>>>>>>>>>>>>>>>>>>>>>>>>>>>>>>>>>
epoch: 26
Batch 0 completed in 0.26 seconds (0.00 minutes)
loss: 0.868716, val_acc: 42.92% (0.429243), val_f1: 40.57% (0.405687), test_acc: 44.45% (0.444510), test_f1: 41.92% (0.419185)
Batch 60 completed in 0.26 seconds (0.00 minutes)
loss: 0.820362, val_acc: 45.74% (0.457428), val_f1: 41.02% (0.410228), test_acc: 44.39% (0.443922), test_f1: 39.88% (0.398793)
Epoch 26 completed in 41.09 seconds (0.68 minutes)
>>>>>>>>>>>>>>>>>>>>>>>>>>>>>>>>>>>>>>>>>>>>>>>>>>>>>>>>>>>>>>>>>>>>>>>>>>>>>>>>>>>>>>>>>>>>>>>>>>>>
epoch: 27
Batch 0 completed in 0.26 seconds (0.00 minutes)
loss: 0.841963, val_acc: 39.93% (0.399295), val_f1: 39.30% (0.393026), test_acc: 40.81% (0.408103), test_f1: 40.43% (0.404322)
Batch 60 completed in 0.26 seconds (0.00 minutes)
loss: 0.837508, val_acc: 41.22% (0.412214), val_f1: 39.61% (0.396105), test_acc: 41.81% (0.418086), test_f1: 40.28% (0.402813)
Epoch 27 completed in 41.38 seconds (0.69 minutes)
>>>>>>>>>>>>>>>>>>>>>>>>>>>>>>>>>>>>>>>>>>>>>>>>>>>>>>>>>>>>>>>>>>>>>>>>>>>>>>>>>>>>>>>>>>>>>>>>>>>>
epoch: 28
Batch 0 completed in 0.26 seconds (0.00 minutes)
loss: 0.796223, val_acc: 44.51% (0.445097), val_f1: 40.35% (0.403529), test_acc: 43.75% (0.437463), test_f1: 39.45% (0.394508)
Batch 60 completed in 0.26 seconds (0.00 minutes)
loss: 0.788719, val_acc: 41.63% (0.416324), val_f1: 40.01% (0.400052), test_acc: 41.16% (0.411627), test_f1: 39.71% (0.397106)
Epoch 28 completed in 40.57 seconds (0.68 minutes)
>>>>>>>>>>>>>>>>>>>>>>>>>>>>>>>>>>>>>>>>>>>>>>>>>>>>>>>>>>>>>>>>>>>>>>>>>>>>>>>>>>>>>>>>>>>>>>>>>>>>
epoch: 29
Batch 0 completed in 0.26 seconds (0.00 minutes)
loss: 0.772174, val_acc: 45.16% (0.451556), val_f1: 41.00% (0.409983), test_acc: 44.45% (0.444510), test_f1: 39.98% (0.399781)
Batch 60 completed in 0.26 seconds (0.00 minutes)
loss: 0.784559, val_acc: 42.63% (0.426307), val_f1: 41.00% (0.410050), test_acc: 40.46% (0.404580), test_f1: 38.76% (0.387616)
Epoch 29 completed in 41.57 seconds (0.69 minutes)
>>>>>>>>>>>>>>>>>>>>>>>>>>>>>>>>>>>>>>>>>>>>>>>>>>>>>>>>>>>>>>>>>>>>>>>>>>>>>>>>>>>>>>>>>>>>>>>>>>>>
epoch: 30
Batch 0 completed in 0.26 seconds (0.00 minutes)
loss: 0.716308, val_acc: 40.99% (0.409865), val_f1: 40.03% (0.400292), test_acc: 38.58% (0.385790), test_f1: 38.06% (0.380603)
Batch 60 completed in 0.26 seconds (0.00 minutes)
loss: 0.696676, val_acc: 43.22% (0.432179), val_f1: 39.96% (0.399550), test_acc: 43.22% (0.432179), test_f1: 39.95% (0.399459)
Epoch 30 completed in 40.76 seconds (0.68 minutes)
>>>>>>>>>>>>>>>>>>>>>>>>>>>>>>>>>>>>>>>>>>>>>>>>>>>>>>>>>>>>>>>>>>>>>>>>>>>>>>>>>>>>>>>>>>>>>>>>>>>>
epoch: 31
Batch 0 completed in 0.26 seconds (0.00 minutes)
loss: 0.797627, val_acc: 45.86% (0.458602), val_f1: 40.92% (0.409212), test_acc: 46.21% (0.462126), test_f1: 40.99% (0.409859)
Batch 60 completed in 0.26 seconds (0.00 minutes)
loss: 0.743074, val_acc: 43.22% (0.432179), val_f1: 41.41% (0.414119), test_acc: 41.34% (0.413388), test_f1: 39.94% (0.399449)
Epoch 31 completed in 41.01 seconds (0.68 minutes)
>>>>>>>>>>>>>>>>>>>>>>>>>>>>>>>>>>>>>>>>>>>>>>>>>>>>>>>>>>>>>>>>>>>>>>>>>>>>>>>>>>>>>>>>>>>>>>>>>>>>
epoch: 32
Batch 0 completed in 0.26 seconds (0.00 minutes)
loss: 0.712459, val_acc: 40.16% (0.401644), val_f1: 39.01% (0.390127), test_acc: 41.10% (0.411039), test_f1: 40.00% (0.399961)
Batch 60 completed in 0.26 seconds (0.00 minutes)
loss: 0.765195, val_acc: 39.17% (0.391662), val_f1: 38.95% (0.389536), test_acc: 38.64% (0.386377), test_f1: 38.59% (0.385861)
Epoch 32 completed in 41.01 seconds (0.68 minutes)
>>>>>>>>>>>>>>>>>>>>>>>>>>>>>>>>>>>>>>>>>>>>>>>>>>>>>>>>>>>>>>>>>>>>>>>>>>>>>>>>>>>>>>>>>>>>>>>>>>>>
epoch: 33
Batch 0 completed in 0.26 seconds (0.00 minutes)
loss: 0.629889, val_acc: 40.46% (0.404580), val_f1: 39.86% (0.398634), test_acc: 39.28% (0.392836), test_f1: 38.95% (0.389501)
Batch 60 completed in 0.26 seconds (0.00 minutes)
loss: 0.741469, val_acc: 42.45% (0.424545), val_f1: 40.20% (0.401995), test_acc: 41.75% (0.417499), test_f1: 39.99% (0.399861)
Epoch 33 completed in 40.86 seconds (0.68 minutes)
>>>>>>>>>>>>>>>>>>>>>>>>>>>>>>>>>>>>>>>>>>>>>>>>>>>>>>>>>>>>>>>>>>>>>>>>>>>>>>>>>>>>>>>>>>>>>>>>>>>>
epoch: 34
Batch 0 completed in 0.26 seconds (0.00 minutes)
loss: 0.675807, val_acc: 41.10% (0.411039), val_f1: 39.90% (0.399016), test_acc: 41.57% (0.415737), test_f1: 40.56% (0.405575)
Batch 60 completed in 0.26 seconds (0.00 minutes)
loss: 0.750341, val_acc: 36.17% (0.361715), val_f1: 36.16% (0.361618), test_acc: 37.93% (0.379331), test_f1: 38.15% (0.381456)
Epoch 34 completed in 41.51 seconds (0.69 minutes)
>>>>>>>>>>>>>>>>>>>>>>>>>>>>>>>>>>>>>>>>>>>>>>>>>>>>>>>>>>>>>>>>>>>>>>>>>>>>>>>>>>>>>>>>>>>>>>>>>>>>
epoch: 35
Batch 0 completed in 0.26 seconds (0.00 minutes)
loss: 0.636937, val_acc: 38.64% (0.386377), val_f1: 38.18% (0.381792), test_acc: 38.70% (0.386964), test_f1: 38.39% (0.383865)
Batch 60 completed in 0.26 seconds (0.00 minutes)
loss: 0.755584, val_acc: 43.92% (0.439225), val_f1: 41.31% (0.413066), test_acc: 42.28% (0.422783), test_f1: 39.89% (0.398946)
Epoch 35 completed in 40.41 seconds (0.67 minutes)
>>>>>>>>>>>>>>>>>>>>>>>>>>>>>>>>>>>>>>>>>>>>>>>>>>>>>>>>>>>>>>>>>>>>>>>>>>>>>>>>>>>>>>>>>>>>>>>>>>>>
epoch: 36
Batch 0 completed in 0.26 seconds (0.00 minutes)
loss: 0.718886, val_acc: 38.05% (0.380505), val_f1: 37.68% (0.376813), test_acc: 38.87% (0.388726), test_f1: 38.67% (0.386694)
Batch 60 completed in 0.26 seconds (0.00 minutes)
loss: 0.668586, val_acc: 38.64% (0.386377), val_f1: 37.00% (0.369982), test_acc: 39.11% (0.391075), test_f1: 37.40% (0.373990)
Epoch 36 completed in 41.40 seconds (0.69 minutes)
>>>>>>>>>>>>>>>>>>>>>>>>>>>>>>>>>>>>>>>>>>>>>>>>>>>>>>>>>>>>>>>>>>>>>>>>>>>>>>>>>>>>>>>>>>>>>>>>>>>>
epoch: 37
Batch 0 completed in 0.26 seconds (0.00 minutes)
loss: 0.597275, val_acc: 44.69% (0.446858), val_f1: 41.85% (0.418511), test_acc: 43.10% (0.431004), test_f1: 40.59% (0.405927)
Batch 60 completed in 0.26 seconds (0.00 minutes)
loss: 0.613051, val_acc: 42.10% (0.421022), val_f1: 40.42% (0.404245), test_acc: 41.51% (0.415150), test_f1: 40.08% (0.400835)
Epoch 37 completed in 40.91 seconds (0.68 minutes)
>>>>>>>>>>>>>>>>>>>>>>>>>>>>>>>>>>>>>>>>>>>>>>>>>>>>>>>>>>>>>>>>>>>>>>>>>>>>>>>>>>>>>>>>>>>>>>>>>>>>
epoch: 38
Batch 0 completed in 0.26 seconds (0.00 minutes)
loss: 0.586779, val_acc: 42.69% (0.426894), val_f1: 40.08% (0.400803), test_acc: 40.75% (0.407516), test_f1: 37.85% (0.378523)
Batch 60 completed in 0.26 seconds (0.00 minutes)
loss: 0.640651, val_acc: 45.86% (0.458602), val_f1: 40.14% (0.401385), test_acc: 44.86% (0.448620), test_f1: 38.89% (0.388938)
Epoch 38 completed in 40.77 seconds (0.68 minutes)
>>>>>>>>>>>>>>>>>>>>>>>>>>>>>>>>>>>>>>>>>>>>>>>>>>>>>>>>>>>>>>>>>>>>>>>>>>>>>>>>>>>>>>>>>>>>>>>>>>>>
epoch: 39
Batch 0 completed in 0.26 seconds (0.00 minutes)
loss: 0.685324, val_acc: 41.81% (0.418086), val_f1: 39.57% (0.395664), test_acc: 41.22% (0.412214), test_f1: 39.16% (0.391591)
Batch 60 completed in 0.26 seconds (0.00 minutes)
loss: 0.631556, val_acc: 42.87% (0.428655), val_f1: 41.29% (0.412889), test_acc: 42.51% (0.425132), test_f1: 41.04% (0.410366)
Epoch 39 completed in 41.25 seconds (0.69 minutes)
>>>>>>>>>>>>>>>>>>>>>>>>>>>>>>>>>>>>>>>>>>>>>>>>>>>>>>>>>>>>>>>>>>>>>>>>>>>>>>>>>>>>>>>>>>>>>>>>>>>>
epoch: 40
Batch 0 completed in 0.26 seconds (0.00 minutes)
loss: 0.605071, val_acc: 40.75% (0.407516), val_f1: 39.42% (0.394188), test_acc: 40.58% (0.405755), test_f1: 39.97% (0.399697)
Batch 60 completed in 0.26 seconds (0.00 minutes)
loss: 0.720183, val_acc: 44.04% (0.440399), val_f1: 40.99% (0.409881), test_acc: 41.63% (0.416324), test_f1: 39.40% (0.393970)
Epoch 40 completed in 40.82 seconds (0.68 minutes)
>>>>>>>>>>>>>>>>>>>>>>>>>>>>>>>>>>>>>>>>>>>>>>>>>>>>>>>>>>>>>>>>>>>>>>>>>>>>>>>>>>>>>>>>>>>>>>>>>>>>
epoch: 41
Batch 0 completed in 0.26 seconds (0.00 minutes)
loss: 0.564833, val_acc: 44.74% (0.447446), val_f1: 40.23% (0.402323), test_acc: 43.28% (0.432766), test_f1: 38.72% (0.387176)
Batch 60 completed in 0.26 seconds (0.00 minutes)
loss: 0.576931, val_acc: 41.46% (0.414563), val_f1: 39.94% (0.399423), test_acc: 40.52% (0.405167), test_f1: 39.18% (0.391782)
Epoch 41 completed in 41.52 seconds (0.69 minutes)
>>>>>>>>>>>>>>>>>>>>>>>>>>>>>>>>>>>>>>>>>>>>>>>>>>>>>>>>>>>>>>>>>>>>>>>>>>>>>>>>>>>>>>>>>>>>>>>>>>>>
epoch: 42
Batch 0 completed in 0.26 seconds (0.00 minutes)
loss: 0.593817, val_acc: 44.74% (0.447446), val_f1: 39.24% (0.392417), test_acc: 44.74% (0.447446), test_f1: 39.82% (0.398197)
Batch 60 completed in 0.26 seconds (0.00 minutes)
loss: 0.619765, val_acc: 42.87% (0.428655), val_f1: 41.06% (0.410570), test_acc: 41.28% (0.412801), test_f1: 39.25% (0.392545)
Epoch 42 completed in 40.40 seconds (0.67 minutes)
>>>>>>>>>>>>>>>>>>>>>>>>>>>>>>>>>>>>>>>>>>>>>>>>>>>>>>>>>>>>>>>>>>>>>>>>>>>>>>>>>>>>>>>>>>>>>>>>>>>>
epoch: 43
Batch 0 completed in 0.26 seconds (0.00 minutes)
loss: 0.583854, val_acc: 40.52% (0.405167), val_f1: 39.12% (0.391190), test_acc: 40.22% (0.402231), test_f1: 39.19% (0.391931)
Batch 60 completed in 0.26 seconds (0.00 minutes)
loss: 0.587497, val_acc: 40.28% (0.402819), val_f1: 39.27% (0.392744), test_acc: 38.46% (0.384615), test_f1: 37.89% (0.378918)
Epoch 43 completed in 41.28 seconds (0.69 minutes)
>>>>>>>>>>>>>>>>>>>>>>>>>>>>>>>>>>>>>>>>>>>>>>>>>>>>>>>>>>>>>>>>>>>>>>>>>>>>>>>>>>>>>>>>>>>>>>>>>>>>
epoch: 44
Batch 0 completed in 0.26 seconds (0.00 minutes)
loss: 0.495462, val_acc: 42.28% (0.422783), val_f1: 40.10% (0.400966), test_acc: 41.46% (0.414563), test_f1: 39.56% (0.395583)
Batch 60 completed in 0.26 seconds (0.00 minutes)
loss: 0.568587, val_acc: 41.16% (0.411627), val_f1: 40.00% (0.399983), test_acc: 40.05% (0.400470), test_f1: 38.81% (0.388143)
Epoch 44 completed in 41.14 seconds (0.69 minutes)
>>>>>>>>>>>>>>>>>>>>>>>>>>>>>>>>>>>>>>>>>>>>>>>>>>>>>>>>>>>>>>>>>>>>>>>>>>>>>>>>>>>>>>>>>>>>>>>>>>>>
epoch: 45
Batch 0 completed in 0.26 seconds (0.00 minutes)
loss: 0.655624, val_acc: 41.98% (0.419847), val_f1: 39.73% (0.397253), test_acc: 40.99% (0.409865), test_f1: 38.80% (0.387985)
Batch 60 completed in 0.26 seconds (0.00 minutes)
loss: 0.553047, val_acc: 40.99% (0.409865), val_f1: 37.39% (0.373937), test_acc: 41.57% (0.415737), test_f1: 38.14% (0.381428)
Epoch 45 completed in 40.68 seconds (0.68 minutes)
>>>>>>>>>>>>>>>>>>>>>>>>>>>>>>>>>>>>>>>>>>>>>>>>>>>>>>>>>>>>>>>>>>>>>>>>>>>>>>>>>>>>>>>>>>>>>>>>>>>>
epoch: 46
Batch 0 completed in 0.26 seconds (0.00 minutes)
loss: 0.524460, val_acc: 43.57% (0.435702), val_f1: 40.38% (0.403849), test_acc: 41.51% (0.415150), test_f1: 38.75% (0.387491)
Batch 60 completed in 0.26 seconds (0.00 minutes)
loss: 0.595615, val_acc: 43.86% (0.438638), val_f1: 41.13% (0.411316), test_acc: 40.69% (0.406929), test_f1: 38.01% (0.380126)
Epoch 46 completed in 41.33 seconds (0.69 minutes)
>>>>>>>>>>>>>>>>>>>>>>>>>>>>>>>>>>>>>>>>>>>>>>>>>>>>>>>>>>>>>>>>>>>>>>>>>>>>>>>>>>>>>>>>>>>>>>>>>>>>
epoch: 47
Batch 0 completed in 0.26 seconds (0.00 minutes)
loss: 0.496052, val_acc: 43.28% (0.432766), val_f1: 39.78% (0.397840), test_acc: 42.04% (0.420435), test_f1: 38.56% (0.385586)
Batch 60 completed in 0.26 seconds (0.00 minutes)
loss: 0.559161, val_acc: 42.69% (0.426894), val_f1: 39.91% (0.399095), test_acc: 43.16% (0.431591), test_f1: 40.53% (0.405291)
Epoch 47 completed in 40.75 seconds (0.68 minutes)
>>>>>>>>>>>>>>>>>>>>>>>>>>>>>>>>>>>>>>>>>>>>>>>>>>>>>>>>>>>>>>>>>>>>>>>>>>>>>>>>>>>>>>>>>>>>>>>>>>>>
epoch: 48
Batch 0 completed in 0.26 seconds (0.00 minutes)
loss: 0.543594, val_acc: 41.16% (0.411627), val_f1: 40.15% (0.401516), test_acc: 38.99% (0.389900), test_f1: 38.09% (0.380893)
Batch 60 completed in 0.26 seconds (0.00 minutes)
loss: 0.508232, val_acc: 44.27% (0.442748), val_f1: 40.74% (0.407368), test_acc: 43.51% (0.435115), test_f1: 39.83% (0.398348)
Epoch 48 completed in 41.42 seconds (0.69 minutes)
>>>>>>>>>>>>>>>>>>>>>>>>>>>>>>>>>>>>>>>>>>>>>>>>>>>>>>>>>>>>>>>>>>>>>>>>>>>>>>>>>>>>>>>>>>>>>>>>>>>>
epoch: 49
Batch 0 completed in 0.26 seconds (0.00 minutes)
loss: 0.525611, val_acc: 42.40% (0.423958), val_f1: 40.02% (0.400249), test_acc: 40.58% (0.405755), test_f1: 38.62% (0.386155)
Batch 60 completed in 0.26 seconds (0.00 minutes)
loss: 0.613123, val_acc: 43.16% (0.431591), val_f1: 40.02% (0.400167), test_acc: 43.39% (0.433940), test_f1: 40.49% (0.404912)
Epoch 49 completed in 40.60 seconds (0.68 minutes)
>>>>>>>>>>>>>>>>>>>>>>>>>>>>>>>>>>>>>>>>>>>>>>>>>>>>>>>>>>>>>>>>>>>>>>>>>>>>>>>>>>>>>>>>>>>>>>>>>>>>
epoch: 50
Batch 0 completed in 0.26 seconds (0.00 minutes)
loss: 0.417219, val_acc: 42.87% (0.428655), val_f1: 40.01% (0.400113), test_acc: 41.34% (0.413388), test_f1: 38.75% (0.387452)
Batch 60 completed in 0.26 seconds (0.00 minutes)
loss: 0.536799, val_acc: 41.87% (0.418673), val_f1: 40.02% (0.400158), test_acc: 40.28% (0.402819), test_f1: 38.71% (0.387147)
Epoch 50 completed in 41.06 seconds (0.68 minutes)
>>>>>>>>>>>>>>>>>>>>>>>>>>>>>>>>>>>>>>>>>>>>>>>>>>>>>>>>>>>>>>>>>>>>>>>>>>>>>>>>>>>>>>>>>>>>>>>>>>>>
epoch: 51
Batch 0 completed in 0.26 seconds (0.00 minutes)
loss: 0.506534, val_acc: 43.04% (0.430417), val_f1: 38.75% (0.387495), test_acc: 41.81% (0.418086), test_f1: 37.56% (0.375571)
Batch 60 completed in 0.26 seconds (0.00 minutes)
loss: 0.450544, val_acc: 42.69% (0.426894), val_f1: 40.04% (0.400409), test_acc: 41.28% (0.412801), test_f1: 38.50% (0.385040)
Epoch 51 completed in 41.24 seconds (0.69 minutes)
>>>>>>>>>>>>>>>>>>>>>>>>>>>>>>>>>>>>>>>>>>>>>>>>>>>>>>>>>>>>>>>>>>>>>>>>>>>>>>>>>>>>>>>>>>>>>>>>>>>>
epoch: 52
Batch 0 completed in 0.26 seconds (0.00 minutes)
loss: 0.478284, val_acc: 43.04% (0.430417), val_f1: 38.78% (0.387808), test_acc: 41.81% (0.418086), test_f1: 37.76% (0.377592)
Batch 60 completed in 0.26 seconds (0.00 minutes)
loss: 0.574671, val_acc: 42.16% (0.421609), val_f1: 39.63% (0.396270), test_acc: 40.34% (0.403406), test_f1: 38.17% (0.381737)
Epoch 52 completed in 40.83 seconds (0.68 minutes)
>>>>>>>>>>>>>>>>>>>>>>>>>>>>>>>>>>>>>>>>>>>>>>>>>>>>>>>>>>>>>>>>>>>>>>>>>>>>>>>>>>>>>>>>>>>>>>>>>>>>
epoch: 53
Batch 0 completed in 0.26 seconds (0.00 minutes)
loss: 0.457763, val_acc: 40.34% (0.403406), val_f1: 39.05% (0.390467), test_acc: 38.64% (0.386377), test_f1: 37.52% (0.375189)
Batch 60 completed in 0.26 seconds (0.00 minutes)
loss: 0.451669, val_acc: 43.63% (0.436289), val_f1: 40.51% (0.405149), test_acc: 40.99% (0.409865), test_f1: 37.52% (0.375189)
Epoch 53 completed in 41.56 seconds (0.69 minutes)
>>>>>>>>>>>>>>>>>>>>>>>>>>>>>>>>>>>>>>>>>>>>>>>>>>>>>>>>>>>>>>>>>>>>>>>>>>>>>>>>>>>>>>>>>>>>>>>>>>>>
epoch: 54
Batch 0 completed in 0.26 seconds (0.00 minutes)
loss: 0.423439, val_acc: 42.10% (0.421022), val_f1: 40.59% (0.405898), test_acc: 39.87% (0.398708), test_f1: 38.41% (0.384067)
Batch 60 completed in 0.26 seconds (0.00 minutes)
loss: 0.513423, val_acc: 40.87% (0.408691), val_f1: 38.76% (0.387637), test_acc: 39.69% (0.396947), test_f1: 37.88% (0.378772)
Epoch 54 completed in 40.39 seconds (0.67 minutes)
>>>>>>>>>>>>>>>>>>>>>>>>>>>>>>>>>>>>>>>>>>>>>>>>>>>>>>>>>>>>>>>>>>>>>>>>>>>>>>>>>>>>>>>>>>>>>>>>>>>>
epoch: 55
Batch 0 completed in 0.26 seconds (0.00 minutes)
loss: 0.364856, val_acc: 43.81% (0.438050), val_f1: 41.42% (0.414216), test_acc: 41.51% (0.415150), test_f1: 38.77% (0.387744)
Batch 60 completed in 0.26 seconds (0.00 minutes)
loss: 0.361644, val_acc: 44.45% (0.444510), val_f1: 38.76% (0.387576), test_acc: 44.39% (0.443922), test_f1: 38.44% (0.384388)
Epoch 55 completed in 41.31 seconds (0.69 minutes)
>>>>>>>>>>>>>>>>>>>>>>>>>>>>>>>>>>>>>>>>>>>>>>>>>>>>>>>>>>>>>>>>>>>>>>>>>>>>>>>>>>>>>>>>>>>>>>>>>>>>
epoch: 56
Batch 0 completed in 0.26 seconds (0.00 minutes)
loss: 0.505929, val_acc: 40.69% (0.406929), val_f1: 38.96% (0.389606), test_acc: 38.46% (0.384615), test_f1: 36.56% (0.365561)
Batch 60 completed in 0.26 seconds (0.00 minutes)
loss: 0.515249, val_acc: 42.16% (0.421609), val_f1: 39.99% (0.399865), test_acc: 40.52% (0.405167), test_f1: 37.81% (0.378091)
Epoch 56 completed in 41.02 seconds (0.68 minutes)
>>>>>>>>>>>>>>>>>>>>>>>>>>>>>>>>>>>>>>>>>>>>>>>>>>>>>>>>>>>>>>>>>>>>>>>>>>>>>>>>>>>>>>>>>>>>>>>>>>>>
epoch: 57
Batch 0 completed in 0.26 seconds (0.00 minutes)
loss: 0.429011, val_acc: 43.75% (0.437463), val_f1: 40.48% (0.404815), test_acc: 41.22% (0.412214), test_f1: 37.90% (0.379045)
Batch 60 completed in 0.26 seconds (0.00 minutes)
loss: 0.546683, val_acc: 42.51% (0.425132), val_f1: 40.52% (0.405155), test_acc: 40.40% (0.403993), test_f1: 38.69% (0.386926)
Epoch 57 completed in 40.76 seconds (0.68 minutes)
>>>>>>>>>>>>>>>>>>>>>>>>>>>>>>>>>>>>>>>>>>>>>>>>>>>>>>>>>>>>>>>>>>>>>>>>>>>>>>>>>>>>>>>>>>>>>>>>>>>>
epoch: 58
Batch 0 completed in 0.26 seconds (0.00 minutes)
loss: 0.455464, val_acc: 42.04% (0.420435), val_f1: 40.05% (0.400476), test_acc: 39.64% (0.396359), test_f1: 37.81% (0.378079)
Batch 60 completed in 0.26 seconds (0.00 minutes)
loss: 0.484782, val_acc: 43.98% (0.439812), val_f1: 39.51% (0.395061), test_acc: 42.16% (0.421609), test_f1: 37.70% (0.376979)
Epoch 58 completed in 41.35 seconds (0.69 minutes)
>>>>>>>>>>>>>>>>>>>>>>>>>>>>>>>>>>>>>>>>>>>>>>>>>>>>>>>>>>>>>>>>>>>>>>>>>>>>>>>>>>>>>>>>>>>>>>>>>>>>
epoch: 59
Batch 0 completed in 0.26 seconds (0.00 minutes)
loss: 0.377505, val_acc: 43.22% (0.432179), val_f1: 40.04% (0.400398), test_acc: 41.05% (0.410452), test_f1: 38.06% (0.380564)
Batch 60 completed in 0.26 seconds (0.00 minutes)
loss: 0.442121, val_acc: 44.57% (0.445684), val_f1: 39.87% (0.398700), test_acc: 42.63% (0.426307), test_f1: 37.69% (0.376871)
Epoch 59 completed in 40.69 seconds (0.68 minutes)
>>>>>>>>>>>>>>>>>>>>>>>>>>>>>>>>>>>>>>>>>>>>>>>>>>>>>>>>>>>>>>>>>>>>>>>>>>>>>>>>>>>>>>>>>>>>>>>>>>>>
epoch: 60
Batch 0 completed in 0.26 seconds (0.00 minutes)
loss: 0.470565, val_acc: 41.57% (0.415737), val_f1: 39.79% (0.397919), test_acc: 39.28% (0.392836), test_f1: 37.47% (0.374683)
Batch 60 completed in 0.26 seconds (0.00 minutes)
loss: 0.518045, val_acc: 42.92% (0.429243), val_f1: 39.06% (0.390629), test_acc: 42.98% (0.429830), test_f1: 38.87% (0.388678)
Epoch 60 completed in 41.43 seconds (0.69 minutes)
>>>>>>>>>>>>>>>>>>>>>>>>>>>>>>>>>>>>>>>>>>>>>>>>>>>>>>>>>>>>>>>>>>>>>>>>>>>>>>>>>>>>>>>>>>>>>>>>>>>>
epoch: 61
Batch 0 completed in 0.26 seconds (0.00 minutes)
loss: 0.418268, val_acc: 43.51% (0.435115), val_f1: 40.84% (0.408380), test_acc: 40.58% (0.405755), test_f1: 37.93% (0.379252)
Batch 60 completed in 0.26 seconds (0.00 minutes)
loss: 0.492654, val_acc: 42.57% (0.425719), val_f1: 39.53% (0.395272), test_acc: 40.52% (0.405167), test_f1: 37.45% (0.374476)
Epoch 61 completed in 40.56 seconds (0.68 minutes)
>>>>>>>>>>>>>>>>>>>>>>>>>>>>>>>>>>>>>>>>>>>>>>>>>>>>>>>>>>>>>>>>>>>>>>>>>>>>>>>>>>>>>>>>>>>>>>>>>>>>
epoch: 62
Batch 0 completed in 0.26 seconds (0.00 minutes)
loss: 0.460505, val_acc: 45.10% (0.450969), val_f1: 39.49% (0.394901), test_acc: 43.16% (0.431591), test_f1: 37.80% (0.377994)
Batch 60 completed in 0.26 seconds (0.00 minutes)
loss: 0.411920, val_acc: 42.92% (0.429243), val_f1: 40.95% (0.409500), test_acc: 41.40% (0.413975), test_f1: 39.47% (0.394742)
Epoch 62 completed in 41.13 seconds (0.69 minutes)
>>>>>>>>>>>>>>>>>>>>>>>>>>>>>>>>>>>>>>>>>>>>>>>>>>>>>>>>>>>>>>>>>>>>>>>>>>>>>>>>>>>>>>>>>>>>>>>>>>>>
epoch: 63
Batch 0 completed in 0.26 seconds (0.00 minutes)
loss: 0.367497, val_acc: 43.69% (0.436876), val_f1: 38.30% (0.382957), test_acc: 43.86% (0.438638), test_f1: 38.44% (0.384362)
Batch 60 completed in 0.26 seconds (0.00 minutes)
loss: 0.423062, val_acc: 41.40% (0.413975), val_f1: 39.61% (0.396076), test_acc: 40.11% (0.401057), test_f1: 38.36% (0.383627)
Epoch 63 completed in 41.35 seconds (0.69 minutes)
>>>>>>>>>>>>>>>>>>>>>>>>>>>>>>>>>>>>>>>>>>>>>>>>>>>>>>>>>>>>>>>>>>>>>>>>>>>>>>>>>>>>>>>>>>>>>>>>>>>>
epoch: 64
Batch 0 completed in 0.26 seconds (0.00 minutes)
loss: 0.345546, val_acc: 42.69% (0.426894), val_f1: 39.98% (0.399821), test_acc: 40.81% (0.408103), test_f1: 38.08% (0.380785)
Batch 60 completed in 0.26 seconds (0.00 minutes)
loss: 0.491888, val_acc: 42.98% (0.429830), val_f1: 38.93% (0.389315), test_acc: 42.16% (0.421609), test_f1: 38.24% (0.382356)
Epoch 64 completed in 40.60 seconds (0.68 minutes)
>>>>>>>>>>>>>>>>>>>>>>>>>>>>>>>>>>>>>>>>>>>>>>>>>>>>>>>>>>>>>>>>>>>>>>>>>>>>>>>>>>>>>>>>>>>>>>>>>>>>
epoch: 65
Batch 0 completed in 0.26 seconds (0.00 minutes)
loss: 0.383610, val_acc: 42.34% (0.423371), val_f1: 40.50% (0.405020), test_acc: 39.81% (0.398121), test_f1: 37.75% (0.377471)
Batch 60 completed in 0.26 seconds (0.00 minutes)
loss: 0.383389, val_acc: 41.16% (0.411627), val_f1: 40.06% (0.400607), test_acc: 37.99% (0.379918), test_f1: 36.93% (0.369262)
Epoch 65 completed in 41.51 seconds (0.69 minutes)
>>>>>>>>>>>>>>>>>>>>>>>>>>>>>>>>>>>>>>>>>>>>>>>>>>>>>>>>>>>>>>>>>>>>>>>>>>>>>>>>>>>>>>>>>>>>>>>>>>>>
epoch: 66
Batch 0 completed in 0.26 seconds (0.00 minutes)
loss: 0.332438, val_acc: 39.87% (0.398708), val_f1: 38.71% (0.387136), test_acc: 36.23% (0.362302), test_f1: 35.56% (0.355579)
Batch 60 completed in 0.26 seconds (0.00 minutes)
loss: 0.439819, val_acc: 43.81% (0.438050), val_f1: 40.25% (0.402457), test_acc: 41.87% (0.418673), test_f1: 38.32% (0.383219)
Epoch 66 completed in 40.74 seconds (0.68 minutes)
>>>>>>>>>>>>>>>>>>>>>>>>>>>>>>>>>>>>>>>>>>>>>>>>>>>>>>>>>>>>>>>>>>>>>>>>>>>>>>>>>>>>>>>>>>>>>>>>>>>>
epoch: 67
Batch 0 completed in 0.26 seconds (0.00 minutes)
loss: 0.322292, val_acc: 43.57% (0.435702), val_f1: 40.23% (0.402312), test_acc: 42.34% (0.423371), test_f1: 38.76% (0.387559)
Batch 60 completed in 0.26 seconds (0.00 minutes)
loss: 0.359426, val_acc: 41.10% (0.411039), val_f1: 38.60% (0.386017), test_acc: 42.10% (0.421022), test_f1: 39.57% (0.395706)
Epoch 67 completed in 41.22 seconds (0.69 minutes)
>>>>>>>>>>>>>>>>>>>>>>>>>>>>>>>>>>>>>>>>>>>>>>>>>>>>>>>>>>>>>>>>>>>>>>>>>>>>>>>>>>>>>>>>>>>>>>>>>>>>
epoch: 68
Batch 0 completed in 0.26 seconds (0.00 minutes)
loss: 0.392172, val_acc: 40.46% (0.404580), val_f1: 39.00% (0.389953), test_acc: 39.40% (0.394011), test_f1: 38.14% (0.381413)
Batch 60 completed in 0.26 seconds (0.00 minutes)
loss: 0.427640, val_acc: 41.63% (0.416324), val_f1: 39.31% (0.393135), test_acc: 40.22% (0.402231), test_f1: 37.79% (0.377912)
Epoch 68 completed in 40.95 seconds (0.68 minutes)
>>>>>>>>>>>>>>>>>>>>>>>>>>>>>>>>>>>>>>>>>>>>>>>>>>>>>>>>>>>>>>>>>>>>>>>>>>>>>>>>>>>>>>>>>>>>>>>>>>>>
epoch: 69
[DEBUG] Sample predictions in evaluate:  tensor([2, 2, 1, 2, 2, 0, 1, 0, 2, 0], device='cuda:0')
Batch 0 completed in 0.26 seconds (0.00 minutes)
loss: 0.385668, val_acc: 43.16% (0.431591), val_f1: 37.92% (0.379221), test_acc: 41.16% (0.411627), test_f1: 36.73% (0.367250)
Batch 60 completed in 0.26 seconds (0.00 minutes)
loss: 0.546501, val_acc: 42.10% (0.421022), val_f1: 39.69% (0.396930), test_acc: 40.34% (0.403406), test_f1: 37.94% (0.379411)
Epoch 69 completed in 40.97 seconds (0.68 minutes)
RESULT: Max Val F1: 0.426901, Max Test F1: 0.414161
Training complete. Generating confusion matrix on the test set.
Confusion matrix saved to /home/rgg2706/Multimodal-Sentiment-Analysis/Logs/SIMPLE-F2/2025-02-13/sub-3/012_Feb-13-2025_04:48_PM/confusion_matrix.png
Reading TensorBoard loss at each epoch:
Available tags: {'images': [], 'audio': [], 'histograms': [], 'scalars': ['Loss/train_batch', 'Loss/val_log_step', 'Loss/train_epoch', 'Loss/val_epoch'], 'distributions': [], 'tensors': [], 'graph': False, 'meta_graph': False, 'run_metadata': []}
Output File: /home/rgg2706/Multimodal-Sentiment-Analysis/Logs/SIMPLE-F2/2025-02-13/sub-3/012_Feb-13-2025_04:48_PM/trainval_loss_curves.png
Training and validation loss curves saved to /home/rgg2706/Multimodal-Sentiment-Analysis/Logs/SIMPLE-F2/2025-02-13/sub-3/012_Feb-13-2025_04:48_PM/trainval_loss_curves.png
Total Completion Time: 51.52 minutes. (0.86 hours) 
