SLURM Job ID: 20077740
The first version with resnset
Model: MOASC4
Dataset: MOA-MVSA-single
directory /home/rgg2706/Multimodal-Sentiment-Analysis/Datasets/MOA-MVSA-single exists
directory /home/rgg2706/Multimodal-Sentiment-Analysis/Datasets/MOA-MVSA-multiple exists
directory /home/rgg2706/Multimodal-Sentiment-Analysis/Models/MOASC4/SaveFiles/SentimentClassifier exists
37
Loading dataset from: /home/rgg2706/Multimodal-Sentiment-Analysis/Datasets/MOA-MVSA-single
/home/rgg2706/Multimodal-Sentiment-Analysis/Datasets/MOA-MVSA-single/text
/home/rgg2706/Multimodal-Sentiment-Analysis/Datasets/MOA-MVSA-single/image
[DEBUG] Now in dataset directory for labels: /home/rgg2706/Multimodal-Sentiment-Analysis/Datasets/MOA-MVSA-single
[DEBUG] About to read labels from: /home/rgg2706/Multimodal-Sentiment-Analysis/Datasets/MOA-MVSA-single/labels.csv
Dataset directory is: /home/rgg2706/Multimodal-Sentiment-Analysis/Datasets/MOA-MVSA-single
Files in dataset directory: ['labels.csv', 'text', 'image']
   ID  text  image
0   1     2      1
1   2     2      1
2   3     2      1
3   4     1      1
4   5     1      1
5   6     1      1
6   7     1      1
7   8     2      1
8   9     1      1
9  10     0      0

[DEBUG] First 5 training texts:
    ID: 3 | Overall sentiment: 1 | Text:  polynminion  the moment  i found my favourite tv character. profoundlove 
    ID: 4 | Overall sentiment: 1 | Text: esco  we have a young and energetic team and we pride ourselves on offering the highes hoer 
    ID: 5 | Overall sentiment: 1 | Text:  chrisashaffer  went to  ssc today to be a movie star to rep for the  deaf and got to meet an energetic great guy  mark  white! 
    ID: 6 | Overall sentiment: 1 | Text:  babeshawnmendes that was really energetic 
    ID: 7 | Overall sentiment: 1 | Text:  deepikapadukone  to my most hard workingfun loving and energetic team.. thank you and  i love you! 
Train samples: 3653
Validation samples: 406
Test samples: 452
Total samples: 4511
Train label distribution: Negative=1094, Positive=2184, Neutral=375
Val   label distribution: Negative=133, Positive=227, Neutral=46
Test  label distribution: Negative=131, Positive=272, Neutral=49
Overall label distribution: Negative=1358, Positive=2683, Neutral=470
    Iteration 20 of epoch 1 completed. Loss : 1.098175048828125 Accuracy : 31.25
    Iteration 40 of epoch 1 completed. Loss : 1.0895612239837646 Accuracy : 37.50
    Iteration 60 of epoch 1 completed. Loss : 1.095603346824646 Accuracy : 31.25
    Iteration 80 of epoch 1 completed. Loss : 1.081859827041626 Accuracy : 50.00
    Iteration 100 of epoch 1 completed. Loss : 1.0916838645935059 Accuracy : 56.25
Best validation accuracy improved from 0.0 to 0.6304632867132867
Epoch 1 completed. Test dataset:
	 Loss: 1.0550
	 Accuracy : 59.58
	 Average recall: 0.3981
	 F1_PN: 0.5542
	 Macro-F1: 0.3695
	 Weighted-F1: 0.5607

Best test accuracy improved from 0.0 to 0.5958333333333333, saving model...
    Iteration 20 of epoch 2 completed. Loss : 1.0719596147537231 Accuracy : 62.50
    Iteration 40 of epoch 2 completed. Loss : 0.9570043683052063 Accuracy : 81.25
    Iteration 60 of epoch 2 completed. Loss : 0.9427473545074463 Accuracy : 65.62
    Iteration 80 of epoch 2 completed. Loss : 0.9187337160110474 Accuracy : 62.50
    Iteration 100 of epoch 2 completed. Loss : 0.9475191235542297 Accuracy : 68.75
Epoch 2 completed. Test dataset:
	 Loss: 0.9889
	 Accuracy : 52.08
	 Average recall: 0.5310
	 F1_PN: 0.5449
	 Macro-F1: 0.4580
	 Weighted-F1: 0.5526

    Iteration 20 of epoch 3 completed. Loss : 0.8042280077934265 Accuracy : 71.88
    Iteration 40 of epoch 3 completed. Loss : 0.6687967777252197 Accuracy : 87.50
    Iteration 60 of epoch 3 completed. Loss : 0.8345204591751099 Accuracy : 62.50
    Iteration 80 of epoch 3 completed. Loss : 0.8453953266143799 Accuracy : 71.88
    Iteration 100 of epoch 3 completed. Loss : 0.9444490075111389 Accuracy : 75.00
Best validation accuracy improved from 0.6304632867132867 to 0.6322115384615384
Epoch 3 completed. Test dataset:
	 Loss: 0.9465
	 Accuracy : 58.96
	 Average recall: 0.5233
	 F1_PN: 0.5992
	 Macro-F1: 0.4912
	 Weighted-F1: 0.6092

    Iteration 20 of epoch 4 completed. Loss : 0.6747533082962036 Accuracy : 81.25
    Iteration 40 of epoch 4 completed. Loss : 0.741180956363678 Accuracy : 87.50
    Iteration 60 of epoch 4 completed. Loss : 0.6490138173103333 Accuracy : 90.62
    Iteration 80 of epoch 4 completed. Loss : 0.7672014832496643 Accuracy : 78.12
    Iteration 100 of epoch 4 completed. Loss : 0.8582916259765625 Accuracy : 75.00
Best validation accuracy improved from 0.6322115384615384 to 0.6634615384615384
Epoch 4 completed. Test dataset:
	 Loss: 0.9163
	 Accuracy : 61.88
	 Average recall: 0.4963
	 F1_PN: 0.6136
	 Macro-F1: 0.4788
	 Weighted-F1: 0.6251

Best test accuracy improved from 0.5958333333333333 to 0.61875, saving model...
    Iteration 20 of epoch 5 completed. Loss : 0.5586407780647278 Accuracy : 100.00
    Iteration 40 of epoch 5 completed. Loss : 0.6749985218048096 Accuracy : 93.75
    Iteration 60 of epoch 5 completed. Loss : 0.5978566408157349 Accuracy : 96.88
    Iteration 80 of epoch 5 completed. Loss : 0.7118035554885864 Accuracy : 84.38
    Iteration 100 of epoch 5 completed. Loss : 0.7430940270423889 Accuracy : 87.50
Best validation accuracy improved from 0.6634615384615384 to 0.7073863636363635
Epoch 5 completed. Test dataset:
	 Loss: 0.8847
	 Accuracy : 65.83
	 Average recall: 0.4825
	 F1_PN: 0.6402
	 Macro-F1: 0.4600
	 Weighted-F1: 0.6375

Best test accuracy improved from 0.61875 to 0.6583333333333333, saving model...
    Iteration 20 of epoch 6 completed. Loss : 0.5794422030448914 Accuracy : 93.75
    Iteration 40 of epoch 6 completed. Loss : 0.6638929843902588 Accuracy : 96.88
    Iteration 60 of epoch 6 completed. Loss : 0.6125407218933105 Accuracy : 96.88
    Iteration 80 of epoch 6 completed. Loss : 0.6845303773880005 Accuracy : 90.62
    Iteration 100 of epoch 6 completed. Loss : 0.6743944883346558 Accuracy : 87.50
Epoch 6 completed. Test dataset:
	 Loss: 0.8828
	 Accuracy : 66.25
	 Average recall: 0.5077
	 F1_PN: 0.6424
	 Macro-F1: 0.4953
	 Weighted-F1: 0.6492

Best test accuracy improved from 0.6583333333333333 to 0.6625, saving model...
    Iteration 20 of epoch 7 completed. Loss : 0.5822238922119141 Accuracy : 93.75
    Iteration 40 of epoch 7 completed. Loss : 0.5522251725196838 Accuracy : 100.00
    Iteration 60 of epoch 7 completed. Loss : 0.5850066542625427 Accuracy : 96.88
    Iteration 80 of epoch 7 completed. Loss : 0.7069864869117737 Accuracy : 87.50
    Iteration 100 of epoch 7 completed. Loss : 0.6759008765220642 Accuracy : 84.38
Epoch 7 completed. Test dataset:
	 Loss: 0.8944
	 Accuracy : 65.00
	 Average recall: 0.4858
	 F1_PN: 0.6303
	 Macro-F1: 0.4661
	 Weighted-F1: 0.6347

    Iteration 20 of epoch 8 completed. Loss : 0.5655860900878906 Accuracy : 96.88
    Iteration 40 of epoch 8 completed. Loss : 0.5515829920768738 Accuracy : 100.00
    Iteration 60 of epoch 8 completed. Loss : 0.5890194177627563 Accuracy : 96.88
    Iteration 80 of epoch 8 completed. Loss : 0.7043682336807251 Accuracy : 90.62
    Iteration 100 of epoch 8 completed. Loss : 0.6159688234329224 Accuracy : 96.88
Epoch 8 completed. Test dataset:
	 Loss: 0.8956
	 Accuracy : 65.21
	 Average recall: 0.4919
	 F1_PN: 0.6412
	 Macro-F1: 0.4704
	 Weighted-F1: 0.6402

    Iteration 20 of epoch 9 completed. Loss : 0.5706430673599243 Accuracy : 96.88
    Iteration 40 of epoch 9 completed. Loss : 0.5515299439430237 Accuracy : 100.00
    Iteration 60 of epoch 9 completed. Loss : 0.6037059426307678 Accuracy : 96.88
    Iteration 80 of epoch 9 completed. Loss : 0.6976063251495361 Accuracy : 87.50
    Iteration 100 of epoch 9 completed. Loss : 0.6143674254417419 Accuracy : 96.88
Epoch 9 completed. Test dataset:
	 Loss: 0.8972
	 Accuracy : 64.38
	 Average recall: 0.4820
	 F1_PN: 0.6305
	 Macro-F1: 0.4617
	 Weighted-F1: 0.6320

    Iteration 20 of epoch 10 completed. Loss : 0.5563638806343079 Accuracy : 100.00
    Iteration 40 of epoch 10 completed. Loss : 0.5517275929450989 Accuracy : 100.00
    Iteration 60 of epoch 10 completed. Loss : 0.574790358543396 Accuracy : 96.88
    Iteration 80 of epoch 10 completed. Loss : 0.6709478497505188 Accuracy : 90.62
    Iteration 100 of epoch 10 completed. Loss : 0.6141116619110107 Accuracy : 96.88
Epoch 10 completed. Test dataset:
	 Loss: 0.8972
	 Accuracy : 64.58
	 Average recall: 0.4828
	 F1_PN: 0.6305
	 Macro-F1: 0.4617
	 Weighted-F1: 0.6314

    Iteration 20 of epoch 11 completed. Loss : 0.5664854645729065 Accuracy : 96.88
    Iteration 40 of epoch 11 completed. Loss : 0.5516787171363831 Accuracy : 100.00
    Iteration 60 of epoch 11 completed. Loss : 0.5747676491737366 Accuracy : 96.88
    Iteration 80 of epoch 11 completed. Loss : 0.6711835861206055 Accuracy : 90.62
    Iteration 100 of epoch 11 completed. Loss : 0.6066848635673523 Accuracy : 96.88
Epoch 11 completed. Test dataset:
	 Loss: 0.8972
	 Accuracy : 64.79
	 Average recall: 0.4839
	 F1_PN: 0.6322
	 Macro-F1: 0.4628
	 Weighted-F1: 0.6330

    Iteration 20 of epoch 12 completed. Loss : 0.5676974058151245 Accuracy : 96.88
    Iteration 40 of epoch 12 completed. Loss : 0.5527376532554626 Accuracy : 100.00
    Iteration 60 of epoch 12 completed. Loss : 0.558897078037262 Accuracy : 100.00
    Iteration 80 of epoch 12 completed. Loss : 0.664742112159729 Accuracy : 93.75
    Iteration 100 of epoch 12 completed. Loss : 0.613987147808075 Accuracy : 96.88
Epoch 12 completed. Test dataset:
	 Loss: 0.8972
	 Accuracy : 64.79
	 Average recall: 0.4839
	 F1_PN: 0.6322
	 Macro-F1: 0.4628
	 Weighted-F1: 0.6330

    Iteration 20 of epoch 13 completed. Loss : 0.5603219866752625 Accuracy : 100.00
    Iteration 40 of epoch 13 completed. Loss : 0.551487147808075 Accuracy : 100.00
    Iteration 60 of epoch 13 completed. Loss : 0.5793100595474243 Accuracy : 96.88
    Iteration 80 of epoch 13 completed. Loss : 0.6587848663330078 Accuracy : 93.75
    Iteration 100 of epoch 13 completed. Loss : 0.6113104820251465 Accuracy : 93.75
Epoch 13 completed. Test dataset:
	 Loss: 0.8972
	 Accuracy : 64.79
	 Average recall: 0.4839
	 F1_PN: 0.6322
	 Macro-F1: 0.4628
	 Weighted-F1: 0.6330

    Iteration 20 of epoch 14 completed. Loss : 0.5694906711578369 Accuracy : 96.88
    Iteration 40 of epoch 14 completed. Loss : 0.5514829158782959 Accuracy : 100.00
    Iteration 60 of epoch 14 completed. Loss : 0.5771497488021851 Accuracy : 96.88
    Iteration 80 of epoch 14 completed. Loss : 0.6861096024513245 Accuracy : 90.62
    Iteration 100 of epoch 14 completed. Loss : 0.6070863008499146 Accuracy : 96.88
Epoch 14 completed. Test dataset:
	 Loss: 0.8972
	 Accuracy : 64.79
	 Average recall: 0.4839
	 F1_PN: 0.6322
	 Macro-F1: 0.4628
	 Weighted-F1: 0.6330

    Iteration 20 of epoch 15 completed. Loss : 0.5547736287117004 Accuracy : 100.00
    Iteration 40 of epoch 15 completed. Loss : 0.5515576601028442 Accuracy : 100.00
    Iteration 60 of epoch 15 completed. Loss : 0.5679193735122681 Accuracy : 96.88
    Iteration 80 of epoch 15 completed. Loss : 0.681321382522583 Accuracy : 90.62
    Iteration 100 of epoch 15 completed. Loss : 0.599738359451294 Accuracy : 96.88
Epoch 15 completed. Test dataset:
	 Loss: 0.8972
	 Accuracy : 64.79
	 Average recall: 0.4839
	 F1_PN: 0.6322
	 Macro-F1: 0.4628
	 Weighted-F1: 0.6330

Train/val/test loss curve saved to /home/rgg2706/Multimodal-Sentiment-Analysis/Logs/MOASC4/2025-03-20/sub-5/027_Mar-20-2025_08:34_PM/train_val_test_loss_curve.png
Confusion matrix saved to /home/rgg2706/Multimodal-Sentiment-Analysis/Logs/MOASC4/2025-03-20/sub-5/027_Mar-20-2025_08:34_PM/confusion_matrix.png
