SLURM Job ID: 20077691
The first version with resnset
Model: MOASC4
Dataset: MOA-MVSA-single
directory /home/rgg2706/Multimodal-Sentiment-Analysis/Datasets/MOA-MVSA-single exists
directory /home/rgg2706/Multimodal-Sentiment-Analysis/Datasets/MOA-MVSA-multiple exists
directory /home/rgg2706/Multimodal-Sentiment-Analysis/Models/MOASC4/SaveFiles/SentimentClassifier exists
4
Loading dataset from: /home/rgg2706/Multimodal-Sentiment-Analysis/Datasets/MOA-MVSA-single
/home/rgg2706/Multimodal-Sentiment-Analysis/Datasets/MOA-MVSA-single/text
/home/rgg2706/Multimodal-Sentiment-Analysis/Datasets/MOA-MVSA-single/image
[DEBUG] Now in dataset directory for labels: /home/rgg2706/Multimodal-Sentiment-Analysis/Datasets/MOA-MVSA-single
[DEBUG] About to read labels from: /home/rgg2706/Multimodal-Sentiment-Analysis/Datasets/MOA-MVSA-single/labels.csv
Dataset directory is: /home/rgg2706/Multimodal-Sentiment-Analysis/Datasets/MOA-MVSA-single
Files in dataset directory: ['labels.csv', 'text', 'image']
   ID  text  image
0   1     2      1
1   2     2      1
2   3     2      1
3   4     1      1
4   5     1      1
5   6     1      1
6   7     1      1
7   8     2      1
8   9     1      1
9  10     0      0

[DEBUG] First 5 training texts:
    ID: 1 | Overall sentiment: 1 | Text: how  i feel today legday jelly aching gym 
    ID: 2 | Overall sentiment: 1 | Text: grattis min griskulting!!?? va bara tvungen oki s? sch ? ingenkommerattrodig pig happybday wow lovely cut 
    ID: 3 | Overall sentiment: 1 | Text:  polynminion  the moment  i found my favourite tv character. profoundlove 
    ID: 4 | Overall sentiment: 1 | Text: esco  we have a young and energetic team and we pride ourselves on offering the highes hoer 
    ID: 5 | Overall sentiment: 1 | Text:  chrisashaffer  went to  ssc today to be a movie star to rep for the  deaf and got to meet an energetic great guy  mark  white! 
Train samples: 3653
Validation samples: 406
Test samples: 452
Total samples: 4511
Train label distribution: Negative=1096, Positive=2163, Neutral=394
Val   label distribution: Negative=122, Positive=253, Neutral=31
Test  label distribution: Negative=140, Positive=267, Neutral=45
Overall label distribution: Negative=1358, Positive=2683, Neutral=470
    Iteration 20 of epoch 1 completed. Loss : 1.1045397520065308 Accuracy : 56.25
    Iteration 40 of epoch 1 completed. Loss : 1.091387152671814 Accuracy : 37.50
    Iteration 60 of epoch 1 completed. Loss : 1.0948235988616943 Accuracy : 40.62
    Iteration 80 of epoch 1 completed. Loss : 1.0745631456375122 Accuracy : 56.25
    Iteration 100 of epoch 1 completed. Loss : 1.088881254196167 Accuracy : 53.12
Best validation accuracy improved from 0.0 to 0.6309003496503496
Epoch 1 completed. Test dataset:
	 Loss: 1.0491
	 Accuracy : 59.17
	 Average recall: 0.3943
	 F1_PN: 0.5562
	 Macro-F1: 0.3708
	 Weighted-F1: 0.5451

Best test accuracy improved from 0.0 to 0.5916666666666667, saving model...
    Iteration 20 of epoch 2 completed. Loss : 1.075832724571228 Accuracy : 78.12
    Iteration 40 of epoch 2 completed. Loss : 1.0275508165359497 Accuracy : 78.12
    Iteration 60 of epoch 2 completed. Loss : 0.9199318885803223 Accuracy : 59.38
    Iteration 80 of epoch 2 completed. Loss : 0.7735813856124878 Accuracy : 87.50
    Iteration 100 of epoch 2 completed. Loss : 0.99076247215271 Accuracy : 78.12
Best validation accuracy improved from 0.6309003496503496 to 0.6409527972027972
Epoch 2 completed. Test dataset:
	 Loss: 0.9261
	 Accuracy : 60.42
	 Average recall: 0.5113
	 F1_PN: 0.6491
	 Macro-F1: 0.4885
	 Weighted-F1: 0.6172

Best test accuracy improved from 0.5916666666666667 to 0.6041666666666666, saving model...
    Iteration 20 of epoch 3 completed. Loss : 1.0093507766723633 Accuracy : 78.12
    Iteration 40 of epoch 3 completed. Loss : 0.7866060137748718 Accuracy : 84.38
    Iteration 60 of epoch 3 completed. Loss : 0.7218162417411804 Accuracy : 78.12
    Iteration 80 of epoch 3 completed. Loss : 0.9206944108009338 Accuracy : 59.38
    Iteration 100 of epoch 3 completed. Loss : 0.7782884240150452 Accuracy : 81.25
Best validation accuracy improved from 0.6409527972027972 to 0.6746066433566433
Epoch 3 completed. Test dataset:
	 Loss: 0.8824
	 Accuracy : 65.21
	 Average recall: 0.4842
	 F1_PN: 0.6715
	 Macro-F1: 0.4785
	 Weighted-F1: 0.6482

Best test accuracy improved from 0.6041666666666666 to 0.6520833333333333, saving model...
    Iteration 20 of epoch 4 completed. Loss : 0.6800186634063721 Accuracy : 87.50
    Iteration 40 of epoch 4 completed. Loss : 0.6172106266021729 Accuracy : 93.75
    Iteration 60 of epoch 4 completed. Loss : 0.8142305016517639 Accuracy : 81.25
    Iteration 80 of epoch 4 completed. Loss : 0.7354620695114136 Accuracy : 81.25
    Iteration 100 of epoch 4 completed. Loss : 0.7168083190917969 Accuracy : 84.38
Best validation accuracy improved from 0.6746066433566433 to 0.6791958041958043
Epoch 4 completed. Test dataset:
	 Loss: 0.8725
	 Accuracy : 66.46
	 Average recall: 0.5046
	 F1_PN: 0.6759
	 Macro-F1: 0.4918
	 Weighted-F1: 0.6552

Best test accuracy improved from 0.6520833333333333 to 0.6645833333333333, saving model...
    Iteration 20 of epoch 5 completed. Loss : 0.6172454357147217 Accuracy : 96.88
    Iteration 40 of epoch 5 completed. Loss : 0.596052885055542 Accuracy : 96.88
    Iteration 60 of epoch 5 completed. Loss : 0.6143373847007751 Accuracy : 87.50
    Iteration 80 of epoch 5 completed. Loss : 0.6938712000846863 Accuracy : 87.50
    Iteration 100 of epoch 5 completed. Loss : 0.6300081014633179 Accuracy : 93.75
Epoch 5 completed. Test dataset:
	 Loss: 0.8759
	 Accuracy : 66.25
	 Average recall: 0.5025
	 F1_PN: 0.6773
	 Macro-F1: 0.4801
	 Weighted-F1: 0.6479

    Iteration 20 of epoch 6 completed. Loss : 0.5665844678878784 Accuracy : 100.00
    Iteration 40 of epoch 6 completed. Loss : 0.6159069538116455 Accuracy : 96.88
    Iteration 60 of epoch 6 completed. Loss : 0.5991021394729614 Accuracy : 90.62
    Iteration 80 of epoch 6 completed. Loss : 0.7152687311172485 Accuracy : 81.25
    Iteration 100 of epoch 6 completed. Loss : 0.5577830076217651 Accuracy : 100.00
Best validation accuracy improved from 0.6791958041958043 to 0.6872814685314685
Epoch 6 completed. Test dataset:
	 Loss: 0.8835
	 Accuracy : 66.25
	 Average recall: 0.4868
	 F1_PN: 0.6536
	 Macro-F1: 0.4691
	 Weighted-F1: 0.6340

    Iteration 20 of epoch 7 completed. Loss : 0.5544276237487793 Accuracy : 100.00
    Iteration 40 of epoch 7 completed. Loss : 0.5611519813537598 Accuracy : 96.88
    Iteration 60 of epoch 7 completed. Loss : 0.5830127000808716 Accuracy : 93.75
    Iteration 80 of epoch 7 completed. Loss : 0.651417076587677 Accuracy : 93.75
    Iteration 100 of epoch 7 completed. Loss : 0.5563806295394897 Accuracy : 100.00
Epoch 7 completed. Test dataset:
	 Loss: 0.8999
	 Accuracy : 64.79
	 Average recall: 0.4948
	 F1_PN: 0.6584
	 Macro-F1: 0.4871
	 Weighted-F1: 0.6404

    Iteration 20 of epoch 8 completed. Loss : 0.5517098903656006 Accuracy : 100.00
    Iteration 40 of epoch 8 completed. Loss : 0.5520521402359009 Accuracy : 100.00
    Iteration 60 of epoch 8 completed. Loss : 0.5659277439117432 Accuracy : 96.88
    Iteration 80 of epoch 8 completed. Loss : 0.6499795317649841 Accuracy : 93.75
    Iteration 100 of epoch 8 completed. Loss : 0.5530341863632202 Accuracy : 100.00
Epoch 8 completed. Test dataset:
	 Loss: 0.9078
	 Accuracy : 63.12
	 Average recall: 0.4899
	 F1_PN: 0.6524
	 Macro-F1: 0.4672
	 Weighted-F1: 0.6254

    Iteration 20 of epoch 9 completed. Loss : 0.5528494119644165 Accuracy : 100.00
    Iteration 40 of epoch 9 completed. Loss : 0.5610869526863098 Accuracy : 100.00
    Iteration 60 of epoch 9 completed. Loss : 0.5669594407081604 Accuracy : 96.88
    Iteration 80 of epoch 9 completed. Loss : 0.6304935812950134 Accuracy : 93.75
    Iteration 100 of epoch 9 completed. Loss : 0.5543918013572693 Accuracy : 100.00
Best validation accuracy improved from 0.6872814685314685 to 0.6899038461538461
Epoch 9 completed. Test dataset:
	 Loss: 0.9077
	 Accuracy : 61.88
	 Average recall: 0.4648
	 F1_PN: 0.6171
	 Macro-F1: 0.4437
	 Weighted-F1: 0.5969

    Iteration 20 of epoch 10 completed. Loss : 0.5531917810440063 Accuracy : 100.00
    Iteration 40 of epoch 10 completed. Loss : 0.5521149635314941 Accuracy : 100.00
    Iteration 60 of epoch 10 completed. Loss : 0.5672728419303894 Accuracy : 96.88
    Iteration 80 of epoch 10 completed. Loss : 0.6295866370201111 Accuracy : 93.75
    Iteration 100 of epoch 10 completed. Loss : 0.5524028539657593 Accuracy : 100.00
Epoch 10 completed. Test dataset:
	 Loss: 0.9241
	 Accuracy : 61.88
	 Average recall: 0.4591
	 F1_PN: 0.6086
	 Macro-F1: 0.4499
	 Weighted-F1: 0.5968

    Iteration 20 of epoch 11 completed. Loss : 0.552288830280304 Accuracy : 100.00
    Iteration 40 of epoch 11 completed. Loss : 0.5520482063293457 Accuracy : 100.00
    Iteration 60 of epoch 11 completed. Loss : 0.5663634538650513 Accuracy : 96.88
    Iteration 80 of epoch 11 completed. Loss : 0.6004838347434998 Accuracy : 96.88
    Iteration 100 of epoch 11 completed. Loss : 0.5523550510406494 Accuracy : 100.00
Epoch 11 completed. Test dataset:
	 Loss: 0.9243
	 Accuracy : 61.67
	 Average recall: 0.4600
	 F1_PN: 0.6081
	 Macro-F1: 0.4496
	 Weighted-F1: 0.5949

    Iteration 20 of epoch 12 completed. Loss : 0.552236795425415 Accuracy : 100.00
    Iteration 40 of epoch 12 completed. Loss : 0.5519347190856934 Accuracy : 100.00
    Iteration 60 of epoch 12 completed. Loss : 0.5621344447135925 Accuracy : 96.88
    Iteration 80 of epoch 12 completed. Loss : 0.6061556935310364 Accuracy : 96.88
    Iteration 100 of epoch 12 completed. Loss : 0.5521013140678406 Accuracy : 100.00
Epoch 12 completed. Test dataset:
	 Loss: 0.9242
	 Accuracy : 61.67
	 Average recall: 0.4618
	 F1_PN: 0.6098
	 Macro-F1: 0.4507
	 Weighted-F1: 0.5954

    Iteration 20 of epoch 13 completed. Loss : 0.5517884492874146 Accuracy : 100.00
    Iteration 40 of epoch 13 completed. Loss : 0.5571710467338562 Accuracy : 100.00
    Iteration 60 of epoch 13 completed. Loss : 0.5667853951454163 Accuracy : 96.88
    Iteration 80 of epoch 13 completed. Loss : 0.5924009680747986 Accuracy : 96.88
    Iteration 100 of epoch 13 completed. Loss : 0.5517258644104004 Accuracy : 100.00
Epoch 13 completed. Test dataset:
	 Loss: 0.9242
	 Accuracy : 61.46
	 Average recall: 0.4607
	 F1_PN: 0.6077
	 Macro-F1: 0.4493
	 Weighted-F1: 0.5936

    Iteration 20 of epoch 14 completed. Loss : 0.563634991645813 Accuracy : 96.88
    Iteration 40 of epoch 14 completed. Loss : 0.551827609539032 Accuracy : 100.00
    Iteration 60 of epoch 14 completed. Loss : 0.5651358962059021 Accuracy : 96.88
    Iteration 80 of epoch 14 completed. Loss : 0.6022824645042419 Accuracy : 96.88
    Iteration 100 of epoch 14 completed. Loss : 0.5519496202468872 Accuracy : 100.00
Epoch 14 completed. Test dataset:
	 Loss: 0.9242
	 Accuracy : 61.46
	 Average recall: 0.4607
	 F1_PN: 0.6077
	 Macro-F1: 0.4493
	 Weighted-F1: 0.5936

    Iteration 20 of epoch 15 completed. Loss : 0.5542317628860474 Accuracy : 100.00
    Iteration 40 of epoch 15 completed. Loss : 0.5518150925636292 Accuracy : 100.00
    Iteration 60 of epoch 15 completed. Loss : 0.5658606290817261 Accuracy : 96.88
    Iteration 80 of epoch 15 completed. Loss : 0.60140061378479 Accuracy : 96.88
    Iteration 100 of epoch 15 completed. Loss : 0.551822304725647 Accuracy : 100.00
Epoch 15 completed. Test dataset:
	 Loss: 0.9242
	 Accuracy : 61.46
	 Average recall: 0.4607
	 F1_PN: 0.6077
	 Macro-F1: 0.4493
	 Weighted-F1: 0.5936

Train/val/test loss curve saved to /home/rgg2706/Multimodal-Sentiment-Analysis/Logs/MOASC4/2025-03-20/sub-4/004_Mar-20-2025_08:12_PM/train_val_test_loss_curve.png
Confusion matrix saved to /home/rgg2706/Multimodal-Sentiment-Analysis/Logs/MOASC4/2025-03-20/sub-4/004_Mar-20-2025_08:12_PM/confusion_matrix.png
