SLURM Job ID: 20078000
The first version with resnset
Model: MOASC4
Dataset: MOA-MVSA-single
directory /home/rgg2706/Multimodal-Sentiment-Analysis/Datasets/MOA-MVSA-single exists
directory /home/rgg2706/Multimodal-Sentiment-Analysis/Datasets/MOA-MVSA-multiple exists
directory /home/rgg2706/Multimodal-Sentiment-Analysis/Models/MOASC4/SaveFiles/SentimentClassifier exists
100
Loading dataset from: /home/rgg2706/Multimodal-Sentiment-Analysis/Datasets/MOA-MVSA-single
/home/rgg2706/Multimodal-Sentiment-Analysis/Datasets/MOA-MVSA-single/text
/home/rgg2706/Multimodal-Sentiment-Analysis/Datasets/MOA-MVSA-single/image
[DEBUG] Now in dataset directory for labels: /home/rgg2706/Multimodal-Sentiment-Analysis/Datasets/MOA-MVSA-single
[DEBUG] About to read labels from: /home/rgg2706/Multimodal-Sentiment-Analysis/Datasets/MOA-MVSA-single/labels.csv
Dataset directory is: /home/rgg2706/Multimodal-Sentiment-Analysis/Datasets/MOA-MVSA-single
Files in dataset directory: ['labels.csv', 'text', 'image']
   ID  text  image
0   1     2      1
1   2     2      1
2   3     2      1
3   4     1      1
4   5     1      1
5   6     1      1
6   7     1      1
7   8     2      1
8   9     1      1
9  10     0      0

[DEBUG] First 5 training texts:
    ID: 1 | Overall sentiment: 1 | Text: how  i feel today legday jelly aching gym 
    ID: 2 | Overall sentiment: 1 | Text: grattis min griskulting!!?? va bara tvungen oki s? sch ? ingenkommerattrodig pig happybday wow lovely cut 
    ID: 3 | Overall sentiment: 1 | Text:  polynminion  the moment  i found my favourite tv character. profoundlove 
    ID: 4 | Overall sentiment: 1 | Text: esco  we have a young and energetic team and we pride ourselves on offering the highes hoer 
    ID: 5 | Overall sentiment: 1 | Text:  chrisashaffer  went to  ssc today to be a movie star to rep for the  deaf and got to meet an energetic great guy  mark  white! 
Train samples: 3653
Validation samples: 406
Test samples: 452
Total samples: 4511
Train label distribution: Negative=1081, Positive=2195, Neutral=377
Val   label distribution: Negative=118, Positive=244, Neutral=44
Test  label distribution: Negative=159, Positive=244, Neutral=49
Overall label distribution: Negative=1358, Positive=2683, Neutral=470
    Iteration 20 of epoch 1 completed. Loss : 1.0971482992172241 Accuracy : 40.62
    Iteration 40 of epoch 1 completed. Loss : 1.0882444381713867 Accuracy : 50.00
    Iteration 60 of epoch 1 completed. Loss : 1.101505994796753 Accuracy : 43.75
    Iteration 80 of epoch 1 completed. Loss : 1.1006723642349243 Accuracy : 53.12
    Iteration 100 of epoch 1 completed. Loss : 1.097381353378296 Accuracy : 40.62
Best validation accuracy improved from 0.0 to 0.4075611888111888
Epoch 1 completed. Test dataset:
	 Loss: 1.0672
	 Accuracy : 40.62
	 Average recall: 0.3666
	 F1_PN: 0.3671
	 Macro-F1: 0.2447
	 Weighted-F1: 0.3096

Best test accuracy improved from 0.0 to 0.40625, saving model...
    Iteration 20 of epoch 2 completed. Loss : 1.0910309553146362 Accuracy : 62.50
    Iteration 40 of epoch 2 completed. Loss : 1.0794336795806885 Accuracy : 43.75
    Iteration 60 of epoch 2 completed. Loss : 1.0659430027008057 Accuracy : 40.62
    Iteration 80 of epoch 2 completed. Loss : 1.0282801389694214 Accuracy : 68.75
    Iteration 100 of epoch 2 completed. Loss : 1.076703667640686 Accuracy : 75.00
Best validation accuracy improved from 0.4075611888111888 to 0.6413898601398601
Epoch 2 completed. Test dataset:
	 Loss: 0.8759
	 Accuracy : 69.38
	 Average recall: 0.5717
	 F1_PN: 0.6960
	 Macro-F1: 0.5492
	 Weighted-F1: 0.6902

Best test accuracy improved from 0.40625 to 0.69375, saving model...
    Iteration 20 of epoch 3 completed. Loss : 1.082680344581604 Accuracy : 50.00
    Iteration 40 of epoch 3 completed. Loss : 1.051662564277649 Accuracy : 43.75
    Iteration 60 of epoch 3 completed. Loss : 0.9405798316001892 Accuracy : 75.00
    Iteration 80 of epoch 3 completed. Loss : 0.8368692398071289 Accuracy : 62.50
    Iteration 100 of epoch 3 completed. Loss : 0.9345097541809082 Accuracy : 81.25
Best validation accuracy improved from 0.6413898601398601 to 0.6763548951048951
Epoch 3 completed. Test dataset:
	 Loss: 0.8803
	 Accuracy : 67.08
	 Average recall: 0.5058
	 F1_PN: 0.6327
	 Macro-F1: 0.4967
	 Weighted-F1: 0.6544

    Iteration 20 of epoch 4 completed. Loss : 0.9375553131103516 Accuracy : 65.62
    Iteration 40 of epoch 4 completed. Loss : 0.8570062518119812 Accuracy : 59.38
    Iteration 60 of epoch 4 completed. Loss : 0.7183191776275635 Accuracy : 84.38
    Iteration 80 of epoch 4 completed. Loss : 0.674412190914154 Accuracy : 84.38
    Iteration 100 of epoch 4 completed. Loss : 0.7606043219566345 Accuracy : 75.00
Epoch 4 completed. Test dataset:
	 Loss: 0.8737
	 Accuracy : 66.25
	 Average recall: 0.4954
	 F1_PN: 0.6372
	 Macro-F1: 0.4819
	 Weighted-F1: 0.6410

    Iteration 20 of epoch 5 completed. Loss : 0.7877733707427979 Accuracy : 71.88
    Iteration 40 of epoch 5 completed. Loss : 0.7058345675468445 Accuracy : 71.88
    Iteration 60 of epoch 5 completed. Loss : 0.7261770367622375 Accuracy : 81.25
    Iteration 80 of epoch 5 completed. Loss : 0.6433830261230469 Accuracy : 90.62
    Iteration 100 of epoch 5 completed. Loss : 0.6965731382369995 Accuracy : 90.62
Epoch 5 completed. Test dataset:
	 Loss: 0.8628
	 Accuracy : 69.17
	 Average recall: 0.5112
	 F1_PN: 0.6946
	 Macro-F1: 0.4970
	 Weighted-F1: 0.6713

    Iteration 20 of epoch 6 completed. Loss : 0.6548722386360168 Accuracy : 87.50
    Iteration 40 of epoch 6 completed. Loss : 0.6895985007286072 Accuracy : 78.12
    Iteration 60 of epoch 6 completed. Loss : 0.7165412306785583 Accuracy : 84.38
    Iteration 80 of epoch 6 completed. Loss : 0.6567887663841248 Accuracy : 87.50
    Iteration 100 of epoch 6 completed. Loss : 0.6913760900497437 Accuracy : 93.75
Epoch 6 completed. Test dataset:
	 Loss: 0.8636
	 Accuracy : 68.96
	 Average recall: 0.5185
	 F1_PN: 0.6943
	 Macro-F1: 0.5051
	 Weighted-F1: 0.6717

    Iteration 20 of epoch 7 completed. Loss : 0.6677610874176025 Accuracy : 84.38
    Iteration 40 of epoch 7 completed. Loss : 0.6575782895088196 Accuracy : 84.38
    Iteration 60 of epoch 7 completed. Loss : 0.7003887891769409 Accuracy : 87.50
    Iteration 80 of epoch 7 completed. Loss : 0.6455652117729187 Accuracy : 87.50
    Iteration 100 of epoch 7 completed. Loss : 0.6772441267967224 Accuracy : 93.75
Epoch 7 completed. Test dataset:
	 Loss: 0.8606
	 Accuracy : 69.38
	 Average recall: 0.5216
	 F1_PN: 0.6958
	 Macro-F1: 0.5068
	 Weighted-F1: 0.6742

    Iteration 20 of epoch 8 completed. Loss : 0.6288350820541382 Accuracy : 90.62
    Iteration 40 of epoch 8 completed. Loss : 0.6625789403915405 Accuracy : 81.25
    Iteration 60 of epoch 8 completed. Loss : 0.7528538703918457 Accuracy : 81.25
    Iteration 80 of epoch 8 completed. Loss : 0.6397929787635803 Accuracy : 90.62
    Iteration 100 of epoch 8 completed. Loss : 0.7375885844230652 Accuracy : 90.62
Epoch 8 completed. Test dataset:
	 Loss: 0.8605
	 Accuracy : 69.58
	 Average recall: 0.5240
	 F1_PN: 0.6992
	 Macro-F1: 0.5091
	 Weighted-F1: 0.6765

Best test accuracy improved from 0.69375 to 0.6958333333333333, saving model...
    Iteration 20 of epoch 9 completed. Loss : 0.6175777316093445 Accuracy : 90.62
    Iteration 40 of epoch 9 completed. Loss : 0.6546081304550171 Accuracy : 84.38
    Iteration 60 of epoch 9 completed. Loss : 0.7502020001411438 Accuracy : 81.25
    Iteration 80 of epoch 9 completed. Loss : 0.6414281129837036 Accuracy : 90.62
    Iteration 100 of epoch 9 completed. Loss : 0.6719303131103516 Accuracy : 90.62
Epoch 9 completed. Test dataset:
	 Loss: 0.8608
	 Accuracy : 69.58
	 Average recall: 0.5229
	 F1_PN: 0.6980
	 Macro-F1: 0.5083
	 Weighted-F1: 0.6760

    Iteration 20 of epoch 10 completed. Loss : 0.6397623419761658 Accuracy : 90.62
    Iteration 40 of epoch 10 completed. Loss : 0.6599777936935425 Accuracy : 81.25
    Iteration 60 of epoch 10 completed. Loss : 0.6916165351867676 Accuracy : 87.50
    Iteration 80 of epoch 10 completed. Loss : 0.627954363822937 Accuracy : 93.75
    Iteration 100 of epoch 10 completed. Loss : 0.6756157875061035 Accuracy : 93.75
Epoch 10 completed. Test dataset:
	 Loss: 0.8608
	 Accuracy : 69.38
	 Average recall: 0.5216
	 F1_PN: 0.6958
	 Macro-F1: 0.5068
	 Weighted-F1: 0.6742

    Iteration 20 of epoch 11 completed. Loss : 0.6229807138442993 Accuracy : 90.62
    Iteration 40 of epoch 11 completed. Loss : 0.6576386094093323 Accuracy : 84.38
    Iteration 60 of epoch 11 completed. Loss : 0.73117595911026 Accuracy : 81.25
    Iteration 80 of epoch 11 completed. Loss : 0.6408592462539673 Accuracy : 90.62
    Iteration 100 of epoch 11 completed. Loss : 0.6713409423828125 Accuracy : 93.75
Epoch 11 completed. Test dataset:
	 Loss: 0.8609
	 Accuracy : 69.38
	 Average recall: 0.5216
	 F1_PN: 0.6958
	 Macro-F1: 0.5068
	 Weighted-F1: 0.6742

    Iteration 20 of epoch 12 completed. Loss : 0.6159126162528992 Accuracy : 90.62
    Iteration 40 of epoch 12 completed. Loss : 0.6597804427146912 Accuracy : 84.38
    Iteration 60 of epoch 12 completed. Loss : 0.7138831615447998 Accuracy : 84.38
    Iteration 80 of epoch 12 completed. Loss : 0.6350542902946472 Accuracy : 93.75
    Iteration 100 of epoch 12 completed. Loss : 0.6708762049674988 Accuracy : 93.75
Epoch 12 completed. Test dataset:
	 Loss: 0.8609
	 Accuracy : 69.38
	 Average recall: 0.5216
	 F1_PN: 0.6958
	 Macro-F1: 0.5068
	 Weighted-F1: 0.6742

    Iteration 20 of epoch 13 completed. Loss : 0.6210645437240601 Accuracy : 90.62
    Iteration 40 of epoch 13 completed. Loss : 0.6580578684806824 Accuracy : 84.38
    Iteration 60 of epoch 13 completed. Loss : 0.6905686855316162 Accuracy : 87.50
    Iteration 80 of epoch 13 completed. Loss : 0.6357079148292542 Accuracy : 90.62
    Iteration 100 of epoch 13 completed. Loss : 0.6746037006378174 Accuracy : 93.75
Epoch 13 completed. Test dataset:
	 Loss: 0.8609
	 Accuracy : 69.38
	 Average recall: 0.5216
	 F1_PN: 0.6958
	 Macro-F1: 0.5068
	 Weighted-F1: 0.6742

    Iteration 20 of epoch 14 completed. Loss : 0.6184602975845337 Accuracy : 90.62
    Iteration 40 of epoch 14 completed. Loss : 0.6812873482704163 Accuracy : 81.25
    Iteration 60 of epoch 14 completed. Loss : 0.6906928420066833 Accuracy : 87.50
    Iteration 80 of epoch 14 completed. Loss : 0.6342899203300476 Accuracy : 90.62
    Iteration 100 of epoch 14 completed. Loss : 0.6620302200317383 Accuracy : 93.75
Epoch 14 completed. Test dataset:
	 Loss: 0.8609
	 Accuracy : 69.38
	 Average recall: 0.5216
	 F1_PN: 0.6958
	 Macro-F1: 0.5068
	 Weighted-F1: 0.6742

    Iteration 20 of epoch 15 completed. Loss : 0.6249294877052307 Accuracy : 90.62
    Iteration 40 of epoch 15 completed. Loss : 0.6656857132911682 Accuracy : 81.25
    Iteration 60 of epoch 15 completed. Loss : 0.7051119208335876 Accuracy : 84.38
    Iteration 80 of epoch 15 completed. Loss : 0.6501950621604919 Accuracy : 87.50
    Iteration 100 of epoch 15 completed. Loss : 0.6689748167991638 Accuracy : 93.75
Epoch 15 completed. Test dataset:
	 Loss: 0.8609
	 Accuracy : 69.38
	 Average recall: 0.5216
	 F1_PN: 0.6958
	 Macro-F1: 0.5068
	 Weighted-F1: 0.6742

Train/val/test loss curve saved to /home/rgg2706/Multimodal-Sentiment-Analysis/Logs/MOASC4/2025-03-21/sub-1/050_Mar-21-2025_12:07_AM/train_val_test_loss_curve.png
Confusion matrix saved to /home/rgg2706/Multimodal-Sentiment-Analysis/Logs/MOASC4/2025-03-21/sub-1/050_Mar-21-2025_12:07_AM/confusion_matrix.png
