Number of GPUs available: 2
Logs directory: /home/rgg2706/Multimodal-Sentiment-Analysis/Logs/HHMAFM/2024-10-20/sub-5/001_Oct-20-2024_11:55_PM
/home/rgg2706/Multimodal-Sentiment-Analysis/Logs/HHMAFM/2024-10-20/sub-5/001_Oct-20-2024_11:55_PM
> training arguments:
>>> rand_seed: 8
>>> model_name: mmfusion
>>> dataset: mvsa-mts
>>> optimizer: <class 'torch.optim.adam.Adam'>
>>> initializer: <function xavier_uniform_ at 0x7f12abec9b20>
>>> learning_rate: 0.001
>>> dropout_rate: 0.5
>>> num_epoch: 10
>>> batch_size: 128
>>> log_step: 30
>>> max_seq_len: 64
>>> polarities_dim: 3
>>> clip_grad: 5.0
>>> path_image: ./Datasets/MVSA-MTS/images-indexed
>>> crop_size: 224
>>> n_head: 8
>>> roberta_text_feature_dim: 768
>>> roberta_topic_feature_dim: 50
>>> resnet_feature_dim: 2048
>>> densenet_feature_dim: 1024
>>> common_dim: 512
>>> num_classes: 3
>>> model_class: <class 'models.mmfusion.MMFUSION'>
Preparing mvsa-mts dataset...
-------------- Loading Datasets/MVSA-MTS/mvsa-mts/train.tsv ---------------
Time taken to load Datasets/MVSA-MTS/mvsa-mts/train.tsv: 276.50 seconds (4.61 minutes)
The number of problematic samples: 402
-------------- Loading Datasets/MVSA-MTS/mvsa-mts/val.tsv ---------------
Time taken to load Datasets/MVSA-MTS/mvsa-mts/val.tsv: 92.28 seconds (1.54 minutes)
The number of problematic samples: 136
-------------- Loading Datasets/MVSA-MTS/mvsa-mts/test.tsv ---------------
Time taken to load Datasets/MVSA-MTS/mvsa-mts/test.tsv: 88.63 seconds (1.48 minutes)
The number of problematic samples: 142
Total Training Samples: 19600
Number of Training Samples: 11760
Number of Development Samples: 3920
Number of Test Samples: 3920
Number of unique sentiment classes: 3
building model
Using 2 GPUs
n_trainable_params: 43766787, n_nontrainable_params: 0
>>>>>>>>>>>>>>>>>>>>>>>>>>>>>>>>>>>>>>>>>>>>>>>>>>>>>>>>>>>>>>>>>>>>>>>>>>>>>>>>>>>>>>>>>>>>>>>>>>>>
epoch: 0
Batch 0 completed in 4.01 seconds (0.07 minutes)
max_dev_f1: 0, max_test_f1: 0
loss: 1.154149, dev_acc: 52.91% (0.529082), dev_f1: 23.07% (0.230675), test_acc: 53.78% (0.537755), test_f1: 23.31% (0.233134)
Batch 30 completed in 1.29 seconds (0.02 minutes)
max_dev_f1: 0.23067511956400844, max_test_f1: 0.23313426233134263
loss: 0.836173, dev_acc: 52.81% (0.528061), dev_f1: 25.54% (0.255363), test_acc: 53.67% (0.536735), test_f1: 25.04% (0.250402)
Batch 60 completed in 1.29 seconds (0.02 minutes)
max_dev_f1: 0.25536308675533487, max_test_f1: 0.2504017008709444
loss: 0.861596, dev_acc: 53.44% (0.534439), dev_f1: 38.13% (0.381307), test_acc: 55.51% (0.555102), test_f1: 40.79% (0.407916)
Batch 90 completed in 1.33 seconds (0.02 minutes)
max_dev_f1: 0.381306949241643, max_test_f1: 0.4079157774797129
loss: 0.822366, dev_acc: 55.92% (0.559184), dev_f1: 40.58% (0.405805), test_acc: 56.96% (0.569643), test_f1: 41.87% (0.418665)
Epoch 0 completed in 316.29 seconds (5.27 minutes)
>>>>>>>>>>>>>>>>>>>>>>>>>>>>>>>>>>>>>>>>>>>>>>>>>>>>>>>>>>>>>>>>>>>>>>>>>>>>>>>>>>>>>>>>>>>>>>>>>>>>
epoch: 1
Batch 0 completed in 1.25 seconds (0.02 minutes)
loss: 0.827644, dev_acc: 55.89% (0.558929), dev_f1: 35.73% (0.357295), test_acc: 57.09% (0.570918), test_f1: 37.08% (0.370783)
Batch 30 completed in 1.34 seconds (0.02 minutes)
loss: 0.863171, dev_acc: 56.58% (0.565816), dev_f1: 35.07% (0.350699), test_acc: 57.93% (0.579337), test_f1: 35.93% (0.359349)
Batch 60 completed in 1.30 seconds (0.02 minutes)
max_dev_f1: 0.40580536200473044, max_test_f1: 0.4186647011711722
loss: 0.826089, dev_acc: 52.58% (0.525765), dev_f1: 42.29% (0.422903), test_acc: 51.76% (0.517602), test_f1: 41.65% (0.416486)
Batch 90 completed in 1.29 seconds (0.02 minutes)
loss: 0.771631, dev_acc: 57.98% (0.579847), dev_f1: 39.49% (0.394935), test_acc: 59.67% (0.596684), test_f1: 41.50% (0.414952)
Epoch 1 completed in 317.64 seconds (5.29 minutes)
>>>>>>>>>>>>>>>>>>>>>>>>>>>>>>>>>>>>>>>>>>>>>>>>>>>>>>>>>>>>>>>>>>>>>>>>>>>>>>>>>>>>>>>>>>>>>>>>>>>>
epoch: 2
Batch 0 completed in 1.29 seconds (0.02 minutes)
loss: 0.774706, dev_acc: 58.01% (0.580102), dev_f1: 39.50% (0.394960), test_acc: 59.08% (0.590816), test_f1: 40.35% (0.403486)
Batch 30 completed in 1.30 seconds (0.02 minutes)
loss: 0.775083, dev_acc: 57.42% (0.574235), dev_f1: 40.22% (0.402230), test_acc: 59.85% (0.598469), test_f1: 44.01% (0.440063)
Batch 60 completed in 1.34 seconds (0.02 minutes)
max_dev_f1: 0.42290291452143774, max_test_f1: 0.4164859589696191
loss: 0.838924, dev_acc: 57.93% (0.579337), dev_f1: 44.11% (0.441136), test_acc: 59.69% (0.596939), test_f1: 47.10% (0.471025)
Batch 90 completed in 1.35 seconds (0.02 minutes)
loss: 0.849749, dev_acc: 58.19% (0.581888), dev_f1: 40.92% (0.409207), test_acc: 60.51% (0.605102), test_f1: 43.69% (0.436858)
Epoch 2 completed in 318.97 seconds (5.32 minutes)
>>>>>>>>>>>>>>>>>>>>>>>>>>>>>>>>>>>>>>>>>>>>>>>>>>>>>>>>>>>>>>>>>>>>>>>>>>>>>>>>>>>>>>>>>>>>>>>>>>>>
epoch: 3
Batch 0 completed in 1.29 seconds (0.02 minutes)
max_dev_f1: 0.4411360626357677, max_test_f1: 0.4710252718046866
loss: 0.783715, dev_acc: 58.32% (0.583163), dev_f1: 45.65% (0.456511), test_acc: 60.84% (0.608418), test_f1: 49.90% (0.499001)
Batch 30 completed in 1.31 seconds (0.02 minutes)
loss: 0.711077, dev_acc: 59.23% (0.592347), dev_f1: 41.91% (0.419146), test_acc: 59.26% (0.592602), test_f1: 42.86% (0.428551)
Batch 60 completed in 1.30 seconds (0.02 minutes)
loss: 0.818291, dev_acc: 55.74% (0.557398), dev_f1: 42.67% (0.426663), test_acc: 56.56% (0.565561), test_f1: 45.25% (0.452474)
Batch 90 completed in 1.29 seconds (0.02 minutes)
loss: 0.827668, dev_acc: 57.96% (0.579592), dev_f1: 39.66% (0.396643), test_acc: 59.39% (0.593878), test_f1: 40.86% (0.408562)
Epoch 3 completed in 319.78 seconds (5.33 minutes)
>>>>>>>>>>>>>>>>>>>>>>>>>>>>>>>>>>>>>>>>>>>>>>>>>>>>>>>>>>>>>>>>>>>>>>>>>>>>>>>>>>>>>>>>>>>>>>>>>>>>
epoch: 4
Batch 0 completed in 1.30 seconds (0.02 minutes)
max_dev_f1: 0.45651093599547066, max_test_f1: 0.49900103858028616
loss: 0.707576, dev_acc: 60.15% (0.601531), dev_f1: 46.57% (0.465663), test_acc: 60.33% (0.603316), test_f1: 48.43% (0.484299)
Batch 30 completed in 1.31 seconds (0.02 minutes)
max_dev_f1: 0.4656631239082219, max_test_f1: 0.48429890652863633
loss: 0.814583, dev_acc: 54.26% (0.542602), dev_f1: 46.68% (0.466826), test_acc: 54.21% (0.542092), test_f1: 47.02% (0.470175)
Batch 60 completed in 1.30 seconds (0.02 minutes)
loss: 0.774141, dev_acc: 57.32% (0.573214), dev_f1: 45.27% (0.452716), test_acc: 59.67% (0.596684), test_f1: 48.17% (0.481670)
Batch 90 completed in 1.32 seconds (0.02 minutes)
loss: 0.892925, dev_acc: 58.24% (0.582398), dev_f1: 39.97% (0.399651), test_acc: 60.59% (0.605867), test_f1: 41.82% (0.418177)
Epoch 4 completed in 320.15 seconds (5.34 minutes)
>>>>>>>>>>>>>>>>>>>>>>>>>>>>>>>>>>>>>>>>>>>>>>>>>>>>>>>>>>>>>>>>>>>>>>>>>>>>>>>>>>>>>>>>>>>>>>>>>>>>
epoch: 5
Batch 0 completed in 1.34 seconds (0.02 minutes)
loss: 0.745438, dev_acc: 57.93% (0.579337), dev_f1: 41.94% (0.419404), test_acc: 60.28% (0.602806), test_f1: 44.71% (0.447113)
Batch 30 completed in 1.34 seconds (0.02 minutes)
loss: 0.703844, dev_acc: 57.98% (0.579847), dev_f1: 43.49% (0.434874), test_acc: 59.97% (0.599745), test_f1: 47.81% (0.478053)
Batch 60 completed in 1.29 seconds (0.02 minutes)
loss: 0.692462, dev_acc: 55.15% (0.551531), dev_f1: 42.60% (0.425980), test_acc: 57.86% (0.578571), test_f1: 45.57% (0.455715)
Batch 90 completed in 1.34 seconds (0.02 minutes)
loss: 0.753031, dev_acc: 52.93% (0.529337), dev_f1: 45.53% (0.455343), test_acc: 53.39% (0.533929), test_f1: 46.38% (0.463761)
Epoch 5 completed in 319.15 seconds (5.32 minutes)
>>>>>>>>>>>>>>>>>>>>>>>>>>>>>>>>>>>>>>>>>>>>>>>>>>>>>>>>>>>>>>>>>>>>>>>>>>>>>>>>>>>>>>>>>>>>>>>>>>>>
epoch: 6
Batch 0 completed in 1.28 seconds (0.02 minutes)
loss: 0.798158, dev_acc: 54.62% (0.546173), dev_f1: 43.62% (0.436173), test_acc: 55.36% (0.553571), test_f1: 44.72% (0.447210)
Batch 30 completed in 1.30 seconds (0.02 minutes)
loss: 0.783226, dev_acc: 55.61% (0.556122), dev_f1: 44.80% (0.447954), test_acc: 57.17% (0.571684), test_f1: 47.43% (0.474290)
Batch 60 completed in 1.30 seconds (0.02 minutes)
loss: 0.555091, dev_acc: 58.39% (0.583929), dev_f1: 42.75% (0.427545), test_acc: 59.72% (0.597194), test_f1: 44.29% (0.442937)
Batch 90 completed in 1.30 seconds (0.02 minutes)
loss: 0.758394, dev_acc: 54.62% (0.546173), dev_f1: 41.94% (0.419403), test_acc: 56.38% (0.563776), test_f1: 44.00% (0.439984)
Epoch 6 completed in 319.23 seconds (5.32 minutes)
>>>>>>>>>>>>>>>>>>>>>>>>>>>>>>>>>>>>>>>>>>>>>>>>>>>>>>>>>>>>>>>>>>>>>>>>>>>>>>>>>>>>>>>>>>>>>>>>>>>>
epoch: 7
Batch 0 completed in 1.33 seconds (0.02 minutes)
loss: 0.668994, dev_acc: 53.24% (0.532398), dev_f1: 43.82% (0.438162), test_acc: 55.31% (0.553061), test_f1: 45.44% (0.454399)
Batch 30 completed in 1.26 seconds (0.02 minutes)
loss: 0.625082, dev_acc: 56.51% (0.565051), dev_f1: 45.98% (0.459826), test_acc: 56.25% (0.562500), test_f1: 46.09% (0.460897)
Batch 60 completed in 1.29 seconds (0.02 minutes)
loss: 0.697429, dev_acc: 53.49% (0.534949), dev_f1: 44.99% (0.449926), test_acc: 55.10% (0.551020), test_f1: 45.73% (0.457320)
Batch 90 completed in 1.30 seconds (0.02 minutes)
loss: 0.578517, dev_acc: 55.66% (0.556633), dev_f1: 44.34% (0.443359), test_acc: 59.39% (0.593878), test_f1: 47.84% (0.478422)
Epoch 7 completed in 319.68 seconds (5.33 minutes)
>>>>>>>>>>>>>>>>>>>>>>>>>>>>>>>>>>>>>>>>>>>>>>>>>>>>>>>>>>>>>>>>>>>>>>>>>>>>>>>>>>>>>>>>>>>>>>>>>>>>
epoch: 8
Batch 0 completed in 1.30 seconds (0.02 minutes)
loss: 0.533385, dev_acc: 54.82% (0.548214), dev_f1: 44.78% (0.447791), test_acc: 56.45% (0.564541), test_f1: 46.63% (0.466257)
Batch 30 completed in 1.30 seconds (0.02 minutes)
loss: 0.670528, dev_acc: 55.33% (0.553316), dev_f1: 42.70% (0.426991), test_acc: 58.11% (0.581122), test_f1: 46.31% (0.463067)
Batch 60 completed in 1.29 seconds (0.02 minutes)
loss: 0.718321, dev_acc: 54.90% (0.548980), dev_f1: 43.65% (0.436522), test_acc: 55.84% (0.558418), test_f1: 44.66% (0.446598)
Batch 90 completed in 1.34 seconds (0.02 minutes)
loss: 0.670875, dev_acc: 54.16% (0.541582), dev_f1: 46.42% (0.464177), test_acc: 56.81% (0.568112), test_f1: 49.47% (0.494677)
Epoch 8 completed in 319.19 seconds (5.32 minutes)
>>>>>>>>>>>>>>>>>>>>>>>>>>>>>>>>>>>>>>>>>>>>>>>>>>>>>>>>>>>>>>>>>>>>>>>>>>>>>>>>>>>>>>>>>>>>>>>>>>>>
epoch: 9
Batch 0 completed in 1.30 seconds (0.02 minutes)
loss: 0.584458, dev_acc: 56.20% (0.561990), dev_f1: 44.22% (0.442189), test_acc: 59.34% (0.593367), test_f1: 47.62% (0.476170)
Batch 30 completed in 1.30 seconds (0.02 minutes)
loss: 0.547584, dev_acc: 55.69% (0.556888), dev_f1: 43.17% (0.431654), test_acc: 58.93% (0.589286), test_f1: 47.53% (0.475311)
Batch 60 completed in 1.26 seconds (0.02 minutes)
loss: 0.624687, dev_acc: 55.74% (0.557398), dev_f1: 44.90% (0.449011), test_acc: 56.91% (0.569133), test_f1: 46.25% (0.462461)
Batch 90 completed in 1.34 seconds (0.02 minutes)
loss: 0.516799, dev_acc: 53.57% (0.535714), dev_f1: 45.50% (0.454971), test_acc: 55.51% (0.555102), test_f1: 47.64% (0.476449)
Epoch 9 completed in 319.10 seconds (5.32 minutes)
Max dev F1: 46.68% (0.466826), Max test F1: 47.02% (0.470175)
Reading TensorBoard loss at each epoch:
Available tags: {'images': [], 'audio': [], 'histograms': [], 'scalars': ['Loss/train', 'Loss/val'], 'distributions': [], 'tensors': [], 'graph': False, 'meta_graph': False, 'run_metadata': []}
Step: 0, Loss: 1.1541494131088257
Step: 0, Loss: 15.852068901062012
Step: 0, Loss: 47.45497512817383
Step: 0, Loss: 30.526355743408203
Step: 0, Loss: 4.865296363830566
Step: 0, Loss: 11.715714454650879
Step: 0, Loss: 17.45473861694336
Step: 0, Loss: 10.297895431518555
Step: 0, Loss: 6.625133991241455
Step: 0, Loss: 3.0737788677215576
Step: 0, Loss: 2.1099531650543213
Step: 0, Loss: 2.028599739074707
Step: 0, Loss: 1.3263038396835327
Step: 0, Loss: 1.0367026329040527
Step: 0, Loss: 1.2224993705749512
Step: 0, Loss: 1.1800603866577148
Step: 0, Loss: 1.0709233283996582
Step: 0, Loss: 0.9591305255889893
Step: 0, Loss: 1.019637107849121
Step: 0, Loss: 0.9377995729446411
Step: 0, Loss: 0.8920964598655701
Step: 0, Loss: 1.027197241783142
Step: 0, Loss: 0.8928558826446533
Step: 0, Loss: 1.044301152229309
Step: 0, Loss: 0.9300649166107178
Step: 0, Loss: 0.9178575873374939
Step: 0, Loss: 0.9478817582130432
Step: 0, Loss: 1.151297688484192
Step: 0, Loss: 0.9624794125556946
Step: 0, Loss: 0.8339738845825195
Step: 0, Loss: 0.8361725807189941
Step: 0, Loss: 0.8441329002380371
Step: 0, Loss: 0.9353028535842896
Step: 0, Loss: 0.9513030648231506
Step: 0, Loss: 0.8976424932479858
Step: 0, Loss: 0.8712783455848694
Step: 0, Loss: 0.9059114456176758
Step: 0, Loss: 0.8726747035980225
Step: 0, Loss: 0.9238342046737671
Step: 0, Loss: 0.810641348361969
Step: 0, Loss: 0.9636900424957275
Step: 0, Loss: 0.9437202215194702
Step: 0, Loss: 0.8361080884933472
Step: 0, Loss: 0.9076192378997803
Step: 0, Loss: 0.9580442905426025
Step: 0, Loss: 0.8616952300071716
Step: 0, Loss: 0.8553791642189026
Step: 0, Loss: 0.8697219491004944
Step: 0, Loss: 0.8703290820121765
Step: 0, Loss: 0.8599985241889954
Step: 0, Loss: 0.7974433898925781
Step: 0, Loss: 0.8075721263885498
Step: 0, Loss: 0.8481888771057129
Step: 0, Loss: 0.8714070916175842
Step: 0, Loss: 0.8587673306465149
Step: 0, Loss: 0.7465952634811401
Step: 0, Loss: 0.8305140137672424
Step: 0, Loss: 0.9817251563072205
Step: 0, Loss: 0.9152205586433411
Step: 0, Loss: 0.8203851580619812
Step: 0, Loss: 0.8615955710411072
Step: 0, Loss: 0.9089307188987732
Step: 0, Loss: 0.8810869455337524
Step: 0, Loss: 0.8585964441299438
Step: 0, Loss: 0.8683356046676636
Step: 0, Loss: 0.7333119511604309
Step: 0, Loss: 0.788357675075531
Step: 0, Loss: 0.8818673491477966
Step: 0, Loss: 0.7444153428077698
Step: 0, Loss: 0.7880243062973022
Step: 0, Loss: 0.8078216314315796
Step: 0, Loss: 0.8601712584495544
Step: 0, Loss: 0.8970794677734375
Step: 0, Loss: 0.9032807350158691
Step: 0, Loss: 0.858471155166626
Step: 0, Loss: 0.8054202198982239
Step: 0, Loss: 0.8661084771156311
Step: 0, Loss: 0.949219286441803
Step: 0, Loss: 0.8992462754249573
Step: 0, Loss: 0.8220646977424622
Step: 0, Loss: 0.8737441897392273
Step: 0, Loss: 0.9425307512283325
Step: 0, Loss: 0.8754214644432068
Step: 0, Loss: 0.844214916229248
Step: 0, Loss: 0.903861403465271
Step: 0, Loss: 0.7740414142608643
Step: 0, Loss: 0.9937465786933899
Step: 0, Loss: 0.7908836603164673
Step: 0, Loss: 0.866793155670166
Step: 0, Loss: 0.8470685482025146
Step: 0, Loss: 0.8223657608032227
Step: 0, Loss: 0.8241364359855652
Step: 1, Loss: 0.8276437520980835
Step: 1, Loss: 0.7400681972503662
Step: 1, Loss: 0.8326005935668945
Step: 1, Loss: 0.903864860534668
Step: 1, Loss: 0.800670862197876
Step: 1, Loss: 0.7465487718582153
Step: 1, Loss: 0.7766493558883667
Step: 1, Loss: 0.7480499744415283
Step: 1, Loss: 0.7071157693862915
Step: 1, Loss: 0.8197983503341675
Step: 1, Loss: 0.8757284879684448
Step: 1, Loss: 0.8168990015983582
Step: 1, Loss: 0.9939571022987366
Step: 1, Loss: 0.8033876419067383
Step: 1, Loss: 0.8400412201881409
Step: 1, Loss: 0.7937018871307373
Step: 1, Loss: 0.8725006580352783
Step: 1, Loss: 0.793272852897644
Step: 1, Loss: 0.8751887679100037
Step: 1, Loss: 0.911535382270813
Step: 1, Loss: 0.7911083698272705
Step: 1, Loss: 0.7359556555747986
Step: 1, Loss: 0.6967326402664185
Step: 1, Loss: 0.9025819897651672
Step: 1, Loss: 0.849854588508606
Step: 1, Loss: 0.802448034286499
Step: 1, Loss: 0.8137537837028503
Step: 1, Loss: 0.7887360453605652
Step: 1, Loss: 0.8106865882873535
Step: 1, Loss: 0.7638816833496094
Step: 1, Loss: 0.863170862197876
Step: 1, Loss: 0.8344807028770447
Step: 1, Loss: 0.8820436000823975
Step: 1, Loss: 0.7438058257102966
Step: 1, Loss: 0.8309457898139954
Step: 1, Loss: 0.7362760305404663
Step: 1, Loss: 0.8574783205986023
Step: 1, Loss: 0.8903161883354187
Step: 1, Loss: 0.7968235015869141
Step: 1, Loss: 0.7552554607391357
Step: 1, Loss: 0.8166511058807373
Step: 1, Loss: 0.8550102114677429
Step: 1, Loss: 0.7615923881530762
Step: 1, Loss: 0.7821539640426636
Step: 1, Loss: 0.7787379622459412
Step: 1, Loss: 0.708311915397644
Step: 1, Loss: 0.83592289686203
Step: 1, Loss: 0.8710235953330994
Step: 1, Loss: 0.738554060459137
Step: 1, Loss: 0.8109835386276245
Step: 1, Loss: 0.794314980506897
Step: 1, Loss: 0.8099794387817383
Step: 1, Loss: 0.8465241193771362
Step: 1, Loss: 0.7942699193954468
Step: 1, Loss: 0.764782726764679
Step: 1, Loss: 0.8573883175849915
Step: 1, Loss: 0.7694069743156433
Step: 1, Loss: 0.8743497133255005
Step: 1, Loss: 0.8714548349380493
Step: 1, Loss: 0.8423901200294495
Step: 1, Loss: 0.8260886669158936
Step: 1, Loss: 0.9073455333709717
Step: 1, Loss: 0.8305628895759583
Step: 1, Loss: 0.7822746634483337
Step: 1, Loss: 0.8421061635017395
Step: 1, Loss: 0.8121698498725891
Step: 1, Loss: 0.8040474057197571
Step: 1, Loss: 0.8224261403083801
Step: 1, Loss: 0.7797864079475403
Step: 1, Loss: 0.7332061529159546
Step: 1, Loss: 0.8385310173034668
Step: 1, Loss: 0.8074243068695068
Step: 1, Loss: 0.7827587723731995
Step: 1, Loss: 0.7713178396224976
Step: 1, Loss: 0.8026360869407654
Step: 1, Loss: 0.8048447966575623
Step: 1, Loss: 0.7945893406867981
Step: 1, Loss: 0.7410449385643005
Step: 1, Loss: 0.7299778461456299
Step: 1, Loss: 0.8941203355789185
Step: 1, Loss: 0.8878925442695618
Step: 1, Loss: 0.8411527872085571
Step: 1, Loss: 0.8903403282165527
Step: 1, Loss: 0.7229042053222656
Step: 1, Loss: 0.8263678550720215
Step: 1, Loss: 0.8166376352310181
Step: 1, Loss: 0.8235251903533936
Step: 1, Loss: 0.8313300013542175
Step: 1, Loss: 0.8379152417182922
Step: 1, Loss: 0.7630562782287598
Step: 1, Loss: 0.7716310024261475
Step: 1, Loss: 0.8534623980522156
Step: 2, Loss: 0.7747064828872681
Step: 2, Loss: 0.8338727355003357
Step: 2, Loss: 0.8308290839195251
Step: 2, Loss: 0.7382097840309143
Step: 2, Loss: 0.7864486575126648
Step: 2, Loss: 0.7409315705299377
Step: 2, Loss: 0.8052990436553955
Step: 2, Loss: 0.7803318500518799
Step: 2, Loss: 0.7723664045333862
Step: 2, Loss: 0.7086823582649231
Step: 2, Loss: 0.7133808135986328
Step: 2, Loss: 0.8087182641029358
Step: 2, Loss: 0.8692317605018616
Step: 2, Loss: 0.8331077694892883
Step: 2, Loss: 0.8065704703330994
Step: 2, Loss: 0.7436262369155884
Step: 2, Loss: 0.7413979768753052
Step: 2, Loss: 0.8138433694839478
Step: 2, Loss: 0.7008287906646729
Step: 2, Loss: 0.7645825743675232
Step: 2, Loss: 0.9755809307098389
Step: 2, Loss: 0.7543901205062866
Step: 2, Loss: 0.7635592818260193
Step: 2, Loss: 0.6232271790504456
Step: 2, Loss: 0.7694319486618042
Step: 2, Loss: 0.7128530740737915
Step: 2, Loss: 0.843762993812561
Step: 2, Loss: 0.7983360290527344
Step: 2, Loss: 0.8211418390274048
Step: 2, Loss: 0.7719261646270752
Step: 2, Loss: 0.7750828266143799
Step: 2, Loss: 0.8498323559761047
Step: 2, Loss: 0.7629804015159607
Step: 2, Loss: 0.8643831014633179
Step: 2, Loss: 0.745105504989624
Step: 2, Loss: 0.8287662267684937
Step: 2, Loss: 0.8198546767234802
Step: 2, Loss: 0.769814670085907
Step: 2, Loss: 0.7412223815917969
Step: 2, Loss: 0.7058480381965637
Step: 2, Loss: 0.8161651492118835
Step: 2, Loss: 0.7680178880691528
Step: 2, Loss: 0.7857604026794434
Step: 2, Loss: 0.8342251777648926
Step: 2, Loss: 0.7523565888404846
Step: 2, Loss: 0.7111186981201172
Step: 2, Loss: 0.7836453914642334
Step: 2, Loss: 0.8956724405288696
Step: 2, Loss: 0.8148561716079712
Step: 2, Loss: 0.8404196500778198
Step: 2, Loss: 0.7748895883560181
Step: 2, Loss: 0.8221731185913086
Step: 2, Loss: 0.853560745716095
Step: 2, Loss: 0.8003451824188232
Step: 2, Loss: 0.8537468910217285
Step: 2, Loss: 0.6741753816604614
Step: 2, Loss: 0.8186122179031372
Step: 2, Loss: 0.8131974935531616
Step: 2, Loss: 0.7943658232688904
Step: 2, Loss: 0.8558486700057983
Step: 2, Loss: 0.8389235734939575
Step: 2, Loss: 0.7994536757469177
Step: 2, Loss: 0.8639490008354187
Step: 2, Loss: 0.8017308115959167
Step: 2, Loss: 0.8215471506118774
Step: 2, Loss: 0.7679529786109924
Step: 2, Loss: 0.7210690975189209
Step: 2, Loss: 0.8340559601783752
Step: 2, Loss: 0.8803071975708008
Step: 2, Loss: 0.7554432153701782
Step: 2, Loss: 0.7261443734169006
Step: 2, Loss: 0.8271005749702454
Step: 2, Loss: 0.7939548492431641
Step: 2, Loss: 0.7123504877090454
Step: 2, Loss: 0.7330382466316223
Step: 2, Loss: 0.7568180561065674
Step: 2, Loss: 0.782974362373352
Step: 2, Loss: 0.8099856376647949
Step: 2, Loss: 0.7068686485290527
Step: 2, Loss: 0.8423755764961243
Step: 2, Loss: 0.7721115946769714
Step: 2, Loss: 0.7675709128379822
Step: 2, Loss: 0.741889238357544
Step: 2, Loss: 0.8060551881790161
Step: 2, Loss: 0.825002133846283
Step: 2, Loss: 0.7813665270805359
Step: 2, Loss: 0.8100713491439819
Step: 2, Loss: 0.7658361196517944
Step: 2, Loss: 0.7499354481697083
Step: 2, Loss: 0.8184733390808105
Step: 2, Loss: 0.8497492074966431
Step: 2, Loss: 0.7158462405204773
Step: 3, Loss: 0.7837153673171997
Step: 3, Loss: 0.7467972636222839
Step: 3, Loss: 0.6882838606834412
Step: 3, Loss: 0.685003399848938
Step: 3, Loss: 0.7331421971321106
Step: 3, Loss: 0.6950953602790833
Step: 3, Loss: 0.6746973991394043
Step: 3, Loss: 0.7756023406982422
Step: 3, Loss: 0.6882646083831787
Step: 3, Loss: 0.6155714392662048
Step: 3, Loss: 0.6015568375587463
Step: 3, Loss: 0.7449657320976257
Step: 3, Loss: 0.8788221478462219
Step: 3, Loss: 0.7317920923233032
Step: 3, Loss: 0.8553845286369324
Step: 3, Loss: 0.7167400121688843
Step: 3, Loss: 0.7997413873672485
Step: 3, Loss: 0.7820146083831787
Step: 3, Loss: 0.7678540945053101
Step: 3, Loss: 0.78676438331604
Step: 3, Loss: 0.7134110927581787
Step: 3, Loss: 0.8550843000411987
Step: 3, Loss: 0.9120397567749023
Step: 3, Loss: 0.700859010219574
Step: 3, Loss: 0.7890511751174927
Step: 3, Loss: 0.7735172510147095
Step: 3, Loss: 0.8247537016868591
Step: 3, Loss: 0.7217670679092407
Step: 3, Loss: 0.7357683777809143
Step: 3, Loss: 0.71487957239151
Step: 3, Loss: 0.7110773921012878
Step: 3, Loss: 0.7133102416992188
Step: 3, Loss: 0.7854375243186951
Step: 3, Loss: 0.6887927055358887
Step: 3, Loss: 0.6644206643104553
Step: 3, Loss: 0.6863934993743896
Step: 3, Loss: 0.7870886921882629
Step: 3, Loss: 0.692101001739502
Step: 3, Loss: 0.8737261891365051
Step: 3, Loss: 0.7263315320014954
Step: 3, Loss: 0.7603979706764221
Step: 3, Loss: 0.8431887030601501
Step: 3, Loss: 0.7486376762390137
Step: 3, Loss: 0.819858968257904
Step: 3, Loss: 0.7663061022758484
Step: 3, Loss: 0.7696452736854553
Step: 3, Loss: 0.7826874256134033
Step: 3, Loss: 0.7325061559677124
Step: 3, Loss: 0.8641656637191772
Step: 3, Loss: 0.8659685254096985
Step: 3, Loss: 0.8607912063598633
Step: 3, Loss: 0.767457127571106
Step: 3, Loss: 0.8097754716873169
Step: 3, Loss: 0.7025761604309082
Step: 3, Loss: 0.7834867238998413
Step: 3, Loss: 0.7992647290229797
Step: 3, Loss: 0.7660006880760193
Step: 3, Loss: 0.8063914179801941
Step: 3, Loss: 0.8069237470626831
Step: 3, Loss: 0.8018913865089417
Step: 3, Loss: 0.8182907700538635
Step: 3, Loss: 0.782058835029602
Step: 3, Loss: 0.7597558498382568
Step: 3, Loss: 0.7353525757789612
Step: 3, Loss: 0.7400525808334351
Step: 3, Loss: 0.7447210550308228
Step: 3, Loss: 0.7636433243751526
Step: 3, Loss: 0.6887022852897644
Step: 3, Loss: 0.7236760854721069
Step: 3, Loss: 0.8245923519134521
Step: 3, Loss: 0.8465326428413391
Step: 3, Loss: 0.7427623271942139
Step: 3, Loss: 0.6950575113296509
Step: 3, Loss: 0.797649621963501
Step: 3, Loss: 0.7106251120567322
Step: 3, Loss: 0.8442477583885193
Step: 3, Loss: 0.7141805291175842
Step: 3, Loss: 0.7432358264923096
Step: 3, Loss: 0.7017858624458313
Step: 3, Loss: 0.6963600516319275
Step: 3, Loss: 0.7821062803268433
Step: 3, Loss: 0.7323660850524902
Step: 3, Loss: 0.7546494603157043
Step: 3, Loss: 0.8221532702445984
Step: 3, Loss: 0.7463994026184082
Step: 3, Loss: 0.7794753313064575
Step: 3, Loss: 0.7703461050987244
Step: 3, Loss: 0.7936882972717285
Step: 3, Loss: 0.7671968936920166
Step: 3, Loss: 0.7303393483161926
Step: 3, Loss: 0.8276677131652832
Step: 3, Loss: 0.937106728553772
Step: 4, Loss: 0.7075759768486023
Step: 4, Loss: 0.6846951842308044
Step: 4, Loss: 0.7117382884025574
Step: 4, Loss: 0.7319838404655457
Step: 4, Loss: 0.7077658772468567
Step: 4, Loss: 0.7416397929191589
Step: 4, Loss: 0.7438958287239075
Step: 4, Loss: 0.7454957962036133
Step: 4, Loss: 0.6592421531677246
Step: 4, Loss: 0.7742372155189514
Step: 4, Loss: 0.7375582456588745
Step: 4, Loss: 0.7448563575744629
Step: 4, Loss: 0.7241026163101196
Step: 4, Loss: 0.6841335892677307
Step: 4, Loss: 0.8688805103302002
Step: 4, Loss: 0.6781723499298096
Step: 4, Loss: 0.8010810613632202
Step: 4, Loss: 0.6860719919204712
Step: 4, Loss: 0.6494870781898499
Step: 4, Loss: 0.7005610466003418
Step: 4, Loss: 0.7347570657730103
Step: 4, Loss: 0.6487247943878174
Step: 4, Loss: 0.7445145845413208
Step: 4, Loss: 0.7741509675979614
Step: 4, Loss: 0.6822170615196228
Step: 4, Loss: 0.7466965913772583
Step: 4, Loss: 0.6557208895683289
Step: 4, Loss: 0.8105245232582092
Step: 4, Loss: 0.8718189001083374
Step: 4, Loss: 0.7989437580108643
Step: 4, Loss: 0.8145827651023865
Step: 4, Loss: 0.7280755043029785
Step: 4, Loss: 0.7273069620132446
Step: 4, Loss: 0.74520343542099
Step: 4, Loss: 0.8186936378479004
Step: 4, Loss: 0.8013214468955994
Step: 4, Loss: 0.746777355670929
Step: 4, Loss: 0.6914548873901367
Step: 4, Loss: 0.7320846915245056
Step: 4, Loss: 0.7329381704330444
Step: 4, Loss: 0.7470996379852295
Step: 4, Loss: 0.6937587261199951
Step: 4, Loss: 0.7595417499542236
Step: 4, Loss: 0.734569251537323
Step: 4, Loss: 0.7428087592124939
Step: 4, Loss: 0.6999252438545227
Step: 4, Loss: 0.7695596218109131
Step: 4, Loss: 0.7124162912368774
Step: 4, Loss: 0.7132561206817627
Step: 4, Loss: 0.6501503586769104
Step: 4, Loss: 0.7035980224609375
Step: 4, Loss: 0.8213561177253723
Step: 4, Loss: 0.7039444446563721
Step: 4, Loss: 0.69099360704422
Step: 4, Loss: 0.6476320624351501
Step: 4, Loss: 0.660184919834137
Step: 4, Loss: 0.7309647798538208
Step: 4, Loss: 0.7581494450569153
Step: 4, Loss: 0.7172947525978088
Step: 4, Loss: 0.8002916574478149
Step: 4, Loss: 0.7741405367851257
Step: 4, Loss: 0.7845848202705383
Step: 4, Loss: 0.751579999923706
Step: 4, Loss: 0.7792584896087646
Step: 4, Loss: 0.7557702660560608
Step: 4, Loss: 0.6813673973083496
Step: 4, Loss: 0.870145857334137
Step: 4, Loss: 0.7706401348114014
Step: 4, Loss: 0.7545735836029053
Step: 4, Loss: 0.6959146857261658
Step: 4, Loss: 0.7911759614944458
Step: 4, Loss: 0.7483583688735962
Step: 4, Loss: 0.6625992655754089
Step: 4, Loss: 0.7835516929626465
Step: 4, Loss: 0.7530685663223267
Step: 4, Loss: 0.7018092274665833
Step: 4, Loss: 0.7800547480583191
Step: 4, Loss: 0.7256848812103271
Step: 4, Loss: 0.786339521408081
Step: 4, Loss: 0.7026026248931885
Step: 4, Loss: 0.7458368539810181
Step: 4, Loss: 0.6969884634017944
Step: 4, Loss: 0.7562301754951477
Step: 4, Loss: 0.7031346559524536
Step: 4, Loss: 0.6914287209510803
Step: 4, Loss: 0.7693672776222229
Step: 4, Loss: 0.7225626707077026
Step: 4, Loss: 0.6817544102668762
Step: 4, Loss: 0.621301531791687
Step: 4, Loss: 0.6320238709449768
Step: 4, Loss: 0.8929246664047241
Step: 4, Loss: 0.7828937768936157
Step: 5, Loss: 0.7454383373260498
Step: 5, Loss: 0.7512727975845337
Step: 5, Loss: 0.601066529750824
Step: 5, Loss: 0.6121942400932312
Step: 5, Loss: 0.7461681365966797
Step: 5, Loss: 0.7546525597572327
Step: 5, Loss: 0.706068754196167
Step: 5, Loss: 0.8179898262023926
Step: 5, Loss: 0.5773681998252869
Step: 5, Loss: 0.6592026352882385
Step: 5, Loss: 0.6510875821113586
Step: 5, Loss: 0.6644906401634216
Step: 5, Loss: 0.6583545804023743
Step: 5, Loss: 0.7055725455284119
Step: 5, Loss: 0.5614028573036194
Step: 5, Loss: 0.651810884475708
Step: 5, Loss: 0.647818922996521
Step: 5, Loss: 0.6639067530632019
Step: 5, Loss: 0.6273102164268494
Step: 5, Loss: 0.624270498752594
Step: 5, Loss: 0.6483116149902344
Step: 5, Loss: 0.6627527475357056
Step: 5, Loss: 0.7455822825431824
Step: 5, Loss: 0.7235238552093506
Step: 5, Loss: 0.7398627400398254
Step: 5, Loss: 0.6265056729316711
Step: 5, Loss: 0.7196426391601562
Step: 5, Loss: 0.648773729801178
Step: 5, Loss: 0.6349360942840576
Step: 5, Loss: 0.7593925595283508
Step: 5, Loss: 0.7038435935974121
Step: 5, Loss: 0.6560086011886597
Step: 5, Loss: 0.6189594268798828
Step: 5, Loss: 0.6795784831047058
Step: 5, Loss: 0.7851026654243469
Step: 5, Loss: 0.8429340720176697
Step: 5, Loss: 0.6569236516952515
Step: 5, Loss: 0.6481888890266418
Step: 5, Loss: 0.834908664226532
Step: 5, Loss: 0.86854487657547
Step: 5, Loss: 0.6493667364120483
Step: 5, Loss: 0.7703447341918945
Step: 5, Loss: 0.7313450574874878
Step: 5, Loss: 0.7126778960227966
Step: 5, Loss: 0.7274312376976013
Step: 5, Loss: 0.7037985324859619
Step: 5, Loss: 0.778476357460022
Step: 5, Loss: 0.8216750025749207
Step: 5, Loss: 0.7757540345191956
Step: 5, Loss: 0.7438508868217468
Step: 5, Loss: 0.676301896572113
Step: 5, Loss: 0.7018925547599792
Step: 5, Loss: 0.7081738114356995
Step: 5, Loss: 0.664132297039032
Step: 5, Loss: 0.6998306512832642
Step: 5, Loss: 0.6789120435714722
Step: 5, Loss: 0.7908540368080139
Step: 5, Loss: 0.7641759514808655
Step: 5, Loss: 0.6415640711784363
Step: 5, Loss: 0.8169302940368652
Step: 5, Loss: 0.6924622654914856
Step: 5, Loss: 0.7663846611976624
Step: 5, Loss: 0.742720365524292
Step: 5, Loss: 0.7558446526527405
Step: 5, Loss: 0.8196033239364624
Step: 5, Loss: 0.7202674746513367
Step: 5, Loss: 0.6893803477287292
Step: 5, Loss: 0.6980006694793701
Step: 5, Loss: 0.677692711353302
Step: 5, Loss: 0.8164238333702087
Step: 5, Loss: 0.7437494993209839
Step: 5, Loss: 0.7320282459259033
Step: 5, Loss: 0.7799830436706543
Step: 5, Loss: 0.7140413522720337
Step: 5, Loss: 0.8793445825576782
Step: 5, Loss: 0.633102297782898
Step: 5, Loss: 0.6791889071464539
Step: 5, Loss: 0.7146720290184021
Step: 5, Loss: 0.6035982966423035
Step: 5, Loss: 0.7099430561065674
Step: 5, Loss: 0.8096230626106262
Step: 5, Loss: 0.6110224723815918
Step: 5, Loss: 0.7037078142166138
Step: 5, Loss: 0.5838424563407898
Step: 5, Loss: 0.7891555428504944
Step: 5, Loss: 0.7106224298477173
Step: 5, Loss: 0.5808122754096985
Step: 5, Loss: 0.7048333287239075
Step: 5, Loss: 0.7523390054702759
Step: 5, Loss: 0.7228924632072449
Step: 5, Loss: 0.7530312538146973
Step: 5, Loss: 0.7709544897079468
Step: 6, Loss: 0.7981584072113037
Step: 6, Loss: 0.6793039441108704
Step: 6, Loss: 0.6183850169181824
Step: 6, Loss: 0.6916124820709229
Step: 6, Loss: 0.5636659860610962
Step: 6, Loss: 0.5949478149414062
Step: 6, Loss: 0.6299634575843811
Step: 6, Loss: 0.6122543811798096
Step: 6, Loss: 0.675619900226593
Step: 6, Loss: 0.5900024771690369
Step: 6, Loss: 0.6554225087165833
Step: 6, Loss: 0.6515800952911377
Step: 6, Loss: 0.5677163004875183
Step: 6, Loss: 0.753075897693634
Step: 6, Loss: 0.614926815032959
Step: 6, Loss: 0.6928996443748474
Step: 6, Loss: 0.5621707439422607
Step: 6, Loss: 0.6572539806365967
Step: 6, Loss: 0.6609823703765869
Step: 6, Loss: 0.6696509122848511
Step: 6, Loss: 0.5828843712806702
Step: 6, Loss: 0.6657964587211609
Step: 6, Loss: 0.7490472197532654
Step: 6, Loss: 0.6944738030433655
Step: 6, Loss: 0.6841844916343689
Step: 6, Loss: 0.7274289131164551
Step: 6, Loss: 0.5573706030845642
Step: 6, Loss: 0.6570208072662354
Step: 6, Loss: 0.636301577091217
Step: 6, Loss: 0.6026949882507324
Step: 6, Loss: 0.7832258939743042
Step: 6, Loss: 0.7807021141052246
Step: 6, Loss: 0.7361739873886108
Step: 6, Loss: 0.6677606105804443
Step: 6, Loss: 0.6024983525276184
Step: 6, Loss: 0.6367794275283813
Step: 6, Loss: 0.640426754951477
Step: 6, Loss: 0.7789051532745361
Step: 6, Loss: 0.559853196144104
Step: 6, Loss: 0.7157296538352966
Step: 6, Loss: 0.6863515973091125
Step: 6, Loss: 0.6232602000236511
Step: 6, Loss: 0.8790796399116516
Step: 6, Loss: 0.679990828037262
Step: 6, Loss: 0.7947036623954773
Step: 6, Loss: 0.7305222153663635
Step: 6, Loss: 0.730069100856781
Step: 6, Loss: 0.6502693891525269
Step: 6, Loss: 0.6321496963500977
Step: 6, Loss: 0.7552038431167603
Step: 6, Loss: 0.7339744567871094
Step: 6, Loss: 0.7096048593521118
Step: 6, Loss: 0.7805193662643433
Step: 6, Loss: 0.6911661028862
Step: 6, Loss: 0.7406697869300842
Step: 6, Loss: 0.7955313324928284
Step: 6, Loss: 0.6812630891799927
Step: 6, Loss: 0.7375183701515198
Step: 6, Loss: 0.6773377060890198
Step: 6, Loss: 0.7117993235588074
Step: 6, Loss: 0.555091142654419
Step: 6, Loss: 0.6690394878387451
Step: 6, Loss: 0.7113004922866821
Step: 6, Loss: 0.6807125806808472
Step: 6, Loss: 0.717674970626831
Step: 6, Loss: 0.7016687989234924
Step: 6, Loss: 0.6722689270973206
Step: 6, Loss: 0.6800042986869812
Step: 6, Loss: 0.734381377696991
Step: 6, Loss: 0.7185518741607666
Step: 6, Loss: 0.6771284937858582
Step: 6, Loss: 0.6389186978340149
Step: 6, Loss: 0.6606125831604004
Step: 6, Loss: 0.7110006809234619
Step: 6, Loss: 0.7620401978492737
Step: 6, Loss: 0.7343884706497192
Step: 6, Loss: 0.6131614446640015
Step: 6, Loss: 0.6449287533760071
Step: 6, Loss: 0.6586928367614746
Step: 6, Loss: 0.6465473771095276
Step: 6, Loss: 0.7193341255187988
Step: 6, Loss: 0.7147738337516785
Step: 6, Loss: 0.7450411915779114
Step: 6, Loss: 0.7421776056289673
Step: 6, Loss: 0.7874136567115784
Step: 6, Loss: 0.6929800510406494
Step: 6, Loss: 0.6929318308830261
Step: 6, Loss: 0.7521353960037231
Step: 6, Loss: 0.723305881023407
Step: 6, Loss: 0.7505599856376648
Step: 6, Loss: 0.7583935856819153
Step: 6, Loss: 0.7244963645935059
Step: 7, Loss: 0.6689943075180054
Step: 7, Loss: 0.6421250700950623
Step: 7, Loss: 0.7470755577087402
Step: 7, Loss: 0.6391288042068481
Step: 7, Loss: 0.5464209914207458
Step: 7, Loss: 0.6334730982780457
Step: 7, Loss: 0.575546145439148
Step: 7, Loss: 0.6153249740600586
Step: 7, Loss: 0.7274152040481567
Step: 7, Loss: 0.6577904224395752
Step: 7, Loss: 0.6282953023910522
Step: 7, Loss: 0.6124957203865051
Step: 7, Loss: 0.6658236384391785
Step: 7, Loss: 0.6542763113975525
Step: 7, Loss: 0.645035445690155
Step: 7, Loss: 0.6096106767654419
Step: 7, Loss: 0.7334052324295044
Step: 7, Loss: 0.5903258323669434
Step: 7, Loss: 0.5635221600532532
Step: 7, Loss: 0.5704296231269836
Step: 7, Loss: 0.5644936561584473
Step: 7, Loss: 0.6709843277931213
Step: 7, Loss: 0.5597328543663025
Step: 7, Loss: 0.5551832318305969
Step: 7, Loss: 0.6432650685310364
Step: 7, Loss: 0.782558798789978
Step: 7, Loss: 0.7156266570091248
Step: 7, Loss: 0.6510454416275024
Step: 7, Loss: 0.7557691335678101
Step: 7, Loss: 0.6379207372665405
Step: 7, Loss: 0.6250824332237244
Step: 7, Loss: 0.5747882127761841
Step: 7, Loss: 0.654190182685852
Step: 7, Loss: 0.5634268522262573
Step: 7, Loss: 0.5530292391777039
Step: 7, Loss: 0.5753408670425415
Step: 7, Loss: 0.7070361375808716
Step: 7, Loss: 0.5559778809547424
Step: 7, Loss: 0.7056795954704285
Step: 7, Loss: 0.6748536229133606
Step: 7, Loss: 0.6181139945983887
Step: 7, Loss: 0.6956028938293457
Step: 7, Loss: 0.7347478270530701
Step: 7, Loss: 0.706717312335968
Step: 7, Loss: 0.645415186882019
Step: 7, Loss: 0.6481069326400757
Step: 7, Loss: 0.7465894222259521
Step: 7, Loss: 0.6654756665229797
Step: 7, Loss: 0.5862269401550293
Step: 7, Loss: 0.5913951396942139
Step: 7, Loss: 0.7914711236953735
Step: 7, Loss: 0.6894640326499939
Step: 7, Loss: 0.658470094203949
Step: 7, Loss: 0.7210373878479004
Step: 7, Loss: 0.6703596115112305
Step: 7, Loss: 0.7653350830078125
Step: 7, Loss: 0.5967415571212769
Step: 7, Loss: 0.768672525882721
Step: 7, Loss: 0.616114616394043
Step: 7, Loss: 0.6645864248275757
Step: 7, Loss: 0.6974285244941711
Step: 7, Loss: 0.6879878640174866
Step: 7, Loss: 0.6142714619636536
Step: 7, Loss: 0.6600623726844788
Step: 7, Loss: 0.6881136298179626
Step: 7, Loss: 0.813072144985199
Step: 7, Loss: 0.6606101393699646
Step: 7, Loss: 0.7090851068496704
Step: 7, Loss: 0.6554534435272217
Step: 7, Loss: 0.6874496936798096
Step: 7, Loss: 0.7768322825431824
Step: 7, Loss: 0.6221877336502075
Step: 7, Loss: 0.6764806509017944
Step: 7, Loss: 0.6238120794296265
Step: 7, Loss: 0.6223371028900146
Step: 7, Loss: 0.702340304851532
Step: 7, Loss: 0.5694777369499207
Step: 7, Loss: 0.7091033458709717
Step: 7, Loss: 0.7426193356513977
Step: 7, Loss: 0.588053286075592
Step: 7, Loss: 0.6271790862083435
Step: 7, Loss: 0.7093494534492493
Step: 7, Loss: 0.6579660177230835
Step: 7, Loss: 0.7921291589736938
Step: 7, Loss: 0.7041598558425903
Step: 7, Loss: 0.6231140494346619
Step: 7, Loss: 0.6569950580596924
Step: 7, Loss: 0.6618642210960388
Step: 7, Loss: 0.637241005897522
Step: 7, Loss: 0.6426385641098022
Step: 7, Loss: 0.578516960144043
Step: 7, Loss: 0.7427435517311096
Step: 8, Loss: 0.5333845019340515
Step: 8, Loss: 0.5179839730262756
Step: 8, Loss: 0.6205927729606628
Step: 8, Loss: 0.5653290748596191
Step: 8, Loss: 0.6129897832870483
Step: 8, Loss: 0.6861328482627869
Step: 8, Loss: 0.6459725499153137
Step: 8, Loss: 0.6445835828781128
Step: 8, Loss: 0.5583270192146301
Step: 8, Loss: 0.7492311596870422
Step: 8, Loss: 0.5666238069534302
Step: 8, Loss: 0.5727739334106445
Step: 8, Loss: 0.7324864864349365
Step: 8, Loss: 0.5989881157875061
Step: 8, Loss: 0.5309049487113953
Step: 8, Loss: 0.5639584064483643
Step: 8, Loss: 0.5667564272880554
Step: 8, Loss: 0.6741059422492981
Step: 8, Loss: 0.5809673070907593
Step: 8, Loss: 0.6445721983909607
Step: 8, Loss: 0.5427409410476685
Step: 8, Loss: 0.5377611517906189
Step: 8, Loss: 0.509149968624115
Step: 8, Loss: 0.7072429060935974
Step: 8, Loss: 0.5051990151405334
Step: 8, Loss: 0.6003648042678833
Step: 8, Loss: 0.6220347285270691
Step: 8, Loss: 0.6474929451942444
Step: 8, Loss: 0.6657266616821289
Step: 8, Loss: 0.6960078477859497
Step: 8, Loss: 0.670527994632721
Step: 8, Loss: 0.7108840942382812
Step: 8, Loss: 0.6650504469871521
Step: 8, Loss: 0.5715787410736084
Step: 8, Loss: 0.6312050223350525
Step: 8, Loss: 0.5833225846290588
Step: 8, Loss: 0.7330808043479919
Step: 8, Loss: 0.4894113540649414
Step: 8, Loss: 0.6431437730789185
Step: 8, Loss: 0.7000696659088135
Step: 8, Loss: 0.553744375705719
Step: 8, Loss: 0.8025549650192261
Step: 8, Loss: 0.6664469242095947
Step: 8, Loss: 0.6927692890167236
Step: 8, Loss: 0.5986803770065308
Step: 8, Loss: 0.6032882332801819
Step: 8, Loss: 0.6382927298545837
Step: 8, Loss: 0.543278157711029
Step: 8, Loss: 0.5778385400772095
Step: 8, Loss: 0.7029018402099609
Step: 8, Loss: 0.515132486820221
Step: 8, Loss: 0.5948877930641174
Step: 8, Loss: 0.6002326011657715
Step: 8, Loss: 0.6630231738090515
Step: 8, Loss: 0.6450433135032654
Step: 8, Loss: 0.5794603228569031
Step: 8, Loss: 0.6828316450119019
Step: 8, Loss: 0.6760967969894409
Step: 8, Loss: 0.647203803062439
Step: 8, Loss: 0.677137017250061
Step: 8, Loss: 0.7183208465576172
Step: 8, Loss: 0.5679944753646851
Step: 8, Loss: 0.6583947539329529
Step: 8, Loss: 0.5503048300743103
Step: 8, Loss: 0.8016991019248962
Step: 8, Loss: 0.5933526158332825
Step: 8, Loss: 0.6802971959114075
Step: 8, Loss: 0.6903119683265686
Step: 8, Loss: 0.736527144908905
Step: 8, Loss: 0.7589601278305054
Step: 8, Loss: 0.7518618106842041
Step: 8, Loss: 0.5593425035476685
Step: 8, Loss: 0.8589646816253662
Step: 8, Loss: 0.599520206451416
Step: 8, Loss: 0.7061217427253723
Step: 8, Loss: 0.7200218439102173
Step: 8, Loss: 0.7775917649269104
Step: 8, Loss: 0.7135010361671448
Step: 8, Loss: 0.7046747207641602
Step: 8, Loss: 0.7175989151000977
Step: 8, Loss: 0.7504246234893799
Step: 8, Loss: 0.6735339164733887
Step: 8, Loss: 0.655047595500946
Step: 8, Loss: 0.6806848049163818
Step: 8, Loss: 0.5471511483192444
Step: 8, Loss: 0.6506596207618713
Step: 8, Loss: 0.5939124822616577
Step: 8, Loss: 0.660836935043335
Step: 8, Loss: 0.6003614068031311
Step: 8, Loss: 0.6104471683502197
Step: 8, Loss: 0.6708747744560242
Step: 8, Loss: 0.6234061121940613
Step: 9, Loss: 0.584457516670227
Step: 9, Loss: 0.5577712655067444
Step: 9, Loss: 0.6736477017402649
Step: 9, Loss: 0.7336822152137756
Step: 9, Loss: 0.4262564182281494
Step: 9, Loss: 0.48813748359680176
Step: 9, Loss: 0.5970600843429565
Step: 9, Loss: 0.5663094520568848
Step: 9, Loss: 0.5138437747955322
Step: 9, Loss: 0.4979783594608307
Step: 9, Loss: 0.5287359356880188
Step: 9, Loss: 0.586471676826477
Step: 9, Loss: 0.6152400970458984
Step: 9, Loss: 0.5062649846076965
Step: 9, Loss: 0.5894460678100586
Step: 9, Loss: 0.540661096572876
Step: 9, Loss: 0.6193036437034607
Step: 9, Loss: 0.4976429045200348
Step: 9, Loss: 0.4769187569618225
Step: 9, Loss: 0.5780757665634155
Step: 9, Loss: 0.5556754469871521
Step: 9, Loss: 0.545021653175354
Step: 9, Loss: 0.6241456866264343
Step: 9, Loss: 0.5679876804351807
Step: 9, Loss: 0.5871633291244507
Step: 9, Loss: 0.5058016180992126
Step: 9, Loss: 0.6931505799293518
Step: 9, Loss: 0.6981646418571472
Step: 9, Loss: 0.563579797744751
Step: 9, Loss: 0.5646337270736694
Step: 9, Loss: 0.5475839972496033
Step: 9, Loss: 0.6680221557617188
Step: 9, Loss: 0.6087730526924133
Step: 9, Loss: 0.5732775926589966
Step: 9, Loss: 0.5875892043113708
Step: 9, Loss: 0.668106198310852
Step: 9, Loss: 0.6456180214881897
Step: 9, Loss: 0.7366650700569153
Step: 9, Loss: 0.8140223622322083
Step: 9, Loss: 0.5693608522415161
Step: 9, Loss: 0.6375812292098999
Step: 9, Loss: 0.45374739170074463
Step: 9, Loss: 0.6259236931800842
Step: 9, Loss: 0.6287236213684082
Step: 9, Loss: 0.5651336312294006
Step: 9, Loss: 0.5748283863067627
Step: 9, Loss: 0.5382394790649414
Step: 9, Loss: 0.6399192214012146
Step: 9, Loss: 0.5049353241920471
Step: 9, Loss: 0.5511054992675781
Step: 9, Loss: 0.6426764726638794
Step: 9, Loss: 0.5492914915084839
Step: 9, Loss: 0.6964899897575378
Step: 9, Loss: 0.6495580077171326
Step: 9, Loss: 0.6094048023223877
Step: 9, Loss: 0.6332434415817261
Step: 9, Loss: 0.4785881042480469
Step: 9, Loss: 0.6516150236129761
Step: 9, Loss: 0.6407220363616943
Step: 9, Loss: 0.700484037399292
Step: 9, Loss: 0.6246868371963501
Step: 9, Loss: 0.6284677982330322
Step: 9, Loss: 0.6084179282188416
Step: 9, Loss: 0.5329865217208862
Step: 9, Loss: 0.6362419128417969
Step: 9, Loss: 0.5790538787841797
Step: 9, Loss: 0.5184287428855896
Step: 9, Loss: 0.5955958366394043
Step: 9, Loss: 0.7172400951385498
Step: 9, Loss: 0.6211751699447632
Step: 9, Loss: 0.6925429105758667
Step: 9, Loss: 0.5289125442504883
Step: 9, Loss: 0.5972516536712646
Step: 9, Loss: 0.6440351605415344
Step: 9, Loss: 0.6286658644676208
Step: 9, Loss: 0.6183114647865295
Step: 9, Loss: 0.7127965688705444
Step: 9, Loss: 0.6587461829185486
Step: 9, Loss: 0.6350874304771423
Step: 9, Loss: 0.6754096746444702
Step: 9, Loss: 0.6207027435302734
Step: 9, Loss: 0.6562961339950562
Step: 9, Loss: 0.6970107555389404
Step: 9, Loss: 0.5144262909889221
Step: 9, Loss: 0.6502491235733032
Step: 9, Loss: 0.6226235032081604
Step: 9, Loss: 0.6047438979148865
Step: 9, Loss: 0.5930176377296448
Step: 9, Loss: 0.6335565447807312
Step: 9, Loss: 0.6341850161552429
Step: 9, Loss: 0.5167989730834961
Step: 9, Loss: 0.5657519698143005
Output File: /home/rgg2706/Multimodal-Sentiment-Analysis/Logs/HHMAFM/2024-10-20/sub-5/001_Oct-20-2024_11:55_PM/trainval_loss_curves.png
Training and validation loss curves saved to /home/rgg2706/Multimodal-Sentiment-Analysis/Logs/HHMAFM/2024-10-20/sub-5/001_Oct-20-2024_11:55_PM/trainval_loss_curves.png
Total Completion Time: 61.11 minutes. (1.02 hours) 
