HHMAFM_mfcchfusion4_mvsa-mts-oversampled_lr0.0001_dr0.5
SLURM Job ID: 19425004
Number of GPUs available: 2
Logs directory: /home/rgg2706/Multimodal-Sentiment-Analysis/Logs/HHMAFM/2024-11-12/sub-1/013_Nov-12-2024_12:00_AM
> training arguments:
>>> rand_seed: 8
>>> model_fusion: mfcchfusion4
>>> dataset: mvsa-mts-oversampled
>>> optimizer: <class 'torch.optim.adam.Adam'>
>>> initializer: <function xavier_uniform_ at 0x7faf65989620>
>>> learning_rate: 0.0001
>>> dropout_rate: 0.5
>>> weight_decay: 0.0
>>> num_epoch: 40
>>> batch_size: 128
>>> log_step: 60
>>> max_seq_len: 64
>>> polarities_dim: 3
>>> clip_grad: 5.0
>>> path_image: ./Datasets/MVSA-MTS/images-indexed
>>> crop_size: 224
>>> n_head: 8
>>> hidden_dim: 1024
>>> num_classes: 3
>>> log_dir: /home/rgg2706/Multimodal-Sentiment-Analysis/Logs/HHMAFM/2024-11-12/sub-1/013_Nov-12-2024_12:00_AM
>>> model_class: <class 'models.mfcchfusion4.MFCCHFUSION4'>
Preparing mvsa-mts-oversampled dataset...
-------------- Loading Datasets/MVSA-MTS/mvsa-mts-oversampled/train.tsv ---------------
Time taken to load Datasets/MVSA-MTS/mvsa-mts-oversampled/train.tsv: 185.92 seconds (3.10 minutes)
The number of problematic samples: 900
-------------- Loading Datasets/MVSA-MTS/mvsa-mts-oversampled/val.tsv ---------------
Time taken to load Datasets/MVSA-MTS/mvsa-mts-oversampled/val.tsv: 47.33 seconds (0.79 minutes)
The number of problematic samples: 325
-------------- Loading Datasets/MVSA-MTS/mvsa-mts-oversampled/test.tsv ---------------
Time taken to load Datasets/MVSA-MTS/mvsa-mts-oversampled/test.tsv: 48.94 seconds (0.82 minutes)
The number of problematic samples: 296
Total Training Samples: 36108
Number of Training Samples: 21664
Number of Development Samples: 7222
Number of Test Samples: 7222
Number of unique sentiment classes: 3
Building model
Using 2 GPUs
n_trainable_params: 360213763, n_nontrainable_params: 0
No weight decay
>>>>>>>>>>>>>>>>>>>>>>>>>>>>>>>>>>>>>>>>>>>>>>>>>>>>>>>>>>>>>>>>>>>>>>>>>>>>>>>>>>>>>>>>>>>>>>>>>>>>
epoch: 0
Batch 0 completed in 3.96 seconds (0.07 minutes)
New best dev_f1: 0.174057 (previous best: 0.000000)
loss: 1.265575, dev_acc: 33.67% (0.336749), dev_f1: 17.41% (0.174057), test_acc: 34.38% (0.343811), test_f1: 17.34% (0.173385)
Batch 60 completed in 1.82 seconds (0.03 minutes)
New best dev_f1: 0.471085 (previous best: 0.174057)
loss: 1.110539, dev_acc: 49.60% (0.495984), dev_f1: 47.11% (0.471085), test_acc: 48.70% (0.486984), test_f1: 46.11% (0.461121)
Batch 120 completed in 1.54 seconds (0.03 minutes)
New best dev_f1: 0.523918 (previous best: 0.471085)
loss: 1.077295, dev_acc: 54.94% (0.549432), dev_f1: 52.39% (0.523918), test_acc: 54.46% (0.544586), test_f1: 51.82% (0.518211)
Epoch 0 completed in 570.23 seconds (9.50 minutes)
>>>>>>>>>>>>>>>>>>>>>>>>>>>>>>>>>>>>>>>>>>>>>>>>>>>>>>>>>>>>>>>>>>>>>>>>>>>>>>>>>>>>>>>>>>>>>>>>>>>>
epoch: 1
Batch 0 completed in 1.55 seconds (0.03 minutes)
New best dev_f1: 0.558312 (previous best: 0.523918)
loss: 1.038938, dev_acc: 56.12% (0.561202), dev_f1: 55.83% (0.558312), test_acc: 55.03% (0.550263), test_f1: 54.81% (0.548058)
Batch 60 completed in 1.55 seconds (0.03 minutes)
New best dev_f1: 0.558317 (previous best: 0.558312)
loss: 0.861796, dev_acc: 56.54% (0.565356), dev_f1: 55.83% (0.558317), test_acc: 55.62% (0.556217), test_f1: 55.00% (0.550034)
Batch 120 completed in 1.53 seconds (0.03 minutes)
loss: 0.935771, dev_acc: 55.75% (0.557463), dev_f1: 54.19% (0.541908), test_acc: 54.31% (0.543063), test_f1: 52.70% (0.527005)
Epoch 1 completed in 583.75 seconds (9.73 minutes)
>>>>>>>>>>>>>>>>>>>>>>>>>>>>>>>>>>>>>>>>>>>>>>>>>>>>>>>>>>>>>>>>>>>>>>>>>>>>>>>>>>>>>>>>>>>>>>>>>>>>
epoch: 2
Batch 0 completed in 1.53 seconds (0.03 minutes)
loss: 1.036559, dev_acc: 49.60% (0.495984), dev_f1: 45.10% (0.451000), test_acc: 49.13% (0.491277), test_f1: 44.60% (0.446000)
Batch 60 completed in 1.54 seconds (0.03 minutes)
loss: 0.947495, dev_acc: 56.95% (0.569510), dev_f1: 55.38% (0.553798), test_acc: 56.27% (0.562725), test_f1: 54.81% (0.548146)
Batch 120 completed in 1.54 seconds (0.03 minutes)
loss: 0.875095, dev_acc: 55.88% (0.558848), dev_f1: 52.02% (0.520209), test_acc: 55.88% (0.558848), test_f1: 52.09% (0.520918)
Epoch 2 completed in 583.33 seconds (9.72 minutes)
>>>>>>>>>>>>>>>>>>>>>>>>>>>>>>>>>>>>>>>>>>>>>>>>>>>>>>>>>>>>>>>>>>>>>>>>>>>>>>>>>>>>>>>>>>>>>>>>>>>>
epoch: 3
Batch 0 completed in 1.54 seconds (0.03 minutes)
New best dev_f1: 0.564185 (previous best: 0.558317)
loss: 0.906529, dev_acc: 57.55% (0.575464), dev_f1: 56.42% (0.564185), test_acc: 56.62% (0.566187), test_f1: 55.41% (0.554093)
Batch 60 completed in 1.53 seconds (0.03 minutes)
loss: 0.925166, dev_acc: 56.76% (0.567571), dev_f1: 55.09% (0.550947), test_acc: 56.24% (0.562448), test_f1: 54.54% (0.545365)
Batch 120 completed in 1.54 seconds (0.03 minutes)
loss: 1.041167, dev_acc: 52.37% (0.523678), dev_f1: 51.79% (0.517858), test_acc: 52.94% (0.529355), test_f1: 52.42% (0.524223)
Epoch 3 completed in 583.15 seconds (9.72 minutes)
>>>>>>>>>>>>>>>>>>>>>>>>>>>>>>>>>>>>>>>>>>>>>>>>>>>>>>>>>>>>>>>>>>>>>>>>>>>>>>>>>>>>>>>>>>>>>>>>>>>>
epoch: 4
Batch 0 completed in 1.53 seconds (0.03 minutes)
loss: 0.944175, dev_acc: 57.12% (0.571171), dev_f1: 55.78% (0.557820), test_acc: 56.80% (0.567987), test_f1: 55.45% (0.554521)
Batch 60 completed in 2.01 seconds (0.03 minutes)
New best dev_f1: 0.568788 (previous best: 0.564185)
loss: 0.914789, dev_acc: 56.36% (0.563556), dev_f1: 56.88% (0.568788), test_acc: 56.08% (0.560786), test_f1: 56.61% (0.566080)
Batch 120 completed in 1.54 seconds (0.03 minutes)
loss: 0.724173, dev_acc: 58.60% (0.585987), dev_f1: 56.09% (0.560853), test_acc: 57.84% (0.578372), test_f1: 55.48% (0.554825)
Epoch 4 completed in 584.30 seconds (9.74 minutes)
>>>>>>>>>>>>>>>>>>>>>>>>>>>>>>>>>>>>>>>>>>>>>>>>>>>>>>>>>>>>>>>>>>>>>>>>>>>>>>>>>>>>>>>>>>>>>>>>>>>>
epoch: 5
Batch 0 completed in 1.50 seconds (0.03 minutes)
New best dev_f1: 0.585060 (previous best: 0.568788)
loss: 0.910163, dev_acc: 58.13% (0.581279), dev_f1: 58.51% (0.585060), test_acc: 57.60% (0.576018), test_f1: 57.98% (0.579799)
Batch 60 completed in 1.54 seconds (0.03 minutes)
loss: 0.773811, dev_acc: 58.34% (0.583356), dev_f1: 56.91% (0.569118), test_acc: 58.11% (0.581141), test_f1: 56.76% (0.567618)
Batch 120 completed in 1.55 seconds (0.03 minutes)
New best dev_f1: 0.590833 (previous best: 0.585060)
loss: 0.898796, dev_acc: 58.65% (0.586541), dev_f1: 59.08% (0.590833), test_acc: 57.98% (0.579756), test_f1: 58.37% (0.583690)
Epoch 5 completed in 583.89 seconds (9.73 minutes)
>>>>>>>>>>>>>>>>>>>>>>>>>>>>>>>>>>>>>>>>>>>>>>>>>>>>>>>>>>>>>>>>>>>>>>>>>>>>>>>>>>>>>>>>>>>>>>>>>>>>
epoch: 6
Batch 0 completed in 1.54 seconds (0.03 minutes)
loss: 1.163049, dev_acc: 50.64% (0.506369), dev_f1: 43.04% (0.430430), test_acc: 50.00% (0.500000), test_f1: 42.41% (0.424111)
Batch 60 completed in 1.54 seconds (0.03 minutes)
loss: 0.807714, dev_acc: 58.72% (0.587233), dev_f1: 55.40% (0.553985), test_acc: 58.34% (0.583356), test_f1: 55.24% (0.552361)
Batch 120 completed in 1.55 seconds (0.03 minutes)
New best dev_f1: 0.595472 (previous best: 0.590833)
loss: 0.801909, dev_acc: 59.37% (0.593741), dev_f1: 59.55% (0.595472), test_acc: 58.63% (0.586264), test_f1: 58.77% (0.587747)
Epoch 6 completed in 581.80 seconds (9.70 minutes)
>>>>>>>>>>>>>>>>>>>>>>>>>>>>>>>>>>>>>>>>>>>>>>>>>>>>>>>>>>>>>>>>>>>>>>>>>>>>>>>>>>>>>>>>>>>>>>>>>>>>
epoch: 7
Batch 0 completed in 1.52 seconds (0.03 minutes)
loss: 0.770401, dev_acc: 58.04% (0.580449), dev_f1: 56.01% (0.560084), test_acc: 57.05% (0.570479), test_f1: 55.29% (0.552916)
Batch 60 completed in 1.53 seconds (0.03 minutes)
loss: 0.783340, dev_acc: 59.22% (0.592218), dev_f1: 58.77% (0.587744), test_acc: 58.49% (0.584880), test_f1: 58.02% (0.580162)
Batch 120 completed in 1.53 seconds (0.03 minutes)
loss: 0.842505, dev_acc: 55.41% (0.554140), dev_f1: 53.59% (0.535872), test_acc: 55.04% (0.550402), test_f1: 53.41% (0.534053)
Epoch 7 completed in 575.93 seconds (9.60 minutes)
>>>>>>>>>>>>>>>>>>>>>>>>>>>>>>>>>>>>>>>>>>>>>>>>>>>>>>>>>>>>>>>>>>>>>>>>>>>>>>>>>>>>>>>>>>>>>>>>>>>>
epoch: 8
Batch 0 completed in 1.52 seconds (0.03 minutes)
loss: 0.899128, dev_acc: 55.95% (0.559540), dev_f1: 56.38% (0.563769), test_acc: 55.83% (0.558294), test_f1: 56.22% (0.562151)
Batch 60 completed in 1.51 seconds (0.03 minutes)
loss: 0.853519, dev_acc: 55.57% (0.555663), dev_f1: 52.77% (0.527729), test_acc: 54.25% (0.542509), test_f1: 51.53% (0.515266)
Batch 120 completed in 1.53 seconds (0.03 minutes)
loss: 0.714637, dev_acc: 60.23% (0.602326), dev_f1: 59.52% (0.595209), test_acc: 60.94% (0.609388), test_f1: 60.22% (0.602184)
Epoch 8 completed in 574.85 seconds (9.58 minutes)
>>>>>>>>>>>>>>>>>>>>>>>>>>>>>>>>>>>>>>>>>>>>>>>>>>>>>>>>>>>>>>>>>>>>>>>>>>>>>>>>>>>>>>>>>>>>>>>>>>>>
epoch: 9
Batch 0 completed in 1.53 seconds (0.03 minutes)
loss: 0.903373, dev_acc: 60.38% (0.603849), dev_f1: 59.01% (0.590123), test_acc: 59.94% (0.599418), test_f1: 58.56% (0.585561)
Batch 60 completed in 1.53 seconds (0.03 minutes)
loss: 0.835818, dev_acc: 57.55% (0.575464), dev_f1: 57.95% (0.579463), test_acc: 57.71% (0.577125), test_f1: 58.13% (0.581312)
Batch 120 completed in 1.53 seconds (0.03 minutes)
loss: 0.959018, dev_acc: 59.50% (0.594988), dev_f1: 58.18% (0.581804), test_acc: 58.94% (0.589449), test_f1: 57.56% (0.575587)
Epoch 9 completed in 575.98 seconds (9.60 minutes)
>>>>>>>>>>>>>>>>>>>>>>>>>>>>>>>>>>>>>>>>>>>>>>>>>>>>>>>>>>>>>>>>>>>>>>>>>>>>>>>>>>>>>>>>>>>>>>>>>>>>
epoch: 10
Batch 0 completed in 1.53 seconds (0.03 minutes)
New best dev_f1: 0.609695 (previous best: 0.595472)
loss: 0.793773, dev_acc: 61.26% (0.612573), dev_f1: 60.97% (0.609695), test_acc: 60.77% (0.607726), test_f1: 60.55% (0.605484)
Batch 60 completed in 1.53 seconds (0.03 minutes)
loss: 0.833911, dev_acc: 60.43% (0.604265), dev_f1: 59.73% (0.597262), test_acc: 60.11% (0.601080), test_f1: 59.50% (0.595044)
Batch 120 completed in 1.53 seconds (0.03 minutes)
loss: 1.056088, dev_acc: 56.91% (0.569094), dev_f1: 52.63% (0.526254), test_acc: 56.41% (0.564110), test_f1: 52.05% (0.520479)
Epoch 10 completed in 575.22 seconds (9.59 minutes)
>>>>>>>>>>>>>>>>>>>>>>>>>>>>>>>>>>>>>>>>>>>>>>>>>>>>>>>>>>>>>>>>>>>>>>>>>>>>>>>>>>>>>>>>>>>>>>>>>>>>
epoch: 11
Batch 0 completed in 1.53 seconds (0.03 minutes)
loss: 0.827410, dev_acc: 56.01% (0.560094), dev_f1: 53.57% (0.535730), test_acc: 55.70% (0.557048), test_f1: 53.23% (0.532294)
Batch 60 completed in 1.53 seconds (0.03 minutes)
loss: 0.746713, dev_acc: 57.98% (0.579756), dev_f1: 55.71% (0.557050), test_acc: 58.07% (0.580726), test_f1: 55.88% (0.558793)
Batch 120 completed in 1.53 seconds (0.03 minutes)
loss: 0.820949, dev_acc: 59.66% (0.596649), dev_f1: 59.51% (0.595068), test_acc: 60.00% (0.599972), test_f1: 59.86% (0.598585)
Epoch 11 completed in 576.69 seconds (9.61 minutes)
>>>>>>>>>>>>>>>>>>>>>>>>>>>>>>>>>>>>>>>>>>>>>>>>>>>>>>>>>>>>>>>>>>>>>>>>>>>>>>>>>>>>>>>>>>>>>>>>>>>>
epoch: 12
Batch 0 completed in 1.53 seconds (0.03 minutes)
loss: 0.890007, dev_acc: 56.48% (0.564802), dev_f1: 51.73% (0.517327), test_acc: 56.80% (0.567987), test_f1: 52.35% (0.523501)
Batch 60 completed in 1.53 seconds (0.03 minutes)
loss: 0.722118, dev_acc: 58.92% (0.589172), dev_f1: 57.16% (0.571590), test_acc: 59.03% (0.590280), test_f1: 57.29% (0.572856)
Batch 120 completed in 1.52 seconds (0.03 minutes)
loss: 0.718035, dev_acc: 60.15% (0.601495), dev_f1: 57.65% (0.576463), test_acc: 59.33% (0.593326), test_f1: 57.00% (0.569983)
Epoch 12 completed in 576.65 seconds (9.61 minutes)
>>>>>>>>>>>>>>>>>>>>>>>>>>>>>>>>>>>>>>>>>>>>>>>>>>>>>>>>>>>>>>>>>>>>>>>>>>>>>>>>>>>>>>>>>>>>>>>>>>>>
epoch: 13
Batch 0 completed in 1.52 seconds (0.03 minutes)
loss: 0.749749, dev_acc: 59.30% (0.593049), dev_f1: 59.07% (0.590704), test_acc: 59.19% (0.591941), test_f1: 58.97% (0.589702)
Batch 60 completed in 1.53 seconds (0.03 minutes)
loss: 0.738022, dev_acc: 60.34% (0.603434), dev_f1: 60.40% (0.603976), test_acc: 61.31% (0.613127), test_f1: 61.38% (0.613816)
Batch 120 completed in 1.54 seconds (0.03 minutes)
loss: 0.986613, dev_acc: 59.43% (0.594295), dev_f1: 57.74% (0.577418), test_acc: 58.89% (0.588895), test_f1: 57.21% (0.572060)
Epoch 13 completed in 574.86 seconds (9.58 minutes)
>>>>>>>>>>>>>>>>>>>>>>>>>>>>>>>>>>>>>>>>>>>>>>>>>>>>>>>>>>>>>>>>>>>>>>>>>>>>>>>>>>>>>>>>>>>>>>>>>>>>
epoch: 14
Batch 0 completed in 1.52 seconds (0.03 minutes)
loss: 0.734517, dev_acc: 58.94% (0.589449), dev_f1: 57.32% (0.573201), test_acc: 58.96% (0.589587), test_f1: 57.36% (0.573601)
Batch 60 completed in 1.53 seconds (0.03 minutes)
loss: 0.674366, dev_acc: 60.63% (0.606342), dev_f1: 60.12% (0.601198), test_acc: 60.12% (0.601218), test_f1: 59.63% (0.596325)
Batch 120 completed in 1.49 seconds (0.02 minutes)
loss: 0.770986, dev_acc: 59.00% (0.590003), dev_f1: 59.50% (0.594984), test_acc: 59.25% (0.592495), test_f1: 59.73% (0.597320)
Epoch 14 completed in 575.36 seconds (9.59 minutes)
>>>>>>>>>>>>>>>>>>>>>>>>>>>>>>>>>>>>>>>>>>>>>>>>>>>>>>>>>>>>>>>>>>>>>>>>>>>>>>>>>>>>>>>>>>>>>>>>>>>>
epoch: 15
Batch 0 completed in 1.53 seconds (0.03 minutes)
loss: 0.679134, dev_acc: 59.57% (0.595680), dev_f1: 59.88% (0.598783), test_acc: 59.60% (0.595957), test_f1: 59.89% (0.598936)
Batch 60 completed in 1.53 seconds (0.03 minutes)
loss: 0.686455, dev_acc: 60.05% (0.600526), dev_f1: 59.10% (0.590975), test_acc: 59.76% (0.597618), test_f1: 58.83% (0.588324)
Batch 120 completed in 1.53 seconds (0.03 minutes)
loss: 1.029958, dev_acc: 57.88% (0.578787), dev_f1: 57.15% (0.571542), test_acc: 56.77% (0.567710), test_f1: 56.04% (0.560441)
Epoch 15 completed in 574.66 seconds (9.58 minutes)
>>>>>>>>>>>>>>>>>>>>>>>>>>>>>>>>>>>>>>>>>>>>>>>>>>>>>>>>>>>>>>>>>>>>>>>>>>>>>>>>>>>>>>>>>>>>>>>>>>>>
epoch: 16
Batch 0 completed in 1.97 seconds (0.03 minutes)
loss: 0.995965, dev_acc: 55.28% (0.552755), dev_f1: 52.02% (0.520245), test_acc: 55.29% (0.552894), test_f1: 51.99% (0.519886)
Batch 60 completed in 1.53 seconds (0.03 minutes)
loss: 0.696530, dev_acc: 60.63% (0.606342), dev_f1: 60.61% (0.606103), test_acc: 60.79% (0.607865), test_f1: 60.81% (0.608053)
Batch 120 completed in 1.53 seconds (0.03 minutes)
New best dev_f1: 0.610165 (previous best: 0.609695)
loss: 0.807055, dev_acc: 61.91% (0.619081), dev_f1: 61.02% (0.610165), test_acc: 61.33% (0.613265), test_f1: 60.38% (0.603841)
Epoch 16 completed in 576.22 seconds (9.60 minutes)
>>>>>>>>>>>>>>>>>>>>>>>>>>>>>>>>>>>>>>>>>>>>>>>>>>>>>>>>>>>>>>>>>>>>>>>>>>>>>>>>>>>>>>>>>>>>>>>>>>>>
epoch: 17
Batch 0 completed in 1.53 seconds (0.03 minutes)
loss: 0.670274, dev_acc: 60.20% (0.602049), dev_f1: 59.93% (0.599322), test_acc: 60.32% (0.603157), test_f1: 60.05% (0.600486)
Batch 60 completed in 1.53 seconds (0.03 minutes)
loss: 0.829697, dev_acc: 60.74% (0.607449), dev_f1: 59.71% (0.597146), test_acc: 60.20% (0.602049), test_f1: 59.21% (0.592055)
Batch 120 completed in 1.53 seconds (0.03 minutes)
loss: 0.890323, dev_acc: 60.23% (0.602326), dev_f1: 58.90% (0.589049), test_acc: 60.94% (0.609388), test_f1: 59.61% (0.596110)
Epoch 17 completed in 575.05 seconds (9.58 minutes)
>>>>>>>>>>>>>>>>>>>>>>>>>>>>>>>>>>>>>>>>>>>>>>>>>>>>>>>>>>>>>>>>>>>>>>>>>>>>>>>>>>>>>>>>>>>>>>>>>>>>
epoch: 18
Batch 0 completed in 1.52 seconds (0.03 minutes)
loss: 0.685591, dev_acc: 60.56% (0.605649), dev_f1: 59.52% (0.595163), test_acc: 61.01% (0.610080), test_f1: 59.92% (0.599226)
Batch 60 completed in 1.53 seconds (0.03 minutes)
New best dev_f1: 0.612013 (previous best: 0.610165)
loss: 0.764343, dev_acc: 61.20% (0.612019), dev_f1: 61.20% (0.612013), test_acc: 60.51% (0.605096), test_f1: 60.58% (0.605838)
Batch 120 completed in 1.98 seconds (0.03 minutes)
loss: 0.674994, dev_acc: 59.55% (0.595541), dev_f1: 59.87% (0.598687), test_acc: 59.73% (0.597341), test_f1: 60.06% (0.600566)
Epoch 18 completed in 575.71 seconds (9.60 minutes)
>>>>>>>>>>>>>>>>>>>>>>>>>>>>>>>>>>>>>>>>>>>>>>>>>>>>>>>>>>>>>>>>>>>>>>>>>>>>>>>>>>>>>>>>>>>>>>>>>>>>
epoch: 19
Batch 0 completed in 1.52 seconds (0.03 minutes)
loss: 0.945747, dev_acc: 59.28% (0.592772), dev_f1: 57.20% (0.571989), test_acc: 58.65% (0.586541), test_f1: 56.55% (0.565498)
Batch 60 completed in 1.53 seconds (0.03 minutes)
loss: 0.694572, dev_acc: 60.54% (0.605372), dev_f1: 59.30% (0.592956), test_acc: 60.43% (0.604265), test_f1: 59.24% (0.592401)
Batch 120 completed in 1.53 seconds (0.03 minutes)
loss: 0.837042, dev_acc: 57.70% (0.576987), dev_f1: 54.07% (0.540651), test_acc: 56.98% (0.569787), test_f1: 53.35% (0.533462)
Epoch 19 completed in 575.21 seconds (9.59 minutes)
>>>>>>>>>>>>>>>>>>>>>>>>>>>>>>>>>>>>>>>>>>>>>>>>>>>>>>>>>>>>>>>>>>>>>>>>>>>>>>>>>>>>>>>>>>>>>>>>>>>>
epoch: 20
Batch 0 completed in 1.53 seconds (0.03 minutes)
loss: 0.757834, dev_acc: 59.37% (0.593741), dev_f1: 58.42% (0.584220), test_acc: 58.50% (0.585018), test_f1: 57.60% (0.576038)
Batch 60 completed in 1.53 seconds (0.03 minutes)
loss: 0.839797, dev_acc: 58.03% (0.580310), dev_f1: 57.96% (0.579583), test_acc: 59.33% (0.593326), test_f1: 59.26% (0.592595)
Batch 120 completed in 1.53 seconds (0.03 minutes)
loss: 0.715022, dev_acc: 60.98% (0.609803), dev_f1: 60.42% (0.604205), test_acc: 61.35% (0.613542), test_f1: 60.85% (0.608466)
Epoch 20 completed in 576.28 seconds (9.60 minutes)
>>>>>>>>>>>>>>>>>>>>>>>>>>>>>>>>>>>>>>>>>>>>>>>>>>>>>>>>>>>>>>>>>>>>>>>>>>>>>>>>>>>>>>>>>>>>>>>>>>>>
epoch: 21
Batch 0 completed in 1.52 seconds (0.03 minutes)
loss: 0.806368, dev_acc: 59.32% (0.593187), dev_f1: 57.54% (0.575445), test_acc: 60.20% (0.602049), test_f1: 58.41% (0.584140)
Batch 60 completed in 1.53 seconds (0.03 minutes)
loss: 1.113340, dev_acc: 60.19% (0.601911), dev_f1: 58.21% (0.582146), test_acc: 59.72% (0.597203), test_f1: 57.80% (0.578024)
Batch 120 completed in 1.53 seconds (0.03 minutes)
loss: 0.631157, dev_acc: 61.60% (0.616034), dev_f1: 61.10% (0.610992), test_acc: 62.23% (0.622265), test_f1: 61.75% (0.617455)
Epoch 21 completed in 577.44 seconds (9.62 minutes)
>>>>>>>>>>>>>>>>>>>>>>>>>>>>>>>>>>>>>>>>>>>>>>>>>>>>>>>>>>>>>>>>>>>>>>>>>>>>>>>>>>>>>>>>>>>>>>>>>>>>
epoch: 22
Batch 0 completed in 1.53 seconds (0.03 minutes)
loss: 0.875416, dev_acc: 55.46% (0.554556), dev_f1: 52.73% (0.527252), test_acc: 56.59% (0.565910), test_f1: 53.87% (0.538684)
Batch 60 completed in 1.53 seconds (0.03 minutes)
loss: 0.848839, dev_acc: 56.88% (0.568818), dev_f1: 57.35% (0.573484), test_acc: 57.08% (0.570756), test_f1: 57.48% (0.574824)
Batch 120 completed in 1.52 seconds (0.03 minutes)
loss: 0.749030, dev_acc: 60.88% (0.608834), dev_f1: 60.29% (0.602865), test_acc: 60.91% (0.609111), test_f1: 60.36% (0.603582)
Epoch 22 completed in 573.15 seconds (9.55 minutes)
>>>>>>>>>>>>>>>>>>>>>>>>>>>>>>>>>>>>>>>>>>>>>>>>>>>>>>>>>>>>>>>>>>>>>>>>>>>>>>>>>>>>>>>>>>>>>>>>>>>>
epoch: 23
Batch 0 completed in 1.51 seconds (0.03 minutes)
loss: 0.765077, dev_acc: 58.46% (0.584603), dev_f1: 58.82% (0.588169), test_acc: 59.93% (0.599280), test_f1: 60.25% (0.602491)
Batch 60 completed in 1.48 seconds (0.02 minutes)
loss: 0.611403, dev_acc: 59.32% (0.593187), dev_f1: 59.52% (0.595182), test_acc: 60.23% (0.602326), test_f1: 60.34% (0.603436)
Batch 120 completed in 1.52 seconds (0.03 minutes)
loss: 0.685006, dev_acc: 60.97% (0.609665), dev_f1: 60.94% (0.609366), test_acc: 61.84% (0.618388), test_f1: 61.77% (0.617690)
Epoch 23 completed in 568.08 seconds (9.47 minutes)
>>>>>>>>>>>>>>>>>>>>>>>>>>>>>>>>>>>>>>>>>>>>>>>>>>>>>>>>>>>>>>>>>>>>>>>>>>>>>>>>>>>>>>>>>>>>>>>>>>>>
epoch: 24
Batch 0 completed in 1.51 seconds (0.03 minutes)
loss: 0.791613, dev_acc: 59.40% (0.594018), dev_f1: 58.70% (0.587046), test_acc: 58.97% (0.589726), test_f1: 58.34% (0.583399)
Batch 60 completed in 1.52 seconds (0.03 minutes)
loss: 0.621501, dev_acc: 59.12% (0.591249), dev_f1: 58.54% (0.585385), test_acc: 59.46% (0.594572), test_f1: 58.97% (0.589736)
Batch 120 completed in 1.52 seconds (0.03 minutes)
loss: 0.738405, dev_acc: 60.36% (0.603572), dev_f1: 59.39% (0.593884), test_acc: 61.28% (0.612850), test_f1: 60.42% (0.604238)
Epoch 24 completed in 569.92 seconds (9.50 minutes)
>>>>>>>>>>>>>>>>>>>>>>>>>>>>>>>>>>>>>>>>>>>>>>>>>>>>>>>>>>>>>>>>>>>>>>>>>>>>>>>>>>>>>>>>>>>>>>>>>>>>
epoch: 25
Batch 0 completed in 1.51 seconds (0.03 minutes)
loss: 0.694362, dev_acc: 59.82% (0.598172), dev_f1: 59.34% (0.593369), test_acc: 59.62% (0.596234), test_f1: 59.17% (0.591743)
Batch 60 completed in 1.52 seconds (0.03 minutes)
loss: 0.572028, dev_acc: 59.12% (0.591249), dev_f1: 59.55% (0.595549), test_acc: 59.64% (0.596372), test_f1: 60.08% (0.600751)
Batch 120 completed in 1.52 seconds (0.03 minutes)
loss: 0.713021, dev_acc: 60.14% (0.601357), dev_f1: 60.44% (0.604431), test_acc: 59.84% (0.598449), test_f1: 60.17% (0.601704)
Epoch 25 completed in 569.31 seconds (9.49 minutes)
>>>>>>>>>>>>>>>>>>>>>>>>>>>>>>>>>>>>>>>>>>>>>>>>>>>>>>>>>>>>>>>>>>>>>>>>>>>>>>>>>>>>>>>>>>>>>>>>>>>>
epoch: 26
Batch 0 completed in 1.52 seconds (0.03 minutes)
loss: 0.629060, dev_acc: 60.43% (0.604265), dev_f1: 60.78% (0.607787), test_acc: 61.02% (0.610219), test_f1: 61.36% (0.613634)
Batch 60 completed in 1.52 seconds (0.03 minutes)
loss: 0.660586, dev_acc: 59.12% (0.591249), dev_f1: 57.19% (0.571934), test_acc: 59.11% (0.591110), test_f1: 57.27% (0.572716)
Batch 120 completed in 1.52 seconds (0.03 minutes)
loss: 0.721322, dev_acc: 60.37% (0.603711), dev_f1: 59.66% (0.596614), test_acc: 61.05% (0.610496), test_f1: 60.34% (0.603367)
Epoch 26 completed in 568.44 seconds (9.47 minutes)
>>>>>>>>>>>>>>>>>>>>>>>>>>>>>>>>>>>>>>>>>>>>>>>>>>>>>>>>>>>>>>>>>>>>>>>>>>>>>>>>>>>>>>>>>>>>>>>>>>>>
epoch: 27
Batch 0 completed in 1.51 seconds (0.03 minutes)
loss: 0.593924, dev_acc: 57.42% (0.574218), dev_f1: 56.92% (0.569239), test_acc: 58.28% (0.582803), test_f1: 57.76% (0.577640)
Batch 60 completed in 1.52 seconds (0.03 minutes)
New best dev_f1: 0.612261 (previous best: 0.612013)
loss: 0.645946, dev_acc: 61.42% (0.614234), dev_f1: 61.23% (0.612261), test_acc: 61.62% (0.616173), test_f1: 61.41% (0.614137)
Batch 120 completed in 1.52 seconds (0.03 minutes)
loss: 0.780512, dev_acc: 60.22% (0.602188), dev_f1: 60.49% (0.604927), test_acc: 60.41% (0.604126), test_f1: 60.65% (0.606506)
Epoch 27 completed in 567.46 seconds (9.46 minutes)
>>>>>>>>>>>>>>>>>>>>>>>>>>>>>>>>>>>>>>>>>>>>>>>>>>>>>>>>>>>>>>>>>>>>>>>>>>>>>>>>>>>>>>>>>>>>>>>>>>>>
epoch: 28
Batch 0 completed in 1.51 seconds (0.03 minutes)
loss: 0.626268, dev_acc: 57.84% (0.578372), dev_f1: 58.33% (0.583324), test_acc: 57.84% (0.578372), test_f1: 58.35% (0.583451)
Batch 60 completed in 1.52 seconds (0.03 minutes)
loss: 0.694944, dev_acc: 61.42% (0.614234), dev_f1: 59.85% (0.598498), test_acc: 61.46% (0.614650), test_f1: 60.01% (0.600075)
Batch 120 completed in 1.51 seconds (0.03 minutes)
loss: 0.852434, dev_acc: 56.38% (0.563833), dev_f1: 56.62% (0.566248), test_acc: 56.87% (0.568679), test_f1: 57.10% (0.570995)
Epoch 28 completed in 568.28 seconds (9.47 minutes)
>>>>>>>>>>>>>>>>>>>>>>>>>>>>>>>>>>>>>>>>>>>>>>>>>>>>>>>>>>>>>>>>>>>>>>>>>>>>>>>>>>>>>>>>>>>>>>>>>>>>
epoch: 29
Batch 0 completed in 1.51 seconds (0.03 minutes)
loss: 0.840510, dev_acc: 59.80% (0.598034), dev_f1: 57.34% (0.573448), test_acc: 59.48% (0.594849), test_f1: 56.92% (0.569205)
Batch 60 completed in 1.52 seconds (0.03 minutes)
loss: 0.669639, dev_acc: 59.19% (0.591941), dev_f1: 55.83% (0.558322), test_acc: 58.82% (0.588203), test_f1: 55.44% (0.554380)
Batch 120 completed in 1.52 seconds (0.03 minutes)
loss: 0.682383, dev_acc: 59.65% (0.596511), dev_f1: 58.82% (0.588225), test_acc: 61.22% (0.612157), test_f1: 60.42% (0.604162)
Epoch 29 completed in 568.02 seconds (9.47 minutes)
>>>>>>>>>>>>>>>>>>>>>>>>>>>>>>>>>>>>>>>>>>>>>>>>>>>>>>>>>>>>>>>>>>>>>>>>>>>>>>>>>>>>>>>>>>>>>>>>>>>>
epoch: 30
Batch 0 completed in 1.51 seconds (0.03 minutes)
New best dev_f1: 0.623338 (previous best: 0.612261)
loss: 0.752757, dev_acc: 62.43% (0.624342), dev_f1: 62.33% (0.623338), test_acc: 62.45% (0.624481), test_f1: 62.35% (0.623480)
Batch 60 completed in 1.47 seconds (0.02 minutes)
loss: 0.751189, dev_acc: 60.73% (0.607311), dev_f1: 58.41% (0.584068), test_acc: 60.74% (0.607449), test_f1: 58.52% (0.585229)
Batch 120 completed in 1.48 seconds (0.02 minutes)
loss: 0.776931, dev_acc: 61.27% (0.612711), dev_f1: 60.47% (0.604739), test_acc: 62.02% (0.620188), test_f1: 61.19% (0.611929)
Epoch 30 completed in 568.46 seconds (9.47 minutes)
>>>>>>>>>>>>>>>>>>>>>>>>>>>>>>>>>>>>>>>>>>>>>>>>>>>>>>>>>>>>>>>>>>>>>>>>>>>>>>>>>>>>>>>>>>>>>>>>>>>>
epoch: 31
Batch 0 completed in 1.51 seconds (0.03 minutes)
loss: 0.748168, dev_acc: 60.50% (0.604957), dev_f1: 60.39% (0.603868), test_acc: 61.10% (0.611050), test_f1: 60.99% (0.609929)
Batch 60 completed in 1.52 seconds (0.03 minutes)
loss: 0.616132, dev_acc: 60.70% (0.607034), dev_f1: 60.04% (0.600388), test_acc: 60.87% (0.608696), test_f1: 60.21% (0.602109)
Batch 120 completed in 1.52 seconds (0.03 minutes)
loss: 0.566030, dev_acc: 61.38% (0.613819), dev_f1: 60.98% (0.609750), test_acc: 62.57% (0.625727), test_f1: 62.12% (0.621242)
Epoch 31 completed in 569.25 seconds (9.49 minutes)
>>>>>>>>>>>>>>>>>>>>>>>>>>>>>>>>>>>>>>>>>>>>>>>>>>>>>>>>>>>>>>>>>>>>>>>>>>>>>>>>>>>>>>>>>>>>>>>>>>>>
epoch: 32
Batch 0 completed in 1.51 seconds (0.03 minutes)
loss: 0.760164, dev_acc: 59.30% (0.593049), dev_f1: 59.16% (0.591602), test_acc: 59.36% (0.593603), test_f1: 59.34% (0.593418)
Batch 60 completed in 1.50 seconds (0.03 minutes)
loss: 0.708874, dev_acc: 61.16% (0.611603), dev_f1: 60.50% (0.604969), test_acc: 61.71% (0.617142), test_f1: 61.08% (0.610791)
Batch 120 completed in 1.51 seconds (0.03 minutes)
loss: 0.776638, dev_acc: 61.88% (0.618804), dev_f1: 61.81% (0.618076), test_acc: 62.17% (0.621711), test_f1: 62.09% (0.620919)
Epoch 32 completed in 567.78 seconds (9.46 minutes)
>>>>>>>>>>>>>>>>>>>>>>>>>>>>>>>>>>>>>>>>>>>>>>>>>>>>>>>>>>>>>>>>>>>>>>>>>>>>>>>>>>>>>>>>>>>>>>>>>>>>
epoch: 33
Batch 0 completed in 1.51 seconds (0.03 minutes)
loss: 0.710103, dev_acc: 60.92% (0.609250), dev_f1: 59.69% (0.596931), test_acc: 61.13% (0.611327), test_f1: 59.83% (0.598270)
Batch 60 completed in 1.52 seconds (0.03 minutes)
loss: 0.624383, dev_acc: 61.27% (0.612711), dev_f1: 59.34% (0.593362), test_acc: 61.59% (0.615896), test_f1: 59.62% (0.596160)
Batch 120 completed in 1.51 seconds (0.03 minutes)
loss: 0.923476, dev_acc: 59.60% (0.595957), dev_f1: 59.87% (0.598692), test_acc: 60.19% (0.601911), test_f1: 60.46% (0.604622)
Epoch 33 completed in 565.11 seconds (9.42 minutes)
>>>>>>>>>>>>>>>>>>>>>>>>>>>>>>>>>>>>>>>>>>>>>>>>>>>>>>>>>>>>>>>>>>>>>>>>>>>>>>>>>>>>>>>>>>>>>>>>>>>>
epoch: 34
Batch 0 completed in 1.51 seconds (0.03 minutes)
loss: 0.645990, dev_acc: 61.31% (0.613127), dev_f1: 61.52% (0.615190), test_acc: 61.56% (0.615619), test_f1: 61.76% (0.617622)
Batch 60 completed in 1.51 seconds (0.03 minutes)
loss: 0.735057, dev_acc: 58.61% (0.586126), dev_f1: 58.97% (0.589677), test_acc: 58.20% (0.581972), test_f1: 58.58% (0.585809)
Batch 120 completed in 1.52 seconds (0.03 minutes)
loss: 0.727895, dev_acc: 60.55% (0.605511), dev_f1: 59.30% (0.592999), test_acc: 61.64% (0.616450), test_f1: 60.43% (0.604276)
Epoch 34 completed in 566.97 seconds (9.45 minutes)
>>>>>>>>>>>>>>>>>>>>>>>>>>>>>>>>>>>>>>>>>>>>>>>>>>>>>>>>>>>>>>>>>>>>>>>>>>>>>>>>>>>>>>>>>>>>>>>>>>>>
epoch: 35
Batch 0 completed in 1.51 seconds (0.03 minutes)
loss: 0.732989, dev_acc: 60.29% (0.602880), dev_f1: 59.10% (0.590986), test_acc: 59.48% (0.594849), test_f1: 58.23% (0.582288)
Batch 60 completed in 1.51 seconds (0.03 minutes)
loss: 0.706377, dev_acc: 59.21% (0.592080), dev_f1: 58.20% (0.582027), test_acc: 59.37% (0.593741), test_f1: 58.44% (0.584422)
Batch 120 completed in 1.52 seconds (0.03 minutes)
loss: 0.584746, dev_acc: 61.38% (0.613819), dev_f1: 60.99% (0.609855), test_acc: 62.14% (0.621435), test_f1: 61.73% (0.617291)
Epoch 35 completed in 565.87 seconds (9.43 minutes)
>>>>>>>>>>>>>>>>>>>>>>>>>>>>>>>>>>>>>>>>>>>>>>>>>>>>>>>>>>>>>>>>>>>>>>>>>>>>>>>>>>>>>>>>>>>>>>>>>>>>
epoch: 36
Batch 0 completed in 1.51 seconds (0.03 minutes)
loss: 0.759034, dev_acc: 57.48% (0.574772), dev_f1: 57.80% (0.578011), test_acc: 57.53% (0.575325), test_f1: 57.86% (0.578559)
Batch 60 completed in 1.52 seconds (0.03 minutes)
loss: 0.653043, dev_acc: 59.48% (0.594849), dev_f1: 59.82% (0.598189), test_acc: 59.06% (0.590557), test_f1: 59.41% (0.594121)
Batch 120 completed in 1.52 seconds (0.03 minutes)
loss: 0.663254, dev_acc: 60.68% (0.606757), dev_f1: 59.57% (0.595746), test_acc: 61.06% (0.610634), test_f1: 60.04% (0.600357)
Epoch 36 completed in 565.67 seconds (9.43 minutes)
>>>>>>>>>>>>>>>>>>>>>>>>>>>>>>>>>>>>>>>>>>>>>>>>>>>>>>>>>>>>>>>>>>>>>>>>>>>>>>>>>>>>>>>>>>>>>>>>>>>>
epoch: 37
Batch 0 completed in 1.51 seconds (0.03 minutes)
loss: 0.793119, dev_acc: 59.03% (0.590280), dev_f1: 59.53% (0.595314), test_acc: 59.80% (0.598034), test_f1: 60.28% (0.602806)
Batch 60 completed in 1.51 seconds (0.03 minutes)
loss: 0.622783, dev_acc: 60.43% (0.604265), dev_f1: 58.98% (0.589791), test_acc: 60.90% (0.608973), test_f1: 59.53% (0.595279)
Batch 120 completed in 1.51 seconds (0.03 minutes)
loss: 0.650676, dev_acc: 62.30% (0.622958), dev_f1: 62.18% (0.621771), test_acc: 62.71% (0.627112), test_f1: 62.61% (0.626143)
Epoch 37 completed in 565.43 seconds (9.42 minutes)
>>>>>>>>>>>>>>>>>>>>>>>>>>>>>>>>>>>>>>>>>>>>>>>>>>>>>>>>>>>>>>>>>>>>>>>>>>>>>>>>>>>>>>>>>>>>>>>>>>>>
epoch: 38
Batch 0 completed in 1.51 seconds (0.03 minutes)
loss: 0.748460, dev_acc: 54.65% (0.546525), dev_f1: 52.94% (0.529399), test_acc: 54.57% (0.545694), test_f1: 53.00% (0.530022)
Batch 60 completed in 1.52 seconds (0.03 minutes)
loss: 0.598926, dev_acc: 61.31% (0.613127), dev_f1: 59.74% (0.597406), test_acc: 60.19% (0.601911), test_f1: 58.57% (0.585721)
Batch 120 completed in 1.94 seconds (0.03 minutes)
loss: 0.706307, dev_acc: 61.82% (0.618250), dev_f1: 60.54% (0.605392), test_acc: 61.52% (0.615204), test_f1: 60.20% (0.601965)
Epoch 38 completed in 566.10 seconds (9.44 minutes)
>>>>>>>>>>>>>>>>>>>>>>>>>>>>>>>>>>>>>>>>>>>>>>>>>>>>>>>>>>>>>>>>>>>>>>>>>>>>>>>>>>>>>>>>>>>>>>>>>>>>
epoch: 39
Batch 0 completed in 1.51 seconds (0.03 minutes)
loss: 0.739367, dev_acc: 61.96% (0.619634), dev_f1: 61.13% (0.611321), test_acc: 61.76% (0.617557), test_f1: 60.78% (0.607792)
Batch 60 completed in 1.50 seconds (0.02 minutes)
loss: 0.771521, dev_acc: 61.02% (0.610219), dev_f1: 60.35% (0.603528), test_acc: 61.81% (0.618111), test_f1: 61.19% (0.611863)
Batch 120 completed in 1.51 seconds (0.03 minutes)
loss: 0.700480, dev_acc: 60.79% (0.607865), dev_f1: 58.85% (0.588545), test_acc: 60.52% (0.605234), test_f1: 58.46% (0.584593)
Epoch 39 completed in 566.17 seconds (9.44 minutes)
RESULT: Max Dev F1: 0.623338, Max Test F1: 0.623480
Training complete. Generating confusion matrix on the test set.
Confusion matrix saved to /home/rgg2706/Multimodal-Sentiment-Analysis/Logs/HHMAFM/2024-11-12/sub-1/013_Nov-12-2024_12:00_AM/confusion_matrix.png
Reading TensorBoard loss at each epoch:
Available tags: {'images': [], 'audio': [], 'histograms': [], 'scalars': ['Loss/train', 'Loss/val'], 'distributions': [], 'tensors': [], 'graph': False, 'meta_graph': False, 'run_metadata': []}
Output File: /home/rgg2706/Multimodal-Sentiment-Analysis/Logs/HHMAFM/2024-11-12/sub-1/013_Nov-12-2024_12:00_AM/trainval_loss_curves.png
Training and validation loss curves saved to /home/rgg2706/Multimodal-Sentiment-Analysis/Logs/HHMAFM/2024-11-12/sub-1/013_Nov-12-2024_12:00_AM/trainval_loss_curves.png
Total Completion Time: 388.03 minutes. (6.47 hours) 
