SLURM Job ID: 20077957
The first version with resnset
Model: MOASC4
Dataset: MOA-MVSA-single
directory /home/rgg2706/Multimodal-Sentiment-Analysis/Datasets/MOA-MVSA-single exists
directory /home/rgg2706/Multimodal-Sentiment-Analysis/Datasets/MOA-MVSA-multiple exists
directory /home/rgg2706/Multimodal-Sentiment-Analysis/Models/MOASC4/SaveFiles/SentimentClassifier exists
57
Loading dataset from: /home/rgg2706/Multimodal-Sentiment-Analysis/Datasets/MOA-MVSA-single
/home/rgg2706/Multimodal-Sentiment-Analysis/Datasets/MOA-MVSA-single/text
/home/rgg2706/Multimodal-Sentiment-Analysis/Datasets/MOA-MVSA-single/image
[DEBUG] Now in dataset directory for labels: /home/rgg2706/Multimodal-Sentiment-Analysis/Datasets/MOA-MVSA-single
[DEBUG] About to read labels from: /home/rgg2706/Multimodal-Sentiment-Analysis/Datasets/MOA-MVSA-single/labels.csv
Dataset directory is: /home/rgg2706/Multimodal-Sentiment-Analysis/Datasets/MOA-MVSA-single
Files in dataset directory: ['labels.csv', 'text', 'image']
   ID  text  image
0   1     2      1
1   2     2      1
2   3     2      1
3   4     1      1
4   5     1      1
5   6     1      1
6   7     1      1
7   8     2      1
8   9     1      1
9  10     0      0

[DEBUG] First 5 training texts:
    ID: 2 | Overall sentiment: 1 | Text: grattis min griskulting!!?? va bara tvungen oki s? sch ? ingenkommerattrodig pig happybday wow lovely cut 
    ID: 3 | Overall sentiment: 1 | Text:  polynminion  the moment  i found my favourite tv character. profoundlove 
    ID: 4 | Overall sentiment: 1 | Text: esco  we have a young and energetic team and we pride ourselves on offering the highes hoer 
    ID: 6 | Overall sentiment: 1 | Text:  babeshawnmendes that was really energetic 
    ID: 7 | Overall sentiment: 1 | Text:  deepikapadukone  to my most hard workingfun loving and energetic team.. thank you and  i love you! 
Train samples: 3653
Validation samples: 406
Test samples: 452
Total samples: 4511
Train label distribution: Negative=1104, Positive=2170, Neutral=379
Val   label distribution: Negative=121, Positive=246, Neutral=39
Test  label distribution: Negative=133, Positive=267, Neutral=52
Overall label distribution: Negative=1358, Positive=2683, Neutral=470
    Iteration 20 of epoch 1 completed. Loss : 1.0982192754745483 Accuracy : 53.12
    Iteration 40 of epoch 1 completed. Loss : 1.0957199335098267 Accuracy : 50.00
    Iteration 60 of epoch 1 completed. Loss : 1.0889708995819092 Accuracy : 43.75
    Iteration 80 of epoch 1 completed. Loss : 1.0841798782348633 Accuracy : 46.88
    Iteration 100 of epoch 1 completed. Loss : 1.1030678749084473 Accuracy : 43.75
Best validation accuracy improved from 0.0 to 0.4831730769230769
Epoch 1 completed. Test dataset:
	 Loss: 1.0616
	 Accuracy : 44.38
	 Average recall: 0.3213
	 F1_PN: 0.4377
	 Macro-F1: 0.2918
	 Weighted-F1: 0.4365

Best test accuracy improved from 0.0 to 0.44375, saving model...
    Iteration 20 of epoch 2 completed. Loss : 1.0432953834533691 Accuracy : 75.00
    Iteration 40 of epoch 2 completed. Loss : 1.0887244939804077 Accuracy : 65.62
    Iteration 60 of epoch 2 completed. Loss : 1.0007500648498535 Accuracy : 62.50
    Iteration 80 of epoch 2 completed. Loss : 0.8771283030509949 Accuracy : 68.75
    Iteration 100 of epoch 2 completed. Loss : 1.073909878730774 Accuracy : 62.50
Best validation accuracy improved from 0.4831730769230769 to 0.6907779720279721
Epoch 2 completed. Test dataset:
	 Loss: 0.8683
	 Accuracy : 69.79
	 Average recall: 0.5229
	 F1_PN: 0.7079
	 Macro-F1: 0.5019
	 Weighted-F1: 0.6733

Best test accuracy improved from 0.44375 to 0.6979166666666666, saving model...
    Iteration 20 of epoch 3 completed. Loss : 0.8738956451416016 Accuracy : 71.88
    Iteration 40 of epoch 3 completed. Loss : 0.7862744927406311 Accuracy : 84.38
    Iteration 60 of epoch 3 completed. Loss : 0.7843520641326904 Accuracy : 78.12
    Iteration 80 of epoch 3 completed. Loss : 0.8178281784057617 Accuracy : 71.88
    Iteration 100 of epoch 3 completed. Loss : 0.7721474766731262 Accuracy : 78.12
Best validation accuracy improved from 0.6907779720279721 to 0.7135052447552448
Epoch 3 completed. Test dataset:
	 Loss: 0.8646
	 Accuracy : 66.67
	 Average recall: 0.5121
	 F1_PN: 0.6730
	 Macro-F1: 0.4927
	 Weighted-F1: 0.6450

    Iteration 20 of epoch 4 completed. Loss : 0.8153780698776245 Accuracy : 71.88
    Iteration 40 of epoch 4 completed. Loss : 0.6358901858329773 Accuracy : 93.75
    Iteration 60 of epoch 4 completed. Loss : 0.6220809817314148 Accuracy : 96.88
    Iteration 80 of epoch 4 completed. Loss : 0.743024468421936 Accuracy : 78.12
    Iteration 100 of epoch 4 completed. Loss : 0.7241373062133789 Accuracy : 87.50
Epoch 4 completed. Test dataset:
	 Loss: 0.8599
	 Accuracy : 68.54
	 Average recall: 0.5932
	 F1_PN: 0.7009
	 Macro-F1: 0.5455
	 Weighted-F1: 0.6732

    Iteration 20 of epoch 5 completed. Loss : 0.620334804058075 Accuracy : 90.62
    Iteration 40 of epoch 5 completed. Loss : 0.6172981858253479 Accuracy : 93.75
    Iteration 60 of epoch 5 completed. Loss : 0.6477893590927124 Accuracy : 93.75
    Iteration 80 of epoch 5 completed. Loss : 0.6368052363395691 Accuracy : 93.75
    Iteration 100 of epoch 5 completed. Loss : 0.6061228513717651 Accuracy : 96.88
Epoch 5 completed. Test dataset:
	 Loss: 0.8663
	 Accuracy : 68.33
	 Average recall: 0.5873
	 F1_PN: 0.6963
	 Macro-F1: 0.5552
	 Weighted-F1: 0.6746

    Iteration 20 of epoch 6 completed. Loss : 0.5856187343597412 Accuracy : 96.88
    Iteration 40 of epoch 6 completed. Loss : 0.654915988445282 Accuracy : 90.62
    Iteration 60 of epoch 6 completed. Loss : 0.6049929857254028 Accuracy : 96.88
    Iteration 80 of epoch 6 completed. Loss : 0.6518449783325195 Accuracy : 93.75
    Iteration 100 of epoch 6 completed. Loss : 0.5985081195831299 Accuracy : 96.88
Best validation accuracy improved from 0.7135052447552448 to 0.7218094405594405
Epoch 6 completed. Test dataset:
	 Loss: 0.8584
	 Accuracy : 68.33
	 Average recall: 0.5723
	 F1_PN: 0.6892
	 Macro-F1: 0.5341
	 Weighted-F1: 0.6692

    Iteration 20 of epoch 7 completed. Loss : 0.5781419277191162 Accuracy : 96.88
    Iteration 40 of epoch 7 completed. Loss : 0.5680060982704163 Accuracy : 96.88
    Iteration 60 of epoch 7 completed. Loss : 0.6022828221321106 Accuracy : 96.88
    Iteration 80 of epoch 7 completed. Loss : 0.6395189166069031 Accuracy : 93.75
    Iteration 100 of epoch 7 completed. Loss : 0.5937975645065308 Accuracy : 96.88
Best validation accuracy improved from 0.7218094405594405 to 0.7242132867132867
Epoch 7 completed. Test dataset:
	 Loss: 0.8565
	 Accuracy : 68.12
	 Average recall: 0.5630
	 F1_PN: 0.6860
	 Macro-F1: 0.5306
	 Weighted-F1: 0.6655

    Iteration 20 of epoch 8 completed. Loss : 0.6373763680458069 Accuracy : 93.75
    Iteration 40 of epoch 8 completed. Loss : 0.5981518030166626 Accuracy : 93.75
    Iteration 60 of epoch 8 completed. Loss : 0.6047518253326416 Accuracy : 96.88
    Iteration 80 of epoch 8 completed. Loss : 0.6425319314002991 Accuracy : 93.75
    Iteration 100 of epoch 8 completed. Loss : 0.5667474269866943 Accuracy : 100.00
Best validation accuracy improved from 0.7242132867132867 to 0.729020979020979
Epoch 8 completed. Test dataset:
	 Loss: 0.8594
	 Accuracy : 68.33
	 Average recall: 0.5632
	 F1_PN: 0.6864
	 Macro-F1: 0.5324
	 Weighted-F1: 0.6662

    Iteration 20 of epoch 9 completed. Loss : 0.6376327872276306 Accuracy : 93.75
    Iteration 40 of epoch 9 completed. Loss : 0.5681729912757874 Accuracy : 96.88
    Iteration 60 of epoch 9 completed. Loss : 0.6017897129058838 Accuracy : 96.88
    Iteration 80 of epoch 9 completed. Loss : 0.6398982405662537 Accuracy : 93.75
    Iteration 100 of epoch 9 completed. Loss : 0.5818144083023071 Accuracy : 96.88
Best validation accuracy improved from 0.729020979020979 to 0.7303321678321678
Epoch 9 completed. Test dataset:
	 Loss: 0.8573
	 Accuracy : 68.33
	 Average recall: 0.5632
	 F1_PN: 0.6864
	 Macro-F1: 0.5324
	 Weighted-F1: 0.6662

    Iteration 20 of epoch 10 completed. Loss : 0.6343472599983215 Accuracy : 93.75
    Iteration 40 of epoch 10 completed. Loss : 0.5671346783638 Accuracy : 96.88
    Iteration 60 of epoch 10 completed. Loss : 0.6033878922462463 Accuracy : 96.88
    Iteration 80 of epoch 10 completed. Loss : 0.6396880745887756 Accuracy : 93.75
    Iteration 100 of epoch 10 completed. Loss : 0.5584911108016968 Accuracy : 100.00
Best validation accuracy improved from 0.7303321678321678 to 0.7351398601398601
Epoch 10 completed. Test dataset:
	 Loss: 0.8581
	 Accuracy : 67.92
	 Average recall: 0.5604
	 F1_PN: 0.6863
	 Macro-F1: 0.5269
	 Weighted-F1: 0.6613

    Iteration 20 of epoch 11 completed. Loss : 0.5780616998672485 Accuracy : 96.88
    Iteration 40 of epoch 11 completed. Loss : 0.568302571773529 Accuracy : 96.88
    Iteration 60 of epoch 11 completed. Loss : 0.6026326417922974 Accuracy : 96.88
    Iteration 80 of epoch 11 completed. Loss : 0.6404046416282654 Accuracy : 93.75
    Iteration 100 of epoch 11 completed. Loss : 0.5580190420150757 Accuracy : 100.00
Epoch 11 completed. Test dataset:
	 Loss: 0.8584
	 Accuracy : 68.54
	 Average recall: 0.5601
	 F1_PN: 0.6911
	 Macro-F1: 0.5276
	 Weighted-F1: 0.6643

    Iteration 20 of epoch 12 completed. Loss : 0.578213632106781 Accuracy : 96.88
    Iteration 40 of epoch 12 completed. Loss : 0.5663914084434509 Accuracy : 96.88
    Iteration 60 of epoch 12 completed. Loss : 0.6003823280334473 Accuracy : 96.88
    Iteration 80 of epoch 12 completed. Loss : 0.6407037973403931 Accuracy : 93.75
    Iteration 100 of epoch 12 completed. Loss : 0.5565445423126221 Accuracy : 100.00
Epoch 12 completed. Test dataset:
	 Loss: 0.8574
	 Accuracy : 68.33
	 Average recall: 0.5591
	 F1_PN: 0.6903
	 Macro-F1: 0.5260
	 Weighted-F1: 0.6629

    Iteration 20 of epoch 13 completed. Loss : 0.5739560723304749 Accuracy : 96.88
    Iteration 40 of epoch 13 completed. Loss : 0.5661579370498657 Accuracy : 96.88
    Iteration 60 of epoch 13 completed. Loss : 0.6029782891273499 Accuracy : 96.88
    Iteration 80 of epoch 13 completed. Loss : 0.6386479735374451 Accuracy : 93.75
    Iteration 100 of epoch 13 completed. Loss : 0.5542071461677551 Accuracy : 100.00
Epoch 13 completed. Test dataset:
	 Loss: 0.8589
	 Accuracy : 68.54
	 Average recall: 0.5580
	 F1_PN: 0.6920
	 Macro-F1: 0.5263
	 Weighted-F1: 0.6606

    Iteration 20 of epoch 14 completed. Loss : 0.5757193565368652 Accuracy : 96.88
    Iteration 40 of epoch 14 completed. Loss : 0.5672240257263184 Accuracy : 96.88
    Iteration 60 of epoch 14 completed. Loss : 0.59932941198349 Accuracy : 96.88
    Iteration 80 of epoch 14 completed. Loss : 0.6384652853012085 Accuracy : 93.75
    Iteration 100 of epoch 14 completed. Loss : 0.5528807044029236 Accuracy : 100.00
Epoch 14 completed. Test dataset:
	 Loss: 0.8613
	 Accuracy : 68.33
	 Average recall: 0.5535
	 F1_PN: 0.6887
	 Macro-F1: 0.5241
	 Weighted-F1: 0.6587

    Iteration 20 of epoch 15 completed. Loss : 0.5738093256950378 Accuracy : 96.88
    Iteration 40 of epoch 15 completed. Loss : 0.5659105181694031 Accuracy : 96.88
    Iteration 60 of epoch 15 completed. Loss : 0.6022540330886841 Accuracy : 96.88
    Iteration 80 of epoch 15 completed. Loss : 0.6410714387893677 Accuracy : 93.75
    Iteration 100 of epoch 15 completed. Loss : 0.5525763630867004 Accuracy : 100.00
Epoch 15 completed. Test dataset:
	 Loss: 0.8622
	 Accuracy : 68.75
	 Average recall: 0.5560
	 F1_PN: 0.6931
	 Macro-F1: 0.5270
	 Weighted-F1: 0.6626

Train/val/test loss curve saved to /home/rgg2706/Multimodal-Sentiment-Analysis/Logs/MOASC4/2025-03-21/sub-1/007_Mar-21-2025_12:07_AM/train_val_test_loss_curve.png
Confusion matrix saved to /home/rgg2706/Multimodal-Sentiment-Analysis/Logs/MOASC4/2025-03-21/sub-1/007_Mar-21-2025_12:07_AM/confusion_matrix.png
