SLURM Job ID: 20077737
The first version with resnset
Model: MOASC4
Dataset: MOA-MVSA-single
directory /home/rgg2706/Multimodal-Sentiment-Analysis/Datasets/MOA-MVSA-single exists
directory /home/rgg2706/Multimodal-Sentiment-Analysis/Datasets/MOA-MVSA-multiple exists
directory /home/rgg2706/Multimodal-Sentiment-Analysis/Models/MOASC4/SaveFiles/SentimentClassifier exists
34
Loading dataset from: /home/rgg2706/Multimodal-Sentiment-Analysis/Datasets/MOA-MVSA-single
/home/rgg2706/Multimodal-Sentiment-Analysis/Datasets/MOA-MVSA-single/text
/home/rgg2706/Multimodal-Sentiment-Analysis/Datasets/MOA-MVSA-single/image
[DEBUG] Now in dataset directory for labels: /home/rgg2706/Multimodal-Sentiment-Analysis/Datasets/MOA-MVSA-single
[DEBUG] About to read labels from: /home/rgg2706/Multimodal-Sentiment-Analysis/Datasets/MOA-MVSA-single/labels.csv
Dataset directory is: /home/rgg2706/Multimodal-Sentiment-Analysis/Datasets/MOA-MVSA-single
Files in dataset directory: ['labels.csv', 'text', 'image']
   ID  text  image
0   1     2      1
1   2     2      1
2   3     2      1
3   4     1      1
4   5     1      1
5   6     1      1
6   7     1      1
7   8     2      1
8   9     1      1
9  10     0      0

[DEBUG] First 5 training texts:
    ID: 2 | Overall sentiment: 1 | Text: grattis min griskulting!!?? va bara tvungen oki s? sch ? ingenkommerattrodig pig happybday wow lovely cut 
    ID: 3 | Overall sentiment: 1 | Text:  polynminion  the moment  i found my favourite tv character. profoundlove 
    ID: 4 | Overall sentiment: 1 | Text: esco  we have a young and energetic team and we pride ourselves on offering the highes hoer 
    ID: 5 | Overall sentiment: 1 | Text:  chrisashaffer  went to  ssc today to be a movie star to rep for the  deaf and got to meet an energetic great guy  mark  white! 
    ID: 6 | Overall sentiment: 1 | Text:  babeshawnmendes that was really energetic 
Train samples: 3653
Validation samples: 406
Test samples: 452
Total samples: 4511
Train label distribution: Negative=1122, Positive=2154, Neutral=377
Val   label distribution: Negative=108, Positive=244, Neutral=54
Test  label distribution: Negative=128, Positive=285, Neutral=39
Overall label distribution: Negative=1358, Positive=2683, Neutral=470
    Iteration 20 of epoch 1 completed. Loss : 1.0967432260513306 Accuracy : 65.62
    Iteration 40 of epoch 1 completed. Loss : 1.1012877225875854 Accuracy : 50.00
    Iteration 60 of epoch 1 completed. Loss : 1.098034143447876 Accuracy : 53.12
    Iteration 80 of epoch 1 completed. Loss : 1.0987197160720825 Accuracy : 40.62
    Iteration 100 of epoch 1 completed. Loss : 1.1092902421951294 Accuracy : 46.88
Best validation accuracy improved from 0.0 to 0.5950611888111887
Epoch 1 completed. Test dataset:
	 Loss: 1.0498
	 Accuracy : 59.58
	 Average recall: 0.3270
	 F1_PN: 0.3705
	 Macro-F1: 0.2470
	 Weighted-F1: 0.4648

Best test accuracy improved from 0.0 to 0.5958333333333333, saving model...
    Iteration 20 of epoch 2 completed. Loss : 1.08518648147583 Accuracy : 68.75
    Iteration 40 of epoch 2 completed. Loss : 1.0399867296218872 Accuracy : 62.50
    Iteration 60 of epoch 2 completed. Loss : 1.0323402881622314 Accuracy : 65.62
    Iteration 80 of epoch 2 completed. Loss : 1.0463608503341675 Accuracy : 62.50
    Iteration 100 of epoch 2 completed. Loss : 0.8880651593208313 Accuracy : 68.75
Best validation accuracy improved from 0.5950611888111887 to 0.6319930069930071
Epoch 2 completed. Test dataset:
	 Loss: 0.9436
	 Accuracy : 60.42
	 Average recall: 0.5227
	 F1_PN: 0.6024
	 Macro-F1: 0.4817
	 Weighted-F1: 0.6103

Best test accuracy improved from 0.5958333333333333 to 0.6041666666666666, saving model...
    Iteration 20 of epoch 3 completed. Loss : 0.9003622531890869 Accuracy : 75.00
    Iteration 40 of epoch 3 completed. Loss : 0.7935721278190613 Accuracy : 78.12
    Iteration 60 of epoch 3 completed. Loss : 0.848858118057251 Accuracy : 68.75
    Iteration 80 of epoch 3 completed. Loss : 0.9244096279144287 Accuracy : 68.75
    Iteration 100 of epoch 3 completed. Loss : 0.9575703740119934 Accuracy : 68.75
Epoch 3 completed. Test dataset:
	 Loss: 0.9608
	 Accuracy : 57.71
	 Average recall: 0.5221
	 F1_PN: 0.6001
	 Macro-F1: 0.4608
	 Weighted-F1: 0.5855

    Iteration 20 of epoch 4 completed. Loss : 0.6992138028144836 Accuracy : 84.38
    Iteration 40 of epoch 4 completed. Loss : 0.6888906955718994 Accuracy : 87.50
    Iteration 60 of epoch 4 completed. Loss : 0.7227513790130615 Accuracy : 87.50
    Iteration 80 of epoch 4 completed. Loss : 0.7923146486282349 Accuracy : 71.88
    Iteration 100 of epoch 4 completed. Loss : 0.7646644711494446 Accuracy : 75.00
Best validation accuracy improved from 0.6319930069930071 to 0.6571241258741259
Epoch 4 completed. Test dataset:
	 Loss: 0.8938
	 Accuracy : 65.00
	 Average recall: 0.5314
	 F1_PN: 0.6568
	 Macro-F1: 0.5005
	 Weighted-F1: 0.6521

Best test accuracy improved from 0.6041666666666666 to 0.65, saving model...
    Iteration 20 of epoch 5 completed. Loss : 0.5983466506004333 Accuracy : 93.75
    Iteration 40 of epoch 5 completed. Loss : 0.659368097782135 Accuracy : 84.38
    Iteration 60 of epoch 5 completed. Loss : 0.6943760514259338 Accuracy : 90.62
    Iteration 80 of epoch 5 completed. Loss : 0.6987533569335938 Accuracy : 84.38
    Iteration 100 of epoch 5 completed. Loss : 0.7428680062294006 Accuracy : 81.25
Best validation accuracy improved from 0.6571241258741259 to 0.6715472027972028
Epoch 5 completed. Test dataset:
	 Loss: 0.8949
	 Accuracy : 63.75
	 Average recall: 0.5128
	 F1_PN: 0.6375
	 Macro-F1: 0.4850
	 Weighted-F1: 0.6365

    Iteration 20 of epoch 6 completed. Loss : 0.6253953576087952 Accuracy : 93.75
    Iteration 40 of epoch 6 completed. Loss : 0.6366287469863892 Accuracy : 90.62
    Iteration 60 of epoch 6 completed. Loss : 0.6385886669158936 Accuracy : 90.62
    Iteration 80 of epoch 6 completed. Loss : 0.6115711331367493 Accuracy : 93.75
    Iteration 100 of epoch 6 completed. Loss : 0.6913474202156067 Accuracy : 84.38
Best validation accuracy improved from 0.6715472027972028 to 0.6875
Epoch 6 completed. Test dataset:
	 Loss: 0.8747
	 Accuracy : 66.25
	 Average recall: 0.4880
	 F1_PN: 0.6431
	 Macro-F1: 0.4825
	 Weighted-F1: 0.6496

Best test accuracy improved from 0.65 to 0.6625, saving model...
    Iteration 20 of epoch 7 completed. Loss : 0.5785478949546814 Accuracy : 93.75
    Iteration 40 of epoch 7 completed. Loss : 0.5913877487182617 Accuracy : 96.88
    Iteration 60 of epoch 7 completed. Loss : 0.639112114906311 Accuracy : 90.62
    Iteration 80 of epoch 7 completed. Loss : 0.5867765545845032 Accuracy : 96.88
    Iteration 100 of epoch 7 completed. Loss : 0.6790209412574768 Accuracy : 84.38
Best validation accuracy improved from 0.6875 to 0.6896853146853148
Epoch 7 completed. Test dataset:
	 Loss: 0.8840
	 Accuracy : 65.21
	 Average recall: 0.4960
	 F1_PN: 0.6298
	 Macro-F1: 0.4870
	 Weighted-F1: 0.6374

    Iteration 20 of epoch 8 completed. Loss : 0.5704019665718079 Accuracy : 96.88
    Iteration 40 of epoch 8 completed. Loss : 0.583487331867218 Accuracy : 96.88
    Iteration 60 of epoch 8 completed. Loss : 0.6386982202529907 Accuracy : 90.62
    Iteration 80 of epoch 8 completed. Loss : 0.5748559832572937 Accuracy : 96.88
    Iteration 100 of epoch 8 completed. Loss : 0.6556423306465149 Accuracy : 90.62
Epoch 8 completed. Test dataset:
	 Loss: 0.8697
	 Accuracy : 67.08
	 Average recall: 0.5048
	 F1_PN: 0.6626
	 Macro-F1: 0.4943
	 Weighted-F1: 0.6611

Best test accuracy improved from 0.6625 to 0.6708333333333333, saving model...
    Iteration 20 of epoch 9 completed. Loss : 0.5675700902938843 Accuracy : 96.88
    Iteration 40 of epoch 9 completed. Loss : 0.5891996026039124 Accuracy : 96.88
    Iteration 60 of epoch 9 completed. Loss : 0.6086941957473755 Accuracy : 96.88
    Iteration 80 of epoch 9 completed. Loss : 0.5866734385490417 Accuracy : 96.88
    Iteration 100 of epoch 9 completed. Loss : 0.6305630803108215 Accuracy : 90.62
Best validation accuracy improved from 0.6896853146853148 to 0.6918706293706294
Epoch 9 completed. Test dataset:
	 Loss: 0.8772
	 Accuracy : 66.46
	 Average recall: 0.4891
	 F1_PN: 0.6329
	 Macro-F1: 0.4854
	 Weighted-F1: 0.6504

    Iteration 20 of epoch 10 completed. Loss : 0.5638408660888672 Accuracy : 96.88
    Iteration 40 of epoch 10 completed. Loss : 0.6091114282608032 Accuracy : 93.75
    Iteration 60 of epoch 10 completed. Loss : 0.6476993560791016 Accuracy : 93.75
    Iteration 80 of epoch 10 completed. Loss : 0.5659905076026917 Accuracy : 96.88
    Iteration 100 of epoch 10 completed. Loss : 0.5854496359825134 Accuracy : 96.88
Epoch 10 completed. Test dataset:
	 Loss: 0.8869
	 Accuracy : 65.83
	 Average recall: 0.4664
	 F1_PN: 0.5992
	 Macro-F1: 0.4654
	 Weighted-F1: 0.6332

    Iteration 20 of epoch 11 completed. Loss : 0.551864743232727 Accuracy : 100.00
    Iteration 40 of epoch 11 completed. Loss : 0.6139088273048401 Accuracy : 93.75
    Iteration 60 of epoch 11 completed. Loss : 0.5669851899147034 Accuracy : 96.88
    Iteration 80 of epoch 11 completed. Loss : 0.5528515577316284 Accuracy : 100.00
    Iteration 100 of epoch 11 completed. Loss : 0.5878332257270813 Accuracy : 96.88
Epoch 11 completed. Test dataset:
	 Loss: 0.8933
	 Accuracy : 65.00
	 Average recall: 0.4758
	 F1_PN: 0.6235
	 Macro-F1: 0.4593
	 Weighted-F1: 0.6300

    Iteration 20 of epoch 12 completed. Loss : 0.6665065288543701 Accuracy : 96.88
    Iteration 40 of epoch 12 completed. Loss : 0.5848476886749268 Accuracy : 96.88
    Iteration 60 of epoch 12 completed. Loss : 0.5586879849433899 Accuracy : 100.00
    Iteration 80 of epoch 12 completed. Loss : 0.5535823702812195 Accuracy : 100.00
    Iteration 100 of epoch 12 completed. Loss : 0.5851113796234131 Accuracy : 96.88
Best validation accuracy improved from 0.6918706293706294 to 0.7012674825174826
Epoch 12 completed. Test dataset:
	 Loss: 0.9026
	 Accuracy : 63.96
	 Average recall: 0.4701
	 F1_PN: 0.6078
	 Macro-F1: 0.4663
	 Weighted-F1: 0.6254

    Iteration 20 of epoch 13 completed. Loss : 0.6611643433570862 Accuracy : 96.88
    Iteration 40 of epoch 13 completed. Loss : 0.5823407173156738 Accuracy : 96.88
    Iteration 60 of epoch 13 completed. Loss : 0.5515031218528748 Accuracy : 100.00
    Iteration 80 of epoch 13 completed. Loss : 0.5604791045188904 Accuracy : 100.00
    Iteration 100 of epoch 13 completed. Loss : 0.5852351784706116 Accuracy : 96.88
Epoch 13 completed. Test dataset:
	 Loss: 0.8932
	 Accuracy : 65.21
	 Average recall: 0.4952
	 F1_PN: 0.6348
	 Macro-F1: 0.4825
	 Weighted-F1: 0.6415

    Iteration 20 of epoch 14 completed. Loss : 0.5515082478523254 Accuracy : 100.00
    Iteration 40 of epoch 14 completed. Loss : 0.5842398405075073 Accuracy : 96.88
    Iteration 60 of epoch 14 completed. Loss : 0.5651475787162781 Accuracy : 100.00
    Iteration 80 of epoch 14 completed. Loss : 0.5516040921211243 Accuracy : 100.00
    Iteration 100 of epoch 14 completed. Loss : 0.5849015712738037 Accuracy : 96.88
Epoch 14 completed. Test dataset:
	 Loss: 0.9059
	 Accuracy : 63.96
	 Average recall: 0.4569
	 F1_PN: 0.6049
	 Macro-F1: 0.4583
	 Weighted-F1: 0.6227

    Iteration 20 of epoch 15 completed. Loss : 0.5527929067611694 Accuracy : 100.00
    Iteration 40 of epoch 15 completed. Loss : 0.5818958878517151 Accuracy : 96.88
    Iteration 60 of epoch 15 completed. Loss : 0.5521984696388245 Accuracy : 100.00
    Iteration 80 of epoch 15 completed. Loss : 0.5701925158500671 Accuracy : 100.00
    Iteration 100 of epoch 15 completed. Loss : 0.5848665833473206 Accuracy : 96.88
Best validation accuracy improved from 0.7012674825174826 to 0.7062937062937062
Epoch 15 completed. Test dataset:
	 Loss: 0.9035
	 Accuracy : 63.75
	 Average recall: 0.4600
	 F1_PN: 0.6085
	 Macro-F1: 0.4602
	 Weighted-F1: 0.6247

Train/val/test loss curve saved to /home/rgg2706/Multimodal-Sentiment-Analysis/Logs/MOASC4/2025-03-20/sub-5/024_Mar-20-2025_08:33_PM/train_val_test_loss_curve.png
Confusion matrix saved to /home/rgg2706/Multimodal-Sentiment-Analysis/Logs/MOASC4/2025-03-20/sub-5/024_Mar-20-2025_08:33_PM/confusion_matrix.png
