SLURM Job ID: 20077977
The first version with resnset
Model: MOASC4
Dataset: MOA-MVSA-single
directory /home/rgg2706/Multimodal-Sentiment-Analysis/Datasets/MOA-MVSA-single exists
directory /home/rgg2706/Multimodal-Sentiment-Analysis/Datasets/MOA-MVSA-multiple exists
directory /home/rgg2706/Multimodal-Sentiment-Analysis/Models/MOASC4/SaveFiles/SentimentClassifier exists
77
Loading dataset from: /home/rgg2706/Multimodal-Sentiment-Analysis/Datasets/MOA-MVSA-single
/home/rgg2706/Multimodal-Sentiment-Analysis/Datasets/MOA-MVSA-single/text
/home/rgg2706/Multimodal-Sentiment-Analysis/Datasets/MOA-MVSA-single/image
[DEBUG] Now in dataset directory for labels: /home/rgg2706/Multimodal-Sentiment-Analysis/Datasets/MOA-MVSA-single
[DEBUG] About to read labels from: /home/rgg2706/Multimodal-Sentiment-Analysis/Datasets/MOA-MVSA-single/labels.csv
Dataset directory is: /home/rgg2706/Multimodal-Sentiment-Analysis/Datasets/MOA-MVSA-single
Files in dataset directory: ['labels.csv', 'text', 'image']
   ID  text  image
0   1     2      1
1   2     2      1
2   3     2      1
3   4     1      1
4   5     1      1
5   6     1      1
6   7     1      1
7   8     2      1
8   9     1      1
9  10     0      0

[DEBUG] First 5 training texts:
    ID: 1 | Overall sentiment: 1 | Text: how  i feel today legday jelly aching gym 
    ID: 4 | Overall sentiment: 1 | Text: esco  we have a young and energetic team and we pride ourselves on offering the highes hoer 
    ID: 5 | Overall sentiment: 1 | Text:  chrisashaffer  went to  ssc today to be a movie star to rep for the  deaf and got to meet an energetic great guy  mark  white! 
    ID: 7 | Overall sentiment: 1 | Text:  deepikapadukone  to my most hard workingfun loving and energetic team.. thank you and  i love you! 
    ID: 8 | Overall sentiment: 1 | Text: energetic training today with our  san  antonio  new  dollars new  partners trainees 
Train samples: 3653
Validation samples: 406
Test samples: 452
Total samples: 4511
Train label distribution: Negative=1103, Positive=2171, Neutral=379
Val   label distribution: Negative=135, Positive=230, Neutral=41
Test  label distribution: Negative=120, Positive=282, Neutral=50
Overall label distribution: Negative=1358, Positive=2683, Neutral=470
    Iteration 20 of epoch 1 completed. Loss : 1.1032507419586182 Accuracy : 28.12
    Iteration 40 of epoch 1 completed. Loss : 1.0929925441741943 Accuracy : 43.75
    Iteration 60 of epoch 1 completed. Loss : 1.0947331190109253 Accuracy : 40.62
    Iteration 80 of epoch 1 completed. Loss : 1.0780789852142334 Accuracy : 53.12
    Iteration 100 of epoch 1 completed. Loss : 1.090057134628296 Accuracy : 71.88
Best validation accuracy improved from 0.0 to 0.6691433566433567
Epoch 1 completed. Test dataset:
	 Loss: 1.0406
	 Accuracy : 64.58
	 Average recall: 0.4322
	 F1_PN: 0.6073
	 Macro-F1: 0.4049
	 Weighted-F1: 0.6070

Best test accuracy improved from 0.0 to 0.6458333333333334, saving model...
    Iteration 20 of epoch 2 completed. Loss : 1.0440542697906494 Accuracy : 81.25
    Iteration 40 of epoch 2 completed. Loss : 1.0955678224563599 Accuracy : 65.62
    Iteration 60 of epoch 2 completed. Loss : 1.0278733968734741 Accuracy : 46.88
    Iteration 80 of epoch 2 completed. Loss : 0.8223469257354736 Accuracy : 59.38
    Iteration 100 of epoch 2 completed. Loss : 1.1914808750152588 Accuracy : 68.75
Epoch 2 completed. Test dataset:
	 Loss: 0.9409
	 Accuracy : 61.67
	 Average recall: 0.5767
	 F1_PN: 0.6238
	 Macro-F1: 0.5006
	 Weighted-F1: 0.6237

    Iteration 20 of epoch 3 completed. Loss : 0.9460503458976746 Accuracy : 78.12
    Iteration 40 of epoch 3 completed. Loss : 0.8554292321205139 Accuracy : 68.75
    Iteration 60 of epoch 3 completed. Loss : 0.9463381767272949 Accuracy : 59.38
    Iteration 80 of epoch 3 completed. Loss : 0.8067578673362732 Accuracy : 71.88
    Iteration 100 of epoch 3 completed. Loss : 0.948431670665741 Accuracy : 78.12
Best validation accuracy improved from 0.6691433566433567 to 0.6868444055944056
Epoch 3 completed. Test dataset:
	 Loss: 0.8675
	 Accuracy : 69.17
	 Average recall: 0.6077
	 F1_PN: 0.6909
	 Macro-F1: 0.5664
	 Weighted-F1: 0.6890

Best test accuracy improved from 0.6458333333333334 to 0.6916666666666667, saving model...
    Iteration 20 of epoch 4 completed. Loss : 0.6889212131500244 Accuracy : 81.25
    Iteration 40 of epoch 4 completed. Loss : 0.724321722984314 Accuracy : 78.12
    Iteration 60 of epoch 4 completed. Loss : 0.6586403846740723 Accuracy : 90.62
    Iteration 80 of epoch 4 completed. Loss : 0.7027285695075989 Accuracy : 84.38
    Iteration 100 of epoch 4 completed. Loss : 0.7277260422706604 Accuracy : 90.62
Best validation accuracy improved from 0.6868444055944056 to 0.6966783216783217
Epoch 4 completed. Test dataset:
	 Loss: 0.8650
	 Accuracy : 67.71
	 Average recall: 0.5709
	 F1_PN: 0.6642
	 Macro-F1: 0.5284
	 Weighted-F1: 0.6652

    Iteration 20 of epoch 5 completed. Loss : 0.6091352105140686 Accuracy : 93.75
    Iteration 40 of epoch 5 completed. Loss : 0.691730797290802 Accuracy : 84.38
    Iteration 60 of epoch 5 completed. Loss : 0.6623392105102539 Accuracy : 90.62
    Iteration 80 of epoch 5 completed. Loss : 0.695577085018158 Accuracy : 84.38
    Iteration 100 of epoch 5 completed. Loss : 0.6766481399536133 Accuracy : 93.75
Best validation accuracy improved from 0.6966783216783217 to 0.7049825174825174
Epoch 5 completed. Test dataset:
	 Loss: 0.8493
	 Accuracy : 70.00
	 Average recall: 0.5913
	 F1_PN: 0.6767
	 Macro-F1: 0.5590
	 Weighted-F1: 0.6846

Best test accuracy improved from 0.6916666666666667 to 0.7, saving model...
    Iteration 20 of epoch 6 completed. Loss : 0.5967220664024353 Accuracy : 96.88
    Iteration 40 of epoch 6 completed. Loss : 0.6253459453582764 Accuracy : 93.75
    Iteration 60 of epoch 6 completed. Loss : 0.6502326726913452 Accuracy : 90.62
    Iteration 80 of epoch 6 completed. Loss : 0.6434974670410156 Accuracy : 93.75
    Iteration 100 of epoch 6 completed. Loss : 0.6591672301292419 Accuracy : 93.75
Epoch 6 completed. Test dataset:
	 Loss: 0.8796
	 Accuracy : 66.46
	 Average recall: 0.5409
	 F1_PN: 0.6404
	 Macro-F1: 0.5098
	 Weighted-F1: 0.6544

    Iteration 20 of epoch 7 completed. Loss : 0.6193575859069824 Accuracy : 93.75
    Iteration 40 of epoch 7 completed. Loss : 0.6453118920326233 Accuracy : 93.75
    Iteration 60 of epoch 7 completed. Loss : 0.6681658029556274 Accuracy : 87.50
    Iteration 80 of epoch 7 completed. Loss : 0.643679141998291 Accuracy : 93.75
    Iteration 100 of epoch 7 completed. Loss : 0.6421667337417603 Accuracy : 93.75
Epoch 7 completed. Test dataset:
	 Loss: 0.8718
	 Accuracy : 67.71
	 Average recall: 0.5586
	 F1_PN: 0.6486
	 Macro-F1: 0.5345
	 Weighted-F1: 0.6649

    Iteration 20 of epoch 8 completed. Loss : 0.5905943512916565 Accuracy : 96.88
    Iteration 40 of epoch 8 completed. Loss : 0.6155990958213806 Accuracy : 93.75
    Iteration 60 of epoch 8 completed. Loss : 0.6657669544219971 Accuracy : 87.50
    Iteration 80 of epoch 8 completed. Loss : 0.647428035736084 Accuracy : 93.75
    Iteration 100 of epoch 8 completed. Loss : 0.616001307964325 Accuracy : 96.88
Epoch 8 completed. Test dataset:
	 Loss: 0.8749
	 Accuracy : 67.50
	 Average recall: 0.5591
	 F1_PN: 0.6501
	 Macro-F1: 0.5347
	 Weighted-F1: 0.6636

    Iteration 20 of epoch 9 completed. Loss : 0.5863541960716248 Accuracy : 96.88
    Iteration 40 of epoch 9 completed. Loss : 0.5952474474906921 Accuracy : 96.88
    Iteration 60 of epoch 9 completed. Loss : 0.650502622127533 Accuracy : 87.50
    Iteration 80 of epoch 9 completed. Loss : 0.6430906653404236 Accuracy : 93.75
    Iteration 100 of epoch 9 completed. Loss : 0.6173796057701111 Accuracy : 96.88
Epoch 9 completed. Test dataset:
	 Loss: 0.8756
	 Accuracy : 67.50
	 Average recall: 0.5591
	 F1_PN: 0.6501
	 Macro-F1: 0.5347
	 Weighted-F1: 0.6636

    Iteration 20 of epoch 10 completed. Loss : 0.5689771175384521 Accuracy : 96.88
    Iteration 40 of epoch 10 completed. Loss : 0.5988088846206665 Accuracy : 96.88
    Iteration 60 of epoch 10 completed. Loss : 0.6509546041488647 Accuracy : 90.62
    Iteration 80 of epoch 10 completed. Loss : 0.6423623561859131 Accuracy : 93.75
    Iteration 100 of epoch 10 completed. Loss : 0.6163744330406189 Accuracy : 96.88
Epoch 10 completed. Test dataset:
	 Loss: 0.8750
	 Accuracy : 67.71
	 Average recall: 0.5600
	 F1_PN: 0.6523
	 Macro-F1: 0.5361
	 Weighted-F1: 0.6651

    Iteration 20 of epoch 11 completed. Loss : 0.5821148753166199 Accuracy : 96.88
    Iteration 40 of epoch 11 completed. Loss : 0.5969759821891785 Accuracy : 96.88
    Iteration 60 of epoch 11 completed. Loss : 0.6468406915664673 Accuracy : 90.62
    Iteration 80 of epoch 11 completed. Loss : 0.6422557234764099 Accuracy : 93.75
    Iteration 100 of epoch 11 completed. Loss : 0.6139082312583923 Accuracy : 96.88
Epoch 11 completed. Test dataset:
	 Loss: 0.8751
	 Accuracy : 67.71
	 Average recall: 0.5600
	 F1_PN: 0.6523
	 Macro-F1: 0.5361
	 Weighted-F1: 0.6651

    Iteration 20 of epoch 12 completed. Loss : 0.579863965511322 Accuracy : 96.88
    Iteration 40 of epoch 12 completed. Loss : 0.5938340425491333 Accuracy : 96.88
    Iteration 60 of epoch 12 completed. Loss : 0.6544162631034851 Accuracy : 87.50
    Iteration 80 of epoch 12 completed. Loss : 0.6412556171417236 Accuracy : 93.75
    Iteration 100 of epoch 12 completed. Loss : 0.6134318709373474 Accuracy : 96.88
Epoch 12 completed. Test dataset:
	 Loss: 0.8752
	 Accuracy : 67.71
	 Average recall: 0.5600
	 F1_PN: 0.6523
	 Macro-F1: 0.5361
	 Weighted-F1: 0.6651

    Iteration 20 of epoch 13 completed. Loss : 0.5843109488487244 Accuracy : 96.88
    Iteration 40 of epoch 13 completed. Loss : 0.6017749309539795 Accuracy : 93.75
    Iteration 60 of epoch 13 completed. Loss : 0.654448926448822 Accuracy : 87.50
    Iteration 80 of epoch 13 completed. Loss : 0.6428472399711609 Accuracy : 93.75
    Iteration 100 of epoch 13 completed. Loss : 0.6091046929359436 Accuracy : 96.88
Epoch 13 completed. Test dataset:
	 Loss: 0.8752
	 Accuracy : 67.71
	 Average recall: 0.5600
	 F1_PN: 0.6523
	 Macro-F1: 0.5361
	 Weighted-F1: 0.6651

    Iteration 20 of epoch 14 completed. Loss : 0.580398440361023 Accuracy : 96.88
    Iteration 40 of epoch 14 completed. Loss : 0.6032467484474182 Accuracy : 96.88
    Iteration 60 of epoch 14 completed. Loss : 0.6429684162139893 Accuracy : 90.62
    Iteration 80 of epoch 14 completed. Loss : 0.6426041722297668 Accuracy : 93.75
    Iteration 100 of epoch 14 completed. Loss : 0.6206375956535339 Accuracy : 96.88
Epoch 14 completed. Test dataset:
	 Loss: 0.8752
	 Accuracy : 67.71
	 Average recall: 0.5600
	 F1_PN: 0.6523
	 Macro-F1: 0.5361
	 Weighted-F1: 0.6651

    Iteration 20 of epoch 15 completed. Loss : 0.5730687975883484 Accuracy : 96.88
    Iteration 40 of epoch 15 completed. Loss : 0.5970274806022644 Accuracy : 96.88
    Iteration 60 of epoch 15 completed. Loss : 0.6582704782485962 Accuracy : 87.50
    Iteration 80 of epoch 15 completed. Loss : 0.6423502564430237 Accuracy : 93.75
    Iteration 100 of epoch 15 completed. Loss : 0.6094024181365967 Accuracy : 96.88
Epoch 15 completed. Test dataset:
	 Loss: 0.8752
	 Accuracy : 67.71
	 Average recall: 0.5600
	 F1_PN: 0.6523
	 Macro-F1: 0.5361
	 Weighted-F1: 0.6651

Train/val/test loss curve saved to /home/rgg2706/Multimodal-Sentiment-Analysis/Logs/MOASC4/2025-03-21/sub-1/027_Mar-21-2025_12:07_AM/train_val_test_loss_curve.png
Confusion matrix saved to /home/rgg2706/Multimodal-Sentiment-Analysis/Logs/MOASC4/2025-03-21/sub-1/027_Mar-21-2025_12:07_AM/confusion_matrix.png
