SLURM Job ID: 20077990
The first version with resnset
Model: MOASC4
Dataset: MOA-MVSA-single
directory /home/rgg2706/Multimodal-Sentiment-Analysis/Datasets/MOA-MVSA-single exists
directory /home/rgg2706/Multimodal-Sentiment-Analysis/Datasets/MOA-MVSA-multiple exists
directory /home/rgg2706/Multimodal-Sentiment-Analysis/Models/MOASC4/SaveFiles/SentimentClassifier exists
90
Loading dataset from: /home/rgg2706/Multimodal-Sentiment-Analysis/Datasets/MOA-MVSA-single
/home/rgg2706/Multimodal-Sentiment-Analysis/Datasets/MOA-MVSA-single/text
/home/rgg2706/Multimodal-Sentiment-Analysis/Datasets/MOA-MVSA-single/image
[DEBUG] Now in dataset directory for labels: /home/rgg2706/Multimodal-Sentiment-Analysis/Datasets/MOA-MVSA-single
[DEBUG] About to read labels from: /home/rgg2706/Multimodal-Sentiment-Analysis/Datasets/MOA-MVSA-single/labels.csv
Dataset directory is: /home/rgg2706/Multimodal-Sentiment-Analysis/Datasets/MOA-MVSA-single
Files in dataset directory: ['labels.csv', 'text', 'image']
   ID  text  image
0   1     2      1
1   2     2      1
2   3     2      1
3   4     1      1
4   5     1      1
5   6     1      1
6   7     1      1
7   8     2      1
8   9     1      1
9  10     0      0

[DEBUG] First 5 training texts:
    ID: 1 | Overall sentiment: 1 | Text: how  i feel today legday jelly aching gym 
    ID: 3 | Overall sentiment: 1 | Text:  polynminion  the moment  i found my favourite tv character. profoundlove 
    ID: 4 | Overall sentiment: 1 | Text: esco  we have a young and energetic team and we pride ourselves on offering the highes hoer 
    ID: 5 | Overall sentiment: 1 | Text:  chrisashaffer  went to  ssc today to be a movie star to rep for the  deaf and got to meet an energetic great guy  mark  white! 
    ID: 6 | Overall sentiment: 1 | Text:  babeshawnmendes that was really energetic 
Train samples: 3653
Validation samples: 406
Test samples: 452
Total samples: 4511
Train label distribution: Negative=1090, Positive=2193, Neutral=370
Val   label distribution: Negative=125, Positive=239, Neutral=42
Test  label distribution: Negative=143, Positive=251, Neutral=58
Overall label distribution: Negative=1358, Positive=2683, Neutral=470
    Iteration 20 of epoch 1 completed. Loss : 1.1011180877685547 Accuracy : 62.50
    Iteration 40 of epoch 1 completed. Loss : 1.0998961925506592 Accuracy : 43.75
    Iteration 60 of epoch 1 completed. Loss : 1.1128029823303223 Accuracy : 65.62
    Iteration 80 of epoch 1 completed. Loss : 1.1041316986083984 Accuracy : 53.12
    Iteration 100 of epoch 1 completed. Loss : 1.0984995365142822 Accuracy : 46.88
Best validation accuracy improved from 0.0 to 0.6341783216783217
Epoch 1 completed. Test dataset:
	 Loss: 1.0506
	 Accuracy : 63.33
	 Average recall: 0.4275
	 F1_PN: 0.5826
	 Macro-F1: 0.3884
	 Weighted-F1: 0.5556

Best test accuracy improved from 0.0 to 0.6333333333333333, saving model...
    Iteration 20 of epoch 2 completed. Loss : 1.0625662803649902 Accuracy : 68.75
    Iteration 40 of epoch 2 completed. Loss : 1.0348845720291138 Accuracy : 56.25
    Iteration 60 of epoch 2 completed. Loss : 0.902227520942688 Accuracy : 71.88
    Iteration 80 of epoch 2 completed. Loss : 0.9525779485702515 Accuracy : 59.38
    Iteration 100 of epoch 2 completed. Loss : 1.0236812829971313 Accuracy : 62.50
Epoch 2 completed. Test dataset:
	 Loss: 0.9457
	 Accuracy : 58.75
	 Average recall: 0.5107
	 F1_PN: 0.6008
	 Macro-F1: 0.4581
	 Weighted-F1: 0.5728

    Iteration 20 of epoch 3 completed. Loss : 0.8480607271194458 Accuracy : 71.88
    Iteration 40 of epoch 3 completed. Loss : 0.7451877593994141 Accuracy : 81.25
    Iteration 60 of epoch 3 completed. Loss : 0.718367874622345 Accuracy : 84.38
    Iteration 80 of epoch 3 completed. Loss : 0.7892361283302307 Accuracy : 62.50
    Iteration 100 of epoch 3 completed. Loss : 0.7371488213539124 Accuracy : 90.62
Epoch 3 completed. Test dataset:
	 Loss: 0.9631
	 Accuracy : 56.04
	 Average recall: 0.5029
	 F1_PN: 0.5864
	 Macro-F1: 0.4537
	 Weighted-F1: 0.5588

    Iteration 20 of epoch 4 completed. Loss : 0.6642149686813354 Accuracy : 87.50
    Iteration 40 of epoch 4 completed. Loss : 0.7202063202857971 Accuracy : 78.12
    Iteration 60 of epoch 4 completed. Loss : 0.739382266998291 Accuracy : 84.38
    Iteration 80 of epoch 4 completed. Loss : 0.6190946102142334 Accuracy : 87.50
    Iteration 100 of epoch 4 completed. Loss : 0.7253370881080627 Accuracy : 90.62
Best validation accuracy improved from 0.6341783216783217 to 0.6652097902097902
Epoch 4 completed. Test dataset:
	 Loss: 0.9256
	 Accuracy : 62.29
	 Average recall: 0.5057
	 F1_PN: 0.6451
	 Macro-F1: 0.4609
	 Weighted-F1: 0.5973

    Iteration 20 of epoch 5 completed. Loss : 0.6619036197662354 Accuracy : 84.38
    Iteration 40 of epoch 5 completed. Loss : 0.664895236492157 Accuracy : 84.38
    Iteration 60 of epoch 5 completed. Loss : 0.6649169921875 Accuracy : 93.75
    Iteration 80 of epoch 5 completed. Loss : 0.5702950358390808 Accuracy : 100.00
    Iteration 100 of epoch 5 completed. Loss : 0.7272742390632629 Accuracy : 84.38
Best validation accuracy improved from 0.6652097902097902 to 0.6785402097902098
Epoch 5 completed. Test dataset:
	 Loss: 0.9220
	 Accuracy : 61.67
	 Average recall: 0.4818
	 F1_PN: 0.6463
	 Macro-F1: 0.4538
	 Weighted-F1: 0.6042

    Iteration 20 of epoch 6 completed. Loss : 0.6502833962440491 Accuracy : 87.50
    Iteration 40 of epoch 6 completed. Loss : 0.6407590508460999 Accuracy : 87.50
    Iteration 60 of epoch 6 completed. Loss : 0.6444958448410034 Accuracy : 90.62
    Iteration 80 of epoch 6 completed. Loss : 0.5729613900184631 Accuracy : 100.00
    Iteration 100 of epoch 6 completed. Loss : 0.6764147877693176 Accuracy : 90.62
Epoch 6 completed. Test dataset:
	 Loss: 0.9130
	 Accuracy : 63.12
	 Average recall: 0.4891
	 F1_PN: 0.6576
	 Macro-F1: 0.4614
	 Weighted-F1: 0.6148

    Iteration 20 of epoch 7 completed. Loss : 0.6429410576820374 Accuracy : 90.62
    Iteration 40 of epoch 7 completed. Loss : 0.6467537879943848 Accuracy : 87.50
    Iteration 60 of epoch 7 completed. Loss : 0.587023138999939 Accuracy : 93.75
    Iteration 80 of epoch 7 completed. Loss : 0.5676265954971313 Accuracy : 96.88
    Iteration 100 of epoch 7 completed. Loss : 0.6472220420837402 Accuracy : 90.62
Epoch 7 completed. Test dataset:
	 Loss: 0.9513
	 Accuracy : 59.17
	 Average recall: 0.5029
	 F1_PN: 0.6102
	 Macro-F1: 0.4616
	 Weighted-F1: 0.5783

    Iteration 20 of epoch 8 completed. Loss : 0.6780340075492859 Accuracy : 81.25
    Iteration 40 of epoch 8 completed. Loss : 0.6039695143699646 Accuracy : 93.75
    Iteration 60 of epoch 8 completed. Loss : 0.6073295474052429 Accuracy : 93.75
    Iteration 80 of epoch 8 completed. Loss : 0.5705622434616089 Accuracy : 96.88
    Iteration 100 of epoch 8 completed. Loss : 0.6075031161308289 Accuracy : 96.88
Epoch 8 completed. Test dataset:
	 Loss: 0.9202
	 Accuracy : 62.92
	 Average recall: 0.5053
	 F1_PN: 0.6427
	 Macro-F1: 0.4713
	 Weighted-F1: 0.6073

    Iteration 20 of epoch 9 completed. Loss : 0.6509278416633606 Accuracy : 87.50
    Iteration 40 of epoch 9 completed. Loss : 0.6050912737846375 Accuracy : 93.75
    Iteration 60 of epoch 9 completed. Loss : 0.5710726380348206 Accuracy : 96.88
    Iteration 80 of epoch 9 completed. Loss : 0.5676867365837097 Accuracy : 96.88
    Iteration 100 of epoch 9 completed. Loss : 0.6077763438224792 Accuracy : 96.88
Epoch 9 completed. Test dataset:
	 Loss: 0.9179
	 Accuracy : 62.92
	 Average recall: 0.5000
	 F1_PN: 0.6441
	 Macro-F1: 0.4659
	 Weighted-F1: 0.6048

    Iteration 20 of epoch 10 completed. Loss : 0.6348671913146973 Accuracy : 90.62
    Iteration 40 of epoch 10 completed. Loss : 0.6027221083641052 Accuracy : 93.75
    Iteration 60 of epoch 10 completed. Loss : 0.5702002644538879 Accuracy : 96.88
    Iteration 80 of epoch 10 completed. Loss : 0.5692798495292664 Accuracy : 96.88
    Iteration 100 of epoch 10 completed. Loss : 0.6077629923820496 Accuracy : 96.88
Epoch 10 completed. Test dataset:
	 Loss: 0.9175
	 Accuracy : 63.33
	 Average recall: 0.5022
	 F1_PN: 0.6473
	 Macro-F1: 0.4680
	 Weighted-F1: 0.6079

    Iteration 20 of epoch 11 completed. Loss : 0.6377007961273193 Accuracy : 90.62
    Iteration 40 of epoch 11 completed. Loss : 0.6003617644309998 Accuracy : 93.75
    Iteration 60 of epoch 11 completed. Loss : 0.5759410858154297 Accuracy : 96.88
    Iteration 80 of epoch 11 completed. Loss : 0.5688772201538086 Accuracy : 96.88
    Iteration 100 of epoch 11 completed. Loss : 0.6074512600898743 Accuracy : 96.88
Epoch 11 completed. Test dataset:
	 Loss: 0.9169
	 Accuracy : 62.71
	 Average recall: 0.4939
	 F1_PN: 0.6383
	 Macro-F1: 0.4620
	 Weighted-F1: 0.6021

    Iteration 20 of epoch 12 completed. Loss : 0.6372708082199097 Accuracy : 87.50
    Iteration 40 of epoch 12 completed. Loss : 0.5920332670211792 Accuracy : 93.75
    Iteration 60 of epoch 12 completed. Loss : 0.5713481307029724 Accuracy : 96.88
    Iteration 80 of epoch 12 completed. Loss : 0.5676566362380981 Accuracy : 96.88
    Iteration 100 of epoch 12 completed. Loss : 0.6072240471839905 Accuracy : 96.88
Epoch 12 completed. Test dataset:
	 Loss: 0.9169
	 Accuracy : 62.71
	 Average recall: 0.4939
	 F1_PN: 0.6383
	 Macro-F1: 0.4620
	 Weighted-F1: 0.6021

    Iteration 20 of epoch 13 completed. Loss : 0.6491994261741638 Accuracy : 87.50
    Iteration 40 of epoch 13 completed. Loss : 0.6028682589530945 Accuracy : 93.75
    Iteration 60 of epoch 13 completed. Loss : 0.571977972984314 Accuracy : 96.88
    Iteration 80 of epoch 13 completed. Loss : 0.5679006576538086 Accuracy : 96.88
    Iteration 100 of epoch 13 completed. Loss : 0.6081212759017944 Accuracy : 96.88
Epoch 13 completed. Test dataset:
	 Loss: 0.9169
	 Accuracy : 62.71
	 Average recall: 0.4939
	 F1_PN: 0.6383
	 Macro-F1: 0.4620
	 Weighted-F1: 0.6021

    Iteration 20 of epoch 14 completed. Loss : 0.6348031163215637 Accuracy : 90.62
    Iteration 40 of epoch 14 completed. Loss : 0.6019156575202942 Accuracy : 93.75
    Iteration 60 of epoch 14 completed. Loss : 0.5751116275787354 Accuracy : 96.88
    Iteration 80 of epoch 14 completed. Loss : 0.5674886703491211 Accuracy : 96.88
    Iteration 100 of epoch 14 completed. Loss : 0.6076253056526184 Accuracy : 96.88
Epoch 14 completed. Test dataset:
	 Loss: 0.9169
	 Accuracy : 62.71
	 Average recall: 0.4939
	 F1_PN: 0.6383
	 Macro-F1: 0.4620
	 Weighted-F1: 0.6021

    Iteration 20 of epoch 15 completed. Loss : 0.6355869770050049 Accuracy : 90.62
    Iteration 40 of epoch 15 completed. Loss : 0.5924078822135925 Accuracy : 93.75
    Iteration 60 of epoch 15 completed. Loss : 0.5712548494338989 Accuracy : 96.88
    Iteration 80 of epoch 15 completed. Loss : 0.5678941011428833 Accuracy : 96.88
    Iteration 100 of epoch 15 completed. Loss : 0.6074047684669495 Accuracy : 96.88
Epoch 15 completed. Test dataset:
	 Loss: 0.9169
	 Accuracy : 62.71
	 Average recall: 0.4939
	 F1_PN: 0.6383
	 Macro-F1: 0.4620
	 Weighted-F1: 0.6021

Train/val/test loss curve saved to /home/rgg2706/Multimodal-Sentiment-Analysis/Logs/MOASC4/2025-03-21/sub-1/040_Mar-21-2025_12:07_AM/train_val_test_loss_curve.png
Confusion matrix saved to /home/rgg2706/Multimodal-Sentiment-Analysis/Logs/MOASC4/2025-03-21/sub-1/040_Mar-21-2025_12:07_AM/confusion_matrix.png
