SLURM Job ID: 20077981
The first version with resnset
Model: MOASC4
Dataset: MOA-MVSA-single
directory /home/rgg2706/Multimodal-Sentiment-Analysis/Datasets/MOA-MVSA-single exists
directory /home/rgg2706/Multimodal-Sentiment-Analysis/Datasets/MOA-MVSA-multiple exists
directory /home/rgg2706/Multimodal-Sentiment-Analysis/Models/MOASC4/SaveFiles/SentimentClassifier exists
81
Loading dataset from: /home/rgg2706/Multimodal-Sentiment-Analysis/Datasets/MOA-MVSA-single
/home/rgg2706/Multimodal-Sentiment-Analysis/Datasets/MOA-MVSA-single/text
/home/rgg2706/Multimodal-Sentiment-Analysis/Datasets/MOA-MVSA-single/image
[DEBUG] Now in dataset directory for labels: /home/rgg2706/Multimodal-Sentiment-Analysis/Datasets/MOA-MVSA-single
[DEBUG] About to read labels from: /home/rgg2706/Multimodal-Sentiment-Analysis/Datasets/MOA-MVSA-single/labels.csv
Dataset directory is: /home/rgg2706/Multimodal-Sentiment-Analysis/Datasets/MOA-MVSA-single
Files in dataset directory: ['labels.csv', 'text', 'image']
   ID  text  image
0   1     2      1
1   2     2      1
2   3     2      1
3   4     1      1
4   5     1      1
5   6     1      1
6   7     1      1
7   8     2      1
8   9     1      1
9  10     0      0

[DEBUG] First 5 training texts:
    ID: 1 | Overall sentiment: 1 | Text: how  i feel today legday jelly aching gym 
    ID: 2 | Overall sentiment: 1 | Text: grattis min griskulting!!?? va bara tvungen oki s? sch ? ingenkommerattrodig pig happybday wow lovely cut 
    ID: 3 | Overall sentiment: 1 | Text:  polynminion  the moment  i found my favourite tv character. profoundlove 
    ID: 4 | Overall sentiment: 1 | Text: esco  we have a young and energetic team and we pride ourselves on offering the highes hoer 
    ID: 5 | Overall sentiment: 1 | Text:  chrisashaffer  went to  ssc today to be a movie star to rep for the  deaf and got to meet an energetic great guy  mark  white! 
Train samples: 3653
Validation samples: 406
Test samples: 452
Total samples: 4511
Train label distribution: Negative=1105, Positive=2168, Neutral=380
Val   label distribution: Negative=119, Positive=245, Neutral=42
Test  label distribution: Negative=134, Positive=270, Neutral=48
Overall label distribution: Negative=1358, Positive=2683, Neutral=470
    Iteration 20 of epoch 1 completed. Loss : 1.1004809141159058 Accuracy : 37.50
    Iteration 40 of epoch 1 completed. Loss : 1.1002779006958008 Accuracy : 50.00
    Iteration 60 of epoch 1 completed. Loss : 1.0947097539901733 Accuracy : 50.00
    Iteration 80 of epoch 1 completed. Loss : 1.0931973457336426 Accuracy : 59.38
    Iteration 100 of epoch 1 completed. Loss : 1.1081660985946655 Accuracy : 46.88
Best validation accuracy improved from 0.0 to 0.6125437062937062
Epoch 1 completed. Test dataset:
	 Loss: 1.0400
	 Accuracy : 58.54
	 Average recall: 0.3834
	 F1_PN: 0.5093
	 Macro-F1: 0.3395
	 Weighted-F1: 0.5156

Best test accuracy improved from 0.0 to 0.5854166666666667, saving model...
    Iteration 20 of epoch 2 completed. Loss : 1.0788198709487915 Accuracy : 59.38
    Iteration 40 of epoch 2 completed. Loss : 1.0246086120605469 Accuracy : 59.38
    Iteration 60 of epoch 2 completed. Loss : 0.9952720999717712 Accuracy : 65.62
    Iteration 80 of epoch 2 completed. Loss : 0.9328837394714355 Accuracy : 71.88
    Iteration 100 of epoch 2 completed. Loss : 1.070783019065857 Accuracy : 75.00
Best validation accuracy improved from 0.6125437062937062 to 0.6536276223776224
Epoch 2 completed. Test dataset:
	 Loss: 0.9114
	 Accuracy : 61.67
	 Average recall: 0.5038
	 F1_PN: 0.6288
	 Macro-F1: 0.4581
	 Weighted-F1: 0.6000

Best test accuracy improved from 0.5854166666666667 to 0.6166666666666667, saving model...
    Iteration 20 of epoch 3 completed. Loss : 0.9275979995727539 Accuracy : 65.62
    Iteration 40 of epoch 3 completed. Loss : 0.7491260170936584 Accuracy : 84.38
    Iteration 60 of epoch 3 completed. Loss : 0.815666675567627 Accuracy : 81.25
    Iteration 80 of epoch 3 completed. Loss : 0.6841058135032654 Accuracy : 90.62
    Iteration 100 of epoch 3 completed. Loss : 0.7686626315116882 Accuracy : 68.75
Best validation accuracy improved from 0.6536276223776224 to 0.6848776223776224
Epoch 3 completed. Test dataset:
	 Loss: 0.8636
	 Accuracy : 67.92
	 Average recall: 0.5099
	 F1_PN: 0.6859
	 Macro-F1: 0.4847
	 Weighted-F1: 0.6665

Best test accuracy improved from 0.6166666666666667 to 0.6791666666666667, saving model...
    Iteration 20 of epoch 4 completed. Loss : 0.7409616112709045 Accuracy : 75.00
    Iteration 40 of epoch 4 completed. Loss : 0.6194930076599121 Accuracy : 90.62
    Iteration 60 of epoch 4 completed. Loss : 0.6702842116355896 Accuracy : 90.62
    Iteration 80 of epoch 4 completed. Loss : 0.6333503127098083 Accuracy : 87.50
    Iteration 100 of epoch 4 completed. Loss : 0.7589375972747803 Accuracy : 84.38
Epoch 4 completed. Test dataset:
	 Loss: 0.8961
	 Accuracy : 63.96
	 Average recall: 0.5011
	 F1_PN: 0.6525
	 Macro-F1: 0.4713
	 Weighted-F1: 0.6380

    Iteration 20 of epoch 5 completed. Loss : 0.7004198431968689 Accuracy : 78.12
    Iteration 40 of epoch 5 completed. Loss : 0.6494550108909607 Accuracy : 90.62
    Iteration 60 of epoch 5 completed. Loss : 0.6895375847816467 Accuracy : 90.62
    Iteration 80 of epoch 5 completed. Loss : 0.5944916009902954 Accuracy : 96.88
    Iteration 100 of epoch 5 completed. Loss : 0.700803279876709 Accuracy : 87.50
Epoch 5 completed. Test dataset:
	 Loss: 0.9033
	 Accuracy : 64.58
	 Average recall: 0.5192
	 F1_PN: 0.6696
	 Macro-F1: 0.4746
	 Weighted-F1: 0.6435

    Iteration 20 of epoch 6 completed. Loss : 0.667985737323761 Accuracy : 81.25
    Iteration 40 of epoch 6 completed. Loss : 0.6585695147514343 Accuracy : 87.50
    Iteration 60 of epoch 6 completed. Loss : 0.6139699816703796 Accuracy : 93.75
    Iteration 80 of epoch 6 completed. Loss : 0.6053156852722168 Accuracy : 93.75
    Iteration 100 of epoch 6 completed. Loss : 0.6782651543617249 Accuracy : 90.62
Epoch 6 completed. Test dataset:
	 Loss: 0.8847
	 Accuracy : 64.79
	 Average recall: 0.4996
	 F1_PN: 0.6673
	 Macro-F1: 0.4675
	 Weighted-F1: 0.6386

    Iteration 20 of epoch 7 completed. Loss : 0.5939241647720337 Accuracy : 93.75
    Iteration 40 of epoch 7 completed. Loss : 0.6670424342155457 Accuracy : 87.50
    Iteration 60 of epoch 7 completed. Loss : 0.6364668607711792 Accuracy : 93.75
    Iteration 80 of epoch 7 completed. Loss : 0.6044096946716309 Accuracy : 93.75
    Iteration 100 of epoch 7 completed. Loss : 0.6875967979431152 Accuracy : 87.50
Epoch 7 completed. Test dataset:
	 Loss: 0.8820
	 Accuracy : 65.00
	 Average recall: 0.5017
	 F1_PN: 0.6698
	 Macro-F1: 0.4692
	 Weighted-F1: 0.6406

    Iteration 20 of epoch 8 completed. Loss : 0.5839383602142334 Accuracy : 93.75
    Iteration 40 of epoch 8 completed. Loss : 0.6518404483795166 Accuracy : 87.50
    Iteration 60 of epoch 8 completed. Loss : 0.605059802532196 Accuracy : 93.75
    Iteration 80 of epoch 8 completed. Loss : 0.5898113250732422 Accuracy : 96.88
    Iteration 100 of epoch 8 completed. Loss : 0.681948721408844 Accuracy : 87.50
Epoch 8 completed. Test dataset:
	 Loss: 0.8820
	 Accuracy : 64.79
	 Average recall: 0.4996
	 F1_PN: 0.6673
	 Macro-F1: 0.4675
	 Weighted-F1: 0.6386

    Iteration 20 of epoch 9 completed. Loss : 0.572827935218811 Accuracy : 96.88
    Iteration 40 of epoch 9 completed. Loss : 0.6516460180282593 Accuracy : 87.50
    Iteration 60 of epoch 9 completed. Loss : 0.5799398422241211 Accuracy : 96.88
    Iteration 80 of epoch 9 completed. Loss : 0.5902247428894043 Accuracy : 96.88
    Iteration 100 of epoch 9 completed. Loss : 0.6621240973472595 Accuracy : 93.75
Epoch 9 completed. Test dataset:
	 Loss: 0.8825
	 Accuracy : 64.58
	 Average recall: 0.4969
	 F1_PN: 0.6641
	 Macro-F1: 0.4654
	 Weighted-F1: 0.6364

    Iteration 20 of epoch 10 completed. Loss : 0.5889943838119507 Accuracy : 93.75
    Iteration 40 of epoch 10 completed. Loss : 0.6435616612434387 Accuracy : 87.50
    Iteration 60 of epoch 10 completed. Loss : 0.6245294213294983 Accuracy : 93.75
    Iteration 80 of epoch 10 completed. Loss : 0.5932852029800415 Accuracy : 96.88
    Iteration 100 of epoch 10 completed. Loss : 0.6739892959594727 Accuracy : 90.62
Epoch 10 completed. Test dataset:
	 Loss: 0.8824
	 Accuracy : 64.58
	 Average recall: 0.4969
	 F1_PN: 0.6641
	 Macro-F1: 0.4654
	 Weighted-F1: 0.6364

    Iteration 20 of epoch 11 completed. Loss : 0.5786779522895813 Accuracy : 96.88
    Iteration 40 of epoch 11 completed. Loss : 0.6541196703910828 Accuracy : 87.50
    Iteration 60 of epoch 11 completed. Loss : 0.5955376625061035 Accuracy : 96.88
    Iteration 80 of epoch 11 completed. Loss : 0.5934737920761108 Accuracy : 96.88
    Iteration 100 of epoch 11 completed. Loss : 0.6858696937561035 Accuracy : 87.50
Epoch 11 completed. Test dataset:
	 Loss: 0.8822
	 Accuracy : 64.58
	 Average recall: 0.4969
	 F1_PN: 0.6641
	 Macro-F1: 0.4654
	 Weighted-F1: 0.6364

    Iteration 20 of epoch 12 completed. Loss : 0.6158745884895325 Accuracy : 90.62
    Iteration 40 of epoch 12 completed. Loss : 0.6525047421455383 Accuracy : 87.50
    Iteration 60 of epoch 12 completed. Loss : 0.6164361834526062 Accuracy : 93.75
    Iteration 80 of epoch 12 completed. Loss : 0.5896674990653992 Accuracy : 96.88
    Iteration 100 of epoch 12 completed. Loss : 0.6676948070526123 Accuracy : 93.75
Epoch 12 completed. Test dataset:
	 Loss: 0.8822
	 Accuracy : 64.58
	 Average recall: 0.4969
	 F1_PN: 0.6641
	 Macro-F1: 0.4654
	 Weighted-F1: 0.6364

    Iteration 20 of epoch 13 completed. Loss : 0.5734477639198303 Accuracy : 93.75
    Iteration 40 of epoch 13 completed. Loss : 0.6228649616241455 Accuracy : 90.62
    Iteration 60 of epoch 13 completed. Loss : 0.6202109456062317 Accuracy : 93.75
    Iteration 80 of epoch 13 completed. Loss : 0.5892877578735352 Accuracy : 96.88
    Iteration 100 of epoch 13 completed. Loss : 0.6682997345924377 Accuracy : 90.62
Epoch 13 completed. Test dataset:
	 Loss: 0.8822
	 Accuracy : 64.58
	 Average recall: 0.4969
	 F1_PN: 0.6641
	 Macro-F1: 0.4654
	 Weighted-F1: 0.6364

    Iteration 20 of epoch 14 completed. Loss : 0.581872284412384 Accuracy : 93.75
    Iteration 40 of epoch 14 completed. Loss : 0.5918934941291809 Accuracy : 93.75
    Iteration 60 of epoch 14 completed. Loss : 0.6137083768844604 Accuracy : 93.75
    Iteration 80 of epoch 14 completed. Loss : 0.5923566818237305 Accuracy : 96.88
    Iteration 100 of epoch 14 completed. Loss : 0.6763402819633484 Accuracy : 90.62
Epoch 14 completed. Test dataset:
	 Loss: 0.8822
	 Accuracy : 64.58
	 Average recall: 0.4969
	 F1_PN: 0.6641
	 Macro-F1: 0.4654
	 Weighted-F1: 0.6364

    Iteration 20 of epoch 15 completed. Loss : 0.5934946537017822 Accuracy : 93.75
    Iteration 40 of epoch 15 completed. Loss : 0.7343732714653015 Accuracy : 84.38
    Iteration 60 of epoch 15 completed. Loss : 0.613867998123169 Accuracy : 93.75
    Iteration 80 of epoch 15 completed. Loss : 0.5951452851295471 Accuracy : 96.88
    Iteration 100 of epoch 15 completed. Loss : 0.6822970509529114 Accuracy : 87.50
Epoch 15 completed. Test dataset:
	 Loss: 0.8822
	 Accuracy : 64.58
	 Average recall: 0.4969
	 F1_PN: 0.6641
	 Macro-F1: 0.4654
	 Weighted-F1: 0.6364

Train/val/test loss curve saved to /home/rgg2706/Multimodal-Sentiment-Analysis/Logs/MOASC4/2025-03-21/sub-1/031_Mar-21-2025_12:07_AM/train_val_test_loss_curve.png
Confusion matrix saved to /home/rgg2706/Multimodal-Sentiment-Analysis/Logs/MOASC4/2025-03-21/sub-1/031_Mar-21-2025_12:07_AM/confusion_matrix.png
