SLURM Job ID: 20077744
The first version with resnset
Model: MOASC4
Dataset: MOA-MVSA-single
directory /home/rgg2706/Multimodal-Sentiment-Analysis/Datasets/MOA-MVSA-single exists
directory /home/rgg2706/Multimodal-Sentiment-Analysis/Datasets/MOA-MVSA-multiple exists
directory /home/rgg2706/Multimodal-Sentiment-Analysis/Models/MOASC4/SaveFiles/SentimentClassifier exists
41
Loading dataset from: /home/rgg2706/Multimodal-Sentiment-Analysis/Datasets/MOA-MVSA-single
/home/rgg2706/Multimodal-Sentiment-Analysis/Datasets/MOA-MVSA-single/text
/home/rgg2706/Multimodal-Sentiment-Analysis/Datasets/MOA-MVSA-single/image
[DEBUG] Now in dataset directory for labels: /home/rgg2706/Multimodal-Sentiment-Analysis/Datasets/MOA-MVSA-single
[DEBUG] About to read labels from: /home/rgg2706/Multimodal-Sentiment-Analysis/Datasets/MOA-MVSA-single/labels.csv
Dataset directory is: /home/rgg2706/Multimodal-Sentiment-Analysis/Datasets/MOA-MVSA-single
Files in dataset directory: ['labels.csv', 'text', 'image']
   ID  text  image
0   1     2      1
1   2     2      1
2   3     2      1
3   4     1      1
4   5     1      1
5   6     1      1
6   7     1      1
7   8     2      1
8   9     1      1
9  10     0      0

[DEBUG] First 5 training texts:
    ID: 1 | Overall sentiment: 1 | Text: how  i feel today legday jelly aching gym 
    ID: 2 | Overall sentiment: 1 | Text: grattis min griskulting!!?? va bara tvungen oki s? sch ? ingenkommerattrodig pig happybday wow lovely cut 
    ID: 3 | Overall sentiment: 1 | Text:  polynminion  the moment  i found my favourite tv character. profoundlove 
    ID: 4 | Overall sentiment: 1 | Text: esco  we have a young and energetic team and we pride ourselves on offering the highes hoer 
    ID: 5 | Overall sentiment: 1 | Text:  chrisashaffer  went to  ssc today to be a movie star to rep for the  deaf and got to meet an energetic great guy  mark  white! 
Train samples: 3653
Validation samples: 406
Test samples: 452
Total samples: 4511
Train label distribution: Negative=1109, Positive=2163, Neutral=381
Val   label distribution: Negative=115, Positive=253, Neutral=38
Test  label distribution: Negative=134, Positive=267, Neutral=51
Overall label distribution: Negative=1358, Positive=2683, Neutral=470
    Iteration 20 of epoch 1 completed. Loss : 1.0952779054641724 Accuracy : 40.62
    Iteration 40 of epoch 1 completed. Loss : 1.087654948234558 Accuracy : 62.50
    Iteration 60 of epoch 1 completed. Loss : 1.0921026468276978 Accuracy : 37.50
    Iteration 80 of epoch 1 completed. Loss : 1.097083330154419 Accuracy : 62.50
    Iteration 100 of epoch 1 completed. Loss : 1.1059010028839111 Accuracy : 50.00
Best validation accuracy improved from 0.0 to 0.5668706293706294
Epoch 1 completed. Test dataset:
	 Loss: 1.0677
	 Accuracy : 52.08
	 Average recall: 0.3786
	 F1_PN: 0.5119
	 Macro-F1: 0.3413
	 Weighted-F1: 0.4959

Best test accuracy improved from 0.0 to 0.5208333333333334, saving model...
    Iteration 20 of epoch 2 completed. Loss : 1.084609866142273 Accuracy : 50.00
    Iteration 40 of epoch 2 completed. Loss : 1.016492247581482 Accuracy : 75.00
    Iteration 60 of epoch 2 completed. Loss : 0.9790262579917908 Accuracy : 53.12
    Iteration 80 of epoch 2 completed. Loss : 0.9336778521537781 Accuracy : 46.88
    Iteration 100 of epoch 2 completed. Loss : 0.991217851638794 Accuracy : 65.62
Best validation accuracy improved from 0.5668706293706294 to 0.7458479020979021
Epoch 2 completed. Test dataset:
	 Loss: 0.8612
	 Accuracy : 70.00
	 Average recall: 0.5286
	 F1_PN: 0.6744
	 Macro-F1: 0.5145
	 Weighted-F1: 0.6694

Best test accuracy improved from 0.5208333333333334 to 0.7, saving model...
    Iteration 20 of epoch 3 completed. Loss : 0.9258941411972046 Accuracy : 59.38
    Iteration 40 of epoch 3 completed. Loss : 0.7853755950927734 Accuracy : 81.25
    Iteration 60 of epoch 3 completed. Loss : 0.7260876893997192 Accuracy : 78.12
    Iteration 80 of epoch 3 completed. Loss : 0.7665351629257202 Accuracy : 62.50
    Iteration 100 of epoch 3 completed. Loss : 0.6377484202384949 Accuracy : 93.75
Epoch 3 completed. Test dataset:
	 Loss: 0.8710
	 Accuracy : 67.29
	 Average recall: 0.5559
	 F1_PN: 0.6952
	 Macro-F1: 0.5058
	 Weighted-F1: 0.6618

    Iteration 20 of epoch 4 completed. Loss : 0.7688500285148621 Accuracy : 84.38
    Iteration 40 of epoch 4 completed. Loss : 0.7555839419364929 Accuracy : 81.25
    Iteration 60 of epoch 4 completed. Loss : 0.6741557121276855 Accuracy : 84.38
    Iteration 80 of epoch 4 completed. Loss : 0.7840271592140198 Accuracy : 50.00
    Iteration 100 of epoch 4 completed. Loss : 0.6136085987091064 Accuracy : 96.88
Epoch 4 completed. Test dataset:
	 Loss: 0.8762
	 Accuracy : 66.67
	 Average recall: 0.5452
	 F1_PN: 0.6817
	 Macro-F1: 0.4984
	 Weighted-F1: 0.6517

    Iteration 20 of epoch 5 completed. Loss : 0.7404292821884155 Accuracy : 84.38
    Iteration 40 of epoch 5 completed. Loss : 0.6768105626106262 Accuracy : 90.62
    Iteration 60 of epoch 5 completed. Loss : 0.6355841159820557 Accuracy : 90.62
    Iteration 80 of epoch 5 completed. Loss : 0.5949153900146484 Accuracy : 90.62
    Iteration 100 of epoch 5 completed. Loss : 0.6253589987754822 Accuracy : 87.50
Epoch 5 completed. Test dataset:
	 Loss: 0.8673
	 Accuracy : 67.29
	 Average recall: 0.5366
	 F1_PN: 0.6793
	 Macro-F1: 0.5146
	 Weighted-F1: 0.6646

    Iteration 20 of epoch 6 completed. Loss : 0.6849417090415955 Accuracy : 90.62
    Iteration 40 of epoch 6 completed. Loss : 0.6783313751220703 Accuracy : 90.62
    Iteration 60 of epoch 6 completed. Loss : 0.6122732162475586 Accuracy : 93.75
    Iteration 80 of epoch 6 completed. Loss : 0.5829728841781616 Accuracy : 96.88
    Iteration 100 of epoch 6 completed. Loss : 0.6070711612701416 Accuracy : 93.75
Epoch 6 completed. Test dataset:
	 Loss: 0.8609
	 Accuracy : 68.33
	 Average recall: 0.5392
	 F1_PN: 0.6889
	 Macro-F1: 0.5179
	 Weighted-F1: 0.6725

    Iteration 20 of epoch 7 completed. Loss : 0.6662330031394958 Accuracy : 87.50
    Iteration 40 of epoch 7 completed. Loss : 0.6730421185493469 Accuracy : 90.62
    Iteration 60 of epoch 7 completed. Loss : 0.5943705439567566 Accuracy : 96.88
    Iteration 80 of epoch 7 completed. Loss : 0.5900110006332397 Accuracy : 90.62
    Iteration 100 of epoch 7 completed. Loss : 0.5890445113182068 Accuracy : 93.75
Epoch 7 completed. Test dataset:
	 Loss: 0.8591
	 Accuracy : 68.54
	 Average recall: 0.5337
	 F1_PN: 0.6873
	 Macro-F1: 0.5178
	 Weighted-F1: 0.6744

    Iteration 20 of epoch 8 completed. Loss : 0.6710037589073181 Accuracy : 84.38
    Iteration 40 of epoch 8 completed. Loss : 0.6621705293655396 Accuracy : 90.62
    Iteration 60 of epoch 8 completed. Loss : 0.5941898822784424 Accuracy : 96.88
    Iteration 80 of epoch 8 completed. Loss : 0.5800338387489319 Accuracy : 93.75
    Iteration 100 of epoch 8 completed. Loss : 0.5981581807136536 Accuracy : 93.75
Epoch 8 completed. Test dataset:
	 Loss: 0.8598
	 Accuracy : 68.54
	 Average recall: 0.5372
	 F1_PN: 0.6846
	 Macro-F1: 0.5249
	 Weighted-F1: 0.6751

    Iteration 20 of epoch 9 completed. Loss : 0.6420289278030396 Accuracy : 90.62
    Iteration 40 of epoch 9 completed. Loss : 0.6646368503570557 Accuracy : 93.75
    Iteration 60 of epoch 9 completed. Loss : 0.5874508619308472 Accuracy : 96.88
    Iteration 80 of epoch 9 completed. Loss : 0.5723813772201538 Accuracy : 96.88
    Iteration 100 of epoch 9 completed. Loss : 0.5810696482658386 Accuracy : 96.88
Epoch 9 completed. Test dataset:
	 Loss: 0.8576
	 Accuracy : 67.71
	 Average recall: 0.5255
	 F1_PN: 0.6778
	 Macro-F1: 0.5089
	 Weighted-F1: 0.6635

    Iteration 20 of epoch 10 completed. Loss : 0.6336835622787476 Accuracy : 90.62
    Iteration 40 of epoch 10 completed. Loss : 0.6647321581840515 Accuracy : 93.75
    Iteration 60 of epoch 10 completed. Loss : 0.5833089351654053 Accuracy : 96.88
    Iteration 80 of epoch 10 completed. Loss : 0.5662574768066406 Accuracy : 100.00
    Iteration 100 of epoch 10 completed. Loss : 0.5742016434669495 Accuracy : 100.00
Epoch 10 completed. Test dataset:
	 Loss: 0.8546
	 Accuracy : 68.75
	 Average recall: 0.5281
	 F1_PN: 0.6826
	 Macro-F1: 0.5121
	 Weighted-F1: 0.6692

    Iteration 20 of epoch 11 completed. Loss : 0.6282029151916504 Accuracy : 90.62
    Iteration 40 of epoch 11 completed. Loss : 0.661062479019165 Accuracy : 93.75
    Iteration 60 of epoch 11 completed. Loss : 0.5829007029533386 Accuracy : 96.88
    Iteration 80 of epoch 11 completed. Loss : 0.5710148215293884 Accuracy : 96.88
    Iteration 100 of epoch 11 completed. Loss : 0.578110933303833 Accuracy : 96.88
Epoch 11 completed. Test dataset:
	 Loss: 0.8540
	 Accuracy : 68.33
	 Average recall: 0.5190
	 F1_PN: 0.6803
	 Macro-F1: 0.4994
	 Weighted-F1: 0.6636

    Iteration 20 of epoch 12 completed. Loss : 0.6307041049003601 Accuracy : 90.62
    Iteration 40 of epoch 12 completed. Loss : 0.6607423424720764 Accuracy : 93.75
    Iteration 60 of epoch 12 completed. Loss : 0.5800571441650391 Accuracy : 96.88
    Iteration 80 of epoch 12 completed. Loss : 0.5603124499320984 Accuracy : 100.00
    Iteration 100 of epoch 12 completed. Loss : 0.5626857876777649 Accuracy : 100.00
Epoch 12 completed. Test dataset:
	 Loss: 0.8532
	 Accuracy : 68.75
	 Average recall: 0.5212
	 F1_PN: 0.6801
	 Macro-F1: 0.5004
	 Weighted-F1: 0.6655

    Iteration 20 of epoch 13 completed. Loss : 0.6195382475852966 Accuracy : 93.75
    Iteration 40 of epoch 13 completed. Loss : 0.6536174416542053 Accuracy : 93.75
    Iteration 60 of epoch 13 completed. Loss : 0.5805721282958984 Accuracy : 96.88
    Iteration 80 of epoch 13 completed. Loss : 0.5588583946228027 Accuracy : 100.00
    Iteration 100 of epoch 13 completed. Loss : 0.5659134387969971 Accuracy : 96.88
Epoch 13 completed. Test dataset:
	 Loss: 0.8527
	 Accuracy : 68.54
	 Average recall: 0.5187
	 F1_PN: 0.6781
	 Macro-F1: 0.4990
	 Weighted-F1: 0.6639

    Iteration 20 of epoch 14 completed. Loss : 0.6165475845336914 Accuracy : 90.62
    Iteration 40 of epoch 14 completed. Loss : 0.6518694758415222 Accuracy : 93.75
    Iteration 60 of epoch 14 completed. Loss : 0.5806212425231934 Accuracy : 96.88
    Iteration 80 of epoch 14 completed. Loss : 0.5558018684387207 Accuracy : 100.00
    Iteration 100 of epoch 14 completed. Loss : 0.5638739466667175 Accuracy : 100.00
Epoch 14 completed. Test dataset:
	 Loss: 0.8529
	 Accuracy : 68.33
	 Average recall: 0.5159
	 F1_PN: 0.6759
	 Macro-F1: 0.4975
	 Weighted-F1: 0.6628

    Iteration 20 of epoch 15 completed. Loss : 0.6254969835281372 Accuracy : 93.75
    Iteration 40 of epoch 15 completed. Loss : 0.6474955677986145 Accuracy : 93.75
    Iteration 60 of epoch 15 completed. Loss : 0.5828723907470703 Accuracy : 96.88
    Iteration 80 of epoch 15 completed. Loss : 0.5579498410224915 Accuracy : 100.00
    Iteration 100 of epoch 15 completed. Loss : 0.5740552544593811 Accuracy : 96.88
Epoch 15 completed. Test dataset:
	 Loss: 0.8529
	 Accuracy : 68.33
	 Average recall: 0.5159
	 F1_PN: 0.6759
	 Macro-F1: 0.4975
	 Weighted-F1: 0.6628

Train/val/test loss curve saved to /home/rgg2706/Multimodal-Sentiment-Analysis/Logs/MOASC4/2025-03-20/sub-5/031_Mar-20-2025_08:34_PM/train_val_test_loss_curve.png
Confusion matrix saved to /home/rgg2706/Multimodal-Sentiment-Analysis/Logs/MOASC4/2025-03-20/sub-5/031_Mar-20-2025_08:34_PM/confusion_matrix.png
