SLURM Job ID: 20078111
The first version with resnset
Model: MOASC4
Dataset: MOA-MVSA-multiple
directory /home/rgg2706/Multimodal-Sentiment-Analysis/Datasets/MOA-MVSA-single exists
directory /home/rgg2706/Multimodal-Sentiment-Analysis/Datasets/MOA-MVSA-multiple exists
directory /home/rgg2706/Multimodal-Sentiment-Analysis/Models/MOASC4/SaveFiles/SentimentClassifier exists
18
Loading dataset from: /home/rgg2706/Multimodal-Sentiment-Analysis/Datasets/MOA-MVSA-multiple
/home/rgg2706/Multimodal-Sentiment-Analysis/Datasets/MOA-MVSA-multiple/text
/home/rgg2706/Multimodal-Sentiment-Analysis/Datasets/MOA-MVSA-multiple/image
[DEBUG] Now in dataset directory for labels: /home/rgg2706/Multimodal-Sentiment-Analysis/Datasets/MOA-MVSA-multiple
[DEBUG] About to read labels from: /home/rgg2706/Multimodal-Sentiment-Analysis/Datasets/MOA-MVSA-multiple/labels.csv
Dataset directory is: /home/rgg2706/Multimodal-Sentiment-Analysis/Datasets/MOA-MVSA-multiple
Files in dataset directory: ['labels.csv', 'text', 'image']
     ID  text  image
0  2499     1      1
1  2500     2      1
2  2502     1      1
3  2504     1      2
4  2505     1      2
5  2506     2      2
6  2508     0      2
7  2509     0      0
8  2510     2      2
9  2511     2      1
Error loading image /home/rgg2706/Multimodal-Sentiment-Analysis/Datasets/MOA-MVSA-multiple/image/3910.jpg: cannot identify image file '/home/rgg2706/Multimodal-Sentiment-Analysis/Datasets/MOA-MVSA-multiple/image/3910.jpg'
  [*] Using fallback image: /home/rgg2706/Multimodal-Sentiment-Analysis/Datasets/0default.jpg
Error loading image /home/rgg2706/Multimodal-Sentiment-Analysis/Datasets/MOA-MVSA-multiple/image/5995.jpg: cannot identify image file '/home/rgg2706/Multimodal-Sentiment-Analysis/Datasets/MOA-MVSA-multiple/image/5995.jpg'
  [*] Using fallback image: /home/rgg2706/Multimodal-Sentiment-Analysis/Datasets/0default.jpg
Error loading image /home/rgg2706/Multimodal-Sentiment-Analysis/Datasets/MOA-MVSA-multiple/image/15324.jpg: image file is truncated (4 bytes not processed)
  [*] Using fallback image: /home/rgg2706/Multimodal-Sentiment-Analysis/Datasets/0default.jpg

[DEBUG] First 5 training texts:
    ID: 2500 | Overall sentiment: 1 | Text: canvassing for  elect kelly yeg yegfed elxn
    ID: 2504 | Overall sentiment: 1 | Text: rdy to watch  thomas mulcair rock it tnight in the globeandmail debate at  winnipeg news  cafe  ndp cdnpoli elxn
    ID: 2505 | Overall sentiment: 1 | Text: cannot wait to vote for kenthehr and  justin trudeau on  october . cdnpoli elxn  real change  go  team hehr
    ID: 2506 | Overall sentiment: 2 | Text: vote for  ndp is vote for another  harper. elxn  andrew  thomson  mulcairs financial adviser http annoyedorhesitantt.coeq t jiv vh
    ID: 2508 | Overall sentiment: 0 | Text: ??  who is who and does what in the elxn  conservative  war  room?  cpc cd npoli  ca npoli http annoyedorhesitantt.coez wknck ys
Train samples: 13791
Validation samples: 1533
Test samples: 1703
Total samples: 17027
Train label distribution: Negative=1055, Positive=9190, Neutral=3546
Val   label distribution: Negative=126, Positive=1007, Neutral=400
Test  label distribution: Negative=118, Positive=1123, Neutral=462
Overall label distribution: Negative=1299, Positive=11320, Neutral=4408
    Iteration 20 of epoch 1 completed. Loss : 1.095797061920166 Accuracy : 46.88
    Iteration 40 of epoch 1 completed. Loss : 1.0691193342208862 Accuracy : 46.88
    Iteration 60 of epoch 1 completed. Loss : 1.1065428256988525 Accuracy : 68.75
    Iteration 80 of epoch 1 completed. Loss : 1.1167927980422974 Accuracy : 53.12
    Iteration 100 of epoch 1 completed. Loss : 1.011307954788208 Accuracy : 65.62
    Iteration 120 of epoch 1 completed. Loss : 0.9889101386070251 Accuracy : 96.88
    Iteration 140 of epoch 1 completed. Loss : 1.116352915763855 Accuracy : 43.75
    Iteration 160 of epoch 1 completed. Loss : 1.0896669626235962 Accuracy : 62.50
    Iteration 180 of epoch 1 completed. Loss : 1.0265426635742188 Accuracy : 46.88
    Iteration 200 of epoch 1 completed. Loss : 1.0529106855392456 Accuracy : 59.38
    Iteration 220 of epoch 1 completed. Loss : 1.1070553064346313 Accuracy : 53.12
    Iteration 240 of epoch 1 completed. Loss : 1.150158166885376 Accuracy : 50.00
    Iteration 260 of epoch 1 completed. Loss : 1.1066443920135498 Accuracy : 43.75
    Iteration 280 of epoch 1 completed. Loss : 1.1130599975585938 Accuracy : 68.75
    Iteration 300 of epoch 1 completed. Loss : 1.0948975086212158 Accuracy : 31.25
    Iteration 320 of epoch 1 completed. Loss : 0.9125815629959106 Accuracy : 68.75
    Iteration 340 of epoch 1 completed. Loss : 0.9909923076629639 Accuracy : 43.75
    Iteration 360 of epoch 1 completed. Loss : 1.256688117980957 Accuracy : 28.12
    Iteration 380 of epoch 1 completed. Loss : 1.0731505155563354 Accuracy : 62.50
    Iteration 400 of epoch 1 completed. Loss : 0.9074714779853821 Accuracy : 75.00
    Iteration 420 of epoch 1 completed. Loss : 1.0618319511413574 Accuracy : 59.38
Best validation accuracy improved from 0.0 to 0.606097341954023
Epoch 1 completed. Test dataset:
	 Loss: 0.9221
	 Accuracy : 59.05
	 Average recall: 0.4416
	 F1_PN: 0.4030
	 Macro-F1: 0.4143
	 Weighted-F1: 0.5964

Best test accuracy improved from 0.0 to 0.5905257936507936, saving model...
    Iteration 20 of epoch 2 completed. Loss : 0.9871058464050293 Accuracy : 43.75
    Iteration 40 of epoch 2 completed. Loss : 0.9410914182662964 Accuracy : 62.50
    Iteration 60 of epoch 2 completed. Loss : 1.0602396726608276 Accuracy : 40.62
    Iteration 80 of epoch 2 completed. Loss : 0.8717056512832642 Accuracy : 65.62
    Iteration 100 of epoch 2 completed. Loss : 0.9859198927879333 Accuracy : 46.88
    Iteration 120 of epoch 2 completed. Loss : 0.8976952433586121 Accuracy : 68.75
    Iteration 140 of epoch 2 completed. Loss : 0.9067058563232422 Accuracy : 53.12
    Iteration 160 of epoch 2 completed. Loss : 1.1032170057296753 Accuracy : 68.75
    Iteration 180 of epoch 2 completed. Loss : 0.8578803539276123 Accuracy : 75.00
    Iteration 200 of epoch 2 completed. Loss : 1.0084121227264404 Accuracy : 59.38
    Iteration 220 of epoch 2 completed. Loss : 0.9201045632362366 Accuracy : 53.12
    Iteration 240 of epoch 2 completed. Loss : 0.9222596883773804 Accuracy : 56.25
    Iteration 260 of epoch 2 completed. Loss : 0.9347139000892639 Accuracy : 62.50
    Iteration 280 of epoch 2 completed. Loss : 1.037821888923645 Accuracy : 71.88
    Iteration 300 of epoch 2 completed. Loss : 0.9773514270782471 Accuracy : 46.88
    Iteration 320 of epoch 2 completed. Loss : 0.8163489699363708 Accuracy : 68.75
    Iteration 340 of epoch 2 completed. Loss : 0.9995018839836121 Accuracy : 43.75
    Iteration 360 of epoch 2 completed. Loss : 1.2119719982147217 Accuracy : 37.50
    Iteration 380 of epoch 2 completed. Loss : 1.0565918684005737 Accuracy : 68.75
    Iteration 400 of epoch 2 completed. Loss : 0.9470009803771973 Accuracy : 50.00
    Iteration 420 of epoch 2 completed. Loss : 0.8383354544639587 Accuracy : 71.88
Best validation accuracy improved from 0.606097341954023 to 0.6346758261494253
Epoch 2 completed. Test dataset:
	 Loss: 0.9295
	 Accuracy : 60.55
	 Average recall: 0.4874
	 F1_PN: 0.4830
	 Macro-F1: 0.4475
	 Weighted-F1: 0.6186

Best test accuracy improved from 0.5905257936507936 to 0.6054894179894179, saving model...
    Iteration 20 of epoch 3 completed. Loss : 0.9630447030067444 Accuracy : 56.25
    Iteration 40 of epoch 3 completed. Loss : 0.9064962863922119 Accuracy : 68.75
    Iteration 60 of epoch 3 completed. Loss : 1.075185775756836 Accuracy : 68.75
    Iteration 80 of epoch 3 completed. Loss : 0.8322259187698364 Accuracy : 68.75
    Iteration 100 of epoch 3 completed. Loss : 0.8920631408691406 Accuracy : 68.75
    Iteration 120 of epoch 3 completed. Loss : 0.6559627652168274 Accuracy : 90.62
    Iteration 140 of epoch 3 completed. Loss : 0.935757577419281 Accuracy : 56.25
    Iteration 160 of epoch 3 completed. Loss : 1.0426136255264282 Accuracy : 68.75
    Iteration 180 of epoch 3 completed. Loss : 0.7902811169624329 Accuracy : 71.88
    Iteration 200 of epoch 3 completed. Loss : 0.8964483737945557 Accuracy : 68.75
    Iteration 220 of epoch 3 completed. Loss : 0.8925721049308777 Accuracy : 71.88
    Iteration 240 of epoch 3 completed. Loss : 0.8083709478378296 Accuracy : 75.00
    Iteration 260 of epoch 3 completed. Loss : 0.8342878818511963 Accuracy : 62.50
    Iteration 280 of epoch 3 completed. Loss : 0.9136399030685425 Accuracy : 68.75
    Iteration 300 of epoch 3 completed. Loss : 0.8925328850746155 Accuracy : 65.62
    Iteration 320 of epoch 3 completed. Loss : 0.7544898986816406 Accuracy : 71.88
    Iteration 340 of epoch 3 completed. Loss : 0.9030716419219971 Accuracy : 53.12
    Iteration 360 of epoch 3 completed. Loss : 1.0433207750320435 Accuracy : 65.62
    Iteration 380 of epoch 3 completed. Loss : 0.871995747089386 Accuracy : 59.38
    Iteration 400 of epoch 3 completed. Loss : 0.8339175581932068 Accuracy : 71.88
    Iteration 420 of epoch 3 completed. Loss : 0.8440656065940857 Accuracy : 68.75
Epoch 3 completed. Test dataset:
	 Loss: 0.9334
	 Accuracy : 60.87
	 Average recall: 0.5025
	 F1_PN: 0.4827
	 Macro-F1: 0.4507
	 Weighted-F1: 0.6224

Best test accuracy improved from 0.6054894179894179 to 0.6087136243386243, saving model...
    Iteration 20 of epoch 4 completed. Loss : 0.8985352516174316 Accuracy : 62.50
    Iteration 40 of epoch 4 completed. Loss : 0.8050525784492493 Accuracy : 78.12
    Iteration 60 of epoch 4 completed. Loss : 1.0936367511749268 Accuracy : 65.62
    Iteration 80 of epoch 4 completed. Loss : 0.8755132555961609 Accuracy : 65.62
    Iteration 100 of epoch 4 completed. Loss : 0.8901696801185608 Accuracy : 71.88
    Iteration 120 of epoch 4 completed. Loss : 0.8482627868652344 Accuracy : 93.75
    Iteration 140 of epoch 4 completed. Loss : 1.014127492904663 Accuracy : 50.00
    Iteration 160 of epoch 4 completed. Loss : 0.9357366561889648 Accuracy : 62.50
    Iteration 180 of epoch 4 completed. Loss : 0.707662045955658 Accuracy : 75.00
    Iteration 200 of epoch 4 completed. Loss : 0.8771373629570007 Accuracy : 78.12
    Iteration 220 of epoch 4 completed. Loss : 0.8029649257659912 Accuracy : 65.62
    Iteration 240 of epoch 4 completed. Loss : 0.8370052576065063 Accuracy : 71.88
    Iteration 260 of epoch 4 completed. Loss : 0.7539516687393188 Accuracy : 71.88
    Iteration 280 of epoch 4 completed. Loss : 0.8697491884231567 Accuracy : 81.25
    Iteration 300 of epoch 4 completed. Loss : 0.8423329591751099 Accuracy : 75.00
    Iteration 320 of epoch 4 completed. Loss : 0.7015647888183594 Accuracy : 71.88
    Iteration 340 of epoch 4 completed. Loss : 0.8525379300117493 Accuracy : 62.50
    Iteration 360 of epoch 4 completed. Loss : 0.7759274244308472 Accuracy : 62.50
    Iteration 380 of epoch 4 completed. Loss : 1.1239306926727295 Accuracy : 65.62
    Iteration 400 of epoch 4 completed. Loss : 0.8177044987678528 Accuracy : 68.75
    Iteration 420 of epoch 4 completed. Loss : 0.7539142370223999 Accuracy : 71.88
Epoch 4 completed. Test dataset:
	 Loss: 0.9877
	 Accuracy : 55.22
	 Average recall: 0.5007
	 F1_PN: 0.4524
	 Macro-F1: 0.4273
	 Weighted-F1: 0.5841

    Iteration 20 of epoch 5 completed. Loss : 0.9320507049560547 Accuracy : 59.38
    Iteration 40 of epoch 5 completed. Loss : 0.836045503616333 Accuracy : 71.88
    Iteration 60 of epoch 5 completed. Loss : 0.9434384107589722 Accuracy : 68.75
    Iteration 80 of epoch 5 completed. Loss : 0.8055192828178406 Accuracy : 75.00
    Iteration 100 of epoch 5 completed. Loss : 0.8332088589668274 Accuracy : 62.50
    Iteration 120 of epoch 5 completed. Loss : 0.5855880379676819 Accuracy : 93.75
    Iteration 140 of epoch 5 completed. Loss : 0.9421975612640381 Accuracy : 59.38
    Iteration 160 of epoch 5 completed. Loss : 0.8580976128578186 Accuracy : 81.25
    Iteration 180 of epoch 5 completed. Loss : 0.6788957118988037 Accuracy : 84.38
    Iteration 200 of epoch 5 completed. Loss : 0.8473979830741882 Accuracy : 78.12
    Iteration 220 of epoch 5 completed. Loss : 0.7600705027580261 Accuracy : 75.00
    Iteration 240 of epoch 5 completed. Loss : 0.6915450692176819 Accuracy : 87.50
    Iteration 260 of epoch 5 completed. Loss : 0.7316316962242126 Accuracy : 75.00
    Iteration 280 of epoch 5 completed. Loss : 0.6597127318382263 Accuracy : 84.38
    Iteration 300 of epoch 5 completed. Loss : 0.7729899287223816 Accuracy : 75.00
    Iteration 320 of epoch 5 completed. Loss : 0.6581106185913086 Accuracy : 81.25
    Iteration 340 of epoch 5 completed. Loss : 0.7916435599327087 Accuracy : 75.00
    Iteration 360 of epoch 5 completed. Loss : 0.65895015001297 Accuracy : 84.38
    Iteration 380 of epoch 5 completed. Loss : 0.7386497259140015 Accuracy : 78.12
    Iteration 400 of epoch 5 completed. Loss : 0.7952643632888794 Accuracy : 71.88
    Iteration 420 of epoch 5 completed. Loss : 0.6689854860305786 Accuracy : 84.38
Epoch 5 completed. Test dataset:
	 Loss: 0.9484
	 Accuracy : 58.52
	 Average recall: 0.4766
	 F1_PN: 0.4687
	 Macro-F1: 0.4437
	 Weighted-F1: 0.6043

    Iteration 20 of epoch 6 completed. Loss : 0.7991045713424683 Accuracy : 71.88
    Iteration 40 of epoch 6 completed. Loss : 0.6976122856140137 Accuracy : 87.50
    Iteration 60 of epoch 6 completed. Loss : 0.9459306001663208 Accuracy : 78.12
    Iteration 80 of epoch 6 completed. Loss : 0.8007872700691223 Accuracy : 75.00
    Iteration 100 of epoch 6 completed. Loss : 0.7573735117912292 Accuracy : 75.00
    Iteration 120 of epoch 6 completed. Loss : 0.5598045587539673 Accuracy : 100.00
    Iteration 140 of epoch 6 completed. Loss : 0.7941247224807739 Accuracy : 71.88
    Iteration 160 of epoch 6 completed. Loss : 0.7922110557556152 Accuracy : 87.50
    Iteration 180 of epoch 6 completed. Loss : 0.6736529469490051 Accuracy : 90.62
    Iteration 200 of epoch 6 completed. Loss : 0.8026379942893982 Accuracy : 84.38
    Iteration 220 of epoch 6 completed. Loss : 0.7557973265647888 Accuracy : 75.00
    Iteration 240 of epoch 6 completed. Loss : 0.7162968516349792 Accuracy : 87.50
    Iteration 260 of epoch 6 completed. Loss : 0.7104780077934265 Accuracy : 81.25
    Iteration 280 of epoch 6 completed. Loss : 0.6449345946311951 Accuracy : 96.88
    Iteration 300 of epoch 6 completed. Loss : 0.7490403056144714 Accuracy : 81.25
    Iteration 320 of epoch 6 completed. Loss : 0.6478512287139893 Accuracy : 84.38
    Iteration 340 of epoch 6 completed. Loss : 0.7395023703575134 Accuracy : 78.12
    Iteration 360 of epoch 6 completed. Loss : 0.6594411730766296 Accuracy : 84.38
    Iteration 380 of epoch 6 completed. Loss : 0.757233738899231 Accuracy : 71.88
    Iteration 400 of epoch 6 completed. Loss : 0.7637807130813599 Accuracy : 75.00
    Iteration 420 of epoch 6 completed. Loss : 0.6893106698989868 Accuracy : 81.25
Epoch 6 completed. Test dataset:
	 Loss: 0.9380
	 Accuracy : 59.33
	 Average recall: 0.4667
	 F1_PN: 0.4733
	 Macro-F1: 0.4398
	 Weighted-F1: 0.6063

    Iteration 20 of epoch 7 completed. Loss : 0.7610654830932617 Accuracy : 75.00
    Iteration 40 of epoch 7 completed. Loss : 0.6840609908103943 Accuracy : 87.50
    Iteration 60 of epoch 7 completed. Loss : 0.8122273683547974 Accuracy : 87.50
    Iteration 80 of epoch 7 completed. Loss : 0.7897728085517883 Accuracy : 78.12
    Iteration 100 of epoch 7 completed. Loss : 0.7206556797027588 Accuracy : 75.00
    Iteration 120 of epoch 7 completed. Loss : 0.5576221346855164 Accuracy : 100.00
    Iteration 140 of epoch 7 completed. Loss : 0.7598448991775513 Accuracy : 71.88
    Iteration 160 of epoch 7 completed. Loss : 0.7656667232513428 Accuracy : 93.75
    Iteration 180 of epoch 7 completed. Loss : 0.6640976071357727 Accuracy : 87.50
    Iteration 200 of epoch 7 completed. Loss : 0.8295144438743591 Accuracy : 84.38
    Iteration 220 of epoch 7 completed. Loss : 0.7533435225486755 Accuracy : 75.00
    Iteration 240 of epoch 7 completed. Loss : 0.6359113454818726 Accuracy : 90.62
    Iteration 260 of epoch 7 completed. Loss : 0.7042716145515442 Accuracy : 81.25
    Iteration 280 of epoch 7 completed. Loss : 0.6446933150291443 Accuracy : 87.50
    Iteration 300 of epoch 7 completed. Loss : 0.6878585815429688 Accuracy : 84.38
    Iteration 320 of epoch 7 completed. Loss : 0.6901682615280151 Accuracy : 78.12
    Iteration 340 of epoch 7 completed. Loss : 0.7299864292144775 Accuracy : 78.12
    Iteration 360 of epoch 7 completed. Loss : 0.6430850028991699 Accuracy : 87.50
    Iteration 380 of epoch 7 completed. Loss : 0.732828676700592 Accuracy : 78.12
    Iteration 400 of epoch 7 completed. Loss : 0.748602569103241 Accuracy : 78.12
    Iteration 420 of epoch 7 completed. Loss : 0.680241584777832 Accuracy : 81.25
Epoch 7 completed. Test dataset:
	 Loss: 0.9338
	 Accuracy : 60.32
	 Average recall: 0.4694
	 F1_PN: 0.4853
	 Macro-F1: 0.4468
	 Weighted-F1: 0.6138

    Iteration 20 of epoch 8 completed. Loss : 0.7564237117767334 Accuracy : 78.12
    Iteration 40 of epoch 8 completed. Loss : 0.7056810855865479 Accuracy : 87.50
    Iteration 60 of epoch 8 completed. Loss : 0.8127094507217407 Accuracy : 84.38
    Iteration 80 of epoch 8 completed. Loss : 0.8074586987495422 Accuracy : 75.00
    Iteration 100 of epoch 8 completed. Loss : 0.7115642428398132 Accuracy : 75.00
    Iteration 120 of epoch 8 completed. Loss : 0.5540686845779419 Accuracy : 100.00
    Iteration 140 of epoch 8 completed. Loss : 0.754432201385498 Accuracy : 71.88
    Iteration 160 of epoch 8 completed. Loss : 0.7632091641426086 Accuracy : 93.75
    Iteration 180 of epoch 8 completed. Loss : 0.6629963517189026 Accuracy : 87.50
    Iteration 200 of epoch 8 completed. Loss : 0.8044808506965637 Accuracy : 84.38
    Iteration 220 of epoch 8 completed. Loss : 0.7469633221626282 Accuracy : 75.00
    Iteration 240 of epoch 8 completed. Loss : 0.6354909539222717 Accuracy : 90.62
    Iteration 260 of epoch 8 completed. Loss : 0.6944547891616821 Accuracy : 81.25
    Iteration 280 of epoch 8 completed. Loss : 0.6358641386032104 Accuracy : 93.75
    Iteration 300 of epoch 8 completed. Loss : 0.7061428427696228 Accuracy : 81.25
    Iteration 320 of epoch 8 completed. Loss : 0.6721332669258118 Accuracy : 84.38
    Iteration 340 of epoch 8 completed. Loss : 0.7293180823326111 Accuracy : 78.12
    Iteration 360 of epoch 8 completed. Loss : 0.6419154405593872 Accuracy : 87.50
    Iteration 380 of epoch 8 completed. Loss : 0.7292937636375427 Accuracy : 78.12
    Iteration 400 of epoch 8 completed. Loss : 0.7613562345504761 Accuracy : 75.00
    Iteration 420 of epoch 8 completed. Loss : 0.6568223237991333 Accuracy : 87.50
Epoch 8 completed. Test dataset:
	 Loss: 0.9336
	 Accuracy : 60.38
	 Average recall: 0.4689
	 F1_PN: 0.4845
	 Macro-F1: 0.4460
	 Weighted-F1: 0.6145

    Iteration 20 of epoch 9 completed. Loss : 0.7295514345169067 Accuracy : 81.25
    Iteration 40 of epoch 9 completed. Loss : 0.6612740159034729 Accuracy : 90.62
    Iteration 60 of epoch 9 completed. Loss : 0.8204818367958069 Accuracy : 81.25
    Iteration 80 of epoch 9 completed. Loss : 0.790617823600769 Accuracy : 78.12
    Iteration 100 of epoch 9 completed. Loss : 0.7168413400650024 Accuracy : 75.00
    Iteration 120 of epoch 9 completed. Loss : 0.5567402839660645 Accuracy : 100.00
    Iteration 140 of epoch 9 completed. Loss : 0.7437489628791809 Accuracy : 78.12
    Iteration 160 of epoch 9 completed. Loss : 0.7865901589393616 Accuracy : 87.50
    Iteration 180 of epoch 9 completed. Loss : 0.659625768661499 Accuracy : 87.50
    Iteration 200 of epoch 9 completed. Loss : 0.8358620405197144 Accuracy : 84.38
    Iteration 220 of epoch 9 completed. Loss : 0.7270297408103943 Accuracy : 78.12
    Iteration 240 of epoch 9 completed. Loss : 0.657097339630127 Accuracy : 87.50
    Iteration 260 of epoch 9 completed. Loss : 0.7180474996566772 Accuracy : 81.25
    Iteration 280 of epoch 9 completed. Loss : 0.6362748742103577 Accuracy : 93.75
    Iteration 300 of epoch 9 completed. Loss : 0.6881458163261414 Accuracy : 84.38
    Iteration 320 of epoch 9 completed. Loss : 0.6401598453521729 Accuracy : 87.50
    Iteration 340 of epoch 9 completed. Loss : 0.7272959351539612 Accuracy : 78.12
    Iteration 360 of epoch 9 completed. Loss : 0.6417250633239746 Accuracy : 87.50
    Iteration 380 of epoch 9 completed. Loss : 0.7299882769584656 Accuracy : 78.12
    Iteration 400 of epoch 9 completed. Loss : 0.7791424989700317 Accuracy : 75.00
    Iteration 420 of epoch 9 completed. Loss : 0.6631852388381958 Accuracy : 84.38
Epoch 9 completed. Test dataset:
	 Loss: 0.9338
	 Accuracy : 60.38
	 Average recall: 0.4689
	 F1_PN: 0.4845
	 Macro-F1: 0.4460
	 Weighted-F1: 0.6145

    Iteration 20 of epoch 10 completed. Loss : 0.776585042476654 Accuracy : 75.00
    Iteration 40 of epoch 10 completed. Loss : 0.6693023443222046 Accuracy : 90.62
    Iteration 60 of epoch 10 completed. Loss : 0.8343158960342407 Accuracy : 87.50
    Iteration 80 of epoch 10 completed. Loss : 0.7898566722869873 Accuracy : 78.12
    Iteration 100 of epoch 10 completed. Loss : 0.7277116775512695 Accuracy : 75.00
    Iteration 120 of epoch 10 completed. Loss : 0.5571639537811279 Accuracy : 100.00
    Iteration 140 of epoch 10 completed. Loss : 0.7785049080848694 Accuracy : 68.75
    Iteration 160 of epoch 10 completed. Loss : 0.7702522873878479 Accuracy : 93.75
    Iteration 180 of epoch 10 completed. Loss : 0.6705784797668457 Accuracy : 87.50
    Iteration 200 of epoch 10 completed. Loss : 0.8145237565040588 Accuracy : 84.38
    Iteration 220 of epoch 10 completed. Loss : 0.7351155281066895 Accuracy : 78.12
    Iteration 240 of epoch 10 completed. Loss : 0.6360005736351013 Accuracy : 90.62
    Iteration 260 of epoch 10 completed. Loss : 0.6936198472976685 Accuracy : 81.25
    Iteration 280 of epoch 10 completed. Loss : 0.6360744833946228 Accuracy : 93.75
    Iteration 300 of epoch 10 completed. Loss : 0.6916372776031494 Accuracy : 84.38
    Iteration 320 of epoch 10 completed. Loss : 0.6420826315879822 Accuracy : 87.50
    Iteration 340 of epoch 10 completed. Loss : 0.7129552364349365 Accuracy : 81.25
    Iteration 360 of epoch 10 completed. Loss : 0.699457585811615 Accuracy : 81.25
    Iteration 380 of epoch 10 completed. Loss : 0.7279897332191467 Accuracy : 78.12
    Iteration 400 of epoch 10 completed. Loss : 0.7744078636169434 Accuracy : 75.00
    Iteration 420 of epoch 10 completed. Loss : 0.6596037149429321 Accuracy : 87.50
Epoch 10 completed. Test dataset:
	 Loss: 0.9339
	 Accuracy : 60.26
	 Average recall: 0.4678
	 F1_PN: 0.4810
	 Macro-F1: 0.4424
	 Weighted-F1: 0.6127

    Iteration 20 of epoch 11 completed. Loss : 0.7325042486190796 Accuracy : 78.12
    Iteration 40 of epoch 11 completed. Loss : 0.6781103014945984 Accuracy : 87.50
    Iteration 60 of epoch 11 completed. Loss : 0.8124558925628662 Accuracy : 87.50
    Iteration 80 of epoch 11 completed. Loss : 0.7906348705291748 Accuracy : 78.12
    Iteration 100 of epoch 11 completed. Loss : 0.7316908240318298 Accuracy : 75.00
    Iteration 120 of epoch 11 completed. Loss : 0.5573692917823792 Accuracy : 100.00
    Iteration 140 of epoch 11 completed. Loss : 0.7633733749389648 Accuracy : 71.88
    Iteration 160 of epoch 11 completed. Loss : 0.7609153985977173 Accuracy : 93.75
    Iteration 180 of epoch 11 completed. Loss : 0.6538113951683044 Accuracy : 90.62
    Iteration 200 of epoch 11 completed. Loss : 0.8083353638648987 Accuracy : 84.38
    Iteration 220 of epoch 11 completed. Loss : 0.7430364489555359 Accuracy : 75.00
    Iteration 240 of epoch 11 completed. Loss : 0.6502810120582581 Accuracy : 90.62
    Iteration 260 of epoch 11 completed. Loss : 0.7030597925186157 Accuracy : 81.25
    Iteration 280 of epoch 11 completed. Loss : 0.6332374215126038 Accuracy : 93.75
    Iteration 300 of epoch 11 completed. Loss : 0.6927060484886169 Accuracy : 84.38
    Iteration 320 of epoch 11 completed. Loss : 0.6497566103935242 Accuracy : 84.38
    Iteration 340 of epoch 11 completed. Loss : 0.7150737643241882 Accuracy : 81.25
    Iteration 360 of epoch 11 completed. Loss : 0.6431587934494019 Accuracy : 87.50
    Iteration 380 of epoch 11 completed. Loss : 0.7317308783531189 Accuracy : 78.12
    Iteration 400 of epoch 11 completed. Loss : 0.7764977812767029 Accuracy : 75.00
    Iteration 420 of epoch 11 completed. Loss : 0.6648397445678711 Accuracy : 84.38
Epoch 11 completed. Test dataset:
	 Loss: 0.9339
	 Accuracy : 60.32
	 Average recall: 0.4681
	 F1_PN: 0.4814
	 Macro-F1: 0.4426
	 Weighted-F1: 0.6132

    Iteration 20 of epoch 12 completed. Loss : 0.7872330546379089 Accuracy : 78.12
    Iteration 40 of epoch 12 completed. Loss : 0.6638040542602539 Accuracy : 90.62
    Iteration 60 of epoch 12 completed. Loss : 0.8358904123306274 Accuracy : 84.38
    Iteration 80 of epoch 12 completed. Loss : 0.7937079071998596 Accuracy : 75.00
    Iteration 100 of epoch 12 completed. Loss : 0.7505354285240173 Accuracy : 71.88
    Iteration 120 of epoch 12 completed. Loss : 0.5577092170715332 Accuracy : 100.00
    Iteration 140 of epoch 12 completed. Loss : 0.7768186330795288 Accuracy : 75.00
    Iteration 160 of epoch 12 completed. Loss : 0.7700474858283997 Accuracy : 93.75
    Iteration 180 of epoch 12 completed. Loss : 0.6590763926506042 Accuracy : 87.50
    Iteration 200 of epoch 12 completed. Loss : 0.8234821557998657 Accuracy : 81.25
    Iteration 220 of epoch 12 completed. Loss : 0.7445933818817139 Accuracy : 75.00
    Iteration 240 of epoch 12 completed. Loss : 0.6408631205558777 Accuracy : 90.62
    Iteration 260 of epoch 12 completed. Loss : 0.684354305267334 Accuracy : 84.38
    Iteration 280 of epoch 12 completed. Loss : 0.6364628672599792 Accuracy : 93.75
    Iteration 300 of epoch 12 completed. Loss : 0.6844509840011597 Accuracy : 84.38
    Iteration 320 of epoch 12 completed. Loss : 0.64572674036026 Accuracy : 84.38
    Iteration 340 of epoch 12 completed. Loss : 0.729313313961029 Accuracy : 78.12
    Iteration 360 of epoch 12 completed. Loss : 0.6646000146865845 Accuracy : 84.38
    Iteration 380 of epoch 12 completed. Loss : 0.7295097708702087 Accuracy : 78.12
    Iteration 400 of epoch 12 completed. Loss : 0.7528156638145447 Accuracy : 78.12
    Iteration 420 of epoch 12 completed. Loss : 0.677513062953949 Accuracy : 84.38
Epoch 12 completed. Test dataset:
	 Loss: 0.9339
	 Accuracy : 60.38
	 Average recall: 0.4684
	 F1_PN: 0.4847
	 Macro-F1: 0.4449
	 Weighted-F1: 0.6138

    Iteration 20 of epoch 13 completed. Loss : 0.7542589902877808 Accuracy : 81.25
    Iteration 40 of epoch 13 completed. Loss : 0.6713101267814636 Accuracy : 90.62
    Iteration 60 of epoch 13 completed. Loss : 0.8230825662612915 Accuracy : 84.38
    Iteration 80 of epoch 13 completed. Loss : 0.7908169031143188 Accuracy : 78.12
    Iteration 100 of epoch 13 completed. Loss : 0.7121375799179077 Accuracy : 75.00
    Iteration 120 of epoch 13 completed. Loss : 0.5627963542938232 Accuracy : 100.00
    Iteration 140 of epoch 13 completed. Loss : 0.7492538094520569 Accuracy : 75.00
    Iteration 160 of epoch 13 completed. Loss : 0.790312647819519 Accuracy : 93.75
    Iteration 180 of epoch 13 completed. Loss : 0.6599064469337463 Accuracy : 87.50
    Iteration 200 of epoch 13 completed. Loss : 0.8146010637283325 Accuracy : 84.38
    Iteration 220 of epoch 13 completed. Loss : 0.7421143651008606 Accuracy : 75.00
    Iteration 240 of epoch 13 completed. Loss : 0.6823961734771729 Accuracy : 87.50
    Iteration 260 of epoch 13 completed. Loss : 0.7115606665611267 Accuracy : 84.38
    Iteration 280 of epoch 13 completed. Loss : 0.6287901997566223 Accuracy : 96.88
    Iteration 300 of epoch 13 completed. Loss : 0.6770407557487488 Accuracy : 84.38
    Iteration 320 of epoch 13 completed. Loss : 0.640087366104126 Accuracy : 84.38
    Iteration 340 of epoch 13 completed. Loss : 0.7097084522247314 Accuracy : 81.25
    Iteration 360 of epoch 13 completed. Loss : 0.6529165506362915 Accuracy : 84.38
    Iteration 380 of epoch 13 completed. Loss : 0.7345778346061707 Accuracy : 78.12
    Iteration 400 of epoch 13 completed. Loss : 0.7638473510742188 Accuracy : 78.12
    Iteration 420 of epoch 13 completed. Loss : 0.6637656688690186 Accuracy : 87.50
Epoch 13 completed. Test dataset:
	 Loss: 0.9339
	 Accuracy : 60.32
	 Average recall: 0.4681
	 F1_PN: 0.4814
	 Macro-F1: 0.4426
	 Weighted-F1: 0.6132

    Iteration 20 of epoch 14 completed. Loss : 0.7582048177719116 Accuracy : 78.12
    Iteration 40 of epoch 14 completed. Loss : 0.6705211400985718 Accuracy : 90.62
    Iteration 60 of epoch 14 completed. Loss : 0.8227230310440063 Accuracy : 87.50
    Iteration 80 of epoch 14 completed. Loss : 0.803941547870636 Accuracy : 75.00
    Iteration 100 of epoch 14 completed. Loss : 0.7548355460166931 Accuracy : 71.88
    Iteration 120 of epoch 14 completed. Loss : 0.559281051158905 Accuracy : 100.00
    Iteration 140 of epoch 14 completed. Loss : 0.7429535388946533 Accuracy : 78.12
    Iteration 160 of epoch 14 completed. Loss : 0.7751668691635132 Accuracy : 93.75
    Iteration 180 of epoch 14 completed. Loss : 0.6634711027145386 Accuracy : 84.38
    Iteration 200 of epoch 14 completed. Loss : 0.8104519248008728 Accuracy : 84.38
    Iteration 220 of epoch 14 completed. Loss : 0.7467684149742126 Accuracy : 75.00
    Iteration 240 of epoch 14 completed. Loss : 0.6233264207839966 Accuracy : 90.62
    Iteration 260 of epoch 14 completed. Loss : 0.6922854781150818 Accuracy : 84.38
    Iteration 280 of epoch 14 completed. Loss : 0.6298460364341736 Accuracy : 93.75
    Iteration 300 of epoch 14 completed. Loss : 0.684471607208252 Accuracy : 84.38
    Iteration 320 of epoch 14 completed. Loss : 0.6511769890785217 Accuracy : 84.38
    Iteration 340 of epoch 14 completed. Loss : 0.7168496251106262 Accuracy : 81.25
    Iteration 360 of epoch 14 completed. Loss : 0.6396294832229614 Accuracy : 87.50
    Iteration 380 of epoch 14 completed. Loss : 0.7295798063278198 Accuracy : 78.12
    Iteration 400 of epoch 14 completed. Loss : 0.7462846040725708 Accuracy : 78.12
    Iteration 420 of epoch 14 completed. Loss : 0.6732569932937622 Accuracy : 84.38
Epoch 14 completed. Test dataset:
	 Loss: 0.9339
	 Accuracy : 60.38
	 Average recall: 0.4684
	 F1_PN: 0.4847
	 Macro-F1: 0.4449
	 Weighted-F1: 0.6138

    Iteration 20 of epoch 15 completed. Loss : 0.7819919586181641 Accuracy : 75.00
    Iteration 40 of epoch 15 completed. Loss : 0.6654847264289856 Accuracy : 90.62
    Iteration 60 of epoch 15 completed. Loss : 0.8167381882667542 Accuracy : 84.38
    Iteration 80 of epoch 15 completed. Loss : 0.7864687442779541 Accuracy : 78.12
    Iteration 100 of epoch 15 completed. Loss : 0.7146081328392029 Accuracy : 75.00
    Iteration 120 of epoch 15 completed. Loss : 0.5592911243438721 Accuracy : 100.00
    Iteration 140 of epoch 15 completed. Loss : 0.766710102558136 Accuracy : 75.00
    Iteration 160 of epoch 15 completed. Loss : 0.7616399526596069 Accuracy : 93.75
    Iteration 180 of epoch 15 completed. Loss : 0.6556810736656189 Accuracy : 90.62
    Iteration 200 of epoch 15 completed. Loss : 0.8152063488960266 Accuracy : 81.25
    Iteration 220 of epoch 15 completed. Loss : 0.7252926826477051 Accuracy : 81.25
    Iteration 240 of epoch 15 completed. Loss : 0.6339247822761536 Accuracy : 90.62
    Iteration 260 of epoch 15 completed. Loss : 0.6907718777656555 Accuracy : 84.38
    Iteration 280 of epoch 15 completed. Loss : 0.632935106754303 Accuracy : 93.75
    Iteration 300 of epoch 15 completed. Loss : 0.6823941469192505 Accuracy : 84.38
    Iteration 320 of epoch 15 completed. Loss : 0.6632608771324158 Accuracy : 84.38
    Iteration 340 of epoch 15 completed. Loss : 0.7265854477882385 Accuracy : 78.12
    Iteration 360 of epoch 15 completed. Loss : 0.6736932992935181 Accuracy : 84.38
    Iteration 380 of epoch 15 completed. Loss : 0.7376097440719604 Accuracy : 78.12
    Iteration 400 of epoch 15 completed. Loss : 0.7732666730880737 Accuracy : 75.00
    Iteration 420 of epoch 15 completed. Loss : 0.6613338589668274 Accuracy : 84.38
Epoch 15 completed. Test dataset:
	 Loss: 0.9339
	 Accuracy : 60.32
	 Average recall: 0.4681
	 F1_PN: 0.4814
	 Macro-F1: 0.4426
	 Weighted-F1: 0.6132

Train/val/test loss curve saved to /home/rgg2706/Multimodal-Sentiment-Analysis/Logs/MOASC4/2025-03-21/sub-2/018_Mar-21-2025_03:56_AM/train_val_test_loss_curve.png
Confusion matrix saved to /home/rgg2706/Multimodal-Sentiment-Analysis/Logs/MOASC4/2025-03-21/sub-2/018_Mar-21-2025_03:56_AM/confusion_matrix.png
