SLURM Job ID: 20075096
This model run adds averaged macro-F1 and weighted macro-F1
Model: MOASC3
Dataset: MVSA-single
directory /home/rgg2706/Multimodal-Sentiment-Analysis/Datasets/MOA-MVSA-single exists
directory /home/rgg2706/Multimodal-Sentiment-Analysis/Datasets/MOA-MVSA-multiple exists
directory /home/rgg2706/Multimodal-Sentiment-Analysis/Models/MOASC3/SaveFiles/SentimentClassifier exists
/home/rgg2706/Multimodal-Sentiment-Analysis/Models/MOASC3/Datasets/MVSA-single/text
/home/rgg2706/Multimodal-Sentiment-Analysis/Models/MOASC3/Datasets/MVSA-single/image
[DEBUG] Now in dataset directory for labels: /home/rgg2706/Multimodal-Sentiment-Analysis/Models/MOASC3/Datasets/MVSA-single
[DEBUG] About to read labels from: /home/rgg2706/Multimodal-Sentiment-Analysis/Models/MOASC3/Datasets/MVSA-single/labels.csv
   ID  text  image
0   1     2      1
1   2     2      1
2   3     2      1
3   4     1      1
4   5     1      1
5   6     1      1
6   7     1      1
7   8     2      1
8   9     1      1
9  10     0      0

[DEBUG] First 5 training texts:
    ID: 1 | Overall sentiment: 1 | Text: how  i feel today legday jelly aching gym 
    ID: 2 | Overall sentiment: 1 | Text: grattis min griskulting!!?? va bara tvungen oki s? sch ? ingenkommerattrodig pig happybday wow lovely cut 
    ID: 3 | Overall sentiment: 1 | Text:  polynminion  the moment  i found my favourite tv character. profoundlove 
    ID: 4 | Overall sentiment: 1 | Text: esco  we have a young and energetic team and we pride ourselves on offering the highes hoer 
    ID: 6 | Overall sentiment: 1 | Text:  babeshawnmendes that was really energetic 
Train samples: 3653
Validation samples: 406
Test samples: 452
Total samples: 4511
Train label distribution: Negative=1058, Positive=2199, Neutral=396
Val   label distribution: Negative=139, Positive=237, Neutral=30
Test  label distribution: Negative=161, Positive=247, Neutral=44
Overall label distribution: Negative=1358, Positive=2683, Neutral=470
    Iteration 20 of epoch 1 completed. Loss : 1.10018789768219 Accuracy : 18.75
    Iteration 40 of epoch 1 completed. Loss : 1.0901135206222534 Accuracy : 65.62
    Iteration 60 of epoch 1 completed. Loss : 1.090195894241333 Accuracy : 62.50
    Iteration 80 of epoch 1 completed. Loss : 1.057860016822815 Accuracy : 68.75
    Iteration 100 of epoch 1 completed. Loss : 1.0845216512680054 Accuracy : 78.12
Best validation accuracy improved from 0.0 to 0.659965034965035
Epoch 1 completed. Test dataset:
	 Loss: 0.9529
	 Accuracy : 64.17
	 Average recall: 0.4273
	 F1_PN: 0.5904
	 Macro-F1: 0.3936
	 Weighted-F1: 0.5753

Best test accuracy improved from 0.0 to 0.6416666666666667, saving model...
    Iteration 20 of epoch 2 completed. Loss : 1.0709248781204224 Accuracy : 65.62
    Iteration 40 of epoch 2 completed. Loss : 0.9889528155326843 Accuracy : 81.25
    Iteration 60 of epoch 2 completed. Loss : 1.1433765888214111 Accuracy : 59.38
    Iteration 80 of epoch 2 completed. Loss : 0.7406798601150513 Accuracy : 87.50
    Iteration 100 of epoch 2 completed. Loss : 0.9517062306404114 Accuracy : 84.38
Epoch 2 completed. Test dataset:
	 Loss: 0.8707
	 Accuracy : 67.92
	 Average recall: 0.5767
	 F1_PN: 0.7010
	 Macro-F1: 0.5518
	 Weighted-F1: 0.6886

Best test accuracy improved from 0.6416666666666667 to 0.6791666666666667, saving model...
    Iteration 20 of epoch 3 completed. Loss : 0.8523511290550232 Accuracy : 65.62
    Iteration 40 of epoch 3 completed. Loss : 0.8066292405128479 Accuracy : 84.38
    Iteration 60 of epoch 3 completed. Loss : 1.0282903909683228 Accuracy : 59.38
    Iteration 80 of epoch 3 completed. Loss : 0.7689700722694397 Accuracy : 75.00
    Iteration 100 of epoch 3 completed. Loss : 0.8812786936759949 Accuracy : 75.00
Epoch 3 completed. Test dataset:
	 Loss: 0.8990
	 Accuracy : 64.38
	 Average recall: 0.5382
	 F1_PN: 0.6799
	 Macro-F1: 0.5241
	 Weighted-F1: 0.6700

    Iteration 20 of epoch 4 completed. Loss : 0.7562786936759949 Accuracy : 71.88
    Iteration 40 of epoch 4 completed. Loss : 0.7708911895751953 Accuracy : 90.62
    Iteration 60 of epoch 4 completed. Loss : 1.0859193801879883 Accuracy : 59.38
    Iteration 80 of epoch 4 completed. Loss : 0.6466894149780273 Accuracy : 90.62
    Iteration 100 of epoch 4 completed. Loss : 0.7305371761322021 Accuracy : 96.88
Epoch 4 completed. Test dataset:
	 Loss: 0.8452
	 Accuracy : 69.58
	 Average recall: 0.5787
	 F1_PN: 0.7142
	 Macro-F1: 0.5622
	 Weighted-F1: 0.7036

Best test accuracy improved from 0.6791666666666667 to 0.6958333333333333, saving model...
    Iteration 20 of epoch 5 completed. Loss : 0.8612872362136841 Accuracy : 71.88
    Iteration 40 of epoch 5 completed. Loss : 0.7631145119667053 Accuracy : 87.50
    Iteration 60 of epoch 5 completed. Loss : 0.9525833129882812 Accuracy : 65.62
    Iteration 80 of epoch 5 completed. Loss : 0.6751344203948975 Accuracy : 87.50
    Iteration 100 of epoch 5 completed. Loss : 0.747270941734314 Accuracy : 90.62
Best validation accuracy improved from 0.659965034965035 to 0.701486013986014
Epoch 5 completed. Test dataset:
	 Loss: 0.8342
	 Accuracy : 70.42
	 Average recall: 0.5746
	 F1_PN: 0.7215
	 Macro-F1: 0.5616
	 Weighted-F1: 0.7059

Best test accuracy improved from 0.6958333333333333 to 0.7041666666666667, saving model...
    Iteration 20 of epoch 6 completed. Loss : 0.7698943614959717 Accuracy : 81.25
    Iteration 40 of epoch 6 completed. Loss : 0.7542418241500854 Accuracy : 90.62
    Iteration 60 of epoch 6 completed. Loss : 0.9790379405021667 Accuracy : 65.62
    Iteration 80 of epoch 6 completed. Loss : 0.6912781000137329 Accuracy : 84.38
    Iteration 100 of epoch 6 completed. Loss : 0.6832440495491028 Accuracy : 96.88
Best validation accuracy improved from 0.701486013986014 to 0.7027972027972028
Epoch 6 completed. Test dataset:
	 Loss: 0.8348
	 Accuracy : 71.04
	 Average recall: 0.5746
	 F1_PN: 0.7228
	 Macro-F1: 0.5624
	 Weighted-F1: 0.7074

Best test accuracy improved from 0.7041666666666667 to 0.7104166666666667, saving model...
    Iteration 20 of epoch 7 completed. Loss : 0.7662302851676941 Accuracy : 84.38
    Iteration 40 of epoch 7 completed. Loss : 0.7443088293075562 Accuracy : 90.62
    Iteration 60 of epoch 7 completed. Loss : 0.9629445672035217 Accuracy : 68.75
    Iteration 80 of epoch 7 completed. Loss : 0.6515746712684631 Accuracy : 90.62
    Iteration 100 of epoch 7 completed. Loss : 0.7014733552932739 Accuracy : 90.62
Epoch 7 completed. Test dataset:
	 Loss: 0.8344
	 Accuracy : 71.46
	 Average recall: 0.5838
	 F1_PN: 0.7266
	 Macro-F1: 0.5691
	 Weighted-F1: 0.7121

Best test accuracy improved from 0.7104166666666667 to 0.7145833333333333, saving model...
    Iteration 20 of epoch 8 completed. Loss : 0.7695583701133728 Accuracy : 81.25
    Iteration 40 of epoch 8 completed. Loss : 0.7524921894073486 Accuracy : 90.62
    Iteration 60 of epoch 8 completed. Loss : 0.9645467400550842 Accuracy : 68.75
    Iteration 80 of epoch 8 completed. Loss : 0.6619621515274048 Accuracy : 90.62
    Iteration 100 of epoch 8 completed. Loss : 0.6691983342170715 Accuracy : 96.88
Best validation accuracy improved from 0.7027972027972028 to 0.7076048951048951
Epoch 8 completed. Test dataset:
	 Loss: 0.8442
	 Accuracy : 70.00
	 Average recall: 0.5845
	 F1_PN: 0.7104
	 Macro-F1: 0.5717
	 Weighted-F1: 0.7032

    Iteration 20 of epoch 9 completed. Loss : 0.7826351523399353 Accuracy : 78.12
    Iteration 40 of epoch 9 completed. Loss : 0.7449133992195129 Accuracy : 90.62
    Iteration 60 of epoch 9 completed. Loss : 0.97806316614151 Accuracy : 65.62
    Iteration 80 of epoch 9 completed. Loss : 0.6537036895751953 Accuracy : 90.62
    Iteration 100 of epoch 9 completed. Loss : 0.6751894950866699 Accuracy : 96.88
Epoch 9 completed. Test dataset:
	 Loss: 0.8414
	 Accuracy : 70.62
	 Average recall: 0.5740
	 F1_PN: 0.7136
	 Macro-F1: 0.5614
	 Weighted-F1: 0.7008

    Iteration 20 of epoch 10 completed. Loss : 0.7709089517593384 Accuracy : 84.38
    Iteration 40 of epoch 10 completed. Loss : 0.7361050248146057 Accuracy : 93.75
    Iteration 60 of epoch 10 completed. Loss : 0.9247575998306274 Accuracy : 65.62
    Iteration 80 of epoch 10 completed. Loss : 0.6466271281242371 Accuracy : 90.62
    Iteration 100 of epoch 10 completed. Loss : 0.6791739463806152 Accuracy : 93.75
Epoch 10 completed. Test dataset:
	 Loss: 0.8436
	 Accuracy : 70.21
	 Average recall: 0.5799
	 F1_PN: 0.7122
	 Macro-F1: 0.5632
	 Weighted-F1: 0.7014

    Iteration 20 of epoch 11 completed. Loss : 0.7628275752067566 Accuracy : 84.38
    Iteration 40 of epoch 11 completed. Loss : 0.7362149953842163 Accuracy : 93.75
    Iteration 60 of epoch 11 completed. Loss : 0.904757022857666 Accuracy : 71.88
    Iteration 80 of epoch 11 completed. Loss : 0.65231853723526 Accuracy : 90.62
    Iteration 100 of epoch 11 completed. Loss : 0.6678663492202759 Accuracy : 96.88
Epoch 11 completed. Test dataset:
	 Loss: 0.8426
	 Accuracy : 70.21
	 Average recall: 0.5725
	 F1_PN: 0.7112
	 Macro-F1: 0.5590
	 Weighted-F1: 0.6993

    Iteration 20 of epoch 12 completed. Loss : 0.7641667127609253 Accuracy : 84.38
    Iteration 40 of epoch 12 completed. Loss : 0.7350185513496399 Accuracy : 93.75
    Iteration 60 of epoch 12 completed. Loss : 0.9258215427398682 Accuracy : 75.00
    Iteration 80 of epoch 12 completed. Loss : 0.6614897847175598 Accuracy : 87.50
    Iteration 100 of epoch 12 completed. Loss : 0.670917272567749 Accuracy : 96.88
Epoch 12 completed. Test dataset:
	 Loss: 0.8437
	 Accuracy : 70.21
	 Average recall: 0.5789
	 F1_PN: 0.7111
	 Macro-F1: 0.5637
	 Weighted-F1: 0.7001

    Iteration 20 of epoch 13 completed. Loss : 0.7655626535415649 Accuracy : 84.38
    Iteration 40 of epoch 13 completed. Loss : 0.7362040281295776 Accuracy : 93.75
    Iteration 60 of epoch 13 completed. Loss : 0.9263545274734497 Accuracy : 75.00
    Iteration 80 of epoch 13 completed. Loss : 0.6424360871315002 Accuracy : 90.62
    Iteration 100 of epoch 13 completed. Loss : 0.6693547964096069 Accuracy : 96.88
Epoch 13 completed. Test dataset:
	 Loss: 0.8441
	 Accuracy : 70.00
	 Average recall: 0.5709
	 F1_PN: 0.7085
	 Macro-F1: 0.5572
	 Weighted-F1: 0.6969

    Iteration 20 of epoch 14 completed. Loss : 0.7660092115402222 Accuracy : 84.38
    Iteration 40 of epoch 14 completed. Loss : 0.7842979431152344 Accuracy : 90.62
    Iteration 60 of epoch 14 completed. Loss : 0.9387128353118896 Accuracy : 75.00
    Iteration 80 of epoch 14 completed. Loss : 0.6432322263717651 Accuracy : 90.62
    Iteration 100 of epoch 14 completed. Loss : 0.6713071465492249 Accuracy : 96.88
Epoch 14 completed. Test dataset:
	 Loss: 0.8441
	 Accuracy : 70.00
	 Average recall: 0.5709
	 F1_PN: 0.7085
	 Macro-F1: 0.5572
	 Weighted-F1: 0.6969

    Iteration 20 of epoch 15 completed. Loss : 0.7635607719421387 Accuracy : 84.38
    Iteration 40 of epoch 15 completed. Loss : 0.7327243089675903 Accuracy : 93.75
    Iteration 60 of epoch 15 completed. Loss : 0.9190357327461243 Accuracy : 75.00
    Iteration 80 of epoch 15 completed. Loss : 0.6672561764717102 Accuracy : 87.50
    Iteration 100 of epoch 15 completed. Loss : 0.6830229759216309 Accuracy : 93.75
Epoch 15 completed. Test dataset:
	 Loss: 0.8442
	 Accuracy : 70.00
	 Average recall: 0.5709
	 F1_PN: 0.7085
	 Macro-F1: 0.5572
	 Weighted-F1: 0.6969

Train/val/test loss curve saved to /home/rgg2706/Multimodal-Sentiment-Analysis/Logs/MOASC3/2025-03-19/sub-1/004_Mar-19-2025_01:19_PM/train_val_test_loss_curve.png
Confusion matrix saved to /home/rgg2706/Multimodal-Sentiment-Analysis/Logs/MOASC3/2025-03-19/sub-1/004_Mar-19-2025_01:19_PM/confusion_matrix.png
