SLURM Job ID: 20077753
The first version with resnset
Model: MOASC4
Dataset: MOA-MVSA-single
directory /home/rgg2706/Multimodal-Sentiment-Analysis/Datasets/MOA-MVSA-single exists
directory /home/rgg2706/Multimodal-Sentiment-Analysis/Datasets/MOA-MVSA-multiple exists
directory /home/rgg2706/Multimodal-Sentiment-Analysis/Models/MOASC4/SaveFiles/SentimentClassifier exists
50
Loading dataset from: /home/rgg2706/Multimodal-Sentiment-Analysis/Datasets/MOA-MVSA-single
/home/rgg2706/Multimodal-Sentiment-Analysis/Datasets/MOA-MVSA-single/text
/home/rgg2706/Multimodal-Sentiment-Analysis/Datasets/MOA-MVSA-single/image
[DEBUG] Now in dataset directory for labels: /home/rgg2706/Multimodal-Sentiment-Analysis/Datasets/MOA-MVSA-single
[DEBUG] About to read labels from: /home/rgg2706/Multimodal-Sentiment-Analysis/Datasets/MOA-MVSA-single/labels.csv
Dataset directory is: /home/rgg2706/Multimodal-Sentiment-Analysis/Datasets/MOA-MVSA-single
Files in dataset directory: ['labels.csv', 'text', 'image']
   ID  text  image
0   1     2      1
1   2     2      1
2   3     2      1
3   4     1      1
4   5     1      1
5   6     1      1
6   7     1      1
7   8     2      1
8   9     1      1
9  10     0      0

[DEBUG] First 5 training texts:
    ID: 3 | Overall sentiment: 1 | Text:  polynminion  the moment  i found my favourite tv character. profoundlove 
    ID: 5 | Overall sentiment: 1 | Text:  chrisashaffer  went to  ssc today to be a movie star to rep for the  deaf and got to meet an energetic great guy  mark  white! 
    ID: 6 | Overall sentiment: 1 | Text:  babeshawnmendes that was really energetic 
    ID: 7 | Overall sentiment: 1 | Text:  deepikapadukone  to my most hard workingfun loving and energetic team.. thank you and  i love you! 
    ID: 11 | Overall sentiment: 1 | Text:  dthompsonsmile  so proud of these kids!  not only talented  energetic and hardworking but respectful and kindhearted! ?? 
Train samples: 3653
Validation samples: 406
Test samples: 452
Total samples: 4511
Train label distribution: Negative=1097, Positive=2182, Neutral=374
Val   label distribution: Negative=131, Positive=232, Neutral=43
Test  label distribution: Negative=130, Positive=269, Neutral=53
Overall label distribution: Negative=1358, Positive=2683, Neutral=470
    Iteration 20 of epoch 1 completed. Loss : 1.0970242023468018 Accuracy : 56.25
    Iteration 40 of epoch 1 completed. Loss : 1.096735954284668 Accuracy : 68.75
    Iteration 60 of epoch 1 completed. Loss : 1.1044005155563354 Accuracy : 62.50
    Iteration 80 of epoch 1 completed. Loss : 1.1053111553192139 Accuracy : 65.62
    Iteration 100 of epoch 1 completed. Loss : 1.0934303998947144 Accuracy : 50.00
Best validation accuracy improved from 0.0 to 0.6153846153846154
Epoch 1 completed. Test dataset:
	 Loss: 1.0420
	 Accuracy : 60.62
	 Average recall: 0.4880
	 F1_PN: 0.6282
	 Macro-F1: 0.4188
	 Weighted-F1: 0.5816

Best test accuracy improved from 0.0 to 0.60625, saving model...
    Iteration 20 of epoch 2 completed. Loss : 1.0828758478164673 Accuracy : 65.62
    Iteration 40 of epoch 2 completed. Loss : 1.0464565753936768 Accuracy : 75.00
    Iteration 60 of epoch 2 completed. Loss : 0.9779207110404968 Accuracy : 75.00
    Iteration 80 of epoch 2 completed. Loss : 1.0523654222488403 Accuracy : 56.25
    Iteration 100 of epoch 2 completed. Loss : 1.1046669483184814 Accuracy : 59.38
Best validation accuracy improved from 0.6153846153846154 to 0.6643356643356644
Epoch 2 completed. Test dataset:
	 Loss: 0.8729
	 Accuracy : 67.92
	 Average recall: 0.6094
	 F1_PN: 0.6834
	 Macro-F1: 0.5854
	 Weighted-F1: 0.6814

Best test accuracy improved from 0.60625 to 0.6791666666666667, saving model...
    Iteration 20 of epoch 3 completed. Loss : 0.9898789525032043 Accuracy : 59.38
    Iteration 40 of epoch 3 completed. Loss : 0.8935588598251343 Accuracy : 75.00
    Iteration 60 of epoch 3 completed. Loss : 0.9195162653923035 Accuracy : 78.12
    Iteration 80 of epoch 3 completed. Loss : 1.0115957260131836 Accuracy : 65.62
    Iteration 100 of epoch 3 completed. Loss : 0.97870272397995 Accuracy : 65.62
Epoch 3 completed. Test dataset:
	 Loss: 0.9604
	 Accuracy : 56.67
	 Average recall: 0.5837
	 F1_PN: 0.5904
	 Macro-F1: 0.5007
	 Weighted-F1: 0.5744

    Iteration 20 of epoch 4 completed. Loss : 0.861040472984314 Accuracy : 71.88
    Iteration 40 of epoch 4 completed. Loss : 0.6753585338592529 Accuracy : 84.38
    Iteration 60 of epoch 4 completed. Loss : 0.7225821614265442 Accuracy : 90.62
    Iteration 80 of epoch 4 completed. Loss : 0.660681962966919 Accuracy : 87.50
    Iteration 100 of epoch 4 completed. Loss : 0.6966208219528198 Accuracy : 81.25
Best validation accuracy improved from 0.6643356643356644 to 0.6896853146853148
Epoch 4 completed. Test dataset:
	 Loss: 0.8617
	 Accuracy : 67.92
	 Average recall: 0.5931
	 F1_PN: 0.6783
	 Macro-F1: 0.5679
	 Weighted-F1: 0.6728

    Iteration 20 of epoch 5 completed. Loss : 0.7925268411636353 Accuracy : 68.75
    Iteration 40 of epoch 5 completed. Loss : 0.6504712700843811 Accuracy : 87.50
    Iteration 60 of epoch 5 completed. Loss : 0.695711076259613 Accuracy : 87.50
    Iteration 80 of epoch 5 completed. Loss : 0.6510661244392395 Accuracy : 87.50
    Iteration 100 of epoch 5 completed. Loss : 0.6871178150177002 Accuracy : 78.12
Epoch 5 completed. Test dataset:
	 Loss: 0.8875
	 Accuracy : 66.04
	 Average recall: 0.5858
	 F1_PN: 0.6692
	 Macro-F1: 0.5529
	 Weighted-F1: 0.6568

    Iteration 20 of epoch 6 completed. Loss : 0.7501639127731323 Accuracy : 81.25
    Iteration 40 of epoch 6 completed. Loss : 0.6431042551994324 Accuracy : 87.50
    Iteration 60 of epoch 6 completed. Loss : 0.6463161110877991 Accuracy : 93.75
    Iteration 80 of epoch 6 completed. Loss : 0.6365318894386292 Accuracy : 87.50
    Iteration 100 of epoch 6 completed. Loss : 0.6571035981178284 Accuracy : 87.50
Epoch 6 completed. Test dataset:
	 Loss: 0.8761
	 Accuracy : 66.46
	 Average recall: 0.5824
	 F1_PN: 0.6736
	 Macro-F1: 0.5570
	 Weighted-F1: 0.6623

    Iteration 20 of epoch 7 completed. Loss : 0.6574579477310181 Accuracy : 90.62
    Iteration 40 of epoch 7 completed. Loss : 0.6228256821632385 Accuracy : 90.62
    Iteration 60 of epoch 7 completed. Loss : 0.6378561854362488 Accuracy : 93.75
    Iteration 80 of epoch 7 completed. Loss : 0.6127850413322449 Accuracy : 93.75
    Iteration 100 of epoch 7 completed. Loss : 0.6223071217536926 Accuracy : 90.62
Epoch 7 completed. Test dataset:
	 Loss: 0.8738
	 Accuracy : 67.08
	 Average recall: 0.5929
	 F1_PN: 0.6821
	 Macro-F1: 0.5706
	 Weighted-F1: 0.6692

    Iteration 20 of epoch 8 completed. Loss : 0.6002837419509888 Accuracy : 93.75
    Iteration 40 of epoch 8 completed. Loss : 0.6140002012252808 Accuracy : 93.75
    Iteration 60 of epoch 8 completed. Loss : 0.6403318643569946 Accuracy : 93.75
    Iteration 80 of epoch 8 completed. Loss : 0.6057003736495972 Accuracy : 93.75
    Iteration 100 of epoch 8 completed. Loss : 0.6281542778015137 Accuracy : 90.62
Epoch 8 completed. Test dataset:
	 Loss: 0.8738
	 Accuracy : 67.92
	 Average recall: 0.5976
	 F1_PN: 0.6892
	 Macro-F1: 0.5743
	 Weighted-F1: 0.6807

    Iteration 20 of epoch 9 completed. Loss : 0.6076458096504211 Accuracy : 93.75
    Iteration 40 of epoch 9 completed. Loss : 0.5845509767532349 Accuracy : 96.88
    Iteration 60 of epoch 9 completed. Loss : 0.6368796825408936 Accuracy : 93.75
    Iteration 80 of epoch 9 completed. Loss : 0.6037201285362244 Accuracy : 93.75
    Iteration 100 of epoch 9 completed. Loss : 0.625342845916748 Accuracy : 90.62
Best validation accuracy improved from 0.6896853146853148 to 0.6905594405594405
Epoch 9 completed. Test dataset:
	 Loss: 0.8737
	 Accuracy : 66.88
	 Average recall: 0.5934
	 F1_PN: 0.6801
	 Macro-F1: 0.5682
	 Weighted-F1: 0.6685

    Iteration 20 of epoch 10 completed. Loss : 0.5992867350578308 Accuracy : 93.75
    Iteration 40 of epoch 10 completed. Loss : 0.5892777442932129 Accuracy : 96.88
    Iteration 60 of epoch 10 completed. Loss : 0.6347654461860657 Accuracy : 93.75
    Iteration 80 of epoch 10 completed. Loss : 0.6033144593238831 Accuracy : 93.75
    Iteration 100 of epoch 10 completed. Loss : 0.629085898399353 Accuracy : 90.62
Epoch 10 completed. Test dataset:
	 Loss: 0.8741
	 Accuracy : 66.88
	 Average recall: 0.5917
	 F1_PN: 0.6790
	 Macro-F1: 0.5675
	 Weighted-F1: 0.6682

    Iteration 20 of epoch 11 completed. Loss : 0.5938056111335754 Accuracy : 93.75
    Iteration 40 of epoch 11 completed. Loss : 0.5897197127342224 Accuracy : 96.88
    Iteration 60 of epoch 11 completed. Loss : 0.6276094913482666 Accuracy : 93.75
    Iteration 80 of epoch 11 completed. Loss : 0.604438841342926 Accuracy : 93.75
    Iteration 100 of epoch 11 completed. Loss : 0.6268377900123596 Accuracy : 90.62
Epoch 11 completed. Test dataset:
	 Loss: 0.8741
	 Accuracy : 66.88
	 Average recall: 0.5917
	 F1_PN: 0.6790
	 Macro-F1: 0.5675
	 Weighted-F1: 0.6682

    Iteration 20 of epoch 12 completed. Loss : 0.6138585209846497 Accuracy : 93.75
    Iteration 40 of epoch 12 completed. Loss : 0.5864057540893555 Accuracy : 96.88
    Iteration 60 of epoch 12 completed. Loss : 0.6386892795562744 Accuracy : 93.75
    Iteration 80 of epoch 12 completed. Loss : 0.6056452989578247 Accuracy : 93.75
    Iteration 100 of epoch 12 completed. Loss : 0.6291447281837463 Accuracy : 90.62
Epoch 12 completed. Test dataset:
	 Loss: 0.8741
	 Accuracy : 66.88
	 Average recall: 0.5917
	 F1_PN: 0.6790
	 Macro-F1: 0.5675
	 Weighted-F1: 0.6682

    Iteration 20 of epoch 13 completed. Loss : 0.5925392508506775 Accuracy : 93.75
    Iteration 40 of epoch 13 completed. Loss : 0.5850441455841064 Accuracy : 96.88
    Iteration 60 of epoch 13 completed. Loss : 0.6388379335403442 Accuracy : 93.75
    Iteration 80 of epoch 13 completed. Loss : 0.6034657955169678 Accuracy : 93.75
    Iteration 100 of epoch 13 completed. Loss : 0.6289329528808594 Accuracy : 90.62
Epoch 13 completed. Test dataset:
	 Loss: 0.8741
	 Accuracy : 66.88
	 Average recall: 0.5917
	 F1_PN: 0.6790
	 Macro-F1: 0.5675
	 Weighted-F1: 0.6682

    Iteration 20 of epoch 14 completed. Loss : 0.6214583516120911 Accuracy : 90.62
    Iteration 40 of epoch 14 completed. Loss : 0.6051192283630371 Accuracy : 93.75
    Iteration 60 of epoch 14 completed. Loss : 0.6385454535484314 Accuracy : 93.75
    Iteration 80 of epoch 14 completed. Loss : 0.604302167892456 Accuracy : 93.75
    Iteration 100 of epoch 14 completed. Loss : 0.6277465224266052 Accuracy : 90.62
Epoch 14 completed. Test dataset:
	 Loss: 0.8741
	 Accuracy : 66.88
	 Average recall: 0.5917
	 F1_PN: 0.6790
	 Macro-F1: 0.5675
	 Weighted-F1: 0.6682

    Iteration 20 of epoch 15 completed. Loss : 0.5932391881942749 Accuracy : 93.75
    Iteration 40 of epoch 15 completed. Loss : 0.6010806560516357 Accuracy : 93.75
    Iteration 60 of epoch 15 completed. Loss : 0.6448589563369751 Accuracy : 93.75
    Iteration 80 of epoch 15 completed. Loss : 0.6038026809692383 Accuracy : 93.75
    Iteration 100 of epoch 15 completed. Loss : 0.6226073503494263 Accuracy : 90.62
Epoch 15 completed. Test dataset:
	 Loss: 0.8741
	 Accuracy : 66.88
	 Average recall: 0.5917
	 F1_PN: 0.6790
	 Macro-F1: 0.5675
	 Weighted-F1: 0.6682

Train/val/test loss curve saved to /home/rgg2706/Multimodal-Sentiment-Analysis/Logs/MOASC4/2025-03-20/sub-5/040_Mar-20-2025_08:34_PM/train_val_test_loss_curve.png
Confusion matrix saved to /home/rgg2706/Multimodal-Sentiment-Analysis/Logs/MOASC4/2025-03-20/sub-5/040_Mar-20-2025_08:34_PM/confusion_matrix.png
