SLURM Job ID: 19424231
Number of GPUs available: 1
Logs directory: /home/rgg2706/Multimodal-Sentiment-Analysis/Logs/HHMAFM/2024-11-11/sub-1/001_Nov-11-2024_12:36_PM
> training arguments:
>>> rand_seed: 8
>>> model_name: mfcchfusion2
>>> dataset: mvsa-mts-1000
>>> optimizer: <class 'torch.optim.adam.Adam'>
>>> initializer: <function xavier_uniform_ at 0x7f0f2e629620>
>>> learning_rate: 0.0005
>>> dropout_rate: 0.5
>>> weight_decay: 0.0001
>>> num_epoch: 15
>>> batch_size: 64
>>> log_step: 60
>>> max_seq_len: 64
>>> polarities_dim: 3
>>> clip_grad: 5.0
>>> path_image: ./Datasets/MVSA-MTS/images-indexed
>>> crop_size: 224
>>> n_head: 8
>>> hidden_dim: 1024
>>> num_classes: 3
>>> log_dir: /home/rgg2706/Multimodal-Sentiment-Analysis/Logs/HHMAFM/2024-11-11/sub-1/001_Nov-11-2024_12:36_PM
>>> model_class: <class 'models.mfcchfusion2.MFCCHFUSION2'>
Preparing mvsa-mts-1000 dataset...
-------------- Loading Datasets/MVSA-MTS/mvsa-mts-1000/train.tsv ---------------
Time taken to load Datasets/MVSA-MTS/mvsa-mts-1000/train.tsv: 19.69 seconds (0.33 minutes)
The number of problematic samples: 51
-------------- Loading Datasets/MVSA-MTS/mvsa-mts-1000/val.tsv ---------------
Time taken to load Datasets/MVSA-MTS/mvsa-mts-1000/val.tsv: 17.22 seconds (0.29 minutes)
The number of problematic samples: 14
-------------- Loading Datasets/MVSA-MTS/mvsa-mts-1000/test.tsv ---------------
Time taken to load Datasets/MVSA-MTS/mvsa-mts-1000/test.tsv: 7.62 seconds (0.13 minutes)
The number of problematic samples: 19
Total Training Samples: 970
Number of Training Samples: 582
Number of Development Samples: 194
Number of Test Samples: 194
Number of unique sentiment classes: 3
Building model
n_trainable_params: 360213763, n_nontrainable_params: 0
Using weight decay
>>>>>>>>>>>>>>>>>>>>>>>>>>>>>>>>>>>>>>>>>>>>>>>>>>>>>>>>>>>>>>>>>>>>>>>>>>>>>>>>>>>>>>>>>>>>>>>>>>>>
epoch: 0
Batch 0 completed in 2.46 seconds (0.04 minutes)
New best dev_f1: 0.237130 (previous best: 0.000000)
loss: 1.065402, dev_acc: 42.78% (0.427835), dev_f1: 23.71% (0.237130), test_acc: 39.69% (0.396907), test_f1: 22.19% (0.221889)
Epoch 0 completed in 10.21 seconds (0.17 minutes)
>>>>>>>>>>>>>>>>>>>>>>>>>>>>>>>>>>>>>>>>>>>>>>>>>>>>>>>>>>>>>>>>>>>>>>>>>>>>>>>>>>>>>>>>>>>>>>>>>>>>
epoch: 1
Batch 0 completed in 0.61 seconds (0.01 minutes)
loss: 21.787706, dev_acc: 40.21% (0.402062), dev_f1: 19.12% (0.191176), test_acc: 37.11% (0.371134), test_f1: 18.05% (0.180451)
Epoch 1 completed in 7.39 seconds (0.12 minutes)
>>>>>>>>>>>>>>>>>>>>>>>>>>>>>>>>>>>>>>>>>>>>>>>>>>>>>>>>>>>>>>>>>>>>>>>>>>>>>>>>>>>>>>>>>>>>>>>>>>>>
epoch: 2
Batch 0 completed in 0.61 seconds (0.01 minutes)
loss: 11.143678, dev_acc: 38.66% (0.386598), dev_f1: 18.59% (0.185874), test_acc: 43.81% (0.438144), test_f1: 20.31% (0.203106)
Epoch 2 completed in 7.36 seconds (0.12 minutes)
>>>>>>>>>>>>>>>>>>>>>>>>>>>>>>>>>>>>>>>>>>>>>>>>>>>>>>>>>>>>>>>>>>>>>>>>>>>>>>>>>>>>>>>>>>>>>>>>>>>>
epoch: 3
Batch 0 completed in 0.71 seconds (0.01 minutes)
loss: 3.844894, dev_acc: 40.21% (0.402062), dev_f1: 19.12% (0.191176), test_acc: 37.11% (0.371134), test_f1: 18.05% (0.180451)
Epoch 3 completed in 7.37 seconds (0.12 minutes)
>>>>>>>>>>>>>>>>>>>>>>>>>>>>>>>>>>>>>>>>>>>>>>>>>>>>>>>>>>>>>>>>>>>>>>>>>>>>>>>>>>>>>>>>>>>>>>>>>>>>
epoch: 4
Batch 0 completed in 0.61 seconds (0.01 minutes)
loss: 27.138502, dev_acc: 20.62% (0.206186), dev_f1: 16.78% (0.167784), test_acc: 21.65% (0.216495), test_f1: 18.45% (0.184522)
Epoch 4 completed in 7.33 seconds (0.12 minutes)
>>>>>>>>>>>>>>>>>>>>>>>>>>>>>>>>>>>>>>>>>>>>>>>>>>>>>>>>>>>>>>>>>>>>>>>>>>>>>>>>>>>>>>>>>>>>>>>>>>>>
epoch: 5
Batch 0 completed in 0.61 seconds (0.01 minutes)
New best dev_f1: 0.341773 (previous best: 0.237130)
loss: 2.136094, dev_acc: 45.88% (0.458763), dev_f1: 34.18% (0.341773), test_acc: 48.45% (0.484536), test_f1: 35.35% (0.353499)
Epoch 5 completed in 7.45 seconds (0.12 minutes)
>>>>>>>>>>>>>>>>>>>>>>>>>>>>>>>>>>>>>>>>>>>>>>>>>>>>>>>>>>>>>>>>>>>>>>>>>>>>>>>>>>>>>>>>>>>>>>>>>>>>
epoch: 6
Batch 0 completed in 0.62 seconds (0.01 minutes)
New best dev_f1: 0.348910 (previous best: 0.341773)
loss: 2.416795, dev_acc: 44.33% (0.443299), dev_f1: 34.89% (0.348910), test_acc: 45.88% (0.458763), test_f1: 38.61% (0.386088)
Epoch 6 completed in 7.53 seconds (0.13 minutes)
>>>>>>>>>>>>>>>>>>>>>>>>>>>>>>>>>>>>>>>>>>>>>>>>>>>>>>>>>>>>>>>>>>>>>>>>>>>>>>>>>>>>>>>>>>>>>>>>>>>>
epoch: 7
Batch 0 completed in 0.62 seconds (0.01 minutes)
loss: 1.076613, dev_acc: 42.27% (0.422680), dev_f1: 28.29% (0.282866), test_acc: 44.33% (0.443299), test_f1: 26.34% (0.263416)
Epoch 7 completed in 7.38 seconds (0.12 minutes)
>>>>>>>>>>>>>>>>>>>>>>>>>>>>>>>>>>>>>>>>>>>>>>>>>>>>>>>>>>>>>>>>>>>>>>>>>>>>>>>>>>>>>>>>>>>>>>>>>>>>
epoch: 8
Batch 0 completed in 0.62 seconds (0.01 minutes)
New best dev_f1: 0.366065 (previous best: 0.348910)
loss: 1.485755, dev_acc: 46.39% (0.463918), dev_f1: 36.61% (0.366065), test_acc: 44.85% (0.448454), test_f1: 32.88% (0.328830)
Epoch 8 completed in 7.37 seconds (0.12 minutes)
>>>>>>>>>>>>>>>>>>>>>>>>>>>>>>>>>>>>>>>>>>>>>>>>>>>>>>>>>>>>>>>>>>>>>>>>>>>>>>>>>>>>>>>>>>>>>>>>>>>>
epoch: 9
Batch 0 completed in 0.62 seconds (0.01 minutes)
loss: 1.158120, dev_acc: 40.72% (0.407216), dev_f1: 29.44% (0.294423), test_acc: 42.78% (0.427835), test_f1: 31.34% (0.313373)
Epoch 9 completed in 7.44 seconds (0.12 minutes)
>>>>>>>>>>>>>>>>>>>>>>>>>>>>>>>>>>>>>>>>>>>>>>>>>>>>>>>>>>>>>>>>>>>>>>>>>>>>>>>>>>>>>>>>>>>>>>>>>>>>
epoch: 10
Batch 0 completed in 0.62 seconds (0.01 minutes)
loss: 3.330949, dev_acc: 24.74% (0.247423), dev_f1: 19.56% (0.195597), test_acc: 23.20% (0.231959), test_f1: 18.11% (0.181120)
Epoch 10 completed in 7.51 seconds (0.13 minutes)
>>>>>>>>>>>>>>>>>>>>>>>>>>>>>>>>>>>>>>>>>>>>>>>>>>>>>>>>>>>>>>>>>>>>>>>>>>>>>>>>>>>>>>>>>>>>>>>>>>>>
epoch: 11
Batch 0 completed in 0.62 seconds (0.01 minutes)
New best dev_f1: 0.397280 (previous best: 0.366065)
loss: 0.552982, dev_acc: 42.78% (0.427835), dev_f1: 39.73% (0.397280), test_acc: 45.88% (0.458763), test_f1: 40.23% (0.402281)
Epoch 11 completed in 7.54 seconds (0.13 minutes)
>>>>>>>>>>>>>>>>>>>>>>>>>>>>>>>>>>>>>>>>>>>>>>>>>>>>>>>>>>>>>>>>>>>>>>>>>>>>>>>>>>>>>>>>>>>>>>>>>>>>
epoch: 12
Batch 0 completed in 0.62 seconds (0.01 minutes)
loss: 0.406090, dev_acc: 36.08% (0.360825), dev_f1: 27.46% (0.274558), test_acc: 41.24% (0.412371), test_f1: 30.35% (0.303477)
Epoch 12 completed in 7.46 seconds (0.12 minutes)
>>>>>>>>>>>>>>>>>>>>>>>>>>>>>>>>>>>>>>>>>>>>>>>>>>>>>>>>>>>>>>>>>>>>>>>>>>>>>>>>>>>>>>>>>>>>>>>>>>>>
epoch: 13
Batch 0 completed in 0.62 seconds (0.01 minutes)
loss: 0.447640, dev_acc: 38.14% (0.381443), dev_f1: 36.07% (0.360719), test_acc: 42.78% (0.427835), test_f1: 40.01% (0.400071)
Epoch 13 completed in 7.43 seconds (0.12 minutes)
>>>>>>>>>>>>>>>>>>>>>>>>>>>>>>>>>>>>>>>>>>>>>>>>>>>>>>>>>>>>>>>>>>>>>>>>>>>>>>>>>>>>>>>>>>>>>>>>>>>>
epoch: 14
Batch 0 completed in 0.62 seconds (0.01 minutes)
loss: 0.778407, dev_acc: 29.38% (0.293814), dev_f1: 29.04% (0.290376), test_acc: 35.57% (0.355670), test_f1: 35.51% (0.355114)
Epoch 14 completed in 7.46 seconds (0.12 minutes)
RESULT: Max Dev F1: 0.397280, Max Test F1: 0.402281
Training complete. Generating confusion matrix on the test set.
Confusion matrix saved to /home/rgg2706/Multimodal-Sentiment-Analysis/Logs/HHMAFM/2024-11-11/sub-1/001_Nov-11-2024_12:36_PM/confusion_matrix.png
Reading TensorBoard loss at each epoch:
Available tags: {'images': [], 'audio': [], 'histograms': [], 'scalars': ['Loss/train', 'Loss/val'], 'distributions': [], 'tensors': [], 'graph': False, 'meta_graph': False, 'run_metadata': []}
Output File: /home/rgg2706/Multimodal-Sentiment-Analysis/Logs/HHMAFM/2024-11-11/sub-1/001_Nov-11-2024_12:36_PM/trainval_loss_curves.png
Training and validation loss curves saved to /home/rgg2706/Multimodal-Sentiment-Analysis/Logs/HHMAFM/2024-11-11/sub-1/001_Nov-11-2024_12:36_PM/trainval_loss_curves.png
Total Completion Time: 3.34 minutes. (0.06 hours) 
