SLURM Job ID: 20077986
The first version with resnset
Model: MOASC4
Dataset: MOA-MVSA-single
directory /home/rgg2706/Multimodal-Sentiment-Analysis/Datasets/MOA-MVSA-single exists
directory /home/rgg2706/Multimodal-Sentiment-Analysis/Datasets/MOA-MVSA-multiple exists
directory /home/rgg2706/Multimodal-Sentiment-Analysis/Models/MOASC4/SaveFiles/SentimentClassifier exists
86
Loading dataset from: /home/rgg2706/Multimodal-Sentiment-Analysis/Datasets/MOA-MVSA-single
/home/rgg2706/Multimodal-Sentiment-Analysis/Datasets/MOA-MVSA-single/text
/home/rgg2706/Multimodal-Sentiment-Analysis/Datasets/MOA-MVSA-single/image
[DEBUG] Now in dataset directory for labels: /home/rgg2706/Multimodal-Sentiment-Analysis/Datasets/MOA-MVSA-single
[DEBUG] About to read labels from: /home/rgg2706/Multimodal-Sentiment-Analysis/Datasets/MOA-MVSA-single/labels.csv
Dataset directory is: /home/rgg2706/Multimodal-Sentiment-Analysis/Datasets/MOA-MVSA-single
Files in dataset directory: ['labels.csv', 'text', 'image']
   ID  text  image
0   1     2      1
1   2     2      1
2   3     2      1
3   4     1      1
4   5     1      1
5   6     1      1
6   7     1      1
7   8     2      1
8   9     1      1
9  10     0      0

[DEBUG] First 5 training texts:
    ID: 1 | Overall sentiment: 1 | Text: how  i feel today legday jelly aching gym 
    ID: 2 | Overall sentiment: 1 | Text: grattis min griskulting!!?? va bara tvungen oki s? sch ? ingenkommerattrodig pig happybday wow lovely cut 
    ID: 4 | Overall sentiment: 1 | Text: esco  we have a young and energetic team and we pride ourselves on offering the highes hoer 
    ID: 6 | Overall sentiment: 1 | Text:  babeshawnmendes that was really energetic 
    ID: 7 | Overall sentiment: 1 | Text:  deepikapadukone  to my most hard workingfun loving and energetic team.. thank you and  i love you! 
Train samples: 3653
Validation samples: 406
Test samples: 452
Total samples: 4511
Train label distribution: Negative=1104, Positive=2174, Neutral=375
Val   label distribution: Negative=114, Positive=247, Neutral=45
Test  label distribution: Negative=140, Positive=262, Neutral=50
Overall label distribution: Negative=1358, Positive=2683, Neutral=470
    Iteration 20 of epoch 1 completed. Loss : 1.0979589223861694 Accuracy : 53.12
    Iteration 40 of epoch 1 completed. Loss : 1.099642038345337 Accuracy : 59.38
    Iteration 60 of epoch 1 completed. Loss : 1.092943787574768 Accuracy : 59.38
    Iteration 80 of epoch 1 completed. Loss : 1.0833784341812134 Accuracy : 46.88
    Iteration 100 of epoch 1 completed. Loss : 1.0999442338943481 Accuracy : 56.25
Best validation accuracy improved from 0.0 to 0.6652097902097902
Epoch 1 completed. Test dataset:
	 Loss: 1.0359
	 Accuracy : 64.79
	 Average recall: 0.4448
	 F1_PN: 0.6243
	 Macro-F1: 0.4162
	 Weighted-F1: 0.5981

Best test accuracy improved from 0.0 to 0.6479166666666667, saving model...
    Iteration 20 of epoch 2 completed. Loss : 1.038544774055481 Accuracy : 71.88
    Iteration 40 of epoch 2 completed. Loss : 0.9856041073799133 Accuracy : 75.00
    Iteration 60 of epoch 2 completed. Loss : 1.0124706029891968 Accuracy : 71.88
    Iteration 80 of epoch 2 completed. Loss : 0.7698099613189697 Accuracy : 87.50
    Iteration 100 of epoch 2 completed. Loss : 0.9896226525306702 Accuracy : 65.62
Best validation accuracy improved from 0.6652097902097902 to 0.7082604895104895
Epoch 2 completed. Test dataset:
	 Loss: 0.8793
	 Accuracy : 65.21
	 Average recall: 0.4980
	 F1_PN: 0.6602
	 Macro-F1: 0.4908
	 Weighted-F1: 0.6370

Best test accuracy improved from 0.6479166666666667 to 0.6520833333333333, saving model...
    Iteration 20 of epoch 3 completed. Loss : 0.8219748735427856 Accuracy : 71.88
    Iteration 40 of epoch 3 completed. Loss : 0.8206299543380737 Accuracy : 75.00
    Iteration 60 of epoch 3 completed. Loss : 0.8150681853294373 Accuracy : 81.25
    Iteration 80 of epoch 3 completed. Loss : 0.7341800332069397 Accuracy : 81.25
    Iteration 100 of epoch 3 completed. Loss : 0.9096654653549194 Accuracy : 68.75
Epoch 3 completed. Test dataset:
	 Loss: 0.9171
	 Accuracy : 62.71
	 Average recall: 0.4898
	 F1_PN: 0.6219
	 Macro-F1: 0.4760
	 Weighted-F1: 0.6094

    Iteration 20 of epoch 4 completed. Loss : 0.6834778785705566 Accuracy : 81.25
    Iteration 40 of epoch 4 completed. Loss : 0.6838734149932861 Accuracy : 90.62
    Iteration 60 of epoch 4 completed. Loss : 0.7654224634170532 Accuracy : 81.25
    Iteration 80 of epoch 4 completed. Loss : 0.688523530960083 Accuracy : 87.50
    Iteration 100 of epoch 4 completed. Loss : 0.8312270641326904 Accuracy : 78.12
Epoch 4 completed. Test dataset:
	 Loss: 0.9064
	 Accuracy : 63.96
	 Average recall: 0.5302
	 F1_PN: 0.6516
	 Macro-F1: 0.4927
	 Weighted-F1: 0.6319

    Iteration 20 of epoch 5 completed. Loss : 0.5958396196365356 Accuracy : 93.75
    Iteration 40 of epoch 5 completed. Loss : 0.6411707997322083 Accuracy : 90.62
    Iteration 60 of epoch 5 completed. Loss : 0.6792700290679932 Accuracy : 87.50
    Iteration 80 of epoch 5 completed. Loss : 0.6859849691390991 Accuracy : 87.50
    Iteration 100 of epoch 5 completed. Loss : 0.7111678719520569 Accuracy : 84.38
Epoch 5 completed. Test dataset:
	 Loss: 0.8757
	 Accuracy : 66.88
	 Average recall: 0.5260
	 F1_PN: 0.6707
	 Macro-F1: 0.5067
	 Weighted-F1: 0.6558

Best test accuracy improved from 0.6520833333333333 to 0.66875, saving model...
    Iteration 20 of epoch 6 completed. Loss : 0.6035106182098389 Accuracy : 90.62
    Iteration 40 of epoch 6 completed. Loss : 0.6391406059265137 Accuracy : 90.62
    Iteration 60 of epoch 6 completed. Loss : 0.6495451331138611 Accuracy : 90.62
    Iteration 80 of epoch 6 completed. Loss : 0.6920639872550964 Accuracy : 87.50
    Iteration 100 of epoch 6 completed. Loss : 0.7205787897109985 Accuracy : 81.25
Epoch 6 completed. Test dataset:
	 Loss: 0.8767
	 Accuracy : 66.67
	 Average recall: 0.5245
	 F1_PN: 0.6724
	 Macro-F1: 0.5025
	 Weighted-F1: 0.6547

    Iteration 20 of epoch 7 completed. Loss : 0.5929383039474487 Accuracy : 90.62
    Iteration 40 of epoch 7 completed. Loss : 0.6261134147644043 Accuracy : 93.75
    Iteration 60 of epoch 7 completed. Loss : 0.6473498940467834 Accuracy : 90.62
    Iteration 80 of epoch 7 completed. Loss : 0.6862366199493408 Accuracy : 87.50
    Iteration 100 of epoch 7 completed. Loss : 0.7254218459129333 Accuracy : 81.25
Epoch 7 completed. Test dataset:
	 Loss: 0.8766
	 Accuracy : 66.67
	 Average recall: 0.5245
	 F1_PN: 0.6724
	 Macro-F1: 0.5025
	 Weighted-F1: 0.6547

    Iteration 20 of epoch 8 completed. Loss : 0.5964115262031555 Accuracy : 90.62
    Iteration 40 of epoch 8 completed. Loss : 0.6279780268669128 Accuracy : 93.75
    Iteration 60 of epoch 8 completed. Loss : 0.6513544917106628 Accuracy : 90.62
    Iteration 80 of epoch 8 completed. Loss : 0.6779610514640808 Accuracy : 87.50
    Iteration 100 of epoch 8 completed. Loss : 0.7116333842277527 Accuracy : 84.38
Epoch 8 completed. Test dataset:
	 Loss: 0.8760
	 Accuracy : 66.67
	 Average recall: 0.5245
	 F1_PN: 0.6724
	 Macro-F1: 0.5025
	 Weighted-F1: 0.6547

    Iteration 20 of epoch 9 completed. Loss : 0.5846092700958252 Accuracy : 93.75
    Iteration 40 of epoch 9 completed. Loss : 0.6380169987678528 Accuracy : 90.62
    Iteration 60 of epoch 9 completed. Loss : 0.6627810597419739 Accuracy : 90.62
    Iteration 80 of epoch 9 completed. Loss : 0.6774610877037048 Accuracy : 87.50
    Iteration 100 of epoch 9 completed. Loss : 0.7106500267982483 Accuracy : 84.38
Epoch 9 completed. Test dataset:
	 Loss: 0.8760
	 Accuracy : 66.67
	 Average recall: 0.5245
	 F1_PN: 0.6724
	 Macro-F1: 0.5025
	 Weighted-F1: 0.6547

    Iteration 20 of epoch 10 completed. Loss : 0.5862346887588501 Accuracy : 93.75
    Iteration 40 of epoch 10 completed. Loss : 0.624036967754364 Accuracy : 93.75
    Iteration 60 of epoch 10 completed. Loss : 0.6426228880882263 Accuracy : 90.62
    Iteration 80 of epoch 10 completed. Loss : 0.6767395734786987 Accuracy : 90.62
    Iteration 100 of epoch 10 completed. Loss : 0.7420228123664856 Accuracy : 78.12
Epoch 10 completed. Test dataset:
	 Loss: 0.8759
	 Accuracy : 66.67
	 Average recall: 0.5245
	 F1_PN: 0.6724
	 Macro-F1: 0.5025
	 Weighted-F1: 0.6547

    Iteration 20 of epoch 11 completed. Loss : 0.6008263826370239 Accuracy : 90.62
    Iteration 40 of epoch 11 completed. Loss : 0.623900830745697 Accuracy : 93.75
    Iteration 60 of epoch 11 completed. Loss : 0.6584826707839966 Accuracy : 90.62
    Iteration 80 of epoch 11 completed. Loss : 0.6761004328727722 Accuracy : 90.62
    Iteration 100 of epoch 11 completed. Loss : 0.7234781384468079 Accuracy : 81.25
Epoch 11 completed. Test dataset:
	 Loss: 0.8759
	 Accuracy : 66.67
	 Average recall: 0.5245
	 F1_PN: 0.6724
	 Macro-F1: 0.5025
	 Weighted-F1: 0.6547

    Iteration 20 of epoch 12 completed. Loss : 0.5967020988464355 Accuracy : 90.62
    Iteration 40 of epoch 12 completed. Loss : 0.6251564621925354 Accuracy : 93.75
    Iteration 60 of epoch 12 completed. Loss : 0.6660605072975159 Accuracy : 87.50
    Iteration 80 of epoch 12 completed. Loss : 0.6841126084327698 Accuracy : 87.50
    Iteration 100 of epoch 12 completed. Loss : 0.735698401927948 Accuracy : 78.12
Epoch 12 completed. Test dataset:
	 Loss: 0.8759
	 Accuracy : 66.67
	 Average recall: 0.5245
	 F1_PN: 0.6724
	 Macro-F1: 0.5025
	 Weighted-F1: 0.6547

    Iteration 20 of epoch 13 completed. Loss : 0.5928719639778137 Accuracy : 90.62
    Iteration 40 of epoch 13 completed. Loss : 0.6879041194915771 Accuracy : 90.62
    Iteration 60 of epoch 13 completed. Loss : 0.6577504277229309 Accuracy : 90.62
    Iteration 80 of epoch 13 completed. Loss : 0.6785082817077637 Accuracy : 87.50
    Iteration 100 of epoch 13 completed. Loss : 0.7159313559532166 Accuracy : 84.38
Epoch 13 completed. Test dataset:
	 Loss: 0.8759
	 Accuracy : 66.67
	 Average recall: 0.5245
	 F1_PN: 0.6724
	 Macro-F1: 0.5025
	 Weighted-F1: 0.6547

    Iteration 20 of epoch 14 completed. Loss : 0.6103447675704956 Accuracy : 87.50
    Iteration 40 of epoch 14 completed. Loss : 0.6392852067947388 Accuracy : 90.62
    Iteration 60 of epoch 14 completed. Loss : 0.6597023606300354 Accuracy : 90.62
    Iteration 80 of epoch 14 completed. Loss : 0.6787214279174805 Accuracy : 90.62
    Iteration 100 of epoch 14 completed. Loss : 0.7247835397720337 Accuracy : 81.25
Epoch 14 completed. Test dataset:
	 Loss: 0.8759
	 Accuracy : 66.67
	 Average recall: 0.5245
	 F1_PN: 0.6724
	 Macro-F1: 0.5025
	 Weighted-F1: 0.6547

    Iteration 20 of epoch 15 completed. Loss : 0.599157452583313 Accuracy : 90.62
    Iteration 40 of epoch 15 completed. Loss : 0.6242417693138123 Accuracy : 93.75
    Iteration 60 of epoch 15 completed. Loss : 0.6488891243934631 Accuracy : 90.62
    Iteration 80 of epoch 15 completed. Loss : 0.6828584671020508 Accuracy : 87.50
    Iteration 100 of epoch 15 completed. Loss : 0.7281432747840881 Accuracy : 81.25
Epoch 15 completed. Test dataset:
	 Loss: 0.8759
	 Accuracy : 66.67
	 Average recall: 0.5245
	 F1_PN: 0.6724
	 Macro-F1: 0.5025
	 Weighted-F1: 0.6547

Train/val/test loss curve saved to /home/rgg2706/Multimodal-Sentiment-Analysis/Logs/MOASC4/2025-03-21/sub-1/036_Mar-21-2025_12:07_AM/train_val_test_loss_curve.png
Confusion matrix saved to /home/rgg2706/Multimodal-Sentiment-Analysis/Logs/MOASC4/2025-03-21/sub-1/036_Mar-21-2025_12:07_AM/confusion_matrix.png
