SLURM Job ID: 19850481
Number of GPUs available: 1
Python PATH: ['/home/rgg2706/Multimodal-Sentiment-Analysis/Models/SIMPLE-F3/src', '/home/rgg2706/Multimodal-Sentiment-Analysis', '/Models/SIMPLE-F3/src', '/.autofs/tools/spack/var/spack/environments/default-nlp-x86_64-24072401/.spack-env/._view/wtxwc3mlkmzy7fbaxlum2674jarpitc2/lib/python311.zip', '/.autofs/tools/spack/var/spack/environments/default-nlp-x86_64-24072401/.spack-env/._view/wtxwc3mlkmzy7fbaxlum2674jarpitc2/lib/python3.11', '/.autofs/tools/spack/var/spack/environments/default-nlp-x86_64-24072401/.spack-env/._view/wtxwc3mlkmzy7fbaxlum2674jarpitc2/lib/python3.11/lib-dynload', '/.autofs/tools/spack/var/spack/environments/default-nlp-x86_64-24072401/.spack-env/._view/wtxwc3mlkmzy7fbaxlum2674jarpitc2/lib/python3.11/site-packages']
Logs directory: /home/rgg2706/Multimodal-Sentiment-Analysis/Logs/SIMPLE-F3/2025-02-14/sub-1/001_Feb-14-2025_12:32_PM
> training arguments:
>>> rand_seed: 8
>>> model_fusion: multiattfusion
>>> dataset: mvsa-mts-v3-30
>>> optimizer: <class 'torch.optim.adam.Adam'>
>>> initializer: <function xavier_uniform_ at 0x7fb34254d440>
>>> learning_rate: 0.001
>>> dropout_rate: 0.5
>>> weight_decay: 0.0
>>> num_layers: 3
>>> num_epoch: 200
>>> batch_size: 256
>>> log_step: 16
>>> max_seq_len: 20
>>> polarities_dim: 3
>>> clip_grad: 5.0
>>> path_image: ./images
>>> crop_size: 224
>>> n_head: 8
>>> hidden_dim: 256
>>> num_classes: 3
>>> log_dir: /home/rgg2706/Multimodal-Sentiment-Analysis/Logs/SIMPLE-F3/2025-02-14/sub-1/001_Feb-14-2025_12:32_PM
>>> counter: 0
>>> model_class: <class 'models.multiattfusion.MultiAttFusion'>
Loading dataset 'mvsa-mts-v3-30':
  Train path: Datasets/MVSA-MTS/mvsa-mts-v3-30/train.tsv
  Validation path: Datasets/MVSA-MTS/mvsa-mts-v3-30/val.tsv
  Test path: Datasets/MVSA-MTS/mvsa-mts-v3-30/test.tsv
-------------- Loading Datasets/MVSA-MTS/mvsa-mts-v3-30/train.tsv ---------------
[DEBUG] index: 10
[DEBUG] raw_text: ?? Who is who and does what in the #elxn42 Conservative War Room? #CPC #CDNpoli #CANpoli http://t.co/ez5WknckYS
[DEBUG] text_length: 17
[DEBUG] polarity: 2
[DEBUG] first 10 input_ids: [101, 1029, 1029, 2040, 2003, 2040, 1998, 2515, 2054, 1999]
---
[DEBUG] index: 19
[DEBUG] raw_text: Live in #Winnipeg South Centre riding? I recommend looking into @Andrew_D_Park #elxn2015 park4wsc.ca @CanadianGreens
[DEBUG] text_length: 14
[DEBUG] polarity: 1
[DEBUG] first 10 input_ids: [101, 2444, 1999, 1001, 11093, 2148, 2803, 5559, 1029, 1045]
---
[DEBUG] index: 20
[DEBUG] raw_text: "And the """"other"""" guy is just not ready? 1-man-show? #elxn2015 #elxn42 #cdnpoli #nicetoupeethough #Harperman #peegate"
[DEBUG] text_length: 15
[DEBUG] polarity: 0
[DEBUG] first 10 input_ids: [101, 1000, 1998, 1996, 1000, 1000, 1000, 1000, 2060, 1000]
---
[DEBUG] index: 6
[DEBUG] raw_text: Rdy to watch @ThomasMulcair rock it tnight in the @globeandmail debate at @WinnipegNews Café #NDP #cdnpoli #elxn42
[DEBUG] text_length: 17
[DEBUG] polarity: 1
[DEBUG] first 10 input_ids: [101, 16428, 2100, 2000, 3422, 1030, 2726, 12274, 15472, 11215]
---
[DEBUG] index: 1
[DEBUG] raw_text: Knocked doors with the venerable #TeamTrudeau #lpc candidate @kylejpeterson this aft in my hometown, Aurora! #elxn42
[DEBUG] text_length: 16
[DEBUG] polarity: 2
[DEBUG] first 10 input_ids: [101, 6573, 4303, 2007, 1996, 24541, 1001, 2136, 16344, 27627]
---
Time taken to load Datasets/MVSA-MTS/mvsa-mts-v3-30/train.tsv: 0.65 seconds (0.01 minutes)
Train classes: [0, 1, 2], count=3
[DEBUG] Train label distribution:
{0: 9, 1: 8, 2: 7}
-------------- Loading Datasets/MVSA-MTS/mvsa-mts-v3-30/val.tsv ---------------
[DEBUG] index: 21
[DEBUG] raw_text: This girl in the background shares my feelings of Mr. Harper when he speaks. #elxn42 #yawn
[DEBUG] text_length: 16
[DEBUG] polarity: 1
[DEBUG] first 10 input_ids: [101, 2023, 2611, 1999, 1996, 4281, 6661, 2026, 5346, 1997]
---
[DEBUG] index: 4
[DEBUG] raw_text: """""I think it's time for change"""" - Ana Commit to Vote: #GenerationTrudeau #SFU #LPC #elxn42 http://t.co/hv2oIUdXIb"
[DEBUG] text_length: 16
[DEBUG] polarity: 2
[DEBUG] first 10 input_ids: [101, 1000, 1000, 1000, 1000, 1000, 1045, 2228, 2009, 1005]
---
[DEBUG] index: 18
[DEBUG] raw_text: The Ballot Question in 2015? Integrity Matters. #cdnpoli #elxn42 #elxn2015 http://t.co/NSwTddCHS8
[DEBUG] text_length: 11
[DEBUG] polarity: 0
[DEBUG] first 10 input_ids: [101, 1996, 10428, 3160, 1999, 2325, 1029, 11109, 5609, 1012]
---
Time taken to load Datasets/MVSA-MTS/mvsa-mts-v3-30/val.tsv: 0.17 seconds (0.00 minutes)
Val classes: [0, 1, 2], count=3
[DEBUG] Val label distribution:
{0: 1, 1: 1, 2: 1}
[DEBUG] Computed class_weights = [0.8888888955116272, 1.0, 1.1428571939468384]
-------------- Loading Datasets/MVSA-MTS/mvsa-mts-v3-30/test.tsv ---------------
[DEBUG] index: 13
[DEBUG] raw_text: Great AM with riding neighbors @Carolyn_Bennett &amp; @marcomendicino sharing our #LPC plan for #RealChange! #DVW #elxn42
[DEBUG] text_length: 16
[DEBUG] polarity: 1
[DEBUG] first 10 input_ids: [101, 2307, 2572, 2007, 5559, 10638, 1030, 15611, 1035, 8076]
---
[DEBUG] index: 25
[DEBUG] raw_text: "Jason Kenny Redefines """"deficit"""" Next gives opinion on """"Unicorns and leprechauns"""" #cdnpoli #elxn42"
[DEBUG] text_length: 13
[DEBUG] polarity: 0
[DEBUG] first 10 input_ids: [101, 1000, 4463, 8888, 2417, 12879, 10586, 1000, 1000, 1000]
---
[DEBUG] index: 30
[DEBUG] raw_text: Another day, another sign going up - massive support for @OmarAlghabra in Mississauga Centre! #elxn42 #misspoli
[DEBUG] text_length: 16
[DEBUG] polarity: 2
[DEBUG] first 10 input_ids: [101, 2178, 2154, 1010, 2178, 3696, 2183, 2039, 1011, 5294]
---
Time taken to load Datasets/MVSA-MTS/mvsa-mts-v3-30/test.tsv: 0.14 seconds (0.00 minutes)
Test classes: [0, 1, 2], count=3
[DEBUG] Test label distribution:
{0: 1, 1: 1, 2: 1}
[DEBUG] 95th percentile sequence length across all splits: 18.00
Total Training Samples: 30
Number of Training Samples: 24
Number of Validation Samples: 3
Number of Test Samples: 3
Number of unique sentiment classes: 3
Building model
1
n_trainable_params: 30228995, n_nontrainable_params: 0
>>>>>>>>>>>>>>>>>>>>>>>>>>>>>>>>>>>>>>>>>>>>>>>>>>>>>>>>>>>>>>>>>>>>>>>>>>>>>>>>>>>>>>>>>>>>>>>>>>>>
epoch: 0
