SLURM Job ID: 20077979
The first version with resnset
Model: MOASC4
Dataset: MOA-MVSA-single
directory /home/rgg2706/Multimodal-Sentiment-Analysis/Datasets/MOA-MVSA-single exists
directory /home/rgg2706/Multimodal-Sentiment-Analysis/Datasets/MOA-MVSA-multiple exists
directory /home/rgg2706/Multimodal-Sentiment-Analysis/Models/MOASC4/SaveFiles/SentimentClassifier exists
79
Loading dataset from: /home/rgg2706/Multimodal-Sentiment-Analysis/Datasets/MOA-MVSA-single
/home/rgg2706/Multimodal-Sentiment-Analysis/Datasets/MOA-MVSA-single/text
/home/rgg2706/Multimodal-Sentiment-Analysis/Datasets/MOA-MVSA-single/image
[DEBUG] Now in dataset directory for labels: /home/rgg2706/Multimodal-Sentiment-Analysis/Datasets/MOA-MVSA-single
[DEBUG] About to read labels from: /home/rgg2706/Multimodal-Sentiment-Analysis/Datasets/MOA-MVSA-single/labels.csv
Dataset directory is: /home/rgg2706/Multimodal-Sentiment-Analysis/Datasets/MOA-MVSA-single
Files in dataset directory: ['labels.csv', 'text', 'image']
   ID  text  image
0   1     2      1
1   2     2      1
2   3     2      1
3   4     1      1
4   5     1      1
5   6     1      1
6   7     1      1
7   8     2      1
8   9     1      1
9  10     0      0

[DEBUG] First 5 training texts:
    ID: 1 | Overall sentiment: 1 | Text: how  i feel today legday jelly aching gym 
    ID: 3 | Overall sentiment: 1 | Text:  polynminion  the moment  i found my favourite tv character. profoundlove 
    ID: 5 | Overall sentiment: 1 | Text:  chrisashaffer  went to  ssc today to be a movie star to rep for the  deaf and got to meet an energetic great guy  mark  white! 
    ID: 6 | Overall sentiment: 1 | Text:  babeshawnmendes that was really energetic 
    ID: 7 | Overall sentiment: 1 | Text:  deepikapadukone  to my most hard workingfun loving and energetic team.. thank you and  i love you! 
Train samples: 3653
Validation samples: 406
Test samples: 452
Total samples: 4511
Train label distribution: Negative=1100, Positive=2174, Neutral=379
Val   label distribution: Negative=128, Positive=234, Neutral=44
Test  label distribution: Negative=130, Positive=275, Neutral=47
Overall label distribution: Negative=1358, Positive=2683, Neutral=470
    Iteration 20 of epoch 1 completed. Loss : 1.098240852355957 Accuracy : 31.25
    Iteration 40 of epoch 1 completed. Loss : 1.097336769104004 Accuracy : 50.00
    Iteration 60 of epoch 1 completed. Loss : 1.0947167873382568 Accuracy : 59.38
    Iteration 80 of epoch 1 completed. Loss : 1.0929477214813232 Accuracy : 46.88
    Iteration 100 of epoch 1 completed. Loss : 1.0995725393295288 Accuracy : 53.12
Best validation accuracy improved from 0.0 to 0.506118881118881
Epoch 1 completed. Test dataset:
	 Loss: 1.0707
	 Accuracy : 50.00
	 Average recall: 0.3528
	 F1_PN: 0.4809
	 Macro-F1: 0.3206
	 Weighted-F1: 0.4850

Best test accuracy improved from 0.0 to 0.5, saving model...
    Iteration 20 of epoch 2 completed. Loss : 1.0804542303085327 Accuracy : 53.12
    Iteration 40 of epoch 2 completed. Loss : 1.0522829294204712 Accuracy : 43.75
    Iteration 60 of epoch 2 completed. Loss : 1.0656713247299194 Accuracy : 50.00
    Iteration 80 of epoch 2 completed. Loss : 0.9723961353302002 Accuracy : 50.00
    Iteration 100 of epoch 2 completed. Loss : 1.0846716165542603 Accuracy : 62.50
Best validation accuracy improved from 0.506118881118881 to 0.5791083916083916
Epoch 2 completed. Test dataset:
	 Loss: 1.0013
	 Accuracy : 53.33
	 Average recall: 0.4629
	 F1_PN: 0.5429
	 Macro-F1: 0.4023
	 Weighted-F1: 0.5241

Best test accuracy improved from 0.5 to 0.5333333333333333, saving model...
    Iteration 20 of epoch 3 completed. Loss : 0.9711146354675293 Accuracy : 65.62
    Iteration 40 of epoch 3 completed. Loss : 0.8647509813308716 Accuracy : 68.75
    Iteration 60 of epoch 3 completed. Loss : 0.7917733788490295 Accuracy : 90.62
    Iteration 80 of epoch 3 completed. Loss : 0.8396268486976624 Accuracy : 65.62
    Iteration 100 of epoch 3 completed. Loss : 0.9265914559364319 Accuracy : 65.62
Best validation accuracy improved from 0.5791083916083916 to 0.6236888111888111
Epoch 3 completed. Test dataset:
	 Loss: 0.9076
	 Accuracy : 63.75
	 Average recall: 0.5485
	 F1_PN: 0.6434
	 Macro-F1: 0.4849
	 Weighted-F1: 0.6244

Best test accuracy improved from 0.5333333333333333 to 0.6375, saving model...
    Iteration 20 of epoch 4 completed. Loss : 0.8612280488014221 Accuracy : 68.75
    Iteration 40 of epoch 4 completed. Loss : 0.6677437424659729 Accuracy : 81.25
    Iteration 60 of epoch 4 completed. Loss : 0.6465461254119873 Accuracy : 93.75
    Iteration 80 of epoch 4 completed. Loss : 0.7547533512115479 Accuracy : 78.12
    Iteration 100 of epoch 4 completed. Loss : 0.701079785823822 Accuracy : 87.50
Best validation accuracy improved from 0.6236888111888111 to 0.6486013986013985
Epoch 4 completed. Test dataset:
	 Loss: 0.9065
	 Accuracy : 63.96
	 Average recall: 0.5532
	 F1_PN: 0.6447
	 Macro-F1: 0.5125
	 Weighted-F1: 0.6461

Best test accuracy improved from 0.6375 to 0.6395833333333333, saving model...
    Iteration 20 of epoch 5 completed. Loss : 0.6826006770133972 Accuracy : 87.50
    Iteration 40 of epoch 5 completed. Loss : 0.7017189860343933 Accuracy : 81.25
    Iteration 60 of epoch 5 completed. Loss : 0.6291853189468384 Accuracy : 93.75
    Iteration 80 of epoch 5 completed. Loss : 0.7606129050254822 Accuracy : 75.00
    Iteration 100 of epoch 5 completed. Loss : 0.669610857963562 Accuracy : 87.50
Best validation accuracy improved from 0.6486013986013985 to 0.6569055944055944
Epoch 5 completed. Test dataset:
	 Loss: 0.8965
	 Accuracy : 62.08
	 Average recall: 0.5182
	 F1_PN: 0.6108
	 Macro-F1: 0.4874
	 Weighted-F1: 0.6151

    Iteration 20 of epoch 6 completed. Loss : 0.7467153668403625 Accuracy : 84.38
    Iteration 40 of epoch 6 completed. Loss : 0.6581091284751892 Accuracy : 90.62
    Iteration 60 of epoch 6 completed. Loss : 0.626301109790802 Accuracy : 90.62
    Iteration 80 of epoch 6 completed. Loss : 0.6578546166419983 Accuracy : 90.62
    Iteration 100 of epoch 6 completed. Loss : 0.631155252456665 Accuracy : 93.75
Epoch 6 completed. Test dataset:
	 Loss: 0.8948
	 Accuracy : 64.58
	 Average recall: 0.5034
	 F1_PN: 0.6165
	 Macro-F1: 0.4799
	 Weighted-F1: 0.6278

Best test accuracy improved from 0.6395833333333333 to 0.6458333333333334, saving model...
    Iteration 20 of epoch 7 completed. Loss : 0.6730519533157349 Accuracy : 90.62
    Iteration 40 of epoch 7 completed. Loss : 0.5977586507797241 Accuracy : 96.88
    Iteration 60 of epoch 7 completed. Loss : 0.6599074602127075 Accuracy : 93.75
    Iteration 80 of epoch 7 completed. Loss : 0.7204880118370056 Accuracy : 81.25
    Iteration 100 of epoch 7 completed. Loss : 0.6273214817047119 Accuracy : 90.62
Epoch 7 completed. Test dataset:
	 Loss: 0.8849
	 Accuracy : 65.62
	 Average recall: 0.5001
	 F1_PN: 0.6182
	 Macro-F1: 0.4871
	 Weighted-F1: 0.6302

Best test accuracy improved from 0.6458333333333334 to 0.65625, saving model...
    Iteration 20 of epoch 8 completed. Loss : 0.640699028968811 Accuracy : 93.75
    Iteration 40 of epoch 8 completed. Loss : 0.5900495052337646 Accuracy : 96.88
    Iteration 60 of epoch 8 completed. Loss : 0.6015628576278687 Accuracy : 96.88
    Iteration 80 of epoch 8 completed. Loss : 0.6928727626800537 Accuracy : 84.38
    Iteration 100 of epoch 8 completed. Loss : 0.5857979655265808 Accuracy : 96.88
Epoch 8 completed. Test dataset:
	 Loss: 0.8951
	 Accuracy : 64.58
	 Average recall: 0.5137
	 F1_PN: 0.6258
	 Macro-F1: 0.4890
	 Weighted-F1: 0.6345

    Iteration 20 of epoch 9 completed. Loss : 0.622222900390625 Accuracy : 93.75
    Iteration 40 of epoch 9 completed. Loss : 0.5926103591918945 Accuracy : 96.88
    Iteration 60 of epoch 9 completed. Loss : 0.566072940826416 Accuracy : 100.00
    Iteration 80 of epoch 9 completed. Loss : 0.6716699600219727 Accuracy : 87.50
    Iteration 100 of epoch 9 completed. Loss : 0.5852082371711731 Accuracy : 96.88
Epoch 9 completed. Test dataset:
	 Loss: 0.8838
	 Accuracy : 65.42
	 Average recall: 0.5055
	 F1_PN: 0.6217
	 Macro-F1: 0.4881
	 Weighted-F1: 0.6341

    Iteration 20 of epoch 10 completed. Loss : 0.6164392232894897 Accuracy : 96.88
    Iteration 40 of epoch 10 completed. Loss : 0.589159369468689 Accuracy : 96.88
    Iteration 60 of epoch 10 completed. Loss : 0.5596333146095276 Accuracy : 100.00
    Iteration 80 of epoch 10 completed. Loss : 0.6485618948936462 Accuracy : 90.62
    Iteration 100 of epoch 10 completed. Loss : 0.58561772108078 Accuracy : 96.88
Epoch 10 completed. Test dataset:
	 Loss: 0.8839
	 Accuracy : 65.42
	 Average recall: 0.5055
	 F1_PN: 0.6208
	 Macro-F1: 0.4875
	 Weighted-F1: 0.6345

    Iteration 20 of epoch 11 completed. Loss : 0.6202821731567383 Accuracy : 93.75
    Iteration 40 of epoch 11 completed. Loss : 0.5890693068504333 Accuracy : 96.88
    Iteration 60 of epoch 11 completed. Loss : 0.5763056874275208 Accuracy : 100.00
    Iteration 80 of epoch 11 completed. Loss : 0.6508159637451172 Accuracy : 90.62
    Iteration 100 of epoch 11 completed. Loss : 0.5849589705467224 Accuracy : 96.88
Epoch 11 completed. Test dataset:
	 Loss: 0.8844
	 Accuracy : 65.21
	 Average recall: 0.5058
	 F1_PN: 0.6210
	 Macro-F1: 0.4876
	 Weighted-F1: 0.6344

    Iteration 20 of epoch 12 completed. Loss : 0.6009821891784668 Accuracy : 96.88
    Iteration 40 of epoch 12 completed. Loss : 0.5897769331932068 Accuracy : 96.88
    Iteration 60 of epoch 12 completed. Loss : 0.5600946545600891 Accuracy : 100.00
    Iteration 80 of epoch 12 completed. Loss : 0.669985294342041 Accuracy : 87.50
    Iteration 100 of epoch 12 completed. Loss : 0.5851857662200928 Accuracy : 96.88
Epoch 12 completed. Test dataset:
	 Loss: 0.8844
	 Accuracy : 65.21
	 Average recall: 0.5058
	 F1_PN: 0.6210
	 Macro-F1: 0.4876
	 Weighted-F1: 0.6344

    Iteration 20 of epoch 13 completed. Loss : 0.6000399589538574 Accuracy : 96.88
    Iteration 40 of epoch 13 completed. Loss : 0.5903550982475281 Accuracy : 96.88
    Iteration 60 of epoch 13 completed. Loss : 0.5571805834770203 Accuracy : 100.00
    Iteration 80 of epoch 13 completed. Loss : 0.6509511470794678 Accuracy : 90.62
    Iteration 100 of epoch 13 completed. Loss : 0.585087776184082 Accuracy : 96.88
Epoch 13 completed. Test dataset:
	 Loss: 0.8845
	 Accuracy : 65.21
	 Average recall: 0.5058
	 F1_PN: 0.6210
	 Macro-F1: 0.4876
	 Weighted-F1: 0.6344

    Iteration 20 of epoch 14 completed. Loss : 0.6053212285041809 Accuracy : 96.88
    Iteration 40 of epoch 14 completed. Loss : 0.589303731918335 Accuracy : 96.88
    Iteration 60 of epoch 14 completed. Loss : 0.5589219927787781 Accuracy : 100.00
    Iteration 80 of epoch 14 completed. Loss : 0.6508373022079468 Accuracy : 90.62
    Iteration 100 of epoch 14 completed. Loss : 0.5882354378700256 Accuracy : 96.88
Epoch 14 completed. Test dataset:
	 Loss: 0.8845
	 Accuracy : 65.21
	 Average recall: 0.5058
	 F1_PN: 0.6210
	 Macro-F1: 0.4876
	 Weighted-F1: 0.6344

    Iteration 20 of epoch 15 completed. Loss : 0.6024383902549744 Accuracy : 96.88
    Iteration 40 of epoch 15 completed. Loss : 0.5902044177055359 Accuracy : 96.88
    Iteration 60 of epoch 15 completed. Loss : 0.5548256039619446 Accuracy : 100.00
    Iteration 80 of epoch 15 completed. Loss : 0.6517247557640076 Accuracy : 90.62
    Iteration 100 of epoch 15 completed. Loss : 0.5852253437042236 Accuracy : 96.88
Epoch 15 completed. Test dataset:
	 Loss: 0.8845
	 Accuracy : 65.21
	 Average recall: 0.5058
	 F1_PN: 0.6210
	 Macro-F1: 0.4876
	 Weighted-F1: 0.6344

Train/val/test loss curve saved to /home/rgg2706/Multimodal-Sentiment-Analysis/Logs/MOASC4/2025-03-21/sub-1/029_Mar-21-2025_12:07_AM/train_val_test_loss_curve.png
Confusion matrix saved to /home/rgg2706/Multimodal-Sentiment-Analysis/Logs/MOASC4/2025-03-21/sub-1/029_Mar-21-2025_12:07_AM/confusion_matrix.png
