DMLAN_dmlanfusion_mvsa-mts-v3_lr0.001_dr0.5
SLURM Job ID: 19776285
Number of GPUs available: 1
Python PATH: ['/home/rgg2706/Multimodal-Sentiment-Analysis/Models', '/home/rgg2706/Multimodal-Sentiment-Analysis/Models/DMLAN/src', '/home/rgg2706/Multimodal-Sentiment-Analysis', '/Models/DMLAN/src', '/.autofs/tools/spack/var/spack/environments/default-nlp-x86_64-24072401/.spack-env/._view/wtxwc3mlkmzy7fbaxlum2674jarpitc2/lib/python311.zip', '/.autofs/tools/spack/var/spack/environments/default-nlp-x86_64-24072401/.spack-env/._view/wtxwc3mlkmzy7fbaxlum2674jarpitc2/lib/python3.11', '/.autofs/tools/spack/var/spack/environments/default-nlp-x86_64-24072401/.spack-env/._view/wtxwc3mlkmzy7fbaxlum2674jarpitc2/lib/python3.11/lib-dynload', '/.autofs/tools/spack/var/spack/environments/default-nlp-x86_64-24072401/.spack-env/._view/wtxwc3mlkmzy7fbaxlum2674jarpitc2/lib/python3.11/site-packages']
Logs directory: /home/rgg2706/Multimodal-Sentiment-Analysis/Logs/DMLAN/2025-02-04/sub-4/004_Feb-04-2025_01:49_PM
> training arguments:
>>> rand_seed: 8
>>> model_fusion: dmlanfusion
>>> dataset: mvsa-mts-v3
>>> optimizer: <class 'torch.optim.adam.Adam'>
>>> initializer: <function xavier_uniform_ at 0x7f2a4cbb1580>
>>> learning_rate: 0.001
>>> dropout_rate: 0.5
>>> weight_decay: 0.0
>>> num_layers: 3
>>> num_epoch: 70
>>> batch_size: 256
>>> log_step: 60
>>> max_seq_len: 64
>>> polarities_dim: 3
>>> clip_grad: 5.0
>>> path_image: ./images
>>> crop_size: 224
>>> n_head: 8
>>> hidden_dim: 1024
>>> num_classes: 3
>>> log_dir: /home/rgg2706/Multimodal-Sentiment-Analysis/Logs/DMLAN/2025-02-04/sub-4/004_Feb-04-2025_01:49_PM
>>> counter: 0
>>> model_class: <class 'models.dmlanfusion.DMLANFUSION'>
Loading dataset 'mvsa-mts-v3':
  Train path: Datasets//MVSA-MTS/mvsa-mts-v3/train.tsv
  Validation path: Datasets//MVSA-MTS/mvsa-mts-v3/val.tsv
  Test path: Datasets//MVSA-MTS/mvsa-mts-v3/test.tsv
loading word vectors...
building embedding_matrix: 200_glove_embedding_matrix.dat
-------------- Loading Datasets//MVSA-MTS/mvsa-mts-v3/train.tsv ---------------
Time taken to load Datasets//MVSA-MTS/mvsa-mts-v3/train.tsv: 85.66 seconds (1.43 minutes)
The number of problematic samples: 2
-------------- Loading Datasets//MVSA-MTS/mvsa-mts-v3/val.tsv ---------------
Time taken to load Datasets//MVSA-MTS/mvsa-mts-v3/val.tsv: 10.93 seconds (0.18 minutes)
The number of problematic samples: 0
-------------- Loading Datasets//MVSA-MTS/mvsa-mts-v3/test.tsv ---------------
Time taken to load Datasets//MVSA-MTS/mvsa-mts-v3/test.tsv: 10.96 seconds (0.18 minutes)
The number of problematic samples: 1
Total Training Samples: 17027
Number of Training Samples: 13621
Number of Validation Samples: 1703
Number of Test Samples: 1703
Number of unique sentiment classes: 3
Building model
1
n_trainable_params: 5250149, n_nontrainable_params: 0
No weight decay
>>>>>>>>>>>>>>>>>>>>>>>>>>>>>>>>>>>>>>>>>>>>>>>>>>>>>>>>>>>>>>>>>>>>>>>>>>>>>>>>>>>>>>>>>>>>>>>>>>>>
epoch: 0
outputs.shape: torch.Size([256, 3])
outputs.dtype: torch.float32
2
Batch 0 completed in 0.73 seconds (0.01 minutes)
New best val_f1: 0.217563 (previous best: 0.000000)
loss: 1.105978, val_acc: 48.44% (0.484439), val_f1: 21.76% (0.217563), test_acc: 48.27% (0.482678), test_f1: 21.70% (0.217030)
Epoch 0 completed in 24.30 seconds (0.41 minutes)
>>>>>>>>>>>>>>>>>>>>>>>>>>>>>>>>>>>>>>>>>>>>>>>>>>>>>>>>>>>>>>>>>>>>>>>>>>>>>>>>>>>>>>>>>>>>>>>>>>>>
epoch: 1
Batch 0 completed in 0.26 seconds (0.00 minutes)
loss: 1.074562, val_acc: 48.44% (0.484439), val_f1: 21.76% (0.217563), test_acc: 48.27% (0.482678), test_f1: 21.70% (0.217030)
Epoch 1 completed in 23.66 seconds (0.39 minutes)
>>>>>>>>>>>>>>>>>>>>>>>>>>>>>>>>>>>>>>>>>>>>>>>>>>>>>>>>>>>>>>>>>>>>>>>>>>>>>>>>>>>>>>>>>>>>>>>>>>>>
epoch: 2
Batch 0 completed in 0.26 seconds (0.00 minutes)
New best val_f1: 0.248390 (previous best: 0.217563)
loss: 1.062348, val_acc: 48.97% (0.489724), val_f1: 24.84% (0.248390), test_acc: 48.62% (0.486201), test_f1: 23.81% (0.238112)
Epoch 2 completed in 23.73 seconds (0.40 minutes)
>>>>>>>>>>>>>>>>>>>>>>>>>>>>>>>>>>>>>>>>>>>>>>>>>>>>>>>>>>>>>>>>>>>>>>>>>>>>>>>>>>>>>>>>>>>>>>>>>>>>
epoch: 3
Batch 0 completed in 0.26 seconds (0.00 minutes)
loss: 1.052817, val_acc: 48.85% (0.488550), val_f1: 23.68% (0.236800), test_acc: 48.44% (0.484439), test_f1: 22.87% (0.228654)
Epoch 3 completed in 23.73 seconds (0.40 minutes)
>>>>>>>>>>>>>>>>>>>>>>>>>>>>>>>>>>>>>>>>>>>>>>>>>>>>>>>>>>>>>>>>>>>>>>>>>>>>>>>>>>>>>>>>>>>>>>>>>>>>
epoch: 4
Batch 0 completed in 0.26 seconds (0.00 minutes)
New best val_f1: 0.272232 (previous best: 0.248390)
loss: 1.000354, val_acc: 47.50% (0.475044), val_f1: 27.22% (0.272232), test_acc: 47.33% (0.473282), test_f1: 26.36% (0.263555)
Epoch 4 completed in 23.45 seconds (0.39 minutes)
>>>>>>>>>>>>>>>>>>>>>>>>>>>>>>>>>>>>>>>>>>>>>>>>>>>>>>>>>>>>>>>>>>>>>>>>>>>>>>>>>>>>>>>>>>>>>>>>>>>>
epoch: 5
Batch 0 completed in 0.26 seconds (0.00 minutes)
loss: 0.978617, val_acc: 48.91% (0.489137), val_f1: 25.92% (0.259194), test_acc: 48.56% (0.485614), test_f1: 25.32% (0.253167)
Epoch 5 completed in 23.75 seconds (0.40 minutes)
>>>>>>>>>>>>>>>>>>>>>>>>>>>>>>>>>>>>>>>>>>>>>>>>>>>>>>>>>>>>>>>>>>>>>>>>>>>>>>>>>>>>>>>>>>>>>>>>>>>>
epoch: 6
Batch 0 completed in 0.26 seconds (0.00 minutes)
New best val_f1: 0.298042 (previous best: 0.272232)
loss: 0.936984, val_acc: 47.45% (0.474457), val_f1: 29.80% (0.298042), test_acc: 46.45% (0.464474), test_f1: 28.15% (0.281464)
Epoch 6 completed in 23.79 seconds (0.40 minutes)
>>>>>>>>>>>>>>>>>>>>>>>>>>>>>>>>>>>>>>>>>>>>>>>>>>>>>>>>>>>>>>>>>>>>>>>>>>>>>>>>>>>>>>>>>>>>>>>>>>>>
epoch: 7
Batch 0 completed in 0.26 seconds (0.00 minutes)
loss: 0.976202, val_acc: 47.74% (0.477393), val_f1: 27.76% (0.277584), test_acc: 47.27% (0.472695), test_f1: 25.98% (0.259818)
Epoch 7 completed in 23.48 seconds (0.39 minutes)
>>>>>>>>>>>>>>>>>>>>>>>>>>>>>>>>>>>>>>>>>>>>>>>>>>>>>>>>>>>>>>>>>>>>>>>>>>>>>>>>>>>>>>>>>>>>>>>>>>>>
epoch: 8
Batch 0 completed in 0.26 seconds (0.00 minutes)
New best val_f1: 0.336318 (previous best: 0.298042)
loss: 0.918527, val_acc: 45.04% (0.450382), val_f1: 33.63% (0.336318), test_acc: 44.04% (0.440399), test_f1: 31.60% (0.315963)
Epoch 8 completed in 23.79 seconds (0.40 minutes)
>>>>>>>>>>>>>>>>>>>>>>>>>>>>>>>>>>>>>>>>>>>>>>>>>>>>>>>>>>>>>>>>>>>>>>>>>>>>>>>>>>>>>>>>>>>>>>>>>>>>
epoch: 9
Batch 0 completed in 0.26 seconds (0.00 minutes)
loss: 0.936533, val_acc: 45.51% (0.455079), val_f1: 30.53% (0.305273), test_acc: 45.04% (0.450382), test_f1: 29.59% (0.295929)
Epoch 9 completed in 23.95 seconds (0.40 minutes)
>>>>>>>>>>>>>>>>>>>>>>>>>>>>>>>>>>>>>>>>>>>>>>>>>>>>>>>>>>>>>>>>>>>>>>>>>>>>>>>>>>>>>>>>>>>>>>>>>>>>
epoch: 10
Batch 0 completed in 0.26 seconds (0.00 minutes)
loss: 0.948696, val_acc: 49.50% (0.495009), val_f1: 25.82% (0.258217), test_acc: 48.74% (0.487375), test_f1: 24.46% (0.244602)
Epoch 10 completed in 23.58 seconds (0.39 minutes)
>>>>>>>>>>>>>>>>>>>>>>>>>>>>>>>>>>>>>>>>>>>>>>>>>>>>>>>>>>>>>>>>>>>>>>>>>>>>>>>>>>>>>>>>>>>>>>>>>>>>
epoch: 11
Batch 0 completed in 0.26 seconds (0.00 minutes)
loss: 1.010597, val_acc: 46.33% (0.463300), val_f1: 29.36% (0.293553), test_acc: 45.92% (0.459190), test_f1: 28.70% (0.287028)
Epoch 11 completed in 23.69 seconds (0.39 minutes)
>>>>>>>>>>>>>>>>>>>>>>>>>>>>>>>>>>>>>>>>>>>>>>>>>>>>>>>>>>>>>>>>>>>>>>>>>>>>>>>>>>>>>>>>>>>>>>>>>>>>
epoch: 12
Batch 0 completed in 0.26 seconds (0.00 minutes)
loss: 0.926819, val_acc: 46.45% (0.464474), val_f1: 32.03% (0.320305), test_acc: 45.80% (0.458015), test_f1: 30.33% (0.303262)
Epoch 12 completed in 23.83 seconds (0.40 minutes)
>>>>>>>>>>>>>>>>>>>>>>>>>>>>>>>>>>>>>>>>>>>>>>>>>>>>>>>>>>>>>>>>>>>>>>>>>>>>>>>>>>>>>>>>>>>>>>>>>>>>
epoch: 13
Batch 0 completed in 0.26 seconds (0.00 minutes)
loss: 0.830177, val_acc: 47.45% (0.474457), val_f1: 31.82% (0.318170), test_acc: 46.51% (0.465062), test_f1: 30.30% (0.302982)
Epoch 13 completed in 23.85 seconds (0.40 minutes)
>>>>>>>>>>>>>>>>>>>>>>>>>>>>>>>>>>>>>>>>>>>>>>>>>>>>>>>>>>>>>>>>>>>>>>>>>>>>>>>>>>>>>>>>>>>>>>>>>>>>
epoch: 14
Batch 0 completed in 0.26 seconds (0.00 minutes)
loss: 0.789368, val_acc: 46.98% (0.469759), val_f1: 32.47% (0.324658), test_acc: 45.98% (0.459777), test_f1: 31.43% (0.314297)
Epoch 14 completed in 23.54 seconds (0.39 minutes)
>>>>>>>>>>>>>>>>>>>>>>>>>>>>>>>>>>>>>>>>>>>>>>>>>>>>>>>>>>>>>>>>>>>>>>>>>>>>>>>>>>>>>>>>>>>>>>>>>>>>
epoch: 15
Batch 0 completed in 0.26 seconds (0.00 minutes)
New best val_f1: 0.337857 (previous best: 0.336318)
loss: 0.855674, val_acc: 46.56% (0.465649), val_f1: 33.79% (0.337857), test_acc: 46.45% (0.464474), test_f1: 32.57% (0.325697)
Epoch 15 completed in 23.62 seconds (0.39 minutes)
>>>>>>>>>>>>>>>>>>>>>>>>>>>>>>>>>>>>>>>>>>>>>>>>>>>>>>>>>>>>>>>>>>>>>>>>>>>>>>>>>>>>>>>>>>>>>>>>>>>>
epoch: 16
Batch 0 completed in 0.26 seconds (0.00 minutes)
loss: 0.853489, val_acc: 46.21% (0.462126), val_f1: 31.07% (0.310666), test_acc: 46.80% (0.467998), test_f1: 31.21% (0.312109)
Epoch 16 completed in 23.94 seconds (0.40 minutes)
>>>>>>>>>>>>>>>>>>>>>>>>>>>>>>>>>>>>>>>>>>>>>>>>>>>>>>>>>>>>>>>>>>>>>>>>>>>>>>>>>>>>>>>>>>>>>>>>>>>>
epoch: 17
Batch 0 completed in 0.26 seconds (0.00 minutes)
loss: 0.868976, val_acc: 45.04% (0.450382), val_f1: 31.97% (0.319696), test_acc: 44.57% (0.445684), test_f1: 31.53% (0.315314)
Epoch 17 completed in 23.90 seconds (0.40 minutes)
>>>>>>>>>>>>>>>>>>>>>>>>>>>>>>>>>>>>>>>>>>>>>>>>>>>>>>>>>>>>>>>>>>>>>>>>>>>>>>>>>>>>>>>>>>>>>>>>>>>>
epoch: 18
Batch 0 completed in 0.26 seconds (0.00 minutes)
New best val_f1: 0.357313 (previous best: 0.337857)
loss: 0.797021, val_acc: 45.45% (0.454492), val_f1: 35.73% (0.357313), test_acc: 43.69% (0.436876), test_f1: 33.12% (0.331236)
Epoch 18 completed in 23.48 seconds (0.39 minutes)
>>>>>>>>>>>>>>>>>>>>>>>>>>>>>>>>>>>>>>>>>>>>>>>>>>>>>>>>>>>>>>>>>>>>>>>>>>>>>>>>>>>>>>>>>>>>>>>>>>>>
epoch: 19
Batch 0 completed in 0.26 seconds (0.00 minutes)
New best val_f1: 0.366864 (previous best: 0.357313)
loss: 0.782663, val_acc: 43.69% (0.436876), val_f1: 36.69% (0.366864), test_acc: 43.28% (0.432766), test_f1: 35.55% (0.355518)
Epoch 19 completed in 23.82 seconds (0.40 minutes)
>>>>>>>>>>>>>>>>>>>>>>>>>>>>>>>>>>>>>>>>>>>>>>>>>>>>>>>>>>>>>>>>>>>>>>>>>>>>>>>>>>>>>>>>>>>>>>>>>>>>
epoch: 20
Batch 0 completed in 0.26 seconds (0.00 minutes)
loss: 0.810535, val_acc: 46.56% (0.465649), val_f1: 33.18% (0.331773), test_acc: 46.92% (0.469172), test_f1: 32.68% (0.326787)
Epoch 20 completed in 23.92 seconds (0.40 minutes)
>>>>>>>>>>>>>>>>>>>>>>>>>>>>>>>>>>>>>>>>>>>>>>>>>>>>>>>>>>>>>>>>>>>>>>>>>>>>>>>>>>>>>>>>>>>>>>>>>>>>
epoch: 21
Batch 0 completed in 0.26 seconds (0.00 minutes)
loss: 0.707106, val_acc: 45.86% (0.458602), val_f1: 34.52% (0.345185), test_acc: 46.45% (0.464474), test_f1: 34.68% (0.346804)
Epoch 21 completed in 23.62 seconds (0.39 minutes)
>>>>>>>>>>>>>>>>>>>>>>>>>>>>>>>>>>>>>>>>>>>>>>>>>>>>>>>>>>>>>>>>>>>>>>>>>>>>>>>>>>>>>>>>>>>>>>>>>>>>
epoch: 22
Batch 0 completed in 0.26 seconds (0.00 minutes)
loss: 0.753093, val_acc: 39.52% (0.395185), val_f1: 35.30% (0.353024), test_acc: 41.57% (0.415737), test_f1: 37.37% (0.373737)
Epoch 22 completed in 23.68 seconds (0.39 minutes)
>>>>>>>>>>>>>>>>>>>>>>>>>>>>>>>>>>>>>>>>>>>>>>>>>>>>>>>>>>>>>>>>>>>>>>>>>>>>>>>>>>>>>>>>>>>>>>>>>>>>
epoch: 23
Batch 0 completed in 0.26 seconds (0.00 minutes)
loss: 0.758328, val_acc: 40.28% (0.402819), val_f1: 36.55% (0.365503), test_acc: 42.51% (0.425132), test_f1: 38.56% (0.385606)
Epoch 23 completed in 23.88 seconds (0.40 minutes)
>>>>>>>>>>>>>>>>>>>>>>>>>>>>>>>>>>>>>>>>>>>>>>>>>>>>>>>>>>>>>>>>>>>>>>>>>>>>>>>>>>>>>>>>>>>>>>>>>>>>
epoch: 24
Batch 0 completed in 0.26 seconds (0.00 minutes)
loss: 0.724733, val_acc: 44.22% (0.442161), val_f1: 35.11% (0.351125), test_acc: 44.16% (0.441574), test_f1: 34.74% (0.347402)
Epoch 24 completed in 23.85 seconds (0.40 minutes)
>>>>>>>>>>>>>>>>>>>>>>>>>>>>>>>>>>>>>>>>>>>>>>>>>>>>>>>>>>>>>>>>>>>>>>>>>>>>>>>>>>>>>>>>>>>>>>>>>>>>
epoch: 25
Batch 0 completed in 0.26 seconds (0.00 minutes)
loss: 0.706736, val_acc: 41.57% (0.415737), val_f1: 34.58% (0.345773), test_acc: 42.98% (0.429830), test_f1: 35.67% (0.356677)
Epoch 25 completed in 23.53 seconds (0.39 minutes)
>>>>>>>>>>>>>>>>>>>>>>>>>>>>>>>>>>>>>>>>>>>>>>>>>>>>>>>>>>>>>>>>>>>>>>>>>>>>>>>>>>>>>>>>>>>>>>>>>>>>
epoch: 26
Batch 0 completed in 0.26 seconds (0.00 minutes)
loss: 0.725636, val_acc: 41.16% (0.411627), val_f1: 36.09% (0.360881), test_acc: 42.22% (0.422196), test_f1: 36.66% (0.366602)
Epoch 26 completed in 23.63 seconds (0.39 minutes)
>>>>>>>>>>>>>>>>>>>>>>>>>>>>>>>>>>>>>>>>>>>>>>>>>>>>>>>>>>>>>>>>>>>>>>>>>>>>>>>>>>>>>>>>>>>>>>>>>>>>
epoch: 27
Batch 0 completed in 0.26 seconds (0.00 minutes)
loss: 0.694047, val_acc: 39.11% (0.391075), val_f1: 35.67% (0.356689), test_acc: 42.57% (0.425719), test_f1: 39.07% (0.390727)
Epoch 27 completed in 23.96 seconds (0.40 minutes)
>>>>>>>>>>>>>>>>>>>>>>>>>>>>>>>>>>>>>>>>>>>>>>>>>>>>>>>>>>>>>>>>>>>>>>>>>>>>>>>>>>>>>>>>>>>>>>>>>>>>
epoch: 28
Batch 0 completed in 0.26 seconds (0.00 minutes)
loss: 0.695028, val_acc: 41.05% (0.410452), val_f1: 35.09% (0.350850), test_acc: 42.69% (0.426894), test_f1: 36.19% (0.361860)
Epoch 28 completed in 23.84 seconds (0.40 minutes)
>>>>>>>>>>>>>>>>>>>>>>>>>>>>>>>>>>>>>>>>>>>>>>>>>>>>>>>>>>>>>>>>>>>>>>>>>>>>>>>>>>>>>>>>>>>>>>>>>>>>
epoch: 29
Batch 0 completed in 0.26 seconds (0.00 minutes)
loss: 0.684070, val_acc: 39.58% (0.395772), val_f1: 35.97% (0.359695), test_acc: 41.46% (0.414563), test_f1: 36.86% (0.368635)
Epoch 29 completed in 23.55 seconds (0.39 minutes)
>>>>>>>>>>>>>>>>>>>>>>>>>>>>>>>>>>>>>>>>>>>>>>>>>>>>>>>>>>>>>>>>>>>>>>>>>>>>>>>>>>>>>>>>>>>>>>>>>>>>
epoch: 30
Batch 0 completed in 0.26 seconds (0.00 minutes)
loss: 0.724467, val_acc: 39.81% (0.398121), val_f1: 35.14% (0.351395), test_acc: 41.81% (0.418086), test_f1: 37.03% (0.370276)
Epoch 30 completed in 23.83 seconds (0.40 minutes)
>>>>>>>>>>>>>>>>>>>>>>>>>>>>>>>>>>>>>>>>>>>>>>>>>>>>>>>>>>>>>>>>>>>>>>>>>>>>>>>>>>>>>>>>>>>>>>>>>>>>
epoch: 31
Batch 0 completed in 0.26 seconds (0.00 minutes)
loss: 0.639282, val_acc: 40.99% (0.409865), val_f1: 36.30% (0.363039), test_acc: 42.16% (0.421609), test_f1: 36.95% (0.369451)
Epoch 31 completed in 23.95 seconds (0.40 minutes)
>>>>>>>>>>>>>>>>>>>>>>>>>>>>>>>>>>>>>>>>>>>>>>>>>>>>>>>>>>>>>>>>>>>>>>>>>>>>>>>>>>>>>>>>>>>>>>>>>>>>
epoch: 32
Batch 0 completed in 0.26 seconds (0.00 minutes)
New best val_f1: 0.369306 (previous best: 0.366864)
loss: 0.726455, val_acc: 38.05% (0.380505), val_f1: 36.93% (0.369306), test_acc: 38.46% (0.384615), test_f1: 37.30% (0.372995)
Epoch 32 completed in 23.61 seconds (0.39 minutes)
>>>>>>>>>>>>>>>>>>>>>>>>>>>>>>>>>>>>>>>>>>>>>>>>>>>>>>>>>>>>>>>>>>>>>>>>>>>>>>>>>>>>>>>>>>>>>>>>>>>>
epoch: 33
Batch 0 completed in 0.26 seconds (0.00 minutes)
loss: 0.633984, val_acc: 40.63% (0.406342), val_f1: 35.75% (0.357468), test_acc: 42.81% (0.428068), test_f1: 37.34% (0.373414)
Epoch 33 completed in 23.66 seconds (0.39 minutes)
>>>>>>>>>>>>>>>>>>>>>>>>>>>>>>>>>>>>>>>>>>>>>>>>>>>>>>>>>>>>>>>>>>>>>>>>>>>>>>>>>>>>>>>>>>>>>>>>>>>>
epoch: 34
Batch 0 completed in 0.26 seconds (0.00 minutes)
New best val_f1: 0.375845 (previous best: 0.369306)
loss: 0.624429, val_acc: 41.46% (0.414563), val_f1: 37.58% (0.375845), test_acc: 41.98% (0.419847), test_f1: 37.22% (0.372231)
Epoch 34 completed in 23.89 seconds (0.40 minutes)
>>>>>>>>>>>>>>>>>>>>>>>>>>>>>>>>>>>>>>>>>>>>>>>>>>>>>>>>>>>>>>>>>>>>>>>>>>>>>>>>>>>>>>>>>>>>>>>>>>>>
epoch: 35
Batch 0 completed in 0.26 seconds (0.00 minutes)
loss: 0.701145, val_acc: 37.99% (0.379918), val_f1: 35.94% (0.359446), test_acc: 39.28% (0.392836), test_f1: 36.66% (0.366561)
Epoch 35 completed in 23.85 seconds (0.40 minutes)
>>>>>>>>>>>>>>>>>>>>>>>>>>>>>>>>>>>>>>>>>>>>>>>>>>>>>>>>>>>>>>>>>>>>>>>>>>>>>>>>>>>>>>>>>>>>>>>>>>>>
epoch: 36
Batch 0 completed in 0.26 seconds (0.00 minutes)
loss: 0.596979, val_acc: 40.22% (0.402231), val_f1: 36.96% (0.369627), test_acc: 40.75% (0.407516), test_f1: 36.84% (0.368416)
Epoch 36 completed in 23.54 seconds (0.39 minutes)
>>>>>>>>>>>>>>>>>>>>>>>>>>>>>>>>>>>>>>>>>>>>>>>>>>>>>>>>>>>>>>>>>>>>>>>>>>>>>>>>>>>>>>>>>>>>>>>>>>>>
epoch: 37
Batch 0 completed in 0.26 seconds (0.00 minutes)
loss: 0.582957, val_acc: 39.99% (0.399883), val_f1: 36.85% (0.368450), test_acc: 41.51% (0.415150), test_f1: 37.34% (0.373365)
Epoch 37 completed in 23.63 seconds (0.39 minutes)
>>>>>>>>>>>>>>>>>>>>>>>>>>>>>>>>>>>>>>>>>>>>>>>>>>>>>>>>>>>>>>>>>>>>>>>>>>>>>>>>>>>>>>>>>>>>>>>>>>>>
epoch: 38
Batch 0 completed in 0.26 seconds (0.00 minutes)
New best val_f1: 0.377797 (previous best: 0.375845)
loss: 0.591627, val_acc: 40.52% (0.405167), val_f1: 37.78% (0.377797), test_acc: 40.87% (0.408691), test_f1: 37.83% (0.378319)
Epoch 38 completed in 23.98 seconds (0.40 minutes)
>>>>>>>>>>>>>>>>>>>>>>>>>>>>>>>>>>>>>>>>>>>>>>>>>>>>>>>>>>>>>>>>>>>>>>>>>>>>>>>>>>>>>>>>>>>>>>>>>>>>
epoch: 39
Batch 0 completed in 0.26 seconds (0.00 minutes)
loss: 0.644351, val_acc: 37.58% (0.375807), val_f1: 35.72% (0.357243), test_acc: 40.22% (0.402231), test_f1: 38.18% (0.381783)
Epoch 39 completed in 24.14 seconds (0.40 minutes)
>>>>>>>>>>>>>>>>>>>>>>>>>>>>>>>>>>>>>>>>>>>>>>>>>>>>>>>>>>>>>>>>>>>>>>>>>>>>>>>>>>>>>>>>>>>>>>>>>>>>
epoch: 40
Batch 0 completed in 0.26 seconds (0.00 minutes)
loss: 0.588428, val_acc: 38.81% (0.388139), val_f1: 36.46% (0.364602), test_acc: 40.99% (0.409865), test_f1: 38.32% (0.383162)
Epoch 40 completed in 23.57 seconds (0.39 minutes)
>>>>>>>>>>>>>>>>>>>>>>>>>>>>>>>>>>>>>>>>>>>>>>>>>>>>>>>>>>>>>>>>>>>>>>>>>>>>>>>>>>>>>>>>>>>>>>>>>>>>
epoch: 41
Batch 0 completed in 0.26 seconds (0.00 minutes)
loss: 0.557607, val_acc: 40.40% (0.403993), val_f1: 35.78% (0.357781), test_acc: 42.28% (0.422783), test_f1: 36.50% (0.364994)
Epoch 41 completed in 23.77 seconds (0.40 minutes)
>>>>>>>>>>>>>>>>>>>>>>>>>>>>>>>>>>>>>>>>>>>>>>>>>>>>>>>>>>>>>>>>>>>>>>>>>>>>>>>>>>>>>>>>>>>>>>>>>>>>
epoch: 42
Batch 0 completed in 0.26 seconds (0.00 minutes)
loss: 0.511382, val_acc: 40.05% (0.400470), val_f1: 36.70% (0.366967), test_acc: 40.75% (0.407516), test_f1: 36.64% (0.366400)
Epoch 42 completed in 23.97 seconds (0.40 minutes)
>>>>>>>>>>>>>>>>>>>>>>>>>>>>>>>>>>>>>>>>>>>>>>>>>>>>>>>>>>>>>>>>>>>>>>>>>>>>>>>>>>>>>>>>>>>>>>>>>>>>
epoch: 43
Batch 0 completed in 0.26 seconds (0.00 minutes)
loss: 0.530557, val_acc: 39.05% (0.390487), val_f1: 36.24% (0.362353), test_acc: 42.16% (0.421609), test_f1: 38.45% (0.384524)
Epoch 43 completed in 23.63 seconds (0.39 minutes)
>>>>>>>>>>>>>>>>>>>>>>>>>>>>>>>>>>>>>>>>>>>>>>>>>>>>>>>>>>>>>>>>>>>>>>>>>>>>>>>>>>>>>>>>>>>>>>>>>>>>
epoch: 44
Batch 0 completed in 0.26 seconds (0.00 minutes)
loss: 0.518164, val_acc: 39.46% (0.394598), val_f1: 36.26% (0.362624), test_acc: 40.99% (0.409865), test_f1: 37.49% (0.374914)
Epoch 44 completed in 23.68 seconds (0.39 minutes)
>>>>>>>>>>>>>>>>>>>>>>>>>>>>>>>>>>>>>>>>>>>>>>>>>>>>>>>>>>>>>>>>>>>>>>>>>>>>>>>>>>>>>>>>>>>>>>>>>>>>
epoch: 45
Batch 0 completed in 0.26 seconds (0.00 minutes)
loss: 0.650395, val_acc: 37.29% (0.372871), val_f1: 34.88% (0.348756), test_acc: 39.52% (0.395185), test_f1: 36.50% (0.364951)
Epoch 45 completed in 23.84 seconds (0.40 minutes)
>>>>>>>>>>>>>>>>>>>>>>>>>>>>>>>>>>>>>>>>>>>>>>>>>>>>>>>>>>>>>>>>>>>>>>>>>>>>>>>>>>>>>>>>>>>>>>>>>>>>
epoch: 46
Batch 0 completed in 0.26 seconds (0.00 minutes)
loss: 0.586942, val_acc: 38.17% (0.381679), val_f1: 36.39% (0.363865), test_acc: 38.58% (0.385790), test_f1: 35.96% (0.359566)
Epoch 46 completed in 23.88 seconds (0.40 minutes)
>>>>>>>>>>>>>>>>>>>>>>>>>>>>>>>>>>>>>>>>>>>>>>>>>>>>>>>>>>>>>>>>>>>>>>>>>>>>>>>>>>>>>>>>>>>>>>>>>>>>
epoch: 47
Batch 0 completed in 0.26 seconds (0.00 minutes)
loss: 0.525658, val_acc: 39.46% (0.394598), val_f1: 36.87% (0.368707), test_acc: 41.46% (0.414563), test_f1: 37.95% (0.379473)
Epoch 47 completed in 23.65 seconds (0.39 minutes)
>>>>>>>>>>>>>>>>>>>>>>>>>>>>>>>>>>>>>>>>>>>>>>>>>>>>>>>>>>>>>>>>>>>>>>>>>>>>>>>>>>>>>>>>>>>>>>>>>>>>
epoch: 48
Batch 0 completed in 0.26 seconds (0.00 minutes)
loss: 0.532845, val_acc: 41.51% (0.415150), val_f1: 35.13% (0.351274), test_acc: 42.10% (0.421022), test_f1: 35.05% (0.350531)
Epoch 48 completed in 23.62 seconds (0.39 minutes)
>>>>>>>>>>>>>>>>>>>>>>>>>>>>>>>>>>>>>>>>>>>>>>>>>>>>>>>>>>>>>>>>>>>>>>>>>>>>>>>>>>>>>>>>>>>>>>>>>>>>
epoch: 49
Batch 0 completed in 0.26 seconds (0.00 minutes)
loss: 0.500306, val_acc: 38.99% (0.389900), val_f1: 35.45% (0.354457), test_acc: 41.51% (0.415150), test_f1: 37.23% (0.372348)
Epoch 49 completed in 23.96 seconds (0.40 minutes)
>>>>>>>>>>>>>>>>>>>>>>>>>>>>>>>>>>>>>>>>>>>>>>>>>>>>>>>>>>>>>>>>>>>>>>>>>>>>>>>>>>>>>>>>>>>>>>>>>>>>
epoch: 50
Batch 0 completed in 0.26 seconds (0.00 minutes)
loss: 0.510348, val_acc: 39.28% (0.392836), val_f1: 35.69% (0.356884), test_acc: 40.22% (0.402231), test_f1: 36.08% (0.360766)
Epoch 50 completed in 24.03 seconds (0.40 minutes)
>>>>>>>>>>>>>>>>>>>>>>>>>>>>>>>>>>>>>>>>>>>>>>>>>>>>>>>>>>>>>>>>>>>>>>>>>>>>>>>>>>>>>>>>>>>>>>>>>>>>
epoch: 51
Batch 0 completed in 0.26 seconds (0.00 minutes)
loss: 0.488345, val_acc: 37.17% (0.371697), val_f1: 36.11% (0.361121), test_acc: 39.22% (0.392249), test_f1: 37.21% (0.372126)
Epoch 51 completed in 23.52 seconds (0.39 minutes)
>>>>>>>>>>>>>>>>>>>>>>>>>>>>>>>>>>>>>>>>>>>>>>>>>>>>>>>>>>>>>>>>>>>>>>>>>>>>>>>>>>>>>>>>>>>>>>>>>>>>
epoch: 52
Batch 0 completed in 0.26 seconds (0.00 minutes)
loss: 0.471866, val_acc: 41.46% (0.414563), val_f1: 35.29% (0.352858), test_acc: 42.69% (0.426894), test_f1: 35.74% (0.357368)
Epoch 52 completed in 23.72 seconds (0.40 minutes)
>>>>>>>>>>>>>>>>>>>>>>>>>>>>>>>>>>>>>>>>>>>>>>>>>>>>>>>>>>>>>>>>>>>>>>>>>>>>>>>>>>>>>>>>>>>>>>>>>>>>
epoch: 53
Batch 0 completed in 0.26 seconds (0.00 minutes)
loss: 0.605295, val_acc: 37.87% (0.378743), val_f1: 36.73% (0.367331), test_acc: 39.11% (0.391075), test_f1: 37.57% (0.375720)
Epoch 53 completed in 23.96 seconds (0.40 minutes)
>>>>>>>>>>>>>>>>>>>>>>>>>>>>>>>>>>>>>>>>>>>>>>>>>>>>>>>>>>>>>>>>>>>>>>>>>>>>>>>>>>>>>>>>>>>>>>>>>>>>
epoch: 54
Batch 0 completed in 0.26 seconds (0.00 minutes)
loss: 0.477948, val_acc: 40.16% (0.401644), val_f1: 36.45% (0.364466), test_acc: 41.75% (0.417499), test_f1: 37.15% (0.371498)
Epoch 54 completed in 23.72 seconds (0.40 minutes)
>>>>>>>>>>>>>>>>>>>>>>>>>>>>>>>>>>>>>>>>>>>>>>>>>>>>>>>>>>>>>>>>>>>>>>>>>>>>>>>>>>>>>>>>>>>>>>>>>>>>
epoch: 55
Batch 0 completed in 0.26 seconds (0.00 minutes)
loss: 0.491728, val_acc: 39.28% (0.392836), val_f1: 37.33% (0.373328), test_acc: 40.22% (0.402231), test_f1: 37.44% (0.374358)
Epoch 55 completed in 23.61 seconds (0.39 minutes)
>>>>>>>>>>>>>>>>>>>>>>>>>>>>>>>>>>>>>>>>>>>>>>>>>>>>>>>>>>>>>>>>>>>>>>>>>>>>>>>>>>>>>>>>>>>>>>>>>>>>
epoch: 56
Batch 0 completed in 0.26 seconds (0.00 minutes)
New best val_f1: 0.377811 (previous best: 0.377797)
loss: 0.498368, val_acc: 40.52% (0.405167), val_f1: 37.78% (0.377811), test_acc: 40.81% (0.408103), test_f1: 37.51% (0.375138)
Epoch 56 completed in 23.71 seconds (0.40 minutes)
>>>>>>>>>>>>>>>>>>>>>>>>>>>>>>>>>>>>>>>>>>>>>>>>>>>>>>>>>>>>>>>>>>>>>>>>>>>>>>>>>>>>>>>>>>>>>>>>>>>>
epoch: 57
Batch 0 completed in 0.26 seconds (0.00 minutes)
loss: 0.547299, val_acc: 39.34% (0.393423), val_f1: 35.82% (0.358226), test_acc: 39.93% (0.399295), test_f1: 36.11% (0.361149)
Epoch 57 completed in 23.94 seconds (0.40 minutes)
>>>>>>>>>>>>>>>>>>>>>>>>>>>>>>>>>>>>>>>>>>>>>>>>>>>>>>>>>>>>>>>>>>>>>>>>>>>>>>>>>>>>>>>>>>>>>>>>>>>>
epoch: 58
Batch 0 completed in 0.26 seconds (0.00 minutes)
loss: 0.435250, val_acc: 38.05% (0.380505), val_f1: 35.47% (0.354738), test_acc: 39.75% (0.397534), test_f1: 36.86% (0.368606)
Epoch 58 completed in 23.66 seconds (0.39 minutes)
>>>>>>>>>>>>>>>>>>>>>>>>>>>>>>>>>>>>>>>>>>>>>>>>>>>>>>>>>>>>>>>>>>>>>>>>>>>>>>>>>>>>>>>>>>>>>>>>>>>>
epoch: 59
Batch 0 completed in 0.26 seconds (0.00 minutes)
loss: 0.478379, val_acc: 40.63% (0.406342), val_f1: 36.18% (0.361761), test_acc: 41.81% (0.418086), test_f1: 36.92% (0.369179)
Epoch 59 completed in 23.56 seconds (0.39 minutes)
>>>>>>>>>>>>>>>>>>>>>>>>>>>>>>>>>>>>>>>>>>>>>>>>>>>>>>>>>>>>>>>>>>>>>>>>>>>>>>>>>>>>>>>>>>>>>>>>>>>>
epoch: 60
Batch 0 completed in 0.26 seconds (0.00 minutes)
loss: 0.506814, val_acc: 37.87% (0.378743), val_f1: 35.48% (0.354788), test_acc: 37.70% (0.376982), test_f1: 34.92% (0.349214)
Epoch 60 completed in 23.89 seconds (0.40 minutes)
>>>>>>>>>>>>>>>>>>>>>>>>>>>>>>>>>>>>>>>>>>>>>>>>>>>>>>>>>>>>>>>>>>>>>>>>>>>>>>>>>>>>>>>>>>>>>>>>>>>>
epoch: 61
Batch 0 completed in 0.26 seconds (0.00 minutes)
loss: 0.588011, val_acc: 38.34% (0.383441), val_f1: 35.91% (0.359148), test_acc: 42.22% (0.422196), test_f1: 39.53% (0.395283)
Epoch 61 completed in 23.97 seconds (0.40 minutes)
>>>>>>>>>>>>>>>>>>>>>>>>>>>>>>>>>>>>>>>>>>>>>>>>>>>>>>>>>>>>>>>>>>>>>>>>>>>>>>>>>>>>>>>>>>>>>>>>>>>>
epoch: 62
Batch 0 completed in 0.26 seconds (0.00 minutes)
loss: 0.503266, val_acc: 39.87% (0.398708), val_f1: 36.66% (0.366606), test_acc: 40.46% (0.404580), test_f1: 36.41% (0.364121)
Epoch 62 completed in 23.54 seconds (0.39 minutes)
>>>>>>>>>>>>>>>>>>>>>>>>>>>>>>>>>>>>>>>>>>>>>>>>>>>>>>>>>>>>>>>>>>>>>>>>>>>>>>>>>>>>>>>>>>>>>>>>>>>>
epoch: 63
Batch 0 completed in 0.26 seconds (0.00 minutes)
loss: 0.393253, val_acc: 39.52% (0.395185), val_f1: 35.96% (0.359586), test_acc: 41.87% (0.418673), test_f1: 37.72% (0.377204)
Epoch 63 completed in 23.68 seconds (0.39 minutes)
>>>>>>>>>>>>>>>>>>>>>>>>>>>>>>>>>>>>>>>>>>>>>>>>>>>>>>>>>>>>>>>>>>>>>>>>>>>>>>>>>>>>>>>>>>>>>>>>>>>>
epoch: 64
Batch 0 completed in 0.26 seconds (0.00 minutes)
loss: 0.447575, val_acc: 37.99% (0.379918), val_f1: 35.74% (0.357409), test_acc: 40.93% (0.409278), test_f1: 37.87% (0.378745)
Epoch 64 completed in 23.93 seconds (0.40 minutes)
>>>>>>>>>>>>>>>>>>>>>>>>>>>>>>>>>>>>>>>>>>>>>>>>>>>>>>>>>>>>>>>>>>>>>>>>>>>>>>>>>>>>>>>>>>>>>>>>>>>>
epoch: 65
Batch 0 completed in 0.26 seconds (0.00 minutes)
loss: 0.451500, val_acc: 37.93% (0.379331), val_f1: 36.38% (0.363832), test_acc: 39.81% (0.398121), test_f1: 38.08% (0.380823)
Epoch 65 completed in 23.71 seconds (0.40 minutes)
>>>>>>>>>>>>>>>>>>>>>>>>>>>>>>>>>>>>>>>>>>>>>>>>>>>>>>>>>>>>>>>>>>>>>>>>>>>>>>>>>>>>>>>>>>>>>>>>>>>>
epoch: 66
Batch 0 completed in 0.26 seconds (0.00 minutes)
loss: 0.490745, val_acc: 40.99% (0.409865), val_f1: 36.61% (0.366083), test_acc: 42.10% (0.421022), test_f1: 37.08% (0.370805)
Epoch 66 completed in 23.61 seconds (0.39 minutes)
>>>>>>>>>>>>>>>>>>>>>>>>>>>>>>>>>>>>>>>>>>>>>>>>>>>>>>>>>>>>>>>>>>>>>>>>>>>>>>>>>>>>>>>>>>>>>>>>>>>>
epoch: 67
Batch 0 completed in 0.26 seconds (0.00 minutes)
loss: 0.491152, val_acc: 39.34% (0.393423), val_f1: 37.44% (0.374415), test_acc: 38.81% (0.388139), test_f1: 36.14% (0.361382)
Epoch 67 completed in 23.76 seconds (0.40 minutes)
>>>>>>>>>>>>>>>>>>>>>>>>>>>>>>>>>>>>>>>>>>>>>>>>>>>>>>>>>>>>>>>>>>>>>>>>>>>>>>>>>>>>>>>>>>>>>>>>>>>>
epoch: 68
Batch 0 completed in 0.26 seconds (0.00 minutes)
loss: 0.438216, val_acc: 37.17% (0.371697), val_f1: 35.39% (0.353852), test_acc: 39.17% (0.391662), test_f1: 37.31% (0.373104)
Epoch 68 completed in 23.94 seconds (0.40 minutes)
>>>>>>>>>>>>>>>>>>>>>>>>>>>>>>>>>>>>>>>>>>>>>>>>>>>>>>>>>>>>>>>>>>>>>>>>>>>>>>>>>>>>>>>>>>>>>>>>>>>>
epoch: 69
Batch 0 completed in 0.26 seconds (0.00 minutes)
loss: 0.481669, val_acc: 39.93% (0.399295), val_f1: 36.02% (0.360171), test_acc: 41.28% (0.412801), test_f1: 37.05% (0.370521)
Epoch 69 completed in 23.61 seconds (0.39 minutes)
RESULT: Max Val F1: 0.377811, Max Test F1: 0.375138
Training complete. Generating confusion matrix on the test set.
Confusion matrix saved to /home/rgg2706/Multimodal-Sentiment-Analysis/Logs/DMLAN/2025-02-04/sub-4/004_Feb-04-2025_01:49_PM/confusion_matrix.png
Reading TensorBoard loss at each epoch:
Available tags: {'images': [], 'audio': [], 'histograms': [], 'scalars': ['Loss/train', 'Loss/val'], 'distributions': [], 'tensors': [], 'graph': False, 'meta_graph': False, 'run_metadata': []}
Output File: /home/rgg2706/Multimodal-Sentiment-Analysis/Logs/DMLAN/2025-02-04/sub-4/004_Feb-04-2025_01:49_PM/trainval_loss_curves.png
Training and validation loss curves saved to /home/rgg2706/Multimodal-Sentiment-Analysis/Logs/DMLAN/2025-02-04/sub-4/004_Feb-04-2025_01:49_PM/trainval_loss_curves.png
Total Completion Time: 30.01 minutes. (0.50 hours) 
