> training arguments:
>>> rand_seed: 8
>>> model_name: cmhafusion
>>> dataset: mvsa-mts
>>> optimizer: <class 'torch.optim.adam.Adam'>
>>> initializer: <function xavier_uniform_ at 0x7f650aa7a980>
>>> learning_rate: 0.001
>>> dropout_rate: 0.5
>>> num_epoch: 10
>>> batch_size: 64
>>> log_step: 10
>>> max_seq_len: 64
>>> polarities_dim: 3
>>> clip_grad: 5.0
>>> path_image: ./Datasets/MVSA-MTS/images-indexed
>>> crop_size: 224
>>> roberta_text_feature_dim: 768
>>> roberta_topic_feature_dim: 50
>>> resnet_feature_dim: 2048
>>> densenet_feature_dim: 1024
>>> common_dim: 512
>>> num_classes: 3
>>> model_class: <class 'models.cmhafusion.CMHAFUSION'>
Preparing mvsa-mts dataset...
-------------- Loading Datasets/MVSA-MTS/mvsa-mts/train.tsv ---------------
Time taken to load Datasets/MVSA-MTS/mvsa-mts/train.tsv: 131.20 seconds (2.19 minutes)
The number of problematic samples: 402
-------------- Loading Datasets/MVSA-MTS/mvsa-mts/val.tsv ---------------
Time taken to load Datasets/MVSA-MTS/mvsa-mts/val.tsv: 30.08 seconds (0.50 minutes)
The number of problematic samples: 136
-------------- Loading Datasets/MVSA-MTS/mvsa-mts/test.tsv ---------------
Time taken to load Datasets/MVSA-MTS/mvsa-mts/test.tsv: 65.85 seconds (1.10 minutes)
The number of problematic samples: 142
Total Training Samples: 19600
Number of Training Samples: 11760
Number of Development Samples: 3920
Number of Test Samples: 3920
Number of unique sentiment classes: 3
building model
n_trainable_params: 5228035, n_nontrainable_params: 0
>>>>>>>>>>>>>>>>>>>>>>>>>>>>>>>>>>>>>>>>>>>>>>>>>>>>>>>>>>>>>>>>>>>>>>>>>>>>>>>>>>>>>>>>>>>>>>>>>>>>
epoch: 0
input_ids_text device: cuda:0
Batch 0 completed in 1.85 seconds (0.03 minutes)
max_dev_f1: 0, max_test_f1: 0
loss: 1.118587, dev_acc: 52.91% (0.529082), dev_f1: 23.07% (0.230675), test_acc: 53.78% (0.537755), test_f1: 23.31% (0.233134)
input_ids_text device: cuda:0
input_ids_text device: cuda:0
input_ids_text device: cuda:0
input_ids_text device: cuda:0
input_ids_text device: cuda:0
input_ids_text device: cuda:0
input_ids_text device: cuda:0
input_ids_text device: cuda:0
input_ids_text device: cuda:0
input_ids_text device: cuda:0
Batch 10 completed in 0.57 seconds (0.01 minutes)
loss: 1.113945, dev_acc: 40.15% (0.401531), dev_f1: 19.10% (0.190996), test_acc: 38.78% (0.387755), test_f1: 18.63% (0.186275)
input_ids_text device: cuda:0
input_ids_text device: cuda:0
input_ids_text device: cuda:0
input_ids_text device: cuda:0
input_ids_text device: cuda:0
input_ids_text device: cuda:0
input_ids_text device: cuda:0
input_ids_text device: cuda:0
input_ids_text device: cuda:0
input_ids_text device: cuda:0
Batch 20 completed in 0.57 seconds (0.01 minutes)
loss: 1.145195, dev_acc: 40.15% (0.401531), dev_f1: 19.10% (0.190996), test_acc: 38.78% (0.387755), test_f1: 18.63% (0.186275)
input_ids_text device: cuda:0
input_ids_text device: cuda:0
input_ids_text device: cuda:0
input_ids_text device: cuda:0
input_ids_text device: cuda:0
input_ids_text device: cuda:0
input_ids_text device: cuda:0
input_ids_text device: cuda:0
input_ids_text device: cuda:0
input_ids_text device: cuda:0
Batch 30 completed in 0.58 seconds (0.01 minutes)
loss: 1.082695, dev_acc: 40.15% (0.401531), dev_f1: 19.10% (0.190996), test_acc: 38.78% (0.387755), test_f1: 18.63% (0.186275)
input_ids_text device: cuda:0
input_ids_text device: cuda:0
input_ids_text device: cuda:0
input_ids_text device: cuda:0
input_ids_text device: cuda:0
input_ids_text device: cuda:0
input_ids_text device: cuda:0
input_ids_text device: cuda:0
input_ids_text device: cuda:0
input_ids_text device: cuda:0
Batch 40 completed in 0.57 seconds (0.01 minutes)
loss: 1.129570, dev_acc: 40.15% (0.401531), dev_f1: 19.10% (0.190996), test_acc: 38.78% (0.387755), test_f1: 18.63% (0.186275)
input_ids_text device: cuda:0
input_ids_text device: cuda:0
input_ids_text device: cuda:0
input_ids_text device: cuda:0
input_ids_text device: cuda:0
input_ids_text device: cuda:0
input_ids_text device: cuda:0
input_ids_text device: cuda:0
input_ids_text device: cuda:0
input_ids_text device: cuda:0
Batch 50 completed in 0.58 seconds (0.01 minutes)
loss: 1.176445, dev_acc: 40.15% (0.401531), dev_f1: 19.10% (0.190996), test_acc: 38.78% (0.387755), test_f1: 18.63% (0.186275)
input_ids_text device: cuda:0
input_ids_text device: cuda:0
input_ids_text device: cuda:0
input_ids_text device: cuda:0
input_ids_text device: cuda:0
input_ids_text device: cuda:0
input_ids_text device: cuda:0
input_ids_text device: cuda:0
input_ids_text device: cuda:0
input_ids_text device: cuda:0
Batch 60 completed in 0.58 seconds (0.01 minutes)
loss: 1.098320, dev_acc: 40.15% (0.401531), dev_f1: 19.10% (0.190996), test_acc: 38.78% (0.387755), test_f1: 18.63% (0.186275)
input_ids_text device: cuda:0
input_ids_text device: cuda:0
input_ids_text device: cuda:0
input_ids_text device: cuda:0
input_ids_text device: cuda:0
input_ids_text device: cuda:0
input_ids_text device: cuda:0
input_ids_text device: cuda:0
input_ids_text device: cuda:0
input_ids_text device: cuda:0
Batch 70 completed in 0.57 seconds (0.01 minutes)
loss: 1.207695, dev_acc: 40.15% (0.401531), dev_f1: 19.10% (0.190996), test_acc: 38.78% (0.387755), test_f1: 18.63% (0.186275)
input_ids_text device: cuda:0
input_ids_text device: cuda:0
input_ids_text device: cuda:0
input_ids_text device: cuda:0
input_ids_text device: cuda:0
input_ids_text device: cuda:0
input_ids_text device: cuda:0
input_ids_text device: cuda:0
input_ids_text device: cuda:0
input_ids_text device: cuda:0
Batch 80 completed in 0.58 seconds (0.01 minutes)
loss: 1.067070, dev_acc: 40.15% (0.401531), dev_f1: 19.10% (0.190996), test_acc: 38.78% (0.387755), test_f1: 18.63% (0.186275)
input_ids_text device: cuda:0
input_ids_text device: cuda:0
input_ids_text device: cuda:0
input_ids_text device: cuda:0
input_ids_text device: cuda:0
input_ids_text device: cuda:0
input_ids_text device: cuda:0
input_ids_text device: cuda:0
input_ids_text device: cuda:0
input_ids_text device: cuda:0
Batch 90 completed in 0.58 seconds (0.01 minutes)
loss: 0.973320, dev_acc: 40.15% (0.401531), dev_f1: 19.10% (0.190996), test_acc: 38.78% (0.387755), test_f1: 18.63% (0.186275)
input_ids_text device: cuda:0
input_ids_text device: cuda:0
input_ids_text device: cuda:0
input_ids_text device: cuda:0
input_ids_text device: cuda:0
input_ids_text device: cuda:0
input_ids_text device: cuda:0
input_ids_text device: cuda:0
input_ids_text device: cuda:0
input_ids_text device: cuda:0
Batch 100 completed in 0.57 seconds (0.01 minutes)
loss: 1.082695, dev_acc: 40.15% (0.401531), dev_f1: 19.10% (0.190996), test_acc: 38.78% (0.387755), test_f1: 18.63% (0.186275)
input_ids_text device: cuda:0
input_ids_text device: cuda:0
input_ids_text device: cuda:0
input_ids_text device: cuda:0
input_ids_text device: cuda:0
input_ids_text device: cuda:0
input_ids_text device: cuda:0
input_ids_text device: cuda:0
input_ids_text device: cuda:0
input_ids_text device: cuda:0
Batch 110 completed in 0.57 seconds (0.01 minutes)
loss: 1.192070, dev_acc: 40.15% (0.401531), dev_f1: 19.10% (0.190996), test_acc: 38.78% (0.387755), test_f1: 18.63% (0.186275)
input_ids_text device: cuda:0
input_ids_text device: cuda:0
input_ids_text device: cuda:0
input_ids_text device: cuda:0
input_ids_text device: cuda:0
input_ids_text device: cuda:0
input_ids_text device: cuda:0
input_ids_text device: cuda:0
input_ids_text device: cuda:0
input_ids_text device: cuda:0
Batch 120 completed in 0.58 seconds (0.01 minutes)
loss: 1.067070, dev_acc: 40.15% (0.401531), dev_f1: 19.10% (0.190996), test_acc: 38.78% (0.387755), test_f1: 18.63% (0.186275)
input_ids_text device: cuda:0
input_ids_text device: cuda:0
input_ids_text device: cuda:0
input_ids_text device: cuda:0
input_ids_text device: cuda:0
input_ids_text device: cuda:0
input_ids_text device: cuda:0
input_ids_text device: cuda:0
input_ids_text device: cuda:0
input_ids_text device: cuda:0
Batch 130 completed in 0.57 seconds (0.01 minutes)
loss: 1.223320, dev_acc: 40.15% (0.401531), dev_f1: 19.10% (0.190996), test_acc: 38.78% (0.387755), test_f1: 18.63% (0.186275)
input_ids_text device: cuda:0
input_ids_text device: cuda:0
input_ids_text device: cuda:0
input_ids_text device: cuda:0
input_ids_text device: cuda:0
input_ids_text device: cuda:0
input_ids_text device: cuda:0
input_ids_text device: cuda:0
input_ids_text device: cuda:0
input_ids_text device: cuda:0
Batch 140 completed in 0.57 seconds (0.01 minutes)
loss: 1.113945, dev_acc: 40.15% (0.401531), dev_f1: 19.10% (0.190996), test_acc: 38.78% (0.387755), test_f1: 18.63% (0.186275)
input_ids_text device: cuda:0
input_ids_text device: cuda:0
input_ids_text device: cuda:0
input_ids_text device: cuda:0
input_ids_text device: cuda:0
input_ids_text device: cuda:0
input_ids_text device: cuda:0
input_ids_text device: cuda:0
input_ids_text device: cuda:0
input_ids_text device: cuda:0
Batch 150 completed in 0.57 seconds (0.01 minutes)
loss: 1.145195, dev_acc: 40.15% (0.401531), dev_f1: 19.10% (0.190996), test_acc: 38.78% (0.387755), test_f1: 18.63% (0.186275)
input_ids_text device: cuda:0
input_ids_text device: cuda:0
input_ids_text device: cuda:0
input_ids_text device: cuda:0
input_ids_text device: cuda:0
input_ids_text device: cuda:0
input_ids_text device: cuda:0
input_ids_text device: cuda:0
input_ids_text device: cuda:0
input_ids_text device: cuda:0
Batch 160 completed in 0.57 seconds (0.01 minutes)
loss: 1.301445, dev_acc: 40.15% (0.401531), dev_f1: 19.10% (0.190996), test_acc: 38.78% (0.387755), test_f1: 18.63% (0.186275)
input_ids_text device: cuda:0
input_ids_text device: cuda:0
input_ids_text device: cuda:0
input_ids_text device: cuda:0
input_ids_text device: cuda:0
input_ids_text device: cuda:0
input_ids_text device: cuda:0
input_ids_text device: cuda:0
input_ids_text device: cuda:0
input_ids_text device: cuda:0
Batch 170 completed in 0.58 seconds (0.01 minutes)
loss: 1.192070, dev_acc: 40.15% (0.401531), dev_f1: 19.10% (0.190996), test_acc: 38.78% (0.387755), test_f1: 18.63% (0.186275)
input_ids_text device: cuda:0
input_ids_text device: cuda:0
input_ids_text device: cuda:0
input_ids_text device: cuda:0
input_ids_text device: cuda:0
input_ids_text device: cuda:0
input_ids_text device: cuda:0
input_ids_text device: cuda:0
input_ids_text device: cuda:0
input_ids_text device: cuda:0
Batch 180 completed in 0.57 seconds (0.01 minutes)
loss: 1.254570, dev_acc: 40.15% (0.401531), dev_f1: 19.10% (0.190996), test_acc: 38.78% (0.387755), test_f1: 18.63% (0.186275)
input_ids_text device: cuda:0
input_ids_text device: cuda:0
input_ids_text device: cuda:0
Epoch 0 completed in 605.23 seconds (10.09 minutes)
>>>>>>>>>>>>>>>>>>>>>>>>>>>>>>>>>>>>>>>>>>>>>>>>>>>>>>>>>>>>>>>>>>>>>>>>>>>>>>>>>>>>>>>>>>>>>>>>>>>>
epoch: 1
input_ids_text device: cuda:0
Batch 0 completed in 0.57 seconds (0.01 minutes)
loss: 1.160820, dev_acc: 40.15% (0.401531), dev_f1: 19.10% (0.190996), test_acc: 38.78% (0.387755), test_f1: 18.63% (0.186275)
input_ids_text device: cuda:0
input_ids_text device: cuda:0
input_ids_text device: cuda:0
input_ids_text device: cuda:0
input_ids_text device: cuda:0
input_ids_text device: cuda:0
input_ids_text device: cuda:0
input_ids_text device: cuda:0
input_ids_text device: cuda:0
input_ids_text device: cuda:0
Batch 10 completed in 0.58 seconds (0.01 minutes)
loss: 1.270195, dev_acc: 40.15% (0.401531), dev_f1: 19.10% (0.190996), test_acc: 38.78% (0.387755), test_f1: 18.63% (0.186275)
input_ids_text device: cuda:0
input_ids_text device: cuda:0
input_ids_text device: cuda:0
input_ids_text device: cuda:0
input_ids_text device: cuda:0
input_ids_text device: cuda:0
input_ids_text device: cuda:0
input_ids_text device: cuda:0
input_ids_text device: cuda:0
input_ids_text device: cuda:0
Batch 20 completed in 0.57 seconds (0.01 minutes)
loss: 1.301445, dev_acc: 40.15% (0.401531), dev_f1: 19.10% (0.190996), test_acc: 38.78% (0.387755), test_f1: 18.63% (0.186275)
input_ids_text device: cuda:0
input_ids_text device: cuda:0
input_ids_text device: cuda:0
input_ids_text device: cuda:0
input_ids_text device: cuda:0
input_ids_text device: cuda:0
input_ids_text device: cuda:0
input_ids_text device: cuda:0
input_ids_text device: cuda:0
input_ids_text device: cuda:0
Batch 30 completed in 0.57 seconds (0.01 minutes)
loss: 1.160820, dev_acc: 40.15% (0.401531), dev_f1: 19.10% (0.190996), test_acc: 38.78% (0.387755), test_f1: 18.63% (0.186275)
input_ids_text device: cuda:0
input_ids_text device: cuda:0
input_ids_text device: cuda:0
input_ids_text device: cuda:0
input_ids_text device: cuda:0
input_ids_text device: cuda:0
input_ids_text device: cuda:0
input_ids_text device: cuda:0
input_ids_text device: cuda:0
input_ids_text device: cuda:0
Batch 40 completed in 0.57 seconds (0.01 minutes)
loss: 1.160820, dev_acc: 40.15% (0.401531), dev_f1: 19.10% (0.190996), test_acc: 38.78% (0.387755), test_f1: 18.63% (0.186275)
input_ids_text device: cuda:0
input_ids_text device: cuda:0
input_ids_text device: cuda:0
input_ids_text device: cuda:0
input_ids_text device: cuda:0
input_ids_text device: cuda:0
input_ids_text device: cuda:0
input_ids_text device: cuda:0
input_ids_text device: cuda:0
input_ids_text device: cuda:0
Batch 50 completed in 0.57 seconds (0.01 minutes)
loss: 1.160820, dev_acc: 40.15% (0.401531), dev_f1: 19.10% (0.190996), test_acc: 38.78% (0.387755), test_f1: 18.63% (0.186275)
input_ids_text device: cuda:0
input_ids_text device: cuda:0
input_ids_text device: cuda:0
input_ids_text device: cuda:0
input_ids_text device: cuda:0
input_ids_text device: cuda:0
input_ids_text device: cuda:0
input_ids_text device: cuda:0
input_ids_text device: cuda:0
input_ids_text device: cuda:0
Batch 60 completed in 0.59 seconds (0.01 minutes)
loss: 1.207695, dev_acc: 40.15% (0.401531), dev_f1: 19.10% (0.190996), test_acc: 38.78% (0.387755), test_f1: 18.63% (0.186275)
input_ids_text device: cuda:0
input_ids_text device: cuda:0
input_ids_text device: cuda:0
input_ids_text device: cuda:0
input_ids_text device: cuda:0
input_ids_text device: cuda:0
input_ids_text device: cuda:0
input_ids_text device: cuda:0
input_ids_text device: cuda:0
input_ids_text device: cuda:0
Batch 70 completed in 0.57 seconds (0.01 minutes)
loss: 1.238945, dev_acc: 40.15% (0.401531), dev_f1: 19.10% (0.190996), test_acc: 38.78% (0.387755), test_f1: 18.63% (0.186275)
input_ids_text device: cuda:0
input_ids_text device: cuda:0
input_ids_text device: cuda:0
input_ids_text device: cuda:0
input_ids_text device: cuda:0
input_ids_text device: cuda:0
input_ids_text device: cuda:0
input_ids_text device: cuda:0
input_ids_text device: cuda:0
input_ids_text device: cuda:0
Batch 80 completed in 0.57 seconds (0.01 minutes)
loss: 1.067070, dev_acc: 40.15% (0.401531), dev_f1: 19.10% (0.190996), test_acc: 38.78% (0.387755), test_f1: 18.63% (0.186275)
input_ids_text device: cuda:0
input_ids_text device: cuda:0
input_ids_text device: cuda:0
input_ids_text device: cuda:0
input_ids_text device: cuda:0
input_ids_text device: cuda:0
input_ids_text device: cuda:0
input_ids_text device: cuda:0
input_ids_text device: cuda:0
input_ids_text device: cuda:0
Batch 90 completed in 0.57 seconds (0.01 minutes)
loss: 1.098320, dev_acc: 40.15% (0.401531), dev_f1: 19.10% (0.190996), test_acc: 38.78% (0.387755), test_f1: 18.63% (0.186275)
input_ids_text device: cuda:0
input_ids_text device: cuda:0
input_ids_text device: cuda:0
input_ids_text device: cuda:0
input_ids_text device: cuda:0
input_ids_text device: cuda:0
input_ids_text device: cuda:0
input_ids_text device: cuda:0
input_ids_text device: cuda:0
input_ids_text device: cuda:0
Batch 100 completed in 0.58 seconds (0.01 minutes)
loss: 1.238945, dev_acc: 40.15% (0.401531), dev_f1: 19.10% (0.190996), test_acc: 38.78% (0.387755), test_f1: 18.63% (0.186275)
input_ids_text device: cuda:0
input_ids_text device: cuda:0
input_ids_text device: cuda:0
input_ids_text device: cuda:0
input_ids_text device: cuda:0
input_ids_text device: cuda:0
input_ids_text device: cuda:0
input_ids_text device: cuda:0
input_ids_text device: cuda:0
input_ids_text device: cuda:0
Batch 110 completed in 0.57 seconds (0.01 minutes)
loss: 1.067070, dev_acc: 40.15% (0.401531), dev_f1: 19.10% (0.190996), test_acc: 38.78% (0.387755), test_f1: 18.63% (0.186275)
input_ids_text device: cuda:0
input_ids_text device: cuda:0
input_ids_text device: cuda:0
input_ids_text device: cuda:0
input_ids_text device: cuda:0
input_ids_text device: cuda:0
input_ids_text device: cuda:0
input_ids_text device: cuda:0
input_ids_text device: cuda:0
input_ids_text device: cuda:0
Batch 120 completed in 0.57 seconds (0.01 minutes)
loss: 1.113945, dev_acc: 40.15% (0.401531), dev_f1: 19.10% (0.190996), test_acc: 38.78% (0.387755), test_f1: 18.63% (0.186275)
input_ids_text device: cuda:0
input_ids_text device: cuda:0
input_ids_text device: cuda:0
input_ids_text device: cuda:0
input_ids_text device: cuda:0
input_ids_text device: cuda:0
input_ids_text device: cuda:0
input_ids_text device: cuda:0
input_ids_text device: cuda:0
input_ids_text device: cuda:0
Batch 130 completed in 0.57 seconds (0.01 minutes)
loss: 1.145195, dev_acc: 40.15% (0.401531), dev_f1: 19.10% (0.190996), test_acc: 38.78% (0.387755), test_f1: 18.63% (0.186275)
input_ids_text device: cuda:0
input_ids_text device: cuda:0
input_ids_text device: cuda:0
input_ids_text device: cuda:0
input_ids_text device: cuda:0
input_ids_text device: cuda:0
input_ids_text device: cuda:0
input_ids_text device: cuda:0
input_ids_text device: cuda:0
input_ids_text device: cuda:0
Batch 140 completed in 0.58 seconds (0.01 minutes)
loss: 1.160820, dev_acc: 40.15% (0.401531), dev_f1: 19.10% (0.190996), test_acc: 38.78% (0.387755), test_f1: 18.63% (0.186275)
input_ids_text device: cuda:0
input_ids_text device: cuda:0
input_ids_text device: cuda:0
input_ids_text device: cuda:0
input_ids_text device: cuda:0
input_ids_text device: cuda:0
input_ids_text device: cuda:0
input_ids_text device: cuda:0
input_ids_text device: cuda:0
input_ids_text device: cuda:0
Batch 150 completed in 0.57 seconds (0.01 minutes)
loss: 1.020195, dev_acc: 40.15% (0.401531), dev_f1: 19.10% (0.190996), test_acc: 38.78% (0.387755), test_f1: 18.63% (0.186275)
input_ids_text device: cuda:0
input_ids_text device: cuda:0
input_ids_text device: cuda:0
input_ids_text device: cuda:0
input_ids_text device: cuda:0
input_ids_text device: cuda:0
input_ids_text device: cuda:0
input_ids_text device: cuda:0
input_ids_text device: cuda:0
input_ids_text device: cuda:0
Batch 160 completed in 0.57 seconds (0.01 minutes)
loss: 1.098320, dev_acc: 40.15% (0.401531), dev_f1: 19.10% (0.190996), test_acc: 38.78% (0.387755), test_f1: 18.63% (0.186275)
input_ids_text device: cuda:0
input_ids_text device: cuda:0
input_ids_text device: cuda:0
input_ids_text device: cuda:0
input_ids_text device: cuda:0
input_ids_text device: cuda:0
input_ids_text device: cuda:0
input_ids_text device: cuda:0
input_ids_text device: cuda:0
input_ids_text device: cuda:0
Batch 170 completed in 0.57 seconds (0.01 minutes)
loss: 1.098320, dev_acc: 40.15% (0.401531), dev_f1: 19.10% (0.190996), test_acc: 38.78% (0.387755), test_f1: 18.63% (0.186275)
input_ids_text device: cuda:0
input_ids_text device: cuda:0
input_ids_text device: cuda:0
input_ids_text device: cuda:0
input_ids_text device: cuda:0
input_ids_text device: cuda:0
input_ids_text device: cuda:0
input_ids_text device: cuda:0
input_ids_text device: cuda:0
input_ids_text device: cuda:0
Batch 180 completed in 0.57 seconds (0.01 minutes)
loss: 1.160820, dev_acc: 40.15% (0.401531), dev_f1: 19.10% (0.190996), test_acc: 38.78% (0.387755), test_f1: 18.63% (0.186275)
input_ids_text device: cuda:0
input_ids_text device: cuda:0
input_ids_text device: cuda:0
Epoch 1 completed in 605.40 seconds (10.09 minutes)
>>>>>>>>>>>>>>>>>>>>>>>>>>>>>>>>>>>>>>>>>>>>>>>>>>>>>>>>>>>>>>>>>>>>>>>>>>>>>>>>>>>>>>>>>>>>>>>>>>>>
epoch: 2
input_ids_text device: cuda:0
Batch 0 completed in 0.57 seconds (0.01 minutes)
loss: 1.223320, dev_acc: 40.15% (0.401531), dev_f1: 19.10% (0.190996), test_acc: 38.78% (0.387755), test_f1: 18.63% (0.186275)
input_ids_text device: cuda:0
input_ids_text device: cuda:0
input_ids_text device: cuda:0
input_ids_text device: cuda:0
input_ids_text device: cuda:0
input_ids_text device: cuda:0
input_ids_text device: cuda:0
input_ids_text device: cuda:0
input_ids_text device: cuda:0
input_ids_text device: cuda:0
Batch 10 completed in 0.58 seconds (0.01 minutes)
loss: 1.207695, dev_acc: 40.15% (0.401531), dev_f1: 19.10% (0.190996), test_acc: 38.78% (0.387755), test_f1: 18.63% (0.186275)
input_ids_text device: cuda:0
input_ids_text device: cuda:0
input_ids_text device: cuda:0
input_ids_text device: cuda:0
input_ids_text device: cuda:0
input_ids_text device: cuda:0
input_ids_text device: cuda:0
input_ids_text device: cuda:0
input_ids_text device: cuda:0
input_ids_text device: cuda:0
Batch 20 completed in 0.58 seconds (0.01 minutes)
loss: 1.207695, dev_acc: 40.15% (0.401531), dev_f1: 19.10% (0.190996), test_acc: 38.78% (0.387755), test_f1: 18.63% (0.186275)
input_ids_text device: cuda:0
input_ids_text device: cuda:0
input_ids_text device: cuda:0
input_ids_text device: cuda:0
input_ids_text device: cuda:0
input_ids_text device: cuda:0
input_ids_text device: cuda:0
input_ids_text device: cuda:0
input_ids_text device: cuda:0
input_ids_text device: cuda:0
Batch 30 completed in 0.58 seconds (0.01 minutes)
loss: 1.223320, dev_acc: 40.15% (0.401531), dev_f1: 19.10% (0.190996), test_acc: 38.78% (0.387755), test_f1: 18.63% (0.186275)
input_ids_text device: cuda:0
input_ids_text device: cuda:0
input_ids_text device: cuda:0
input_ids_text device: cuda:0
input_ids_text device: cuda:0
input_ids_text device: cuda:0
input_ids_text device: cuda:0
input_ids_text device: cuda:0
input_ids_text device: cuda:0
input_ids_text device: cuda:0
Batch 40 completed in 0.58 seconds (0.01 minutes)
loss: 1.145195, dev_acc: 40.15% (0.401531), dev_f1: 19.10% (0.190996), test_acc: 38.78% (0.387755), test_f1: 18.63% (0.186275)
input_ids_text device: cuda:0
input_ids_text device: cuda:0
input_ids_text device: cuda:0
input_ids_text device: cuda:0
input_ids_text device: cuda:0
input_ids_text device: cuda:0
input_ids_text device: cuda:0
input_ids_text device: cuda:0
input_ids_text device: cuda:0
input_ids_text device: cuda:0
Batch 50 completed in 0.57 seconds (0.01 minutes)
loss: 1.192070, dev_acc: 40.15% (0.401531), dev_f1: 19.10% (0.190996), test_acc: 38.78% (0.387755), test_f1: 18.63% (0.186275)
input_ids_text device: cuda:0
input_ids_text device: cuda:0
input_ids_text device: cuda:0
input_ids_text device: cuda:0
input_ids_text device: cuda:0
input_ids_text device: cuda:0
input_ids_text device: cuda:0
input_ids_text device: cuda:0
input_ids_text device: cuda:0
input_ids_text device: cuda:0
Batch 60 completed in 0.57 seconds (0.01 minutes)
loss: 1.176445, dev_acc: 40.15% (0.401531), dev_f1: 19.10% (0.190996), test_acc: 38.78% (0.387755), test_f1: 18.63% (0.186275)
input_ids_text device: cuda:0
input_ids_text device: cuda:0
input_ids_text device: cuda:0
input_ids_text device: cuda:0
input_ids_text device: cuda:0
input_ids_text device: cuda:0
input_ids_text device: cuda:0
input_ids_text device: cuda:0
input_ids_text device: cuda:0
input_ids_text device: cuda:0
Batch 70 completed in 0.58 seconds (0.01 minutes)
loss: 1.238945, dev_acc: 40.15% (0.401531), dev_f1: 19.10% (0.190996), test_acc: 38.78% (0.387755), test_f1: 18.63% (0.186275)
input_ids_text device: cuda:0
input_ids_text device: cuda:0
input_ids_text device: cuda:0
input_ids_text device: cuda:0
input_ids_text device: cuda:0
input_ids_text device: cuda:0
input_ids_text device: cuda:0
input_ids_text device: cuda:0
input_ids_text device: cuda:0
input_ids_text device: cuda:0
Batch 80 completed in 0.57 seconds (0.01 minutes)
loss: 1.129570, dev_acc: 40.15% (0.401531), dev_f1: 19.10% (0.190996), test_acc: 38.78% (0.387755), test_f1: 18.63% (0.186275)
input_ids_text device: cuda:0
input_ids_text device: cuda:0
input_ids_text device: cuda:0
input_ids_text device: cuda:0
input_ids_text device: cuda:0
input_ids_text device: cuda:0
input_ids_text device: cuda:0
input_ids_text device: cuda:0
input_ids_text device: cuda:0
input_ids_text device: cuda:0
Batch 90 completed in 0.57 seconds (0.01 minutes)
loss: 1.051445, dev_acc: 40.15% (0.401531), dev_f1: 19.10% (0.190996), test_acc: 38.78% (0.387755), test_f1: 18.63% (0.186275)
input_ids_text device: cuda:0
input_ids_text device: cuda:0
input_ids_text device: cuda:0
input_ids_text device: cuda:0
input_ids_text device: cuda:0
input_ids_text device: cuda:0
input_ids_text device: cuda:0
input_ids_text device: cuda:0
input_ids_text device: cuda:0
input_ids_text device: cuda:0
Batch 100 completed in 0.58 seconds (0.01 minutes)
loss: 1.270195, dev_acc: 40.15% (0.401531), dev_f1: 19.10% (0.190996), test_acc: 38.78% (0.387755), test_f1: 18.63% (0.186275)
input_ids_text device: cuda:0
input_ids_text device: cuda:0
input_ids_text device: cuda:0
input_ids_text device: cuda:0
input_ids_text device: cuda:0
input_ids_text device: cuda:0
input_ids_text device: cuda:0
input_ids_text device: cuda:0
input_ids_text device: cuda:0
input_ids_text device: cuda:0
Batch 110 completed in 0.57 seconds (0.01 minutes)
loss: 1.129570, dev_acc: 40.15% (0.401531), dev_f1: 19.10% (0.190996), test_acc: 38.78% (0.387755), test_f1: 18.63% (0.186275)
input_ids_text device: cuda:0
input_ids_text device: cuda:0
input_ids_text device: cuda:0
input_ids_text device: cuda:0
input_ids_text device: cuda:0
input_ids_text device: cuda:0
input_ids_text device: cuda:0
input_ids_text device: cuda:0
input_ids_text device: cuda:0
input_ids_text device: cuda:0
Batch 120 completed in 0.58 seconds (0.01 minutes)
loss: 1.098320, dev_acc: 40.15% (0.401531), dev_f1: 19.10% (0.190996), test_acc: 38.78% (0.387755), test_f1: 18.63% (0.186275)
input_ids_text device: cuda:0
input_ids_text device: cuda:0
input_ids_text device: cuda:0
input_ids_text device: cuda:0
input_ids_text device: cuda:0
input_ids_text device: cuda:0
input_ids_text device: cuda:0
input_ids_text device: cuda:0
input_ids_text device: cuda:0
input_ids_text device: cuda:0
Batch 130 completed in 0.57 seconds (0.01 minutes)
loss: 1.113945, dev_acc: 40.15% (0.401531), dev_f1: 19.10% (0.190996), test_acc: 38.78% (0.387755), test_f1: 18.63% (0.186275)
input_ids_text device: cuda:0
input_ids_text device: cuda:0
input_ids_text device: cuda:0
input_ids_text device: cuda:0
input_ids_text device: cuda:0
input_ids_text device: cuda:0
input_ids_text device: cuda:0
input_ids_text device: cuda:0
input_ids_text device: cuda:0
input_ids_text device: cuda:0
Batch 140 completed in 0.57 seconds (0.01 minutes)
loss: 1.238945, dev_acc: 40.15% (0.401531), dev_f1: 19.10% (0.190996), test_acc: 38.78% (0.387755), test_f1: 18.63% (0.186275)
input_ids_text device: cuda:0
input_ids_text device: cuda:0
input_ids_text device: cuda:0
input_ids_text device: cuda:0
input_ids_text device: cuda:0
input_ids_text device: cuda:0
input_ids_text device: cuda:0
input_ids_text device: cuda:0
input_ids_text device: cuda:0
input_ids_text device: cuda:0
Batch 150 completed in 0.57 seconds (0.01 minutes)
loss: 1.192070, dev_acc: 40.15% (0.401531), dev_f1: 19.10% (0.190996), test_acc: 38.78% (0.387755), test_f1: 18.63% (0.186275)
input_ids_text device: cuda:0
input_ids_text device: cuda:0
input_ids_text device: cuda:0
input_ids_text device: cuda:0
input_ids_text device: cuda:0
input_ids_text device: cuda:0
input_ids_text device: cuda:0
input_ids_text device: cuda:0
input_ids_text device: cuda:0
input_ids_text device: cuda:0
Batch 160 completed in 0.57 seconds (0.01 minutes)
loss: 1.067070, dev_acc: 40.15% (0.401531), dev_f1: 19.10% (0.190996), test_acc: 38.78% (0.387755), test_f1: 18.63% (0.186275)
input_ids_text device: cuda:0
input_ids_text device: cuda:0
input_ids_text device: cuda:0
input_ids_text device: cuda:0
input_ids_text device: cuda:0
input_ids_text device: cuda:0
input_ids_text device: cuda:0
input_ids_text device: cuda:0
input_ids_text device: cuda:0
input_ids_text device: cuda:0
Batch 170 completed in 0.57 seconds (0.01 minutes)
loss: 1.129570, dev_acc: 40.15% (0.401531), dev_f1: 19.10% (0.190996), test_acc: 38.78% (0.387755), test_f1: 18.63% (0.186275)
input_ids_text device: cuda:0
input_ids_text device: cuda:0
input_ids_text device: cuda:0
input_ids_text device: cuda:0
input_ids_text device: cuda:0
input_ids_text device: cuda:0
input_ids_text device: cuda:0
input_ids_text device: cuda:0
input_ids_text device: cuda:0
input_ids_text device: cuda:0
Batch 180 completed in 0.58 seconds (0.01 minutes)
loss: 1.192070, dev_acc: 40.15% (0.401531), dev_f1: 19.10% (0.190996), test_acc: 38.78% (0.387755), test_f1: 18.63% (0.186275)
input_ids_text device: cuda:0
input_ids_text device: cuda:0
input_ids_text device: cuda:0
Epoch 2 completed in 605.06 seconds (10.08 minutes)
>>>>>>>>>>>>>>>>>>>>>>>>>>>>>>>>>>>>>>>>>>>>>>>>>>>>>>>>>>>>>>>>>>>>>>>>>>>>>>>>>>>>>>>>>>>>>>>>>>>>
epoch: 3
input_ids_text device: cuda:0
Batch 0 completed in 0.57 seconds (0.01 minutes)
loss: 1.176445, dev_acc: 40.15% (0.401531), dev_f1: 19.10% (0.190996), test_acc: 38.78% (0.387755), test_f1: 18.63% (0.186275)
input_ids_text device: cuda:0
input_ids_text device: cuda:0
input_ids_text device: cuda:0
input_ids_text device: cuda:0
input_ids_text device: cuda:0
input_ids_text device: cuda:0
input_ids_text device: cuda:0
input_ids_text device: cuda:0
input_ids_text device: cuda:0
input_ids_text device: cuda:0
Batch 10 completed in 0.58 seconds (0.01 minutes)
loss: 1.207695, dev_acc: 40.15% (0.401531), dev_f1: 19.10% (0.190996), test_acc: 38.78% (0.387755), test_f1: 18.63% (0.186275)
input_ids_text device: cuda:0
input_ids_text device: cuda:0
input_ids_text device: cuda:0
input_ids_text device: cuda:0
input_ids_text device: cuda:0
input_ids_text device: cuda:0
input_ids_text device: cuda:0
input_ids_text device: cuda:0
input_ids_text device: cuda:0
input_ids_text device: cuda:0
Batch 20 completed in 0.58 seconds (0.01 minutes)
loss: 1.160820, dev_acc: 40.15% (0.401531), dev_f1: 19.10% (0.190996), test_acc: 38.78% (0.387755), test_f1: 18.63% (0.186275)
input_ids_text device: cuda:0
input_ids_text device: cuda:0
input_ids_text device: cuda:0
input_ids_text device: cuda:0
input_ids_text device: cuda:0
input_ids_text device: cuda:0
input_ids_text device: cuda:0
input_ids_text device: cuda:0
input_ids_text device: cuda:0
input_ids_text device: cuda:0
Batch 30 completed in 0.57 seconds (0.01 minutes)
loss: 1.192070, dev_acc: 40.15% (0.401531), dev_f1: 19.10% (0.190996), test_acc: 38.78% (0.387755), test_f1: 18.63% (0.186275)
input_ids_text device: cuda:0
input_ids_text device: cuda:0
input_ids_text device: cuda:0
input_ids_text device: cuda:0
input_ids_text device: cuda:0
input_ids_text device: cuda:0
input_ids_text device: cuda:0
input_ids_text device: cuda:0
input_ids_text device: cuda:0
input_ids_text device: cuda:0
Batch 40 completed in 0.57 seconds (0.01 minutes)
loss: 1.145195, dev_acc: 40.15% (0.401531), dev_f1: 19.10% (0.190996), test_acc: 38.78% (0.387755), test_f1: 18.63% (0.186275)
input_ids_text device: cuda:0
input_ids_text device: cuda:0
input_ids_text device: cuda:0
input_ids_text device: cuda:0
input_ids_text device: cuda:0
input_ids_text device: cuda:0
input_ids_text device: cuda:0
input_ids_text device: cuda:0
input_ids_text device: cuda:0
input_ids_text device: cuda:0
Batch 50 completed in 0.57 seconds (0.01 minutes)
loss: 1.129570, dev_acc: 40.15% (0.401531), dev_f1: 19.10% (0.190996), test_acc: 38.78% (0.387755), test_f1: 18.63% (0.186275)
input_ids_text device: cuda:0
input_ids_text device: cuda:0
input_ids_text device: cuda:0
input_ids_text device: cuda:0
input_ids_text device: cuda:0
input_ids_text device: cuda:0
input_ids_text device: cuda:0
input_ids_text device: cuda:0
input_ids_text device: cuda:0
input_ids_text device: cuda:0
Batch 60 completed in 0.57 seconds (0.01 minutes)
loss: 1.270195, dev_acc: 40.15% (0.401531), dev_f1: 19.10% (0.190996), test_acc: 38.78% (0.387755), test_f1: 18.63% (0.186275)
input_ids_text device: cuda:0
input_ids_text device: cuda:0
input_ids_text device: cuda:0
input_ids_text device: cuda:0
input_ids_text device: cuda:0
input_ids_text device: cuda:0
input_ids_text device: cuda:0
input_ids_text device: cuda:0
input_ids_text device: cuda:0
input_ids_text device: cuda:0
Batch 70 completed in 0.57 seconds (0.01 minutes)
loss: 1.129570, dev_acc: 40.15% (0.401531), dev_f1: 19.10% (0.190996), test_acc: 38.78% (0.387755), test_f1: 18.63% (0.186275)
input_ids_text device: cuda:0
input_ids_text device: cuda:0
input_ids_text device: cuda:0
input_ids_text device: cuda:0
input_ids_text device: cuda:0
input_ids_text device: cuda:0
input_ids_text device: cuda:0
input_ids_text device: cuda:0
input_ids_text device: cuda:0
input_ids_text device: cuda:0
Batch 80 completed in 0.58 seconds (0.01 minutes)
loss: 1.160820, dev_acc: 40.15% (0.401531), dev_f1: 19.10% (0.190996), test_acc: 38.78% (0.387755), test_f1: 18.63% (0.186275)
input_ids_text device: cuda:0
input_ids_text device: cuda:0
input_ids_text device: cuda:0
input_ids_text device: cuda:0
input_ids_text device: cuda:0
input_ids_text device: cuda:0
input_ids_text device: cuda:0
input_ids_text device: cuda:0
input_ids_text device: cuda:0
input_ids_text device: cuda:0
Batch 90 completed in 0.57 seconds (0.01 minutes)
loss: 1.192070, dev_acc: 40.15% (0.401531), dev_f1: 19.10% (0.190996), test_acc: 38.78% (0.387755), test_f1: 18.63% (0.186275)
input_ids_text device: cuda:0
input_ids_text device: cuda:0
input_ids_text device: cuda:0
input_ids_text device: cuda:0
input_ids_text device: cuda:0
input_ids_text device: cuda:0
input_ids_text device: cuda:0
input_ids_text device: cuda:0
input_ids_text device: cuda:0
input_ids_text device: cuda:0
Batch 100 completed in 0.58 seconds (0.01 minutes)
loss: 1.285820, dev_acc: 40.15% (0.401531), dev_f1: 19.10% (0.190996), test_acc: 38.78% (0.387755), test_f1: 18.63% (0.186275)
input_ids_text device: cuda:0
input_ids_text device: cuda:0
input_ids_text device: cuda:0
input_ids_text device: cuda:0
input_ids_text device: cuda:0
input_ids_text device: cuda:0
input_ids_text device: cuda:0
input_ids_text device: cuda:0
input_ids_text device: cuda:0
input_ids_text device: cuda:0
Batch 110 completed in 0.57 seconds (0.01 minutes)
loss: 1.067070, dev_acc: 40.15% (0.401531), dev_f1: 19.10% (0.190996), test_acc: 38.78% (0.387755), test_f1: 18.63% (0.186275)
input_ids_text device: cuda:0
input_ids_text device: cuda:0
input_ids_text device: cuda:0
input_ids_text device: cuda:0
input_ids_text device: cuda:0
input_ids_text device: cuda:0
input_ids_text device: cuda:0
input_ids_text device: cuda:0
input_ids_text device: cuda:0
input_ids_text device: cuda:0
Batch 120 completed in 0.57 seconds (0.01 minutes)
loss: 1.176445, dev_acc: 40.15% (0.401531), dev_f1: 19.10% (0.190996), test_acc: 38.78% (0.387755), test_f1: 18.63% (0.186275)
input_ids_text device: cuda:0
input_ids_text device: cuda:0
input_ids_text device: cuda:0
input_ids_text device: cuda:0
input_ids_text device: cuda:0
input_ids_text device: cuda:0
input_ids_text device: cuda:0
input_ids_text device: cuda:0
input_ids_text device: cuda:0
input_ids_text device: cuda:0
Batch 130 completed in 0.58 seconds (0.01 minutes)
loss: 1.113945, dev_acc: 40.15% (0.401531), dev_f1: 19.10% (0.190996), test_acc: 38.78% (0.387755), test_f1: 18.63% (0.186275)
input_ids_text device: cuda:0
input_ids_text device: cuda:0
input_ids_text device: cuda:0
input_ids_text device: cuda:0
input_ids_text device: cuda:0
input_ids_text device: cuda:0
input_ids_text device: cuda:0
input_ids_text device: cuda:0
input_ids_text device: cuda:0
input_ids_text device: cuda:0
Batch 140 completed in 0.57 seconds (0.01 minutes)
loss: 1.082695, dev_acc: 40.15% (0.401531), dev_f1: 19.10% (0.190996), test_acc: 38.78% (0.387755), test_f1: 18.63% (0.186275)
input_ids_text device: cuda:0
input_ids_text device: cuda:0
input_ids_text device: cuda:0
input_ids_text device: cuda:0
input_ids_text device: cuda:0
input_ids_text device: cuda:0
input_ids_text device: cuda:0
input_ids_text device: cuda:0
input_ids_text device: cuda:0
input_ids_text device: cuda:0
Batch 150 completed in 0.57 seconds (0.01 minutes)
loss: 1.160820, dev_acc: 40.15% (0.401531), dev_f1: 19.10% (0.190996), test_acc: 38.78% (0.387755), test_f1: 18.63% (0.186275)
input_ids_text device: cuda:0
input_ids_text device: cuda:0
input_ids_text device: cuda:0
input_ids_text device: cuda:0
input_ids_text device: cuda:0
input_ids_text device: cuda:0
input_ids_text device: cuda:0
input_ids_text device: cuda:0
input_ids_text device: cuda:0
input_ids_text device: cuda:0
Batch 160 completed in 0.58 seconds (0.01 minutes)
loss: 1.129570, dev_acc: 40.15% (0.401531), dev_f1: 19.10% (0.190996), test_acc: 38.78% (0.387755), test_f1: 18.63% (0.186275)
input_ids_text device: cuda:0
input_ids_text device: cuda:0
input_ids_text device: cuda:0
input_ids_text device: cuda:0
input_ids_text device: cuda:0
input_ids_text device: cuda:0
input_ids_text device: cuda:0
input_ids_text device: cuda:0
input_ids_text device: cuda:0
input_ids_text device: cuda:0
Batch 170 completed in 0.57 seconds (0.01 minutes)
loss: 1.145195, dev_acc: 40.15% (0.401531), dev_f1: 19.10% (0.190996), test_acc: 38.78% (0.387755), test_f1: 18.63% (0.186275)
input_ids_text device: cuda:0
input_ids_text device: cuda:0
input_ids_text device: cuda:0
input_ids_text device: cuda:0
input_ids_text device: cuda:0
input_ids_text device: cuda:0
input_ids_text device: cuda:0
input_ids_text device: cuda:0
input_ids_text device: cuda:0
input_ids_text device: cuda:0
Batch 180 completed in 0.58 seconds (0.01 minutes)
loss: 1.051445, dev_acc: 40.15% (0.401531), dev_f1: 19.10% (0.190996), test_acc: 38.78% (0.387755), test_f1: 18.63% (0.186275)
input_ids_text device: cuda:0
input_ids_text device: cuda:0
input_ids_text device: cuda:0
Epoch 3 completed in 604.59 seconds (10.08 minutes)
>>>>>>>>>>>>>>>>>>>>>>>>>>>>>>>>>>>>>>>>>>>>>>>>>>>>>>>>>>>>>>>>>>>>>>>>>>>>>>>>>>>>>>>>>>>>>>>>>>>>
epoch: 4
input_ids_text device: cuda:0
Batch 0 completed in 0.57 seconds (0.01 minutes)
loss: 1.176445, dev_acc: 40.15% (0.401531), dev_f1: 19.10% (0.190996), test_acc: 38.78% (0.387755), test_f1: 18.63% (0.186275)
input_ids_text device: cuda:0
input_ids_text device: cuda:0
input_ids_text device: cuda:0
input_ids_text device: cuda:0
input_ids_text device: cuda:0
input_ids_text device: cuda:0
input_ids_text device: cuda:0
input_ids_text device: cuda:0
input_ids_text device: cuda:0
input_ids_text device: cuda:0
Batch 10 completed in 0.57 seconds (0.01 minutes)
loss: 1.223320, dev_acc: 40.15% (0.401531), dev_f1: 19.10% (0.190996), test_acc: 38.78% (0.387755), test_f1: 18.63% (0.186275)
input_ids_text device: cuda:0
input_ids_text device: cuda:0
input_ids_text device: cuda:0
input_ids_text device: cuda:0
input_ids_text device: cuda:0
input_ids_text device: cuda:0
input_ids_text device: cuda:0
input_ids_text device: cuda:0
input_ids_text device: cuda:0
input_ids_text device: cuda:0
Batch 20 completed in 0.57 seconds (0.01 minutes)
loss: 1.067070, dev_acc: 40.15% (0.401531), dev_f1: 19.10% (0.190996), test_acc: 38.78% (0.387755), test_f1: 18.63% (0.186275)
input_ids_text device: cuda:0
input_ids_text device: cuda:0
input_ids_text device: cuda:0
input_ids_text device: cuda:0
input_ids_text device: cuda:0
input_ids_text device: cuda:0
input_ids_text device: cuda:0
input_ids_text device: cuda:0
input_ids_text device: cuda:0
input_ids_text device: cuda:0
Batch 30 completed in 0.57 seconds (0.01 minutes)
loss: 1.098320, dev_acc: 40.15% (0.401531), dev_f1: 19.10% (0.190996), test_acc: 38.78% (0.387755), test_f1: 18.63% (0.186275)
input_ids_text device: cuda:0
input_ids_text device: cuda:0
input_ids_text device: cuda:0
input_ids_text device: cuda:0
input_ids_text device: cuda:0
input_ids_text device: cuda:0
input_ids_text device: cuda:0
input_ids_text device: cuda:0
input_ids_text device: cuda:0
input_ids_text device: cuda:0
Batch 40 completed in 0.57 seconds (0.01 minutes)
loss: 1.160820, dev_acc: 40.15% (0.401531), dev_f1: 19.10% (0.190996), test_acc: 38.78% (0.387755), test_f1: 18.63% (0.186275)
input_ids_text device: cuda:0
input_ids_text device: cuda:0
input_ids_text device: cuda:0
input_ids_text device: cuda:0
input_ids_text device: cuda:0
input_ids_text device: cuda:0
input_ids_text device: cuda:0
input_ids_text device: cuda:0
input_ids_text device: cuda:0
input_ids_text device: cuda:0
Batch 50 completed in 0.58 seconds (0.01 minutes)
loss: 1.192070, dev_acc: 40.15% (0.401531), dev_f1: 19.10% (0.190996), test_acc: 38.78% (0.387755), test_f1: 18.63% (0.186275)
input_ids_text device: cuda:0
input_ids_text device: cuda:0
input_ids_text device: cuda:0
input_ids_text device: cuda:0
input_ids_text device: cuda:0
input_ids_text device: cuda:0
input_ids_text device: cuda:0
input_ids_text device: cuda:0
input_ids_text device: cuda:0
input_ids_text device: cuda:0
Batch 60 completed in 0.57 seconds (0.01 minutes)
loss: 1.145195, dev_acc: 40.15% (0.401531), dev_f1: 19.10% (0.190996), test_acc: 38.78% (0.387755), test_f1: 18.63% (0.186275)
input_ids_text device: cuda:0
input_ids_text device: cuda:0
input_ids_text device: cuda:0
input_ids_text device: cuda:0
input_ids_text device: cuda:0
input_ids_text device: cuda:0
input_ids_text device: cuda:0
input_ids_text device: cuda:0
input_ids_text device: cuda:0
input_ids_text device: cuda:0
Batch 70 completed in 0.58 seconds (0.01 minutes)
loss: 1.067070, dev_acc: 40.15% (0.401531), dev_f1: 19.10% (0.190996), test_acc: 38.78% (0.387755), test_f1: 18.63% (0.186275)
input_ids_text device: cuda:0
input_ids_text device: cuda:0
input_ids_text device: cuda:0
input_ids_text device: cuda:0
input_ids_text device: cuda:0
input_ids_text device: cuda:0
input_ids_text device: cuda:0
input_ids_text device: cuda:0
input_ids_text device: cuda:0
input_ids_text device: cuda:0
Batch 80 completed in 0.57 seconds (0.01 minutes)
loss: 1.098320, dev_acc: 40.15% (0.401531), dev_f1: 19.10% (0.190996), test_acc: 38.78% (0.387755), test_f1: 18.63% (0.186275)
input_ids_text device: cuda:0
input_ids_text device: cuda:0
input_ids_text device: cuda:0
input_ids_text device: cuda:0
input_ids_text device: cuda:0
input_ids_text device: cuda:0
input_ids_text device: cuda:0
input_ids_text device: cuda:0
input_ids_text device: cuda:0
input_ids_text device: cuda:0
Batch 90 completed in 0.57 seconds (0.01 minutes)
loss: 1.113945, dev_acc: 40.15% (0.401531), dev_f1: 19.10% (0.190996), test_acc: 38.78% (0.387755), test_f1: 18.63% (0.186275)
input_ids_text device: cuda:0
input_ids_text device: cuda:0
input_ids_text device: cuda:0
input_ids_text device: cuda:0
input_ids_text device: cuda:0
input_ids_text device: cuda:0
input_ids_text device: cuda:0
input_ids_text device: cuda:0
input_ids_text device: cuda:0
input_ids_text device: cuda:0
Batch 100 completed in 0.57 seconds (0.01 minutes)
loss: 1.082695, dev_acc: 40.15% (0.401531), dev_f1: 19.10% (0.190996), test_acc: 38.78% (0.387755), test_f1: 18.63% (0.186275)
input_ids_text device: cuda:0
input_ids_text device: cuda:0
input_ids_text device: cuda:0
input_ids_text device: cuda:0
input_ids_text device: cuda:0
input_ids_text device: cuda:0
input_ids_text device: cuda:0
input_ids_text device: cuda:0
input_ids_text device: cuda:0
input_ids_text device: cuda:0
Batch 110 completed in 0.57 seconds (0.01 minutes)
loss: 1.113945, dev_acc: 40.15% (0.401531), dev_f1: 19.10% (0.190996), test_acc: 38.78% (0.387755), test_f1: 18.63% (0.186275)
input_ids_text device: cuda:0
input_ids_text device: cuda:0
input_ids_text device: cuda:0
input_ids_text device: cuda:0
input_ids_text device: cuda:0
input_ids_text device: cuda:0
input_ids_text device: cuda:0
input_ids_text device: cuda:0
input_ids_text device: cuda:0
input_ids_text device: cuda:0
Batch 120 completed in 0.57 seconds (0.01 minutes)
loss: 1.082695, dev_acc: 40.15% (0.401531), dev_f1: 19.10% (0.190996), test_acc: 38.78% (0.387755), test_f1: 18.63% (0.186275)
input_ids_text device: cuda:0
input_ids_text device: cuda:0
input_ids_text device: cuda:0
input_ids_text device: cuda:0
input_ids_text device: cuda:0
input_ids_text device: cuda:0
input_ids_text device: cuda:0
input_ids_text device: cuda:0
input_ids_text device: cuda:0
input_ids_text device: cuda:0
Batch 130 completed in 0.58 seconds (0.01 minutes)
loss: 1.192070, dev_acc: 40.15% (0.401531), dev_f1: 19.10% (0.190996), test_acc: 38.78% (0.387755), test_f1: 18.63% (0.186275)
input_ids_text device: cuda:0
input_ids_text device: cuda:0
input_ids_text device: cuda:0
input_ids_text device: cuda:0
input_ids_text device: cuda:0
input_ids_text device: cuda:0
input_ids_text device: cuda:0
input_ids_text device: cuda:0
input_ids_text device: cuda:0
input_ids_text device: cuda:0
Batch 140 completed in 0.57 seconds (0.01 minutes)
loss: 1.223320, dev_acc: 40.15% (0.401531), dev_f1: 19.10% (0.190996), test_acc: 38.78% (0.387755), test_f1: 18.63% (0.186275)
input_ids_text device: cuda:0
input_ids_text device: cuda:0
input_ids_text device: cuda:0
input_ids_text device: cuda:0
input_ids_text device: cuda:0
input_ids_text device: cuda:0
input_ids_text device: cuda:0
input_ids_text device: cuda:0
input_ids_text device: cuda:0
input_ids_text device: cuda:0
Batch 150 completed in 0.57 seconds (0.01 minutes)
loss: 1.145195, dev_acc: 40.15% (0.401531), dev_f1: 19.10% (0.190996), test_acc: 38.78% (0.387755), test_f1: 18.63% (0.186275)
input_ids_text device: cuda:0
input_ids_text device: cuda:0
input_ids_text device: cuda:0
input_ids_text device: cuda:0
input_ids_text device: cuda:0
input_ids_text device: cuda:0
input_ids_text device: cuda:0
input_ids_text device: cuda:0
input_ids_text device: cuda:0
input_ids_text device: cuda:0
Batch 160 completed in 0.57 seconds (0.01 minutes)
loss: 1.160820, dev_acc: 40.15% (0.401531), dev_f1: 19.10% (0.190996), test_acc: 38.78% (0.387755), test_f1: 18.63% (0.186275)
input_ids_text device: cuda:0
input_ids_text device: cuda:0
input_ids_text device: cuda:0
input_ids_text device: cuda:0
input_ids_text device: cuda:0
input_ids_text device: cuda:0
input_ids_text device: cuda:0
input_ids_text device: cuda:0
input_ids_text device: cuda:0
input_ids_text device: cuda:0
Batch 170 completed in 0.58 seconds (0.01 minutes)
loss: 1.176445, dev_acc: 40.15% (0.401531), dev_f1: 19.10% (0.190996), test_acc: 38.78% (0.387755), test_f1: 18.63% (0.186275)
input_ids_text device: cuda:0
input_ids_text device: cuda:0
input_ids_text device: cuda:0
input_ids_text device: cuda:0
input_ids_text device: cuda:0
input_ids_text device: cuda:0
input_ids_text device: cuda:0
input_ids_text device: cuda:0
input_ids_text device: cuda:0
input_ids_text device: cuda:0
Batch 180 completed in 0.58 seconds (0.01 minutes)
loss: 1.207695, dev_acc: 40.15% (0.401531), dev_f1: 19.10% (0.190996), test_acc: 38.78% (0.387755), test_f1: 18.63% (0.186275)
input_ids_text device: cuda:0
input_ids_text device: cuda:0
input_ids_text device: cuda:0
Epoch 4 completed in 604.41 seconds (10.07 minutes)
>>>>>>>>>>>>>>>>>>>>>>>>>>>>>>>>>>>>>>>>>>>>>>>>>>>>>>>>>>>>>>>>>>>>>>>>>>>>>>>>>>>>>>>>>>>>>>>>>>>>
epoch: 5
input_ids_text device: cuda:0
Batch 0 completed in 0.57 seconds (0.01 minutes)
loss: 1.238945, dev_acc: 40.15% (0.401531), dev_f1: 19.10% (0.190996), test_acc: 38.78% (0.387755), test_f1: 18.63% (0.186275)
input_ids_text device: cuda:0
input_ids_text device: cuda:0
input_ids_text device: cuda:0
input_ids_text device: cuda:0
input_ids_text device: cuda:0
input_ids_text device: cuda:0
input_ids_text device: cuda:0
input_ids_text device: cuda:0
input_ids_text device: cuda:0
input_ids_text device: cuda:0
Batch 10 completed in 0.57 seconds (0.01 minutes)
loss: 1.145195, dev_acc: 40.15% (0.401531), dev_f1: 19.10% (0.190996), test_acc: 38.78% (0.387755), test_f1: 18.63% (0.186275)
input_ids_text device: cuda:0
input_ids_text device: cuda:0
input_ids_text device: cuda:0
input_ids_text device: cuda:0
input_ids_text device: cuda:0
input_ids_text device: cuda:0
input_ids_text device: cuda:0
input_ids_text device: cuda:0
input_ids_text device: cuda:0
input_ids_text device: cuda:0
Batch 20 completed in 0.57 seconds (0.01 minutes)
loss: 1.207695, dev_acc: 40.15% (0.401531), dev_f1: 19.10% (0.190996), test_acc: 38.78% (0.387755), test_f1: 18.63% (0.186275)
input_ids_text device: cuda:0
input_ids_text device: cuda:0
input_ids_text device: cuda:0
input_ids_text device: cuda:0
input_ids_text device: cuda:0
input_ids_text device: cuda:0
input_ids_text device: cuda:0
input_ids_text device: cuda:0
input_ids_text device: cuda:0
input_ids_text device: cuda:0
Batch 30 completed in 0.57 seconds (0.01 minutes)
loss: 1.192070, dev_acc: 40.15% (0.401531), dev_f1: 19.10% (0.190996), test_acc: 38.78% (0.387755), test_f1: 18.63% (0.186275)
input_ids_text device: cuda:0
input_ids_text device: cuda:0
input_ids_text device: cuda:0
input_ids_text device: cuda:0
input_ids_text device: cuda:0
input_ids_text device: cuda:0
input_ids_text device: cuda:0
input_ids_text device: cuda:0
input_ids_text device: cuda:0
input_ids_text device: cuda:0
Batch 40 completed in 0.57 seconds (0.01 minutes)
loss: 1.129570, dev_acc: 40.15% (0.401531), dev_f1: 19.10% (0.190996), test_acc: 38.78% (0.387755), test_f1: 18.63% (0.186275)
input_ids_text device: cuda:0
input_ids_text device: cuda:0
input_ids_text device: cuda:0
input_ids_text device: cuda:0
input_ids_text device: cuda:0
input_ids_text device: cuda:0
input_ids_text device: cuda:0
input_ids_text device: cuda:0
input_ids_text device: cuda:0
input_ids_text device: cuda:0
Batch 50 completed in 0.58 seconds (0.01 minutes)
loss: 1.129570, dev_acc: 40.15% (0.401531), dev_f1: 19.10% (0.190996), test_acc: 38.78% (0.387755), test_f1: 18.63% (0.186275)
input_ids_text device: cuda:0
input_ids_text device: cuda:0
input_ids_text device: cuda:0
input_ids_text device: cuda:0
input_ids_text device: cuda:0
input_ids_text device: cuda:0
input_ids_text device: cuda:0
input_ids_text device: cuda:0
input_ids_text device: cuda:0
input_ids_text device: cuda:0
Batch 60 completed in 0.57 seconds (0.01 minutes)
loss: 1.207695, dev_acc: 40.15% (0.401531), dev_f1: 19.10% (0.190996), test_acc: 38.78% (0.387755), test_f1: 18.63% (0.186275)
input_ids_text device: cuda:0
input_ids_text device: cuda:0
input_ids_text device: cuda:0
input_ids_text device: cuda:0
input_ids_text device: cuda:0
input_ids_text device: cuda:0
input_ids_text device: cuda:0
input_ids_text device: cuda:0
input_ids_text device: cuda:0
input_ids_text device: cuda:0
Batch 70 completed in 0.58 seconds (0.01 minutes)
loss: 1.035820, dev_acc: 40.15% (0.401531), dev_f1: 19.10% (0.190996), test_acc: 38.78% (0.387755), test_f1: 18.63% (0.186275)
input_ids_text device: cuda:0
input_ids_text device: cuda:0
input_ids_text device: cuda:0
input_ids_text device: cuda:0
input_ids_text device: cuda:0
input_ids_text device: cuda:0
input_ids_text device: cuda:0
input_ids_text device: cuda:0
input_ids_text device: cuda:0
input_ids_text device: cuda:0
Batch 80 completed in 0.57 seconds (0.01 minutes)
loss: 1.160820, dev_acc: 40.15% (0.401531), dev_f1: 19.10% (0.190996), test_acc: 38.78% (0.387755), test_f1: 18.63% (0.186275)
input_ids_text device: cuda:0
input_ids_text device: cuda:0
input_ids_text device: cuda:0
input_ids_text device: cuda:0
input_ids_text device: cuda:0
input_ids_text device: cuda:0
input_ids_text device: cuda:0
input_ids_text device: cuda:0
input_ids_text device: cuda:0
input_ids_text device: cuda:0
Batch 90 completed in 0.57 seconds (0.01 minutes)
loss: 1.145195, dev_acc: 40.15% (0.401531), dev_f1: 19.10% (0.190996), test_acc: 38.78% (0.387755), test_f1: 18.63% (0.186275)
input_ids_text device: cuda:0
input_ids_text device: cuda:0
input_ids_text device: cuda:0
input_ids_text device: cuda:0
input_ids_text device: cuda:0
input_ids_text device: cuda:0
input_ids_text device: cuda:0
input_ids_text device: cuda:0
input_ids_text device: cuda:0
input_ids_text device: cuda:0
Batch 100 completed in 0.58 seconds (0.01 minutes)
loss: 1.207695, dev_acc: 40.15% (0.401531), dev_f1: 19.10% (0.190996), test_acc: 38.78% (0.387755), test_f1: 18.63% (0.186275)
input_ids_text device: cuda:0
input_ids_text device: cuda:0
input_ids_text device: cuda:0
input_ids_text device: cuda:0
input_ids_text device: cuda:0
input_ids_text device: cuda:0
input_ids_text device: cuda:0
input_ids_text device: cuda:0
input_ids_text device: cuda:0
input_ids_text device: cuda:0
Batch 110 completed in 0.57 seconds (0.01 minutes)
loss: 1.129570, dev_acc: 40.15% (0.401531), dev_f1: 19.10% (0.190996), test_acc: 38.78% (0.387755), test_f1: 18.63% (0.186275)
input_ids_text device: cuda:0
input_ids_text device: cuda:0
input_ids_text device: cuda:0
input_ids_text device: cuda:0
input_ids_text device: cuda:0
input_ids_text device: cuda:0
input_ids_text device: cuda:0
input_ids_text device: cuda:0
input_ids_text device: cuda:0
input_ids_text device: cuda:0
Batch 120 completed in 0.57 seconds (0.01 minutes)
loss: 1.160820, dev_acc: 40.15% (0.401531), dev_f1: 19.10% (0.190996), test_acc: 38.78% (0.387755), test_f1: 18.63% (0.186275)
input_ids_text device: cuda:0
input_ids_text device: cuda:0
input_ids_text device: cuda:0
input_ids_text device: cuda:0
input_ids_text device: cuda:0
input_ids_text device: cuda:0
input_ids_text device: cuda:0
input_ids_text device: cuda:0
input_ids_text device: cuda:0
input_ids_text device: cuda:0
Batch 130 completed in 0.57 seconds (0.01 minutes)
loss: 1.113945, dev_acc: 40.15% (0.401531), dev_f1: 19.10% (0.190996), test_acc: 38.78% (0.387755), test_f1: 18.63% (0.186275)
input_ids_text device: cuda:0
input_ids_text device: cuda:0
input_ids_text device: cuda:0
input_ids_text device: cuda:0
input_ids_text device: cuda:0
input_ids_text device: cuda:0
input_ids_text device: cuda:0
input_ids_text device: cuda:0
input_ids_text device: cuda:0
input_ids_text device: cuda:0
Batch 140 completed in 0.57 seconds (0.01 minutes)
loss: 1.207695, dev_acc: 40.15% (0.401531), dev_f1: 19.10% (0.190996), test_acc: 38.78% (0.387755), test_f1: 18.63% (0.186275)
input_ids_text device: cuda:0
input_ids_text device: cuda:0
input_ids_text device: cuda:0
input_ids_text device: cuda:0
input_ids_text device: cuda:0
input_ids_text device: cuda:0
input_ids_text device: cuda:0
input_ids_text device: cuda:0
input_ids_text device: cuda:0
input_ids_text device: cuda:0
Batch 150 completed in 0.57 seconds (0.01 minutes)
loss: 0.988945, dev_acc: 40.15% (0.401531), dev_f1: 19.10% (0.190996), test_acc: 38.78% (0.387755), test_f1: 18.63% (0.186275)
input_ids_text device: cuda:0
input_ids_text device: cuda:0
input_ids_text device: cuda:0
input_ids_text device: cuda:0
input_ids_text device: cuda:0
input_ids_text device: cuda:0
input_ids_text device: cuda:0
input_ids_text device: cuda:0
input_ids_text device: cuda:0
input_ids_text device: cuda:0
Batch 160 completed in 0.57 seconds (0.01 minutes)
loss: 1.145195, dev_acc: 40.15% (0.401531), dev_f1: 19.10% (0.190996), test_acc: 38.78% (0.387755), test_f1: 18.63% (0.186275)
input_ids_text device: cuda:0
input_ids_text device: cuda:0
input_ids_text device: cuda:0
input_ids_text device: cuda:0
input_ids_text device: cuda:0
input_ids_text device: cuda:0
input_ids_text device: cuda:0
input_ids_text device: cuda:0
input_ids_text device: cuda:0
input_ids_text device: cuda:0
Batch 170 completed in 0.57 seconds (0.01 minutes)
loss: 1.082695, dev_acc: 40.15% (0.401531), dev_f1: 19.10% (0.190996), test_acc: 38.78% (0.387755), test_f1: 18.63% (0.186275)
input_ids_text device: cuda:0
input_ids_text device: cuda:0
input_ids_text device: cuda:0
input_ids_text device: cuda:0
input_ids_text device: cuda:0
input_ids_text device: cuda:0
input_ids_text device: cuda:0
input_ids_text device: cuda:0
input_ids_text device: cuda:0
input_ids_text device: cuda:0
Batch 180 completed in 0.58 seconds (0.01 minutes)
loss: 1.160820, dev_acc: 40.15% (0.401531), dev_f1: 19.10% (0.190996), test_acc: 38.78% (0.387755), test_f1: 18.63% (0.186275)
input_ids_text device: cuda:0
input_ids_text device: cuda:0
input_ids_text device: cuda:0
Epoch 5 completed in 604.75 seconds (10.08 minutes)
>>>>>>>>>>>>>>>>>>>>>>>>>>>>>>>>>>>>>>>>>>>>>>>>>>>>>>>>>>>>>>>>>>>>>>>>>>>>>>>>>>>>>>>>>>>>>>>>>>>>
epoch: 6
input_ids_text device: cuda:0
Batch 0 completed in 0.57 seconds (0.01 minutes)
loss: 1.129570, dev_acc: 40.15% (0.401531), dev_f1: 19.10% (0.190996), test_acc: 38.78% (0.387755), test_f1: 18.63% (0.186275)
input_ids_text device: cuda:0
input_ids_text device: cuda:0
input_ids_text device: cuda:0
input_ids_text device: cuda:0
input_ids_text device: cuda:0
input_ids_text device: cuda:0
input_ids_text device: cuda:0
input_ids_text device: cuda:0
input_ids_text device: cuda:0
input_ids_text device: cuda:0
Batch 10 completed in 0.58 seconds (0.01 minutes)
loss: 1.207695, dev_acc: 40.15% (0.401531), dev_f1: 19.10% (0.190996), test_acc: 38.78% (0.387755), test_f1: 18.63% (0.186275)
input_ids_text device: cuda:0
input_ids_text device: cuda:0
input_ids_text device: cuda:0
input_ids_text device: cuda:0
input_ids_text device: cuda:0
input_ids_text device: cuda:0
input_ids_text device: cuda:0
input_ids_text device: cuda:0
input_ids_text device: cuda:0
input_ids_text device: cuda:0
Batch 20 completed in 0.58 seconds (0.01 minutes)
loss: 1.160820, dev_acc: 40.15% (0.401531), dev_f1: 19.10% (0.190996), test_acc: 38.78% (0.387755), test_f1: 18.63% (0.186275)
input_ids_text device: cuda:0
input_ids_text device: cuda:0
input_ids_text device: cuda:0
input_ids_text device: cuda:0
input_ids_text device: cuda:0
input_ids_text device: cuda:0
input_ids_text device: cuda:0
input_ids_text device: cuda:0
input_ids_text device: cuda:0
input_ids_text device: cuda:0
Batch 30 completed in 0.57 seconds (0.01 minutes)
loss: 1.207695, dev_acc: 40.15% (0.401531), dev_f1: 19.10% (0.190996), test_acc: 38.78% (0.387755), test_f1: 18.63% (0.186275)
input_ids_text device: cuda:0
input_ids_text device: cuda:0
input_ids_text device: cuda:0
input_ids_text device: cuda:0
input_ids_text device: cuda:0
input_ids_text device: cuda:0
input_ids_text device: cuda:0
input_ids_text device: cuda:0
input_ids_text device: cuda:0
input_ids_text device: cuda:0
Batch 40 completed in 0.57 seconds (0.01 minutes)
loss: 1.176445, dev_acc: 40.15% (0.401531), dev_f1: 19.10% (0.190996), test_acc: 38.78% (0.387755), test_f1: 18.63% (0.186275)
input_ids_text device: cuda:0
input_ids_text device: cuda:0
input_ids_text device: cuda:0
input_ids_text device: cuda:0
input_ids_text device: cuda:0
input_ids_text device: cuda:0
input_ids_text device: cuda:0
input_ids_text device: cuda:0
input_ids_text device: cuda:0
input_ids_text device: cuda:0
Batch 50 completed in 0.57 seconds (0.01 minutes)
loss: 1.223320, dev_acc: 40.15% (0.401531), dev_f1: 19.10% (0.190996), test_acc: 38.78% (0.387755), test_f1: 18.63% (0.186275)
input_ids_text device: cuda:0
input_ids_text device: cuda:0
input_ids_text device: cuda:0
input_ids_text device: cuda:0
input_ids_text device: cuda:0
input_ids_text device: cuda:0
input_ids_text device: cuda:0
input_ids_text device: cuda:0
input_ids_text device: cuda:0
input_ids_text device: cuda:0
Batch 60 completed in 0.57 seconds (0.01 minutes)
loss: 1.113945, dev_acc: 40.15% (0.401531), dev_f1: 19.10% (0.190996), test_acc: 38.78% (0.387755), test_f1: 18.63% (0.186275)
input_ids_text device: cuda:0
input_ids_text device: cuda:0
input_ids_text device: cuda:0
input_ids_text device: cuda:0
input_ids_text device: cuda:0
input_ids_text device: cuda:0
input_ids_text device: cuda:0
input_ids_text device: cuda:0
input_ids_text device: cuda:0
input_ids_text device: cuda:0
Batch 70 completed in 0.57 seconds (0.01 minutes)
loss: 1.192070, dev_acc: 40.15% (0.401531), dev_f1: 19.10% (0.190996), test_acc: 38.78% (0.387755), test_f1: 18.63% (0.186275)
input_ids_text device: cuda:0
input_ids_text device: cuda:0
input_ids_text device: cuda:0
input_ids_text device: cuda:0
input_ids_text device: cuda:0
input_ids_text device: cuda:0
input_ids_text device: cuda:0
input_ids_text device: cuda:0
input_ids_text device: cuda:0
input_ids_text device: cuda:0
Batch 80 completed in 0.57 seconds (0.01 minutes)
loss: 1.129570, dev_acc: 40.15% (0.401531), dev_f1: 19.10% (0.190996), test_acc: 38.78% (0.387755), test_f1: 18.63% (0.186275)
input_ids_text device: cuda:0
input_ids_text device: cuda:0
input_ids_text device: cuda:0
input_ids_text device: cuda:0
input_ids_text device: cuda:0
input_ids_text device: cuda:0
input_ids_text device: cuda:0
input_ids_text device: cuda:0
input_ids_text device: cuda:0
input_ids_text device: cuda:0
Batch 90 completed in 0.57 seconds (0.01 minutes)
loss: 1.082695, dev_acc: 40.15% (0.401531), dev_f1: 19.10% (0.190996), test_acc: 38.78% (0.387755), test_f1: 18.63% (0.186275)
input_ids_text device: cuda:0
input_ids_text device: cuda:0
input_ids_text device: cuda:0
input_ids_text device: cuda:0
input_ids_text device: cuda:0
input_ids_text device: cuda:0
input_ids_text device: cuda:0
input_ids_text device: cuda:0
input_ids_text device: cuda:0
input_ids_text device: cuda:0
Batch 100 completed in 0.57 seconds (0.01 minutes)
loss: 1.238945, dev_acc: 40.15% (0.401531), dev_f1: 19.10% (0.190996), test_acc: 38.78% (0.387755), test_f1: 18.63% (0.186275)
input_ids_text device: cuda:0
input_ids_text device: cuda:0
input_ids_text device: cuda:0
input_ids_text device: cuda:0
input_ids_text device: cuda:0
input_ids_text device: cuda:0
input_ids_text device: cuda:0
input_ids_text device: cuda:0
input_ids_text device: cuda:0
input_ids_text device: cuda:0
Batch 110 completed in 0.57 seconds (0.01 minutes)
loss: 1.145195, dev_acc: 40.15% (0.401531), dev_f1: 19.10% (0.190996), test_acc: 38.78% (0.387755), test_f1: 18.63% (0.186275)
input_ids_text device: cuda:0
input_ids_text device: cuda:0
input_ids_text device: cuda:0
input_ids_text device: cuda:0
input_ids_text device: cuda:0
input_ids_text device: cuda:0
input_ids_text device: cuda:0
input_ids_text device: cuda:0
input_ids_text device: cuda:0
input_ids_text device: cuda:0
Batch 120 completed in 0.57 seconds (0.01 minutes)
loss: 1.035820, dev_acc: 40.15% (0.401531), dev_f1: 19.10% (0.190996), test_acc: 38.78% (0.387755), test_f1: 18.63% (0.186275)
input_ids_text device: cuda:0
input_ids_text device: cuda:0
input_ids_text device: cuda:0
input_ids_text device: cuda:0
input_ids_text device: cuda:0
input_ids_text device: cuda:0
input_ids_text device: cuda:0
input_ids_text device: cuda:0
input_ids_text device: cuda:0
input_ids_text device: cuda:0
Batch 130 completed in 0.57 seconds (0.01 minutes)
loss: 1.192070, dev_acc: 40.15% (0.401531), dev_f1: 19.10% (0.190996), test_acc: 38.78% (0.387755), test_f1: 18.63% (0.186275)
input_ids_text device: cuda:0
input_ids_text device: cuda:0
input_ids_text device: cuda:0
input_ids_text device: cuda:0
input_ids_text device: cuda:0
input_ids_text device: cuda:0
input_ids_text device: cuda:0
input_ids_text device: cuda:0
input_ids_text device: cuda:0
input_ids_text device: cuda:0
Batch 140 completed in 0.57 seconds (0.01 minutes)
loss: 1.270195, dev_acc: 40.15% (0.401531), dev_f1: 19.10% (0.190996), test_acc: 38.78% (0.387755), test_f1: 18.63% (0.186275)
input_ids_text device: cuda:0
input_ids_text device: cuda:0
input_ids_text device: cuda:0
input_ids_text device: cuda:0
input_ids_text device: cuda:0
input_ids_text device: cuda:0
input_ids_text device: cuda:0
input_ids_text device: cuda:0
input_ids_text device: cuda:0
input_ids_text device: cuda:0
Batch 150 completed in 0.57 seconds (0.01 minutes)
loss: 1.129570, dev_acc: 40.15% (0.401531), dev_f1: 19.10% (0.190996), test_acc: 38.78% (0.387755), test_f1: 18.63% (0.186275)
input_ids_text device: cuda:0
input_ids_text device: cuda:0
input_ids_text device: cuda:0
input_ids_text device: cuda:0
input_ids_text device: cuda:0
input_ids_text device: cuda:0
input_ids_text device: cuda:0
input_ids_text device: cuda:0
input_ids_text device: cuda:0
input_ids_text device: cuda:0
Batch 160 completed in 0.58 seconds (0.01 minutes)
loss: 1.207695, dev_acc: 40.15% (0.401531), dev_f1: 19.10% (0.190996), test_acc: 38.78% (0.387755), test_f1: 18.63% (0.186275)
input_ids_text device: cuda:0
input_ids_text device: cuda:0
input_ids_text device: cuda:0
input_ids_text device: cuda:0
input_ids_text device: cuda:0
input_ids_text device: cuda:0
input_ids_text device: cuda:0
input_ids_text device: cuda:0
input_ids_text device: cuda:0
input_ids_text device: cuda:0
Batch 170 completed in 0.57 seconds (0.01 minutes)
loss: 1.129570, dev_acc: 40.15% (0.401531), dev_f1: 19.10% (0.190996), test_acc: 38.78% (0.387755), test_f1: 18.63% (0.186275)
input_ids_text device: cuda:0
input_ids_text device: cuda:0
input_ids_text device: cuda:0
input_ids_text device: cuda:0
input_ids_text device: cuda:0
input_ids_text device: cuda:0
input_ids_text device: cuda:0
input_ids_text device: cuda:0
input_ids_text device: cuda:0
input_ids_text device: cuda:0
Batch 180 completed in 0.57 seconds (0.01 minutes)
loss: 1.238945, dev_acc: 40.15% (0.401531), dev_f1: 19.10% (0.190996), test_acc: 38.78% (0.387755), test_f1: 18.63% (0.186275)
input_ids_text device: cuda:0
input_ids_text device: cuda:0
input_ids_text device: cuda:0
Epoch 6 completed in 604.67 seconds (10.08 minutes)
>>>>>>>>>>>>>>>>>>>>>>>>>>>>>>>>>>>>>>>>>>>>>>>>>>>>>>>>>>>>>>>>>>>>>>>>>>>>>>>>>>>>>>>>>>>>>>>>>>>>
epoch: 7
input_ids_text device: cuda:0
Batch 0 completed in 0.57 seconds (0.01 minutes)
loss: 1.192070, dev_acc: 40.15% (0.401531), dev_f1: 19.10% (0.190996), test_acc: 38.78% (0.387755), test_f1: 18.63% (0.186275)
input_ids_text device: cuda:0
input_ids_text device: cuda:0
input_ids_text device: cuda:0
input_ids_text device: cuda:0
input_ids_text device: cuda:0
input_ids_text device: cuda:0
input_ids_text device: cuda:0
input_ids_text device: cuda:0
input_ids_text device: cuda:0
input_ids_text device: cuda:0
Batch 10 completed in 0.57 seconds (0.01 minutes)
loss: 1.223320, dev_acc: 40.15% (0.401531), dev_f1: 19.10% (0.190996), test_acc: 38.78% (0.387755), test_f1: 18.63% (0.186275)
input_ids_text device: cuda:0
input_ids_text device: cuda:0
input_ids_text device: cuda:0
input_ids_text device: cuda:0
input_ids_text device: cuda:0
input_ids_text device: cuda:0
input_ids_text device: cuda:0
input_ids_text device: cuda:0
input_ids_text device: cuda:0
input_ids_text device: cuda:0
Batch 20 completed in 0.57 seconds (0.01 minutes)
loss: 1.176445, dev_acc: 40.15% (0.401531), dev_f1: 19.10% (0.190996), test_acc: 38.78% (0.387755), test_f1: 18.63% (0.186275)
input_ids_text device: cuda:0
input_ids_text device: cuda:0
input_ids_text device: cuda:0
input_ids_text device: cuda:0
input_ids_text device: cuda:0
input_ids_text device: cuda:0
input_ids_text device: cuda:0
input_ids_text device: cuda:0
input_ids_text device: cuda:0
input_ids_text device: cuda:0
Batch 30 completed in 0.58 seconds (0.01 minutes)
loss: 1.176445, dev_acc: 40.15% (0.401531), dev_f1: 19.10% (0.190996), test_acc: 38.78% (0.387755), test_f1: 18.63% (0.186275)
input_ids_text device: cuda:0
input_ids_text device: cuda:0
input_ids_text device: cuda:0
input_ids_text device: cuda:0
input_ids_text device: cuda:0
input_ids_text device: cuda:0
input_ids_text device: cuda:0
input_ids_text device: cuda:0
input_ids_text device: cuda:0
input_ids_text device: cuda:0
Batch 40 completed in 0.57 seconds (0.01 minutes)
loss: 1.051445, dev_acc: 40.15% (0.401531), dev_f1: 19.10% (0.190996), test_acc: 38.78% (0.387755), test_f1: 18.63% (0.186275)
input_ids_text device: cuda:0
input_ids_text device: cuda:0
input_ids_text device: cuda:0
input_ids_text device: cuda:0
input_ids_text device: cuda:0
input_ids_text device: cuda:0
input_ids_text device: cuda:0
input_ids_text device: cuda:0
input_ids_text device: cuda:0
input_ids_text device: cuda:0
Batch 50 completed in 0.57 seconds (0.01 minutes)
loss: 1.207695, dev_acc: 40.15% (0.401531), dev_f1: 19.10% (0.190996), test_acc: 38.78% (0.387755), test_f1: 18.63% (0.186275)
input_ids_text device: cuda:0
input_ids_text device: cuda:0
input_ids_text device: cuda:0
input_ids_text device: cuda:0
input_ids_text device: cuda:0
input_ids_text device: cuda:0
input_ids_text device: cuda:0
input_ids_text device: cuda:0
input_ids_text device: cuda:0
input_ids_text device: cuda:0
Batch 60 completed in 0.57 seconds (0.01 minutes)
loss: 1.160820, dev_acc: 40.15% (0.401531), dev_f1: 19.10% (0.190996), test_acc: 38.78% (0.387755), test_f1: 18.63% (0.186275)
input_ids_text device: cuda:0
input_ids_text device: cuda:0
input_ids_text device: cuda:0
input_ids_text device: cuda:0
input_ids_text device: cuda:0
input_ids_text device: cuda:0
input_ids_text device: cuda:0
input_ids_text device: cuda:0
input_ids_text device: cuda:0
input_ids_text device: cuda:0
Batch 70 completed in 0.57 seconds (0.01 minutes)
loss: 1.145195, dev_acc: 40.15% (0.401531), dev_f1: 19.10% (0.190996), test_acc: 38.78% (0.387755), test_f1: 18.63% (0.186275)
input_ids_text device: cuda:0
input_ids_text device: cuda:0
input_ids_text device: cuda:0
input_ids_text device: cuda:0
input_ids_text device: cuda:0
input_ids_text device: cuda:0
input_ids_text device: cuda:0
input_ids_text device: cuda:0
input_ids_text device: cuda:0
input_ids_text device: cuda:0
Batch 80 completed in 0.57 seconds (0.01 minutes)
loss: 1.082695, dev_acc: 40.15% (0.401531), dev_f1: 19.10% (0.190996), test_acc: 38.78% (0.387755), test_f1: 18.63% (0.186275)
input_ids_text device: cuda:0
input_ids_text device: cuda:0
input_ids_text device: cuda:0
input_ids_text device: cuda:0
input_ids_text device: cuda:0
input_ids_text device: cuda:0
input_ids_text device: cuda:0
input_ids_text device: cuda:0
input_ids_text device: cuda:0
input_ids_text device: cuda:0
Batch 90 completed in 0.57 seconds (0.01 minutes)
loss: 1.160820, dev_acc: 40.15% (0.401531), dev_f1: 19.10% (0.190996), test_acc: 38.78% (0.387755), test_f1: 18.63% (0.186275)
input_ids_text device: cuda:0
input_ids_text device: cuda:0
input_ids_text device: cuda:0
input_ids_text device: cuda:0
input_ids_text device: cuda:0
input_ids_text device: cuda:0
input_ids_text device: cuda:0
input_ids_text device: cuda:0
input_ids_text device: cuda:0
input_ids_text device: cuda:0
Batch 100 completed in 0.57 seconds (0.01 minutes)
loss: 1.207695, dev_acc: 40.15% (0.401531), dev_f1: 19.10% (0.190996), test_acc: 38.78% (0.387755), test_f1: 18.63% (0.186275)
input_ids_text device: cuda:0
input_ids_text device: cuda:0
input_ids_text device: cuda:0
input_ids_text device: cuda:0
input_ids_text device: cuda:0
input_ids_text device: cuda:0
input_ids_text device: cuda:0
input_ids_text device: cuda:0
input_ids_text device: cuda:0
input_ids_text device: cuda:0
Batch 110 completed in 0.58 seconds (0.01 minutes)
loss: 1.129570, dev_acc: 40.15% (0.401531), dev_f1: 19.10% (0.190996), test_acc: 38.78% (0.387755), test_f1: 18.63% (0.186275)
input_ids_text device: cuda:0
input_ids_text device: cuda:0
input_ids_text device: cuda:0
input_ids_text device: cuda:0
input_ids_text device: cuda:0
input_ids_text device: cuda:0
input_ids_text device: cuda:0
input_ids_text device: cuda:0
input_ids_text device: cuda:0
input_ids_text device: cuda:0
Batch 120 completed in 0.57 seconds (0.01 minutes)
loss: 1.113945, dev_acc: 40.15% (0.401531), dev_f1: 19.10% (0.190996), test_acc: 38.78% (0.387755), test_f1: 18.63% (0.186275)
input_ids_text device: cuda:0
input_ids_text device: cuda:0
input_ids_text device: cuda:0
input_ids_text device: cuda:0
input_ids_text device: cuda:0
input_ids_text device: cuda:0
input_ids_text device: cuda:0
input_ids_text device: cuda:0
input_ids_text device: cuda:0
input_ids_text device: cuda:0
Batch 130 completed in 0.58 seconds (0.01 minutes)
loss: 1.192070, dev_acc: 40.15% (0.401531), dev_f1: 19.10% (0.190996), test_acc: 38.78% (0.387755), test_f1: 18.63% (0.186275)
input_ids_text device: cuda:0
input_ids_text device: cuda:0
input_ids_text device: cuda:0
input_ids_text device: cuda:0
input_ids_text device: cuda:0
input_ids_text device: cuda:0
input_ids_text device: cuda:0
input_ids_text device: cuda:0
input_ids_text device: cuda:0
input_ids_text device: cuda:0
Batch 140 completed in 0.57 seconds (0.01 minutes)
loss: 1.113945, dev_acc: 40.15% (0.401531), dev_f1: 19.10% (0.190996), test_acc: 38.78% (0.387755), test_f1: 18.63% (0.186275)
input_ids_text device: cuda:0
input_ids_text device: cuda:0
input_ids_text device: cuda:0
input_ids_text device: cuda:0
input_ids_text device: cuda:0
input_ids_text device: cuda:0
input_ids_text device: cuda:0
input_ids_text device: cuda:0
input_ids_text device: cuda:0
input_ids_text device: cuda:0
Batch 150 completed in 0.57 seconds (0.01 minutes)
loss: 1.223320, dev_acc: 40.15% (0.401531), dev_f1: 19.10% (0.190996), test_acc: 38.78% (0.387755), test_f1: 18.63% (0.186275)
input_ids_text device: cuda:0
input_ids_text device: cuda:0
input_ids_text device: cuda:0
input_ids_text device: cuda:0
input_ids_text device: cuda:0
input_ids_text device: cuda:0
input_ids_text device: cuda:0
input_ids_text device: cuda:0
input_ids_text device: cuda:0
input_ids_text device: cuda:0
Batch 160 completed in 0.57 seconds (0.01 minutes)
loss: 1.129570, dev_acc: 40.15% (0.401531), dev_f1: 19.10% (0.190996), test_acc: 38.78% (0.387755), test_f1: 18.63% (0.186275)
input_ids_text device: cuda:0
input_ids_text device: cuda:0
input_ids_text device: cuda:0
input_ids_text device: cuda:0
input_ids_text device: cuda:0
input_ids_text device: cuda:0
input_ids_text device: cuda:0
input_ids_text device: cuda:0
input_ids_text device: cuda:0
input_ids_text device: cuda:0
Batch 170 completed in 0.57 seconds (0.01 minutes)
loss: 1.113945, dev_acc: 40.15% (0.401531), dev_f1: 19.10% (0.190996), test_acc: 38.78% (0.387755), test_f1: 18.63% (0.186275)
input_ids_text device: cuda:0
input_ids_text device: cuda:0
input_ids_text device: cuda:0
input_ids_text device: cuda:0
input_ids_text device: cuda:0
input_ids_text device: cuda:0
input_ids_text device: cuda:0
input_ids_text device: cuda:0
input_ids_text device: cuda:0
input_ids_text device: cuda:0
Batch 180 completed in 0.57 seconds (0.01 minutes)
loss: 1.176445, dev_acc: 40.15% (0.401531), dev_f1: 19.10% (0.190996), test_acc: 38.78% (0.387755), test_f1: 18.63% (0.186275)
input_ids_text device: cuda:0
input_ids_text device: cuda:0
input_ids_text device: cuda:0
Epoch 7 completed in 604.58 seconds (10.08 minutes)
>>>>>>>>>>>>>>>>>>>>>>>>>>>>>>>>>>>>>>>>>>>>>>>>>>>>>>>>>>>>>>>>>>>>>>>>>>>>>>>>>>>>>>>>>>>>>>>>>>>>
epoch: 8
input_ids_text device: cuda:0
Batch 0 completed in 0.58 seconds (0.01 minutes)
loss: 1.160820, dev_acc: 40.15% (0.401531), dev_f1: 19.10% (0.190996), test_acc: 38.78% (0.387755), test_f1: 18.63% (0.186275)
input_ids_text device: cuda:0
input_ids_text device: cuda:0
input_ids_text device: cuda:0
input_ids_text device: cuda:0
input_ids_text device: cuda:0
input_ids_text device: cuda:0
input_ids_text device: cuda:0
input_ids_text device: cuda:0
input_ids_text device: cuda:0
input_ids_text device: cuda:0
Batch 10 completed in 0.57 seconds (0.01 minutes)
loss: 1.192070, dev_acc: 40.15% (0.401531), dev_f1: 19.10% (0.190996), test_acc: 38.78% (0.387755), test_f1: 18.63% (0.186275)
input_ids_text device: cuda:0
input_ids_text device: cuda:0
input_ids_text device: cuda:0
input_ids_text device: cuda:0
input_ids_text device: cuda:0
input_ids_text device: cuda:0
input_ids_text device: cuda:0
input_ids_text device: cuda:0
input_ids_text device: cuda:0
input_ids_text device: cuda:0
Batch 20 completed in 0.57 seconds (0.01 minutes)
loss: 1.145195, dev_acc: 40.15% (0.401531), dev_f1: 19.10% (0.190996), test_acc: 38.78% (0.387755), test_f1: 18.63% (0.186275)
input_ids_text device: cuda:0
input_ids_text device: cuda:0
input_ids_text device: cuda:0
input_ids_text device: cuda:0
input_ids_text device: cuda:0
input_ids_text device: cuda:0
input_ids_text device: cuda:0
input_ids_text device: cuda:0
input_ids_text device: cuda:0
input_ids_text device: cuda:0
Batch 30 completed in 0.57 seconds (0.01 minutes)
loss: 1.254570, dev_acc: 40.15% (0.401531), dev_f1: 19.10% (0.190996), test_acc: 38.78% (0.387755), test_f1: 18.63% (0.186275)
input_ids_text device: cuda:0
input_ids_text device: cuda:0
input_ids_text device: cuda:0
input_ids_text device: cuda:0
input_ids_text device: cuda:0
input_ids_text device: cuda:0
input_ids_text device: cuda:0
input_ids_text device: cuda:0
input_ids_text device: cuda:0
input_ids_text device: cuda:0
Batch 40 completed in 0.57 seconds (0.01 minutes)
loss: 1.129570, dev_acc: 40.15% (0.401531), dev_f1: 19.10% (0.190996), test_acc: 38.78% (0.387755), test_f1: 18.63% (0.186275)
input_ids_text device: cuda:0
input_ids_text device: cuda:0
input_ids_text device: cuda:0
input_ids_text device: cuda:0
input_ids_text device: cuda:0
input_ids_text device: cuda:0
input_ids_text device: cuda:0
input_ids_text device: cuda:0
input_ids_text device: cuda:0
input_ids_text device: cuda:0
Batch 50 completed in 0.57 seconds (0.01 minutes)
loss: 1.113945, dev_acc: 40.15% (0.401531), dev_f1: 19.10% (0.190996), test_acc: 38.78% (0.387755), test_f1: 18.63% (0.186275)
input_ids_text device: cuda:0
input_ids_text device: cuda:0
input_ids_text device: cuda:0
input_ids_text device: cuda:0
input_ids_text device: cuda:0
input_ids_text device: cuda:0
input_ids_text device: cuda:0
input_ids_text device: cuda:0
input_ids_text device: cuda:0
input_ids_text device: cuda:0
Batch 60 completed in 0.57 seconds (0.01 minutes)
loss: 1.082695, dev_acc: 40.15% (0.401531), dev_f1: 19.10% (0.190996), test_acc: 38.78% (0.387755), test_f1: 18.63% (0.186275)
input_ids_text device: cuda:0
input_ids_text device: cuda:0
input_ids_text device: cuda:0
input_ids_text device: cuda:0
input_ids_text device: cuda:0
input_ids_text device: cuda:0
input_ids_text device: cuda:0
input_ids_text device: cuda:0
input_ids_text device: cuda:0
input_ids_text device: cuda:0
Batch 70 completed in 0.57 seconds (0.01 minutes)
loss: 1.098320, dev_acc: 40.15% (0.401531), dev_f1: 19.10% (0.190996), test_acc: 38.78% (0.387755), test_f1: 18.63% (0.186275)
input_ids_text device: cuda:0
input_ids_text device: cuda:0
input_ids_text device: cuda:0
input_ids_text device: cuda:0
input_ids_text device: cuda:0
input_ids_text device: cuda:0
input_ids_text device: cuda:0
input_ids_text device: cuda:0
input_ids_text device: cuda:0
input_ids_text device: cuda:0
Batch 80 completed in 0.57 seconds (0.01 minutes)
loss: 1.067070, dev_acc: 40.15% (0.401531), dev_f1: 19.10% (0.190996), test_acc: 38.78% (0.387755), test_f1: 18.63% (0.186275)
input_ids_text device: cuda:0
input_ids_text device: cuda:0
input_ids_text device: cuda:0
input_ids_text device: cuda:0
input_ids_text device: cuda:0
input_ids_text device: cuda:0
input_ids_text device: cuda:0
input_ids_text device: cuda:0
input_ids_text device: cuda:0
input_ids_text device: cuda:0
Batch 90 completed in 0.57 seconds (0.01 minutes)
loss: 1.332695, dev_acc: 40.15% (0.401531), dev_f1: 19.10% (0.190996), test_acc: 38.78% (0.387755), test_f1: 18.63% (0.186275)
input_ids_text device: cuda:0
input_ids_text device: cuda:0
input_ids_text device: cuda:0
input_ids_text device: cuda:0
input_ids_text device: cuda:0
input_ids_text device: cuda:0
input_ids_text device: cuda:0
input_ids_text device: cuda:0
input_ids_text device: cuda:0
input_ids_text device: cuda:0
Batch 100 completed in 0.58 seconds (0.01 minutes)
loss: 1.176445, dev_acc: 40.15% (0.401531), dev_f1: 19.10% (0.190996), test_acc: 38.78% (0.387755), test_f1: 18.63% (0.186275)
input_ids_text device: cuda:0
input_ids_text device: cuda:0
input_ids_text device: cuda:0
input_ids_text device: cuda:0
input_ids_text device: cuda:0
input_ids_text device: cuda:0
input_ids_text device: cuda:0
input_ids_text device: cuda:0
input_ids_text device: cuda:0
input_ids_text device: cuda:0
Batch 110 completed in 0.57 seconds (0.01 minutes)
loss: 1.113945, dev_acc: 40.15% (0.401531), dev_f1: 19.10% (0.190996), test_acc: 38.78% (0.387755), test_f1: 18.63% (0.186275)
input_ids_text device: cuda:0
input_ids_text device: cuda:0
input_ids_text device: cuda:0
input_ids_text device: cuda:0
input_ids_text device: cuda:0
input_ids_text device: cuda:0
input_ids_text device: cuda:0
input_ids_text device: cuda:0
input_ids_text device: cuda:0
input_ids_text device: cuda:0
Batch 120 completed in 0.57 seconds (0.01 minutes)
loss: 1.051445, dev_acc: 40.15% (0.401531), dev_f1: 19.10% (0.190996), test_acc: 38.78% (0.387755), test_f1: 18.63% (0.186275)
input_ids_text device: cuda:0
input_ids_text device: cuda:0
input_ids_text device: cuda:0
input_ids_text device: cuda:0
input_ids_text device: cuda:0
input_ids_text device: cuda:0
input_ids_text device: cuda:0
input_ids_text device: cuda:0
input_ids_text device: cuda:0
input_ids_text device: cuda:0
Batch 130 completed in 0.57 seconds (0.01 minutes)
loss: 1.145195, dev_acc: 40.15% (0.401531), dev_f1: 19.10% (0.190996), test_acc: 38.78% (0.387755), test_f1: 18.63% (0.186275)
input_ids_text device: cuda:0
input_ids_text device: cuda:0
input_ids_text device: cuda:0
input_ids_text device: cuda:0
input_ids_text device: cuda:0
input_ids_text device: cuda:0
input_ids_text device: cuda:0
input_ids_text device: cuda:0
input_ids_text device: cuda:0
input_ids_text device: cuda:0
Batch 140 completed in 0.58 seconds (0.01 minutes)
loss: 1.223320, dev_acc: 40.15% (0.401531), dev_f1: 19.10% (0.190996), test_acc: 38.78% (0.387755), test_f1: 18.63% (0.186275)
input_ids_text device: cuda:0
input_ids_text device: cuda:0
input_ids_text device: cuda:0
input_ids_text device: cuda:0
input_ids_text device: cuda:0
input_ids_text device: cuda:0
input_ids_text device: cuda:0
input_ids_text device: cuda:0
input_ids_text device: cuda:0
input_ids_text device: cuda:0
Batch 150 completed in 0.58 seconds (0.01 minutes)
loss: 1.129570, dev_acc: 40.15% (0.401531), dev_f1: 19.10% (0.190996), test_acc: 38.78% (0.387755), test_f1: 18.63% (0.186275)
input_ids_text device: cuda:0
input_ids_text device: cuda:0
input_ids_text device: cuda:0
input_ids_text device: cuda:0
input_ids_text device: cuda:0
input_ids_text device: cuda:0
input_ids_text device: cuda:0
input_ids_text device: cuda:0
input_ids_text device: cuda:0
input_ids_text device: cuda:0
Batch 160 completed in 0.58 seconds (0.01 minutes)
loss: 1.082695, dev_acc: 40.15% (0.401531), dev_f1: 19.10% (0.190996), test_acc: 38.78% (0.387755), test_f1: 18.63% (0.186275)
input_ids_text device: cuda:0
input_ids_text device: cuda:0
input_ids_text device: cuda:0
input_ids_text device: cuda:0
input_ids_text device: cuda:0
input_ids_text device: cuda:0
input_ids_text device: cuda:0
input_ids_text device: cuda:0
input_ids_text device: cuda:0
input_ids_text device: cuda:0
Batch 170 completed in 0.57 seconds (0.01 minutes)
loss: 1.192070, dev_acc: 40.15% (0.401531), dev_f1: 19.10% (0.190996), test_acc: 38.78% (0.387755), test_f1: 18.63% (0.186275)
input_ids_text device: cuda:0
input_ids_text device: cuda:0
input_ids_text device: cuda:0
input_ids_text device: cuda:0
input_ids_text device: cuda:0
input_ids_text device: cuda:0
input_ids_text device: cuda:0
input_ids_text device: cuda:0
input_ids_text device: cuda:0
input_ids_text device: cuda:0
Batch 180 completed in 0.57 seconds (0.01 minutes)
loss: 1.176445, dev_acc: 40.15% (0.401531), dev_f1: 19.10% (0.190996), test_acc: 38.78% (0.387755), test_f1: 18.63% (0.186275)
input_ids_text device: cuda:0
input_ids_text device: cuda:0
input_ids_text device: cuda:0
Epoch 8 completed in 604.25 seconds (10.07 minutes)
>>>>>>>>>>>>>>>>>>>>>>>>>>>>>>>>>>>>>>>>>>>>>>>>>>>>>>>>>>>>>>>>>>>>>>>>>>>>>>>>>>>>>>>>>>>>>>>>>>>>
epoch: 9
input_ids_text device: cuda:0
Batch 0 completed in 0.57 seconds (0.01 minutes)
loss: 1.082695, dev_acc: 40.15% (0.401531), dev_f1: 19.10% (0.190996), test_acc: 38.78% (0.387755), test_f1: 18.63% (0.186275)
input_ids_text device: cuda:0
input_ids_text device: cuda:0
input_ids_text device: cuda:0
input_ids_text device: cuda:0
input_ids_text device: cuda:0
input_ids_text device: cuda:0
input_ids_text device: cuda:0
input_ids_text device: cuda:0
input_ids_text device: cuda:0
input_ids_text device: cuda:0
Batch 10 completed in 0.57 seconds (0.01 minutes)
loss: 1.082695, dev_acc: 40.15% (0.401531), dev_f1: 19.10% (0.190996), test_acc: 38.78% (0.387755), test_f1: 18.63% (0.186275)
input_ids_text device: cuda:0
input_ids_text device: cuda:0
input_ids_text device: cuda:0
input_ids_text device: cuda:0
input_ids_text device: cuda:0
input_ids_text device: cuda:0
input_ids_text device: cuda:0
input_ids_text device: cuda:0
input_ids_text device: cuda:0
input_ids_text device: cuda:0
Batch 20 completed in 0.57 seconds (0.01 minutes)
loss: 1.160820, dev_acc: 40.15% (0.401531), dev_f1: 19.10% (0.190996), test_acc: 38.78% (0.387755), test_f1: 18.63% (0.186275)
input_ids_text device: cuda:0
input_ids_text device: cuda:0
input_ids_text device: cuda:0
input_ids_text device: cuda:0
input_ids_text device: cuda:0
input_ids_text device: cuda:0
input_ids_text device: cuda:0
input_ids_text device: cuda:0
input_ids_text device: cuda:0
input_ids_text device: cuda:0
Batch 30 completed in 0.57 seconds (0.01 minutes)
loss: 1.160820, dev_acc: 40.15% (0.401531), dev_f1: 19.10% (0.190996), test_acc: 38.78% (0.387755), test_f1: 18.63% (0.186275)
input_ids_text device: cuda:0
input_ids_text device: cuda:0
input_ids_text device: cuda:0
input_ids_text device: cuda:0
input_ids_text device: cuda:0
input_ids_text device: cuda:0
input_ids_text device: cuda:0
input_ids_text device: cuda:0
input_ids_text device: cuda:0
input_ids_text device: cuda:0
Batch 40 completed in 0.57 seconds (0.01 minutes)
loss: 1.098320, dev_acc: 40.15% (0.401531), dev_f1: 19.10% (0.190996), test_acc: 38.78% (0.387755), test_f1: 18.63% (0.186275)
input_ids_text device: cuda:0
input_ids_text device: cuda:0
input_ids_text device: cuda:0
input_ids_text device: cuda:0
input_ids_text device: cuda:0
input_ids_text device: cuda:0
input_ids_text device: cuda:0
input_ids_text device: cuda:0
input_ids_text device: cuda:0
input_ids_text device: cuda:0
Batch 50 completed in 0.57 seconds (0.01 minutes)
loss: 1.176445, dev_acc: 40.15% (0.401531), dev_f1: 19.10% (0.190996), test_acc: 38.78% (0.387755), test_f1: 18.63% (0.186275)
input_ids_text device: cuda:0
input_ids_text device: cuda:0
input_ids_text device: cuda:0
input_ids_text device: cuda:0
input_ids_text device: cuda:0
input_ids_text device: cuda:0
input_ids_text device: cuda:0
input_ids_text device: cuda:0
input_ids_text device: cuda:0
input_ids_text device: cuda:0
Batch 60 completed in 0.57 seconds (0.01 minutes)
loss: 1.145195, dev_acc: 40.15% (0.401531), dev_f1: 19.10% (0.190996), test_acc: 38.78% (0.387755), test_f1: 18.63% (0.186275)
input_ids_text device: cuda:0
input_ids_text device: cuda:0
input_ids_text device: cuda:0
input_ids_text device: cuda:0
input_ids_text device: cuda:0
input_ids_text device: cuda:0
input_ids_text device: cuda:0
input_ids_text device: cuda:0
input_ids_text device: cuda:0
input_ids_text device: cuda:0
Batch 70 completed in 0.57 seconds (0.01 minutes)
loss: 1.051445, dev_acc: 40.15% (0.401531), dev_f1: 19.10% (0.190996), test_acc: 38.78% (0.387755), test_f1: 18.63% (0.186275)
input_ids_text device: cuda:0
input_ids_text device: cuda:0
input_ids_text device: cuda:0
input_ids_text device: cuda:0
input_ids_text device: cuda:0
input_ids_text device: cuda:0
input_ids_text device: cuda:0
input_ids_text device: cuda:0
input_ids_text device: cuda:0
input_ids_text device: cuda:0
Batch 80 completed in 0.57 seconds (0.01 minutes)
loss: 1.176445, dev_acc: 40.15% (0.401531), dev_f1: 19.10% (0.190996), test_acc: 38.78% (0.387755), test_f1: 18.63% (0.186275)
input_ids_text device: cuda:0
input_ids_text device: cuda:0
input_ids_text device: cuda:0
input_ids_text device: cuda:0
input_ids_text device: cuda:0
input_ids_text device: cuda:0
input_ids_text device: cuda:0
input_ids_text device: cuda:0
input_ids_text device: cuda:0
input_ids_text device: cuda:0
Batch 90 completed in 0.57 seconds (0.01 minutes)
loss: 1.192070, dev_acc: 40.15% (0.401531), dev_f1: 19.10% (0.190996), test_acc: 38.78% (0.387755), test_f1: 18.63% (0.186275)
input_ids_text device: cuda:0
input_ids_text device: cuda:0
input_ids_text device: cuda:0
input_ids_text device: cuda:0
input_ids_text device: cuda:0
input_ids_text device: cuda:0
input_ids_text device: cuda:0
input_ids_text device: cuda:0
input_ids_text device: cuda:0
input_ids_text device: cuda:0
Batch 100 completed in 0.57 seconds (0.01 minutes)
loss: 1.254570, dev_acc: 40.15% (0.401531), dev_f1: 19.10% (0.190996), test_acc: 38.78% (0.387755), test_f1: 18.63% (0.186275)
input_ids_text device: cuda:0
input_ids_text device: cuda:0
input_ids_text device: cuda:0
input_ids_text device: cuda:0
input_ids_text device: cuda:0
input_ids_text device: cuda:0
input_ids_text device: cuda:0
input_ids_text device: cuda:0
input_ids_text device: cuda:0
input_ids_text device: cuda:0
Batch 110 completed in 0.57 seconds (0.01 minutes)
loss: 1.223320, dev_acc: 40.15% (0.401531), dev_f1: 19.10% (0.190996), test_acc: 38.78% (0.387755), test_f1: 18.63% (0.186275)
input_ids_text device: cuda:0
input_ids_text device: cuda:0
input_ids_text device: cuda:0
input_ids_text device: cuda:0
input_ids_text device: cuda:0
input_ids_text device: cuda:0
input_ids_text device: cuda:0
input_ids_text device: cuda:0
input_ids_text device: cuda:0
input_ids_text device: cuda:0
Batch 120 completed in 0.57 seconds (0.01 minutes)
loss: 1.176445, dev_acc: 40.15% (0.401531), dev_f1: 19.10% (0.190996), test_acc: 38.78% (0.387755), test_f1: 18.63% (0.186275)
input_ids_text device: cuda:0
input_ids_text device: cuda:0
input_ids_text device: cuda:0
input_ids_text device: cuda:0
input_ids_text device: cuda:0
input_ids_text device: cuda:0
input_ids_text device: cuda:0
input_ids_text device: cuda:0
input_ids_text device: cuda:0
input_ids_text device: cuda:0
Batch 130 completed in 0.57 seconds (0.01 minutes)
loss: 1.145195, dev_acc: 40.15% (0.401531), dev_f1: 19.10% (0.190996), test_acc: 38.78% (0.387755), test_f1: 18.63% (0.186275)
input_ids_text device: cuda:0
input_ids_text device: cuda:0
input_ids_text device: cuda:0
input_ids_text device: cuda:0
input_ids_text device: cuda:0
input_ids_text device: cuda:0
input_ids_text device: cuda:0
input_ids_text device: cuda:0
input_ids_text device: cuda:0
input_ids_text device: cuda:0
Batch 140 completed in 0.57 seconds (0.01 minutes)
loss: 1.098320, dev_acc: 40.15% (0.401531), dev_f1: 19.10% (0.190996), test_acc: 38.78% (0.387755), test_f1: 18.63% (0.186275)
input_ids_text device: cuda:0
input_ids_text device: cuda:0
input_ids_text device: cuda:0
input_ids_text device: cuda:0
input_ids_text device: cuda:0
input_ids_text device: cuda:0
input_ids_text device: cuda:0
input_ids_text device: cuda:0
input_ids_text device: cuda:0
input_ids_text device: cuda:0
Batch 150 completed in 0.58 seconds (0.01 minutes)
loss: 1.129570, dev_acc: 40.15% (0.401531), dev_f1: 19.10% (0.190996), test_acc: 38.78% (0.387755), test_f1: 18.63% (0.186275)
input_ids_text device: cuda:0
input_ids_text device: cuda:0
input_ids_text device: cuda:0
input_ids_text device: cuda:0
input_ids_text device: cuda:0
input_ids_text device: cuda:0
input_ids_text device: cuda:0
input_ids_text device: cuda:0
input_ids_text device: cuda:0
input_ids_text device: cuda:0
Batch 160 completed in 0.58 seconds (0.01 minutes)
loss: 1.176445, dev_acc: 40.15% (0.401531), dev_f1: 19.10% (0.190996), test_acc: 38.78% (0.387755), test_f1: 18.63% (0.186275)
input_ids_text device: cuda:0
input_ids_text device: cuda:0
input_ids_text device: cuda:0
input_ids_text device: cuda:0
input_ids_text device: cuda:0
input_ids_text device: cuda:0
input_ids_text device: cuda:0
input_ids_text device: cuda:0
input_ids_text device: cuda:0
input_ids_text device: cuda:0
Batch 170 completed in 0.57 seconds (0.01 minutes)
loss: 1.129570, dev_acc: 40.15% (0.401531), dev_f1: 19.10% (0.190996), test_acc: 38.78% (0.387755), test_f1: 18.63% (0.186275)
input_ids_text device: cuda:0
input_ids_text device: cuda:0
input_ids_text device: cuda:0
input_ids_text device: cuda:0
input_ids_text device: cuda:0
input_ids_text device: cuda:0
input_ids_text device: cuda:0
input_ids_text device: cuda:0
input_ids_text device: cuda:0
input_ids_text device: cuda:0
Batch 180 completed in 0.57 seconds (0.01 minutes)
loss: 1.254570, dev_acc: 40.15% (0.401531), dev_f1: 19.10% (0.190996), test_acc: 38.78% (0.387755), test_f1: 18.63% (0.186275)
input_ids_text device: cuda:0
input_ids_text device: cuda:0
input_ids_text device: cuda:0
Epoch 9 completed in 604.31 seconds (10.07 minutes)
Max dev F1: 23.07% (0.230675), Max test F1: 23.31% (0.233134)
Environment variable SLURM_JOB_OUTPUT not set. Cannot save training loss plot.
