DMLAN_dmlanfusion_mvsa-mts-v3_lr0.0005_dr0.5
SLURM Job ID: 19776296
Number of GPUs available: 1
Python PATH: ['/home/rgg2706/Multimodal-Sentiment-Analysis/Models', '/home/rgg2706/Multimodal-Sentiment-Analysis/Models/DMLAN/src', '/home/rgg2706/Multimodal-Sentiment-Analysis', '/Models/DMLAN/src', '/.autofs/tools/spack/var/spack/environments/default-nlp-x86_64-24072401/.spack-env/._view/wtxwc3mlkmzy7fbaxlum2674jarpitc2/lib/python311.zip', '/.autofs/tools/spack/var/spack/environments/default-nlp-x86_64-24072401/.spack-env/._view/wtxwc3mlkmzy7fbaxlum2674jarpitc2/lib/python3.11', '/.autofs/tools/spack/var/spack/environments/default-nlp-x86_64-24072401/.spack-env/._view/wtxwc3mlkmzy7fbaxlum2674jarpitc2/lib/python3.11/lib-dynload', '/.autofs/tools/spack/var/spack/environments/default-nlp-x86_64-24072401/.spack-env/._view/wtxwc3mlkmzy7fbaxlum2674jarpitc2/lib/python3.11/site-packages']
Logs directory: /home/rgg2706/Multimodal-Sentiment-Analysis/Logs/DMLAN/2025-02-04/sub-4/015_Feb-04-2025_01:49_PM
> training arguments:
>>> rand_seed: 8
>>> model_fusion: dmlanfusion
>>> dataset: mvsa-mts-v3
>>> optimizer: <class 'torch.optim.adam.Adam'>
>>> initializer: <function xavier_uniform_ at 0x7f43d17c9580>
>>> learning_rate: 0.0005
>>> dropout_rate: 0.5
>>> weight_decay: 0.0
>>> num_layers: 3
>>> num_epoch: 70
>>> batch_size: 256
>>> log_step: 60
>>> max_seq_len: 64
>>> polarities_dim: 3
>>> clip_grad: 5.0
>>> path_image: ./images
>>> crop_size: 224
>>> n_head: 8
>>> hidden_dim: 768
>>> num_classes: 3
>>> log_dir: /home/rgg2706/Multimodal-Sentiment-Analysis/Logs/DMLAN/2025-02-04/sub-4/015_Feb-04-2025_01:49_PM
>>> counter: 0
>>> model_class: <class 'models.dmlanfusion.DMLANFUSION'>
Loading dataset 'mvsa-mts-v3':
  Train path: Datasets//MVSA-MTS/mvsa-mts-v3/train.tsv
  Validation path: Datasets//MVSA-MTS/mvsa-mts-v3/val.tsv
  Test path: Datasets//MVSA-MTS/mvsa-mts-v3/test.tsv
loading word vectors...
building embedding_matrix: 200_glove_embedding_matrix.dat
-------------- Loading Datasets//MVSA-MTS/mvsa-mts-v3/train.tsv ---------------
Time taken to load Datasets//MVSA-MTS/mvsa-mts-v3/train.tsv: 84.86 seconds (1.41 minutes)
The number of problematic samples: 2
-------------- Loading Datasets//MVSA-MTS/mvsa-mts-v3/val.tsv ---------------
Time taken to load Datasets//MVSA-MTS/mvsa-mts-v3/val.tsv: 10.77 seconds (0.18 minutes)
The number of problematic samples: 0
-------------- Loading Datasets//MVSA-MTS/mvsa-mts-v3/test.tsv ---------------
Time taken to load Datasets//MVSA-MTS/mvsa-mts-v3/test.tsv: 10.89 seconds (0.18 minutes)
The number of problematic samples: 1
Total Training Samples: 17027
Number of Training Samples: 13621
Number of Validation Samples: 1703
Number of Test Samples: 1703
Number of unique sentiment classes: 3
Building model
1
n_trainable_params: 3642725, n_nontrainable_params: 0
No weight decay
>>>>>>>>>>>>>>>>>>>>>>>>>>>>>>>>>>>>>>>>>>>>>>>>>>>>>>>>>>>>>>>>>>>>>>>>>>>>>>>>>>>>>>>>>>>>>>>>>>>>
epoch: 0
outputs.shape: torch.Size([256, 3])
outputs.dtype: torch.float32
2
Batch 0 completed in 0.72 seconds (0.01 minutes)
New best val_f1: 0.217563 (previous best: 0.000000)
loss: 1.119365, val_acc: 48.44% (0.484439), val_f1: 21.76% (0.217563), test_acc: 48.27% (0.482678), test_f1: 21.70% (0.217030)
Epoch 0 completed in 24.02 seconds (0.40 minutes)
>>>>>>>>>>>>>>>>>>>>>>>>>>>>>>>>>>>>>>>>>>>>>>>>>>>>>>>>>>>>>>>>>>>>>>>>>>>>>>>>>>>>>>>>>>>>>>>>>>>>
epoch: 1
Batch 0 completed in 0.25 seconds (0.00 minutes)
New best val_f1: 0.245717 (previous best: 0.217563)
loss: 1.045825, val_acc: 48.91% (0.489137), val_f1: 24.57% (0.245717), test_acc: 48.62% (0.486201), test_f1: 23.94% (0.239354)
Epoch 1 completed in 23.20 seconds (0.39 minutes)
>>>>>>>>>>>>>>>>>>>>>>>>>>>>>>>>>>>>>>>>>>>>>>>>>>>>>>>>>>>>>>>>>>>>>>>>>>>>>>>>>>>>>>>>>>>>>>>>>>>>
epoch: 2
Batch 0 completed in 0.25 seconds (0.00 minutes)
New best val_f1: 0.264202 (previous best: 0.245717)
loss: 1.044201, val_acc: 48.80% (0.487962), val_f1: 26.42% (0.264202), test_acc: 47.86% (0.478567), test_f1: 25.26% (0.252553)
Epoch 2 completed in 23.46 seconds (0.39 minutes)
>>>>>>>>>>>>>>>>>>>>>>>>>>>>>>>>>>>>>>>>>>>>>>>>>>>>>>>>>>>>>>>>>>>>>>>>>>>>>>>>>>>>>>>>>>>>>>>>>>>>
epoch: 3
Batch 0 completed in 0.25 seconds (0.00 minutes)
loss: 0.995283, val_acc: 48.74% (0.487375), val_f1: 25.65% (0.256450), test_acc: 49.09% (0.490898), test_f1: 26.24% (0.262387)
Epoch 3 completed in 23.43 seconds (0.39 minutes)
>>>>>>>>>>>>>>>>>>>>>>>>>>>>>>>>>>>>>>>>>>>>>>>>>>>>>>>>>>>>>>>>>>>>>>>>>>>>>>>>>>>>>>>>>>>>>>>>>>>>
epoch: 4
Batch 0 completed in 0.26 seconds (0.00 minutes)
loss: 0.996139, val_acc: 48.39% (0.483852), val_f1: 21.88% (0.218795), test_acc: 48.27% (0.482678), test_f1: 21.85% (0.218477)
Epoch 4 completed in 23.51 seconds (0.39 minutes)
>>>>>>>>>>>>>>>>>>>>>>>>>>>>>>>>>>>>>>>>>>>>>>>>>>>>>>>>>>>>>>>>>>>>>>>>>>>>>>>>>>>>>>>>>>>>>>>>>>>>
epoch: 5
Batch 0 completed in 0.26 seconds (0.00 minutes)
loss: 0.988135, val_acc: 48.74% (0.487375), val_f1: 24.89% (0.248878), test_acc: 48.56% (0.485614), test_f1: 24.85% (0.248519)
Epoch 5 completed in 23.22 seconds (0.39 minutes)
>>>>>>>>>>>>>>>>>>>>>>>>>>>>>>>>>>>>>>>>>>>>>>>>>>>>>>>>>>>>>>>>>>>>>>>>>>>>>>>>>>>>>>>>>>>>>>>>>>>>
epoch: 6
Batch 0 completed in 0.26 seconds (0.00 minutes)
loss: 0.994377, val_acc: 48.39% (0.483852), val_f1: 21.88% (0.218792), test_acc: 48.15% (0.481503), test_f1: 21.68% (0.216759)
Epoch 6 completed in 23.26 seconds (0.39 minutes)
>>>>>>>>>>>>>>>>>>>>>>>>>>>>>>>>>>>>>>>>>>>>>>>>>>>>>>>>>>>>>>>>>>>>>>>>>>>>>>>>>>>>>>>>>>>>>>>>>>>>
epoch: 7
Batch 0 completed in 0.25 seconds (0.00 minutes)
New best val_f1: 0.307072 (previous best: 0.264202)
loss: 0.961344, val_acc: 49.15% (0.491486), val_f1: 30.71% (0.307072), test_acc: 49.50% (0.495009), test_f1: 31.69% (0.316899)
Epoch 7 completed in 23.64 seconds (0.39 minutes)
>>>>>>>>>>>>>>>>>>>>>>>>>>>>>>>>>>>>>>>>>>>>>>>>>>>>>>>>>>>>>>>>>>>>>>>>>>>>>>>>>>>>>>>>>>>>>>>>>>>>
epoch: 8
Batch 0 completed in 0.26 seconds (0.00 minutes)
loss: 0.961220, val_acc: 48.80% (0.487962), val_f1: 26.82% (0.268194), test_acc: 48.91% (0.489137), test_f1: 26.72% (0.267150)
Epoch 8 completed in 23.46 seconds (0.39 minutes)
>>>>>>>>>>>>>>>>>>>>>>>>>>>>>>>>>>>>>>>>>>>>>>>>>>>>>>>>>>>>>>>>>>>>>>>>>>>>>>>>>>>>>>>>>>>>>>>>>>>>
epoch: 9
Batch 0 completed in 0.26 seconds (0.00 minutes)
loss: 0.952246, val_acc: 48.44% (0.484439), val_f1: 22.18% (0.221752), test_acc: 48.27% (0.482678), test_f1: 21.87% (0.218725)
Epoch 9 completed in 23.40 seconds (0.39 minutes)
>>>>>>>>>>>>>>>>>>>>>>>>>>>>>>>>>>>>>>>>>>>>>>>>>>>>>>>>>>>>>>>>>>>>>>>>>>>>>>>>>>>>>>>>>>>>>>>>>>>>
epoch: 10
Batch 0 completed in 0.26 seconds (0.00 minutes)
New best val_f1: 0.314257 (previous best: 0.307072)
loss: 0.903407, val_acc: 47.09% (0.470934), val_f1: 31.43% (0.314257), test_acc: 48.68% (0.486788), test_f1: 33.76% (0.337631)
Epoch 10 completed in 23.46 seconds (0.39 minutes)
>>>>>>>>>>>>>>>>>>>>>>>>>>>>>>>>>>>>>>>>>>>>>>>>>>>>>>>>>>>>>>>>>>>>>>>>>>>>>>>>>>>>>>>>>>>>>>>>>>>>
epoch: 11
Batch 0 completed in 0.26 seconds (0.00 minutes)
New best val_f1: 0.347012 (previous best: 0.314257)
loss: 0.832835, val_acc: 45.57% (0.455666), val_f1: 34.70% (0.347012), test_acc: 46.27% (0.462713), test_f1: 35.13% (0.351255)
Epoch 11 completed in 23.69 seconds (0.39 minutes)
>>>>>>>>>>>>>>>>>>>>>>>>>>>>>>>>>>>>>>>>>>>>>>>>>>>>>>>>>>>>>>>>>>>>>>>>>>>>>>>>>>>>>>>>>>>>>>>>>>>>
epoch: 12
Batch 0 completed in 0.26 seconds (0.00 minutes)
loss: 0.890341, val_acc: 47.33% (0.473282), val_f1: 34.42% (0.344194), test_acc: 46.86% (0.468585), test_f1: 34.12% (0.341197)
Epoch 12 completed in 23.41 seconds (0.39 minutes)
>>>>>>>>>>>>>>>>>>>>>>>>>>>>>>>>>>>>>>>>>>>>>>>>>>>>>>>>>>>>>>>>>>>>>>>>>>>>>>>>>>>>>>>>>>>>>>>>>>>>
epoch: 13
Batch 0 completed in 0.26 seconds (0.00 minutes)
loss: 0.898162, val_acc: 49.09% (0.490898), val_f1: 30.79% (0.307856), test_acc: 48.74% (0.487375), test_f1: 30.83% (0.308263)
Epoch 13 completed in 23.30 seconds (0.39 minutes)
>>>>>>>>>>>>>>>>>>>>>>>>>>>>>>>>>>>>>>>>>>>>>>>>>>>>>>>>>>>>>>>>>>>>>>>>>>>>>>>>>>>>>>>>>>>>>>>>>>>>
epoch: 14
Batch 0 completed in 0.26 seconds (0.00 minutes)
New best val_f1: 0.365764 (previous best: 0.347012)
loss: 0.803449, val_acc: 46.45% (0.464474), val_f1: 36.58% (0.365764), test_acc: 46.33% (0.463300), test_f1: 36.17% (0.361657)
Epoch 14 completed in 23.67 seconds (0.39 minutes)
>>>>>>>>>>>>>>>>>>>>>>>>>>>>>>>>>>>>>>>>>>>>>>>>>>>>>>>>>>>>>>>>>>>>>>>>>>>>>>>>>>>>>>>>>>>>>>>>>>>>
epoch: 15
Batch 0 completed in 0.26 seconds (0.00 minutes)
loss: 0.812573, val_acc: 49.50% (0.495009), val_f1: 34.99% (0.349865), test_acc: 49.09% (0.490898), test_f1: 34.08% (0.340758)
Epoch 15 completed in 23.70 seconds (0.39 minutes)
>>>>>>>>>>>>>>>>>>>>>>>>>>>>>>>>>>>>>>>>>>>>>>>>>>>>>>>>>>>>>>>>>>>>>>>>>>>>>>>>>>>>>>>>>>>>>>>>>>>>
epoch: 16
Batch 0 completed in 0.26 seconds (0.00 minutes)
loss: 0.897548, val_acc: 49.27% (0.492660), val_f1: 36.34% (0.363437), test_acc: 47.86% (0.478567), test_f1: 34.33% (0.343292)
Epoch 16 completed in 23.33 seconds (0.39 minutes)
>>>>>>>>>>>>>>>>>>>>>>>>>>>>>>>>>>>>>>>>>>>>>>>>>>>>>>>>>>>>>>>>>>>>>>>>>>>>>>>>>>>>>>>>>>>>>>>>>>>>
epoch: 17
Batch 0 completed in 0.26 seconds (0.00 minutes)
New best val_f1: 0.378147 (previous best: 0.365764)
loss: 0.838904, val_acc: 44.33% (0.443335), val_f1: 37.81% (0.378147), test_acc: 43.39% (0.433940), test_f1: 37.15% (0.371457)
Epoch 17 completed in 23.44 seconds (0.39 minutes)
>>>>>>>>>>>>>>>>>>>>>>>>>>>>>>>>>>>>>>>>>>>>>>>>>>>>>>>>>>>>>>>>>>>>>>>>>>>>>>>>>>>>>>>>>>>>>>>>>>>>
epoch: 18
Batch 0 completed in 0.26 seconds (0.00 minutes)
loss: 0.779288, val_acc: 46.21% (0.462126), val_f1: 34.99% (0.349915), test_acc: 46.80% (0.467998), test_f1: 35.68% (0.356769)
Epoch 18 completed in 23.69 seconds (0.39 minutes)
>>>>>>>>>>>>>>>>>>>>>>>>>>>>>>>>>>>>>>>>>>>>>>>>>>>>>>>>>>>>>>>>>>>>>>>>>>>>>>>>>>>>>>>>>>>>>>>>>>>>
epoch: 19
Batch 0 completed in 0.26 seconds (0.00 minutes)
loss: 0.727955, val_acc: 44.33% (0.443335), val_f1: 36.50% (0.365035), test_acc: 43.69% (0.436876), test_f1: 36.38% (0.363768)
Epoch 19 completed in 23.50 seconds (0.39 minutes)
>>>>>>>>>>>>>>>>>>>>>>>>>>>>>>>>>>>>>>>>>>>>>>>>>>>>>>>>>>>>>>>>>>>>>>>>>>>>>>>>>>>>>>>>>>>>>>>>>>>>
epoch: 20
Batch 0 completed in 0.26 seconds (0.00 minutes)
loss: 0.643822, val_acc: 44.86% (0.448620), val_f1: 37.56% (0.375565), test_acc: 44.04% (0.440399), test_f1: 36.28% (0.362820)
Epoch 20 completed in 23.38 seconds (0.39 minutes)
>>>>>>>>>>>>>>>>>>>>>>>>>>>>>>>>>>>>>>>>>>>>>>>>>>>>>>>>>>>>>>>>>>>>>>>>>>>>>>>>>>>>>>>>>>>>>>>>>>>>
epoch: 21
Batch 0 completed in 0.26 seconds (0.00 minutes)
loss: 0.842759, val_acc: 49.74% (0.497358), val_f1: 35.29% (0.352870), test_acc: 48.85% (0.488550), test_f1: 33.69% (0.336926)
Epoch 21 completed in 23.40 seconds (0.39 minutes)
>>>>>>>>>>>>>>>>>>>>>>>>>>>>>>>>>>>>>>>>>>>>>>>>>>>>>>>>>>>>>>>>>>>>>>>>>>>>>>>>>>>>>>>>>>>>>>>>>>>>
epoch: 22
Batch 0 completed in 0.26 seconds (0.00 minutes)
loss: 0.768229, val_acc: 42.92% (0.429243), val_f1: 36.73% (0.367309), test_acc: 42.81% (0.428068), test_f1: 36.04% (0.360356)
Epoch 22 completed in 23.71 seconds (0.40 minutes)
>>>>>>>>>>>>>>>>>>>>>>>>>>>>>>>>>>>>>>>>>>>>>>>>>>>>>>>>>>>>>>>>>>>>>>>>>>>>>>>>>>>>>>>>>>>>>>>>>>>>
epoch: 23
Batch 0 completed in 0.26 seconds (0.00 minutes)
New best val_f1: 0.380555 (previous best: 0.378147)
loss: 0.715001, val_acc: 40.34% (0.403406), val_f1: 38.06% (0.380555), test_acc: 41.28% (0.412801), test_f1: 38.37% (0.383694)
Epoch 23 completed in 23.44 seconds (0.39 minutes)
>>>>>>>>>>>>>>>>>>>>>>>>>>>>>>>>>>>>>>>>>>>>>>>>>>>>>>>>>>>>>>>>>>>>>>>>>>>>>>>>>>>>>>>>>>>>>>>>>>>>
epoch: 24
Batch 0 completed in 0.26 seconds (0.00 minutes)
loss: 0.660464, val_acc: 44.63% (0.446271), val_f1: 36.91% (0.369059), test_acc: 45.68% (0.456841), test_f1: 37.22% (0.372205)
Epoch 24 completed in 23.29 seconds (0.39 minutes)
>>>>>>>>>>>>>>>>>>>>>>>>>>>>>>>>>>>>>>>>>>>>>>>>>>>>>>>>>>>>>>>>>>>>>>>>>>>>>>>>>>>>>>>>>>>>>>>>>>>>
epoch: 25
Batch 0 completed in 0.26 seconds (0.00 minutes)
loss: 0.552354, val_acc: 43.16% (0.431591), val_f1: 37.80% (0.378019), test_acc: 44.57% (0.445684), test_f1: 38.10% (0.381010)
Epoch 25 completed in 23.66 seconds (0.39 minutes)
>>>>>>>>>>>>>>>>>>>>>>>>>>>>>>>>>>>>>>>>>>>>>>>>>>>>>>>>>>>>>>>>>>>>>>>>>>>>>>>>>>>>>>>>>>>>>>>>>>>>
epoch: 26
Batch 0 completed in 0.26 seconds (0.00 minutes)
loss: 0.585280, val_acc: 42.75% (0.427481), val_f1: 36.22% (0.362189), test_acc: 42.92% (0.429243), test_f1: 35.57% (0.355732)
Epoch 26 completed in 23.76 seconds (0.40 minutes)
>>>>>>>>>>>>>>>>>>>>>>>>>>>>>>>>>>>>>>>>>>>>>>>>>>>>>>>>>>>>>>>>>>>>>>>>>>>>>>>>>>>>>>>>>>>>>>>>>>>>
epoch: 27
Batch 0 completed in 0.26 seconds (0.00 minutes)
loss: 0.529559, val_acc: 40.87% (0.408691), val_f1: 36.61% (0.366071), test_acc: 42.69% (0.426894), test_f1: 37.82% (0.378247)
Epoch 27 completed in 23.33 seconds (0.39 minutes)
>>>>>>>>>>>>>>>>>>>>>>>>>>>>>>>>>>>>>>>>>>>>>>>>>>>>>>>>>>>>>>>>>>>>>>>>>>>>>>>>>>>>>>>>>>>>>>>>>>>>
epoch: 28
Batch 0 completed in 0.26 seconds (0.00 minutes)
loss: 0.575025, val_acc: 44.04% (0.440399), val_f1: 37.17% (0.371717), test_acc: 44.86% (0.448620), test_f1: 37.51% (0.375125)
Epoch 28 completed in 23.42 seconds (0.39 minutes)
>>>>>>>>>>>>>>>>>>>>>>>>>>>>>>>>>>>>>>>>>>>>>>>>>>>>>>>>>>>>>>>>>>>>>>>>>>>>>>>>>>>>>>>>>>>>>>>>>>>>
epoch: 29
Batch 0 completed in 0.26 seconds (0.00 minutes)
New best val_f1: 0.382452 (previous best: 0.380555)
loss: 0.631066, val_acc: 41.93% (0.419260), val_f1: 38.25% (0.382452), test_acc: 42.81% (0.428068), test_f1: 38.37% (0.383741)
Epoch 29 completed in 23.60 seconds (0.39 minutes)
>>>>>>>>>>>>>>>>>>>>>>>>>>>>>>>>>>>>>>>>>>>>>>>>>>>>>>>>>>>>>>>>>>>>>>>>>>>>>>>>>>>>>>>>>>>>>>>>>>>>
epoch: 30
Batch 0 completed in 0.26 seconds (0.00 minutes)
loss: 0.508478, val_acc: 42.28% (0.422783), val_f1: 37.40% (0.373990), test_acc: 42.92% (0.429243), test_f1: 37.44% (0.374388)
Epoch 30 completed in 23.53 seconds (0.39 minutes)
>>>>>>>>>>>>>>>>>>>>>>>>>>>>>>>>>>>>>>>>>>>>>>>>>>>>>>>>>>>>>>>>>>>>>>>>>>>>>>>>>>>>>>>>>>>>>>>>>>>>
epoch: 31
Batch 0 completed in 0.25 seconds (0.00 minutes)
loss: 0.471394, val_acc: 42.45% (0.424545), val_f1: 36.87% (0.368724), test_acc: 45.33% (0.453318), test_f1: 38.34% (0.383439)
Epoch 31 completed in 23.38 seconds (0.39 minutes)
>>>>>>>>>>>>>>>>>>>>>>>>>>>>>>>>>>>>>>>>>>>>>>>>>>>>>>>>>>>>>>>>>>>>>>>>>>>>>>>>>>>>>>>>>>>>>>>>>>>>
epoch: 32
Batch 0 completed in 0.26 seconds (0.00 minutes)
loss: 0.455839, val_acc: 44.22% (0.442161), val_f1: 37.90% (0.379028), test_acc: 42.75% (0.427481), test_f1: 36.39% (0.363866)
Epoch 32 completed in 23.38 seconds (0.39 minutes)
>>>>>>>>>>>>>>>>>>>>>>>>>>>>>>>>>>>>>>>>>>>>>>>>>>>>>>>>>>>>>>>>>>>>>>>>>>>>>>>>>>>>>>>>>>>>>>>>>>>>
epoch: 33
Batch 0 completed in 0.26 seconds (0.00 minutes)
loss: 0.474095, val_acc: 37.52% (0.375220), val_f1: 35.70% (0.357002), test_acc: 39.40% (0.394011), test_f1: 37.02% (0.370185)
Epoch 33 completed in 23.72 seconds (0.40 minutes)
>>>>>>>>>>>>>>>>>>>>>>>>>>>>>>>>>>>>>>>>>>>>>>>>>>>>>>>>>>>>>>>>>>>>>>>>>>>>>>>>>>>>>>>>>>>>>>>>>>>>
epoch: 34
Batch 0 completed in 0.26 seconds (0.00 minutes)
loss: 0.494653, val_acc: 39.81% (0.398121), val_f1: 37.13% (0.371334), test_acc: 40.46% (0.404580), test_f1: 36.83% (0.368305)
Epoch 34 completed in 23.48 seconds (0.39 minutes)
>>>>>>>>>>>>>>>>>>>>>>>>>>>>>>>>>>>>>>>>>>>>>>>>>>>>>>>>>>>>>>>>>>>>>>>>>>>>>>>>>>>>>>>>>>>>>>>>>>>>
epoch: 35
Batch 0 completed in 0.26 seconds (0.00 minutes)
loss: 0.483377, val_acc: 40.05% (0.400470), val_f1: 36.95% (0.369523), test_acc: 40.58% (0.405755), test_f1: 36.36% (0.363641)
Epoch 35 completed in 23.26 seconds (0.39 minutes)
>>>>>>>>>>>>>>>>>>>>>>>>>>>>>>>>>>>>>>>>>>>>>>>>>>>>>>>>>>>>>>>>>>>>>>>>>>>>>>>>>>>>>>>>>>>>>>>>>>>>
epoch: 36
Batch 0 completed in 0.26 seconds (0.00 minutes)
loss: 0.396726, val_acc: 40.34% (0.403406), val_f1: 37.10% (0.371024), test_acc: 40.93% (0.409278), test_f1: 36.76% (0.367596)
Epoch 36 completed in 23.62 seconds (0.39 minutes)
>>>>>>>>>>>>>>>>>>>>>>>>>>>>>>>>>>>>>>>>>>>>>>>>>>>>>>>>>>>>>>>>>>>>>>>>>>>>>>>>>>>>>>>>>>>>>>>>>>>>
epoch: 37
Batch 0 completed in 0.26 seconds (0.00 minutes)
loss: 0.357383, val_acc: 41.05% (0.410452), val_f1: 38.12% (0.381227), test_acc: 40.58% (0.405755), test_f1: 37.08% (0.370753)
Epoch 37 completed in 23.76 seconds (0.40 minutes)
>>>>>>>>>>>>>>>>>>>>>>>>>>>>>>>>>>>>>>>>>>>>>>>>>>>>>>>>>>>>>>>>>>>>>>>>>>>>>>>>>>>>>>>>>>>>>>>>>>>>
epoch: 38
Batch 0 completed in 0.26 seconds (0.00 minutes)
loss: 0.408793, val_acc: 42.81% (0.428068), val_f1: 37.33% (0.373305), test_acc: 42.81% (0.428068), test_f1: 36.76% (0.367633)
Epoch 38 completed in 23.33 seconds (0.39 minutes)
>>>>>>>>>>>>>>>>>>>>>>>>>>>>>>>>>>>>>>>>>>>>>>>>>>>>>>>>>>>>>>>>>>>>>>>>>>>>>>>>>>>>>>>>>>>>>>>>>>>>
epoch: 39
Batch 0 completed in 0.26 seconds (0.00 minutes)
loss: 0.428511, val_acc: 38.46% (0.384615), val_f1: 36.89% (0.368858), test_acc: 39.75% (0.397534), test_f1: 37.75% (0.377457)
Epoch 39 completed in 23.36 seconds (0.39 minutes)
>>>>>>>>>>>>>>>>>>>>>>>>>>>>>>>>>>>>>>>>>>>>>>>>>>>>>>>>>>>>>>>>>>>>>>>>>>>>>>>>>>>>>>>>>>>>>>>>>>>>
epoch: 40
Batch 0 completed in 0.26 seconds (0.00 minutes)
loss: 0.371699, val_acc: 41.57% (0.415737), val_f1: 36.08% (0.360763), test_acc: 42.63% (0.426307), test_f1: 36.67% (0.366732)
Epoch 40 completed in 23.64 seconds (0.39 minutes)
>>>>>>>>>>>>>>>>>>>>>>>>>>>>>>>>>>>>>>>>>>>>>>>>>>>>>>>>>>>>>>>>>>>>>>>>>>>>>>>>>>>>>>>>>>>>>>>>>>>>
epoch: 41
Batch 0 completed in 0.26 seconds (0.00 minutes)
loss: 0.339153, val_acc: 42.04% (0.420435), val_f1: 37.31% (0.373141), test_acc: 42.28% (0.422783), test_f1: 36.59% (0.365914)
Epoch 41 completed in 23.56 seconds (0.39 minutes)
>>>>>>>>>>>>>>>>>>>>>>>>>>>>>>>>>>>>>>>>>>>>>>>>>>>>>>>>>>>>>>>>>>>>>>>>>>>>>>>>>>>>>>>>>>>>>>>>>>>>
epoch: 42
Batch 0 completed in 0.26 seconds (0.00 minutes)
loss: 0.406611, val_acc: 38.99% (0.389900), val_f1: 36.65% (0.366519), test_acc: 40.16% (0.401644), test_f1: 37.54% (0.375390)
Epoch 42 completed in 23.43 seconds (0.39 minutes)
>>>>>>>>>>>>>>>>>>>>>>>>>>>>>>>>>>>>>>>>>>>>>>>>>>>>>>>>>>>>>>>>>>>>>>>>>>>>>>>>>>>>>>>>>>>>>>>>>>>>
epoch: 43
Batch 0 completed in 0.26 seconds (0.00 minutes)
loss: 0.458426, val_acc: 38.70% (0.386964), val_f1: 37.03% (0.370292), test_acc: 39.81% (0.398121), test_f1: 37.32% (0.373191)
Epoch 43 completed in 23.37 seconds (0.39 minutes)
>>>>>>>>>>>>>>>>>>>>>>>>>>>>>>>>>>>>>>>>>>>>>>>>>>>>>>>>>>>>>>>>>>>>>>>>>>>>>>>>>>>>>>>>>>>>>>>>>>>>
epoch: 44
Batch 0 completed in 0.26 seconds (0.00 minutes)
loss: 0.333499, val_acc: 42.81% (0.428068), val_f1: 38.22% (0.382181), test_acc: 42.22% (0.422196), test_f1: 36.77% (0.367712)
Epoch 44 completed in 23.70 seconds (0.40 minutes)
>>>>>>>>>>>>>>>>>>>>>>>>>>>>>>>>>>>>>>>>>>>>>>>>>>>>>>>>>>>>>>>>>>>>>>>>>>>>>>>>>>>>>>>>>>>>>>>>>>>>
epoch: 45
Batch 0 completed in 0.26 seconds (0.00 minutes)
New best val_f1: 0.387370 (previous best: 0.382452)
loss: 0.301041, val_acc: 42.04% (0.420435), val_f1: 38.74% (0.387370), test_acc: 42.10% (0.421022), test_f1: 37.40% (0.373956)
Epoch 45 completed in 23.51 seconds (0.39 minutes)
>>>>>>>>>>>>>>>>>>>>>>>>>>>>>>>>>>>>>>>>>>>>>>>>>>>>>>>>>>>>>>>>>>>>>>>>>>>>>>>>>>>>>>>>>>>>>>>>>>>>
epoch: 46
Batch 0 completed in 0.26 seconds (0.00 minutes)
loss: 0.360802, val_acc: 38.40% (0.384028), val_f1: 36.97% (0.369650), test_acc: 37.87% (0.378743), test_f1: 35.91% (0.359077)
Epoch 46 completed in 23.24 seconds (0.39 minutes)
>>>>>>>>>>>>>>>>>>>>>>>>>>>>>>>>>>>>>>>>>>>>>>>>>>>>>>>>>>>>>>>>>>>>>>>>>>>>>>>>>>>>>>>>>>>>>>>>>>>>
epoch: 47
Batch 0 completed in 0.26 seconds (0.00 minutes)
loss: 0.262678, val_acc: 38.76% (0.387551), val_f1: 36.67% (0.366726), test_acc: 41.05% (0.410452), test_f1: 37.79% (0.377887)
Epoch 47 completed in 23.59 seconds (0.39 minutes)
>>>>>>>>>>>>>>>>>>>>>>>>>>>>>>>>>>>>>>>>>>>>>>>>>>>>>>>>>>>>>>>>>>>>>>>>>>>>>>>>>>>>>>>>>>>>>>>>>>>>
epoch: 48
Batch 0 completed in 0.26 seconds (0.00 minutes)
loss: 0.348105, val_acc: 40.75% (0.407516), val_f1: 37.14% (0.371402), test_acc: 42.87% (0.428655), test_f1: 38.74% (0.387356)
Epoch 48 completed in 23.75 seconds (0.40 minutes)
>>>>>>>>>>>>>>>>>>>>>>>>>>>>>>>>>>>>>>>>>>>>>>>>>>>>>>>>>>>>>>>>>>>>>>>>>>>>>>>>>>>>>>>>>>>>>>>>>>>>
epoch: 49
Batch 0 completed in 0.26 seconds (0.00 minutes)
loss: 0.231904, val_acc: 40.58% (0.405755), val_f1: 37.67% (0.376679), test_acc: 42.04% (0.420435), test_f1: 38.23% (0.382346)
Epoch 49 completed in 23.38 seconds (0.39 minutes)
>>>>>>>>>>>>>>>>>>>>>>>>>>>>>>>>>>>>>>>>>>>>>>>>>>>>>>>>>>>>>>>>>>>>>>>>>>>>>>>>>>>>>>>>>>>>>>>>>>>>
epoch: 50
Batch 0 completed in 0.26 seconds (0.00 minutes)
loss: 0.361572, val_acc: 37.52% (0.375220), val_f1: 35.21% (0.352087), test_acc: 39.87% (0.398708), test_f1: 36.87% (0.368724)
Epoch 50 completed in 23.33 seconds (0.39 minutes)
>>>>>>>>>>>>>>>>>>>>>>>>>>>>>>>>>>>>>>>>>>>>>>>>>>>>>>>>>>>>>>>>>>>>>>>>>>>>>>>>>>>>>>>>>>>>>>>>>>>>
epoch: 51
Batch 0 completed in 0.26 seconds (0.00 minutes)
loss: 0.300186, val_acc: 40.63% (0.406342), val_f1: 37.29% (0.372889), test_acc: 41.81% (0.418086), test_f1: 37.65% (0.376457)
Epoch 51 completed in 23.57 seconds (0.39 minutes)
>>>>>>>>>>>>>>>>>>>>>>>>>>>>>>>>>>>>>>>>>>>>>>>>>>>>>>>>>>>>>>>>>>>>>>>>>>>>>>>>>>>>>>>>>>>>>>>>>>>>
epoch: 52
Batch 0 completed in 0.26 seconds (0.00 minutes)
loss: 0.277689, val_acc: 40.05% (0.400470), val_f1: 37.55% (0.375528), test_acc: 41.10% (0.411039), test_f1: 37.64% (0.376443)
Epoch 52 completed in 23.57 seconds (0.39 minutes)
>>>>>>>>>>>>>>>>>>>>>>>>>>>>>>>>>>>>>>>>>>>>>>>>>>>>>>>>>>>>>>>>>>>>>>>>>>>>>>>>>>>>>>>>>>>>>>>>>>>>
epoch: 53
Batch 0 completed in 0.26 seconds (0.00 minutes)
loss: 0.280797, val_acc: 40.22% (0.402231), val_f1: 37.13% (0.371277), test_acc: 42.22% (0.422196), test_f1: 37.92% (0.379220)
Epoch 53 completed in 23.43 seconds (0.39 minutes)
>>>>>>>>>>>>>>>>>>>>>>>>>>>>>>>>>>>>>>>>>>>>>>>>>>>>>>>>>>>>>>>>>>>>>>>>>>>>>>>>>>>>>>>>>>>>>>>>>>>>
epoch: 54
Batch 0 completed in 0.26 seconds (0.00 minutes)
loss: 0.332570, val_acc: 39.75% (0.397534), val_f1: 37.80% (0.377973), test_acc: 40.81% (0.408103), test_f1: 38.18% (0.381788)
Epoch 54 completed in 23.36 seconds (0.39 minutes)
>>>>>>>>>>>>>>>>>>>>>>>>>>>>>>>>>>>>>>>>>>>>>>>>>>>>>>>>>>>>>>>>>>>>>>>>>>>>>>>>>>>>>>>>>>>>>>>>>>>>
epoch: 55
Batch 0 completed in 0.26 seconds (0.00 minutes)
loss: 0.169251, val_acc: 40.11% (0.401057), val_f1: 37.99% (0.379911), test_acc: 39.93% (0.399295), test_f1: 36.62% (0.366196)
Epoch 55 completed in 23.70 seconds (0.40 minutes)
>>>>>>>>>>>>>>>>>>>>>>>>>>>>>>>>>>>>>>>>>>>>>>>>>>>>>>>>>>>>>>>>>>>>>>>>>>>>>>>>>>>>>>>>>>>>>>>>>>>>
epoch: 56
Batch 0 completed in 0.26 seconds (0.00 minutes)
loss: 0.246640, val_acc: 41.46% (0.414563), val_f1: 36.70% (0.367026), test_acc: 41.87% (0.418673), test_f1: 36.36% (0.363616)
Epoch 56 completed in 23.49 seconds (0.39 minutes)
>>>>>>>>>>>>>>>>>>>>>>>>>>>>>>>>>>>>>>>>>>>>>>>>>>>>>>>>>>>>>>>>>>>>>>>>>>>>>>>>>>>>>>>>>>>>>>>>>>>>
epoch: 57
Batch 0 completed in 0.26 seconds (0.00 minutes)
loss: 0.275314, val_acc: 41.51% (0.415150), val_f1: 37.70% (0.377049), test_acc: 43.57% (0.435702), test_f1: 38.63% (0.386314)
Epoch 57 completed in 23.28 seconds (0.39 minutes)
>>>>>>>>>>>>>>>>>>>>>>>>>>>>>>>>>>>>>>>>>>>>>>>>>>>>>>>>>>>>>>>>>>>>>>>>>>>>>>>>>>>>>>>>>>>>>>>>>>>>
epoch: 58
Batch 0 completed in 0.26 seconds (0.00 minutes)
loss: 0.284253, val_acc: 38.23% (0.382267), val_f1: 36.48% (0.364766), test_acc: 39.28% (0.392836), test_f1: 36.83% (0.368284)
Epoch 58 completed in 23.60 seconds (0.39 minutes)
>>>>>>>>>>>>>>>>>>>>>>>>>>>>>>>>>>>>>>>>>>>>>>>>>>>>>>>>>>>>>>>>>>>>>>>>>>>>>>>>>>>>>>>>>>>>>>>>>>>>
epoch: 59
Batch 0 completed in 0.26 seconds (0.00 minutes)
loss: 0.190146, val_acc: 40.87% (0.408691), val_f1: 37.35% (0.373510), test_acc: 42.10% (0.421022), test_f1: 37.52% (0.375158)
Epoch 59 completed in 23.77 seconds (0.40 minutes)
>>>>>>>>>>>>>>>>>>>>>>>>>>>>>>>>>>>>>>>>>>>>>>>>>>>>>>>>>>>>>>>>>>>>>>>>>>>>>>>>>>>>>>>>>>>>>>>>>>>>
epoch: 60
Batch 0 completed in 0.26 seconds (0.00 minutes)
loss: 0.229152, val_acc: 41.98% (0.419847), val_f1: 37.62% (0.376223), test_acc: 43.28% (0.432766), test_f1: 37.91% (0.379062)
Epoch 60 completed in 23.39 seconds (0.39 minutes)
>>>>>>>>>>>>>>>>>>>>>>>>>>>>>>>>>>>>>>>>>>>>>>>>>>>>>>>>>>>>>>>>>>>>>>>>>>>>>>>>>>>>>>>>>>>>>>>>>>>>
epoch: 61
Batch 0 completed in 0.26 seconds (0.00 minutes)
loss: 0.237167, val_acc: 40.28% (0.402819), val_f1: 37.33% (0.373272), test_acc: 39.75% (0.397534), test_f1: 36.14% (0.361420)
Epoch 61 completed in 23.31 seconds (0.39 minutes)
>>>>>>>>>>>>>>>>>>>>>>>>>>>>>>>>>>>>>>>>>>>>>>>>>>>>>>>>>>>>>>>>>>>>>>>>>>>>>>>>>>>>>>>>>>>>>>>>>>>>
epoch: 62
Batch 0 completed in 0.26 seconds (0.00 minutes)
loss: 0.371153, val_acc: 43.92% (0.439225), val_f1: 38.03% (0.380344), test_acc: 44.22% (0.442161), test_f1: 36.44% (0.364417)
Epoch 62 completed in 23.56 seconds (0.39 minutes)
>>>>>>>>>>>>>>>>>>>>>>>>>>>>>>>>>>>>>>>>>>>>>>>>>>>>>>>>>>>>>>>>>>>>>>>>>>>>>>>>>>>>>>>>>>>>>>>>>>>>
epoch: 63
Batch 0 completed in 0.26 seconds (0.00 minutes)
loss: 0.253690, val_acc: 42.57% (0.425719), val_f1: 37.19% (0.371881), test_acc: 42.92% (0.429243), test_f1: 36.63% (0.366328)
Epoch 63 completed in 23.57 seconds (0.39 minutes)
>>>>>>>>>>>>>>>>>>>>>>>>>>>>>>>>>>>>>>>>>>>>>>>>>>>>>>>>>>>>>>>>>>>>>>>>>>>>>>>>>>>>>>>>>>>>>>>>>>>>
epoch: 64
Batch 0 completed in 0.25 seconds (0.00 minutes)
loss: 0.188265, val_acc: 40.16% (0.401644), val_f1: 36.76% (0.367565), test_acc: 41.51% (0.415150), test_f1: 37.44% (0.374395)
Epoch 64 completed in 23.44 seconds (0.39 minutes)
>>>>>>>>>>>>>>>>>>>>>>>>>>>>>>>>>>>>>>>>>>>>>>>>>>>>>>>>>>>>>>>>>>>>>>>>>>>>>>>>>>>>>>>>>>>>>>>>>>>>
epoch: 65
Batch 0 completed in 0.26 seconds (0.00 minutes)
loss: 0.208210, val_acc: 38.46% (0.384615), val_f1: 36.27% (0.362693), test_acc: 40.52% (0.405167), test_f1: 37.15% (0.371488)
Epoch 65 completed in 23.35 seconds (0.39 minutes)
>>>>>>>>>>>>>>>>>>>>>>>>>>>>>>>>>>>>>>>>>>>>>>>>>>>>>>>>>>>>>>>>>>>>>>>>>>>>>>>>>>>>>>>>>>>>>>>>>>>>
epoch: 66
Batch 0 completed in 0.26 seconds (0.00 minutes)
loss: 0.237670, val_acc: 38.81% (0.388139), val_f1: 36.77% (0.367673), test_acc: 38.34% (0.383441), test_f1: 35.91% (0.359129)
Epoch 66 completed in 23.69 seconds (0.39 minutes)
>>>>>>>>>>>>>>>>>>>>>>>>>>>>>>>>>>>>>>>>>>>>>>>>>>>>>>>>>>>>>>>>>>>>>>>>>>>>>>>>>>>>>>>>>>>>>>>>>>>>
epoch: 67
Batch 0 completed in 0.26 seconds (0.00 minutes)
loss: 0.191404, val_acc: 37.05% (0.370523), val_f1: 35.69% (0.356878), test_acc: 38.17% (0.381679), test_f1: 35.94% (0.359358)
Epoch 67 completed in 23.47 seconds (0.39 minutes)
>>>>>>>>>>>>>>>>>>>>>>>>>>>>>>>>>>>>>>>>>>>>>>>>>>>>>>>>>>>>>>>>>>>>>>>>>>>>>>>>>>>>>>>>>>>>>>>>>>>>
epoch: 68
Batch 0 completed in 0.26 seconds (0.00 minutes)
loss: 0.207869, val_acc: 43.45% (0.434527), val_f1: 38.11% (0.381150), test_acc: 43.63% (0.436289), test_f1: 37.09% (0.370884)
Epoch 68 completed in 23.26 seconds (0.39 minutes)
>>>>>>>>>>>>>>>>>>>>>>>>>>>>>>>>>>>>>>>>>>>>>>>>>>>>>>>>>>>>>>>>>>>>>>>>>>>>>>>>>>>>>>>>>>>>>>>>>>>>
epoch: 69
Batch 0 completed in 0.26 seconds (0.00 minutes)
loss: 0.266309, val_acc: 41.16% (0.411627), val_f1: 37.26% (0.372612), test_acc: 42.69% (0.426894), test_f1: 38.02% (0.380203)
Epoch 69 completed in 23.62 seconds (0.39 minutes)
RESULT: Max Val F1: 0.387370, Max Test F1: 0.373956
Training complete. Generating confusion matrix on the test set.
Confusion matrix saved to /home/rgg2706/Multimodal-Sentiment-Analysis/Logs/DMLAN/2025-02-04/sub-4/015_Feb-04-2025_01:49_PM/confusion_matrix.png
Reading TensorBoard loss at each epoch:
Available tags: {'images': [], 'audio': [], 'histograms': [], 'scalars': ['Loss/train', 'Loss/val'], 'distributions': [], 'tensors': [], 'graph': False, 'meta_graph': False, 'run_metadata': []}
Output File: /home/rgg2706/Multimodal-Sentiment-Analysis/Logs/DMLAN/2025-02-04/sub-4/015_Feb-04-2025_01:49_PM/trainval_loss_curves.png
Training and validation loss curves saved to /home/rgg2706/Multimodal-Sentiment-Analysis/Logs/DMLAN/2025-02-04/sub-4/015_Feb-04-2025_01:49_PM/trainval_loss_curves.png
Total Completion Time: 29.68 minutes. (0.49 hours) 
