SLURM Job ID: 19420621
Number of GPUs available: 1
Logs directory: /home/rgg2706/Multimodal-Sentiment-Analysis/Logs/HHMAFM/2024-11-09/sub-3/013_Nov-09-2024_11:20_PM
> training arguments:
>>> rand_seed: 8
>>> model_name: mfcchfusion2
>>> dataset: mvsa-mts-1000
>>> optimizer: <class 'torch.optim.adam.Adam'>
>>> initializer: <function xavier_uniform_ at 0x7f369e6f9580>
>>> learning_rate: 0.0005
>>> dropout_rate: 0.2
>>> weight_decay: 0.0001
>>> num_epoch: 15
>>> batch_size: 64
>>> log_step: 60
>>> max_seq_len: 64
>>> polarities_dim: 3
>>> clip_grad: 5.0
>>> path_image: ./Datasets/MVSA-MTS/images-indexed
>>> crop_size: 224
>>> n_head: 8
>>> hidden_dim: 1024
>>> num_classes: 3
>>> log_dir: /home/rgg2706/Multimodal-Sentiment-Analysis/Logs/HHMAFM/2024-11-09/sub-3/013_Nov-09-2024_11:20_PM
>>> model_class: <class 'models.mfcchfusion2.MFCCHFUSION2'>
Preparing mvsa-mts-1000 dataset...
-------------- Loading Datasets/MVSA-MTS/mvsa-mts-1000/train.tsv ---------------
Time taken to load Datasets/MVSA-MTS/mvsa-mts-1000/train.tsv: 2.99 seconds (0.05 minutes)
The number of problematic samples: 69
-------------- Loading Datasets/MVSA-MTS/mvsa-mts-1000/val.tsv ---------------
Time taken to load Datasets/MVSA-MTS/mvsa-mts-1000/val.tsv: 0.38 seconds (0.01 minutes)
The number of problematic samples: 10
-------------- Loading Datasets/MVSA-MTS/mvsa-mts-1000/test.tsv ---------------
Time taken to load Datasets/MVSA-MTS/mvsa-mts-1000/test.tsv: 0.38 seconds (0.01 minutes)
The number of problematic samples: 6
Total Training Samples: 1000
Number of Training Samples: 800
Number of Development Samples: 100
Number of Test Samples: 100
Number of unique sentiment classes: 3
Building model
n_trainable_params: 360213763, n_nontrainable_params: 0
>>>>>>>>>>>>>>>>>>>>>>>>>>>>>>>>>>>>>>>>>>>>>>>>>>>>>>>>>>>>>>>>>>>>>>>>>>>>>>>>>>>>>>>>>>>>>>>>>>>>
epoch: 0
Batch 0 completed in 1.38 seconds (0.02 minutes)
New best dev_f1: 0.106443 (previous best: 0.000000)
loss: 1.184691, dev_acc: 19.00% (0.190000), dev_f1: 10.64% (0.106443), test_acc: 23.00% (0.230000), test_f1: 12.47% (0.124661)
Epoch 0 completed in 10.07 seconds (0.17 minutes)
>>>>>>>>>>>>>>>>>>>>>>>>>>>>>>>>>>>>>>>>>>>>>>>>>>>>>>>>>>>>>>>>>>>>>>>>>>>>>>>>>>>>>>>>>>>>>>>>>>>>
epoch: 1
Batch 0 completed in 0.60 seconds (0.01 minutes)
loss: 3845.599609, dev_acc: 19.00% (0.190000), dev_f1: 10.64% (0.106443), test_acc: 23.00% (0.230000), test_f1: 12.47% (0.124661)
Epoch 1 completed in 8.51 seconds (0.14 minutes)
>>>>>>>>>>>>>>>>>>>>>>>>>>>>>>>>>>>>>>>>>>>>>>>>>>>>>>>>>>>>>>>>>>>>>>>>>>>>>>>>>>>>>>>>>>>>>>>>>>>>
epoch: 2
Batch 0 completed in 0.61 seconds (0.01 minutes)
New best dev_f1: 0.187050 (previous best: 0.106443)
loss: 464.834290, dev_acc: 39.00% (0.390000), dev_f1: 18.71% (0.187050), test_acc: 28.00% (0.280000), test_f1: 14.58% (0.145833)
Epoch 2 completed in 8.49 seconds (0.14 minutes)
>>>>>>>>>>>>>>>>>>>>>>>>>>>>>>>>>>>>>>>>>>>>>>>>>>>>>>>>>>>>>>>>>>>>>>>>>>>>>>>>>>>>>>>>>>>>>>>>>>>>
epoch: 3
Batch 0 completed in 0.61 seconds (0.01 minutes)
loss: 77.886284, dev_acc: 19.00% (0.190000), dev_f1: 10.64% (0.106443), test_acc: 23.00% (0.230000), test_f1: 12.47% (0.124661)
Epoch 3 completed in 8.62 seconds (0.14 minutes)
>>>>>>>>>>>>>>>>>>>>>>>>>>>>>>>>>>>>>>>>>>>>>>>>>>>>>>>>>>>>>>>>>>>>>>>>>>>>>>>>>>>>>>>>>>>>>>>>>>>>
epoch: 4
Batch 0 completed in 0.61 seconds (0.01 minutes)
loss: 25.927538, dev_acc: 39.00% (0.390000), dev_f1: 18.71% (0.187050), test_acc: 29.00% (0.290000), test_f1: 14.99% (0.149871)
Epoch 4 completed in 8.82 seconds (0.15 minutes)
>>>>>>>>>>>>>>>>>>>>>>>>>>>>>>>>>>>>>>>>>>>>>>>>>>>>>>>>>>>>>>>>>>>>>>>>>>>>>>>>>>>>>>>>>>>>>>>>>>>>
epoch: 5
Batch 0 completed in 0.61 seconds (0.01 minutes)
loss: 37.061222, dev_acc: 19.00% (0.190000), dev_f1: 10.64% (0.106443), test_acc: 23.00% (0.230000), test_f1: 12.47% (0.124661)
Epoch 5 completed in 8.83 seconds (0.15 minutes)
>>>>>>>>>>>>>>>>>>>>>>>>>>>>>>>>>>>>>>>>>>>>>>>>>>>>>>>>>>>>>>>>>>>>>>>>>>>>>>>>>>>>>>>>>>>>>>>>>>>>
epoch: 6
Batch 0 completed in 0.61 seconds (0.01 minutes)
loss: 3.568578, dev_acc: 39.00% (0.390000), dev_f1: 18.71% (0.187050), test_acc: 46.00% (0.460000), test_f1: 21.15% (0.211494)
Epoch 6 completed in 8.88 seconds (0.15 minutes)
>>>>>>>>>>>>>>>>>>>>>>>>>>>>>>>>>>>>>>>>>>>>>>>>>>>>>>>>>>>>>>>>>>>>>>>>>>>>>>>>>>>>>>>>>>>>>>>>>>>>
epoch: 7
Batch 0 completed in 0.61 seconds (0.01 minutes)
New best dev_f1: 0.228896 (previous best: 0.187050)
loss: 9.757606, dev_acc: 28.00% (0.280000), dev_f1: 22.89% (0.228896), test_acc: 35.00% (0.350000), test_f1: 27.18% (0.271757)
Epoch 7 completed in 8.60 seconds (0.14 minutes)
>>>>>>>>>>>>>>>>>>>>>>>>>>>>>>>>>>>>>>>>>>>>>>>>>>>>>>>>>>>>>>>>>>>>>>>>>>>>>>>>>>>>>>>>>>>>>>>>>>>>
epoch: 8
Batch 0 completed in 0.61 seconds (0.01 minutes)
New best dev_f1: 0.238095 (previous best: 0.228896)
loss: 60.560577, dev_acc: 37.00% (0.370000), dev_f1: 23.81% (0.238095), test_acc: 40.00% (0.400000), test_f1: 23.92% (0.239220)
Epoch 8 completed in 8.69 seconds (0.14 minutes)
>>>>>>>>>>>>>>>>>>>>>>>>>>>>>>>>>>>>>>>>>>>>>>>>>>>>>>>>>>>>>>>>>>>>>>>>>>>>>>>>>>>>>>>>>>>>>>>>>>>>
epoch: 9
Batch 0 completed in 0.61 seconds (0.01 minutes)
New best dev_f1: 0.270765 (previous best: 0.238095)
loss: 5.802384, dev_acc: 41.00% (0.410000), dev_f1: 27.08% (0.270765), test_acc: 45.00% (0.450000), test_f1: 27.60% (0.276026)
Epoch 9 completed in 8.73 seconds (0.15 minutes)
>>>>>>>>>>>>>>>>>>>>>>>>>>>>>>>>>>>>>>>>>>>>>>>>>>>>>>>>>>>>>>>>>>>>>>>>>>>>>>>>>>>>>>>>>>>>>>>>>>>>
epoch: 10
Batch 0 completed in 0.61 seconds (0.01 minutes)
loss: 14.326913, dev_acc: 39.00% (0.390000), dev_f1: 24.18% (0.241753), test_acc: 43.00% (0.430000), test_f1: 26.20% (0.261965)
Epoch 10 completed in 8.64 seconds (0.14 minutes)
>>>>>>>>>>>>>>>>>>>>>>>>>>>>>>>>>>>>>>>>>>>>>>>>>>>>>>>>>>>>>>>>>>>>>>>>>>>>>>>>>>>>>>>>>>>>>>>>>>>>
epoch: 11
Batch 0 completed in 0.61 seconds (0.01 minutes)
New best dev_f1: 0.335352 (previous best: 0.270765)
loss: 2.048032, dev_acc: 47.00% (0.470000), dev_f1: 33.54% (0.335352), test_acc: 43.00% (0.430000), test_f1: 25.79% (0.257902)
Epoch 11 completed in 8.66 seconds (0.14 minutes)
>>>>>>>>>>>>>>>>>>>>>>>>>>>>>>>>>>>>>>>>>>>>>>>>>>>>>>>>>>>>>>>>>>>>>>>>>>>>>>>>>>>>>>>>>>>>>>>>>>>>
epoch: 12
Batch 0 completed in 0.61 seconds (0.01 minutes)
loss: 1.121424, dev_acc: 43.00% (0.430000), dev_f1: 30.40% (0.303990), test_acc: 44.00% (0.440000), test_f1: 31.38% (0.313791)
Epoch 12 completed in 8.61 seconds (0.14 minutes)
>>>>>>>>>>>>>>>>>>>>>>>>>>>>>>>>>>>>>>>>>>>>>>>>>>>>>>>>>>>>>>>>>>>>>>>>>>>>>>>>>>>>>>>>>>>>>>>>>>>>
epoch: 13
Batch 0 completed in 0.61 seconds (0.01 minutes)
loss: 1.129978, dev_acc: 37.00% (0.370000), dev_f1: 28.07% (0.280702), test_acc: 49.00% (0.490000), test_f1: 34.78% (0.347818)
Epoch 13 completed in 8.55 seconds (0.14 minutes)
>>>>>>>>>>>>>>>>>>>>>>>>>>>>>>>>>>>>>>>>>>>>>>>>>>>>>>>>>>>>>>>>>>>>>>>>>>>>>>>>>>>>>>>>>>>>>>>>>>>>
epoch: 14
Batch 0 completed in 0.61 seconds (0.01 minutes)
loss: 1.310164, dev_acc: 41.00% (0.410000), dev_f1: 27.95% (0.279473), test_acc: 49.00% (0.490000), test_f1: 33.16% (0.331595)
Epoch 14 completed in 8.55 seconds (0.14 minutes)
RESULT: Max Dev F1: 0.335352, Max Test F1: 0.257902
Reading TensorBoard loss at each epoch:
Available tags: {'images': [], 'audio': [], 'histograms': [], 'scalars': ['Loss/train', 'Loss/val'], 'distributions': [], 'tensors': [], 'graph': False, 'meta_graph': False, 'run_metadata': []}
Output File: /home/rgg2706/Multimodal-Sentiment-Analysis/Logs/HHMAFM/2024-11-09/sub-3/013_Nov-09-2024_11:20_PM/trainval_loss_curves.png
Training and validation loss curves saved to /home/rgg2706/Multimodal-Sentiment-Analysis/Logs/HHMAFM/2024-11-09/sub-3/013_Nov-09-2024_11:20_PM/trainval_loss_curves.png
Total Completion Time: 2.52 minutes. (0.04 hours) 
