SLURM Job ID: 19420586
Number of GPUs available: 1
Logs directory: /home/rgg2706/Multimodal-Sentiment-Analysis/Logs/HHMAFM/2024-11-09/sub-3/007_Nov-09-2024_10:44_PM
> training arguments:
>>> rand_seed: 8
>>> model_name: mfcchfusion
>>> dataset: mvsa-mts-1000
>>> optimizer: <class 'torch.optim.adam.Adam'>
>>> initializer: <function xavier_uniform_ at 0x7f429357d580>
>>> learning_rate: 0.0003
>>> dropout_rate: 0.1
>>> num_epoch: 15
>>> batch_size: 64
>>> log_step: 60
>>> max_seq_len: 64
>>> polarities_dim: 3
>>> clip_grad: 5.0
>>> path_image: ./Datasets/MVSA-MTS/images-indexed
>>> crop_size: 224
>>> n_head: 8
>>> hidden_dim: 1024
>>> num_classes: 3
>>> log_dir: /home/rgg2706/Multimodal-Sentiment-Analysis/Logs/HHMAFM/2024-11-09/sub-3/007_Nov-09-2024_10:44_PM
>>> model_class: <class 'models.mfcchfusion.MFCCHFUSION'>
Preparing mvsa-mts-1000 dataset...
-------------- Loading Datasets/MVSA-MTS/mvsa-mts-1000/train.tsv ---------------
Time taken to load Datasets/MVSA-MTS/mvsa-mts-1000/train.tsv: 2.98 seconds (0.05 minutes)
The number of problematic samples: 69
-------------- Loading Datasets/MVSA-MTS/mvsa-mts-1000/val.tsv ---------------
Time taken to load Datasets/MVSA-MTS/mvsa-mts-1000/val.tsv: 0.37 seconds (0.01 minutes)
The number of problematic samples: 10
-------------- Loading Datasets/MVSA-MTS/mvsa-mts-1000/test.tsv ---------------
Time taken to load Datasets/MVSA-MTS/mvsa-mts-1000/test.tsv: 0.38 seconds (0.01 minutes)
The number of problematic samples: 6
Total Training Samples: 1000
Number of Training Samples: 800
Number of Development Samples: 100
Number of Test Samples: 100
Number of unique sentiment classes: 3
Building model
n_trainable_params: 360219907, n_nontrainable_params: 0
>>>>>>>>>>>>>>>>>>>>>>>>>>>>>>>>>>>>>>>>>>>>>>>>>>>>>>>>>>>>>>>>>>>>>>>>>>>>>>>>>>>>>>>>>>>>>>>>>>>>
epoch: 0
Batch 0 completed in 1.40 seconds (0.02 minutes)
New best dev_f1: 0.197183 (previous best: 0.000000)
loss: 1.040446, dev_acc: 42.00% (0.420000), dev_f1: 19.72% (0.197183), test_acc: 48.00% (0.480000), test_f1: 21.62% (0.216216)
Epoch 0 completed in 9.89 seconds (0.16 minutes)
>>>>>>>>>>>>>>>>>>>>>>>>>>>>>>>>>>>>>>>>>>>>>>>>>>>>>>>>>>>>>>>>>>>>>>>>>>>>>>>>>>>>>>>>>>>>>>>>>>>>
epoch: 1
Batch 0 completed in 0.60 seconds (0.01 minutes)
loss: 3.105634, dev_acc: 19.00% (0.190000), dev_f1: 10.64% (0.106443), test_acc: 23.00% (0.230000), test_f1: 12.47% (0.124661)
Epoch 1 completed in 8.49 seconds (0.14 minutes)
>>>>>>>>>>>>>>>>>>>>>>>>>>>>>>>>>>>>>>>>>>>>>>>>>>>>>>>>>>>>>>>>>>>>>>>>>>>>>>>>>>>>>>>>>>>>>>>>>>>>
epoch: 2
Batch 0 completed in 0.60 seconds (0.01 minutes)
New best dev_f1: 0.286375 (previous best: 0.197183)
loss: 1.171181, dev_acc: 45.00% (0.450000), dev_f1: 28.64% (0.286375), test_acc: 32.00% (0.320000), test_f1: 20.19% (0.201889)
Epoch 2 completed in 8.46 seconds (0.14 minutes)
>>>>>>>>>>>>>>>>>>>>>>>>>>>>>>>>>>>>>>>>>>>>>>>>>>>>>>>>>>>>>>>>>>>>>>>>>>>>>>>>>>>>>>>>>>>>>>>>>>>>
epoch: 3
Batch 0 completed in 0.60 seconds (0.01 minutes)
New best dev_f1: 0.306834 (previous best: 0.286375)
loss: 0.955736, dev_acc: 43.00% (0.430000), dev_f1: 30.68% (0.306834), test_acc: 44.00% (0.440000), test_f1: 32.32% (0.323235)
Epoch 3 completed in 8.57 seconds (0.14 minutes)
>>>>>>>>>>>>>>>>>>>>>>>>>>>>>>>>>>>>>>>>>>>>>>>>>>>>>>>>>>>>>>>>>>>>>>>>>>>>>>>>>>>>>>>>>>>>>>>>>>>>
epoch: 4
Batch 0 completed in 0.60 seconds (0.01 minutes)
New best dev_f1: 0.327628 (previous best: 0.306834)
loss: 0.744857, dev_acc: 41.00% (0.410000), dev_f1: 32.76% (0.327628), test_acc: 45.00% (0.450000), test_f1: 36.31% (0.363134)
Epoch 4 completed in 8.53 seconds (0.14 minutes)
>>>>>>>>>>>>>>>>>>>>>>>>>>>>>>>>>>>>>>>>>>>>>>>>>>>>>>>>>>>>>>>>>>>>>>>>>>>>>>>>>>>>>>>>>>>>>>>>>>>>
epoch: 5
Batch 0 completed in 0.60 seconds (0.01 minutes)
New best dev_f1: 0.361260 (previous best: 0.327628)
loss: 0.458923, dev_acc: 43.00% (0.430000), dev_f1: 36.13% (0.361260), test_acc: 37.00% (0.370000), test_f1: 31.27% (0.312721)
Epoch 5 completed in 8.47 seconds (0.14 minutes)
>>>>>>>>>>>>>>>>>>>>>>>>>>>>>>>>>>>>>>>>>>>>>>>>>>>>>>>>>>>>>>>>>>>>>>>>>>>>>>>>>>>>>>>>>>>>>>>>>>>>
epoch: 6
Batch 0 completed in 0.61 seconds (0.01 minutes)
loss: 0.899429, dev_acc: 41.00% (0.410000), dev_f1: 29.93% (0.299331), test_acc: 42.00% (0.420000), test_f1: 32.02% (0.320176)
Epoch 6 completed in 8.57 seconds (0.14 minutes)
>>>>>>>>>>>>>>>>>>>>>>>>>>>>>>>>>>>>>>>>>>>>>>>>>>>>>>>>>>>>>>>>>>>>>>>>>>>>>>>>>>>>>>>>>>>>>>>>>>>>
epoch: 7
Batch 0 completed in 0.61 seconds (0.01 minutes)
New best dev_f1: 0.361905 (previous best: 0.361260)
loss: 0.613633, dev_acc: 41.00% (0.410000), dev_f1: 36.19% (0.361905), test_acc: 43.00% (0.430000), test_f1: 38.00% (0.379966)
Epoch 7 completed in 8.55 seconds (0.14 minutes)
>>>>>>>>>>>>>>>>>>>>>>>>>>>>>>>>>>>>>>>>>>>>>>>>>>>>>>>>>>>>>>>>>>>>>>>>>>>>>>>>>>>>>>>>>>>>>>>>>>>>
epoch: 8
Batch 0 completed in 0.61 seconds (0.01 minutes)
loss: 0.381166, dev_acc: 48.00% (0.480000), dev_f1: 36.11% (0.361111), test_acc: 48.00% (0.480000), test_f1: 31.56% (0.315590)
Epoch 8 completed in 8.53 seconds (0.14 minutes)
>>>>>>>>>>>>>>>>>>>>>>>>>>>>>>>>>>>>>>>>>>>>>>>>>>>>>>>>>>>>>>>>>>>>>>>>>>>>>>>>>>>>>>>>>>>>>>>>>>>>
epoch: 9
Batch 0 completed in 0.61 seconds (0.01 minutes)
loss: 0.443792, dev_acc: 40.00% (0.400000), dev_f1: 35.22% (0.352177), test_acc: 36.00% (0.360000), test_f1: 30.96% (0.309559)
Epoch 9 completed in 8.49 seconds (0.14 minutes)
>>>>>>>>>>>>>>>>>>>>>>>>>>>>>>>>>>>>>>>>>>>>>>>>>>>>>>>>>>>>>>>>>>>>>>>>>>>>>>>>>>>>>>>>>>>>>>>>>>>>
epoch: 10
Batch 0 completed in 0.61 seconds (0.01 minutes)
New best dev_f1: 0.480577 (previous best: 0.361905)
loss: 0.349261, dev_acc: 51.00% (0.510000), dev_f1: 48.06% (0.480577), test_acc: 36.00% (0.360000), test_f1: 34.66% (0.346591)
Epoch 10 completed in 8.54 seconds (0.14 minutes)
>>>>>>>>>>>>>>>>>>>>>>>>>>>>>>>>>>>>>>>>>>>>>>>>>>>>>>>>>>>>>>>>>>>>>>>>>>>>>>>>>>>>>>>>>>>>>>>>>>>>
epoch: 11
Batch 0 completed in 0.61 seconds (0.01 minutes)
loss: 0.168561, dev_acc: 44.00% (0.440000), dev_f1: 37.62% (0.376195), test_acc: 45.00% (0.450000), test_f1: 38.08% (0.380847)
Epoch 11 completed in 8.60 seconds (0.14 minutes)
>>>>>>>>>>>>>>>>>>>>>>>>>>>>>>>>>>>>>>>>>>>>>>>>>>>>>>>>>>>>>>>>>>>>>>>>>>>>>>>>>>>>>>>>>>>>>>>>>>>>
epoch: 12
Batch 0 completed in 0.61 seconds (0.01 minutes)
loss: 0.509930, dev_acc: 45.00% (0.450000), dev_f1: 37.92% (0.379167), test_acc: 32.00% (0.320000), test_f1: 26.23% (0.262319)
Epoch 12 completed in 8.58 seconds (0.14 minutes)
>>>>>>>>>>>>>>>>>>>>>>>>>>>>>>>>>>>>>>>>>>>>>>>>>>>>>>>>>>>>>>>>>>>>>>>>>>>>>>>>>>>>>>>>>>>>>>>>>>>>
epoch: 13
Batch 0 completed in 0.61 seconds (0.01 minutes)
loss: 0.189958, dev_acc: 45.00% (0.450000), dev_f1: 41.04% (0.410363), test_acc: 33.00% (0.330000), test_f1: 28.62% (0.286171)
Epoch 13 completed in 8.53 seconds (0.14 minutes)
>>>>>>>>>>>>>>>>>>>>>>>>>>>>>>>>>>>>>>>>>>>>>>>>>>>>>>>>>>>>>>>>>>>>>>>>>>>>>>>>>>>>>>>>>>>>>>>>>>>>
epoch: 14
Batch 0 completed in 0.61 seconds (0.01 minutes)
loss: 0.183762, dev_acc: 49.00% (0.490000), dev_f1: 46.32% (0.463208), test_acc: 41.00% (0.410000), test_f1: 38.33% (0.383333)
Epoch 14 completed in 8.50 seconds (0.14 minutes)
RESULT: Max Dev F1: 0.480577, Max Test F1: 0.346591
Reading TensorBoard loss at each epoch:
Available tags: {'images': [], 'audio': [], 'histograms': [], 'scalars': ['Loss/train', 'Loss/val'], 'distributions': [], 'tensors': [], 'graph': False, 'meta_graph': False, 'run_metadata': []}
Output File: /home/rgg2706/Multimodal-Sentiment-Analysis/Logs/HHMAFM/2024-11-09/sub-3/007_Nov-09-2024_10:44_PM/trainval_loss_curves.png
Training and validation loss curves saved to /home/rgg2706/Multimodal-Sentiment-Analysis/Logs/HHMAFM/2024-11-09/sub-3/007_Nov-09-2024_10:44_PM/trainval_loss_curves.png
Total Completion Time: 2.47 minutes. (0.04 hours) 
