SLURM Job ID: 20077994
The first version with resnset
Model: MOASC4
Dataset: MOA-MVSA-single
directory /home/rgg2706/Multimodal-Sentiment-Analysis/Datasets/MOA-MVSA-single exists
directory /home/rgg2706/Multimodal-Sentiment-Analysis/Datasets/MOA-MVSA-multiple exists
directory /home/rgg2706/Multimodal-Sentiment-Analysis/Models/MOASC4/SaveFiles/SentimentClassifier exists
94
Loading dataset from: /home/rgg2706/Multimodal-Sentiment-Analysis/Datasets/MOA-MVSA-single
/home/rgg2706/Multimodal-Sentiment-Analysis/Datasets/MOA-MVSA-single/text
/home/rgg2706/Multimodal-Sentiment-Analysis/Datasets/MOA-MVSA-single/image
[DEBUG] Now in dataset directory for labels: /home/rgg2706/Multimodal-Sentiment-Analysis/Datasets/MOA-MVSA-single
[DEBUG] About to read labels from: /home/rgg2706/Multimodal-Sentiment-Analysis/Datasets/MOA-MVSA-single/labels.csv
Dataset directory is: /home/rgg2706/Multimodal-Sentiment-Analysis/Datasets/MOA-MVSA-single
Files in dataset directory: ['labels.csv', 'text', 'image']
   ID  text  image
0   1     2      1
1   2     2      1
2   3     2      1
3   4     1      1
4   5     1      1
5   6     1      1
6   7     1      1
7   8     2      1
8   9     1      1
9  10     0      0

[DEBUG] First 5 training texts:
    ID: 1 | Overall sentiment: 1 | Text: how  i feel today legday jelly aching gym 
    ID: 3 | Overall sentiment: 1 | Text:  polynminion  the moment  i found my favourite tv character. profoundlove 
    ID: 5 | Overall sentiment: 1 | Text:  chrisashaffer  went to  ssc today to be a movie star to rep for the  deaf and got to meet an energetic great guy  mark  white! 
    ID: 6 | Overall sentiment: 1 | Text:  babeshawnmendes that was really energetic 
    ID: 7 | Overall sentiment: 1 | Text:  deepikapadukone  to my most hard workingfun loving and energetic team.. thank you and  i love you! 
Train samples: 3653
Validation samples: 406
Test samples: 452
Total samples: 4511
Train label distribution: Negative=1099, Positive=2189, Neutral=365
Val   label distribution: Negative=119, Positive=244, Neutral=43
Test  label distribution: Negative=140, Positive=250, Neutral=62
Overall label distribution: Negative=1358, Positive=2683, Neutral=470
    Iteration 20 of epoch 1 completed. Loss : 1.0855538845062256 Accuracy : 62.50
    Iteration 40 of epoch 1 completed. Loss : 1.0956010818481445 Accuracy : 40.62
    Iteration 60 of epoch 1 completed. Loss : 1.0881059169769287 Accuracy : 50.00
    Iteration 80 of epoch 1 completed. Loss : 1.0852869749069214 Accuracy : 56.25
    Iteration 100 of epoch 1 completed. Loss : 1.1096264123916626 Accuracy : 46.88
Best validation accuracy improved from 0.0 to 0.599868881118881
Epoch 1 completed. Test dataset:
	 Loss: 1.0593
	 Accuracy : 52.08
	 Average recall: 0.3644
	 F1_PN: 0.4963
	 Macro-F1: 0.3309
	 Weighted-F1: 0.4718

Best test accuracy improved from 0.0 to 0.5208333333333334, saving model...
    Iteration 20 of epoch 2 completed. Loss : 1.0572553873062134 Accuracy : 62.50
    Iteration 40 of epoch 2 completed. Loss : 1.0790849924087524 Accuracy : 43.75
    Iteration 60 of epoch 2 completed. Loss : 1.1562331914901733 Accuracy : 40.62
    Iteration 80 of epoch 2 completed. Loss : 1.002524971961975 Accuracy : 68.75
    Iteration 100 of epoch 2 completed. Loss : 1.062484622001648 Accuracy : 59.38
Best validation accuracy improved from 0.599868881118881 to 0.6470716783216783
Epoch 2 completed. Test dataset:
	 Loss: 0.9530
	 Accuracy : 61.88
	 Average recall: 0.4937
	 F1_PN: 0.6428
	 Macro-F1: 0.4596
	 Weighted-F1: 0.5951

Best test accuracy improved from 0.5208333333333334 to 0.61875, saving model...
    Iteration 20 of epoch 3 completed. Loss : 0.9527148008346558 Accuracy : 65.62
    Iteration 40 of epoch 3 completed. Loss : 0.9102709293365479 Accuracy : 65.62
    Iteration 60 of epoch 3 completed. Loss : 0.9466888308525085 Accuracy : 75.00
    Iteration 80 of epoch 3 completed. Loss : 0.739675760269165 Accuracy : 71.88
    Iteration 100 of epoch 3 completed. Loss : 0.9323284029960632 Accuracy : 75.00
Epoch 3 completed. Test dataset:
	 Loss: 0.9828
	 Accuracy : 55.21
	 Average recall: 0.5301
	 F1_PN: 0.5928
	 Macro-F1: 0.4973
	 Weighted-F1: 0.5723

    Iteration 20 of epoch 4 completed. Loss : 0.6852433085441589 Accuracy : 78.12
    Iteration 40 of epoch 4 completed. Loss : 0.7970247864723206 Accuracy : 65.62
    Iteration 60 of epoch 4 completed. Loss : 0.8043033480644226 Accuracy : 81.25
    Iteration 80 of epoch 4 completed. Loss : 0.670020341873169 Accuracy : 81.25
    Iteration 100 of epoch 4 completed. Loss : 0.7667800188064575 Accuracy : 90.62
Best validation accuracy improved from 0.6470716783216783 to 0.6979895104895105
Epoch 4 completed. Test dataset:
	 Loss: 0.9158
	 Accuracy : 63.12
	 Average recall: 0.5113
	 F1_PN: 0.6482
	 Macro-F1: 0.4975
	 Weighted-F1: 0.6223

Best test accuracy improved from 0.61875 to 0.63125, saving model...
    Iteration 20 of epoch 5 completed. Loss : 0.6310543417930603 Accuracy : 84.38
    Iteration 40 of epoch 5 completed. Loss : 0.647743821144104 Accuracy : 87.50
    Iteration 60 of epoch 5 completed. Loss : 0.784541130065918 Accuracy : 81.25
    Iteration 80 of epoch 5 completed. Loss : 0.6524701714515686 Accuracy : 84.38
    Iteration 100 of epoch 5 completed. Loss : 0.7580958008766174 Accuracy : 78.12
Epoch 5 completed. Test dataset:
	 Loss: 0.9261
	 Accuracy : 59.79
	 Average recall: 0.4745
	 F1_PN: 0.6117
	 Macro-F1: 0.4617
	 Weighted-F1: 0.5818

    Iteration 20 of epoch 6 completed. Loss : 0.6164460182189941 Accuracy : 84.38
    Iteration 40 of epoch 6 completed. Loss : 0.7250784039497375 Accuracy : 81.25
    Iteration 60 of epoch 6 completed. Loss : 0.6887173056602478 Accuracy : 87.50
    Iteration 80 of epoch 6 completed. Loss : 0.6400836706161499 Accuracy : 87.50
    Iteration 100 of epoch 6 completed. Loss : 0.6190847754478455 Accuracy : 96.88
Epoch 6 completed. Test dataset:
	 Loss: 0.9219
	 Accuracy : 61.25
	 Average recall: 0.4836
	 F1_PN: 0.6304
	 Macro-F1: 0.4591
	 Weighted-F1: 0.5879

    Iteration 20 of epoch 7 completed. Loss : 0.5786200165748596 Accuracy : 96.88
    Iteration 40 of epoch 7 completed. Loss : 0.6715181469917297 Accuracy : 90.62
    Iteration 60 of epoch 7 completed. Loss : 0.6609542965888977 Accuracy : 90.62
    Iteration 80 of epoch 7 completed. Loss : 0.630155086517334 Accuracy : 90.62
    Iteration 100 of epoch 7 completed. Loss : 0.5616104602813721 Accuracy : 100.00
Epoch 7 completed. Test dataset:
	 Loss: 0.9253
	 Accuracy : 60.83
	 Average recall: 0.4697
	 F1_PN: 0.6239
	 Macro-F1: 0.4485
	 Weighted-F1: 0.5815

    Iteration 20 of epoch 8 completed. Loss : 0.5759834051132202 Accuracy : 96.88
    Iteration 40 of epoch 8 completed. Loss : 0.6533188819885254 Accuracy : 93.75
    Iteration 60 of epoch 8 completed. Loss : 0.6530624032020569 Accuracy : 90.62
    Iteration 80 of epoch 8 completed. Loss : 0.6283363103866577 Accuracy : 90.62
    Iteration 100 of epoch 8 completed. Loss : 0.5563338398933411 Accuracy : 100.00
Best validation accuracy improved from 0.6979895104895105 to 0.708916083916084
Epoch 8 completed. Test dataset:
	 Loss: 0.9239
	 Accuracy : 60.42
	 Average recall: 0.4734
	 F1_PN: 0.6208
	 Macro-F1: 0.4539
	 Weighted-F1: 0.5793

    Iteration 20 of epoch 9 completed. Loss : 0.5773071050643921 Accuracy : 96.88
    Iteration 40 of epoch 9 completed. Loss : 0.6511948704719543 Accuracy : 93.75
    Iteration 60 of epoch 9 completed. Loss : 0.6508291363716125 Accuracy : 90.62
    Iteration 80 of epoch 9 completed. Loss : 0.6175748109817505 Accuracy : 93.75
    Iteration 100 of epoch 9 completed. Loss : 0.554446280002594 Accuracy : 100.00
Epoch 9 completed. Test dataset:
	 Loss: 0.9232
	 Accuracy : 60.62
	 Average recall: 0.4777
	 F1_PN: 0.6246
	 Macro-F1: 0.4565
	 Weighted-F1: 0.5823

    Iteration 20 of epoch 10 completed. Loss : 0.5774725675582886 Accuracy : 93.75
    Iteration 40 of epoch 10 completed. Loss : 0.6483966708183289 Accuracy : 93.75
    Iteration 60 of epoch 10 completed. Loss : 0.6491290926933289 Accuracy : 90.62
    Iteration 80 of epoch 10 completed. Loss : 0.6118261218070984 Accuracy : 93.75
    Iteration 100 of epoch 10 completed. Loss : 0.5542441606521606 Accuracy : 100.00
Epoch 10 completed. Test dataset:
	 Loss: 0.9171
	 Accuracy : 61.04
	 Average recall: 0.4747
	 F1_PN: 0.6236
	 Macro-F1: 0.4557
	 Weighted-F1: 0.5829

    Iteration 20 of epoch 11 completed. Loss : 0.5723459720611572 Accuracy : 96.88
    Iteration 40 of epoch 11 completed. Loss : 0.6349347829818726 Accuracy : 96.88
    Iteration 60 of epoch 11 completed. Loss : 0.6459391713142395 Accuracy : 90.62
    Iteration 80 of epoch 11 completed. Loss : 0.6096113920211792 Accuracy : 93.75
    Iteration 100 of epoch 11 completed. Loss : 0.5552310943603516 Accuracy : 100.00
Epoch 11 completed. Test dataset:
	 Loss: 0.9190
	 Accuracy : 61.04
	 Average recall: 0.4743
	 F1_PN: 0.6261
	 Macro-F1: 0.4531
	 Weighted-F1: 0.5814

    Iteration 20 of epoch 12 completed. Loss : 0.5679895281791687 Accuracy : 96.88
    Iteration 40 of epoch 12 completed. Loss : 0.6385939121246338 Accuracy : 93.75
    Iteration 60 of epoch 12 completed. Loss : 0.6464866995811462 Accuracy : 90.62
    Iteration 80 of epoch 12 completed. Loss : 0.601320743560791 Accuracy : 96.88
    Iteration 100 of epoch 12 completed. Loss : 0.5540202856063843 Accuracy : 100.00
Epoch 12 completed. Test dataset:
	 Loss: 0.9154
	 Accuracy : 60.83
	 Average recall: 0.4684
	 F1_PN: 0.6207
	 Macro-F1: 0.4495
	 Weighted-F1: 0.5791

    Iteration 20 of epoch 13 completed. Loss : 0.5674722194671631 Accuracy : 96.88
    Iteration 40 of epoch 13 completed. Loss : 0.6346505284309387 Accuracy : 93.75
    Iteration 60 of epoch 13 completed. Loss : 0.641969621181488 Accuracy : 90.62
    Iteration 80 of epoch 13 completed. Loss : 0.5819063186645508 Accuracy : 96.88
    Iteration 100 of epoch 13 completed. Loss : 0.5562994480133057 Accuracy : 100.00
Epoch 13 completed. Test dataset:
	 Loss: 0.9157
	 Accuracy : 60.42
	 Average recall: 0.4656
	 F1_PN: 0.6166
	 Macro-F1: 0.4467
	 Weighted-F1: 0.5755

    Iteration 20 of epoch 14 completed. Loss : 0.5688416957855225 Accuracy : 96.88
    Iteration 40 of epoch 14 completed. Loss : 0.6317506432533264 Accuracy : 93.75
    Iteration 60 of epoch 14 completed. Loss : 0.6509935855865479 Accuracy : 90.62
    Iteration 80 of epoch 14 completed. Loss : 0.5774109363555908 Accuracy : 96.88
    Iteration 100 of epoch 14 completed. Loss : 0.5528205037117004 Accuracy : 100.00
Epoch 14 completed. Test dataset:
	 Loss: 0.9159
	 Accuracy : 60.42
	 Average recall: 0.4656
	 F1_PN: 0.6166
	 Macro-F1: 0.4467
	 Weighted-F1: 0.5755

    Iteration 20 of epoch 15 completed. Loss : 0.5682004690170288 Accuracy : 96.88
    Iteration 40 of epoch 15 completed. Loss : 0.6230546236038208 Accuracy : 96.88
    Iteration 60 of epoch 15 completed. Loss : 0.6525712609291077 Accuracy : 90.62
    Iteration 80 of epoch 15 completed. Loss : 0.5998902916908264 Accuracy : 93.75
    Iteration 100 of epoch 15 completed. Loss : 0.5553156137466431 Accuracy : 100.00
Epoch 15 completed. Test dataset:
	 Loss: 0.9159
	 Accuracy : 60.42
	 Average recall: 0.4656
	 F1_PN: 0.6166
	 Macro-F1: 0.4467
	 Weighted-F1: 0.5755

Train/val/test loss curve saved to /home/rgg2706/Multimodal-Sentiment-Analysis/Logs/MOASC4/2025-03-21/sub-1/044_Mar-21-2025_12:07_AM/train_val_test_loss_curve.png
Confusion matrix saved to /home/rgg2706/Multimodal-Sentiment-Analysis/Logs/MOASC4/2025-03-21/sub-1/044_Mar-21-2025_12:07_AM/confusion_matrix.png
