SLURM Job ID: 20050216
Dataset: MOA-MVSA-single
Number of GPUs available: 1
Python PATH: ['/home/rgg2706/Multimodal-Sentiment-Analysis/Models/SIMPLE-F3v3/src', '/home/rgg2706/Multimodal-Sentiment-Analysis', '/Models/SIMPLE-F3v3/src', '/.autofs/tools/spack/var/spack/environments/default-nlp-x86_64-24072401/.spack-env/._view/wtxwc3mlkmzy7fbaxlum2674jarpitc2/lib/python311.zip', '/.autofs/tools/spack/var/spack/environments/default-nlp-x86_64-24072401/.spack-env/._view/wtxwc3mlkmzy7fbaxlum2674jarpitc2/lib/python3.11', '/.autofs/tools/spack/var/spack/environments/default-nlp-x86_64-24072401/.spack-env/._view/wtxwc3mlkmzy7fbaxlum2674jarpitc2/lib/python3.11/lib-dynload', '/.autofs/tools/spack/var/spack/environments/default-nlp-x86_64-24072401/.spack-env/._view/wtxwc3mlkmzy7fbaxlum2674jarpitc2/lib/python3.11/site-packages']
Logs directory: /home/rgg2706/Multimodal-Sentiment-Analysis/Logs/SIMPLE-F3v3/2025-03-09/sub-1/009_Mar-09-2025_03:31_PM
> training arguments:
>>> rand_seed: 8
>>> model_fusion: multiattfusion
>>> dataset: MOA-MVSA-single
>>> optimizer: <class 'torch.optim.adam.Adam'>
>>> initializer: <function xavier_uniform_ at 0x7f3194d21440>
>>> learning_rate: 0.001
>>> dropout_rate: 0.5
>>> weight_decay: 0.0
>>> num_layers: 3
>>> num_epoch: 10
>>> batch_size: 64
>>> log_step: 60
>>> max_seq_len: 120
>>> polarities_dim: 3
>>> clip_grad: 5.0
>>> path_image: ./images
>>> crop_size: 224
>>> n_head: 8
>>> hidden_dim: 256
>>> num_classes: 3
>>> log_dir: /home/rgg2706/Multimodal-Sentiment-Analysis/Logs/SIMPLE-F3v3/2025-03-09/sub-1/009_Mar-09-2025_03:31_PM
>>> counter: 0
>>> model_class: <class 'models.multiattfusion.MultiAttFusion'>
 -> positive
 -> positive
 -> positive
 -> same as text: 1
 -> same as text: 1
 -> same as text: 1
 -> same as text: 1
 -> positive
 -> same as text: 1
 -> same as text: 0
 -> same as text: 1
 -> same as text: 1
 -> same as text: 1
 -> same as text: 1
 -> same as text: 1
 -> same as text: 1
 -> same as text: 1
 -> positive
 -> same as text: 0
 -> positive
 -> same as text: 1
 -> same as text: 0
 -> same as text: 1
 -> same as text: 2
 -> same as text: 2
 -> same as text: 2
 -> same as text: 2
 -> positive
 -> positive
 -> negative
 -> same as text: 1
 -> positive
 -> same as text: 2
 -> same as text: 1
 -> positive
 -> same as text: 1
 -> same as text: 1
 -> same as text: 2
 -> same as text: 1
 -> negative
 -> same as text: 1
 -> positive
 -> positive
 -> positive
 -> same as text: 2
 -> positive
 -> positive
 -> positive
 -> positive
 -> negative
 -> positive
 -> same as text: 1
 -> negative
 -> same as text: 2
 -> positive
 -> same as text: 1
 -> positive
 -> positive
 -> positive
 -> positive
 -> positive
 -> negative
 -> same as text: 1
 -> same as text: 1
 -> same as text: 1
 -> same as text: 1
 -> same as text: 0
 -> positive
 -> positive
 -> negative
 -> same as text: 2
 -> positive
 -> negative
 -> same as text: 1
 -> same as text: 1
 -> positive
 -> same as text: 1
 -> same as text: 0
 -> same as text: 1
 -> positive
 -> same as text: 1
 -> positive
 -> same as text: 2
 -> positive
 -> same as text: 0
 -> same as text: 1
 -> same as text: 1
 -> same as text: 1
 -> same as text: 1
 -> same as text: 0
 -> same as text: 1
 -> same as text: 1
 -> same as text: 1
 -> same as text: 0
 -> same as text: 1
 -> positive
 -> same as text: 1
 -> positive
 -> positive
 -> same as text: 1
 -> same as text: 2
 -> same as text: 2
 -> same as text: 2
 -> positive
 -> same as text: 2
 -> positive
 -> same as text: 0
 -> same as text: 1
 -> same as text: 1
 -> positive
 -> same as text: 1
 -> same as text: 1
 -> same as text: 2
 -> same as text: 2
 -> same as text: 0
 -> negative
 -> same as text: 1
 -> same as text: 1
 -> same as text: 1
 -> same as text: 1
 -> same as text: 1
 -> positive
 -> positive
 -> positive
 -> positive
 -> positive
 -> same as text: 0
 -> same as text: 0
 -> positive
 -> positive
 -> negative
 -> positive
 -> same as text: 2
 -> same as text: 1
 -> positive
 -> positive
 -> same as text: 2
 -> positive
 -> same as text: 2
 -> positive
 -> same as text: 1
 -> same as text: 1
 -> same as text: 2
 -> positive
 -> positive
 -> same as text: 1
 -> same as text: 1
 -> negative
 -> same as text: 1
 -> same as text: 2
 -> same as text: 1
 -> positive
 -> negative
 -> negative
 -> same as text: 1
 -> same as text: 1
 -> same as text: 1
 -> same as text: 0
 -> same as text: 2
 -> same as text: 1
 -> positive
 -> positive
 -> negative
 -> positive
 -> same as text: 1
 -> same as text: 1
 -> positive
 -> positive
 -> same as text: 1
 -> positive
 -> positive
 -> same as text: 1
 -> same as text: 0
 -> same as text: 2
 -> same as text: 2
 -> same as text: 1
 -> positive
 -> same as text: 2
 -> same as text: 1
 -> same as text: 0
 -> positive
 -> same as text: 0
 -> negative
 -> negative
 -> same as text: 1
 -> positive
 -> positive
 -> same as text: 0
 -> same as text: 0
 -> same as text: 0
 -> same as text: 1
 -> same as text: 2
 -> same as text: 1
 -> same as text: 0
 -> same as text: 0
 -> same as text: 0
 -> same as text: 0
 -> same as text: 0
 -> positive
 -> same as text: 0
 -> positive
 -> same as text: 1
 -> same as text: 2
 -> positive
 -> same as text: 1
 -> same as text: 1
 -> same as text: 1
 -> same as text: 1
 -> same as text: 1
 -> positive
 -> same as text: 2
 -> positive
 -> same as text: 1
 -> same as text: 1
 -> positive
 -> same as text: 1
 -> positive
 -> positive
 -> positive
 -> positive
 -> same as text: 1
 -> same as text: 1
 -> same as text: 1
 -> same as text: 0
 -> same as text: 1
 -> negative
 -> same as text: 1
 -> same as text: 1
 -> positive
 -> same as text: 1
 -> same as text: 1
 -> same as text: 2
 -> positive
 -> same as text: 2
 -> same as text: 0
 -> same as text: 1
 -> negative
 -> same as text: 0
 -> negative
 -> positive
 -> positive
 -> same as text: 0
 -> same as text: 0
 -> same as text: 0
 -> positive
 -> same as text: 1
 -> negative
 -> positive
 -> same as text: 0
 -> positive
 -> positive
 -> same as text: 0
 -> positive
 -> same as text: 1
 -> positive
 -> same as text: 1
 -> same as text: 2
 -> positive
 -> positive
 -> same as text: 0
 -> same as text: 0
 -> same as text: 1
 -> same as text: 1
 -> same as text: 1
 -> same as text: 1
 -> same as text: 1
 -> same as text: 1
 -> same as text: 0
 -> same as text: 1
 -> same as text: 1
 -> positive
 -> same as text: 1
 -> same as text: 0
 -> same as text: 1
 -> positive
 -> same as text: 1
 -> same as text: 1
 -> same as text: 1
 -> same as text: 1
 -> same as text: 1
 -> same as text: 1
 -> same as text: 1
 -> same as text: 1
 -> same as text: 0
 -> same as text: 1
 -> same as text: 1
 -> same as text: 1
 -> same as text: 0
 -> positive
 -> positive
 -> positive
 -> same as text: 1
 -> positive
 -> positive
 -> positive
 -> same as text: 1
 -> same as text: 0
 -> same as text: 0
 -> positive
 -> same as text: 1
 -> same as text: 0
 -> same as text: 0
 -> same as text: 0
 -> same as text: 1
 -> positive
 -> same as text: 0
 -> same as text: 1
 -> same as text: 1
 -> same as text: 0
 -> same as text: 1
 -> same as text: 1
 -> same as text: 2
 -> same as text: 0
 -> same as text: 0
 -> same as text: 0
 -> same as text: 2
 -> same as text: 1
 -> same as text: 1
 -> same as text: 1
 -> same as text: 1
 -> same as text: 2
 -> same as text: 1
 -> positive
 -> positive
 -> same as text: 0
 -> negative
 -> same as text: 0
 -> negative
 -> same as text: 0
 -> positive
 -> positive
 -> positive
 -> negative
 -> positive
 -> same as text: 2
 -> positive
 -> same as text: 2
 -> positive
 -> positive
 -> negative
 -> positive
 -> negative
 -> same as text: 1
 -> same as text: 1
 -> negative
 -> same as text: 1
 -> same as text: 1
 -> same as text: 0
 -> same as text: 0
 -> positive
 -> same as text: 2
 -> negative
 -> negative
 -> negative
 -> positive
 -> negative
 -> positive
 -> same as text: 0
 -> same as text: 0
 -> same as text: 0
 -> same as text: 0
 -> negative
 -> negative
 -> same as text: 0
 -> positive
 -> same as text: 1
 -> same as text: 1
 -> same as text: 2
 -> same as text: 0
 -> positive
 -> negative
 -> positive
 -> negative
 -> same as text: 1
 -> same as text: 2
 -> same as text: 1
 -> positive
 -> same as text: 1
 -> same as text: 1
 -> same as text: 1
 -> same as text: 1
 -> positive
 -> negative
 -> same as text: 1
 -> positive
 -> negative
 -> positive
 -> positive
 -> negative
 -> positive
 -> same as text: 2
 -> same as text: 0
 -> same as text: 2
 -> positive
 -> same as text: 2
 -> positive
 -> same as text: 0
 -> positive
 -> positive
 -> same as text: 2
 -> positive
 -> positive
 -> same as text: 2
 -> same as text: 2
 -> same as text: 1
 -> positive
 -> same as text: 1
 -> same as text: 1
 -> same as text: 0
 -> positive
 -> same as text: 1
 -> same as text: 1
 -> same as text: 1
 -> negative
 -> same as text: 2
 -> same as text: 0
 -> same as text: 0
 -> negative
 -> same as text: 0
 -> positive
 -> same as text: 1
 -> same as text: 0
 -> same as text: 0
 -> same as text: 0
 -> same as text: 0
 -> same as text: 1
 -> same as text: 1
 -> same as text: 1
 -> same as text: 1
 -> same as text: 1
 -> same as text: 1
 -> same as text: 1
 -> same as text: 0
 -> same as text: 1
 -> same as text: 1
 -> same as text: 1
 -> same as text: 1
 -> same as text: 1
 -> same as text: 0
 -> same as text: 1
 -> positive
 -> same as text: 1
 -> same as text: 2
 -> same as text: 0
 -> same as text: 0
 -> same as text: 0
 -> same as text: 1
 -> same as text: 0
 -> same as text: 1
 -> same as text: 1
 -> same as text: 1
 -> same as text: 1
 -> same as text: 1
 -> same as text: 1
 -> positive
 -> positive
 -> same as text: 1
 -> same as text: 1
 -> same as text: 1
 -> same as text: 1
 -> same as text: 2
 -> positive
 -> positive
 -> same as text: 2
 -> positive
 -> positive
 -> same as text: 1
 -> same as text: 1
 -> positive
 -> same as text: 2
 -> positive
 -> positive
 -> positive
 -> positive
 -> same as text: 2
 -> positive
 -> same as text: 1
 -> same as text: 1
 -> same as text: 1
 -> positive
 -> same as text: 1
 -> positive
 -> positive
 -> same as text: 2
 -> same as text: 0
 -> positive
 -> same as text: 2
 -> positive
 -> same as text: 1
 -> same as text: 1
 -> positive
 -> positive
 -> same as text: 1
 -> negative
 -> same as text: 1
 -> same as text: 1
 -> same as text: 0
 -> same as text: 0
 -> positive
 -> same as text: 1
 -> same as text: 2
 -> same as text: 1
 -> positive
 -> same as text: 0
 -> negative
 -> same as text: 2
 -> same as text: 1
 -> same as text: 1
 -> same as text: 1
 -> same as text: 1
 -> positive
 -> same as text: 0
 -> negative
 -> positive
 -> positive
 -> same as text: 1
 -> positive
 -> same as text: 1
 -> same as text: 1
 -> same as text: 0
 -> same as text: 0
 -> same as text: 1
 -> same as text: 1
 -> positive
 -> same as text: 1
 -> same as text: 1
 -> same as text: 0
 -> same as text: 0
 -> same as text: 1
 -> positive
 -> positive
 -> positive
 -> same as text: 2
 -> same as text: 2
 -> same as text: 2
 -> positive
 -> same as text: 1
 -> same as text: 1
 -> same as text: 2
 -> same as text: 2
 -> same as text: 2
 -> same as text: 0
 -> positive
 -> same as text: 2
 -> positive
 -> same as text: 0
 -> same as text: 1
 -> same as text: 0
 -> same as text: 0
 -> positive
 -> positive
 -> same as text: 1
 -> same as text: 0
 -> same as text: 1
 -> positive
 -> positive
 -> same as text: 0
 -> same as text: 1
 -> negative
 -> same as text: 2
 -> positive
 -> same as text: 1
 -> same as text: 1
 -> same as text: 1
 -> same as text: 2
 -> same as text: 1
 -> same as text: 1
 -> same as text: 2
 -> same as text: 2
 -> same as text: 1
 -> positive
 -> same as text: 2
 -> positive
 -> same as text: 2
 -> same as text: 1
 -> same as text: 0
 -> same as text: 2
 -> same as text: 0
 -> positive
 -> negative
 -> negative
 -> same as text: 1
 -> same as text: 1
 -> same as text: 0
 -> same as text: 2
 -> positive
 -> same as text: 0
 -> same as text: 0
 -> same as text: 1
 -> same as text: 1
 -> same as text: 1
 -> positive
 -> same as text: 1
 -> same as text: 2
 -> same as text: 1
 -> same as text: 1
 -> same as text: 1
 -> same as text: 1
 -> same as text: 1
 -> same as text: 1
 -> same as text: 0
 -> same as text: 0
 -> same as text: 1
 -> same as text: 1
 -> same as text: 1
 -> same as text: 0
 -> same as text: 1
 -> positive
 -> same as text: 0
 -> same as text: 1
 -> same as text: 1
 -> same as text: 0
 -> same as text: 0
 -> same as text: 2
 -> same as text: 0
 -> same as text: 0
 -> positive
 -> same as text: 1
 -> negative
 -> positive
 -> same as text: 2
 -> positive
 -> same as text: 0
 -> positive
 -> same as text: 1
 -> same as text: 1
 -> positive
 -> negative
 -> same as text: 1
 -> negative
 -> same as text: 1
 -> same as text: 0
 -> same as text: 0
 -> positive
 -> positive
 -> same as text: 2
 -> positive
 -> same as text: 1
 -> positive
 -> negative
 -> same as text: 1
 -> negative
 -> negative
 -> same as text: 0
 -> positive
 -> negative
 -> same as text: 1
 -> same as text: 1
 -> same as text: 1
 -> same as text: 1
 -> same as text: 2
 -> same as text: 1
 -> same as text: 1
 -> same as text: 1
 -> same as text: 1
 -> same as text: 1
 -> same as text: 1
 -> positive
 -> same as text: 1
 -> same as text: 1
 -> same as text: 2
 -> same as text: 0
 -> same as text: 2
 -> positive
 -> same as text: 1
 -> negative
 -> positive
 -> same as text: 1
 -> positive
 -> same as text: 0
 -> same as text: 1
 -> positive
 -> negative
 -> negative
 -> negative
 -> positive
 -> positive
 -> positive
 -> same as text: 1
 -> positive
 -> same as text: 1
 -> same as text: 1
 -> same as text: 1
 -> same as text: 1
 -> same as text: 1
 -> positive
 -> positive
 -> same as text: 1
 -> same as text: 1
 -> same as text: 0
 -> same as text: 0
 -> positive
 -> same as text: 2
 -> same as text: 2
 -> positive
 -> same as text: 2
 -> positive
 -> same as text: 1
 -> positive
 -> positive
 -> same as text: 2
 -> positive
 -> same as text: 1
 -> same as text: 1
 -> positive
 -> same as text: 1
 -> same as text: 1
 -> same as text: 0
 -> same as text: 1
 -> same as text: 1
 -> positive
 -> same as text: 1
 -> same as text: 1
 -> same as text: 1
 -> negative
 -> same as text: 2
 -> same as text: 2
 -> same as text: 1
 -> same as text: 0
 -> same as text: 0
 -> negative
 -> positive
 -> same as text: 0
 -> positive
 -> same as text: 2
 -> same as text: 1
 -> positive
 -> same as text: 1
 -> positive
 -> positive
 -> same as text: 2
 -> same as text: 2
 -> positive
 -> positive
 -> positive
 -> same as text: 1
 -> same as text: 1
 -> same as text: 1
 -> negative
 -> positive
 -> same as text: 1
 -> negative
 -> same as text: 1
 -> positive
 -> same as text: 0
 -> positive
 -> positive
 -> same as text: 1
 -> positive
 -> same as text: 1
 -> same as text: 1
 -> same as text: 1
 -> same as text: 1
 -> same as text: 1
 -> same as text: 0
 -> same as text: 0
 -> same as text: 1
 -> same as text: 1
 -> same as text: 1
 -> positive
 -> positive
 -> same as text: 2
 -> same as text: 0
 -> same as text: 1
 -> same as text: 2
 -> positive
 -> same as text: 0
 -> same as text: 1
 -> same as text: 0
 -> positive
 -> same as text: 1
 -> positive
 -> same as text: 0
 -> same as text: 0
 -> same as text: 0
 -> positive
 -> same as text: 1
 -> positive
 -> same as text: 1
 -> same as text: 1
 -> same as text: 1
 -> positive
 -> same as text: 2
 -> same as text: 2
 -> positive
 -> positive
 -> same as text: 1
 -> same as text: 1
 -> positive
 -> negative
 -> positive
 -> negative
 -> same as text: 2
 -> positive
 -> positive
 -> same as text: 1
 -> same as text: 0
 -> positive
 -> same as text: 2
 -> same as text: 1
 -> same as text: 2
 -> same as text: 0
 -> negative
 -> same as text: 2
 -> same as text: 0
 -> same as text: 2
 -> negative
 -> positive
 -> same as text: 0
 -> same as text: 0
 -> same as text: 1
 -> same as text: 0
 -> same as text: 1
 -> positive
 -> negative
 -> negative
 -> negative
 -> same as text: 0
 -> same as text: 0
 -> positive
 -> negative
 -> positive
 -> same as text: 1
 -> positive
 -> same as text: 1
 -> same as text: 1
 -> same as text: 1
 -> same as text: 1
 -> same as text: 1
 -> same as text: 1
 -> same as text: 1
 -> same as text: 1
 -> positive
 -> same as text: 0
 -> same as text: 1
 -> same as text: 0
 -> same as text: 1
 -> same as text: 1
 -> same as text: 1
 -> same as text: 2
 -> same as text: 0
 -> same as text: 1
 -> same as text: 0
 -> same as text: 0
 -> negative
 -> same as text: 2
 -> same as text: 1
 -> positive
 -> same as text: 1
 -> same as text: 1
 -> positive
 -> positive
 -> positive
 -> same as text: 0
 -> same as text: 0
 -> same as text: 0
 -> same as text: 0
 -> same as text: 0
 -> same as text: 1
 -> positive
 -> same as text: 1
 -> same as text: 2
 -> same as text: 0
 -> same as text: 0
 -> negative
 -> negative
 -> positive
 -> positive
 -> same as text: 0
 -> same as text: 0
 -> same as text: 2
 -> same as text: 0
 -> same as text: 2
 -> same as text: 1
 -> same as text: 1
 -> same as text: 1
 -> positive
 -> same as text: 0
 -> same as text: 0
 -> positive
 -> positive
 -> same as text: 0
 -> positive
 -> positive
 -> same as text: 1
 -> same as text: 0
 -> positive
 -> negative
 -> same as text: 0
 -> positive
 -> negative
 -> same as text: 0
 -> same as text: 2
 -> positive
 -> positive
 -> same as text: 0
 -> same as text: 1
 -> same as text: 0
 -> same as text: 1
 -> positive
 -> positive
 -> positive
 -> same as text: 0
 -> same as text: 1
 -> same as text: 1
 -> same as text: 1
 -> same as text: 1
 -> same as text: 1
 -> same as text: 1
 -> same as text: 1
 -> same as text: 1
 -> positive
 -> same as text: 1
 -> same as text: 1
 -> same as text: 2
 -> same as text: 2
 -> same as text: 1
 -> same as text: 1
 -> same as text: 1
 -> same as text: 1
 -> positive
 -> positive
 -> same as text: 0
 -> same as text: 2
 -> same as text: 2
 -> positive
 -> same as text: 1
 -> positive
 -> positive
 -> same as text: 2
 -> same as text: 1
 -> same as text: 1
 -> same as text: 1
 -> same as text: 1
 -> same as text: 0
 -> positive
 -> positive
 -> same as text: 1
 -> same as text: 1
 -> negative
 -> same as text: 1
 -> same as text: 2
 -> positive
 -> negative
 -> positive
 -> same as text: 2
 -> positive
 -> same as text: 1
 -> positive
 -> positive
 -> same as text: 1
 -> same as text: 0
 -> positive
 -> positive
 -> positive
 -> same as text: 2
 -> negative
 -> same as text: 2
 -> positive
 -> same as text: 1
 -> same as text: 1
 -> same as text: 1
 -> positive
 -> positive
 -> same as text: 1
 -> same as text: 1
 -> same as text: 1
 -> positive
 -> positive
 -> same as text: 1
 -> positive
 -> same as text: 2
 -> same as text: 1
 -> same as text: 2
 -> same as text: 2
 -> same as text: 0
 -> positive
 -> positive
 -> same as text: 1
 -> same as text: 2
 -> negative
 -> positive
 -> positive
 -> same as text: 1
 -> negative
 -> same as text: 1
 -> same as text: 2
 -> same as text: 0
 -> same as text: 0
 -> negative
 -> same as text: 1
 -> same as text: 1
 -> same as text: 1
 -> same as text: 1
 -> positive
 -> same as text: 1
 -> same as text: 2
 -> same as text: 0
 -> positive
 -> same as text: 2
 -> positive
 -> same as text: 2
 -> same as text: 1
 -> same as text: 1
 -> positive
 -> positive
 -> same as text: 0
 -> positive
 -> positive
 -> same as text: 1
 -> positive
 -> positive
 -> same as text: 1
 -> same as text: 1
 -> positive
 -> same as text: 0
 -> positive
 -> same as text: 2
 -> negative
 -> same as text: 1
 -> same as text: 1
 -> same as text: 1
 -> same as text: 1
 -> same as text: 1
 -> same as text: 1
 -> same as text: 1
 -> positive
 -> positive
 -> same as text: 1
 -> same as text: 1
 -> negative
 -> positive
 -> same as text: 2
 -> same as text: 1
 -> positive
 -> positive
 -> same as text: 1
 -> same as text: 1
 -> positive
 -> same as text: 1
 -> same as text: 1
 -> positive
 -> same as text: 1
 -> negative
 -> same as text: 1
 -> negative
 -> same as text: 1
 -> same as text: 1
 -> same as text: 1
 -> same as text: 1
 -> negative
 -> negative
 -> same as text: 0
 -> same as text: 2
 -> same as text: 1
 -> same as text: 1
 -> same as text: 1
 -> same as text: 0
 -> positive
 -> positive
 -> positive
 -> same as text: 1
 -> positive
 -> same as text: 1
 -> same as text: 1
 -> positive
 -> negative
 -> negative
 -> positive
 -> same as text: 1
 -> negative
 -> same as text: 1
 -> same as text: 2
 -> same as text: 1
 -> positive
 -> same as text: 0
 -> positive
 -> same as text: 1
 -> positive
 -> positive
 -> same as text: 1
 -> same as text: 2
 -> same as text: 1
 -> positive
 -> same as text: 0
 -> negative
 -> same as text: 0
 -> negative
 -> positive
 -> positive
 -> same as text: 2
 -> positive
 -> same as text: 1
 -> same as text: 2
 -> positive
 -> positive
 -> positive
 -> positive
 -> positive
 -> positive
 -> positive
 -> negative
 -> positive
 -> positive
 -> positive
 -> positive
 -> same as text: 2
 -> same as text: 2
 -> same as text: 1
 -> positive
 -> positive
 -> same as text: 1
 -> positive
 -> positive
 -> same as text: 2
 -> positive
 -> positive
 -> same as text: 1
 -> positive
 -> same as text: 2
 -> positive
 -> same as text: 2
 -> positive
 -> same as text: 1
 -> positive
 -> positive
 -> negative
 -> positive
 -> negative
 -> positive
 -> positive
 -> same as text: 1
 -> positive
 -> positive
 -> same as text: 1
 -> same as text: 1
 -> positive
 -> same as text: 1
 -> same as text: 1
 -> same as text: 1
 -> same as text: 1
 -> same as text: 0
 -> positive
 -> same as text: 2
 -> same as text: 1
 -> same as text: 1
 -> same as text: 1
 -> positive
 -> same as text: 1
 -> positive
 -> negative
 -> positive
 -> positive
 -> positive
 -> same as text: 1
 -> positive
 -> same as text: 1
 -> same as text: 1
 -> same as text: 1
 -> same as text: 2
 -> same as text: 1
 -> positive
 -> positive
 -> same as text: 2
 -> positive
 -> positive
 -> same as text: 1
 -> same as text: 0
 -> same as text: 0
 -> same as text: 1
 -> same as text: 0
 -> same as text: 2
 -> same as text: 0
 -> same as text: 1
 -> negative
 -> positive
 -> same as text: 1
 -> negative
 -> positive
 -> positive
 -> positive
 -> same as text: 2
 -> same as text: 1
 -> negative
 -> negative
 -> same as text: 0
 -> same as text: 0
 -> positive
 -> negative
 -> same as text: 0
 -> positive
 -> positive
 -> same as text: 1
 -> same as text: 1
 -> same as text: 1
 -> positive
 -> positive
 -> positive
 -> same as text: 2
 -> same as text: 2
 -> same as text: 1
 -> negative
 -> same as text: 2
 -> positive
 -> same as text: 2
 -> positive
 -> negative
 -> positive
 -> same as text: 0
 -> positive
 -> positive
 -> positive
 -> positive
 -> same as text: 0
 -> negative
 -> same as text: 1
 -> negative
 -> positive
 -> same as text: 1
 -> same as text: 1
 -> positive
 -> same as text: 1
 -> same as text: 1
 -> same as text: 1
 -> negative
 -> same as text: 2
 -> same as text: 0
 -> same as text: 2
 -> same as text: 0
 -> same as text: 2
 -> positive
 -> positive
 -> same as text: 1
 -> positive
 -> same as text: 1
 -> positive
 -> positive
 -> same as text: 0
 -> positive
 -> positive
 -> same as text: 1
 -> same as text: 1
 -> positive
 -> negative
 -> same as text: 1
 -> same as text: 1
 -> same as text: 1
 -> same as text: 0
 -> same as text: 0
 -> negative
 -> same as text: 1
 -> same as text: 1
 -> same as text: 0
 -> same as text: 1
 -> same as text: 0
 -> same as text: 1
 -> positive
 -> same as text: 0
 -> same as text: 1
 -> same as text: 0
 -> same as text: 1
 -> positive
 -> same as text: 1
 -> same as text: 1
 -> same as text: 1
 -> same as text: 1
 -> same as text: 1
 -> same as text: 0
 -> same as text: 1
 -> same as text: 1
 -> same as text: 0
 -> same as text: 1
 -> same as text: 0
 -> same as text: 0
 -> same as text: 0
 -> positive
 -> negative
 -> positive
 -> same as text: 1
 -> same as text: 1
 -> same as text: 1
 -> same as text: 0
 -> same as text: 0
 -> positive
 -> negative
 -> same as text: 1
 -> positive
 -> same as text: 0
 -> same as text: 0
 -> same as text: 0
 -> same as text: 0
 -> positive
 -> same as text: 0
 -> same as text: 1
 -> same as text: 1
 -> negative
 -> same as text: 1
 -> positive
 -> same as text: 0
 -> same as text: 2
 -> positive
 -> positive
 -> negative
 -> same as text: 2
 -> same as text: 1
 -> same as text: 0
 -> same as text: 2
 -> same as text: 1
 -> same as text: 0
 -> same as text: 2
 -> same as text: 1
 -> negative
 -> same as text: 0
 -> same as text: 0
 -> same as text: 1
 -> same as text: 1
 -> same as text: 1
 -> same as text: 1
 -> negative
 -> same as text: 1
 -> same as text: 1
 -> negative
 -> same as text: 1
 -> positive
 -> same as text: 1
 -> same as text: 0
 -> negative
 -> same as text: 2
 -> same as text: 1
 -> same as text: 1
 -> same as text: 1
 -> same as text: 1
 -> same as text: 1
 -> same as text: 1
 -> same as text: 1
 -> same as text: 1
 -> same as text: 1
 -> same as text: 1
 -> same as text: 1
 -> same as text: 1
 -> positive
 -> same as text: 1
 -> positive
 -> same as text: 2
 -> negative
 -> same as text: 1
 -> same as text: 1
 -> positive
 -> positive
 -> same as text: 2
 -> same as text: 1
 -> same as text: 0
 -> same as text: 0
 -> negative
 -> positive
 -> same as text: 1
 -> same as text: 1
 -> same as text: 1
 -> same as text: 0
 -> positive
 -> same as text: 1
 -> same as text: 0
 -> positive
 -> same as text: 2
 -> same as text: 1
 -> same as text: 1
 -> same as text: 0
 -> same as text: 1
 -> same as text: 1
 -> positive
 -> same as text: 1
 -> same as text: 1
 -> same as text: 1
 -> positive
 -> same as text: 1
 -> same as text: 1
 -> same as text: 1
 -> same as text: 2
 -> same as text: 1
 -> same as text: 1
 -> positive
 -> same as text: 1
 -> positive
 -> positive
 -> same as text: 1
 -> negative
 -> positive
 -> positive
 -> positive
 -> same as text: 0
 -> negative
 -> same as text: 1
 -> same as text: 0
 -> same as text: 1
 -> same as text: 0
 -> same as text: 1
 -> negative
 -> positive
 -> same as text: 1
 -> positive
 -> positive
 -> negative
 -> same as text: 1
 -> same as text: 1
 -> same as text: 1
 -> same as text: 0
 -> positive
 -> same as text: 1
 -> same as text: 1
 -> positive
 -> same as text: 0
 -> same as text: 0
 -> same as text: 2
 -> negative
 -> same as text: 2
 -> same as text: 0
 -> same as text: 0
 -> same as text: 0
 -> negative
 -> negative
 -> same as text: 0
 -> same as text: 1
 -> same as text: 1
 -> negative
 -> same as text: 1
 -> same as text: 1
 -> positive
 -> positive
 -> positive
 -> negative
 -> negative
 -> same as text: 0
 -> negative
 -> same as text: 1
 -> negative
 -> negative
 -> same as text: 0
 -> positive
 -> positive
 -> same as text: 0
 -> same as text: 0
 -> same as text: 1
 -> same as text: 0
 -> positive
 -> positive
 -> negative
 -> negative
 -> negative
 -> same as text: 0
 -> same as text: 0
 -> same as text: 2
 -> positive
 -> same as text: 2
 -> same as text: 1
 -> same as text: 1
 -> same as text: 1
 -> same as text: 1
 -> same as text: 1
 -> same as text: 1
 -> same as text: 1
 -> same as text: 1
 -> same as text: 1
 -> negative
 -> same as text: 1
 -> same as text: 1
 -> same as text: 0
 -> same as text: 0
 -> same as text: 0
 -> same as text: 1
 -> positive
 -> same as text: 1
 -> positive
 -> negative
 -> same as text: 0
 -> negative
 -> same as text: 2
 -> same as text: 0
 -> same as text: 0
 -> same as text: 0
 -> positive
 -> same as text: 2
 -> same as text: 1
 -> same as text: 2
 -> positive
 -> negative
 -> same as text: 1
 -> same as text: 1
 -> positive
 -> same as text: 1
 -> positive
 -> same as text: 0
 -> negative
 -> same as text: 1
 -> negative
 -> same as text: 0
 -> positive
 -> same as text: 1
 -> same as text: 1
 -> positive
 -> positive
 -> same as text: 2
 -> same as text: 1
 -> same as text: 0
 -> same as text: 2
 -> same as text: 1
 -> same as text: 1
 -> negative
 -> positive
 -> positive
 -> same as text: 1
 -> same as text: 1
 -> positive
 -> same as text: 1
 -> positive
 -> same as text: 1
 -> same as text: 1
 -> same as text: 1
 -> same as text: 1
 -> positive
 -> positive
 -> same as text: 2
 -> positive
 -> same as text: 1
 -> same as text: 1
 -> same as text: 1
 -> same as text: 0
 -> same as text: 1
 -> same as text: 1
 -> same as text: 1
 -> same as text: 1
 -> same as text: 1
 -> same as text: 1
 -> same as text: 1
 -> negative
 -> same as text: 1
 -> same as text: 1
 -> positive
 -> same as text: 1
 -> same as text: 1
 -> same as text: 1
 -> same as text: 1
 -> same as text: 1
 -> same as text: 1
 -> same as text: 1
 -> same as text: 1
 -> same as text: 1
 -> same as text: 1
 -> same as text: 2
 -> same as text: 1
 -> same as text: 1
 -> same as text: 1
 -> same as text: 1
 -> same as text: 1
 -> positive
 -> negative
 -> same as text: 2
 -> same as text: 2
 -> negative
 -> positive
 -> same as text: 1
 -> negative
 -> positive
 -> same as text: 1
 -> negative
 -> positive
 -> same as text: 2
 -> positive
 -> same as text: 0
 -> positive
 -> same as text: 1
 -> same as text: 0
 -> same as text: 1
 -> same as text: 1
 -> same as text: 1
 -> same as text: 1
 -> positive
 -> positive
 -> same as text: 0
 -> positive
 -> same as text: 2
 -> same as text: 2
 -> same as text: 0
 -> same as text: 0
 -> same as text: 0
 -> same as text: 1
 -> same as text: 0
 -> same as text: 0
 -> same as text: 2
 -> positive
 -> same as text: 1
 -> same as text: 1
 -> same as text: 0
 -> same as text: 1
 -> same as text: 0
 -> same as text: 1
 -> negative
 -> positive
 -> negative
 -> positive
 -> same as text: 0
 -> same as text: 0
 -> same as text: 2
 -> same as text: 1
 -> same as text: 1
 -> same as text: 1
 -> same as text: 1
 -> positive
 -> positive
 -> same as text: 1
 -> same as text: 2
 -> positive
 -> positive
 -> same as text: 1
 -> positive
 -> positive
 -> positive
 -> positive
 -> same as text: 0
 -> same as text: 1
 -> same as text: 1
 -> same as text: 0
 -> same as text: 0
 -> same as text: 1
 -> positive
 -> same as text: 0
 -> negative
 -> negative
 -> negative
 -> positive
 -> positive
 -> positive
 -> positive
 -> positive
 -> positive
 -> same as text: 1
 -> same as text: 1
 -> same as text: 1
 -> same as text: 1
 -> positive
 -> negative
 -> same as text: 0
 -> positive
 -> same as text: 1
 -> positive
 -> positive
 -> same as text: 0
 -> same as text: 1
 -> same as text: 1
 -> positive
 -> same as text: 1
 -> positive
 -> negative
 -> same as text: 0
 -> negative
 -> positive
 -> negative
 -> negative
 -> same as text: 0
 -> same as text: 0
 -> same as text: 0
 -> same as text: 0
 -> same as text: 2
 -> same as text: 0
 -> same as text: 0
 -> same as text: 0
 -> same as text: 1
 -> same as text: 1
 -> same as text: 1
 -> positive
 -> same as text: 1
 -> negative
 -> same as text: 1
 -> same as text: 1
 -> same as text: 1
 -> same as text: 1
 -> same as text: 1
 -> same as text: 1
 -> same as text: 1
 -> same as text: 1
 -> same as text: 2
 -> same as text: 1
 -> same as text: 1
 -> same as text: 1
 -> positive
 -> same as text: 1
 -> same as text: 2
 -> negative
 -> positive
 -> same as text: 0
 -> same as text: 0
 -> positive
 -> positive
 -> same as text: 1
 -> same as text: 0
 -> same as text: 0
 -> same as text: 1
 -> same as text: 0
 -> negative
 -> same as text: 1
 -> positive
 -> same as text: 1
 -> same as text: 1
 -> positive
 -> negative
 -> positive
 -> positive
 -> same as text: 0
 -> positive
 -> negative
 -> positive
 -> same as text: 2
 -> negative
 -> same as text: 0
 -> same as text: 0
 -> same as text: 0
 -> positive
 -> same as text: 1
 -> positive
 -> same as text: 1
 -> same as text: 2
 -> same as text: 1
 -> same as text: 1
 -> positive
 -> same as text: 2
 -> same as text: 0
 -> positive
 -> same as text: 2
 -> negative
 -> same as text: 0
 -> same as text: 0
 -> negative
 -> positive
 -> same as text: 1
 -> same as text: 1
 -> same as text: 1
 -> same as text: 2
 -> same as text: 1
 -> same as text: 1
 -> same as text: 0
 -> same as text: 2
 -> same as text: 1
 -> same as text: 1
 -> positive
 -> same as text: 2
 -> same as text: 2
 -> same as text: 2
 -> negative
 -> same as text: 0
 -> same as text: 2
 -> same as text: 1
 -> same as text: 0
 -> same as text: 1
 -> positive
 -> negative
 -> same as text: 1
 -> same as text: 0
 -> same as text: 2
 -> same as text: 0
 -> same as text: 0
 -> same as text: 1
 -> same as text: 1
 -> same as text: 0
 -> negative
 -> same as text: 0
 -> same as text: 0
 -> same as text: 0
 -> positive
 -> same as text: 1
 -> same as text: 1
 -> positive
 -> same as text: 1
 -> same as text: 0
 -> same as text: 2
 -> same as text: 2
 -> negative
 -> same as text: 1
 -> same as text: 0
 -> same as text: 2
 -> negative
 -> same as text: 2
 -> same as text: 2
 -> negative
 -> negative
 -> same as text: 1
 -> negative
 -> same as text: 1
 -> same as text: 1
 -> same as text: 0
 -> positive
 -> same as text: 1
 -> same as text: 1
 -> same as text: 1
 -> same as text: 0
 -> same as text: 1
 -> same as text: 0
 -> same as text: 0
 -> same as text: 0
 -> negative
 -> positive
 -> same as text: 1
 -> negative
 -> same as text: 1
 -> same as text: 1
 -> positive
 -> positive
 -> negative
 -> same as text: 1
 -> positive
 -> same as text: 0
 -> same as text: 0
 -> same as text: 1
 -> same as text: 0
 -> negative
 -> same as text: 0
 -> same as text: 0
 -> positive
 -> same as text: 0
 -> same as text: 0
 -> same as text: 0
 -> positive
 -> positive
 -> same as text: 0
 -> same as text: 1
 -> negative
 -> same as text: 0
 -> negative
 -> same as text: 1
 -> same as text: 0
 -> same as text: 1
 -> same as text: 2
 -> same as text: 1
 -> same as text: 1
 -> same as text: 0
 -> same as text: 1
 -> same as text: 2
 -> same as text: 1
 -> positive
 -> same as text: 0
 -> positive
 -> negative
 -> positive
 -> same as text: 1
 -> same as text: 0
 -> negative
 -> same as text: 1
 -> same as text: 1
 -> same as text: 1
 -> positive
 -> same as text: 1
 -> same as text: 1
 -> same as text: 1
 -> same as text: 1
 -> same as text: 1
 -> same as text: 1
 -> same as text: 1
 -> same as text: 1
 -> positive
 -> same as text: 0
 -> same as text: 1
 -> same as text: 0
 -> same as text: 1
 -> same as text: 1
 -> same as text: 1
 -> same as text: 1
 -> same as text: 1
 -> same as text: 1
 -> same as text: 0
 -> same as text: 0
 -> same as text: 1
 -> positive
 -> same as text: 2
 -> same as text: 1
 -> same as text: 2
 -> same as text: 1
 -> positive
 -> positive
 -> same as text: 1
 -> same as text: 2
 -> negative
 -> positive
 -> negative
 -> same as text: 2
 -> same as text: 1
 -> same as text: 1
 -> same as text: 1
 -> positive
 -> positive
 -> positive
 -> same as text: 1
 -> same as text: 2
 -> same as text: 0
 -> same as text: 0
 -> same as text: 1
 -> positive
 -> same as text: 0
 -> same as text: 1
 -> same as text: 1
 -> same as text: 1
 -> positive
 -> positive
 -> same as text: 1
 -> same as text: 1
 -> same as text: 2
 -> same as text: 0
 -> negative
 -> same as text: 1
 -> positive
 -> positive
 -> same as text: 2
 -> same as text: 1
 -> positive
 -> positive
 -> positive
 -> same as text: 1
 -> positive
 -> positive
 -> positive
 -> positive
 -> same as text: 2
 -> same as text: 2
 -> same as text: 2
 -> negative
 -> same as text: 2
 -> positive
 -> same as text: 2
 -> same as text: 1
 -> negative
 -> same as text: 0
 -> same as text: 1
 -> same as text: 0
 -> same as text: 0
 -> same as text: 0
 -> same as text: 0
 -> same as text: 1
 -> same as text: 1
 -> same as text: 0
 -> same as text: 1
 -> negative
 -> positive
 -> same as text: 2
 -> same as text: 0
 -> same as text: 1
 -> same as text: 1
 -> same as text: 1
 -> positive
 -> positive
 -> positive
 -> same as text: 0
 -> positive
 -> same as text: 1
 -> same as text: 0
 -> same as text: 1
 -> same as text: 1
 -> same as text: 2
 -> same as text: 1
 -> positive
 -> same as text: 0
 -> same as text: 0
 -> same as text: 1
 -> same as text: 2
 -> same as text: 1
 -> same as text: 0
 -> same as text: 1
 -> negative
 -> same as text: 1
 -> same as text: 1
 -> same as text: 2
 -> same as text: 2
 -> same as text: 1
 -> same as text: 0
 -> negative
 -> same as text: 1
 -> same as text: 0
 -> negative
 -> same as text: 0
 -> same as text: 0
 -> same as text: 0
 -> same as text: 0
 -> same as text: 0
 -> negative
 -> same as text: 1
 -> same as text: 0
 -> same as text: 1
 -> same as text: 1
 -> same as text: 1
 -> same as text: 1
 -> same as text: 1
 -> same as text: 1
 -> same as text: 1
 -> positive
 -> same as text: 1
 -> same as text: 1
 -> same as text: 1
 -> same as text: 2
 -> same as text: 1
 -> same as text: 1
 -> positive
 -> same as text: 0
 -> positive
 -> same as text: 1
 -> same as text: 2
 -> same as text: 0
 -> same as text: 1
 -> same as text: 0
 -> same as text: 2
 -> negative
 -> positive
 -> positive
 -> same as text: 1
 -> same as text: 0
 -> same as text: 1
 -> same as text: 2
 -> positive
 -> negative
 -> same as text: 1
 -> same as text: 2
 -> negative
 -> same as text: 0
 -> positive
 -> same as text: 2
 -> same as text: 2
 -> same as text: 0
 -> same as text: 1
 -> same as text: 1
 -> positive
 -> positive
 -> positive
 -> same as text: 0
 -> same as text: 1
 -> same as text: 0
 -> same as text: 0
 -> same as text: 0
 -> same as text: 1
 -> positive
 -> same as text: 0
 -> negative
 -> same as text: 0
 -> same as text: 1
 -> positive
 -> negative
 -> same as text: 0
 -> same as text: 0
 -> same as text: 1
 -> same as text: 1
 -> same as text: 0
 -> same as text: 1
 -> same as text: 0
 -> same as text: 0
 -> same as text: 1
 -> same as text: 1
 -> same as text: 0
 -> negative
 -> same as text: 2
 -> same as text: 0
 -> negative
 -> positive
 -> same as text: 1
 -> same as text: 2
 -> same as text: 2
 -> positive
 -> same as text: 2
 -> same as text: 2
 -> same as text: 2
 -> positive
 -> same as text: 1
 -> same as text: 2
 -> same as text: 2
 -> same as text: 1
 -> positive
 -> positive
 -> same as text: 2
 -> same as text: 1
 -> positive
 -> positive
 -> same as text: 1
 -> same as text: 1
 -> positive
 -> negative
 -> same as text: 2
 -> same as text: 2
 -> same as text: 0
 -> same as text: 0
 -> same as text: 1
 -> positive
 -> same as text: 1
 -> positive
 -> same as text: 1
 -> same as text: 0
 -> same as text: 1
 -> positive
 -> positive
 -> positive
 -> same as text: 1
 -> same as text: 2
 -> same as text: 1
 -> positive
 -> same as text: 1
 -> same as text: 2
 -> same as text: 1
 -> same as text: 1
 -> positive
 -> positive
 -> same as text: 1
 -> positive
 -> positive
 -> same as text: 2
 -> same as text: 2
 -> same as text: 1
 -> same as text: 2
 -> negative
 -> same as text: 2
 -> same as text: 2
 -> same as text: 2
 -> negative
 -> same as text: 1
 -> same as text: 1
 -> same as text: 2
 -> same as text: 1
 -> same as text: 0
 -> same as text: 0
 -> same as text: 0
 -> same as text: 1
 -> same as text: 1
 -> same as text: 1
 -> same as text: 1
 -> same as text: 1
 -> same as text: 1
 -> positive
 -> same as text: 0
 -> negative
 -> same as text: 0
 -> positive
 -> same as text: 0
 -> positive
 -> positive
 -> positive
 -> same as text: 1
 -> positive
 -> same as text: 1
 -> same as text: 1
 -> negative
 -> positive
 -> same as text: 1
 -> same as text: 2
 -> positive
 -> positive
 -> same as text: 1
 -> positive
 -> same as text: 1
 -> same as text: 1
 -> same as text: 1
 -> same as text: 1
 -> same as text: 1
 -> same as text: 1
 -> same as text: 1
 -> same as text: 1
 -> negative
 -> negative
 -> positive
 -> negative
 -> positive
 -> same as text: 0
 -> same as text: 1
 -> positive
 -> positive
 -> same as text: 1
 -> positive
 -> positive
 -> same as text: 1
 -> same as text: 1
 -> same as text: 1
 -> positive
 -> same as text: 1
 -> same as text: 1
 -> same as text: 1
 -> same as text: 1
 -> same as text: 1
 -> positive
 -> same as text: 0
 -> same as text: 0
 -> same as text: 0
 -> same as text: 0
 -> same as text: 2
 -> positive
 -> same as text: 1
 -> same as text: 1
 -> positive
 -> positive
 -> same as text: 1
 -> positive
 -> same as text: 2
 -> same as text: 1
 -> negative
 -> same as text: 0
 -> positive
 -> positive
 -> positive
 -> positive
 -> same as text: 2
 -> same as text: 1
 -> positive
 -> same as text: 1
 -> positive
 -> same as text: 0
 -> negative
 -> positive
 -> same as text: 0
 -> same as text: 1
 -> negative
 -> negative
 -> same as text: 0
 -> same as text: 1
 -> positive
 -> positive
 -> same as text: 1
 -> same as text: 1
 -> positive
 -> same as text: 1
 -> positive
 -> same as text: 1
 -> positive
 -> positive
 -> same as text: 1
 -> same as text: 2
 -> same as text: 1
 -> same as text: 1
 -> same as text: 0
 -> same as text: 0
 -> positive
 -> same as text: 0
 -> same as text: 0
 -> same as text: 1
 -> same as text: 1
 -> same as text: 1
 -> same as text: 1
 -> same as text: 1
 -> same as text: 1
 -> positive
 -> same as text: 2
 -> same as text: 0
 -> same as text: 0
 -> negative
 -> same as text: 1
 -> same as text: 1
 -> positive
 -> positive
 -> same as text: 1
 -> same as text: 1
 -> same as text: 1
 -> same as text: 0
 -> positive
 -> negative
 -> same as text: 2
 -> negative
 -> same as text: 0
 -> same as text: 0
 -> negative
 -> same as text: 2
 -> positive
 -> negative
 -> same as text: 0
 -> negative
 -> same as text: 2
 -> positive
 -> positive
 -> same as text: 2
 -> positive
 -> positive
 -> positive
 -> same as text: 0
 -> same as text: 0
 -> same as text: 0
 -> same as text: 2
 -> same as text: 0
 -> same as text: 0
 -> same as text: 0
 -> same as text: 1
 -> same as text: 0
 -> same as text: 0
 -> same as text: 0
 -> same as text: 0
 -> same as text: 0
 -> negative
 -> same as text: 1
 -> same as text: 1
 -> positive
 -> same as text: 2
 -> same as text: 0
 -> same as text: 1
 -> same as text: 2
 -> same as text: 0
 -> same as text: 0
 -> same as text: 0
 -> same as text: 0
 -> same as text: 0
 -> same as text: 0
 -> positive
 -> positive
 -> same as text: 2
 -> same as text: 0
 -> same as text: 2
 -> positive
 -> negative
 -> same as text: 0
 -> same as text: 2
 -> negative
 -> positive
 -> same as text: 2
 -> positive
 -> same as text: 2
 -> same as text: 1
 -> negative
 -> same as text: 2
 -> same as text: 0
 -> positive
 -> positive
 -> same as text: 2
 -> same as text: 0
 -> positive
 -> same as text: 2
 -> same as text: 2
 -> same as text: 2
 -> same as text: 2
 -> same as text: 2
 -> same as text: 2
 -> same as text: 2
 -> same as text: 2
 -> positive
 -> same as text: 2
 -> same as text: 2
 -> same as text: 2
 -> same as text: 2
 -> same as text: 1
 -> same as text: 2
 -> same as text: 2
 -> same as text: 2
 -> positive
 -> same as text: 1
 -> same as text: 0
 -> negative
 -> negative
 -> same as text: 1
 -> same as text: 2
 -> same as text: 0
 -> same as text: 0
 -> same as text: 1
 -> positive
 -> same as text: 1
 -> same as text: 1
 -> same as text: 1
 -> same as text: 1
 -> same as text: 2
 -> same as text: 1
 -> same as text: 1
 -> positive
 -> same as text: 2
 -> same as text: 2
 -> negative
 -> same as text: 2
 -> positive
 -> same as text: 0
 -> same as text: 1
 -> same as text: 1
 -> same as text: 1
 -> same as text: 1
 -> same as text: 1
 -> same as text: 1
 -> same as text: 1
 -> same as text: 0
 -> same as text: 1
 -> positive
 -> same as text: 1
 -> same as text: 1
 -> same as text: 1
 -> same as text: 1
 -> same as text: 0
 -> same as text: 2
 -> positive
 -> same as text: 2
 -> same as text: 2
 -> same as text: 2
 -> same as text: 1
 -> same as text: 2
 -> positive
 -> negative
 -> same as text: 2
 -> same as text: 0
 -> same as text: 1
 -> same as text: 2
 -> same as text: 1
 -> same as text: 1
 -> same as text: 1
 -> same as text: 1
 -> same as text: 0
 -> same as text: 1
 -> same as text: 2
 -> same as text: 1
 -> same as text: 1
 -> same as text: 1
 -> negative
 -> same as text: 0
 -> same as text: 1
 -> same as text: 0
 -> same as text: 1
 -> same as text: 1
 -> positive
 -> same as text: 0
 -> negative
 -> positive
 -> same as text: 1
 -> positive
 -> positive
 -> same as text: 0
 -> same as text: 1
 -> positive
 -> same as text: 2
 -> same as text: 1
 -> same as text: 2
 -> same as text: 2
 -> same as text: 0
 -> positive
 -> same as text: 0
 -> same as text: 0
 -> negative
 -> same as text: 0
 -> same as text: 0
 -> same as text: 0
 -> positive
 -> negative
 -> same as text: 1
 -> same as text: 1
 -> same as text: 1
 -> same as text: 1
 -> same as text: 1
 -> same as text: 1
 -> same as text: 1
 -> same as text: 1
 -> same as text: 1
 -> positive
 -> same as text: 1
 -> same as text: 2
 -> same as text: 1
 -> same as text: 2
 -> same as text: 0
 -> same as text: 1
 -> same as text: 2
 -> same as text: 2
 -> positive
 -> same as text: 1
 -> same as text: 1
 -> positive
 -> positive
 -> same as text: 2
 -> positive
 -> positive
 -> positive
 -> positive
 -> same as text: 0
 -> same as text: 1
 -> positive
 -> negative
 -> same as text: 1
 -> same as text: 0
 -> same as text: 0
 -> same as text: 0
 -> same as text: 1
 -> same as text: 1
 -> same as text: 1
 -> same as text: 1
 -> negative
 -> negative
 -> positive
 -> same as text: 0
 -> same as text: 0
 -> positive
 -> same as text: 1
 -> positive
 -> same as text: 2
 -> same as text: 2
 -> same as text: 1
 -> positive
 -> same as text: 0
 -> positive
 -> positive
 -> positive
 -> same as text: 0
 -> same as text: 2
 -> same as text: 2
 -> same as text: 2
 -> negative
 -> same as text: 1
 -> positive
 -> negative
 -> same as text: 2
 -> same as text: 2
 -> same as text: 1
 -> positive
 -> positive
 -> negative
 -> positive
 -> same as text: 0
 -> positive
 -> same as text: 2
 -> positive
 -> same as text: 2
 -> negative
 -> same as text: 2
 -> same as text: 1
 -> negative
 -> negative
 -> positive
 -> same as text: 1
 -> positive
 -> negative
 -> same as text: 0
 -> same as text: 1
 -> positive
 -> negative
 -> same as text: 1
 -> negative
 -> positive
 -> positive
 -> positive
 -> positive
 -> positive
 -> positive
 -> same as text: 2
 -> same as text: 2
 -> negative
 -> negative
 -> same as text: 0
 -> positive
 -> positive
 -> positive
 -> positive
 -> positive
 -> same as text: 1
 -> negative
 -> same as text: 1
 -> same as text: 2
 -> positive
 -> same as text: 1
 -> positive
 -> positive
 -> negative
 -> negative
 -> positive
 -> same as text: 1
 -> same as text: 2
 -> same as text: 0
 -> same as text: 2
 -> same as text: 0
 -> same as text: 0
 -> same as text: 2
 -> same as text: 2
 -> same as text: 1
 -> same as text: 1
 -> same as text: 2
 -> positive
 -> same as text: 1
 -> same as text: 0
 -> same as text: 2
 -> negative
 -> same as text: 1
 -> same as text: 1
 -> same as text: 1
 -> positive
 -> negative
 -> same as text: 1
 -> same as text: 1
 -> negative
 -> positive
 -> positive
 -> positive
 -> same as text: 0
 -> same as text: 2
 -> same as text: 1
 -> negative
 -> same as text: 1
 -> positive
 -> same as text: 2
 -> positive
 -> same as text: 2
 -> positive
 -> positive
 -> same as text: 1
 -> same as text: 1
 -> same as text: 1
 -> same as text: 1
 -> same as text: 1
 -> same as text: 1
 -> positive
 -> same as text: 1
 -> same as text: 1
 -> same as text: 1
 -> same as text: 1
 -> same as text: 1
 -> same as text: 1
 -> same as text: 1
 -> same as text: 1
 -> positive
 -> same as text: 1
 -> same as text: 1
 -> same as text: 1
 -> negative
 -> same as text: 2
 -> same as text: 2
 -> same as text: 2
 -> negative
 -> positive
 -> positive
 -> same as text: 0
 -> same as text: 0
 -> positive
 -> negative
 -> same as text: 0
 -> same as text: 0
 -> negative
 -> same as text: 2
 -> same as text: 1
 -> same as text: 0
 -> same as text: 1
 -> negative
 -> negative
 -> same as text: 2
 -> negative
 -> positive
 -> same as text: 1
 -> positive
 -> same as text: 1
 -> positive
 -> positive
 -> same as text: 2
 -> same as text: 2
 -> same as text: 1
 -> negative
 -> same as text: 2
 -> same as text: 0
 -> same as text: 0
 -> same as text: 0
 -> same as text: 0
 -> negative
 -> same as text: 0
 -> positive
 -> same as text: 1
 -> same as text: 0
 -> same as text: 1
 -> same as text: 0
 -> same as text: 0
 -> positive
 -> same as text: 0
 -> negative
 -> same as text: 2
 -> same as text: 0
 -> positive
 -> positive
 -> same as text: 1
 -> same as text: 1
 -> positive
 -> same as text: 1
 -> same as text: 1
 -> same as text: 1
 -> same as text: 1
 -> same as text: 0
 -> same as text: 0
 -> negative
 -> negative
 -> same as text: 1
 -> same as text: 1
 -> negative
 -> negative
 -> positive
 -> same as text: 1
 -> positive
 -> negative
 -> same as text: 1
 -> same as text: 2
 -> positive
 -> positive
 -> same as text: 1
 -> negative
 -> same as text: 0
 -> negative
 -> positive
 -> same as text: 1
 -> same as text: 1
 -> negative
 -> negative
 -> positive
 -> same as text: 0
 -> negative
 -> same as text: 0
 -> negative
 -> positive
 -> same as text: 0
 -> same as text: 0
 -> negative
 -> same as text: 1
 -> positive
 -> same as text: 1
 -> same as text: 1
 -> negative
 -> positive
 -> positive
 -> negative
 -> positive
 -> same as text: 1
 -> positive
 -> negative
 -> same as text: 1
 -> positive
 -> same as text: 2
 -> same as text: 1
 -> positive
 -> same as text: 2
 -> negative
 -> same as text: 0
 -> same as text: 0
 -> same as text: 0
 -> same as text: 0
 -> same as text: 0
 -> same as text: 0
 -> same as text: 1
 -> positive
 -> same as text: 0
 -> positive
 -> positive
 -> positive
 -> negative
 -> same as text: 2
 -> same as text: 2
 -> same as text: 1
 -> negative
 -> negative
 -> same as text: 1
 -> negative
 -> same as text: 1
 -> negative
 -> negative
 -> same as text: 1
 -> negative
 -> positive
 -> same as text: 0
 -> same as text: 1
 -> same as text: 1
 -> positive
 -> positive
 -> same as text: 2
 -> same as text: 1
 -> positive
 -> negative
 -> same as text: 1
 -> same as text: 0
 -> same as text: 1
 -> same as text: 1
 -> same as text: 0
 -> same as text: 1
 -> same as text: 2
 -> negative
 -> same as text: 1
 -> positive
 -> same as text: 1
 -> same as text: 1
 -> positive
 -> same as text: 1
 -> same as text: 1
 -> same as text: 0
 -> same as text: 0
 -> negative
 -> negative
 -> positive
 -> positive
 -> same as text: 1
 -> same as text: 0
 -> positive
 -> positive
 -> positive
 -> same as text: 1
 -> positive
 -> same as text: 1
 -> same as text: 1
 -> positive
 -> same as text: 1
 -> same as text: 1
 -> positive
 -> same as text: 1
 -> negative
 -> same as text: 2
 -> same as text: 1
 -> positive
 -> same as text: 1
 -> same as text: 1
 -> same as text: 1
 -> same as text: 0
 -> negative
 -> same as text: 1
 -> same as text: 1
 -> same as text: 1
 -> positive
 -> same as text: 1
 -> same as text: 1
 -> same as text: 1
 -> same as text: 1
 -> same as text: 1
 -> same as text: 2
 -> negative
 -> same as text: 1
 -> same as text: 1
 -> negative
 -> same as text: 1
 -> same as text: 0
 -> same as text: 1
 -> positive
 -> negative
 -> negative
 -> same as text: 0
 -> same as text: 1
 -> negative
 -> same as text: 0
 -> positive
 -> same as text: 1
 -> positive
 -> same as text: 1
 -> same as text: 1
 -> same as text: 1
 -> positive
 -> same as text: 1
 -> same as text: 1
 -> same as text: 1
 -> same as text: 1
 -> negative
 -> same as text: 2
 -> same as text: 0
 -> positive
 -> same as text: 1
 -> positive
 -> same as text: 0
 -> same as text: 0
 -> positive
 -> same as text: 0
 -> same as text: 0
 -> negative
 -> same as text: 0
 -> same as text: 2
 -> same as text: 2
 -> same as text: 2
 -> positive
 -> negative
 -> positive
 -> positive
 -> positive
 -> positive
 -> same as text: 1
 -> positive
 -> positive
 -> same as text: 2
 -> same as text: 2
 -> same as text: 1
 -> same as text: 0
 -> same as text: 2
 -> positive
 -> positive
 -> negative
 -> same as text: 0
 -> positive
 -> positive
 -> positive
 -> same as text: 1
 -> same as text: 1
 -> same as text: 1
 -> negative
 -> same as text: 1
 -> same as text: 0
 -> negative
 -> same as text: 1
 -> positive
 -> same as text: 1
 -> positive
 -> same as text: 1
 -> negative
 -> same as text: 0
 -> negative
 -> positive
 -> same as text: 0
 -> same as text: 0
 -> positive
 -> positive
 -> same as text: 1
 -> same as text: 1
 -> negative
 -> positive
 -> same as text: 1
 -> positive
 -> same as text: 1
 -> negative
 -> positive
 -> same as text: 1
 -> positive
 -> same as text: 2
 -> same as text: 2
 -> same as text: 1
 -> same as text: 2
 -> same as text: 1
 -> positive
 -> same as text: 2
 -> positive
 -> same as text: 1
 -> same as text: 2
 -> same as text: 1
 -> positive
 -> positive
 -> same as text: 1
 -> same as text: 1
 -> same as text: 1
 -> positive
 -> negative
 -> same as text: 1
 -> same as text: 1
 -> positive
 -> positive
 -> same as text: 1
 -> same as text: 0
 -> positive
 -> negative
 -> same as text: 2
 -> same as text: 1
 -> positive
 -> same as text: 0
 -> same as text: 0
 -> same as text: 0
 -> same as text: 0
 -> negative
 -> same as text: 0
 -> same as text: 1
 -> same as text: 0
 -> negative
 -> same as text: 1
 -> same as text: 1
 -> positive
 -> negative
 -> same as text: 1
 -> negative
 -> same as text: 1
 -> positive
 -> negative
 -> negative
 -> positive
 -> same as text: 2
 -> negative
 -> same as text: 0
 -> same as text: 0
 -> same as text: 0
 -> same as text: 1
 -> same as text: 1
 -> positive
 -> same as text: 1
 -> same as text: 1
 -> positive
 -> negative
 -> same as text: 0
 -> positive
 -> negative
 -> same as text: 0
 -> same as text: 0
 -> same as text: 0
 -> positive
 -> same as text: 1
 -> negative
 -> same as text: 1
 -> positive
 -> same as text: 2
 -> positive
 -> negative
 -> same as text: 2
 -> same as text: 0
 -> positive
 -> same as text: 1
 -> same as text: 1
 -> same as text: 1
 -> same as text: 1
 -> same as text: 1
 -> same as text: 1
 -> same as text: 1
 -> same as text: 2
 -> positive
 -> positive
 -> negative
 -> positive
 -> same as text: 0
 -> positive
 -> same as text: 0
 -> same as text: 0
 -> positive
 -> positive
 -> same as text: 1
 -> same as text: 1
 -> negative
 -> positive
 -> positive
 -> negative
 -> positive
 -> same as text: 1
 -> same as text: 1
 -> positive
 -> negative
 -> same as text: 1
 -> positive
 -> same as text: 0
 -> same as text: 1
 -> same as text: 0
 -> positive
 -> positive
 -> same as text: 1
 -> same as text: 0
 -> same as text: 1
 -> same as text: 1
 -> same as text: 0
 -> same as text: 0
 -> same as text: 1
 -> negative
 -> negative
 -> negative
 -> negative
 -> same as text: 1
 -> same as text: 1
 -> same as text: 1
 -> same as text: 0
 -> same as text: 2
 -> same as text: 0
 -> same as text: 1
 -> positive
 -> positive
 -> same as text: 1
 -> same as text: 2
 -> positive
 -> positive
 -> positive
 -> same as text: 2
 -> same as text: 0
 -> positive
 -> same as text: 0
 -> same as text: 2
 -> negative
 -> same as text: 0
 -> same as text: 1
 -> same as text: 1
 -> negative
 -> negative
 -> same as text: 0
 -> negative
 -> same as text: 0
 -> positive
 -> same as text: 0
 -> same as text: 0
 -> same as text: 0
 -> same as text: 1
 -> negative
 -> same as text: 0
 -> same as text: 0
 -> negative
 -> positive
 -> positive
 -> same as text: 1
 -> negative
 -> same as text: 0
 -> negative
 -> negative
 -> same as text: 1
 -> positive
 -> same as text: 1
 -> positive
 -> same as text: 0
 -> same as text: 1
 -> same as text: 2
 -> positive
 -> same as text: 0
 -> same as text: 1
 -> same as text: 0
 -> negative
 -> same as text: 1
 -> same as text: 1
 -> same as text: 1
 -> same as text: 1
 -> same as text: 1
 -> same as text: 2
 -> same as text: 1
 -> same as text: 1
 -> same as text: 1
 -> same as text: 1
 -> positive
 -> same as text: 1
 -> same as text: 1
 -> same as text: 2
 -> same as text: 1
 -> positive
 -> same as text: 2
 -> same as text: 1
 -> positive
 -> same as text: 2
 -> positive
 -> positive
 -> positive
 -> positive
 -> same as text: 1
 -> same as text: 1
 -> same as text: 2
 -> same as text: 1
 -> same as text: 1
 -> same as text: 2
 -> negative
 -> same as text: 2
 -> positive
 -> positive
 -> same as text: 2
 -> positive
 -> same as text: 1
 -> positive
 -> positive
 -> negative
 -> same as text: 1
 -> same as text: 1
 -> positive
 -> positive
 -> positive
 -> same as text: 1
 -> same as text: 1
 -> same as text: 1
 -> positive
 -> negative
 -> positive
 -> positive
 -> same as text: 1
 -> positive
 -> same as text: 1
 -> positive
 -> positive
 -> negative
 -> positive
 -> same as text: 1
 -> positive
 -> positive
 -> positive
 -> positive
 -> positive
 -> negative
 -> same as text: 1
 -> same as text: 1
 -> same as text: 0
 -> negative
 -> negative
 -> positive
 -> negative
 -> same as text: 1
 -> negative
 -> same as text: 0
 -> same as text: 0
 -> same as text: 0
 -> same as text: 0
 -> same as text: 0
 -> negative
 -> positive
 -> positive
 -> same as text: 2
 -> same as text: 2
 -> positive
 -> positive
 -> same as text: 1
 -> same as text: 2
 -> same as text: 1
 -> positive
 -> same as text: 1
 -> positive
 -> positive
 -> same as text: 2
 -> positive
 -> positive
 -> positive
 -> same as text: 2
 -> positive
 -> positive
 -> positive
 -> same as text: 2
 -> negative
 -> negative
 -> same as text: 1
 -> positive
 -> negative
 -> positive
 -> positive
 -> same as text: 2
 -> same as text: 1
 -> negative
 -> positive
 -> positive
 -> positive
 -> negative
 -> positive
 -> same as text: 1
 -> same as text: 1
 -> negative
 -> same as text: 1
 -> positive
 -> same as text: 2
 -> same as text: 1
 -> negative
 -> same as text: 1
 -> same as text: 0
 -> negative
 -> same as text: 0
 -> same as text: 1
 -> positive
 -> same as text: 0
 -> negative
 -> same as text: 0
 -> positive
 -> positive
 -> negative
 -> same as text: 0
 -> negative
 -> negative
 -> negative
 -> negative
 -> same as text: 1
 -> positive
 -> same as text: 1
 -> same as text: 1
 -> same as text: 1
 -> same as text: 1
 -> same as text: 1
 -> same as text: 1
 -> positive
 -> positive
 -> positive
 -> same as text: 0
 -> same as text: 2
 -> positive
 -> same as text: 1
 -> same as text: 0
 -> positive
 -> same as text: 1
 -> positive
 -> positive
 -> same as text: 1
 -> same as text: 1
 -> positive
 -> positive
 -> positive
 -> negative
 -> negative
 -> same as text: 0
 -> negative
 -> negative
 -> same as text: 0
 -> negative
 -> same as text: 0
 -> same as text: 0
 -> same as text: 0
 -> negative
 -> negative
 -> positive
 -> same as text: 0
 -> same as text: 0
 -> same as text: 0
 -> negative
 -> positive
 -> positive
 -> same as text: 1
 -> positive
 -> negative
 -> negative
 -> same as text: 2
 -> negative
 -> positive
 -> same as text: 2
 -> same as text: 1
 -> same as text: 1
 -> negative
 -> same as text: 1
 -> positive
 -> positive
 -> same as text: 1
 -> same as text: 2
 -> same as text: 2
 -> positive
 -> positive
 -> positive
 -> same as text: 1
 -> same as text: 1
 -> same as text: 1
 -> positive
 -> same as text: 1
 -> positive
 -> negative
 -> positive
 -> same as text: 1
 -> same as text: 1
 -> same as text: 0
 -> negative
 -> same as text: 0
 -> same as text: 0
 -> negative
 -> same as text: 2
 -> negative
 -> same as text: 0
 -> negative
 -> same as text: 2
 -> same as text: 2
 -> positive
 -> positive
 -> same as text: 0
 -> positive
 -> positive
 -> positive
 -> positive
 -> same as text: 2
 -> same as text: 1
 -> same as text: 0
 -> positive
 -> same as text: 1
 -> same as text: 0
 -> positive
 -> same as text: 2
 -> same as text: 1
 -> same as text: 1
 -> same as text: 1
 -> same as text: 1
 -> same as text: 1
 -> positive
 -> same as text: 1
 -> same as text: 1
 -> same as text: 2
 -> negative
 -> positive
 -> same as text: 2
 -> same as text: 1
 -> same as text: 1
 -> same as text: 1
 -> same as text: 1
 -> same as text: 1
 -> negative
 -> same as text: 1
 -> same as text: 1
 -> same as text: 0
 -> negative
 -> positive
 -> same as text: 0
 -> same as text: 0
 -> negative
 -> positive
 -> negative
 -> positive
 -> positive
 -> positive
 -> negative
 -> negative
 -> positive
 -> negative
 -> positive
 -> positive
 -> positive
 -> same as text: 1
 -> negative
 -> negative
 -> same as text: 1
 -> same as text: 1
 -> negative
 -> same as text: 1
 -> positive
 -> positive
 -> same as text: 1
 -> same as text: 1
 -> same as text: 1
 -> same as text: 1
 -> negative
 -> negative
 -> same as text: 0
 -> same as text: 2
 -> positive
 -> negative
 -> same as text: 0
 -> same as text: 0
 -> same as text: 2
 -> positive
 -> same as text: 1
 -> same as text: 1
 -> same as text: 1
 -> same as text: 1
 -> positive
 -> same as text: 1
 -> same as text: 0
 -> same as text: 0
 -> same as text: 0
 -> positive
 -> positive
 -> same as text: 0
 -> positive
 -> positive
 -> same as text: 0
 -> same as text: 0
 -> negative
 -> same as text: 0
 -> same as text: 1
 -> same as text: 0
 -> negative
 -> same as text: 0
 -> same as text: 0
 -> negative
 -> same as text: 0
 -> same as text: 0
 -> same as text: 0
 -> negative
 -> same as text: 0
 -> negative
 -> same as text: 1
 -> same as text: 0
 -> same as text: 1
 -> positive
 -> negative
 -> positive
 -> positive
 -> same as text: 1
 -> negative
 -> negative
 -> negative
 -> positive
 -> same as text: 1
 -> same as text: 1
 -> positive
 -> positive
 -> same as text: 1
 -> same as text: 2
 -> positive
 -> same as text: 0
 -> negative
 -> same as text: 0
 -> same as text: 0
 -> positive
 -> positive
 -> same as text: 0
 -> positive
 -> negative
 -> positive
 -> same as text: 0
 -> same as text: 0
 -> positive
 -> positive
 -> negative
 -> positive
 -> positive
 -> positive
 -> negative
 -> negative
 -> negative
 -> positive
 -> negative
 -> same as text: 0
 -> same as text: 0
 -> negative
 -> same as text: 0
 -> negative
 -> same as text: 0
 -> negative
 -> same as text: 1
 -> same as text: 1
 -> negative
 -> same as text: 1
 -> positive
 -> same as text: 1
 -> same as text: 1
 -> same as text: 1
 -> negative
 -> positive
 -> same as text: 1
 -> same as text: 1
 -> same as text: 1
 -> same as text: 1
 -> positive
 -> positive
 -> same as text: 1
 -> positive
 -> same as text: 1
 -> same as text: 1
 -> positive
 -> same as text: 1
 -> negative
 -> same as text: 0
 -> same as text: 0
 -> positive
 -> positive
 -> positive
 -> positive
 -> positive
 -> positive
 -> positive
 -> same as text: 0
 -> same as text: 2
 -> same as text: 0
 -> positive
 -> negative
 -> positive
 -> positive
 -> same as text: 2
 -> positive
 -> positive
 -> negative
 -> same as text: 0
 -> negative
 -> positive
 -> negative
 -> same as text: 0
 -> negative
 -> same as text: 0
 -> negative
 -> same as text: 0
 -> positive
 -> positive
 -> same as text: 0
 -> same as text: 0
 -> positive
 -> same as text: 0
 -> positive
 -> positive
 -> negative
 -> same as text: 1
 -> positive
 -> negative
 -> same as text: 2
 -> same as text: 1
 -> positive
 -> positive
 -> same as text: 2
 -> same as text: 2
 -> same as text: 2
 -> same as text: 0
 -> same as text: 2
 -> same as text: 2
 -> same as text: 2
 -> same as text: 2
 -> same as text: 2
 -> same as text: 1
 -> positive
 -> same as text: 2
 -> positive
 -> positive
 -> same as text: 2
 -> same as text: 1
 -> same as text: 2
 -> positive
 -> same as text: 2
 -> positive
 -> positive
 -> same as text: 2
 -> same as text: 2
 -> same as text: 0
 -> same as text: 2
 -> positive
 -> same as text: 2
 -> same as text: 2
 -> positive
 -> same as text: 2
 -> negative
 -> same as text: 2
 -> same as text: 2
 -> positive
 -> positive
 -> same as text: 2
 -> positive
 -> same as text: 2
 -> positive
 -> same as text: 2
 -> same as text: 0
 -> positive
 -> negative
 -> positive
 -> same as text: 2
 -> same as text: 2
 -> positive
 -> same as text: 0
 -> positive
 -> positive
 -> same as text: 0
 -> positive
 -> positive
 -> same as text: 0
 -> negative
 -> same as text: 2
 -> same as text: 2
 -> same as text: 2
 -> same as text: 2
 -> same as text: 2
 -> negative
 -> same as text: 2
 -> same as text: 2
 -> same as text: 1
 -> same as text: 2
 -> same as text: 2
 -> positive
 -> negative
 -> negative
 -> negative
 -> negative
 -> negative
 -> negative
 -> negative
 -> negative
 -> negative
 -> positive
 -> negative
 -> positive
 -> negative
 -> negative
 -> negative
 -> positive
 -> negative
 -> same as text: 1
 -> negative
 -> positive
 -> same as text: 1
 -> positive
 -> positive
 -> positive
 -> same as text: 0
 -> same as text: 1
 -> same as text: 0
 -> negative
 -> negative
 -> negative
 -> same as text: 2
 -> positive
 -> negative
 -> same as text: 1
 -> negative
 -> positive
 -> positive
 -> negative
 -> negative
 -> same as text: 0
 -> same as text: 0
 -> same as text: 0
 -> positive
 -> negative
 -> same as text: 0
 -> same as text: 0
 -> negative
 -> same as text: 0
 -> positive
 -> same as text: 1
 -> same as text: 1
 -> same as text: 1
 -> negative
 -> negative
 -> same as text: 1
 -> positive
 -> same as text: 1
 -> positive
 -> same as text: 1
 -> same as text: 1
 -> positive
 -> positive
 -> positive
 -> positive
 -> negative
 -> same as text: 1
 -> negative
 -> negative
 -> positive
 -> positive
 -> positive
 -> same as text: 1
 -> same as text: 1
 -> same as text: 2
 -> positive
 -> positive
 -> positive
 -> same as text: 1
 -> same as text: 1
 -> same as text: 1
 -> positive
 -> same as text: 1
 -> positive
 -> positive
 -> positive
 -> same as text: 1
 -> positive
 -> positive
 -> positive
 -> same as text: 1
 -> same as text: 1
 -> positive
 -> same as text: 1
 -> same as text: 1
 -> same as text: 1
 -> positive
 -> same as text: 1
 -> same as text: 1
 -> negative
 -> same as text: 1
 -> positive
 -> positive
 -> negative
 -> positive
 -> negative
 -> same as text: 0
 -> negative
 -> same as text: 0
 -> positive
 -> same as text: 0
 -> same as text: 1
 -> same as text: 1
 -> negative
 -> positive
 -> positive
 -> positive
 -> positive
 -> positive
 -> positive
 -> positive
 -> negative
 -> positive
 -> positive
 -> positive
 -> positive
 -> same as text: 1
 -> same as text: 1
 -> same as text: 0
 -> negative
 -> negative
 -> positive
 -> negative
 -> negative
 -> negative
 -> same as text: 0
 -> same as text: 0
 -> negative
 -> negative
 -> negative
 -> positive
 -> negative
 -> same as text: 0
 -> positive
 -> positive
 -> positive
 -> positive
 -> same as text: 1
 -> same as text: 1
 -> positive
 -> positive
 -> positive
 -> positive
 -> positive
 -> positive
 -> positive
 -> positive
 -> same as text: 1
 -> positive
 -> same as text: 1
 -> same as text: 1
 -> negative
 -> same as text: 1
 -> same as text: 1
 -> positive
 -> positive
 -> same as text: 0
 -> same as text: 0
 -> same as text: 0
 -> negative
 -> same as text: 1
 -> negative
 -> positive
 -> negative
 -> positive
 -> positive
 -> positive
 -> same as text: 1
 -> positive
 -> same as text: 0
 -> positive
 -> positive
 -> negative
 -> same as text: 0
 -> same as text: 2
 -> negative
 -> negative
 -> same as text: 1
 -> same as text: 0
 -> same as text: 1
 -> negative
 -> negative
 -> same as text: 0
 -> same as text: 1
 -> negative
 -> same as text: 0
 -> positive
 -> same as text: 0
 -> positive
 -> negative
 -> negative
 -> same as text: 0
 -> same as text: 0
 -> negative
 -> positive
 -> same as text: 1
 -> same as text: 1
 -> negative
 -> positive
 -> negative
 -> negative
 -> positive
 -> same as text: 0
 -> same as text: 0
 -> same as text: 0
 -> same as text: 0
 -> same as text: 0
 -> same as text: 0
 -> same as text: 0
 -> positive
 -> same as text: 1
 -> negative
 -> same as text: 0
 -> negative
 -> same as text: 0
 -> same as text: 0
 -> same as text: 1
 -> same as text: 0
 -> same as text: 0
 -> positive
 -> same as text: 1
 -> positive
 -> positive
 -> positive
 -> positive
 -> same as text: 1
 -> positive
 -> same as text: 1
 -> negative
 -> negative
 -> same as text: 0
 -> negative
 -> same as text: 0
 -> same as text: 0
 -> negative
 -> same as text: 0
 -> negative
 -> negative
 -> same as text: 0
 -> positive
 -> same as text: 2
 -> positive
 -> negative
 -> negative
 -> negative
 -> positive
 -> positive
 -> negative
 -> positive
 -> negative
 -> same as text: 1
 -> positive
 -> positive
 -> positive
 -> negative
 -> negative
 -> negative
 -> positive
 -> same as text: 1
 -> same as text: 2
 -> negative
 -> positive
 -> negative
 -> same as text: 2
 -> positive
 -> same as text: 0
 -> positive
 -> negative
 -> negative
 -> negative
 -> positive
 -> positive
 -> same as text: 2
 -> same as text: 2
 -> same as text: 2
 -> negative
 -> negative
 -> positive
 -> negative
 -> same as text: 2
 -> negative
 -> negative
 -> negative
 -> negative
 -> positive
 -> negative
 -> same as text: 1
 -> negative
 -> positive
 -> same as text: 0
 -> positive
 -> same as text: 0
 -> positive
 -> positive
 -> positive
 -> positive
 -> same as text: 1
 -> positive
 -> negative
 -> negative
 -> same as text: 1
 -> same as text: 1
 -> same as text: 1
 -> same as text: 1
 -> same as text: 1
 -> same as text: 0
 -> same as text: 1
 -> positive
 -> positive
 -> positive
 -> positive
 -> negative
 -> same as text: 1
 -> same as text: 2
 -> same as text: 1
 -> same as text: 1
 -> same as text: 1
 -> same as text: 1
 -> same as text: 2
 -> same as text: 1
 -> positive
 -> same as text: 1
 -> same as text: 1
 -> same as text: 1
 -> same as text: 1
 -> negative
 -> same as text: 2
 -> same as text: 1
 -> negative
 -> same as text: 1
 -> same as text: 1
 -> same as text: 1
 -> positive
 -> negative
 -> negative
 -> same as text: 2
 -> negative
 -> positive
 -> positive
 -> same as text: 1
 -> positive
 -> positive
 -> same as text: 1
 -> negative
 -> same as text: 1
 -> same as text: 0
 -> positive
 -> same as text: 2
 -> positive
 -> same as text: 1
 -> positive
 -> same as text: 0
 -> same as text: 0
 -> same as text: 0
 -> same as text: 2
 -> positive
 -> same as text: 1
 -> positive
 -> same as text: 1
 -> same as text: 1
 -> negative
 -> same as text: 1
 -> same as text: 1
 -> same as text: 1
 -> negative
 -> positive
 -> same as text: 2
 -> same as text: 1
 -> positive
 -> positive
 -> same as text: 0
 -> same as text: 2
 -> positive
 -> same as text: 1
 -> same as text: 2
 -> same as text: 1
 -> same as text: 1
 -> negative
 -> negative
 -> same as text: 0
 -> positive
 -> same as text: 1
 -> same as text: 1
 -> same as text: 1
 -> same as text: 1
 -> positive
 -> positive
 -> same as text: 1
 -> positive
 -> same as text: 1
 -> same as text: 1
 -> same as text: 1
 -> same as text: 0
 -> negative
 -> same as text: 1
 -> negative
 -> positive
 -> positive
 -> same as text: 1
 -> same as text: 1
 -> negative
 -> negative
 -> same as text: 1
 -> same as text: 1
 -> same as text: 0
 -> negative
 -> negative
 -> same as text: 2
 -> positive
 -> negative
 -> same as text: 0
 -> positive
 -> positive
 -> positive
 -> same as text: 0
 -> positive
 -> same as text: 1
 -> same as text: 1
 -> same as text: 1
 -> same as text: 1
 -> negative
 -> same as text: 1
 -> positive
 -> same as text: 1
 -> positive
 -> same as text: 1
 -> same as text: 1
 -> positive
 -> same as text: 1
 -> same as text: 1
 -> same as text: 0
 -> negative
 -> same as text: 0
 -> same as text: 2
 -> positive
 -> negative
 -> positive
 -> negative
 -> same as text: 2
 -> positive
 -> negative
 -> same as text: 1
 -> positive
 -> same as text: 2
 -> positive
 -> positive
 -> positive
 -> same as text: 0
 -> negative
 -> positive
 -> positive
 -> same as text: 1
 -> negative
 -> same as text: 2
 -> same as text: 0
 -> same as text: 0
 -> positive
 -> positive
 -> same as text: 2
 -> positive
 -> same as text: 0
 -> negative
 -> same as text: 2
 -> positive
 -> positive
 -> same as text: 2
 -> negative
 -> positive
 -> positive
 -> same as text: 1
 -> same as text: 2
 -> same as text: 1
 -> same as text: 1
 -> same as text: 2
 -> same as text: 1
 -> positive
 -> positive
 -> same as text: 2
 -> positive
 -> same as text: 2
 -> positive
 -> positive
 -> positive
 -> same as text: 1
 -> same as text: 1
 -> same as text: 1
 -> positive
 -> positive
 -> positive
 -> same as text: 1
 -> positive
 -> positive
 -> negative
 -> negative
 -> negative
 -> negative
 -> positive
 -> positive
 -> same as text: 1
 -> positive
 -> negative
 -> same as text: 1
 -> negative
 -> positive
 -> same as text: 2
 -> same as text: 1
 -> same as text: 0
 -> positive
 -> positive
 -> same as text: 1
 -> same as text: 0
 -> same as text: 1
 -> same as text: 2
 -> negative
 -> positive
 -> negative
 -> same as text: 0
 -> negative
 -> positive
 -> positive
 -> same as text: 0
 -> negative
 -> negative
 -> negative
 -> negative
 -> positive
 -> positive
 -> positive
 -> same as text: 1
 -> positive
 -> positive
 -> positive
 -> positive
 -> positive
 -> same as text: 1
 -> same as text: 1
 -> same as text: 1
 -> positive
 -> positive
 -> positive
 -> positive
 -> negative
 -> negative
 -> negative
 -> positive
 -> positive
 -> positive
 -> positive
 -> positive
 -> negative
 -> negative
 -> same as text: 1
 -> positive
 -> same as text: 1
 -> same as text: 2
 -> positive
 -> positive
 -> negative
 -> positive
 -> negative
 -> negative
 -> positive
 -> positive
 -> same as text: 1
 -> same as text: 2
 -> positive
 -> same as text: 0
 -> same as text: 0
 -> negative
 -> same as text: 2
 -> positive
 -> same as text: 1
 -> positive
 -> positive
 -> same as text: 1
 -> same as text: 1
 -> same as text: 1
 -> same as text: 1
 -> same as text: 1
 -> same as text: 1
 -> same as text: 1
 -> same as text: 1
 -> same as text: 1
 -> same as text: 1
 -> same as text: 1
 -> same as text: 0
 -> same as text: 1
 -> same as text: 1
 -> same as text: 2
 -> same as text: 1
 -> same as text: 1
 -> same as text: 1
 -> same as text: 1
 -> same as text: 1
 -> positive
 -> same as text: 1
 -> positive
 -> same as text: 1
 -> same as text: 0
 -> positive
 -> same as text: 2
 -> same as text: 0
 -> same as text: 2
 -> same as text: 2
 -> positive
 -> same as text: 1
 -> same as text: 0
 -> positive
 -> positive
 -> positive
 -> positive
 -> positive
 -> same as text: 1
 -> same as text: 1
 -> same as text: 1
 -> same as text: 2
 -> same as text: 2
 -> same as text: 0
 -> negative
 -> negative
 -> same as text: 1
 -> same as text: 0
 -> negative
 -> same as text: 0
 -> positive
 -> positive
 -> negative
 -> negative
 -> negative
 -> negative
 -> positive
 -> negative
 -> negative
 -> negative
 -> positive
 -> same as text: 0
 -> positive
 -> same as text: 0
 -> same as text: 1
 -> negative
 -> negative
 -> same as text: 0
 -> same as text: 0
 -> same as text: 0
 -> negative
 -> same as text: 0
 -> negative
 -> negative
 -> same as text: 0
 -> same as text: 0
 -> same as text: 0
 -> negative
 -> negative
 -> same as text: 1
 -> positive
 -> same as text: 1
 -> positive
 -> same as text: 2
 -> positive
 -> same as text: 1
 -> same as text: 0
 -> positive
 -> positive
 -> same as text: 1
 -> positive
 -> positive
 -> negative
 -> same as text: 0
 -> positive
 -> negative
 -> same as text: 1
 -> negative
 -> same as text: 1
 -> negative
 -> positive
 -> positive
 -> positive
 -> negative
 -> same as text: 0
 -> same as text: 1
 -> same as text: 0
 -> negative
 -> positive
 -> positive
 -> positive
 -> negative
 -> same as text: 1
 -> same as text: 1
 -> positive
 -> negative
 -> positive
 -> negative
 -> same as text: 1
 -> negative
 -> same as text: 0
 -> same as text: 0
 -> negative
 -> same as text: 1
 -> same as text: 0
 -> positive
 -> positive
 -> same as text: 2
 -> positive
 -> positive
 -> positive
 -> same as text: 0
 -> same as text: 0
 -> negative
 -> negative
 -> same as text: 0
 -> positive
 -> negative
 -> positive
 -> negative
 -> negative
 -> same as text: 2
 -> positive
 -> same as text: 1
 -> same as text: 1
 -> negative
 -> positive
 -> same as text: 1
 -> same as text: 2
 -> negative
 -> positive
 -> positive
 -> positive
 -> positive
 -> negative
 -> negative
 -> positive
 -> same as text: 1
 -> positive
 -> negative
 -> negative
 -> positive
 -> positive
 -> negative
 -> same as text: 0
 -> negative
 -> same as text: 1
 -> same as text: 1
 -> positive
 -> positive
 -> positive
 -> positive
 -> positive
 -> positive
 -> negative
 -> positive
 -> positive
 -> positive
 -> positive
 -> positive
 -> positive
 -> positive
 -> negative
 -> positive
 -> positive
 -> positive
 -> positive
 -> positive
 -> positive
 -> positive
 -> same as text: 0
 -> positive
 -> same as text: 1
 -> negative
 -> same as text: 1
 -> positive
 -> negative
 -> negative
 -> same as text: 0
 -> positive
 -> positive
 -> same as text: 0
 -> same as text: 1
 -> same as text: 1
 -> positive
 -> negative
 -> positive
 -> positive
 -> positive
 -> same as text: 1
 -> negative
 -> negative
 -> same as text: 0
 -> negative
 -> same as text: 0
 -> same as text: 0
 -> same as text: 1
 -> same as text: 1
 -> same as text: 1
 -> same as text: 1
 -> positive
 -> positive
 -> positive
 -> same as text: 1
 -> positive
 -> same as text: 1
 -> same as text: 1
 -> positive
 -> negative
 -> positive
 -> positive
 -> same as text: 0
 -> same as text: 1
 -> same as text: 1
 -> negative
 -> positive
 -> positive
 -> same as text: 2
 -> same as text: 1
 -> same as text: 1
 -> same as text: 1
 -> same as text: 1
 -> same as text: 1
 -> positive
 -> same as text: 1
 -> positive
 -> same as text: 1
 -> positive
 -> same as text: 1
 -> same as text: 1
 -> positive
 -> same as text: 2
 -> positive
 -> positive
 -> same as text: 1
 -> positive
 -> negative
 -> positive
 -> positive
 -> positive
 -> negative
 -> same as text: 1
 -> negative
 -> same as text: 1
 -> same as text: 1
 -> negative
 -> positive
 -> positive
 -> same as text: 0
 -> positive
 -> negative
 -> positive
 -> negative
 -> negative
 -> positive
 -> negative
 -> same as text: 2
 -> negative
 -> negative
 -> negative
 -> same as text: 0
 -> same as text: 0
 -> same as text: 0
 -> negative
 -> positive
 -> positive
 -> same as text: 0
 -> same as text: 0
 -> same as text: 0
 -> same as text: 1
 -> positive
 -> negative
 -> negative
 -> positive
 -> same as text: 0
 -> same as text: 1
 -> positive
 -> negative
 -> positive
 -> negative
 -> positive
 -> negative
 -> positive
 -> positive
 -> positive
 -> positive
 -> same as text: 1
 -> positive
 -> same as text: 0
 -> same as text: 0
 -> negative
 -> positive
 -> negative
 -> same as text: 1
 -> same as text: 0
 -> negative
 -> positive
 -> same as text: 0
 -> negative
 -> same as text: 1
 -> positive
 -> positive
 -> positive
 -> positive
 -> same as text: 0
 -> negative
 -> positive
 -> positive
 -> same as text: 1
 -> positive
 -> same as text: 1

[DEBUG] First 5 training texts:
    ID: 1 | Overall sentiment: 1 | Text: how  i feel today legday jelly aching gym 

    ID: 4 | Overall sentiment: 1 | Text: esco  we have a young and energetic team and we pride ourselves on offering the highes hoer 

    ID: 5 | Overall sentiment: 1 | Text:  chrisashaffer  went to  ssc today to be a movie star to rep for the  deaf and got to meet an energetic great guy  mark  white! 

    ID: 6 | Overall sentiment: 1 | Text:  babeshawnmendes that was really energetic 

    ID: 7 | Overall sentiment: 1 | Text:  deepikapadukone  to my most hard workingfun loving and energetic team.. thank you and  i love you! 

Building model
1
n_trainable_params: 8451, n_nontrainable_params: 0
>>>>>>>>>>>>>>>>>>>>>>>>>>>>>>>>>>>>>>>>>>>>>>>>>>>>>>>>>>>>>>>>>>>>>>>>>>>>>>>>>>>>>>>>>>>>>>>>>>>>
epoch: 0
[DEBUG] Sample predictions in evaluate:  tensor([2, 2, 2, 2, 2, 2, 2, 2, 2, 2], device='cuda:0')
[DEBUG] outputs.shape: torch.Size([64, 3])
[DEBUG] Sample of raw logits (first 5):
tensor([[-0.5646,  0.2394,  0.9166],
        [-0.9922,  0.4850,  0.9363],
        [-0.5560,  0.2922,  1.0416],
        [-0.3898,  0.4273,  1.1064],
        [-0.9047,  0.2524,  1.1276]], device='cuda:0',
       grad_fn=<SliceBackward0>)
[DEBUG] Sample of predicted probabilities (first 5):
tensor([[0.1310, 0.2928, 0.5762],
        [0.0816, 0.3573, 0.5611],
        [0.1208, 0.2822, 0.5970],
        [0.1294, 0.2929, 0.5777],
        [0.0847, 0.2693, 0.6461]], device='cuda:0', grad_fn=<SliceBackward0>)
Batch 0 completed in 0.82 seconds (0.01 minutes)
New best val_f1: 0.250922 (previous best: 0.000000)
loss: 1.549729, val_acc: 58.37% (0.583744), val_f1: 25.09% (0.250922), test_acc: 54.65% (0.546460), test_f1: 23.56% (0.235575)
Epoch 0 completed in 26.13 seconds (0.44 minutes)
>>>>>>>>>>>>>>>>>>>>>>>>>>>>>>>>>>>>>>>>>>>>>>>>>>>>>>>>>>>>>>>>>>>>>>>>>>>>>>>>>>>>>>>>>>>>>>>>>>>>
epoch: 1
Batch 0 completed in 0.35 seconds (0.01 minutes)
New best val_f1: 0.273557 (previous best: 0.250922)
loss: 0.981614, val_acc: 59.85% (0.598522), val_f1: 27.36% (0.273557), test_acc: 55.53% (0.555310), test_f1: 25.42% (0.254246)
Epoch 1 completed in 25.97 seconds (0.43 minutes)
>>>>>>>>>>>>>>>>>>>>>>>>>>>>>>>>>>>>>>>>>>>>>>>>>>>>>>>>>>>>>>>>>>>>>>>>>>>>>>>>>>>>>>>>>>>>>>>>>>>>
epoch: 2
Batch 0 completed in 0.35 seconds (0.01 minutes)
New best val_f1: 0.441909 (previous best: 0.273557)
loss: 0.928317, val_acc: 68.72% (0.687192), val_f1: 44.19% (0.441909), test_acc: 59.73% (0.597345), test_f1: 37.93% (0.379260)
Epoch 2 completed in 26.14 seconds (0.44 minutes)
>>>>>>>>>>>>>>>>>>>>>>>>>>>>>>>>>>>>>>>>>>>>>>>>>>>>>>>>>>>>>>>>>>>>>>>>>>>>>>>>>>>>>>>>>>>>>>>>>>>>
epoch: 3
Batch 0 completed in 0.36 seconds (0.01 minutes)
loss: 0.891892, val_acc: 58.87% (0.588670), val_f1: 25.20% (0.251968), test_acc: 55.09% (0.550885), test_f1: 23.68% (0.236805)
Epoch 3 completed in 26.02 seconds (0.43 minutes)
>>>>>>>>>>>>>>>>>>>>>>>>>>>>>>>>>>>>>>>>>>>>>>>>>>>>>>>>>>>>>>>>>>>>>>>>>>>>>>>>>>>>>>>>>>>>>>>>>>>>
epoch: 4
Batch 0 completed in 0.36 seconds (0.01 minutes)
New best val_f1: 0.518516 (previous best: 0.441909)
loss: 0.917247, val_acc: 68.47% (0.684729), val_f1: 51.85% (0.518516), test_acc: 63.94% (0.639381), test_f1: 52.97% (0.529683)
Epoch 4 completed in 26.40 seconds (0.44 minutes)
>>>>>>>>>>>>>>>>>>>>>>>>>>>>>>>>>>>>>>>>>>>>>>>>>>>>>>>>>>>>>>>>>>>>>>>>>>>>>>>>>>>>>>>>>>>>>>>>>>>>
epoch: 5
Batch 0 completed in 0.36 seconds (0.01 minutes)
loss: 0.744079, val_acc: 66.50% (0.665025), val_f1: 39.91% (0.399102), test_acc: 60.84% (0.608407), test_f1: 37.38% (0.373763)
Epoch 5 completed in 26.14 seconds (0.44 minutes)
>>>>>>>>>>>>>>>>>>>>>>>>>>>>>>>>>>>>>>>>>>>>>>>>>>>>>>>>>>>>>>>>>>>>>>>>>>>>>>>>>>>>>>>>>>>>>>>>>>>>
epoch: 6
Batch 0 completed in 0.35 seconds (0.01 minutes)
loss: 0.801986, val_acc: 68.97% (0.689655), val_f1: 48.26% (0.482553), test_acc: 63.50% (0.634956), test_f1: 48.90% (0.488998)
Epoch 6 completed in 26.38 seconds (0.44 minutes)
>>>>>>>>>>>>>>>>>>>>>>>>>>>>>>>>>>>>>>>>>>>>>>>>>>>>>>>>>>>>>>>>>>>>>>>>>>>>>>>>>>>>>>>>>>>>>>>>>>>>
epoch: 7
Batch 0 completed in 0.36 seconds (0.01 minutes)
loss: 0.725348, val_acc: 66.01% (0.660099), val_f1: 38.78% (0.387759), test_acc: 59.73% (0.597345), test_f1: 35.65% (0.356496)
Epoch 7 completed in 26.27 seconds (0.44 minutes)
>>>>>>>>>>>>>>>>>>>>>>>>>>>>>>>>>>>>>>>>>>>>>>>>>>>>>>>>>>>>>>>>>>>>>>>>>>>>>>>>>>>>>>>>>>>>>>>>>>>>
epoch: 8
Batch 0 completed in 0.36 seconds (0.01 minutes)
loss: 0.736756, val_acc: 71.43% (0.714286), val_f1: 50.77% (0.507729), test_acc: 66.37% (0.663717), test_f1: 53.44% (0.534423)
Epoch 8 completed in 26.16 seconds (0.44 minutes)
>>>>>>>>>>>>>>>>>>>>>>>>>>>>>>>>>>>>>>>>>>>>>>>>>>>>>>>>>>>>>>>>>>>>>>>>>>>>>>>>>>>>>>>>>>>>>>>>>>>>
epoch: 9
[DEBUG] Sample predictions in evaluate:  tensor([1, 1, 0, 0, 0, 1, 1, 0, 0, 0], device='cuda:0')
Batch 0 completed in 0.36 seconds (0.01 minutes)
loss: 0.781941, val_acc: 64.53% (0.645320), val_f1: 47.49% (0.474893), test_acc: 64.60% (0.646018), test_f1: 51.66% (0.516646)
Epoch 9 completed in 26.40 seconds (0.44 minutes)
RESULT: Max Val F1: 0.518516, Max Test F1: 0.529683
Training complete. Generating confusion matrix on the test set.
Confusion matrix saved to /home/rgg2706/Multimodal-Sentiment-Analysis/Logs/SIMPLE-F3v3/2025-03-09/sub-1/009_Mar-09-2025_03:31_PM/confusion_matrix.png
Reading TensorBoard loss at each epoch:
Available tags: {'images': [], 'audio': [], 'histograms': [], 'scalars': ['Loss/train_batch', 'Loss/val_log_step', 'Loss/train_epoch', 'Loss/val_epoch'], 'distributions': [], 'tensors': [], 'graph': False, 'meta_graph': False, 'run_metadata': []}
Output File: /home/rgg2706/Multimodal-Sentiment-Analysis/Logs/SIMPLE-F3v3/2025-03-09/sub-1/009_Mar-09-2025_03:31_PM/trainval_loss_curves.png
Training and validation loss curves saved to /home/rgg2706/Multimodal-Sentiment-Analysis/Logs/SIMPLE-F3v3/2025-03-09/sub-1/009_Mar-09-2025_03:31_PM/trainval_loss_curves.png
Total Completion Time: 5.03 minutes. (0.08 hours) 
