SIMPLE-F3v3_multiattfusion_MOA-MVSA-single_lr0.0001_dr0.5
SLURM Job ID: 20050493
Number of GPUs available: 1
Python PATH: ['/home/rgg2706/Multimodal-Sentiment-Analysis/Models/SIMPLE-F3v3/src', '/home/rgg2706/Multimodal-Sentiment-Analysis', '/Models/SIMPLE-F3v3/src', '/.autofs/tools/spack/var/spack/environments/default-nlp-x86_64-24072401/.spack-env/._view/wtxwc3mlkmzy7fbaxlum2674jarpitc2/lib/python311.zip', '/.autofs/tools/spack/var/spack/environments/default-nlp-x86_64-24072401/.spack-env/._view/wtxwc3mlkmzy7fbaxlum2674jarpitc2/lib/python3.11', '/.autofs/tools/spack/var/spack/environments/default-nlp-x86_64-24072401/.spack-env/._view/wtxwc3mlkmzy7fbaxlum2674jarpitc2/lib/python3.11/lib-dynload', '/.autofs/tools/spack/var/spack/environments/default-nlp-x86_64-24072401/.spack-env/._view/wtxwc3mlkmzy7fbaxlum2674jarpitc2/lib/python3.11/site-packages']
Logs directory: /home/rgg2706/Multimodal-Sentiment-Analysis/Logs/SIMPLE-F3v3/2025-03-09/sub-2/002_Mar-09-2025_04:21_PM
> training arguments:
>>> rand_seed: 8
>>> model_fusion: multiattfusion
>>> dataset: MOA-MVSA-single
>>> optimizer: <class 'torch.optim.adam.Adam'>
>>> initializer: <function xavier_uniform_ at 0x7f6558d19580>
>>> learning_rate: 0.0001
>>> dropout_rate: 0.5
>>> weight_decay: 0.0
>>> num_layers: 3
>>> num_epoch: 25
>>> batch_size: 128
>>> log_step: 60
>>> max_seq_len: 120
>>> polarities_dim: 3
>>> clip_grad: 5.0
>>> path_image: ./images
>>> crop_size: 224
>>> n_head: 8
>>> hidden_dim: 768
>>> num_classes: 3
>>> log_dir: /home/rgg2706/Multimodal-Sentiment-Analysis/Logs/SIMPLE-F3v3/2025-03-09/sub-2/002_Mar-09-2025_04:21_PM
>>> counter: 0
>>> model_class: <class 'models.multiattfusion.MultiAttFusion'>

[DEBUG] First 5 training texts:
    ID: 1 | Overall sentiment: 1 | Text: how  i feel today legday jelly aching gym 

    ID: 4 | Overall sentiment: 1 | Text: esco  we have a young and energetic team and we pride ourselves on offering the highes hoer 

    ID: 5 | Overall sentiment: 1 | Text:  chrisashaffer  went to  ssc today to be a movie star to rep for the  deaf and got to meet an energetic great guy  mark  white! 

    ID: 6 | Overall sentiment: 1 | Text:  babeshawnmendes that was really energetic 

    ID: 7 | Overall sentiment: 1 | Text:  deepikapadukone  to my most hard workingfun loving and energetic team.. thank you and  i love you! 

Building model
1
n_trainable_params: 8451, n_nontrainable_params: 0
>>>>>>>>>>>>>>>>>>>>>>>>>>>>>>>>>>>>>>>>>>>>>>>>>>>>>>>>>>>>>>>>>>>>>>>>>>>>>>>>>>>>>>>>>>>>>>>>>>>>
epoch: 0
[DEBUG] Sample predictions in evaluate:  tensor([2, 2, 2, 2, 2, 2, 2, 2, 2, 2], device='cuda:0')
[DEBUG] outputs.shape: torch.Size([128, 3])
[DEBUG] Sample of raw logits (first 5):
tensor([[-0.5553,  0.3099,  0.9750],
        [-0.9835,  0.5058,  0.9386],
        [-0.6080,  0.2752,  1.0368],
        [-0.3495,  0.4501,  1.1542],
        [-0.9585,  0.2906,  1.1743]], device='cuda:0',
       grad_fn=<SliceBackward0>)
[DEBUG] Sample of predicted probabilities (first 5):
tensor([[0.1251, 0.2971, 0.5778],
        [0.0815, 0.3614, 0.5571],
        [0.1163, 0.2813, 0.6024],
        [0.1295, 0.2881, 0.5825],
        [0.0774, 0.2698, 0.6529]], device='cuda:0', grad_fn=<SliceBackward0>)
Batch 0 completed in 1.13 seconds (0.02 minutes)
New best val_f1: 0.061148 (previous best: 0.000000)
loss: 1.549044, val_acc: 10.10% (0.100985), val_f1: 6.11% (0.061148), test_acc: 12.17% (0.121681), test_f1: 7.23% (0.072321)
Epoch 0 completed in 25.96 seconds (0.43 minutes)
>>>>>>>>>>>>>>>>>>>>>>>>>>>>>>>>>>>>>>>>>>>>>>>>>>>>>>>>>>>>>>>>>>>>>>>>>>>>>>>>>>>>>>>>>>>>>>>>>>>>
epoch: 1
Batch 0 completed in 0.70 seconds (0.01 minutes)
New best val_f1: 0.246760 (previous best: 0.061148)
loss: 0.957386, val_acc: 58.62% (0.586207), val_f1: 24.68% (0.246760), test_acc: 54.87% (0.548673), test_f1: 23.62% (0.236190)
Epoch 1 completed in 25.63 seconds (0.43 minutes)
>>>>>>>>>>>>>>>>>>>>>>>>>>>>>>>>>>>>>>>>>>>>>>>>>>>>>>>>>>>>>>>>>>>>>>>>>>>>>>>>>>>>>>>>>>>>>>>>>>>>
epoch: 2
Batch 0 completed in 0.71 seconds (0.01 minutes)
loss: 0.941136, val_acc: 58.62% (0.586207), val_f1: 24.64% (0.246377), test_acc: 55.09% (0.550885), test_f1: 23.68% (0.236805)
Epoch 2 completed in 26.18 seconds (0.44 minutes)
>>>>>>>>>>>>>>>>>>>>>>>>>>>>>>>>>>>>>>>>>>>>>>>>>>>>>>>>>>>>>>>>>>>>>>>>>>>>>>>>>>>>>>>>>>>>>>>>>>>>
epoch: 3
Batch 0 completed in 0.71 seconds (0.01 minutes)
loss: 0.901990, val_acc: 58.62% (0.586207), val_f1: 24.64% (0.246377), test_acc: 55.09% (0.550885), test_f1: 23.68% (0.236805)
Epoch 3 completed in 26.30 seconds (0.44 minutes)
>>>>>>>>>>>>>>>>>>>>>>>>>>>>>>>>>>>>>>>>>>>>>>>>>>>>>>>>>>>>>>>>>>>>>>>>>>>>>>>>>>>>>>>>>>>>>>>>>>>>
epoch: 4
Batch 0 completed in 0.71 seconds (0.01 minutes)
loss: 0.948185, val_acc: 58.62% (0.586207), val_f1: 24.64% (0.246377), test_acc: 55.09% (0.550885), test_f1: 23.68% (0.236805)
Epoch 4 completed in 25.96 seconds (0.43 minutes)
>>>>>>>>>>>>>>>>>>>>>>>>>>>>>>>>>>>>>>>>>>>>>>>>>>>>>>>>>>>>>>>>>>>>>>>>>>>>>>>>>>>>>>>>>>>>>>>>>>>>
epoch: 5
Batch 0 completed in 0.71 seconds (0.01 minutes)
loss: 0.908271, val_acc: 58.62% (0.586207), val_f1: 24.64% (0.246377), test_acc: 55.09% (0.550885), test_f1: 23.68% (0.236805)
Epoch 5 completed in 26.21 seconds (0.44 minutes)
>>>>>>>>>>>>>>>>>>>>>>>>>>>>>>>>>>>>>>>>>>>>>>>>>>>>>>>>>>>>>>>>>>>>>>>>>>>>>>>>>>>>>>>>>>>>>>>>>>>>
epoch: 6
Batch 0 completed in 0.71 seconds (0.01 minutes)
New best val_f1: 0.278057 (previous best: 0.246760)
loss: 0.977230, val_acc: 59.85% (0.598522), val_f1: 27.81% (0.278057), test_acc: 54.65% (0.546460), test_f1: 23.97% (0.239680)
Epoch 6 completed in 26.42 seconds (0.44 minutes)
>>>>>>>>>>>>>>>>>>>>>>>>>>>>>>>>>>>>>>>>>>>>>>>>>>>>>>>>>>>>>>>>>>>>>>>>>>>>>>>>>>>>>>>>>>>>>>>>>>>>
epoch: 7
Batch 0 completed in 0.71 seconds (0.01 minutes)
New best val_f1: 0.283133 (previous best: 0.278057)
loss: 0.876784, val_acc: 60.10% (0.600985), val_f1: 28.31% (0.283133), test_acc: 55.31% (0.553097), test_f1: 25.37% (0.253746)
Epoch 7 completed in 26.19 seconds (0.44 minutes)
>>>>>>>>>>>>>>>>>>>>>>>>>>>>>>>>>>>>>>>>>>>>>>>>>>>>>>>>>>>>>>>>>>>>>>>>>>>>>>>>>>>>>>>>>>>>>>>>>>>>
epoch: 8
Batch 0 completed in 0.71 seconds (0.01 minutes)
loss: 0.806875, val_acc: 60.10% (0.600985), val_f1: 27.88% (0.278769), test_acc: 55.53% (0.555310), test_f1: 25.42% (0.254246)
Epoch 8 completed in 26.48 seconds (0.44 minutes)
>>>>>>>>>>>>>>>>>>>>>>>>>>>>>>>>>>>>>>>>>>>>>>>>>>>>>>>>>>>>>>>>>>>>>>>>>>>>>>>>>>>>>>>>>>>>>>>>>>>>
epoch: 9
Batch 0 completed in 0.71 seconds (0.01 minutes)
New best val_f1: 0.301745 (previous best: 0.283133)
loss: 0.947055, val_acc: 60.84% (0.608374), val_f1: 30.17% (0.301745), test_acc: 55.75% (0.557522), test_f1: 26.62% (0.266225)
Epoch 9 completed in 26.09 seconds (0.43 minutes)
>>>>>>>>>>>>>>>>>>>>>>>>>>>>>>>>>>>>>>>>>>>>>>>>>>>>>>>>>>>>>>>>>>>>>>>>>>>>>>>>>>>>>>>>>>>>>>>>>>>>
epoch: 10
Batch 0 completed in 0.71 seconds (0.01 minutes)
New best val_f1: 0.312225 (previous best: 0.301745)
loss: 0.879730, val_acc: 61.58% (0.615764), val_f1: 31.22% (0.312225), test_acc: 55.97% (0.559735), test_f1: 27.05% (0.270529)
Epoch 10 completed in 26.28 seconds (0.44 minutes)
>>>>>>>>>>>>>>>>>>>>>>>>>>>>>>>>>>>>>>>>>>>>>>>>>>>>>>>>>>>>>>>>>>>>>>>>>>>>>>>>>>>>>>>>>>>>>>>>>>>>
epoch: 11
Batch 0 completed in 0.71 seconds (0.01 minutes)
New best val_f1: 0.324793 (previous best: 0.312225)
loss: 0.900875, val_acc: 62.07% (0.620690), val_f1: 32.48% (0.324793), test_acc: 55.97% (0.559735), test_f1: 27.39% (0.273933)
Epoch 11 completed in 26.38 seconds (0.44 minutes)
>>>>>>>>>>>>>>>>>>>>>>>>>>>>>>>>>>>>>>>>>>>>>>>>>>>>>>>>>>>>>>>>>>>>>>>>>>>>>>>>>>>>>>>>>>>>>>>>>>>>
epoch: 12
Batch 0 completed in 0.71 seconds (0.01 minutes)
loss: 0.878514, val_acc: 61.33% (0.613300), val_f1: 30.38% (0.303798), test_acc: 55.75% (0.557522), test_f1: 26.27% (0.262654)
Epoch 12 completed in 26.26 seconds (0.44 minutes)
>>>>>>>>>>>>>>>>>>>>>>>>>>>>>>>>>>>>>>>>>>>>>>>>>>>>>>>>>>>>>>>>>>>>>>>>>>>>>>>>>>>>>>>>>>>>>>>>>>>>
epoch: 13
Batch 0 completed in 0.71 seconds (0.01 minutes)
loss: 0.804099, val_acc: 60.10% (0.600985), val_f1: 27.88% (0.278769), test_acc: 55.75% (0.557522), test_f1: 25.90% (0.258982)
Epoch 13 completed in 26.46 seconds (0.44 minutes)
>>>>>>>>>>>>>>>>>>>>>>>>>>>>>>>>>>>>>>>>>>>>>>>>>>>>>>>>>>>>>>>>>>>>>>>>>>>>>>>>>>>>>>>>>>>>>>>>>>>>
epoch: 14
Batch 0 completed in 0.71 seconds (0.01 minutes)
loss: 0.782015, val_acc: 60.34% (0.603448), val_f1: 28.39% (0.283910), test_acc: 56.19% (0.561947), test_f1: 26.42% (0.264217)
Epoch 14 completed in 26.09 seconds (0.43 minutes)
>>>>>>>>>>>>>>>>>>>>>>>>>>>>>>>>>>>>>>>>>>>>>>>>>>>>>>>>>>>>>>>>>>>>>>>>>>>>>>>>>>>>>>>>>>>>>>>>>>>>
epoch: 15
Batch 0 completed in 0.71 seconds (0.01 minutes)
New best val_f1: 0.362561 (previous best: 0.324793)
loss: 0.838893, val_acc: 63.79% (0.637931), val_f1: 36.26% (0.362561), test_acc: 57.74% (0.577434), test_f1: 31.16% (0.311598)
Epoch 15 completed in 26.32 seconds (0.44 minutes)
>>>>>>>>>>>>>>>>>>>>>>>>>>>>>>>>>>>>>>>>>>>>>>>>>>>>>>>>>>>>>>>>>>>>>>>>>>>>>>>>>>>>>>>>>>>>>>>>>>>>
epoch: 16
Batch 0 completed in 0.71 seconds (0.01 minutes)
loss: 0.930932, val_acc: 60.10% (0.600985), val_f1: 27.88% (0.278769), test_acc: 56.19% (0.561947), test_f1: 26.40% (0.264039)
Epoch 16 completed in 26.31 seconds (0.44 minutes)
>>>>>>>>>>>>>>>>>>>>>>>>>>>>>>>>>>>>>>>>>>>>>>>>>>>>>>>>>>>>>>>>>>>>>>>>>>>>>>>>>>>>>>>>>>>>>>>>>>>>
epoch: 17
Batch 0 completed in 0.71 seconds (0.01 minutes)
loss: 0.821058, val_acc: 62.81% (0.628079), val_f1: 33.18% (0.331761), test_acc: 56.86% (0.568584), test_f1: 28.73% (0.287276)
Epoch 17 completed in 26.31 seconds (0.44 minutes)
>>>>>>>>>>>>>>>>>>>>>>>>>>>>>>>>>>>>>>>>>>>>>>>>>>>>>>>>>>>>>>>>>>>>>>>>>>>>>>>>>>>>>>>>>>>>>>>>>>>>
epoch: 18
Batch 0 completed in 0.71 seconds (0.01 minutes)
loss: 0.836975, val_acc: 62.56% (0.625616), val_f1: 32.72% (0.327246), test_acc: 56.64% (0.566372), test_f1: 28.32% (0.283158)
Epoch 18 completed in 26.40 seconds (0.44 minutes)
>>>>>>>>>>>>>>>>>>>>>>>>>>>>>>>>>>>>>>>>>>>>>>>>>>>>>>>>>>>>>>>>>>>>>>>>>>>>>>>>>>>>>>>>>>>>>>>>>>>>
epoch: 19
Batch 0 completed in 0.71 seconds (0.01 minutes)
loss: 0.823073, val_acc: 61.33% (0.613300), val_f1: 30.38% (0.303798), test_acc: 55.97% (0.559735), test_f1: 26.34% (0.263435)
Epoch 19 completed in 26.06 seconds (0.43 minutes)
>>>>>>>>>>>>>>>>>>>>>>>>>>>>>>>>>>>>>>>>>>>>>>>>>>>>>>>>>>>>>>>>>>>>>>>>>>>>>>>>>>>>>>>>>>>>>>>>>>>>
epoch: 20
Batch 0 completed in 0.71 seconds (0.01 minutes)
loss: 0.874554, val_acc: 63.05% (0.630542), val_f1: 33.62% (0.336220), test_acc: 57.08% (0.570796), test_f1: 29.13% (0.291350)
Epoch 20 completed in 26.34 seconds (0.44 minutes)
>>>>>>>>>>>>>>>>>>>>>>>>>>>>>>>>>>>>>>>>>>>>>>>>>>>>>>>>>>>>>>>>>>>>>>>>>>>>>>>>>>>>>>>>>>>>>>>>>>>>
epoch: 21
Batch 0 completed in 0.71 seconds (0.01 minutes)
loss: 0.840180, val_acc: 60.59% (0.605911), val_f1: 28.90% (0.288982), test_acc: 55.97% (0.559735), test_f1: 26.34% (0.263435)
Epoch 21 completed in 26.27 seconds (0.44 minutes)
>>>>>>>>>>>>>>>>>>>>>>>>>>>>>>>>>>>>>>>>>>>>>>>>>>>>>>>>>>>>>>>>>>>>>>>>>>>>>>>>>>>>>>>>>>>>>>>>>>>>
epoch: 22
Batch 0 completed in 0.71 seconds (0.01 minutes)
loss: 0.909051, val_acc: 61.58% (0.615764), val_f1: 30.86% (0.308609), test_acc: 56.64% (0.566372), test_f1: 27.65% (0.276494)
Epoch 22 completed in 26.37 seconds (0.44 minutes)
>>>>>>>>>>>>>>>>>>>>>>>>>>>>>>>>>>>>>>>>>>>>>>>>>>>>>>>>>>>>>>>>>>>>>>>>>>>>>>>>>>>>>>>>>>>>>>>>>>>>
epoch: 23
Batch 0 completed in 0.71 seconds (0.01 minutes)
New best val_f1: 0.406152 (previous best: 0.362561)
loss: 0.848709, val_acc: 66.50% (0.665025), val_f1: 40.62% (0.406152), test_acc: 59.29% (0.592920), test_f1: 34.34% (0.343370)
Epoch 23 completed in 26.37 seconds (0.44 minutes)
>>>>>>>>>>>>>>>>>>>>>>>>>>>>>>>>>>>>>>>>>>>>>>>>>>>>>>>>>>>>>>>>>>>>>>>>>>>>>>>>>>>>>>>>>>>>>>>>>>>>
epoch: 24
[DEBUG] Sample predictions in evaluate:  tensor([1, 1, 1, 1, 1, 1, 1, 1, 1, 1], device='cuda:0')
Batch 0 completed in 0.71 seconds (0.01 minutes)
loss: 0.870623, val_acc: 64.29% (0.642857), val_f1: 36.32% (0.363222), test_acc: 58.63% (0.586283), test_f1: 32.11% (0.321076)
Epoch 24 completed in 26.03 seconds (0.43 minutes)
RESULT: Max Val F1: 0.406152, Max Test F1: 0.343370
Training complete. Generating confusion matrix on the test set.
Confusion matrix saved to /home/rgg2706/Multimodal-Sentiment-Analysis/Logs/SIMPLE-F3v3/2025-03-09/sub-2/002_Mar-09-2025_04:21_PM/confusion_matrix.png
Reading TensorBoard loss at each epoch:
Available tags: {'images': [], 'audio': [], 'histograms': [], 'scalars': ['Loss/train_batch', 'Loss/val_log_step', 'Loss/train_epoch', 'Loss/val_epoch'], 'distributions': [], 'tensors': [], 'graph': False, 'meta_graph': False, 'run_metadata': []}
Output File: /home/rgg2706/Multimodal-Sentiment-Analysis/Logs/SIMPLE-F3v3/2025-03-09/sub-2/002_Mar-09-2025_04:21_PM/trainval_loss_curves.png
Training and validation loss curves saved to /home/rgg2706/Multimodal-Sentiment-Analysis/Logs/SIMPLE-F3v3/2025-03-09/sub-2/002_Mar-09-2025_04:21_PM/trainval_loss_curves.png
Total Completion Time: 11.57 minutes. (0.19 hours) 
