SLURM Job ID: 20051958
Dataset: MOA-MVSA-single
Number of GPUs available: 1
Python PATH: ['/home/rgg2706/Multimodal-Sentiment-Analysis/Models/SIMPLE-F3v3/src', '/home/rgg2706/Multimodal-Sentiment-Analysis', '/Models/SIMPLE-F3v3/src', '/.autofs/tools/spack/var/spack/environments/default-nlp-x86_64-24072401/.spack-env/._view/wtxwc3mlkmzy7fbaxlum2674jarpitc2/lib/python311.zip', '/.autofs/tools/spack/var/spack/environments/default-nlp-x86_64-24072401/.spack-env/._view/wtxwc3mlkmzy7fbaxlum2674jarpitc2/lib/python3.11', '/.autofs/tools/spack/var/spack/environments/default-nlp-x86_64-24072401/.spack-env/._view/wtxwc3mlkmzy7fbaxlum2674jarpitc2/lib/python3.11/lib-dynload', '/.autofs/tools/spack/var/spack/environments/default-nlp-x86_64-24072401/.spack-env/._view/wtxwc3mlkmzy7fbaxlum2674jarpitc2/lib/python3.11/site-packages']
Logs directory: /home/rgg2706/Multimodal-Sentiment-Analysis/Logs/SIMPLE-F3v3/2025-03-09/sub-4/005_Mar-09-2025_07:23_PM
> training arguments:
>>> rand_seed: 8
>>> model_fusion: multiattfusion
>>> dataset: MOA-MVSA-single
>>> optimizer: <class 'torch.optim.adam.Adam'>
>>> initializer: <function xavier_uniform_ at 0x7fceb26f5440>
>>> learning_rate: 2e-05
>>> dropout_rate: 0.5
>>> weight_decay: 0.0
>>> num_layers: 3
>>> num_epoch: 20
>>> batch_size: 64
>>> log_step: 60
>>> max_seq_len: 120
>>> polarities_dim: 3
>>> clip_grad: 5.0
>>> path_image: ./images
>>> crop_size: 224
>>> n_head: 8
>>> hidden_dim: 256
>>> num_classes: 3
>>> log_dir: /home/rgg2706/Multimodal-Sentiment-Analysis/Logs/SIMPLE-F3v3/2025-03-09/sub-4/005_Mar-09-2025_07:23_PM
>>> counter: 0
>>> model_class: <class 'models.multiattfusion.MultiAttFusion'>

[DEBUG] First 5 training texts:
    ID: 1 | Overall sentiment: 1 | Text: how  i feel today legday jelly aching gym 

    ID: 4 | Overall sentiment: 1 | Text: esco  we have a young and energetic team and we pride ourselves on offering the highes hoer 

    ID: 5 | Overall sentiment: 1 | Text:  chrisashaffer  went to  ssc today to be a movie star to rep for the  deaf and got to meet an energetic great guy  mark  white! 

    ID: 6 | Overall sentiment: 1 | Text:  babeshawnmendes that was really energetic 

    ID: 7 | Overall sentiment: 1 | Text:  deepikapadukone  to my most hard workingfun loving and energetic team.. thank you and  i love you! 

Building model
1
n_trainable_params: 8451, n_nontrainable_params: 0
>>>>>>>>>>>>>>>>>>>>>>>>>>>>>>>>>>>>>>>>>>>>>>>>>>>>>>>>>>>>>>>>>>>>>>>>>>>>>>>>>>>>>>>>>>>>>>>>>>>>
epoch: 0
[DEBUG] Sample predictions in evaluate:  tensor([2, 2, 2, 2, 2, 2, 2, 2, 2, 2], device='cuda:0')
[DEBUG] outputs.shape: torch.Size([64, 3])
[DEBUG] Sample of raw logits (first 5):
tensor([[-0.5646,  0.2394,  0.9166],
        [-0.9922,  0.4850,  0.9363],
        [-0.5560,  0.2922,  1.0416],
        [-0.3898,  0.4273,  1.1064],
        [-0.9047,  0.2524,  1.1276]], device='cuda:0',
       grad_fn=<SliceBackward0>)
[DEBUG] Sample of predicted probabilities (first 5):
tensor([[0.1310, 0.2928, 0.5762],
        [0.0816, 0.3573, 0.5611],
        [0.1208, 0.2822, 0.5970],
        [0.1294, 0.2929, 0.5777],
        [0.0847, 0.2693, 0.6461]], device='cuda:0', grad_fn=<SliceBackward0>)
Batch 0 completed in 1.38 seconds (0.02 minutes)
New best val_f1: 0.061148 (previous best: 0.000000)
loss: 1.549729, val_acc: 10.10% (0.100985), val_f1: 6.11% (0.061148), test_acc: 12.17% (0.121681), test_f1: 7.23% (0.072321)
Epoch 0 completed in 26.54 seconds (0.44 minutes)
>>>>>>>>>>>>>>>>>>>>>>>>>>>>>>>>>>>>>>>>>>>>>>>>>>>>>>>>>>>>>>>>>>>>>>>>>>>>>>>>>>>>>>>>>>>>>>>>>>>>
epoch: 1
Batch 0 completed in 0.35 seconds (0.01 minutes)
New best val_f1: 0.250922 (previous best: 0.061148)
loss: 1.040697, val_acc: 58.37% (0.583744), val_f1: 25.09% (0.250922), test_acc: 54.65% (0.546460), test_f1: 23.56% (0.235575)
Epoch 1 completed in 25.51 seconds (0.43 minutes)
>>>>>>>>>>>>>>>>>>>>>>>>>>>>>>>>>>>>>>>>>>>>>>>>>>>>>>>>>>>>>>>>>>>>>>>>>>>>>>>>>>>>>>>>>>>>>>>>>>>>
epoch: 2
Batch 0 completed in 0.35 seconds (0.01 minutes)
loss: 0.941973, val_acc: 58.62% (0.586207), val_f1: 24.68% (0.246760), test_acc: 54.87% (0.548673), test_f1: 23.62% (0.236190)
Epoch 2 completed in 26.07 seconds (0.43 minutes)
>>>>>>>>>>>>>>>>>>>>>>>>>>>>>>>>>>>>>>>>>>>>>>>>>>>>>>>>>>>>>>>>>>>>>>>>>>>>>>>>>>>>>>>>>>>>>>>>>>>>
epoch: 3
Batch 0 completed in 0.35 seconds (0.01 minutes)
loss: 0.919972, val_acc: 58.62% (0.586207), val_f1: 24.64% (0.246377), test_acc: 55.09% (0.550885), test_f1: 23.68% (0.236805)
Epoch 3 completed in 25.97 seconds (0.43 minutes)
>>>>>>>>>>>>>>>>>>>>>>>>>>>>>>>>>>>>>>>>>>>>>>>>>>>>>>>>>>>>>>>>>>>>>>>>>>>>>>>>>>>>>>>>>>>>>>>>>>>>
epoch: 4
Batch 0 completed in 0.36 seconds (0.01 minutes)
loss: 1.037816, val_acc: 58.62% (0.586207), val_f1: 24.68% (0.246760), test_acc: 54.87% (0.548673), test_f1: 23.62% (0.236190)
Epoch 4 completed in 26.21 seconds (0.44 minutes)
>>>>>>>>>>>>>>>>>>>>>>>>>>>>>>>>>>>>>>>>>>>>>>>>>>>>>>>>>>>>>>>>>>>>>>>>>>>>>>>>>>>>>>>>>>>>>>>>>>>>
epoch: 5
Batch 0 completed in 0.36 seconds (0.01 minutes)
loss: 0.869963, val_acc: 58.62% (0.586207), val_f1: 24.64% (0.246377), test_acc: 55.09% (0.550885), test_f1: 23.68% (0.236805)
Epoch 5 completed in 26.27 seconds (0.44 minutes)
>>>>>>>>>>>>>>>>>>>>>>>>>>>>>>>>>>>>>>>>>>>>>>>>>>>>>>>>>>>>>>>>>>>>>>>>>>>>>>>>>>>>>>>>>>>>>>>>>>>>
epoch: 6
Batch 0 completed in 0.36 seconds (0.01 minutes)
loss: 0.958801, val_acc: 58.62% (0.586207), val_f1: 24.68% (0.246760), test_acc: 54.65% (0.546460), test_f1: 23.56% (0.235575)
Epoch 6 completed in 26.09 seconds (0.43 minutes)
>>>>>>>>>>>>>>>>>>>>>>>>>>>>>>>>>>>>>>>>>>>>>>>>>>>>>>>>>>>>>>>>>>>>>>>>>>>>>>>>>>>>>>>>>>>>>>>>>>>>
epoch: 7
Batch 0 completed in 0.36 seconds (0.01 minutes)
loss: 0.903978, val_acc: 58.62% (0.586207), val_f1: 24.64% (0.246377), test_acc: 55.09% (0.550885), test_f1: 23.68% (0.236805)
Epoch 7 completed in 26.36 seconds (0.44 minutes)
>>>>>>>>>>>>>>>>>>>>>>>>>>>>>>>>>>>>>>>>>>>>>>>>>>>>>>>>>>>>>>>>>>>>>>>>>>>>>>>>>>>>>>>>>>>>>>>>>>>>
epoch: 8
Batch 0 completed in 0.36 seconds (0.01 minutes)
loss: 0.864741, val_acc: 58.62% (0.586207), val_f1: 24.64% (0.246377), test_acc: 55.09% (0.550885), test_f1: 23.68% (0.236805)
Epoch 8 completed in 26.08 seconds (0.43 minutes)
>>>>>>>>>>>>>>>>>>>>>>>>>>>>>>>>>>>>>>>>>>>>>>>>>>>>>>>>>>>>>>>>>>>>>>>>>>>>>>>>>>>>>>>>>>>>>>>>>>>>
epoch: 9
Batch 0 completed in 0.36 seconds (0.01 minutes)
loss: 1.038952, val_acc: 58.62% (0.586207), val_f1: 24.68% (0.246760), test_acc: 54.87% (0.548673), test_f1: 23.62% (0.236190)
Epoch 9 completed in 26.33 seconds (0.44 minutes)
>>>>>>>>>>>>>>>>>>>>>>>>>>>>>>>>>>>>>>>>>>>>>>>>>>>>>>>>>>>>>>>>>>>>>>>>>>>>>>>>>>>>>>>>>>>>>>>>>>>>
epoch: 10
Batch 0 completed in 0.36 seconds (0.01 minutes)
New best val_f1: 0.252312 (previous best: 0.250922)
loss: 0.994369, val_acc: 58.87% (0.588670), val_f1: 25.23% (0.252312), test_acc: 54.65% (0.546460), test_f1: 23.56% (0.235575)
Epoch 10 completed in 26.30 seconds (0.44 minutes)
>>>>>>>>>>>>>>>>>>>>>>>>>>>>>>>>>>>>>>>>>>>>>>>>>>>>>>>>>>>>>>>>>>>>>>>>>>>>>>>>>>>>>>>>>>>>>>>>>>>>
epoch: 11
Batch 0 completed in 0.36 seconds (0.01 minutes)
loss: 0.945331, val_acc: 58.87% (0.588670), val_f1: 25.23% (0.252312), test_acc: 54.65% (0.546460), test_f1: 23.56% (0.235575)
Epoch 11 completed in 25.99 seconds (0.43 minutes)
>>>>>>>>>>>>>>>>>>>>>>>>>>>>>>>>>>>>>>>>>>>>>>>>>>>>>>>>>>>>>>>>>>>>>>>>>>>>>>>>>>>>>>>>>>>>>>>>>>>>
epoch: 12
Batch 0 completed in 0.36 seconds (0.01 minutes)
loss: 0.822830, val_acc: 58.87% (0.588670), val_f1: 25.23% (0.252312), test_acc: 54.87% (0.548673), test_f1: 23.62% (0.236190)
Epoch 12 completed in 26.31 seconds (0.44 minutes)
>>>>>>>>>>>>>>>>>>>>>>>>>>>>>>>>>>>>>>>>>>>>>>>>>>>>>>>>>>>>>>>>>>>>>>>>>>>>>>>>>>>>>>>>>>>>>>>>>>>>
epoch: 13
Batch 0 completed in 0.36 seconds (0.01 minutes)
loss: 0.847747, val_acc: 58.87% (0.588670), val_f1: 25.23% (0.252312), test_acc: 54.87% (0.548673), test_f1: 23.62% (0.236190)
Epoch 13 completed in 26.12 seconds (0.44 minutes)
>>>>>>>>>>>>>>>>>>>>>>>>>>>>>>>>>>>>>>>>>>>>>>>>>>>>>>>>>>>>>>>>>>>>>>>>>>>>>>>>>>>>>>>>>>>>>>>>>>>>
epoch: 14
Batch 0 completed in 0.36 seconds (0.01 minutes)
New best val_f1: 0.257786 (previous best: 0.252312)
loss: 0.807618, val_acc: 59.11% (0.591133), val_f1: 25.78% (0.257786), test_acc: 54.87% (0.548673), test_f1: 23.62% (0.236190)
Epoch 14 completed in 26.28 seconds (0.44 minutes)
>>>>>>>>>>>>>>>>>>>>>>>>>>>>>>>>>>>>>>>>>>>>>>>>>>>>>>>>>>>>>>>>>>>>>>>>>>>>>>>>>>>>>>>>>>>>>>>>>>>>
epoch: 15
Batch 0 completed in 0.36 seconds (0.01 minutes)
loss: 0.834781, val_acc: 59.11% (0.591133), val_f1: 25.78% (0.257786), test_acc: 54.87% (0.548673), test_f1: 23.62% (0.236190)
Epoch 15 completed in 26.31 seconds (0.44 minutes)
>>>>>>>>>>>>>>>>>>>>>>>>>>>>>>>>>>>>>>>>>>>>>>>>>>>>>>>>>>>>>>>>>>>>>>>>>>>>>>>>>>>>>>>>>>>>>>>>>>>>
epoch: 16
Batch 0 completed in 0.36 seconds (0.01 minutes)
loss: 0.988975, val_acc: 58.62% (0.586207), val_f1: 24.64% (0.246377), test_acc: 55.09% (0.550885), test_f1: 23.68% (0.236805)
Epoch 16 completed in 25.95 seconds (0.43 minutes)
>>>>>>>>>>>>>>>>>>>>>>>>>>>>>>>>>>>>>>>>>>>>>>>>>>>>>>>>>>>>>>>>>>>>>>>>>>>>>>>>>>>>>>>>>>>>>>>>>>>>
epoch: 17
Batch 0 completed in 0.36 seconds (0.01 minutes)
loss: 0.801982, val_acc: 58.87% (0.588670), val_f1: 25.20% (0.251968), test_acc: 54.87% (0.548673), test_f1: 23.62% (0.236190)
Epoch 17 completed in 26.26 seconds (0.44 minutes)
>>>>>>>>>>>>>>>>>>>>>>>>>>>>>>>>>>>>>>>>>>>>>>>>>>>>>>>>>>>>>>>>>>>>>>>>>>>>>>>>>>>>>>>>>>>>>>>>>>>>
epoch: 18
Batch 0 completed in 0.36 seconds (0.01 minutes)
loss: 0.947666, val_acc: 59.11% (0.591133), val_f1: 25.78% (0.257786), test_acc: 55.09% (0.550885), test_f1: 24.10% (0.240973)
Epoch 18 completed in 26.18 seconds (0.44 minutes)
>>>>>>>>>>>>>>>>>>>>>>>>>>>>>>>>>>>>>>>>>>>>>>>>>>>>>>>>>>>>>>>>>>>>>>>>>>>>>>>>>>>>>>>>>>>>>>>>>>>>
epoch: 19
[DEBUG] Sample predictions in evaluate:  tensor([1, 1, 1, 1, 1, 1, 1, 1, 1, 1], device='cuda:0')
Batch 0 completed in 0.36 seconds (0.01 minutes)
loss: 0.884010, val_acc: 58.87% (0.588670), val_f1: 25.20% (0.251968), test_acc: 55.09% (0.550885), test_f1: 23.68% (0.236805)
Epoch 19 completed in 26.24 seconds (0.44 minutes)
RESULT: Max Val F1: 0.257786, Max Test F1: 0.236190
Training complete. Generating confusion matrix on the test set.
Confusion matrix saved to /home/rgg2706/Multimodal-Sentiment-Analysis/Logs/SIMPLE-F3v3/2025-03-09/sub-4/005_Mar-09-2025_07:23_PM/confusion_matrix.png
Reading TensorBoard loss at each epoch:
Available tags: {'images': [], 'audio': [], 'histograms': [], 'scalars': ['Loss/train_batch', 'Loss/val_log_step', 'Loss/train_epoch', 'Loss/val_epoch'], 'distributions': [], 'tensors': [], 'graph': False, 'meta_graph': False, 'run_metadata': []}
Output File: /home/rgg2706/Multimodal-Sentiment-Analysis/Logs/SIMPLE-F3v3/2025-03-09/sub-4/005_Mar-09-2025_07:23_PM/trainval_loss_curves.png
Training and validation loss curves saved to /home/rgg2706/Multimodal-Sentiment-Analysis/Logs/SIMPLE-F3v3/2025-03-09/sub-4/005_Mar-09-2025_07:23_PM/trainval_loss_curves.png
Total Completion Time: 11.24 minutes. (0.19 hours) 
