SLURM Job ID: 20077991
The first version with resnset
Model: MOASC4
Dataset: MOA-MVSA-single
directory /home/rgg2706/Multimodal-Sentiment-Analysis/Datasets/MOA-MVSA-single exists
directory /home/rgg2706/Multimodal-Sentiment-Analysis/Datasets/MOA-MVSA-multiple exists
directory /home/rgg2706/Multimodal-Sentiment-Analysis/Models/MOASC4/SaveFiles/SentimentClassifier exists
91
Loading dataset from: /home/rgg2706/Multimodal-Sentiment-Analysis/Datasets/MOA-MVSA-single
/home/rgg2706/Multimodal-Sentiment-Analysis/Datasets/MOA-MVSA-single/text
/home/rgg2706/Multimodal-Sentiment-Analysis/Datasets/MOA-MVSA-single/image
[DEBUG] Now in dataset directory for labels: /home/rgg2706/Multimodal-Sentiment-Analysis/Datasets/MOA-MVSA-single
[DEBUG] About to read labels from: /home/rgg2706/Multimodal-Sentiment-Analysis/Datasets/MOA-MVSA-single/labels.csv
Dataset directory is: /home/rgg2706/Multimodal-Sentiment-Analysis/Datasets/MOA-MVSA-single
Files in dataset directory: ['labels.csv', 'text', 'image']
   ID  text  image
0   1     2      1
1   2     2      1
2   3     2      1
3   4     1      1
4   5     1      1
5   6     1      1
6   7     1      1
7   8     2      1
8   9     1      1
9  10     0      0

[DEBUG] First 5 training texts:
    ID: 1 | Overall sentiment: 1 | Text: how  i feel today legday jelly aching gym 
    ID: 2 | Overall sentiment: 1 | Text: grattis min griskulting!!?? va bara tvungen oki s? sch ? ingenkommerattrodig pig happybday wow lovely cut 
    ID: 3 | Overall sentiment: 1 | Text:  polynminion  the moment  i found my favourite tv character. profoundlove 
    ID: 4 | Overall sentiment: 1 | Text: esco  we have a young and energetic team and we pride ourselves on offering the highes hoer 
    ID: 5 | Overall sentiment: 1 | Text:  chrisashaffer  went to  ssc today to be a movie star to rep for the  deaf and got to meet an energetic great guy  mark  white! 
Train samples: 3653
Validation samples: 406
Test samples: 452
Total samples: 4511
Train label distribution: Negative=1091, Positive=2171, Neutral=391
Val   label distribution: Negative=124, Positive=244, Neutral=38
Test  label distribution: Negative=143, Positive=268, Neutral=41
Overall label distribution: Negative=1358, Positive=2683, Neutral=470
    Iteration 20 of epoch 1 completed. Loss : 1.0984667539596558 Accuracy : 25.00
    Iteration 40 of epoch 1 completed. Loss : 1.0936576128005981 Accuracy : 34.38
    Iteration 60 of epoch 1 completed. Loss : 1.0928959846496582 Accuracy : 37.50
    Iteration 80 of epoch 1 completed. Loss : 1.1042907238006592 Accuracy : 40.62
    Iteration 100 of epoch 1 completed. Loss : 1.0961993932724 Accuracy : 53.12
Best validation accuracy improved from 0.0 to 0.5620629370629371
Epoch 1 completed. Test dataset:
	 Loss: 1.0556
	 Accuracy : 56.67
	 Average recall: 0.3743
	 F1_PN: 0.5149
	 Macro-F1: 0.3433
	 Weighted-F1: 0.5185

Best test accuracy improved from 0.0 to 0.5666666666666667, saving model...
    Iteration 20 of epoch 2 completed. Loss : 1.0645149946212769 Accuracy : 56.25
    Iteration 40 of epoch 2 completed. Loss : 1.0946606397628784 Accuracy : 75.00
    Iteration 60 of epoch 2 completed. Loss : 0.987083911895752 Accuracy : 75.00
    Iteration 80 of epoch 2 completed. Loss : 0.9918176531791687 Accuracy : 59.38
    Iteration 100 of epoch 2 completed. Loss : 1.0329102277755737 Accuracy : 56.25
Best validation accuracy improved from 0.5620629370629371 to 0.5996503496503496
Epoch 2 completed. Test dataset:
	 Loss: 0.9076
	 Accuracy : 61.88
	 Average recall: 0.5702
	 F1_PN: 0.6391
	 Macro-F1: 0.5192
	 Weighted-F1: 0.6298

Best test accuracy improved from 0.5666666666666667 to 0.61875, saving model...
    Iteration 20 of epoch 3 completed. Loss : 0.7900415062904358 Accuracy : 84.38
    Iteration 40 of epoch 3 completed. Loss : 0.8618375658988953 Accuracy : 75.00
    Iteration 60 of epoch 3 completed. Loss : 0.8416858911514282 Accuracy : 78.12
    Iteration 80 of epoch 3 completed. Loss : 0.8349525332450867 Accuracy : 68.75
    Iteration 100 of epoch 3 completed. Loss : 0.8878178596496582 Accuracy : 81.25
Best validation accuracy improved from 0.5996503496503496 to 0.6536276223776224
Epoch 3 completed. Test dataset:
	 Loss: 0.8831
	 Accuracy : 64.79
	 Average recall: 0.5991
	 F1_PN: 0.6724
	 Macro-F1: 0.5473
	 Weighted-F1: 0.6623

Best test accuracy improved from 0.61875 to 0.6479166666666667, saving model...
    Iteration 20 of epoch 4 completed. Loss : 0.6478919386863708 Accuracy : 93.75
    Iteration 40 of epoch 4 completed. Loss : 0.8617778420448303 Accuracy : 75.00
    Iteration 60 of epoch 4 completed. Loss : 0.7100569605827332 Accuracy : 93.75
    Iteration 80 of epoch 4 completed. Loss : 0.6679163575172424 Accuracy : 78.12
    Iteration 100 of epoch 4 completed. Loss : 0.7888015508651733 Accuracy : 87.50
Best validation accuracy improved from 0.6536276223776224 to 0.6656468531468532
Epoch 4 completed. Test dataset:
	 Loss: 0.8301
	 Accuracy : 70.62
	 Average recall: 0.5663
	 F1_PN: 0.7189
	 Macro-F1: 0.5492
	 Weighted-F1: 0.7055

Best test accuracy improved from 0.6479166666666667 to 0.70625, saving model...
    Iteration 20 of epoch 5 completed. Loss : 0.6179841756820679 Accuracy : 96.88
    Iteration 40 of epoch 5 completed. Loss : 0.6742408275604248 Accuracy : 87.50
    Iteration 60 of epoch 5 completed. Loss : 0.6949513554573059 Accuracy : 90.62
    Iteration 80 of epoch 5 completed. Loss : 0.6199852228164673 Accuracy : 90.62
    Iteration 100 of epoch 5 completed. Loss : 0.6515517234802246 Accuracy : 93.75
Best validation accuracy improved from 0.6656468531468532 to 0.6824737762237763
Epoch 5 completed. Test dataset:
	 Loss: 0.8313
	 Accuracy : 71.04
	 Average recall: 0.5594
	 F1_PN: 0.7159
	 Macro-F1: 0.5565
	 Weighted-F1: 0.7047

Best test accuracy improved from 0.70625 to 0.7104166666666667, saving model...
    Iteration 20 of epoch 6 completed. Loss : 0.6402504444122314 Accuracy : 96.88
    Iteration 40 of epoch 6 completed. Loss : 0.6300656199455261 Accuracy : 93.75
    Iteration 60 of epoch 6 completed. Loss : 0.6009324789047241 Accuracy : 96.88
    Iteration 80 of epoch 6 completed. Loss : 0.57976233959198 Accuracy : 96.88
    Iteration 100 of epoch 6 completed. Loss : 0.5681201219558716 Accuracy : 100.00
Epoch 6 completed. Test dataset:
	 Loss: 0.8417
	 Accuracy : 69.58
	 Average recall: 0.5365
	 F1_PN: 0.6972
	 Macro-F1: 0.5342
	 Weighted-F1: 0.6804

    Iteration 20 of epoch 7 completed. Loss : 0.6078969240188599 Accuracy : 96.88
    Iteration 40 of epoch 7 completed. Loss : 0.6295930743217468 Accuracy : 96.88
    Iteration 60 of epoch 7 completed. Loss : 0.5921556949615479 Accuracy : 96.88
    Iteration 80 of epoch 7 completed. Loss : 0.5965345501899719 Accuracy : 93.75
    Iteration 100 of epoch 7 completed. Loss : 0.5689593553543091 Accuracy : 96.88
Epoch 7 completed. Test dataset:
	 Loss: 0.8454
	 Accuracy : 69.38
	 Average recall: 0.5230
	 F1_PN: 0.6852
	 Macro-F1: 0.5161
	 Weighted-F1: 0.6680

    Iteration 20 of epoch 8 completed. Loss : 0.6087136268615723 Accuracy : 96.88
    Iteration 40 of epoch 8 completed. Loss : 0.6200169920921326 Accuracy : 96.88
    Iteration 60 of epoch 8 completed. Loss : 0.561948835849762 Accuracy : 100.00
    Iteration 80 of epoch 8 completed. Loss : 0.5818736553192139 Accuracy : 96.88
    Iteration 100 of epoch 8 completed. Loss : 0.5526452660560608 Accuracy : 100.00
Epoch 8 completed. Test dataset:
	 Loss: 0.8530
	 Accuracy : 69.17
	 Average recall: 0.5307
	 F1_PN: 0.6952
	 Macro-F1: 0.5190
	 Weighted-F1: 0.6752

    Iteration 20 of epoch 9 completed. Loss : 0.607505202293396 Accuracy : 96.88
    Iteration 40 of epoch 9 completed. Loss : 0.6456473469734192 Accuracy : 96.88
    Iteration 60 of epoch 9 completed. Loss : 0.5570709705352783 Accuracy : 100.00
    Iteration 80 of epoch 9 completed. Loss : 0.5522392392158508 Accuracy : 100.00
    Iteration 100 of epoch 9 completed. Loss : 0.5518975853919983 Accuracy : 100.00
Epoch 9 completed. Test dataset:
	 Loss: 0.8589
	 Accuracy : 68.33
	 Average recall: 0.5309
	 F1_PN: 0.6868
	 Macro-F1: 0.5152
	 Weighted-F1: 0.6692

    Iteration 20 of epoch 10 completed. Loss : 0.6074205636978149 Accuracy : 96.88
    Iteration 40 of epoch 10 completed. Loss : 0.6150161027908325 Accuracy : 96.88
    Iteration 60 of epoch 10 completed. Loss : 0.5543368458747864 Accuracy : 100.00
    Iteration 80 of epoch 10 completed. Loss : 0.5658603310585022 Accuracy : 96.88
    Iteration 100 of epoch 10 completed. Loss : 0.552483856678009 Accuracy : 100.00
Epoch 10 completed. Test dataset:
	 Loss: 0.8585
	 Accuracy : 68.54
	 Average recall: 0.5319
	 F1_PN: 0.6897
	 Macro-F1: 0.5171
	 Weighted-F1: 0.6711

    Iteration 20 of epoch 11 completed. Loss : 0.6076738238334656 Accuracy : 96.88
    Iteration 40 of epoch 11 completed. Loss : 0.6103491187095642 Accuracy : 96.88
    Iteration 60 of epoch 11 completed. Loss : 0.5550656914710999 Accuracy : 100.00
    Iteration 80 of epoch 11 completed. Loss : 0.5571229457855225 Accuracy : 100.00
    Iteration 100 of epoch 11 completed. Loss : 0.551777184009552 Accuracy : 100.00
Epoch 11 completed. Test dataset:
	 Loss: 0.8580
	 Accuracy : 68.54
	 Average recall: 0.5294
	 F1_PN: 0.6879
	 Macro-F1: 0.5159
	 Weighted-F1: 0.6709

    Iteration 20 of epoch 12 completed. Loss : 0.6100409030914307 Accuracy : 96.88
    Iteration 40 of epoch 12 completed. Loss : 0.6079639196395874 Accuracy : 96.88
    Iteration 60 of epoch 12 completed. Loss : 0.5576283931732178 Accuracy : 100.00
    Iteration 80 of epoch 12 completed. Loss : 0.5531098246574402 Accuracy : 100.00
    Iteration 100 of epoch 12 completed. Loss : 0.5519165992736816 Accuracy : 100.00
Epoch 12 completed. Test dataset:
	 Loss: 0.8580
	 Accuracy : 68.54
	 Average recall: 0.5294
	 F1_PN: 0.6879
	 Macro-F1: 0.5159
	 Weighted-F1: 0.6709

    Iteration 20 of epoch 13 completed. Loss : 0.6077700853347778 Accuracy : 96.88
    Iteration 40 of epoch 13 completed. Loss : 0.6157347559928894 Accuracy : 96.88
    Iteration 60 of epoch 13 completed. Loss : 0.5538061261177063 Accuracy : 100.00
    Iteration 80 of epoch 13 completed. Loss : 0.5521321296691895 Accuracy : 100.00
    Iteration 100 of epoch 13 completed. Loss : 0.5518675446510315 Accuracy : 100.00
Epoch 13 completed. Test dataset:
	 Loss: 0.8579
	 Accuracy : 68.54
	 Average recall: 0.5294
	 F1_PN: 0.6879
	 Macro-F1: 0.5159
	 Weighted-F1: 0.6709

    Iteration 20 of epoch 14 completed. Loss : 0.6073447465896606 Accuracy : 96.88
    Iteration 40 of epoch 14 completed. Loss : 0.6168178915977478 Accuracy : 96.88
    Iteration 60 of epoch 14 completed. Loss : 0.5529661774635315 Accuracy : 100.00
    Iteration 80 of epoch 14 completed. Loss : 0.5780922174453735 Accuracy : 96.88
    Iteration 100 of epoch 14 completed. Loss : 0.5523557066917419 Accuracy : 100.00
Epoch 14 completed. Test dataset:
	 Loss: 0.8579
	 Accuracy : 68.54
	 Average recall: 0.5294
	 F1_PN: 0.6879
	 Macro-F1: 0.5159
	 Weighted-F1: 0.6709

    Iteration 20 of epoch 15 completed. Loss : 0.6073703765869141 Accuracy : 96.88
    Iteration 40 of epoch 15 completed. Loss : 0.6156006455421448 Accuracy : 96.88
    Iteration 60 of epoch 15 completed. Loss : 0.5556598901748657 Accuracy : 100.00
    Iteration 80 of epoch 15 completed. Loss : 0.5529300570487976 Accuracy : 100.00
    Iteration 100 of epoch 15 completed. Loss : 0.5526224374771118 Accuracy : 100.00
Epoch 15 completed. Test dataset:
	 Loss: 0.8579
	 Accuracy : 68.54
	 Average recall: 0.5294
	 F1_PN: 0.6879
	 Macro-F1: 0.5159
	 Weighted-F1: 0.6709

Train/val/test loss curve saved to /home/rgg2706/Multimodal-Sentiment-Analysis/Logs/MOASC4/2025-03-21/sub-1/041_Mar-21-2025_12:07_AM/train_val_test_loss_curve.png
Confusion matrix saved to /home/rgg2706/Multimodal-Sentiment-Analysis/Logs/MOASC4/2025-03-21/sub-1/041_Mar-21-2025_12:07_AM/confusion_matrix.png
