SLURM Job ID: 19843918
Number of GPUs available: 1
Python PATH: ['/home/rgg2706/Multimodal-Sentiment-Analysis/Models/SIMPLE-T/src', '/home/rgg2706/Multimodal-Sentiment-Analysis', '/Models/SIMPLE-T/src', '/.autofs/tools/spack/var/spack/environments/default-nlp-x86_64-24072401/.spack-env/._view/wtxwc3mlkmzy7fbaxlum2674jarpitc2/lib/python311.zip', '/.autofs/tools/spack/var/spack/environments/default-nlp-x86_64-24072401/.spack-env/._view/wtxwc3mlkmzy7fbaxlum2674jarpitc2/lib/python3.11', '/.autofs/tools/spack/var/spack/environments/default-nlp-x86_64-24072401/.spack-env/._view/wtxwc3mlkmzy7fbaxlum2674jarpitc2/lib/python3.11/lib-dynload', '/.autofs/tools/spack/var/spack/environments/default-nlp-x86_64-24072401/.spack-env/._view/wtxwc3mlkmzy7fbaxlum2674jarpitc2/lib/python3.11/site-packages']
Logs directory: /home/rgg2706/Multimodal-Sentiment-Analysis/Logs/SIMPLE-T/2025-02-07/sub-1/021_Feb-07-2025_05:01_PM
> training arguments:
>>> rand_seed: 8
>>> model_fusion: simpletext
>>> dataset: mvsa-mts-v3-100
>>> optimizer: <class 'torch.optim.adam.Adam'>
>>> initializer: <function xavier_uniform_ at 0x7f71c834d440>
>>> learning_rate: 0.001
>>> dropout_rate: 0.5
>>> weight_decay: 0.0
>>> num_layers: 3
>>> num_epoch: 200
>>> batch_size: 64
>>> log_step: 60
>>> max_seq_len: 10
>>> polarities_dim: 3
>>> clip_grad: 5.0
>>> path_image: ./images
>>> crop_size: 224
>>> n_head: 8
>>> hidden_dim: 256
>>> num_classes: 3
>>> log_dir: /home/rgg2706/Multimodal-Sentiment-Analysis/Logs/SIMPLE-T/2025-02-07/sub-1/021_Feb-07-2025_05:01_PM
>>> counter: 0
>>> model_class: <class 'models.simpletext.SimpleText'>
Loading dataset 'mvsa-mts-v3-100':
  Train path: Datasets/MVSA-MTS/mvsa-mts-v3-100/train.tsv
Validation path: Datasets/MVSA-MTS/mvsa-mts-v3-100/val.tsv
  Test path: Datasets/MVSA-MTS/mvsa-mts-v3-100/test.tsv
loading word vectors...
building embedding_matrix: 200_glove_embedding_matrix.dat
-------------- Loading Datasets/MVSA-MTS/mvsa-mts-v3-100/train.tsv ---------------
[DEBUG] raw_text: Vote for NDP is vote for another Harper. #elxn42 Andrew Thomson, Mulcair's financial adviser http://t.co/e6qTJi5vVH
[DEBUG] processed_str: vote for ndp is vote for another harper . andrew thomson , mulcair 's financial adviser
[DEBUG] text_indices: [2 3 4 5 2 3 6 7 8 9]
[DEBUG] polarity: 0
[DEBUG] raw_text: Here's Tom trying to convince Canadians that socialism isn't socialism ... #elxn42 #polqc
[DEBUG] processed_str: here 's tom trying to convince canadians that socialism is n't socialism ...
[DEBUG] text_indices: [16 13 17 18 19 20 21 22 23  5]
[DEBUG] polarity: 1
[DEBUG] raw_text: You live by the surveillance state, you die by the surveillance state #peegate #elxn42
[DEBUG] processed_str: you live by the surveillance state , you die by the surveillance state
[DEBUG] text_indices: [26 27 28 29 30 31 11 26 32 28]
[DEBUG] polarity: 1
[DEBUG] raw_text: Post rally ice cream stop with the #ParkHP team! Thanks for the delicious ice cream @SweetOlenkas! #TM4PM #elxn42
[DEBUG] processed_str: post rally ice cream stop with the team ! thanks for the delicious ice cream @ sweetolenkas !
[DEBUG] text_indices: [33 34 35 36 37 38 29 39 40 41]
[DEBUG] polarity: 2
Time taken to load Datasets/MVSA-MTS/mvsa-mts-v3-100/train.tsv: 0.03 seconds(0.00 minutes)
Train classes: [0, 1, 2], count=3
[DEBUG] First 5 samples from train_data:
Vote for NDP is vote for another Harper. #elxn42 Andrew Thomson, Mulcair's financial adviser http://t.co/e6qTJi5vVH 0
Here's Tom trying to convince Canadians that socialism isn't socialism ... #elxn42 #polqc 1
You live by the surveillance state, you die by the surveillance state #peegate #elxn42 1
Post rally ice cream stop with the #ParkHP team! Thanks for the delicious ice cream @SweetOlenkas! #TM4PM #elxn42 2
NDP's @sherirbenson up now, talking about lack of affordable housing and poverty. #yxe #yxewest #elxn42 1
[DEBUG] Train label distribution:
{0: 33, 1: 23, 2: 24}
-------------- Loading Datasets/MVSA-MTS/mvsa-mts-v3-100/val.tsv ---------------
[DEBUG] raw_text: #HarperScoutBadges Official Email Intern #StopHarper #heavesteve #cdnpoli #elxn42
[DEBUG] processed_str: official email intern
[DEBUG] text_indices: [528 465 529   0   0   0   0   0   0   0]
[DEBUG] polarity: 0
[DEBUG] raw_text: Ford fans launch website urging Doug to run for Harper’s job: #cdnpoli #elxn42 #cpc http://t.co/lpa7KXcF7W
[DEBUG] processed_str: ford fans launch website urging doug to run for harper ’ s job :
[DEBUG] text_indices: [530 531 179 200 532 533  19 534   3   7]
[DEBUG] polarity: 2
[DEBUG] raw_text: …this particular government – led by this particular PM – plays by a different set of rules. #cdnpoli #elxn42
[DEBUG] processed_str: …this particular government – led by this particular pm – plays by a different set of rules .
[DEBUG] text_indices: [537 538 539 259 314  28 107 538 128 259]
[DEBUG] polarity: 1
[DEBUG] raw_text: Much LPC NDP do do about nothin : ) #elxn42 #polqc
[DEBUG] processed_str: much lpc ndp do do about nothin : )
[DEBUG] text_indices: [494 544   4 362 362  49 545  94 459   0]
[DEBUG] polarity: 0
Time taken to load Datasets/MVSA-MTS/mvsa-mts-v3-100/val.tsv: 0.00 seconds(0.00 minutes)
Val classes: [0, 1, 2], count=3
[DEBUG] First 5 samples from train_data:
#HarperScoutBadges Official Email Intern #StopHarper #heavesteve #cdnpoli #elxn42 0
Ford fans launch website urging Doug to run for Harper’s job: #cdnpoli #elxn42 #cpc http://t.co/lpa7KXcF7W 2
…this particular government – led by this particular PM – plays by a different set of rules. #cdnpoli #elxn42 1
Much LPC NDP do do about nothin : ) #elxn42 #polqc 0
Harper Policies Cut Manufacturing from 18% of Cda's Economy in 2000 to 10% #cdnpoli #elxn42 http://t.co/BADon35uSh 2
[DEBUG] Train label distribution:
{0: 33, 1: 23, 2: 24}
-------------- Loading Datasets/MVSA-MTS/mvsa-mts-v3-100/test.tsv ---------------
[DEBUG] raw_text: Got the coolest button today, thanks @FredHahnCUPE! Only 42 days left! #elxn42
[DEBUG] processed_str: got the coolest button today , thanks @ fredhahncupe ! only 42 days left !
[DEBUG] text_indices: [578  29 579 580 184  11  41  43 581  40]
[DEBUG] polarity: 2
[DEBUG] raw_text: PCParty Hon Sinclair Stevens former Progressive Conservative PM Joe Clark on refugees #elxn42 http://t.co/NSwTddCHS8
[DEBUG] processed_str: pcparty hon sinclair stevens former progressive conservative pm joe clark on refugees
[DEBUG] text_indices: [586 391 587 588 589 260 427 128 590 591]
[DEBUG] polarity: 0
[DEBUG] raw_text: Canada's Harsh 'Austerity' Policies Started with Paul Martin &amp; the Liberals: #cdnpoli #elxn42 http://t.co/6e6X2VWWew
[DEBUG] processed_str: canada 's harsh 'austerity ' policies started with paul martin & amp ; the liberals :
[DEBUG] text_indices: [ 83  13 593 594  93 136 595  38 596 282]
[DEBUG] polarity: 0
[DEBUG] raw_text: Canada among most vulnerable large economies. Quick, rearrange deckchairs. #cdnpoli #elxn42 https://t.co/VM832onYkj
[DEBUG] processed_str: canada among most vulnerable large economies . quick , rearrange deckchairs .
[DEBUG] text_indices: [ 83 597  86 598 599 600   8 601  11 602]
[DEBUG] polarity: 1
Time taken to load Datasets/MVSA-MTS/mvsa-mts-v3-100/test.tsv: 0.00 seconds(0.00 minutes)
Test classes: [0, 1, 2], count=3
[DEBUG] First 5 samples from train_data:
Got the coolest button today, thanks @FredHahnCUPE! Only 42 days left! #elxn42 2
PCParty Hon Sinclair Stevens former Progressive Conservative PM Joe Clark on refugees #elxn42 http://t.co/NSwTddCHS8 0
Canada's Harsh 'Austerity' Policies Started with Paul Martin &amp; the Liberals: #cdnpoli #elxn42 http://t.co/6e6X2VWWew 0
Canada among most vulnerable large economies. Quick, rearrange deckchairs. #cdnpoli #elxn42 https://t.co/VM832onYkj 1
Jack Welch: Only 2 Words Matter for Leaders: Truth &amp; Trust #elxn42 2
[DEBUG] Train label distribution:
{0: 33, 1: 23, 2: 24}
[DEBUG] 95th percentile sequence length across all splits: 21.00
Total Training Samples: 100
Number of Training Samples: 80
Number of Validation Samples: 10
Number of Test Samples: 10
Number of unique sentiment classes: 3
Building model
1
n_trainable_params: 394243, n_nontrainable_params: 0
>>>>>>>>>>>>>>>>>>>>>>>>>>>>>>>>>>>>>>>>>>>>>>>>>>>>>>>>>>>>>>>>>>>>>>>>>>>>>>>>>>>>>>>>>>>>>>>>>>>>
epoch: 0
[DEBUG] text_indices.shape: torch.Size([64, 10])
[DEBUG] embedded_text.shape: torch.Size([64, 10, 200])
[DEBUG] lstm_output.shape: torch.Size([64, 10, 1536])
[DEBUG] h_n.shape: torch.Size([6, 64, 768])
[DEBUG] c_n.shape: torch.Size([6, 64, 768])
[DEBUG] text_features.shape: torch.Size([64, 1536])
[DEBUG] Sample predictions in evaluate:  tensor([1, 1, 1, 1, 1, 1, 1, 1, 1, 1], device='cuda:0')
[DEBUG] outputs.shape: torch.Size([64, 3])
[DEBUG] Sample of raw logits (first 5):
tensor([[-0.0043,  0.0449,  0.0074],
        [-0.0077,  0.0470,  0.0014],
        [ 0.0084,  0.0442,  0.0119],
        [-0.0065,  0.0474,  0.0025],
        [-0.0051,  0.0480,  0.0044]], device='cuda:0',
       grad_fn=<SliceBackward0>)
[DEBUG] Sample of predicted probabilities (first 5):
tensor([[0.3266, 0.3430, 0.3304],
        [0.3262, 0.3446, 0.3292],
        [0.3289, 0.3410, 0.3301],
        [0.3263, 0.3444, 0.3293],
        [0.3264, 0.3441, 0.3295]], device='cuda:0', grad_fn=<SliceBackward0>)
Batch 0 completed in 0.57 seconds (0.01 minutes)
New best val_f1: 0.190476 (previous best: 0.000000)
loss: 1.101933, val_acc: 40.00% (0.400000), val_f1: 19.05% (0.190476), test_acc: 40.00% (0.400000), test_f1: 19.05% (0.190476)
Epoch 0 completed in 0.61 seconds (0.01 minutes)
>>>>>>>>>>>>>>>>>>>>>>>>>>>>>>>>>>>>>>>>>>>>>>>>>>>>>>>>>>>>>>>>>>>>>>>>>>>>>>>>>>>>>>>>>>>>>>>>>>>>
epoch: 1
Batch 0 completed in 0.01 seconds (0.00 minutes)
loss: 1.074765, val_acc: 40.00% (0.400000), val_f1: 19.05% (0.190476), test_acc: 40.00% (0.400000), test_f1: 19.05% (0.190476)
Epoch 1 completed in 0.03 seconds (0.00 minutes)
>>>>>>>>>>>>>>>>>>>>>>>>>>>>>>>>>>>>>>>>>>>>>>>>>>>>>>>>>>>>>>>>>>>>>>>>>>>>>>>>>>>>>>>>>>>>>>>>>>>>
epoch: 2
Batch 0 completed in 0.01 seconds (0.00 minutes)
loss: 1.089845, val_acc: 40.00% (0.400000), val_f1: 19.05% (0.190476), test_acc: 40.00% (0.400000), test_f1: 19.05% (0.190476)
Epoch 2 completed in 0.03 seconds (0.00 minutes)
>>>>>>>>>>>>>>>>>>>>>>>>>>>>>>>>>>>>>>>>>>>>>>>>>>>>>>>>>>>>>>>>>>>>>>>>>>>>>>>>>>>>>>>>>>>>>>>>>>>>
epoch: 3
Batch 0 completed in 0.01 seconds (0.00 minutes)
loss: 1.096800, val_acc: 40.00% (0.400000), val_f1: 19.05% (0.190476), test_acc: 40.00% (0.400000), test_f1: 19.05% (0.190476)
Epoch 3 completed in 0.03 seconds (0.00 minutes)
>>>>>>>>>>>>>>>>>>>>>>>>>>>>>>>>>>>>>>>>>>>>>>>>>>>>>>>>>>>>>>>>>>>>>>>>>>>>>>>>>>>>>>>>>>>>>>>>>>>>
epoch: 4
Batch 0 completed in 0.01 seconds (0.00 minutes)
loss: 1.084396, val_acc: 40.00% (0.400000), val_f1: 19.05% (0.190476), test_acc: 40.00% (0.400000), test_f1: 19.05% (0.190476)
Epoch 4 completed in 0.03 seconds (0.00 minutes)
>>>>>>>>>>>>>>>>>>>>>>>>>>>>>>>>>>>>>>>>>>>>>>>>>>>>>>>>>>>>>>>>>>>>>>>>>>>>>>>>>>>>>>>>>>>>>>>>>>>>
epoch: 5
Batch 0 completed in 0.01 seconds (0.00 minutes)
loss: 1.080844, val_acc: 40.00% (0.400000), val_f1: 19.05% (0.190476), test_acc: 40.00% (0.400000), test_f1: 19.05% (0.190476)
Epoch 5 completed in 0.03 seconds (0.00 minutes)
>>>>>>>>>>>>>>>>>>>>>>>>>>>>>>>>>>>>>>>>>>>>>>>>>>>>>>>>>>>>>>>>>>>>>>>>>>>>>>>>>>>>>>>>>>>>>>>>>>>>
epoch: 6
Batch 0 completed in 0.01 seconds (0.00 minutes)
loss: 1.072066, val_acc: 40.00% (0.400000), val_f1: 19.05% (0.190476), test_acc: 40.00% (0.400000), test_f1: 19.05% (0.190476)
Epoch 6 completed in 0.03 seconds (0.00 minutes)
>>>>>>>>>>>>>>>>>>>>>>>>>>>>>>>>>>>>>>>>>>>>>>>>>>>>>>>>>>>>>>>>>>>>>>>>>>>>>>>>>>>>>>>>>>>>>>>>>>>>
epoch: 7
Batch 0 completed in 0.01 seconds (0.00 minutes)
loss: 1.071439, val_acc: 40.00% (0.400000), val_f1: 19.05% (0.190476), test_acc: 40.00% (0.400000), test_f1: 19.05% (0.190476)
Epoch 7 completed in 0.03 seconds (0.00 minutes)
>>>>>>>>>>>>>>>>>>>>>>>>>>>>>>>>>>>>>>>>>>>>>>>>>>>>>>>>>>>>>>>>>>>>>>>>>>>>>>>>>>>>>>>>>>>>>>>>>>>>
epoch: 8
Batch 0 completed in 0.01 seconds (0.00 minutes)
loss: 1.084034, val_acc: 40.00% (0.400000), val_f1: 19.05% (0.190476), test_acc: 40.00% (0.400000), test_f1: 19.05% (0.190476)
Epoch 8 completed in 0.03 seconds (0.00 minutes)
>>>>>>>>>>>>>>>>>>>>>>>>>>>>>>>>>>>>>>>>>>>>>>>>>>>>>>>>>>>>>>>>>>>>>>>>>>>>>>>>>>>>>>>>>>>>>>>>>>>>
epoch: 9
Batch 0 completed in 0.01 seconds (0.00 minutes)
loss: 1.070307, val_acc: 40.00% (0.400000), val_f1: 19.05% (0.190476), test_acc: 40.00% (0.400000), test_f1: 19.05% (0.190476)
Epoch 9 completed in 0.03 seconds (0.00 minutes)
>>>>>>>>>>>>>>>>>>>>>>>>>>>>>>>>>>>>>>>>>>>>>>>>>>>>>>>>>>>>>>>>>>>>>>>>>>>>>>>>>>>>>>>>>>>>>>>>>>>>
epoch: 10
Batch 0 completed in 0.01 seconds (0.00 minutes)
loss: 1.065938, val_acc: 40.00% (0.400000), val_f1: 19.05% (0.190476), test_acc: 40.00% (0.400000), test_f1: 19.05% (0.190476)
Epoch 10 completed in 0.03 seconds (0.00 minutes)
>>>>>>>>>>>>>>>>>>>>>>>>>>>>>>>>>>>>>>>>>>>>>>>>>>>>>>>>>>>>>>>>>>>>>>>>>>>>>>>>>>>>>>>>>>>>>>>>>>>>
epoch: 11
Batch 0 completed in 0.01 seconds (0.00 minutes)
loss: 1.074907, val_acc: 40.00% (0.400000), val_f1: 19.05% (0.190476), test_acc: 40.00% (0.400000), test_f1: 19.05% (0.190476)
Epoch 11 completed in 0.02 seconds (0.00 minutes)
>>>>>>>>>>>>>>>>>>>>>>>>>>>>>>>>>>>>>>>>>>>>>>>>>>>>>>>>>>>>>>>>>>>>>>>>>>>>>>>>>>>>>>>>>>>>>>>>>>>>
epoch: 12
Batch 0 completed in 0.01 seconds (0.00 minutes)
loss: 1.053715, val_acc: 40.00% (0.400000), val_f1: 19.05% (0.190476), test_acc: 40.00% (0.400000), test_f1: 19.05% (0.190476)
Epoch 12 completed in 0.02 seconds (0.00 minutes)
>>>>>>>>>>>>>>>>>>>>>>>>>>>>>>>>>>>>>>>>>>>>>>>>>>>>>>>>>>>>>>>>>>>>>>>>>>>>>>>>>>>>>>>>>>>>>>>>>>>>
epoch: 13
Batch 0 completed in 0.01 seconds (0.00 minutes)
loss: 1.077130, val_acc: 40.00% (0.400000), val_f1: 19.05% (0.190476), test_acc: 40.00% (0.400000), test_f1: 19.05% (0.190476)
Epoch 13 completed in 0.02 seconds (0.00 minutes)
>>>>>>>>>>>>>>>>>>>>>>>>>>>>>>>>>>>>>>>>>>>>>>>>>>>>>>>>>>>>>>>>>>>>>>>>>>>>>>>>>>>>>>>>>>>>>>>>>>>>
epoch: 14
Batch 0 completed in 0.01 seconds (0.00 minutes)
loss: 1.083999, val_acc: 40.00% (0.400000), val_f1: 19.05% (0.190476), test_acc: 40.00% (0.400000), test_f1: 19.05% (0.190476)
Epoch 14 completed in 0.02 seconds (0.00 minutes)
>>>>>>>>>>>>>>>>>>>>>>>>>>>>>>>>>>>>>>>>>>>>>>>>>>>>>>>>>>>>>>>>>>>>>>>>>>>>>>>>>>>>>>>>>>>>>>>>>>>>
epoch: 15
Batch 0 completed in 0.01 seconds (0.00 minutes)
loss: 1.054214, val_acc: 40.00% (0.400000), val_f1: 19.05% (0.190476), test_acc: 40.00% (0.400000), test_f1: 19.05% (0.190476)
Epoch 15 completed in 0.02 seconds (0.00 minutes)
>>>>>>>>>>>>>>>>>>>>>>>>>>>>>>>>>>>>>>>>>>>>>>>>>>>>>>>>>>>>>>>>>>>>>>>>>>>>>>>>>>>>>>>>>>>>>>>>>>>>
epoch: 16
Batch 0 completed in 0.01 seconds (0.00 minutes)
loss: 1.073298, val_acc: 40.00% (0.400000), val_f1: 19.05% (0.190476), test_acc: 40.00% (0.400000), test_f1: 19.05% (0.190476)
Epoch 16 completed in 0.02 seconds (0.00 minutes)
>>>>>>>>>>>>>>>>>>>>>>>>>>>>>>>>>>>>>>>>>>>>>>>>>>>>>>>>>>>>>>>>>>>>>>>>>>>>>>>>>>>>>>>>>>>>>>>>>>>>
epoch: 17
Batch 0 completed in 0.01 seconds (0.00 minutes)
loss: 1.076396, val_acc: 40.00% (0.400000), val_f1: 19.05% (0.190476), test_acc: 40.00% (0.400000), test_f1: 19.05% (0.190476)
Epoch 17 completed in 0.02 seconds (0.00 minutes)
>>>>>>>>>>>>>>>>>>>>>>>>>>>>>>>>>>>>>>>>>>>>>>>>>>>>>>>>>>>>>>>>>>>>>>>>>>>>>>>>>>>>>>>>>>>>>>>>>>>>
epoch: 18
Batch 0 completed in 0.01 seconds (0.00 minutes)
loss: 1.041190, val_acc: 40.00% (0.400000), val_f1: 19.05% (0.190476), test_acc: 40.00% (0.400000), test_f1: 19.05% (0.190476)
Epoch 18 completed in 0.02 seconds (0.00 minutes)
>>>>>>>>>>>>>>>>>>>>>>>>>>>>>>>>>>>>>>>>>>>>>>>>>>>>>>>>>>>>>>>>>>>>>>>>>>>>>>>>>>>>>>>>>>>>>>>>>>>>
epoch: 19
Batch 0 completed in 0.01 seconds (0.00 minutes)
loss: 1.045874, val_acc: 40.00% (0.400000), val_f1: 19.05% (0.190476), test_acc: 40.00% (0.400000), test_f1: 19.05% (0.190476)
Epoch 19 completed in 0.02 seconds (0.00 minutes)
>>>>>>>>>>>>>>>>>>>>>>>>>>>>>>>>>>>>>>>>>>>>>>>>>>>>>>>>>>>>>>>>>>>>>>>>>>>>>>>>>>>>>>>>>>>>>>>>>>>>
epoch: 20
Batch 0 completed in 0.01 seconds (0.00 minutes)
loss: 1.044110, val_acc: 40.00% (0.400000), val_f1: 19.05% (0.190476), test_acc: 40.00% (0.400000), test_f1: 19.05% (0.190476)
Epoch 20 completed in 0.02 seconds (0.00 minutes)
>>>>>>>>>>>>>>>>>>>>>>>>>>>>>>>>>>>>>>>>>>>>>>>>>>>>>>>>>>>>>>>>>>>>>>>>>>>>>>>>>>>>>>>>>>>>>>>>>>>>
epoch: 21
Batch 0 completed in 0.01 seconds (0.00 minutes)
loss: 1.047858, val_acc: 40.00% (0.400000), val_f1: 19.05% (0.190476), test_acc: 40.00% (0.400000), test_f1: 19.05% (0.190476)
Epoch 21 completed in 0.02 seconds (0.00 minutes)
>>>>>>>>>>>>>>>>>>>>>>>>>>>>>>>>>>>>>>>>>>>>>>>>>>>>>>>>>>>>>>>>>>>>>>>>>>>>>>>>>>>>>>>>>>>>>>>>>>>>
epoch: 22
Batch 0 completed in 0.01 seconds (0.00 minutes)
loss: 1.048775, val_acc: 40.00% (0.400000), val_f1: 19.05% (0.190476), test_acc: 40.00% (0.400000), test_f1: 20.51% (0.205128)
Epoch 22 completed in 0.02 seconds (0.00 minutes)
>>>>>>>>>>>>>>>>>>>>>>>>>>>>>>>>>>>>>>>>>>>>>>>>>>>>>>>>>>>>>>>>>>>>>>>>>>>>>>>>>>>>>>>>>>>>>>>>>>>>
epoch: 23
Batch 0 completed in 0.01 seconds (0.00 minutes)
loss: 1.042377, val_acc: 30.00% (0.300000), val_f1: 15.38% (0.153846), test_acc: 40.00% (0.400000), test_f1: 29.29% (0.292929)
Epoch 23 completed in 0.02 seconds (0.00 minutes)
>>>>>>>>>>>>>>>>>>>>>>>>>>>>>>>>>>>>>>>>>>>>>>>>>>>>>>>>>>>>>>>>>>>>>>>>>>>>>>>>>>>>>>>>>>>>>>>>>>>>
epoch: 24
Batch 0 completed in 0.01 seconds (0.00 minutes)
loss: 1.042405, val_acc: 30.00% (0.300000), val_f1: 15.38% (0.153846), test_acc: 40.00% (0.400000), test_f1: 29.29% (0.292929)
Epoch 24 completed in 0.02 seconds (0.00 minutes)
>>>>>>>>>>>>>>>>>>>>>>>>>>>>>>>>>>>>>>>>>>>>>>>>>>>>>>>>>>>>>>>>>>>>>>>>>>>>>>>>>>>>>>>>>>>>>>>>>>>>
epoch: 25
Batch 0 completed in 0.01 seconds (0.00 minutes)
loss: 1.040489, val_acc: 40.00% (0.400000), val_f1: 19.05% (0.190476), test_acc: 30.00% (0.300000), test_f1: 16.67% (0.166667)
Epoch 25 completed in 0.02 seconds (0.00 minutes)
>>>>>>>>>>>>>>>>>>>>>>>>>>>>>>>>>>>>>>>>>>>>>>>>>>>>>>>>>>>>>>>>>>>>>>>>>>>>>>>>>>>>>>>>>>>>>>>>>>>>
epoch: 26
Batch 0 completed in 0.01 seconds (0.00 minutes)
loss: 1.034199, val_acc: 40.00% (0.400000), val_f1: 19.05% (0.190476), test_acc: 40.00% (0.400000), test_f1: 19.05% (0.190476)
Epoch 26 completed in 0.02 seconds (0.00 minutes)
>>>>>>>>>>>>>>>>>>>>>>>>>>>>>>>>>>>>>>>>>>>>>>>>>>>>>>>>>>>>>>>>>>>>>>>>>>>>>>>>>>>>>>>>>>>>>>>>>>>>
epoch: 27
Batch 0 completed in 0.01 seconds (0.00 minutes)
loss: 1.032401, val_acc: 40.00% (0.400000), val_f1: 19.05% (0.190476), test_acc: 40.00% (0.400000), test_f1: 19.05% (0.190476)
Epoch 27 completed in 0.02 seconds (0.00 minutes)
>>>>>>>>>>>>>>>>>>>>>>>>>>>>>>>>>>>>>>>>>>>>>>>>>>>>>>>>>>>>>>>>>>>>>>>>>>>>>>>>>>>>>>>>>>>>>>>>>>>>
epoch: 28
Batch 0 completed in 0.01 seconds (0.00 minutes)
loss: 1.038532, val_acc: 40.00% (0.400000), val_f1: 19.05% (0.190476), test_acc: 40.00% (0.400000), test_f1: 19.05% (0.190476)
Epoch 28 completed in 0.02 seconds (0.00 minutes)
>>>>>>>>>>>>>>>>>>>>>>>>>>>>>>>>>>>>>>>>>>>>>>>>>>>>>>>>>>>>>>>>>>>>>>>>>>>>>>>>>>>>>>>>>>>>>>>>>>>>
epoch: 29
Batch 0 completed in 0.01 seconds (0.00 minutes)
loss: 1.030630, val_acc: 40.00% (0.400000), val_f1: 19.05% (0.190476), test_acc: 40.00% (0.400000), test_f1: 19.05% (0.190476)
Epoch 29 completed in 0.02 seconds (0.00 minutes)
>>>>>>>>>>>>>>>>>>>>>>>>>>>>>>>>>>>>>>>>>>>>>>>>>>>>>>>>>>>>>>>>>>>>>>>>>>>>>>>>>>>>>>>>>>>>>>>>>>>>
epoch: 30
Batch 0 completed in 0.01 seconds (0.00 minutes)
loss: 1.027353, val_acc: 40.00% (0.400000), val_f1: 19.05% (0.190476), test_acc: 40.00% (0.400000), test_f1: 19.05% (0.190476)
Epoch 30 completed in 0.02 seconds (0.00 minutes)
>>>>>>>>>>>>>>>>>>>>>>>>>>>>>>>>>>>>>>>>>>>>>>>>>>>>>>>>>>>>>>>>>>>>>>>>>>>>>>>>>>>>>>>>>>>>>>>>>>>>
epoch: 31
Batch 0 completed in 0.01 seconds (0.00 minutes)
loss: 1.029967, val_acc: 40.00% (0.400000), val_f1: 19.05% (0.190476), test_acc: 30.00% (0.300000), test_f1: 15.38% (0.153846)
Epoch 31 completed in 0.02 seconds (0.00 minutes)
>>>>>>>>>>>>>>>>>>>>>>>>>>>>>>>>>>>>>>>>>>>>>>>>>>>>>>>>>>>>>>>>>>>>>>>>>>>>>>>>>>>>>>>>>>>>>>>>>>>>
epoch: 32
Batch 0 completed in 0.01 seconds (0.00 minutes)
loss: 1.015335, val_acc: 30.00% (0.300000), val_f1: 15.38% (0.153846), test_acc: 40.00% (0.400000), test_f1: 30.00% (0.300000)
Epoch 32 completed in 0.02 seconds (0.00 minutes)
>>>>>>>>>>>>>>>>>>>>>>>>>>>>>>>>>>>>>>>>>>>>>>>>>>>>>>>>>>>>>>>>>>>>>>>>>>>>>>>>>>>>>>>>>>>>>>>>>>>>
epoch: 33
Batch 0 completed in 0.01 seconds (0.00 minutes)
loss: 1.014684, val_acc: 30.00% (0.300000), val_f1: 15.38% (0.153846), test_acc: 40.00% (0.400000), test_f1: 29.29% (0.292929)
Epoch 33 completed in 0.02 seconds (0.00 minutes)
>>>>>>>>>>>>>>>>>>>>>>>>>>>>>>>>>>>>>>>>>>>>>>>>>>>>>>>>>>>>>>>>>>>>>>>>>>>>>>>>>>>>>>>>>>>>>>>>>>>>
epoch: 34
Batch 0 completed in 0.01 seconds (0.00 minutes)
loss: 1.012890, val_acc: 30.00% (0.300000), val_f1: 15.38% (0.153846), test_acc: 40.00% (0.400000), test_f1: 30.00% (0.300000)
Epoch 34 completed in 0.02 seconds (0.00 minutes)
>>>>>>>>>>>>>>>>>>>>>>>>>>>>>>>>>>>>>>>>>>>>>>>>>>>>>>>>>>>>>>>>>>>>>>>>>>>>>>>>>>>>>>>>>>>>>>>>>>>>
epoch: 35
Batch 0 completed in 0.01 seconds (0.00 minutes)
loss: 1.021765, val_acc: 40.00% (0.400000), val_f1: 19.05% (0.190476), test_acc: 40.00% (0.400000), test_f1: 30.00% (0.300000)
Epoch 35 completed in 0.02 seconds (0.00 minutes)
>>>>>>>>>>>>>>>>>>>>>>>>>>>>>>>>>>>>>>>>>>>>>>>>>>>>>>>>>>>>>>>>>>>>>>>>>>>>>>>>>>>>>>>>>>>>>>>>>>>>
epoch: 36
Batch 0 completed in 0.01 seconds (0.00 minutes)
loss: 1.011412, val_acc: 40.00% (0.400000), val_f1: 19.05% (0.190476), test_acc: 40.00% (0.400000), test_f1: 20.51% (0.205128)
Epoch 36 completed in 0.02 seconds (0.00 minutes)
>>>>>>>>>>>>>>>>>>>>>>>>>>>>>>>>>>>>>>>>>>>>>>>>>>>>>>>>>>>>>>>>>>>>>>>>>>>>>>>>>>>>>>>>>>>>>>>>>>>>
epoch: 37
Batch 0 completed in 0.01 seconds (0.00 minutes)
loss: 0.994699, val_acc: 40.00% (0.400000), val_f1: 19.05% (0.190476), test_acc: 40.00% (0.400000), test_f1: 19.05% (0.190476)
Epoch 37 completed in 0.02 seconds (0.00 minutes)
>>>>>>>>>>>>>>>>>>>>>>>>>>>>>>>>>>>>>>>>>>>>>>>>>>>>>>>>>>>>>>>>>>>>>>>>>>>>>>>>>>>>>>>>>>>>>>>>>>>>
epoch: 38
Batch 0 completed in 0.01 seconds (0.00 minutes)
loss: 1.011228, val_acc: 40.00% (0.400000), val_f1: 19.05% (0.190476), test_acc: 40.00% (0.400000), test_f1: 19.05% (0.190476)
Epoch 38 completed in 0.02 seconds (0.00 minutes)
>>>>>>>>>>>>>>>>>>>>>>>>>>>>>>>>>>>>>>>>>>>>>>>>>>>>>>>>>>>>>>>>>>>>>>>>>>>>>>>>>>>>>>>>>>>>>>>>>>>>
epoch: 39
Batch 0 completed in 0.01 seconds (0.00 minutes)
loss: 0.994892, val_acc: 40.00% (0.400000), val_f1: 19.05% (0.190476), test_acc: 40.00% (0.400000), test_f1: 20.51% (0.205128)
Epoch 39 completed in 0.02 seconds (0.00 minutes)
>>>>>>>>>>>>>>>>>>>>>>>>>>>>>>>>>>>>>>>>>>>>>>>>>>>>>>>>>>>>>>>>>>>>>>>>>>>>>>>>>>>>>>>>>>>>>>>>>>>>
epoch: 40
Batch 0 completed in 0.01 seconds (0.00 minutes)
loss: 0.979853, val_acc: 40.00% (0.400000), val_f1: 19.05% (0.190476), test_acc: 30.00% (0.300000), test_f1: 16.67% (0.166667)
Epoch 40 completed in 0.02 seconds (0.00 minutes)
>>>>>>>>>>>>>>>>>>>>>>>>>>>>>>>>>>>>>>>>>>>>>>>>>>>>>>>>>>>>>>>>>>>>>>>>>>>>>>>>>>>>>>>>>>>>>>>>>>>>
epoch: 41
Batch 0 completed in 0.01 seconds (0.00 minutes)
loss: 1.011105, val_acc: 30.00% (0.300000), val_f1: 15.38% (0.153846), test_acc: 40.00% (0.400000), test_f1: 29.29% (0.292929)
Epoch 41 completed in 0.02 seconds (0.00 minutes)
>>>>>>>>>>>>>>>>>>>>>>>>>>>>>>>>>>>>>>>>>>>>>>>>>>>>>>>>>>>>>>>>>>>>>>>>>>>>>>>>>>>>>>>>>>>>>>>>>>>>
epoch: 42
Batch 0 completed in 0.01 seconds (0.00 minutes)
loss: 1.001913, val_acc: 30.00% (0.300000), val_f1: 15.38% (0.153846), test_acc: 40.00% (0.400000), test_f1: 29.29% (0.292929)
Epoch 42 completed in 0.02 seconds (0.00 minutes)
>>>>>>>>>>>>>>>>>>>>>>>>>>>>>>>>>>>>>>>>>>>>>>>>>>>>>>>>>>>>>>>>>>>>>>>>>>>>>>>>>>>>>>>>>>>>>>>>>>>>
epoch: 43
Batch 0 completed in 0.01 seconds (0.00 minutes)
loss: 0.986886, val_acc: 40.00% (0.400000), val_f1: 19.05% (0.190476), test_acc: 30.00% (0.300000), test_f1: 16.67% (0.166667)
Epoch 43 completed in 0.02 seconds (0.00 minutes)
>>>>>>>>>>>>>>>>>>>>>>>>>>>>>>>>>>>>>>>>>>>>>>>>>>>>>>>>>>>>>>>>>>>>>>>>>>>>>>>>>>>>>>>>>>>>>>>>>>>>
epoch: 44
Batch 0 completed in 0.01 seconds (0.00 minutes)
loss: 0.982199, val_acc: 40.00% (0.400000), val_f1: 19.05% (0.190476), test_acc: 40.00% (0.400000), test_f1: 19.05% (0.190476)
Epoch 44 completed in 0.02 seconds (0.00 minutes)
>>>>>>>>>>>>>>>>>>>>>>>>>>>>>>>>>>>>>>>>>>>>>>>>>>>>>>>>>>>>>>>>>>>>>>>>>>>>>>>>>>>>>>>>>>>>>>>>>>>>
epoch: 45
Batch 0 completed in 0.01 seconds (0.00 minutes)
loss: 1.000799, val_acc: 40.00% (0.400000), val_f1: 19.05% (0.190476), test_acc: 40.00% (0.400000), test_f1: 19.05% (0.190476)
Epoch 45 completed in 0.02 seconds (0.00 minutes)
>>>>>>>>>>>>>>>>>>>>>>>>>>>>>>>>>>>>>>>>>>>>>>>>>>>>>>>>>>>>>>>>>>>>>>>>>>>>>>>>>>>>>>>>>>>>>>>>>>>>
epoch: 46
Batch 0 completed in 0.01 seconds (0.00 minutes)
loss: 0.976881, val_acc: 40.00% (0.400000), val_f1: 19.05% (0.190476), test_acc: 40.00% (0.400000), test_f1: 19.05% (0.190476)
Epoch 46 completed in 0.02 seconds (0.00 minutes)
>>>>>>>>>>>>>>>>>>>>>>>>>>>>>>>>>>>>>>>>>>>>>>>>>>>>>>>>>>>>>>>>>>>>>>>>>>>>>>>>>>>>>>>>>>>>>>>>>>>>
epoch: 47
Batch 0 completed in 0.01 seconds (0.00 minutes)
loss: 1.004692, val_acc: 40.00% (0.400000), val_f1: 19.05% (0.190476), test_acc: 40.00% (0.400000), test_f1: 19.05% (0.190476)
Epoch 47 completed in 0.02 seconds (0.00 minutes)
>>>>>>>>>>>>>>>>>>>>>>>>>>>>>>>>>>>>>>>>>>>>>>>>>>>>>>>>>>>>>>>>>>>>>>>>>>>>>>>>>>>>>>>>>>>>>>>>>>>>
epoch: 48
Batch 0 completed in 0.01 seconds (0.00 minutes)
loss: 0.984467, val_acc: 40.00% (0.400000), val_f1: 19.05% (0.190476), test_acc: 40.00% (0.400000), test_f1: 19.05% (0.190476)
Epoch 48 completed in 0.02 seconds (0.00 minutes)
>>>>>>>>>>>>>>>>>>>>>>>>>>>>>>>>>>>>>>>>>>>>>>>>>>>>>>>>>>>>>>>>>>>>>>>>>>>>>>>>>>>>>>>>>>>>>>>>>>>>
epoch: 49
Batch 0 completed in 0.01 seconds (0.00 minutes)
loss: 0.968608, val_acc: 40.00% (0.400000), val_f1: 19.05% (0.190476), test_acc: 30.00% (0.300000), test_f1: 16.67% (0.166667)
Epoch 49 completed in 0.02 seconds (0.00 minutes)
>>>>>>>>>>>>>>>>>>>>>>>>>>>>>>>>>>>>>>>>>>>>>>>>>>>>>>>>>>>>>>>>>>>>>>>>>>>>>>>>>>>>>>>>>>>>>>>>>>>>
epoch: 50
Batch 0 completed in 0.01 seconds (0.00 minutes)
loss: 0.954996, val_acc: 30.00% (0.300000), val_f1: 15.38% (0.153846), test_acc: 40.00% (0.400000), test_f1: 29.29% (0.292929)
Epoch 50 completed in 0.02 seconds (0.00 minutes)
>>>>>>>>>>>>>>>>>>>>>>>>>>>>>>>>>>>>>>>>>>>>>>>>>>>>>>>>>>>>>>>>>>>>>>>>>>>>>>>>>>>>>>>>>>>>>>>>>>>>
epoch: 51
Batch 0 completed in 0.01 seconds (0.00 minutes)
loss: 0.988213, val_acc: 30.00% (0.300000), val_f1: 15.38% (0.153846), test_acc: 30.00% (0.300000), test_f1: 24.44% (0.244444)
Epoch 51 completed in 0.02 seconds (0.00 minutes)
>>>>>>>>>>>>>>>>>>>>>>>>>>>>>>>>>>>>>>>>>>>>>>>>>>>>>>>>>>>>>>>>>>>>>>>>>>>>>>>>>>>>>>>>>>>>>>>>>>>>
epoch: 52
Batch 0 completed in 0.01 seconds (0.00 minutes)
loss: 0.958014, val_acc: 30.00% (0.300000), val_f1: 15.38% (0.153846), test_acc: 40.00% (0.400000), test_f1: 31.52% (0.315152)
Epoch 52 completed in 0.02 seconds (0.00 minutes)
>>>>>>>>>>>>>>>>>>>>>>>>>>>>>>>>>>>>>>>>>>>>>>>>>>>>>>>>>>>>>>>>>>>>>>>>>>>>>>>>>>>>>>>>>>>>>>>>>>>>
epoch: 53
Batch 0 completed in 0.01 seconds (0.00 minutes)
loss: 0.976899, val_acc: 40.00% (0.400000), val_f1: 19.05% (0.190476), test_acc: 30.00% (0.300000), test_f1: 16.67% (0.166667)
Epoch 53 completed in 0.02 seconds (0.00 minutes)
>>>>>>>>>>>>>>>>>>>>>>>>>>>>>>>>>>>>>>>>>>>>>>>>>>>>>>>>>>>>>>>>>>>>>>>>>>>>>>>>>>>>>>>>>>>>>>>>>>>>
epoch: 54
Batch 0 completed in 0.01 seconds (0.00 minutes)
loss: 0.947343, val_acc: 40.00% (0.400000), val_f1: 19.05% (0.190476), test_acc: 40.00% (0.400000), test_f1: 19.05% (0.190476)
Epoch 54 completed in 0.02 seconds (0.00 minutes)
>>>>>>>>>>>>>>>>>>>>>>>>>>>>>>>>>>>>>>>>>>>>>>>>>>>>>>>>>>>>>>>>>>>>>>>>>>>>>>>>>>>>>>>>>>>>>>>>>>>>
epoch: 55
Batch 0 completed in 0.01 seconds (0.00 minutes)
loss: 0.965215, val_acc: 40.00% (0.400000), val_f1: 19.05% (0.190476), test_acc: 40.00% (0.400000), test_f1: 19.05% (0.190476)
Epoch 55 completed in 0.02 seconds (0.00 minutes)
>>>>>>>>>>>>>>>>>>>>>>>>>>>>>>>>>>>>>>>>>>>>>>>>>>>>>>>>>>>>>>>>>>>>>>>>>>>>>>>>>>>>>>>>>>>>>>>>>>>>
epoch: 56
Batch 0 completed in 0.01 seconds (0.00 minutes)
loss: 0.953260, val_acc: 40.00% (0.400000), val_f1: 19.05% (0.190476), test_acc: 40.00% (0.400000), test_f1: 19.05% (0.190476)
Epoch 56 completed in 0.02 seconds (0.00 minutes)
>>>>>>>>>>>>>>>>>>>>>>>>>>>>>>>>>>>>>>>>>>>>>>>>>>>>>>>>>>>>>>>>>>>>>>>>>>>>>>>>>>>>>>>>>>>>>>>>>>>>
epoch: 57
Batch 0 completed in 0.01 seconds (0.00 minutes)
loss: 0.950572, val_acc: 40.00% (0.400000), val_f1: 19.05% (0.190476), test_acc: 30.00% (0.300000), test_f1: 16.67% (0.166667)
Epoch 57 completed in 0.02 seconds (0.00 minutes)
>>>>>>>>>>>>>>>>>>>>>>>>>>>>>>>>>>>>>>>>>>>>>>>>>>>>>>>>>>>>>>>>>>>>>>>>>>>>>>>>>>>>>>>>>>>>>>>>>>>>
epoch: 58
Batch 0 completed in 0.01 seconds (0.00 minutes)
loss: 0.958480, val_acc: 30.00% (0.300000), val_f1: 15.38% (0.153846), test_acc: 30.00% (0.300000), test_f1: 18.18% (0.181818)
Epoch 58 completed in 0.02 seconds (0.00 minutes)
>>>>>>>>>>>>>>>>>>>>>>>>>>>>>>>>>>>>>>>>>>>>>>>>>>>>>>>>>>>>>>>>>>>>>>>>>>>>>>>>>>>>>>>>>>>>>>>>>>>>
epoch: 59
Batch 0 completed in 0.01 seconds (0.00 minutes)
loss: 0.948234, val_acc: 30.00% (0.300000), val_f1: 15.38% (0.153846), test_acc: 30.00% (0.300000), test_f1: 18.18% (0.181818)
Epoch 59 completed in 0.02 seconds (0.00 minutes)
>>>>>>>>>>>>>>>>>>>>>>>>>>>>>>>>>>>>>>>>>>>>>>>>>>>>>>>>>>>>>>>>>>>>>>>>>>>>>>>>>>>>>>>>>>>>>>>>>>>>
epoch: 60
Batch 0 completed in 0.01 seconds (0.00 minutes)
loss: 0.956818, val_acc: 30.00% (0.300000), val_f1: 15.38% (0.153846), test_acc: 30.00% (0.300000), test_f1: 18.18% (0.181818)
Epoch 60 completed in 0.02 seconds (0.00 minutes)
>>>>>>>>>>>>>>>>>>>>>>>>>>>>>>>>>>>>>>>>>>>>>>>>>>>>>>>>>>>>>>>>>>>>>>>>>>>>>>>>>>>>>>>>>>>>>>>>>>>>
epoch: 61
Batch 0 completed in 0.01 seconds (0.00 minutes)
loss: 0.923453, val_acc: 30.00% (0.300000), val_f1: 15.38% (0.153846), test_acc: 30.00% (0.300000), test_f1: 18.18% (0.181818)
Epoch 61 completed in 0.02 seconds (0.00 minutes)
>>>>>>>>>>>>>>>>>>>>>>>>>>>>>>>>>>>>>>>>>>>>>>>>>>>>>>>>>>>>>>>>>>>>>>>>>>>>>>>>>>>>>>>>>>>>>>>>>>>>
epoch: 62
Batch 0 completed in 0.01 seconds (0.00 minutes)
loss: 0.910916, val_acc: 40.00% (0.400000), val_f1: 19.05% (0.190476), test_acc: 30.00% (0.300000), test_f1: 16.67% (0.166667)
Epoch 62 completed in 0.02 seconds (0.00 minutes)
>>>>>>>>>>>>>>>>>>>>>>>>>>>>>>>>>>>>>>>>>>>>>>>>>>>>>>>>>>>>>>>>>>>>>>>>>>>>>>>>>>>>>>>>>>>>>>>>>>>>
epoch: 63
Batch 0 completed in 0.01 seconds (0.00 minutes)
loss: 0.934111, val_acc: 30.00% (0.300000), val_f1: 15.38% (0.153846), test_acc: 30.00% (0.300000), test_f1: 16.67% (0.166667)
Epoch 63 completed in 0.02 seconds (0.00 minutes)
>>>>>>>>>>>>>>>>>>>>>>>>>>>>>>>>>>>>>>>>>>>>>>>>>>>>>>>>>>>>>>>>>>>>>>>>>>>>>>>>>>>>>>>>>>>>>>>>>>>>
epoch: 64
Batch 0 completed in 0.01 seconds (0.00 minutes)
loss: 0.944209, val_acc: 40.00% (0.400000), val_f1: 19.05% (0.190476), test_acc: 30.00% (0.300000), test_f1: 16.67% (0.166667)
Epoch 64 completed in 0.02 seconds (0.00 minutes)
>>>>>>>>>>>>>>>>>>>>>>>>>>>>>>>>>>>>>>>>>>>>>>>>>>>>>>>>>>>>>>>>>>>>>>>>>>>>>>>>>>>>>>>>>>>>>>>>>>>>
epoch: 65
Batch 0 completed in 0.01 seconds (0.00 minutes)
loss: 0.926222, val_acc: 40.00% (0.400000), val_f1: 19.05% (0.190476), test_acc: 30.00% (0.300000), test_f1: 16.67% (0.166667)
Epoch 65 completed in 0.02 seconds (0.00 minutes)
>>>>>>>>>>>>>>>>>>>>>>>>>>>>>>>>>>>>>>>>>>>>>>>>>>>>>>>>>>>>>>>>>>>>>>>>>>>>>>>>>>>>>>>>>>>>>>>>>>>>
epoch: 66
Batch 0 completed in 0.01 seconds (0.00 minutes)
loss: 0.946040, val_acc: 30.00% (0.300000), val_f1: 15.38% (0.153846), test_acc: 30.00% (0.300000), test_f1: 16.67% (0.166667)
Epoch 66 completed in 0.02 seconds (0.00 minutes)
>>>>>>>>>>>>>>>>>>>>>>>>>>>>>>>>>>>>>>>>>>>>>>>>>>>>>>>>>>>>>>>>>>>>>>>>>>>>>>>>>>>>>>>>>>>>>>>>>>>>
epoch: 67
Batch 0 completed in 0.01 seconds (0.00 minutes)
loss: 0.902693, val_acc: 30.00% (0.300000), val_f1: 15.38% (0.153846), test_acc: 30.00% (0.300000), test_f1: 16.67% (0.166667)
Epoch 67 completed in 0.02 seconds (0.00 minutes)
>>>>>>>>>>>>>>>>>>>>>>>>>>>>>>>>>>>>>>>>>>>>>>>>>>>>>>>>>>>>>>>>>>>>>>>>>>>>>>>>>>>>>>>>>>>>>>>>>>>>
epoch: 68
Batch 0 completed in 0.01 seconds (0.00 minutes)
loss: 0.937024, val_acc: 30.00% (0.300000), val_f1: 15.38% (0.153846), test_acc: 30.00% (0.300000), test_f1: 18.18% (0.181818)
Epoch 68 completed in 0.02 seconds (0.00 minutes)
>>>>>>>>>>>>>>>>>>>>>>>>>>>>>>>>>>>>>>>>>>>>>>>>>>>>>>>>>>>>>>>>>>>>>>>>>>>>>>>>>>>>>>>>>>>>>>>>>>>>
epoch: 69
Batch 0 completed in 0.01 seconds (0.00 minutes)
loss: 0.899139, val_acc: 30.00% (0.300000), val_f1: 15.38% (0.153846), test_acc: 30.00% (0.300000), test_f1: 16.67% (0.166667)
Epoch 69 completed in 0.02 seconds (0.00 minutes)
>>>>>>>>>>>>>>>>>>>>>>>>>>>>>>>>>>>>>>>>>>>>>>>>>>>>>>>>>>>>>>>>>>>>>>>>>>>>>>>>>>>>>>>>>>>>>>>>>>>>
epoch: 70
Batch 0 completed in 0.01 seconds (0.00 minutes)
loss: 0.917028, val_acc: 30.00% (0.300000), val_f1: 15.38% (0.153846), test_acc: 30.00% (0.300000), test_f1: 16.67% (0.166667)
Epoch 70 completed in 0.02 seconds (0.00 minutes)
>>>>>>>>>>>>>>>>>>>>>>>>>>>>>>>>>>>>>>>>>>>>>>>>>>>>>>>>>>>>>>>>>>>>>>>>>>>>>>>>>>>>>>>>>>>>>>>>>>>>
epoch: 71
Batch 0 completed in 0.01 seconds (0.00 minutes)
loss: 0.928934, val_acc: 40.00% (0.400000), val_f1: 19.05% (0.190476), test_acc: 30.00% (0.300000), test_f1: 16.67% (0.166667)
Epoch 71 completed in 0.02 seconds (0.00 minutes)
>>>>>>>>>>>>>>>>>>>>>>>>>>>>>>>>>>>>>>>>>>>>>>>>>>>>>>>>>>>>>>>>>>>>>>>>>>>>>>>>>>>>>>>>>>>>>>>>>>>>
epoch: 72
Batch 0 completed in 0.01 seconds (0.00 minutes)
loss: 0.916422, val_acc: 40.00% (0.400000), val_f1: 19.05% (0.190476), test_acc: 40.00% (0.400000), test_f1: 20.51% (0.205128)
Epoch 72 completed in 0.02 seconds (0.00 minutes)
>>>>>>>>>>>>>>>>>>>>>>>>>>>>>>>>>>>>>>>>>>>>>>>>>>>>>>>>>>>>>>>>>>>>>>>>>>>>>>>>>>>>>>>>>>>>>>>>>>>>
epoch: 73
Batch 0 completed in 0.01 seconds (0.00 minutes)
loss: 0.850595, val_acc: 40.00% (0.400000), val_f1: 19.05% (0.190476), test_acc: 40.00% (0.400000), test_f1: 20.51% (0.205128)
Epoch 73 completed in 0.02 seconds (0.00 minutes)
>>>>>>>>>>>>>>>>>>>>>>>>>>>>>>>>>>>>>>>>>>>>>>>>>>>>>>>>>>>>>>>>>>>>>>>>>>>>>>>>>>>>>>>>>>>>>>>>>>>>
epoch: 74
Batch 0 completed in 0.01 seconds (0.00 minutes)
loss: 0.888951, val_acc: 30.00% (0.300000), val_f1: 15.38% (0.153846), test_acc: 40.00% (0.400000), test_f1: 31.52% (0.315152)
Epoch 74 completed in 0.02 seconds (0.00 minutes)
>>>>>>>>>>>>>>>>>>>>>>>>>>>>>>>>>>>>>>>>>>>>>>>>>>>>>>>>>>>>>>>>>>>>>>>>>>>>>>>>>>>>>>>>>>>>>>>>>>>>
epoch: 75
Batch 0 completed in 0.01 seconds (0.00 minutes)
loss: 0.902819, val_acc: 30.00% (0.300000), val_f1: 15.38% (0.153846), test_acc: 30.00% (0.300000), test_f1: 24.44% (0.244444)
Epoch 75 completed in 0.02 seconds (0.00 minutes)
>>>>>>>>>>>>>>>>>>>>>>>>>>>>>>>>>>>>>>>>>>>>>>>>>>>>>>>>>>>>>>>>>>>>>>>>>>>>>>>>>>>>>>>>>>>>>>>>>>>>
epoch: 76
Batch 0 completed in 0.01 seconds (0.00 minutes)
loss: 0.889436, val_acc: 30.00% (0.300000), val_f1: 15.38% (0.153846), test_acc: 40.00% (0.400000), test_f1: 31.52% (0.315152)
Epoch 76 completed in 0.02 seconds (0.00 minutes)
>>>>>>>>>>>>>>>>>>>>>>>>>>>>>>>>>>>>>>>>>>>>>>>>>>>>>>>>>>>>>>>>>>>>>>>>>>>>>>>>>>>>>>>>>>>>>>>>>>>>
epoch: 77
Batch 0 completed in 0.01 seconds (0.00 minutes)
loss: 0.900605, val_acc: 30.00% (0.300000), val_f1: 15.38% (0.153846), test_acc: 30.00% (0.300000), test_f1: 16.67% (0.166667)
Epoch 77 completed in 0.02 seconds (0.00 minutes)
>>>>>>>>>>>>>>>>>>>>>>>>>>>>>>>>>>>>>>>>>>>>>>>>>>>>>>>>>>>>>>>>>>>>>>>>>>>>>>>>>>>>>>>>>>>>>>>>>>>>
epoch: 78
Batch 0 completed in 0.01 seconds (0.00 minutes)
loss: 0.888315, val_acc: 40.00% (0.400000), val_f1: 19.05% (0.190476), test_acc: 30.00% (0.300000), test_f1: 16.67% (0.166667)
Epoch 78 completed in 0.02 seconds (0.00 minutes)
>>>>>>>>>>>>>>>>>>>>>>>>>>>>>>>>>>>>>>>>>>>>>>>>>>>>>>>>>>>>>>>>>>>>>>>>>>>>>>>>>>>>>>>>>>>>>>>>>>>>
epoch: 79
Batch 0 completed in 0.01 seconds (0.00 minutes)
loss: 0.885741, val_acc: 40.00% (0.400000), val_f1: 19.05% (0.190476), test_acc: 40.00% (0.400000), test_f1: 20.51% (0.205128)
Epoch 79 completed in 0.02 seconds (0.00 minutes)
>>>>>>>>>>>>>>>>>>>>>>>>>>>>>>>>>>>>>>>>>>>>>>>>>>>>>>>>>>>>>>>>>>>>>>>>>>>>>>>>>>>>>>>>>>>>>>>>>>>>
epoch: 80
Batch 0 completed in 0.01 seconds (0.00 minutes)
loss: 0.841375, val_acc: 30.00% (0.300000), val_f1: 15.38% (0.153846), test_acc: 30.00% (0.300000), test_f1: 16.67% (0.166667)
Epoch 80 completed in 0.02 seconds (0.00 minutes)
>>>>>>>>>>>>>>>>>>>>>>>>>>>>>>>>>>>>>>>>>>>>>>>>>>>>>>>>>>>>>>>>>>>>>>>>>>>>>>>>>>>>>>>>>>>>>>>>>>>>
epoch: 81
Batch 0 completed in 0.01 seconds (0.00 minutes)
loss: 0.873804, val_acc: 30.00% (0.300000), val_f1: 15.38% (0.153846), test_acc: 20.00% (0.200000), test_f1: 13.33% (0.133333)
Epoch 81 completed in 0.02 seconds (0.00 minutes)
>>>>>>>>>>>>>>>>>>>>>>>>>>>>>>>>>>>>>>>>>>>>>>>>>>>>>>>>>>>>>>>>>>>>>>>>>>>>>>>>>>>>>>>>>>>>>>>>>>>>
epoch: 82
Batch 0 completed in 0.01 seconds (0.00 minutes)
loss: 0.850842, val_acc: 20.00% (0.200000), val_f1: 11.11% (0.111111), test_acc: 20.00% (0.200000), test_f1: 15.74% (0.157407)
Epoch 82 completed in 0.02 seconds (0.00 minutes)
>>>>>>>>>>>>>>>>>>>>>>>>>>>>>>>>>>>>>>>>>>>>>>>>>>>>>>>>>>>>>>>>>>>>>>>>>>>>>>>>>>>>>>>>>>>>>>>>>>>>
epoch: 83
Batch 0 completed in 0.01 seconds (0.00 minutes)
loss: 0.864382, val_acc: 30.00% (0.300000), val_f1: 15.38% (0.153846), test_acc: 20.00% (0.200000), test_f1: 13.33% (0.133333)
Epoch 83 completed in 0.02 seconds (0.00 minutes)
>>>>>>>>>>>>>>>>>>>>>>>>>>>>>>>>>>>>>>>>>>>>>>>>>>>>>>>>>>>>>>>>>>>>>>>>>>>>>>>>>>>>>>>>>>>>>>>>>>>>
epoch: 84
Batch 0 completed in 0.01 seconds (0.00 minutes)
loss: 0.833249, val_acc: 30.00% (0.300000), val_f1: 15.38% (0.153846), test_acc: 40.00% (0.400000), test_f1: 31.52% (0.315152)
Epoch 84 completed in 0.02 seconds (0.00 minutes)
>>>>>>>>>>>>>>>>>>>>>>>>>>>>>>>>>>>>>>>>>>>>>>>>>>>>>>>>>>>>>>>>>>>>>>>>>>>>>>>>>>>>>>>>>>>>>>>>>>>>
epoch: 85
Batch 0 completed in 0.01 seconds (0.00 minutes)
loss: 0.837918, val_acc: 30.00% (0.300000), val_f1: 15.38% (0.153846), test_acc: 40.00% (0.400000), test_f1: 29.29% (0.292929)
Epoch 85 completed in 0.02 seconds (0.00 minutes)
>>>>>>>>>>>>>>>>>>>>>>>>>>>>>>>>>>>>>>>>>>>>>>>>>>>>>>>>>>>>>>>>>>>>>>>>>>>>>>>>>>>>>>>>>>>>>>>>>>>>
epoch: 86
Batch 0 completed in 0.01 seconds (0.00 minutes)
loss: 0.826353, val_acc: 30.00% (0.300000), val_f1: 15.38% (0.153846), test_acc: 40.00% (0.400000), test_f1: 29.29% (0.292929)
Epoch 86 completed in 0.02 seconds (0.00 minutes)
>>>>>>>>>>>>>>>>>>>>>>>>>>>>>>>>>>>>>>>>>>>>>>>>>>>>>>>>>>>>>>>>>>>>>>>>>>>>>>>>>>>>>>>>>>>>>>>>>>>>
epoch: 87
Batch 0 completed in 0.01 seconds (0.00 minutes)
loss: 0.857788, val_acc: 30.00% (0.300000), val_f1: 15.38% (0.153846), test_acc: 30.00% (0.300000), test_f1: 16.67% (0.166667)
Epoch 87 completed in 0.02 seconds (0.00 minutes)
>>>>>>>>>>>>>>>>>>>>>>>>>>>>>>>>>>>>>>>>>>>>>>>>>>>>>>>>>>>>>>>>>>>>>>>>>>>>>>>>>>>>>>>>>>>>>>>>>>>>
epoch: 88
Batch 0 completed in 0.01 seconds (0.00 minutes)
loss: 0.836208, val_acc: 30.00% (0.300000), val_f1: 15.38% (0.153846), test_acc: 30.00% (0.300000), test_f1: 16.67% (0.166667)
Epoch 88 completed in 0.02 seconds (0.00 minutes)
>>>>>>>>>>>>>>>>>>>>>>>>>>>>>>>>>>>>>>>>>>>>>>>>>>>>>>>>>>>>>>>>>>>>>>>>>>>>>>>>>>>>>>>>>>>>>>>>>>>>
epoch: 89
Batch 0 completed in 0.01 seconds (0.00 minutes)
loss: 0.807379, val_acc: 30.00% (0.300000), val_f1: 15.38% (0.153846), test_acc: 40.00% (0.400000), test_f1: 29.29% (0.292929)
Epoch 89 completed in 0.02 seconds (0.00 minutes)
>>>>>>>>>>>>>>>>>>>>>>>>>>>>>>>>>>>>>>>>>>>>>>>>>>>>>>>>>>>>>>>>>>>>>>>>>>>>>>>>>>>>>>>>>>>>>>>>>>>>
epoch: 90
Batch 0 completed in 0.01 seconds (0.00 minutes)
loss: 0.847578, val_acc: 30.00% (0.300000), val_f1: 15.38% (0.153846), test_acc: 30.00% (0.300000), test_f1: 22.86% (0.228571)
Epoch 90 completed in 0.02 seconds (0.00 minutes)
>>>>>>>>>>>>>>>>>>>>>>>>>>>>>>>>>>>>>>>>>>>>>>>>>>>>>>>>>>>>>>>>>>>>>>>>>>>>>>>>>>>>>>>>>>>>>>>>>>>>
epoch: 91
Batch 0 completed in 0.01 seconds (0.00 minutes)
loss: 0.869803, val_acc: 30.00% (0.300000), val_f1: 15.38% (0.153846), test_acc: 30.00% (0.300000), test_f1: 22.86% (0.228571)
Epoch 91 completed in 0.02 seconds (0.00 minutes)
>>>>>>>>>>>>>>>>>>>>>>>>>>>>>>>>>>>>>>>>>>>>>>>>>>>>>>>>>>>>>>>>>>>>>>>>>>>>>>>>>>>>>>>>>>>>>>>>>>>>
epoch: 92
Batch 0 completed in 0.01 seconds (0.00 minutes)
loss: 0.846981, val_acc: 30.00% (0.300000), val_f1: 15.38% (0.153846), test_acc: 40.00% (0.400000), test_f1: 29.29% (0.292929)
Epoch 92 completed in 0.02 seconds (0.00 minutes)
>>>>>>>>>>>>>>>>>>>>>>>>>>>>>>>>>>>>>>>>>>>>>>>>>>>>>>>>>>>>>>>>>>>>>>>>>>>>>>>>>>>>>>>>>>>>>>>>>>>>
epoch: 93
Batch 0 completed in 0.01 seconds (0.00 minutes)
loss: 0.847073, val_acc: 30.00% (0.300000), val_f1: 15.38% (0.153846), test_acc: 30.00% (0.300000), test_f1: 18.18% (0.181818)
Epoch 93 completed in 0.02 seconds (0.00 minutes)
>>>>>>>>>>>>>>>>>>>>>>>>>>>>>>>>>>>>>>>>>>>>>>>>>>>>>>>>>>>>>>>>>>>>>>>>>>>>>>>>>>>>>>>>>>>>>>>>>>>>
epoch: 94
Batch 0 completed in 0.01 seconds (0.00 minutes)
loss: 0.833722, val_acc: 30.00% (0.300000), val_f1: 15.38% (0.153846), test_acc: 30.00% (0.300000), test_f1: 18.18% (0.181818)
Epoch 94 completed in 0.02 seconds (0.00 minutes)
>>>>>>>>>>>>>>>>>>>>>>>>>>>>>>>>>>>>>>>>>>>>>>>>>>>>>>>>>>>>>>>>>>>>>>>>>>>>>>>>>>>>>>>>>>>>>>>>>>>>
epoch: 95
Batch 0 completed in 0.01 seconds (0.00 minutes)
loss: 0.813099, val_acc: 30.00% (0.300000), val_f1: 15.38% (0.153846), test_acc: 30.00% (0.300000), test_f1: 16.67% (0.166667)
Epoch 95 completed in 0.02 seconds (0.00 minutes)
>>>>>>>>>>>>>>>>>>>>>>>>>>>>>>>>>>>>>>>>>>>>>>>>>>>>>>>>>>>>>>>>>>>>>>>>>>>>>>>>>>>>>>>>>>>>>>>>>>>>
epoch: 96
Batch 0 completed in 0.01 seconds (0.00 minutes)
loss: 0.818792, val_acc: 30.00% (0.300000), val_f1: 15.38% (0.153846), test_acc: 40.00% (0.400000), test_f1: 29.29% (0.292929)
Epoch 96 completed in 0.02 seconds (0.00 minutes)
>>>>>>>>>>>>>>>>>>>>>>>>>>>>>>>>>>>>>>>>>>>>>>>>>>>>>>>>>>>>>>>>>>>>>>>>>>>>>>>>>>>>>>>>>>>>>>>>>>>>
epoch: 97
Batch 0 completed in 0.01 seconds (0.00 minutes)
loss: 0.792394, val_acc: 30.00% (0.300000), val_f1: 15.38% (0.153846), test_acc: 30.00% (0.300000), test_f1: 22.86% (0.228571)
Epoch 97 completed in 0.02 seconds (0.00 minutes)
>>>>>>>>>>>>>>>>>>>>>>>>>>>>>>>>>>>>>>>>>>>>>>>>>>>>>>>>>>>>>>>>>>>>>>>>>>>>>>>>>>>>>>>>>>>>>>>>>>>>
epoch: 98
Batch 0 completed in 0.01 seconds (0.00 minutes)
loss: 0.835969, val_acc: 30.00% (0.300000), val_f1: 15.38% (0.153846), test_acc: 30.00% (0.300000), test_f1: 22.86% (0.228571)
Epoch 98 completed in 0.02 seconds (0.00 minutes)
>>>>>>>>>>>>>>>>>>>>>>>>>>>>>>>>>>>>>>>>>>>>>>>>>>>>>>>>>>>>>>>>>>>>>>>>>>>>>>>>>>>>>>>>>>>>>>>>>>>>
epoch: 99
Batch 0 completed in 0.01 seconds (0.00 minutes)
loss: 0.818515, val_acc: 30.00% (0.300000), val_f1: 15.38% (0.153846), test_acc: 30.00% (0.300000), test_f1: 22.86% (0.228571)
Epoch 99 completed in 0.02 seconds (0.00 minutes)
>>>>>>>>>>>>>>>>>>>>>>>>>>>>>>>>>>>>>>>>>>>>>>>>>>>>>>>>>>>>>>>>>>>>>>>>>>>>>>>>>>>>>>>>>>>>>>>>>>>>
epoch: 100
Batch 0 completed in 0.01 seconds (0.00 minutes)
loss: 0.790973, val_acc: 30.00% (0.300000), val_f1: 15.38% (0.153846), test_acc: 30.00% (0.300000), test_f1: 16.67% (0.166667)
Epoch 100 completed in 0.02 seconds (0.00 minutes)
>>>>>>>>>>>>>>>>>>>>>>>>>>>>>>>>>>>>>>>>>>>>>>>>>>>>>>>>>>>>>>>>>>>>>>>>>>>>>>>>>>>>>>>>>>>>>>>>>>>>
epoch: 101
Batch 0 completed in 0.01 seconds (0.00 minutes)
loss: 0.836977, val_acc: 30.00% (0.300000), val_f1: 15.38% (0.153846), test_acc: 30.00% (0.300000), test_f1: 16.67% (0.166667)
Epoch 101 completed in 0.02 seconds (0.00 minutes)
>>>>>>>>>>>>>>>>>>>>>>>>>>>>>>>>>>>>>>>>>>>>>>>>>>>>>>>>>>>>>>>>>>>>>>>>>>>>>>>>>>>>>>>>>>>>>>>>>>>>
epoch: 102
Batch 0 completed in 0.01 seconds (0.00 minutes)
loss: 0.780238, val_acc: 30.00% (0.300000), val_f1: 15.38% (0.153846), test_acc: 20.00% (0.200000), test_f1: 13.33% (0.133333)
Epoch 102 completed in 0.03 seconds (0.00 minutes)
>>>>>>>>>>>>>>>>>>>>>>>>>>>>>>>>>>>>>>>>>>>>>>>>>>>>>>>>>>>>>>>>>>>>>>>>>>>>>>>>>>>>>>>>>>>>>>>>>>>>
epoch: 103
Batch 0 completed in 0.01 seconds (0.00 minutes)
loss: 0.768075, val_acc: 30.00% (0.300000), val_f1: 15.38% (0.153846), test_acc: 20.00% (0.200000), test_f1: 13.33% (0.133333)
Epoch 103 completed in 0.02 seconds (0.00 minutes)
>>>>>>>>>>>>>>>>>>>>>>>>>>>>>>>>>>>>>>>>>>>>>>>>>>>>>>>>>>>>>>>>>>>>>>>>>>>>>>>>>>>>>>>>>>>>>>>>>>>>
epoch: 104
Batch 0 completed in 0.01 seconds (0.00 minutes)
loss: 0.759540, val_acc: 30.00% (0.300000), val_f1: 15.38% (0.153846), test_acc: 30.00% (0.300000), test_f1: 18.18% (0.181818)
Epoch 104 completed in 0.02 seconds (0.00 minutes)
>>>>>>>>>>>>>>>>>>>>>>>>>>>>>>>>>>>>>>>>>>>>>>>>>>>>>>>>>>>>>>>>>>>>>>>>>>>>>>>>>>>>>>>>>>>>>>>>>>>>
epoch: 105
Batch 0 completed in 0.01 seconds (0.00 minutes)
loss: 0.776080, val_acc: 30.00% (0.300000), val_f1: 15.38% (0.153846), test_acc: 40.00% (0.400000), test_f1: 31.52% (0.315152)
Epoch 105 completed in 0.02 seconds (0.00 minutes)
>>>>>>>>>>>>>>>>>>>>>>>>>>>>>>>>>>>>>>>>>>>>>>>>>>>>>>>>>>>>>>>>>>>>>>>>>>>>>>>>>>>>>>>>>>>>>>>>>>>>
epoch: 106
Batch 0 completed in 0.01 seconds (0.00 minutes)
loss: 0.773773, val_acc: 30.00% (0.300000), val_f1: 15.38% (0.153846), test_acc: 30.00% (0.300000), test_f1: 16.67% (0.166667)
Epoch 106 completed in 0.02 seconds (0.00 minutes)
>>>>>>>>>>>>>>>>>>>>>>>>>>>>>>>>>>>>>>>>>>>>>>>>>>>>>>>>>>>>>>>>>>>>>>>>>>>>>>>>>>>>>>>>>>>>>>>>>>>>
epoch: 107
Batch 0 completed in 0.01 seconds (0.00 minutes)
loss: 0.778631, val_acc: 30.00% (0.300000), val_f1: 15.38% (0.153846), test_acc: 40.00% (0.400000), test_f1: 29.29% (0.292929)
Epoch 107 completed in 0.02 seconds (0.00 minutes)
>>>>>>>>>>>>>>>>>>>>>>>>>>>>>>>>>>>>>>>>>>>>>>>>>>>>>>>>>>>>>>>>>>>>>>>>>>>>>>>>>>>>>>>>>>>>>>>>>>>>
epoch: 108
Batch 0 completed in 0.01 seconds (0.00 minutes)
loss: 0.766104, val_acc: 30.00% (0.300000), val_f1: 15.38% (0.153846), test_acc: 30.00% (0.300000), test_f1: 22.86% (0.228571)
Epoch 108 completed in 0.02 seconds (0.00 minutes)
>>>>>>>>>>>>>>>>>>>>>>>>>>>>>>>>>>>>>>>>>>>>>>>>>>>>>>>>>>>>>>>>>>>>>>>>>>>>>>>>>>>>>>>>>>>>>>>>>>>>
epoch: 109
Batch 0 completed in 0.01 seconds (0.00 minutes)
loss: 0.792199, val_acc: 30.00% (0.300000), val_f1: 15.38% (0.153846), test_acc: 30.00% (0.300000), test_f1: 22.86% (0.228571)
Epoch 109 completed in 0.02 seconds (0.00 minutes)
>>>>>>>>>>>>>>>>>>>>>>>>>>>>>>>>>>>>>>>>>>>>>>>>>>>>>>>>>>>>>>>>>>>>>>>>>>>>>>>>>>>>>>>>>>>>>>>>>>>>
epoch: 110
Batch 0 completed in 0.01 seconds (0.00 minutes)
loss: 0.760926, val_acc: 30.00% (0.300000), val_f1: 15.38% (0.153846), test_acc: 30.00% (0.300000), test_f1: 24.44% (0.244444)
Epoch 110 completed in 0.02 seconds (0.00 minutes)
>>>>>>>>>>>>>>>>>>>>>>>>>>>>>>>>>>>>>>>>>>>>>>>>>>>>>>>>>>>>>>>>>>>>>>>>>>>>>>>>>>>>>>>>>>>>>>>>>>>>
epoch: 111
Batch 0 completed in 0.01 seconds (0.00 minutes)
loss: 0.741206, val_acc: 30.00% (0.300000), val_f1: 15.38% (0.153846), test_acc: 30.00% (0.300000), test_f1: 16.67% (0.166667)
Epoch 111 completed in 0.02 seconds (0.00 minutes)
>>>>>>>>>>>>>>>>>>>>>>>>>>>>>>>>>>>>>>>>>>>>>>>>>>>>>>>>>>>>>>>>>>>>>>>>>>>>>>>>>>>>>>>>>>>>>>>>>>>>
epoch: 112
Batch 0 completed in 0.01 seconds (0.00 minutes)
loss: 0.756246, val_acc: 30.00% (0.300000), val_f1: 15.38% (0.153846), test_acc: 30.00% (0.300000), test_f1: 16.67% (0.166667)
Epoch 112 completed in 0.02 seconds (0.00 minutes)
>>>>>>>>>>>>>>>>>>>>>>>>>>>>>>>>>>>>>>>>>>>>>>>>>>>>>>>>>>>>>>>>>>>>>>>>>>>>>>>>>>>>>>>>>>>>>>>>>>>>
epoch: 113
Batch 0 completed in 0.01 seconds (0.00 minutes)
loss: 0.741984, val_acc: 30.00% (0.300000), val_f1: 15.38% (0.153846), test_acc: 20.00% (0.200000), test_f1: 13.33% (0.133333)
Epoch 113 completed in 0.02 seconds (0.00 minutes)
>>>>>>>>>>>>>>>>>>>>>>>>>>>>>>>>>>>>>>>>>>>>>>>>>>>>>>>>>>>>>>>>>>>>>>>>>>>>>>>>>>>>>>>>>>>>>>>>>>>>
epoch: 114
Batch 0 completed in 0.01 seconds (0.00 minutes)
loss: 0.752532, val_acc: 30.00% (0.300000), val_f1: 15.38% (0.153846), test_acc: 30.00% (0.300000), test_f1: 16.67% (0.166667)
Epoch 114 completed in 0.02 seconds (0.00 minutes)
>>>>>>>>>>>>>>>>>>>>>>>>>>>>>>>>>>>>>>>>>>>>>>>>>>>>>>>>>>>>>>>>>>>>>>>>>>>>>>>>>>>>>>>>>>>>>>>>>>>>
epoch: 115
Batch 0 completed in 0.01 seconds (0.00 minutes)
loss: 0.708649, val_acc: 30.00% (0.300000), val_f1: 15.38% (0.153846), test_acc: 30.00% (0.300000), test_f1: 16.67% (0.166667)
Epoch 115 completed in 0.02 seconds (0.00 minutes)
>>>>>>>>>>>>>>>>>>>>>>>>>>>>>>>>>>>>>>>>>>>>>>>>>>>>>>>>>>>>>>>>>>>>>>>>>>>>>>>>>>>>>>>>>>>>>>>>>>>>
epoch: 116
Batch 0 completed in 0.01 seconds (0.00 minutes)
loss: 0.749274, val_acc: 30.00% (0.300000), val_f1: 15.38% (0.153846), test_acc: 30.00% (0.300000), test_f1: 22.86% (0.228571)
Epoch 116 completed in 0.02 seconds (0.00 minutes)
>>>>>>>>>>>>>>>>>>>>>>>>>>>>>>>>>>>>>>>>>>>>>>>>>>>>>>>>>>>>>>>>>>>>>>>>>>>>>>>>>>>>>>>>>>>>>>>>>>>>
epoch: 117
Batch 0 completed in 0.01 seconds (0.00 minutes)
loss: 0.761501, val_acc: 30.00% (0.300000), val_f1: 15.38% (0.153846), test_acc: 30.00% (0.300000), test_f1: 22.86% (0.228571)
Epoch 117 completed in 0.02 seconds (0.00 minutes)
>>>>>>>>>>>>>>>>>>>>>>>>>>>>>>>>>>>>>>>>>>>>>>>>>>>>>>>>>>>>>>>>>>>>>>>>>>>>>>>>>>>>>>>>>>>>>>>>>>>>
epoch: 118
Batch 0 completed in 0.01 seconds (0.00 minutes)
loss: 0.754978, val_acc: 30.00% (0.300000), val_f1: 15.38% (0.153846), test_acc: 30.00% (0.300000), test_f1: 22.86% (0.228571)
Epoch 118 completed in 0.02 seconds (0.00 minutes)
>>>>>>>>>>>>>>>>>>>>>>>>>>>>>>>>>>>>>>>>>>>>>>>>>>>>>>>>>>>>>>>>>>>>>>>>>>>>>>>>>>>>>>>>>>>>>>>>>>>>
epoch: 119
Batch 0 completed in 0.01 seconds (0.00 minutes)
loss: 0.736620, val_acc: 30.00% (0.300000), val_f1: 15.38% (0.153846), test_acc: 30.00% (0.300000), test_f1: 16.67% (0.166667)
Epoch 119 completed in 0.02 seconds (0.00 minutes)
>>>>>>>>>>>>>>>>>>>>>>>>>>>>>>>>>>>>>>>>>>>>>>>>>>>>>>>>>>>>>>>>>>>>>>>>>>>>>>>>>>>>>>>>>>>>>>>>>>>>
epoch: 120
Batch 0 completed in 0.01 seconds (0.00 minutes)
loss: 0.746405, val_acc: 30.00% (0.300000), val_f1: 15.38% (0.153846), test_acc: 30.00% (0.300000), test_f1: 16.67% (0.166667)
Epoch 120 completed in 0.02 seconds (0.00 minutes)
>>>>>>>>>>>>>>>>>>>>>>>>>>>>>>>>>>>>>>>>>>>>>>>>>>>>>>>>>>>>>>>>>>>>>>>>>>>>>>>>>>>>>>>>>>>>>>>>>>>>
epoch: 121
Batch 0 completed in 0.01 seconds (0.00 minutes)
loss: 0.700964, val_acc: 30.00% (0.300000), val_f1: 15.38% (0.153846), test_acc: 30.00% (0.300000), test_f1: 24.44% (0.244444)
Epoch 121 completed in 0.02 seconds (0.00 minutes)
>>>>>>>>>>>>>>>>>>>>>>>>>>>>>>>>>>>>>>>>>>>>>>>>>>>>>>>>>>>>>>>>>>>>>>>>>>>>>>>>>>>>>>>>>>>>>>>>>>>>
epoch: 122
Batch 0 completed in 0.01 seconds (0.00 minutes)
loss: 0.717322, val_acc: 30.00% (0.300000), val_f1: 15.38% (0.153846), test_acc: 20.00% (0.200000), test_f1: 13.33% (0.133333)
Epoch 122 completed in 0.02 seconds (0.00 minutes)
>>>>>>>>>>>>>>>>>>>>>>>>>>>>>>>>>>>>>>>>>>>>>>>>>>>>>>>>>>>>>>>>>>>>>>>>>>>>>>>>>>>>>>>>>>>>>>>>>>>>
epoch: 123
Batch 0 completed in 0.01 seconds (0.00 minutes)
loss: 0.703766, val_acc: 30.00% (0.300000), val_f1: 15.38% (0.153846), test_acc: 20.00% (0.200000), test_f1: 13.33% (0.133333)
Epoch 123 completed in 0.02 seconds (0.00 minutes)
>>>>>>>>>>>>>>>>>>>>>>>>>>>>>>>>>>>>>>>>>>>>>>>>>>>>>>>>>>>>>>>>>>>>>>>>>>>>>>>>>>>>>>>>>>>>>>>>>>>>
epoch: 124
Batch 0 completed in 0.01 seconds (0.00 minutes)
loss: 0.714024, val_acc: 30.00% (0.300000), val_f1: 15.38% (0.153846), test_acc: 20.00% (0.200000), test_f1: 13.33% (0.133333)
Epoch 124 completed in 0.02 seconds (0.00 minutes)
>>>>>>>>>>>>>>>>>>>>>>>>>>>>>>>>>>>>>>>>>>>>>>>>>>>>>>>>>>>>>>>>>>>>>>>>>>>>>>>>>>>>>>>>>>>>>>>>>>>>
epoch: 125
Batch 0 completed in 0.01 seconds (0.00 minutes)
loss: 0.689647, val_acc: 30.00% (0.300000), val_f1: 15.38% (0.153846), test_acc: 20.00% (0.200000), test_f1: 12.12% (0.121212)
Epoch 125 completed in 0.02 seconds (0.00 minutes)
>>>>>>>>>>>>>>>>>>>>>>>>>>>>>>>>>>>>>>>>>>>>>>>>>>>>>>>>>>>>>>>>>>>>>>>>>>>>>>>>>>>>>>>>>>>>>>>>>>>>
epoch: 126
Batch 0 completed in 0.01 seconds (0.00 minutes)
loss: 0.700591, val_acc: 30.00% (0.300000), val_f1: 15.38% (0.153846), test_acc: 20.00% (0.200000), test_f1: 12.12% (0.121212)
Epoch 126 completed in 0.02 seconds (0.00 minutes)
>>>>>>>>>>>>>>>>>>>>>>>>>>>>>>>>>>>>>>>>>>>>>>>>>>>>>>>>>>>>>>>>>>>>>>>>>>>>>>>>>>>>>>>>>>>>>>>>>>>>
epoch: 127
Batch 0 completed in 0.01 seconds (0.00 minutes)
loss: 0.697072, val_acc: 30.00% (0.300000), val_f1: 15.38% (0.153846), test_acc: 30.00% (0.300000), test_f1: 26.67% (0.266667)
Epoch 127 completed in 0.02 seconds (0.00 minutes)
>>>>>>>>>>>>>>>>>>>>>>>>>>>>>>>>>>>>>>>>>>>>>>>>>>>>>>>>>>>>>>>>>>>>>>>>>>>>>>>>>>>>>>>>>>>>>>>>>>>>
epoch: 128
Batch 0 completed in 0.01 seconds (0.00 minutes)
loss: 0.678225, val_acc: 30.00% (0.300000), val_f1: 15.38% (0.153846), test_acc: 20.00% (0.200000), test_f1: 13.33% (0.133333)
Epoch 128 completed in 0.02 seconds (0.00 minutes)
>>>>>>>>>>>>>>>>>>>>>>>>>>>>>>>>>>>>>>>>>>>>>>>>>>>>>>>>>>>>>>>>>>>>>>>>>>>>>>>>>>>>>>>>>>>>>>>>>>>>
epoch: 129
Batch 0 completed in 0.01 seconds (0.00 minutes)
loss: 0.657914, val_acc: 30.00% (0.300000), val_f1: 15.38% (0.153846), test_acc: 20.00% (0.200000), test_f1: 12.12% (0.121212)
Epoch 129 completed in 0.02 seconds (0.00 minutes)
>>>>>>>>>>>>>>>>>>>>>>>>>>>>>>>>>>>>>>>>>>>>>>>>>>>>>>>>>>>>>>>>>>>>>>>>>>>>>>>>>>>>>>>>>>>>>>>>>>>>
epoch: 130
Batch 0 completed in 0.01 seconds (0.00 minutes)
loss: 0.681875, val_acc: 30.00% (0.300000), val_f1: 15.38% (0.153846), test_acc: 20.00% (0.200000), test_f1: 12.12% (0.121212)
Epoch 130 completed in 0.02 seconds (0.00 minutes)
>>>>>>>>>>>>>>>>>>>>>>>>>>>>>>>>>>>>>>>>>>>>>>>>>>>>>>>>>>>>>>>>>>>>>>>>>>>>>>>>>>>>>>>>>>>>>>>>>>>>
epoch: 131
Batch 0 completed in 0.01 seconds (0.00 minutes)
loss: 0.682001, val_acc: 30.00% (0.300000), val_f1: 15.38% (0.153846), test_acc: 20.00% (0.200000), test_f1: 12.12% (0.121212)
Epoch 131 completed in 0.02 seconds (0.00 minutes)
>>>>>>>>>>>>>>>>>>>>>>>>>>>>>>>>>>>>>>>>>>>>>>>>>>>>>>>>>>>>>>>>>>>>>>>>>>>>>>>>>>>>>>>>>>>>>>>>>>>>
epoch: 132
Batch 0 completed in 0.01 seconds (0.00 minutes)
loss: 0.641119, val_acc: 30.00% (0.300000), val_f1: 15.38% (0.153846), test_acc: 30.00% (0.300000), test_f1: 16.67% (0.166667)
Epoch 132 completed in 0.02 seconds (0.00 minutes)
>>>>>>>>>>>>>>>>>>>>>>>>>>>>>>>>>>>>>>>>>>>>>>>>>>>>>>>>>>>>>>>>>>>>>>>>>>>>>>>>>>>>>>>>>>>>>>>>>>>>
epoch: 133
Batch 0 completed in 0.01 seconds (0.00 minutes)
loss: 0.634828, val_acc: 30.00% (0.300000), val_f1: 15.38% (0.153846), test_acc: 30.00% (0.300000), test_f1: 26.67% (0.266667)
Epoch 133 completed in 0.02 seconds (0.00 minutes)
>>>>>>>>>>>>>>>>>>>>>>>>>>>>>>>>>>>>>>>>>>>>>>>>>>>>>>>>>>>>>>>>>>>>>>>>>>>>>>>>>>>>>>>>>>>>>>>>>>>>
epoch: 134
Batch 0 completed in 0.01 seconds (0.00 minutes)
loss: 0.664177, val_acc: 20.00% (0.200000), val_f1: 11.11% (0.111111), test_acc: 30.00% (0.300000), test_f1: 26.67% (0.266667)
Epoch 134 completed in 0.02 seconds (0.00 minutes)
>>>>>>>>>>>>>>>>>>>>>>>>>>>>>>>>>>>>>>>>>>>>>>>>>>>>>>>>>>>>>>>>>>>>>>>>>>>>>>>>>>>>>>>>>>>>>>>>>>>>
epoch: 135
Batch 0 completed in 0.01 seconds (0.00 minutes)
loss: 0.683578, val_acc: 30.00% (0.300000), val_f1: 15.38% (0.153846), test_acc: 30.00% (0.300000), test_f1: 26.67% (0.266667)
Epoch 135 completed in 0.02 seconds (0.00 minutes)
>>>>>>>>>>>>>>>>>>>>>>>>>>>>>>>>>>>>>>>>>>>>>>>>>>>>>>>>>>>>>>>>>>>>>>>>>>>>>>>>>>>>>>>>>>>>>>>>>>>>
epoch: 136
Batch 0 completed in 0.01 seconds (0.00 minutes)
loss: 0.663492, val_acc: 30.00% (0.300000), val_f1: 15.38% (0.153846), test_acc: 20.00% (0.200000), test_f1: 12.12% (0.121212)
Epoch 136 completed in 0.02 seconds (0.00 minutes)
>>>>>>>>>>>>>>>>>>>>>>>>>>>>>>>>>>>>>>>>>>>>>>>>>>>>>>>>>>>>>>>>>>>>>>>>>>>>>>>>>>>>>>>>>>>>>>>>>>>>
epoch: 137
Batch 0 completed in 0.01 seconds (0.00 minutes)
loss: 0.656639, val_acc: 30.00% (0.300000), val_f1: 15.38% (0.153846), test_acc: 20.00% (0.200000), test_f1: 12.12% (0.121212)
Epoch 137 completed in 0.02 seconds (0.00 minutes)
>>>>>>>>>>>>>>>>>>>>>>>>>>>>>>>>>>>>>>>>>>>>>>>>>>>>>>>>>>>>>>>>>>>>>>>>>>>>>>>>>>>>>>>>>>>>>>>>>>>>
epoch: 138
Batch 0 completed in 0.01 seconds (0.00 minutes)
loss: 0.661662, val_acc: 30.00% (0.300000), val_f1: 15.38% (0.153846), test_acc: 30.00% (0.300000), test_f1: 16.67% (0.166667)
Epoch 138 completed in 0.02 seconds (0.00 minutes)
>>>>>>>>>>>>>>>>>>>>>>>>>>>>>>>>>>>>>>>>>>>>>>>>>>>>>>>>>>>>>>>>>>>>>>>>>>>>>>>>>>>>>>>>>>>>>>>>>>>>
epoch: 139
Batch 0 completed in 0.01 seconds (0.00 minutes)
loss: 0.677016, val_acc: 30.00% (0.300000), val_f1: 15.38% (0.153846), test_acc: 20.00% (0.200000), test_f1: 12.12% (0.121212)
Epoch 139 completed in 0.02 seconds (0.00 minutes)
>>>>>>>>>>>>>>>>>>>>>>>>>>>>>>>>>>>>>>>>>>>>>>>>>>>>>>>>>>>>>>>>>>>>>>>>>>>>>>>>>>>>>>>>>>>>>>>>>>>>
epoch: 140
Batch 0 completed in 0.01 seconds (0.00 minutes)
loss: 0.626933, val_acc: 30.00% (0.300000), val_f1: 15.38% (0.153846), test_acc: 20.00% (0.200000), test_f1: 12.12% (0.121212)
Epoch 140 completed in 0.02 seconds (0.00 minutes)
>>>>>>>>>>>>>>>>>>>>>>>>>>>>>>>>>>>>>>>>>>>>>>>>>>>>>>>>>>>>>>>>>>>>>>>>>>>>>>>>>>>>>>>>>>>>>>>>>>>>
epoch: 141
Batch 0 completed in 0.01 seconds (0.00 minutes)
loss: 0.610797, val_acc: 30.00% (0.300000), val_f1: 15.38% (0.153846), test_acc: 20.00% (0.200000), test_f1: 12.12% (0.121212)
Epoch 141 completed in 0.02 seconds (0.00 minutes)
>>>>>>>>>>>>>>>>>>>>>>>>>>>>>>>>>>>>>>>>>>>>>>>>>>>>>>>>>>>>>>>>>>>>>>>>>>>>>>>>>>>>>>>>>>>>>>>>>>>>
epoch: 142
Batch 0 completed in 0.01 seconds (0.00 minutes)
loss: 0.628735, val_acc: 30.00% (0.300000), val_f1: 15.38% (0.153846), test_acc: 30.00% (0.300000), test_f1: 26.67% (0.266667)
Epoch 142 completed in 0.02 seconds (0.00 minutes)
>>>>>>>>>>>>>>>>>>>>>>>>>>>>>>>>>>>>>>>>>>>>>>>>>>>>>>>>>>>>>>>>>>>>>>>>>>>>>>>>>>>>>>>>>>>>>>>>>>>>
epoch: 143
Batch 0 completed in 0.01 seconds (0.00 minutes)
loss: 0.609227, val_acc: 30.00% (0.300000), val_f1: 15.38% (0.153846), test_acc: 20.00% (0.200000), test_f1: 12.12% (0.121212)
Epoch 143 completed in 0.02 seconds (0.00 minutes)
>>>>>>>>>>>>>>>>>>>>>>>>>>>>>>>>>>>>>>>>>>>>>>>>>>>>>>>>>>>>>>>>>>>>>>>>>>>>>>>>>>>>>>>>>>>>>>>>>>>>
epoch: 144
Batch 0 completed in 0.01 seconds (0.00 minutes)
loss: 0.620217, val_acc: 30.00% (0.300000), val_f1: 15.38% (0.153846), test_acc: 30.00% (0.300000), test_f1: 16.67% (0.166667)
Epoch 144 completed in 0.02 seconds (0.00 minutes)
>>>>>>>>>>>>>>>>>>>>>>>>>>>>>>>>>>>>>>>>>>>>>>>>>>>>>>>>>>>>>>>>>>>>>>>>>>>>>>>>>>>>>>>>>>>>>>>>>>>>
epoch: 145
Batch 0 completed in 0.01 seconds (0.00 minutes)
loss: 0.624451, val_acc: 30.00% (0.300000), val_f1: 15.38% (0.153846), test_acc: 20.00% (0.200000), test_f1: 12.12% (0.121212)
Epoch 145 completed in 0.02 seconds (0.00 minutes)
>>>>>>>>>>>>>>>>>>>>>>>>>>>>>>>>>>>>>>>>>>>>>>>>>>>>>>>>>>>>>>>>>>>>>>>>>>>>>>>>>>>>>>>>>>>>>>>>>>>>
epoch: 146
Batch 0 completed in 0.01 seconds (0.00 minutes)
loss: 0.618574, val_acc: 30.00% (0.300000), val_f1: 16.67% (0.166667), test_acc: 30.00% (0.300000), test_f1: 26.67% (0.266667)
Epoch 146 completed in 0.02 seconds (0.00 minutes)
>>>>>>>>>>>>>>>>>>>>>>>>>>>>>>>>>>>>>>>>>>>>>>>>>>>>>>>>>>>>>>>>>>>>>>>>>>>>>>>>>>>>>>>>>>>>>>>>>>>>
epoch: 147
Batch 0 completed in 0.01 seconds (0.00 minutes)
loss: 0.627417, val_acc: 20.00% (0.200000), val_f1: 13.33% (0.133333), test_acc: 20.00% (0.200000), test_f1: 13.33% (0.133333)
Epoch 147 completed in 0.02 seconds (0.00 minutes)
>>>>>>>>>>>>>>>>>>>>>>>>>>>>>>>>>>>>>>>>>>>>>>>>>>>>>>>>>>>>>>>>>>>>>>>>>>>>>>>>>>>>>>>>>>>>>>>>>>>>
epoch: 148
Batch 0 completed in 0.01 seconds (0.00 minutes)
loss: 0.583351, val_acc: 20.00% (0.200000), val_f1: 13.33% (0.133333), test_acc: 20.00% (0.200000), test_f1: 13.33% (0.133333)
Epoch 148 completed in 0.02 seconds (0.00 minutes)
>>>>>>>>>>>>>>>>>>>>>>>>>>>>>>>>>>>>>>>>>>>>>>>>>>>>>>>>>>>>>>>>>>>>>>>>>>>>>>>>>>>>>>>>>>>>>>>>>>>>
epoch: 149
Batch 0 completed in 0.01 seconds (0.00 minutes)
loss: 0.607335, val_acc: 30.00% (0.300000), val_f1: 15.38% (0.153846), test_acc: 20.00% (0.200000), test_f1: 12.12% (0.121212)
Epoch 149 completed in 0.02 seconds (0.00 minutes)
>>>>>>>>>>>>>>>>>>>>>>>>>>>>>>>>>>>>>>>>>>>>>>>>>>>>>>>>>>>>>>>>>>>>>>>>>>>>>>>>>>>>>>>>>>>>>>>>>>>>
epoch: 150
Batch 0 completed in 0.01 seconds (0.00 minutes)
loss: 0.629403, val_acc: 30.00% (0.300000), val_f1: 15.38% (0.153846), test_acc: 30.00% (0.300000), test_f1: 16.67% (0.166667)
Epoch 150 completed in 0.02 seconds (0.00 minutes)
>>>>>>>>>>>>>>>>>>>>>>>>>>>>>>>>>>>>>>>>>>>>>>>>>>>>>>>>>>>>>>>>>>>>>>>>>>>>>>>>>>>>>>>>>>>>>>>>>>>>
epoch: 151
Batch 0 completed in 0.01 seconds (0.00 minutes)
loss: 0.624371, val_acc: 30.00% (0.300000), val_f1: 15.38% (0.153846), test_acc: 30.00% (0.300000), test_f1: 16.67% (0.166667)
Epoch 151 completed in 0.02 seconds (0.00 minutes)
>>>>>>>>>>>>>>>>>>>>>>>>>>>>>>>>>>>>>>>>>>>>>>>>>>>>>>>>>>>>>>>>>>>>>>>>>>>>>>>>>>>>>>>>>>>>>>>>>>>>
epoch: 152
Batch 0 completed in 0.01 seconds (0.00 minutes)
loss: 0.596227, val_acc: 30.00% (0.300000), val_f1: 16.67% (0.166667), test_acc: 20.00% (0.200000), test_f1: 12.12% (0.121212)
Epoch 152 completed in 0.02 seconds (0.00 minutes)
>>>>>>>>>>>>>>>>>>>>>>>>>>>>>>>>>>>>>>>>>>>>>>>>>>>>>>>>>>>>>>>>>>>>>>>>>>>>>>>>>>>>>>>>>>>>>>>>>>>>
epoch: 153
Batch 0 completed in 0.01 seconds (0.00 minutes)
loss: 0.585070, val_acc: 20.00% (0.200000), val_f1: 13.33% (0.133333), test_acc: 20.00% (0.200000), test_f1: 20.74% (0.207407)
Epoch 153 completed in 0.02 seconds (0.00 minutes)
>>>>>>>>>>>>>>>>>>>>>>>>>>>>>>>>>>>>>>>>>>>>>>>>>>>>>>>>>>>>>>>>>>>>>>>>>>>>>>>>>>>>>>>>>>>>>>>>>>>>
epoch: 154
Batch 0 completed in 0.01 seconds (0.00 minutes)
loss: 0.588902, val_acc: 20.00% (0.200000), val_f1: 11.11% (0.111111), test_acc: 20.00% (0.200000), test_f1: 12.12% (0.121212)
Epoch 154 completed in 0.02 seconds (0.00 minutes)
>>>>>>>>>>>>>>>>>>>>>>>>>>>>>>>>>>>>>>>>>>>>>>>>>>>>>>>>>>>>>>>>>>>>>>>>>>>>>>>>>>>>>>>>>>>>>>>>>>>>
epoch: 155
Batch 0 completed in 0.01 seconds (0.00 minutes)
loss: 0.582505, val_acc: 30.00% (0.300000), val_f1: 15.38% (0.153846), test_acc: 30.00% (0.300000), test_f1: 16.67% (0.166667)
Epoch 155 completed in 0.02 seconds (0.00 minutes)
>>>>>>>>>>>>>>>>>>>>>>>>>>>>>>>>>>>>>>>>>>>>>>>>>>>>>>>>>>>>>>>>>>>>>>>>>>>>>>>>>>>>>>>>>>>>>>>>>>>>
epoch: 156
Batch 0 completed in 0.01 seconds (0.00 minutes)
loss: 0.598770, val_acc: 30.00% (0.300000), val_f1: 15.38% (0.153846), test_acc: 30.00% (0.300000), test_f1: 16.67% (0.166667)
Epoch 156 completed in 0.02 seconds (0.00 minutes)
>>>>>>>>>>>>>>>>>>>>>>>>>>>>>>>>>>>>>>>>>>>>>>>>>>>>>>>>>>>>>>>>>>>>>>>>>>>>>>>>>>>>>>>>>>>>>>>>>>>>
epoch: 157
Batch 0 completed in 0.01 seconds (0.00 minutes)
loss: 0.567710, val_acc: 30.00% (0.300000), val_f1: 15.38% (0.153846), test_acc: 20.00% (0.200000), test_f1: 12.12% (0.121212)
Epoch 157 completed in 0.02 seconds (0.00 minutes)
>>>>>>>>>>>>>>>>>>>>>>>>>>>>>>>>>>>>>>>>>>>>>>>>>>>>>>>>>>>>>>>>>>>>>>>>>>>>>>>>>>>>>>>>>>>>>>>>>>>>
epoch: 158
Batch 0 completed in 0.01 seconds (0.00 minutes)
loss: 0.539581, val_acc: 20.00% (0.200000), val_f1: 12.12% (0.121212), test_acc: 30.00% (0.300000), test_f1: 26.67% (0.266667)
Epoch 158 completed in 0.02 seconds (0.00 minutes)
>>>>>>>>>>>>>>>>>>>>>>>>>>>>>>>>>>>>>>>>>>>>>>>>>>>>>>>>>>>>>>>>>>>>>>>>>>>>>>>>>>>>>>>>>>>>>>>>>>>>
epoch: 159
Batch 0 completed in 0.01 seconds (0.00 minutes)
loss: 0.574952, val_acc: 20.00% (0.200000), val_f1: 13.33% (0.133333), test_acc: 20.00% (0.200000), test_f1: 13.33% (0.133333)
Epoch 159 completed in 0.02 seconds (0.00 minutes)
>>>>>>>>>>>>>>>>>>>>>>>>>>>>>>>>>>>>>>>>>>>>>>>>>>>>>>>>>>>>>>>>>>>>>>>>>>>>>>>>>>>>>>>>>>>>>>>>>>>>
epoch: 160
Batch 0 completed in 0.01 seconds (0.00 minutes)
loss: 0.568490, val_acc: 20.00% (0.200000), val_f1: 12.12% (0.121212), test_acc: 20.00% (0.200000), test_f1: 13.33% (0.133333)
Epoch 160 completed in 0.02 seconds (0.00 minutes)
>>>>>>>>>>>>>>>>>>>>>>>>>>>>>>>>>>>>>>>>>>>>>>>>>>>>>>>>>>>>>>>>>>>>>>>>>>>>>>>>>>>>>>>>>>>>>>>>>>>>
epoch: 161
Batch 0 completed in 0.01 seconds (0.00 minutes)
loss: 0.607651, val_acc: 20.00% (0.200000), val_f1: 11.11% (0.111111), test_acc: 20.00% (0.200000), test_f1: 12.12% (0.121212)
Epoch 161 completed in 0.02 seconds (0.00 minutes)
>>>>>>>>>>>>>>>>>>>>>>>>>>>>>>>>>>>>>>>>>>>>>>>>>>>>>>>>>>>>>>>>>>>>>>>>>>>>>>>>>>>>>>>>>>>>>>>>>>>>
epoch: 162
Batch 0 completed in 0.01 seconds (0.00 minutes)
loss: 0.577821, val_acc: 20.00% (0.200000), val_f1: 12.12% (0.121212), test_acc: 20.00% (0.200000), test_f1: 12.12% (0.121212)
Epoch 162 completed in 0.02 seconds (0.00 minutes)
>>>>>>>>>>>>>>>>>>>>>>>>>>>>>>>>>>>>>>>>>>>>>>>>>>>>>>>>>>>>>>>>>>>>>>>>>>>>>>>>>>>>>>>>>>>>>>>>>>>>
epoch: 163
Batch 0 completed in 0.01 seconds (0.00 minutes)
loss: 0.548038, val_acc: 20.00% (0.200000), val_f1: 12.12% (0.121212), test_acc: 20.00% (0.200000), test_f1: 12.12% (0.121212)
Epoch 163 completed in 0.02 seconds (0.00 minutes)
>>>>>>>>>>>>>>>>>>>>>>>>>>>>>>>>>>>>>>>>>>>>>>>>>>>>>>>>>>>>>>>>>>>>>>>>>>>>>>>>>>>>>>>>>>>>>>>>>>>>
epoch: 164
Batch 0 completed in 0.01 seconds (0.00 minutes)
loss: 0.554995, val_acc: 20.00% (0.200000), val_f1: 12.12% (0.121212), test_acc: 30.00% (0.300000), test_f1: 26.67% (0.266667)
Epoch 164 completed in 0.02 seconds (0.00 minutes)
>>>>>>>>>>>>>>>>>>>>>>>>>>>>>>>>>>>>>>>>>>>>>>>>>>>>>>>>>>>>>>>>>>>>>>>>>>>>>>>>>>>>>>>>>>>>>>>>>>>>
epoch: 165
Batch 0 completed in 0.01 seconds (0.00 minutes)
loss: 0.549043, val_acc: 20.00% (0.200000), val_f1: 12.12% (0.121212), test_acc: 20.00% (0.200000), test_f1: 12.12% (0.121212)
Epoch 165 completed in 0.02 seconds (0.00 minutes)
>>>>>>>>>>>>>>>>>>>>>>>>>>>>>>>>>>>>>>>>>>>>>>>>>>>>>>>>>>>>>>>>>>>>>>>>>>>>>>>>>>>>>>>>>>>>>>>>>>>>
epoch: 166
Batch 0 completed in 0.01 seconds (0.00 minutes)
loss: 0.556174, val_acc: 30.00% (0.300000), val_f1: 16.67% (0.166667), test_acc: 20.00% (0.200000), test_f1: 12.12% (0.121212)
Epoch 166 completed in 0.02 seconds (0.00 minutes)
>>>>>>>>>>>>>>>>>>>>>>>>>>>>>>>>>>>>>>>>>>>>>>>>>>>>>>>>>>>>>>>>>>>>>>>>>>>>>>>>>>>>>>>>>>>>>>>>>>>>
epoch: 167
Batch 0 completed in 0.01 seconds (0.00 minutes)
loss: 0.542789, val_acc: 30.00% (0.300000), val_f1: 15.38% (0.153846), test_acc: 20.00% (0.200000), test_f1: 12.12% (0.121212)
Epoch 167 completed in 0.02 seconds (0.00 minutes)
>>>>>>>>>>>>>>>>>>>>>>>>>>>>>>>>>>>>>>>>>>>>>>>>>>>>>>>>>>>>>>>>>>>>>>>>>>>>>>>>>>>>>>>>>>>>>>>>>>>>
epoch: 168
Batch 0 completed in 0.01 seconds (0.00 minutes)
loss: 0.532432, val_acc: 30.00% (0.300000), val_f1: 16.67% (0.166667), test_acc: 20.00% (0.200000), test_f1: 12.12% (0.121212)
Epoch 168 completed in 0.02 seconds (0.00 minutes)
>>>>>>>>>>>>>>>>>>>>>>>>>>>>>>>>>>>>>>>>>>>>>>>>>>>>>>>>>>>>>>>>>>>>>>>>>>>>>>>>>>>>>>>>>>>>>>>>>>>>
epoch: 169
Batch 0 completed in 0.01 seconds (0.00 minutes)
loss: 0.497995, val_acc: 20.00% (0.200000), val_f1: 12.12% (0.121212), test_acc: 20.00% (0.200000), test_f1: 12.12% (0.121212)
Epoch 169 completed in 0.02 seconds (0.00 minutes)
>>>>>>>>>>>>>>>>>>>>>>>>>>>>>>>>>>>>>>>>>>>>>>>>>>>>>>>>>>>>>>>>>>>>>>>>>>>>>>>>>>>>>>>>>>>>>>>>>>>>
epoch: 170
Batch 0 completed in 0.01 seconds (0.00 minutes)
loss: 0.539452, val_acc: 20.00% (0.200000), val_f1: 12.12% (0.121212), test_acc: 20.00% (0.200000), test_f1: 12.12% (0.121212)
Epoch 170 completed in 0.02 seconds (0.00 minutes)
>>>>>>>>>>>>>>>>>>>>>>>>>>>>>>>>>>>>>>>>>>>>>>>>>>>>>>>>>>>>>>>>>>>>>>>>>>>>>>>>>>>>>>>>>>>>>>>>>>>>
epoch: 171
Batch 0 completed in 0.01 seconds (0.00 minutes)
loss: 0.528476, val_acc: 30.00% (0.300000), val_f1: 16.67% (0.166667), test_acc: 20.00% (0.200000), test_f1: 12.12% (0.121212)
Epoch 171 completed in 0.02 seconds (0.00 minutes)
>>>>>>>>>>>>>>>>>>>>>>>>>>>>>>>>>>>>>>>>>>>>>>>>>>>>>>>>>>>>>>>>>>>>>>>>>>>>>>>>>>>>>>>>>>>>>>>>>>>>
epoch: 172
Batch 0 completed in 0.01 seconds (0.00 minutes)
loss: 0.537139, val_acc: 30.00% (0.300000), val_f1: 16.67% (0.166667), test_acc: 20.00% (0.200000), test_f1: 12.12% (0.121212)
Epoch 172 completed in 0.02 seconds (0.00 minutes)
>>>>>>>>>>>>>>>>>>>>>>>>>>>>>>>>>>>>>>>>>>>>>>>>>>>>>>>>>>>>>>>>>>>>>>>>>>>>>>>>>>>>>>>>>>>>>>>>>>>>
epoch: 173
Batch 0 completed in 0.01 seconds (0.00 minutes)
loss: 0.521994, val_acc: 20.00% (0.200000), val_f1: 12.12% (0.121212), test_acc: 20.00% (0.200000), test_f1: 12.12% (0.121212)
Epoch 173 completed in 0.02 seconds (0.00 minutes)
>>>>>>>>>>>>>>>>>>>>>>>>>>>>>>>>>>>>>>>>>>>>>>>>>>>>>>>>>>>>>>>>>>>>>>>>>>>>>>>>>>>>>>>>>>>>>>>>>>>>
epoch: 174
Batch 0 completed in 0.01 seconds (0.00 minutes)
loss: 0.520027, val_acc: 30.00% (0.300000), val_f1: 15.38% (0.153846), test_acc: 20.00% (0.200000), test_f1: 12.12% (0.121212)
Epoch 174 completed in 0.02 seconds (0.00 minutes)
>>>>>>>>>>>>>>>>>>>>>>>>>>>>>>>>>>>>>>>>>>>>>>>>>>>>>>>>>>>>>>>>>>>>>>>>>>>>>>>>>>>>>>>>>>>>>>>>>>>>
epoch: 175
Batch 0 completed in 0.01 seconds (0.00 minutes)
loss: 0.525889, val_acc: 30.00% (0.300000), val_f1: 15.38% (0.153846), test_acc: 20.00% (0.200000), test_f1: 12.12% (0.121212)
Epoch 175 completed in 0.02 seconds (0.00 minutes)
>>>>>>>>>>>>>>>>>>>>>>>>>>>>>>>>>>>>>>>>>>>>>>>>>>>>>>>>>>>>>>>>>>>>>>>>>>>>>>>>>>>>>>>>>>>>>>>>>>>>
epoch: 176
Batch 0 completed in 0.01 seconds (0.00 minutes)
loss: 0.508367, val_acc: 30.00% (0.300000), val_f1: 16.67% (0.166667), test_acc: 20.00% (0.200000), test_f1: 12.12% (0.121212)
Epoch 176 completed in 0.02 seconds (0.00 minutes)
>>>>>>>>>>>>>>>>>>>>>>>>>>>>>>>>>>>>>>>>>>>>>>>>>>>>>>>>>>>>>>>>>>>>>>>>>>>>>>>>>>>>>>>>>>>>>>>>>>>>
epoch: 177
Batch 0 completed in 0.01 seconds (0.00 minutes)
loss: 0.499761, val_acc: 20.00% (0.200000), val_f1: 12.12% (0.121212), test_acc: 20.00% (0.200000), test_f1: 12.12% (0.121212)
Epoch 177 completed in 0.02 seconds (0.00 minutes)
>>>>>>>>>>>>>>>>>>>>>>>>>>>>>>>>>>>>>>>>>>>>>>>>>>>>>>>>>>>>>>>>>>>>>>>>>>>>>>>>>>>>>>>>>>>>>>>>>>>>
epoch: 178
Batch 0 completed in 0.01 seconds (0.00 minutes)
loss: 0.478759, val_acc: 20.00% (0.200000), val_f1: 12.12% (0.121212), test_acc: 20.00% (0.200000), test_f1: 12.12% (0.121212)
Epoch 178 completed in 0.02 seconds (0.00 minutes)
>>>>>>>>>>>>>>>>>>>>>>>>>>>>>>>>>>>>>>>>>>>>>>>>>>>>>>>>>>>>>>>>>>>>>>>>>>>>>>>>>>>>>>>>>>>>>>>>>>>>
epoch: 179
Batch 0 completed in 0.01 seconds (0.00 minutes)
loss: 0.528652, val_acc: 20.00% (0.200000), val_f1: 12.12% (0.121212), test_acc: 20.00% (0.200000), test_f1: 12.12% (0.121212)
Epoch 179 completed in 0.02 seconds (0.00 minutes)
>>>>>>>>>>>>>>>>>>>>>>>>>>>>>>>>>>>>>>>>>>>>>>>>>>>>>>>>>>>>>>>>>>>>>>>>>>>>>>>>>>>>>>>>>>>>>>>>>>>>
epoch: 180
Batch 0 completed in 0.01 seconds (0.00 minutes)
loss: 0.497313, val_acc: 30.00% (0.300000), val_f1: 16.67% (0.166667), test_acc: 20.00% (0.200000), test_f1: 12.12% (0.121212)
Epoch 180 completed in 0.02 seconds (0.00 minutes)
>>>>>>>>>>>>>>>>>>>>>>>>>>>>>>>>>>>>>>>>>>>>>>>>>>>>>>>>>>>>>>>>>>>>>>>>>>>>>>>>>>>>>>>>>>>>>>>>>>>>
epoch: 181
Batch 0 completed in 0.01 seconds (0.00 minutes)
loss: 0.488781, val_acc: 20.00% (0.200000), val_f1: 13.33% (0.133333), test_acc: 20.00% (0.200000), test_f1: 12.12% (0.121212)
Epoch 181 completed in 0.02 seconds (0.00 minutes)
>>>>>>>>>>>>>>>>>>>>>>>>>>>>>>>>>>>>>>>>>>>>>>>>>>>>>>>>>>>>>>>>>>>>>>>>>>>>>>>>>>>>>>>>>>>>>>>>>>>>
epoch: 182
Batch 0 completed in 0.01 seconds (0.00 minutes)
loss: 0.513725, val_acc: 20.00% (0.200000), val_f1: 12.12% (0.121212), test_acc: 20.00% (0.200000), test_f1: 12.12% (0.121212)
Epoch 182 completed in 0.02 seconds (0.00 minutes)
>>>>>>>>>>>>>>>>>>>>>>>>>>>>>>>>>>>>>>>>>>>>>>>>>>>>>>>>>>>>>>>>>>>>>>>>>>>>>>>>>>>>>>>>>>>>>>>>>>>>
epoch: 183
Batch 0 completed in 0.01 seconds (0.00 minutes)
loss: 0.492634, val_acc: 30.00% (0.300000), val_f1: 16.67% (0.166667), test_acc: 20.00% (0.200000), test_f1: 12.12% (0.121212)
Epoch 183 completed in 0.02 seconds (0.00 minutes)
>>>>>>>>>>>>>>>>>>>>>>>>>>>>>>>>>>>>>>>>>>>>>>>>>>>>>>>>>>>>>>>>>>>>>>>>>>>>>>>>>>>>>>>>>>>>>>>>>>>>
epoch: 184
Batch 0 completed in 0.01 seconds (0.00 minutes)
loss: 0.463660, val_acc: 20.00% (0.200000), val_f1: 13.33% (0.133333), test_acc: 20.00% (0.200000), test_f1: 12.12% (0.121212)
Epoch 184 completed in 0.02 seconds (0.00 minutes)
>>>>>>>>>>>>>>>>>>>>>>>>>>>>>>>>>>>>>>>>>>>>>>>>>>>>>>>>>>>>>>>>>>>>>>>>>>>>>>>>>>>>>>>>>>>>>>>>>>>>
epoch: 185
Batch 0 completed in 0.01 seconds (0.00 minutes)
loss: 0.471591, val_acc: 20.00% (0.200000), val_f1: 13.33% (0.133333), test_acc: 20.00% (0.200000), test_f1: 12.12% (0.121212)
Epoch 185 completed in 0.02 seconds (0.00 minutes)
>>>>>>>>>>>>>>>>>>>>>>>>>>>>>>>>>>>>>>>>>>>>>>>>>>>>>>>>>>>>>>>>>>>>>>>>>>>>>>>>>>>>>>>>>>>>>>>>>>>>
epoch: 186
Batch 0 completed in 0.01 seconds (0.00 minutes)
loss: 0.493366, val_acc: 20.00% (0.200000), val_f1: 12.12% (0.121212), test_acc: 20.00% (0.200000), test_f1: 12.12% (0.121212)
Epoch 186 completed in 0.02 seconds (0.00 minutes)
>>>>>>>>>>>>>>>>>>>>>>>>>>>>>>>>>>>>>>>>>>>>>>>>>>>>>>>>>>>>>>>>>>>>>>>>>>>>>>>>>>>>>>>>>>>>>>>>>>>>
epoch: 187
Batch 0 completed in 0.01 seconds (0.00 minutes)
loss: 0.504407, val_acc: 30.00% (0.300000), val_f1: 16.67% (0.166667), test_acc: 20.00% (0.200000), test_f1: 12.12% (0.121212)
Epoch 187 completed in 0.02 seconds (0.00 minutes)
>>>>>>>>>>>>>>>>>>>>>>>>>>>>>>>>>>>>>>>>>>>>>>>>>>>>>>>>>>>>>>>>>>>>>>>>>>>>>>>>>>>>>>>>>>>>>>>>>>>>
epoch: 188
Batch 0 completed in 0.01 seconds (0.00 minutes)
loss: 0.457395, val_acc: 20.00% (0.200000), val_f1: 12.12% (0.121212), test_acc: 20.00% (0.200000), test_f1: 12.12% (0.121212)
Epoch 188 completed in 0.02 seconds (0.00 minutes)
>>>>>>>>>>>>>>>>>>>>>>>>>>>>>>>>>>>>>>>>>>>>>>>>>>>>>>>>>>>>>>>>>>>>>>>>>>>>>>>>>>>>>>>>>>>>>>>>>>>>
epoch: 189
Batch 0 completed in 0.01 seconds (0.00 minutes)
loss: 0.470831, val_acc: 20.00% (0.200000), val_f1: 13.33% (0.133333), test_acc: 20.00% (0.200000), test_f1: 12.12% (0.121212)
Epoch 189 completed in 0.02 seconds (0.00 minutes)
>>>>>>>>>>>>>>>>>>>>>>>>>>>>>>>>>>>>>>>>>>>>>>>>>>>>>>>>>>>>>>>>>>>>>>>>>>>>>>>>>>>>>>>>>>>>>>>>>>>>
epoch: 190
Batch 0 completed in 0.01 seconds (0.00 minutes)
loss: 0.475981, val_acc: 20.00% (0.200000), val_f1: 13.33% (0.133333), test_acc: 20.00% (0.200000), test_f1: 12.12% (0.121212)
Epoch 190 completed in 0.02 seconds (0.00 minutes)
>>>>>>>>>>>>>>>>>>>>>>>>>>>>>>>>>>>>>>>>>>>>>>>>>>>>>>>>>>>>>>>>>>>>>>>>>>>>>>>>>>>>>>>>>>>>>>>>>>>>
epoch: 191
Batch 0 completed in 0.01 seconds (0.00 minutes)
loss: 0.469863, val_acc: 20.00% (0.200000), val_f1: 13.33% (0.133333), test_acc: 20.00% (0.200000), test_f1: 12.12% (0.121212)
Epoch 191 completed in 0.02 seconds (0.00 minutes)
>>>>>>>>>>>>>>>>>>>>>>>>>>>>>>>>>>>>>>>>>>>>>>>>>>>>>>>>>>>>>>>>>>>>>>>>>>>>>>>>>>>>>>>>>>>>>>>>>>>>
epoch: 192
Batch 0 completed in 0.01 seconds (0.00 minutes)
loss: 0.453544, val_acc: 20.00% (0.200000), val_f1: 13.33% (0.133333), test_acc: 20.00% (0.200000), test_f1: 12.12% (0.121212)
Epoch 192 completed in 0.02 seconds (0.00 minutes)
>>>>>>>>>>>>>>>>>>>>>>>>>>>>>>>>>>>>>>>>>>>>>>>>>>>>>>>>>>>>>>>>>>>>>>>>>>>>>>>>>>>>>>>>>>>>>>>>>>>>
epoch: 193
Batch 0 completed in 0.01 seconds (0.00 minutes)
loss: 0.455273, val_acc: 20.00% (0.200000), val_f1: 12.12% (0.121212), test_acc: 20.00% (0.200000), test_f1: 12.12% (0.121212)
Epoch 193 completed in 0.02 seconds (0.00 minutes)
>>>>>>>>>>>>>>>>>>>>>>>>>>>>>>>>>>>>>>>>>>>>>>>>>>>>>>>>>>>>>>>>>>>>>>>>>>>>>>>>>>>>>>>>>>>>>>>>>>>>
epoch: 194
Batch 0 completed in 0.01 seconds (0.00 minutes)
loss: 0.452483, val_acc: 30.00% (0.300000), val_f1: 15.38% (0.153846), test_acc: 20.00% (0.200000), test_f1: 12.12% (0.121212)
Epoch 194 completed in 0.02 seconds (0.00 minutes)
>>>>>>>>>>>>>>>>>>>>>>>>>>>>>>>>>>>>>>>>>>>>>>>>>>>>>>>>>>>>>>>>>>>>>>>>>>>>>>>>>>>>>>>>>>>>>>>>>>>>
epoch: 195
Batch 0 completed in 0.01 seconds (0.00 minutes)
loss: 0.446087, val_acc: 30.00% (0.300000), val_f1: 16.67% (0.166667), test_acc: 20.00% (0.200000), test_f1: 12.12% (0.121212)
Epoch 195 completed in 0.02 seconds (0.00 minutes)
>>>>>>>>>>>>>>>>>>>>>>>>>>>>>>>>>>>>>>>>>>>>>>>>>>>>>>>>>>>>>>>>>>>>>>>>>>>>>>>>>>>>>>>>>>>>>>>>>>>>
epoch: 196
Batch 0 completed in 0.01 seconds (0.00 minutes)
loss: 0.439249, val_acc: 20.00% (0.200000), val_f1: 12.12% (0.121212), test_acc: 20.00% (0.200000), test_f1: 12.12% (0.121212)
Epoch 196 completed in 0.02 seconds (0.00 minutes)
>>>>>>>>>>>>>>>>>>>>>>>>>>>>>>>>>>>>>>>>>>>>>>>>>>>>>>>>>>>>>>>>>>>>>>>>>>>>>>>>>>>>>>>>>>>>>>>>>>>>
epoch: 197
Batch 0 completed in 0.01 seconds (0.00 minutes)
loss: 0.474742, val_acc: 20.00% (0.200000), val_f1: 14.81% (0.148148), test_acc: 30.00% (0.300000), test_f1: 22.86% (0.228571)
Epoch 197 completed in 0.02 seconds (0.00 minutes)
>>>>>>>>>>>>>>>>>>>>>>>>>>>>>>>>>>>>>>>>>>>>>>>>>>>>>>>>>>>>>>>>>>>>>>>>>>>>>>>>>>>>>>>>>>>>>>>>>>>>
epoch: 198
Batch 0 completed in 0.01 seconds (0.00 minutes)
loss: 0.412770, val_acc: 20.00% (0.200000), val_f1: 13.33% (0.133333), test_acc: 20.00% (0.200000), test_f1: 12.12% (0.121212)
Epoch 198 completed in 0.02 seconds (0.00 minutes)
>>>>>>>>>>>>>>>>>>>>>>>>>>>>>>>>>>>>>>>>>>>>>>>>>>>>>>>>>>>>>>>>>>>>>>>>>>>>>>>>>>>>>>>>>>>>>>>>>>>>
epoch: 199
[DEBUG] Sample predictions in evaluate:  tensor([0, 0, 2, 2, 2, 0, 2, 0, 2, 1], device='cuda:0')
Batch 0 completed in 0.01 seconds (0.00 minutes)
loss: 0.425853, val_acc: 20.00% (0.200000), val_f1: 13.33% (0.133333), test_acc: 20.00% (0.200000), test_f1: 12.12% (0.121212)
Epoch 199 completed in 0.02 seconds (0.00 minutes)
RESULT: Max Val F1: 0.190476, Max Test F1: 0.190476
Training complete. Generating confusion matrix on the test set.
Confusion matrix saved to /home/rgg2706/Multimodal-Sentiment-Analysis/Logs/SIMPLE-T/2025-02-07/sub-1/021_Feb-07-2025_05:01_PM/confusion_matrix.png
Reading TensorBoard loss at each epoch:
Available tags: {'images': [], 'audio': [], 'histograms': [], 'scalars': ['Loss/train_batch', 'Loss/val_log_step', 'Loss/train_epoch', 'Loss/val_epoch'], 'distributions': [], 'tensors': [], 'graph': False, 'meta_graph': False, 'run_metadata': []}
Output File: /home/rgg2706/Multimodal-Sentiment-Analysis/Logs/SIMPLE-T/2025-02-07/sub-1/021_Feb-07-2025_05:01_PM/trainval_loss_curves.png
