Number of GPUs available: 2
Logs directory: /home/rgg2706/Multimodal-Sentiment-Analysis/Logs/HHMAFM/2024-10-20/sub-5/004_Oct-20-2024_11:55_PM
/home/rgg2706/Multimodal-Sentiment-Analysis/Logs/HHMAFM/2024-10-20/sub-5/004_Oct-20-2024_11:55_PM
> training arguments:
>>> rand_seed: 8
>>> model_name: mfcchfusion2
>>> dataset: mvsa-mts
>>> optimizer: <class 'torch.optim.adam.Adam'>
>>> initializer: <function xavier_uniform_ at 0x7f465fae9b20>
>>> learning_rate: 0.001
>>> dropout_rate: 0.5
>>> num_epoch: 10
>>> batch_size: 128
>>> log_step: 30
>>> max_seq_len: 64
>>> polarities_dim: 3
>>> clip_grad: 5.0
>>> path_image: ./Datasets/MVSA-MTS/images-indexed
>>> crop_size: 224
>>> n_head: 8
>>> roberta_text_feature_dim: 768
>>> roberta_topic_feature_dim: 50
>>> resnet_feature_dim: 2048
>>> densenet_feature_dim: 1024
>>> common_dim: 512
>>> num_classes: 3
>>> model_class: <class 'models.mfcchfusion2.MFCCHFUSION2'>
Preparing mvsa-mts dataset...
-------------- Loading Datasets/MVSA-MTS/mvsa-mts/train.tsv ---------------
Time taken to load Datasets/MVSA-MTS/mvsa-mts/train.tsv: 276.50 seconds (4.61 minutes)
The number of problematic samples: 402
-------------- Loading Datasets/MVSA-MTS/mvsa-mts/val.tsv ---------------
Time taken to load Datasets/MVSA-MTS/mvsa-mts/val.tsv: 92.28 seconds (1.54 minutes)
The number of problematic samples: 136
-------------- Loading Datasets/MVSA-MTS/mvsa-mts/test.tsv ---------------
Time taken to load Datasets/MVSA-MTS/mvsa-mts/test.tsv: 88.63 seconds (1.48 minutes)
The number of problematic samples: 142
Total Training Samples: 19600
Number of Training Samples: 11760
Number of Development Samples: 3920
Number of Test Samples: 3920
Number of unique sentiment classes: 3
building model
