SIMPLE-F2_simplefusion_mvsa-mts-v3_lr0.0001_dr0.5
SLURM Job ID: 19849025
Number of GPUs available: 1
Python PATH: ['/home/rgg2706/Multimodal-Sentiment-Analysis/Models/SIMPLE-F2/src', '/home/rgg2706/Multimodal-Sentiment-Analysis', '/Models/SIMPLE-F2/src', '/.autofs/tools/spack/var/spack/environments/default-nlp-x86_64-24072401/.spack-env/._view/wtxwc3mlkmzy7fbaxlum2674jarpitc2/lib/python311.zip', '/.autofs/tools/spack/var/spack/environments/default-nlp-x86_64-24072401/.spack-env/._view/wtxwc3mlkmzy7fbaxlum2674jarpitc2/lib/python3.11', '/.autofs/tools/spack/var/spack/environments/default-nlp-x86_64-24072401/.spack-env/._view/wtxwc3mlkmzy7fbaxlum2674jarpitc2/lib/python3.11/lib-dynload', '/.autofs/tools/spack/var/spack/environments/default-nlp-x86_64-24072401/.spack-env/._view/wtxwc3mlkmzy7fbaxlum2674jarpitc2/lib/python3.11/site-packages']
Logs directory: /home/rgg2706/Multimodal-Sentiment-Analysis/Logs/SIMPLE-F2/2025-02-13/sub-2/013_Feb-13-2025_01:10_PM
> training arguments:
>>> rand_seed: 8
>>> model_fusion: simplefusion
>>> dataset: mvsa-mts-v3
>>> optimizer: <class 'torch.optim.adam.Adam'>
>>> initializer: <function xavier_uniform_ at 0x7f4d310dd580>
>>> learning_rate: 0.0001
>>> dropout_rate: 0.5
>>> weight_decay: 0.0
>>> num_layers: 3
>>> num_epoch: 70
>>> batch_size: 128
>>> log_step: 60
>>> max_seq_len: 20
>>> polarities_dim: 3
>>> clip_grad: 5.0
>>> path_image: ./images
>>> crop_size: 224
>>> n_head: 8
>>> hidden_dim: 512
>>> num_classes: 3
>>> log_dir: /home/rgg2706/Multimodal-Sentiment-Analysis/Logs/SIMPLE-F2/2025-02-13/sub-2/013_Feb-13-2025_01:10_PM
>>> counter: 0
>>> model_class: <class 'models.simplefusion.SimpleFusion'>
Loading dataset 'mvsa-mts-v3':
  Train path: Datasets/MVSA-MTS/mvsa-mts-v3/train.tsv
  Validation path: Datasets/MVSA-MTS/mvsa-mts-v3/val.tsv
  Test path: Datasets//MVSA-MTS/mvsa-mts-v3/test.tsv
-------------- Loading Datasets/MVSA-MTS/mvsa-mts-v3/train.tsv ---------------
[DEBUG] index: 706
[DEBUG] raw_text: PC Party, #Youth, #Education,Opportunity,#RenewableResources, Proudly #Canada's PCs #elxn42 http://t.co/NSwTddCHS8
[DEBUG] text_length: 9
[DEBUG] polarity: 2
[DEBUG] first 10 input_ids: [101, 7473, 2283, 1010, 1001, 3360, 1010, 1001, 2495, 1010]
---
[DEBUG] index: 2699
[DEBUG] raw_text: Running through the 6 wit my woes #ComeTogether #BlueJays #inthe6
[DEBUG] text_length: 10
[DEBUG] polarity: 1
[DEBUG] first 10 input_ids: [101, 2770, 2083, 1996, 1020, 15966, 2026, 24185, 2229, 1001]
---
[DEBUG] index: 15657
[DEBUG] raw_text: #TruckTuesday | | support@innovativeautoworx.com | 403.242.2767 | #Trucks #YYC #Calgary | http://t.co/ruwEqCd3LT
[DEBUG] text_length: 12
[DEBUG] polarity: 0
[DEBUG] first 10 input_ids: [101, 1001, 4744, 8525, 2229, 10259, 1064, 1064, 2490, 1030]
---
[DEBUG] index: 13219
[DEBUG] raw_text: I dont even care how ridiculous this looks #OTRAToronto is officially tomorrow and I am more than ready @onedirection
[DEBUG] text_length: 19
[DEBUG] polarity: 0
[DEBUG] first 10 input_ids: [101, 1045, 2123, 2102, 2130, 2729, 2129, 9951, 2023, 3504]
---
[DEBUG] index: 12053
[DEBUG] raw_text: #Automotive alert: Manufacturing Controls... | Nexteer Automotive | #Saginaw, MI #Auto http://t.co/En5uQ7JZDL
[DEBUG] text_length: 12
[DEBUG] polarity: 2
[DEBUG] first 10 input_ids: [101, 1001, 12945, 9499, 1024, 5814, 7711, 1012, 1012, 1012]
---
Time taken to load Datasets/MVSA-MTS/mvsa-mts-v3/train.tsv: 153.57 seconds (2.56 minutes)
Train classes: [0, 1, 2], count=3
[DEBUG] Train label distribution:
{0: 3522, 1: 3468, 2: 6631}
-------------- Loading Datasets/MVSA-MTS/mvsa-mts-v3/val.tsv ---------------
[DEBUG] index: 18681
[DEBUG] raw_text: ***Steven thinking about the life he just left behind with his beloved, Sam. Should he have stayed?...to be continued
[DEBUG] text_length: 19
[DEBUG] polarity: 2
[DEBUG] first 10 input_ids: [101, 1008, 1008, 1008, 7112, 3241, 2055, 1996, 2166, 2002]
---
[DEBUG] index: 16242
[DEBUG] raw_text: Thanks for an amazing summer #yyc,53 organizations engaged youth in 350 projects to contribute 20000 volunteer hours!
[DEBUG] text_length: 17
[DEBUG] polarity: 2
[DEBUG] first 10 input_ids: [101, 4283, 2005, 2019, 6429, 2621, 1001, 1061, 2100, 2278]
---
[DEBUG] index: 9628
[DEBUG] raw_text: HSR fares go up on Tuesday. Tickets (new issue) are $2.15. Don't be overcharged! #HamOnt #HSR https://t.co/zBxyTmcy1o
[DEBUG] text_length: 17
[DEBUG] polarity: 1
[DEBUG] first 10 input_ids: [101, 26236, 2099, 27092, 2175, 2039, 2006, 9857, 1012, 9735]
---
[DEBUG] index: 6350
[DEBUG] raw_text: @Calum5SOS just saw this on my Instagram feed and instantly thought of you #JetBlackHeart #ShesKindaHotVMA
[DEBUG] text_length: 15
[DEBUG] polarity: 0
[DEBUG] first 10 input_ids: [101, 1030, 10250, 2819, 2629, 17063, 2074, 2387, 2023, 2006]
---
[DEBUG] index: 17705
[DEBUG] raw_text: #selfiefornash @Nashgrier You've helped me get through the rough times Nash. I love you ????????
[DEBUG] text_length: 15
[DEBUG] polarity: 1
[DEBUG] first 10 input_ids: [101, 1001, 2969, 2666, 29278, 11649, 2232, 1030, 10594, 16523]
---
Time taken to load Datasets/MVSA-MTS/mvsa-mts-v3/val.tsv: 19.33 seconds (0.32 minutes)
Val classes: [0, 1, 2], count=3
[DEBUG] Val label distribution:
{0: 436, 1: 442, 2: 825}
[DEBUG] Computed class_weights = [1.2891349792480469, 1.3092080354690552, 0.6847132444381714]
-------------- Loading Datasets//MVSA-MTS/mvsa-mts-v3/test.tsv ---------------
[DEBUG] index: 14949
[DEBUG] raw_text: Candid shot at #Montreal @FetishWeekend. #smile latex: @HWD_Latex #iLoveBiancaMondays http://t.co/eDaoHprlRP
[DEBUG] text_length: 10
[DEBUG] polarity: 2
[DEBUG] first 10 input_ids: [101, 27467, 2094, 2915, 2012, 1001, 5548, 1030, 10768, 24788]
---
[DEBUG] index: 9542
[DEBUG] raw_text: #hamont stop by and help out Lynwood Hall raise some founds with a car wash! #lynwoodhallcarwash #machealth
[DEBUG] text_length: 17
[DEBUG] polarity: 0
[DEBUG] first 10 input_ids: [101, 1001, 10654, 12162, 2644, 2011, 1998, 2393, 2041, 1048]
---
[DEBUG] index: 6309
[DEBUG] raw_text: EVEN MY NEICE WANTS TO VOTE #ShesKindaHotVMA
[DEBUG] text_length: 7
[DEBUG] polarity: 2
[DEBUG] first 10 input_ids: [101, 2130, 2026, 11265, 6610, 4122, 2000, 3789, 1001, 2016]
---
[DEBUG] index: 17974
[DEBUG] raw_text: Looks like I'm going alone ????
[DEBUG] text_length: 6
[DEBUG] polarity: 2
[DEBUG] first 10 input_ids: [101, 3504, 2066, 1045, 1005, 1049, 2183, 2894, 1029, 1029]
---
[DEBUG] index: 14882
[DEBUG] raw_text: Here it comes!! @comedynest Sept 24-26 Call 514-932-6378 for reservations! #derekseguin #comedy #montreal #fun
[DEBUG] text_length: 14
[DEBUG] polarity: 2
[DEBUG] first 10 input_ids: [101, 2182, 2009, 3310, 999, 999, 1030, 4038, 5267, 2102]
---
Time taken to load Datasets//MVSA-MTS/mvsa-mts-v3/test.tsv: 20.09 seconds (0.33 minutes)
Test classes: [0, 1, 2], count=3
[DEBUG] Test label distribution:
{0: 450, 1: 431, 2: 822}
[DEBUG] 95th percentile sequence length across all splits: 20.00
Total Training Samples: 17027
Number of Training Samples: 13621
Number of Validation Samples: 1703
Number of Test Samples: 1703
Number of unique sentiment classes: 3
Building model
1
n_trainable_params: 1445891, n_nontrainable_params: 0
>>>>>>>>>>>>>>>>>>>>>>>>>>>>>>>>>>>>>>>>>>>>>>>>>>>>>>>>>>>>>>>>>>>>>>>>>>>>>>>>>>>>>>>>>>>>>>>>>>>>
epoch: 0
[DEBUG] Sample predictions in evaluate:  tensor([2, 2, 2, 2, 2, 2, 2, 2, 2, 2], device='cuda:0')
[DEBUG] outputs.shape: torch.Size([128, 3])
[DEBUG] Sample of raw logits (first 5):
tensor([[ 0.3994, -0.4981,  0.8051],
        [ 0.0373, -0.1940,  0.8359],
        [-0.4631, -0.3654,  0.7565],
        [-0.3326, -0.4304,  0.6040],
        [ 0.0086, -1.0351,  0.6716]], device='cuda:0',
       grad_fn=<SliceBackward0>)
[DEBUG] Sample of predicted probabilities (first 5):
tensor([[0.3439, 0.1402, 0.5160],
        [0.2490, 0.1976, 0.5534],
        [0.1822, 0.2009, 0.6169],
        [0.2243, 0.2034, 0.5723],
        [0.3037, 0.1069, 0.5894]], device='cuda:0', grad_fn=<SliceBackward0>)
Batch 0 completed in 1.21 seconds (0.02 minutes)
New best val_f1: 0.263138 (previous best: 0.000000)
loss: 1.164034, val_acc: 30.89% (0.308867), val_f1: 26.31% (0.263138), test_acc: 30.83% (0.308280), test_f1: 26.62% (0.266158)
Batch 60 completed in 0.26 seconds (0.00 minutes)
New best val_f1: 0.327814 (previous best: 0.263138)
loss: 1.027559, val_acc: 46.10% (0.460951), val_f1: 32.78% (0.327814), test_acc: 47.03% (0.470346), test_f1: 33.92% (0.339213)
Epoch 0 completed in 41.32 seconds (0.69 minutes)
>>>>>>>>>>>>>>>>>>>>>>>>>>>>>>>>>>>>>>>>>>>>>>>>>>>>>>>>>>>>>>>>>>>>>>>>>>>>>>>>>>>>>>>>>>>>>>>>>>>>
epoch: 1
Batch 0 completed in 0.26 seconds (0.00 minutes)
New best val_f1: 0.393712 (previous best: 0.327814)
loss: 1.080362, val_acc: 41.81% (0.418086), val_f1: 39.37% (0.393712), test_acc: 43.04% (0.430417), test_f1: 40.92% (0.409179)
Batch 60 completed in 0.26 seconds (0.00 minutes)
loss: 1.036368, val_acc: 48.80% (0.487962), val_f1: 33.46% (0.334623), test_acc: 49.85% (0.498532), test_f1: 34.24% (0.342439)
Epoch 1 completed in 39.64 seconds (0.66 minutes)
>>>>>>>>>>>>>>>>>>>>>>>>>>>>>>>>>>>>>>>>>>>>>>>>>>>>>>>>>>>>>>>>>>>>>>>>>>>>>>>>>>>>>>>>>>>>>>>>>>>>
epoch: 2
Batch 0 completed in 0.26 seconds (0.00 minutes)
loss: 0.921644, val_acc: 48.85% (0.488550), val_f1: 31.72% (0.317188), test_acc: 50.32% (0.503230), test_f1: 32.85% (0.328463)
Batch 60 completed in 0.26 seconds (0.00 minutes)
loss: 1.007927, val_acc: 46.51% (0.465062), val_f1: 37.42% (0.374186), test_acc: 48.97% (0.489724), test_f1: 38.99% (0.389909)
Epoch 2 completed in 40.22 seconds (0.67 minutes)
>>>>>>>>>>>>>>>>>>>>>>>>>>>>>>>>>>>>>>>>>>>>>>>>>>>>>>>>>>>>>>>>>>>>>>>>>>>>>>>>>>>>>>>>>>>>>>>>>>>>
epoch: 3
Batch 0 completed in 0.26 seconds (0.00 minutes)
loss: 0.933249, val_acc: 49.91% (0.499119), val_f1: 28.70% (0.286987), test_acc: 49.32% (0.493247), test_f1: 28.15% (0.281523)
Batch 60 completed in 0.26 seconds (0.00 minutes)
loss: 1.000814, val_acc: 48.62% (0.486201), val_f1: 34.27% (0.342668), test_acc: 50.85% (0.508514), test_f1: 36.48% (0.364804)
Epoch 3 completed in 40.52 seconds (0.68 minutes)
>>>>>>>>>>>>>>>>>>>>>>>>>>>>>>>>>>>>>>>>>>>>>>>>>>>>>>>>>>>>>>>>>>>>>>>>>>>>>>>>>>>>>>>>>>>>>>>>>>>>
epoch: 4
Batch 0 completed in 0.26 seconds (0.00 minutes)
loss: 0.957816, val_acc: 46.39% (0.463887), val_f1: 35.73% (0.357286), test_acc: 45.57% (0.455666), test_f1: 34.94% (0.349369)
Batch 60 completed in 0.26 seconds (0.00 minutes)
loss: 0.989280, val_acc: 45.04% (0.450382), val_f1: 38.00% (0.380028), test_acc: 45.10% (0.450969), test_f1: 38.24% (0.382435)
Epoch 4 completed in 40.48 seconds (0.67 minutes)
>>>>>>>>>>>>>>>>>>>>>>>>>>>>>>>>>>>>>>>>>>>>>>>>>>>>>>>>>>>>>>>>>>>>>>>>>>>>>>>>>>>>>>>>>>>>>>>>>>>>
epoch: 5
Batch 0 completed in 0.26 seconds (0.00 minutes)
loss: 0.872792, val_acc: 50.03% (0.500294), val_f1: 35.64% (0.356449), test_acc: 50.68% (0.506753), test_f1: 35.81% (0.358133)
Batch 60 completed in 0.26 seconds (0.00 minutes)
loss: 0.956194, val_acc: 47.45% (0.474457), val_f1: 37.53% (0.375293), test_acc: 49.56% (0.495596), test_f1: 38.06% (0.380645)
Epoch 5 completed in 40.51 seconds (0.68 minutes)
>>>>>>>>>>>>>>>>>>>>>>>>>>>>>>>>>>>>>>>>>>>>>>>>>>>>>>>>>>>>>>>>>>>>>>>>>>>>>>>>>>>>>>>>>>>>>>>>>>>>
epoch: 6
Batch 0 completed in 0.26 seconds (0.00 minutes)
New best val_f1: 0.396053 (previous best: 0.393712)
loss: 0.940300, val_acc: 46.74% (0.467410), val_f1: 39.61% (0.396053), test_acc: 48.68% (0.486788), test_f1: 39.91% (0.399130)
Batch 60 completed in 0.26 seconds (0.00 minutes)
loss: 0.922745, val_acc: 45.86% (0.458602), val_f1: 39.53% (0.395263), test_acc: 47.09% (0.470934), test_f1: 39.75% (0.397550)
Epoch 6 completed in 40.77 seconds (0.68 minutes)
>>>>>>>>>>>>>>>>>>>>>>>>>>>>>>>>>>>>>>>>>>>>>>>>>>>>>>>>>>>>>>>>>>>>>>>>>>>>>>>>>>>>>>>>>>>>>>>>>>>>
epoch: 7
Batch 0 completed in 0.26 seconds (0.00 minutes)
loss: 0.868478, val_acc: 49.38% (0.493834), val_f1: 36.55% (0.365464), test_acc: 51.03% (0.510276), test_f1: 37.28% (0.372825)
Batch 60 completed in 0.26 seconds (0.00 minutes)
loss: 0.996889, val_acc: 48.09% (0.480916), val_f1: 36.71% (0.367058), test_acc: 50.15% (0.501468), test_f1: 37.59% (0.375887)
Epoch 7 completed in 40.21 seconds (0.67 minutes)
>>>>>>>>>>>>>>>>>>>>>>>>>>>>>>>>>>>>>>>>>>>>>>>>>>>>>>>>>>>>>>>>>>>>>>>>>>>>>>>>>>>>>>>>>>>>>>>>>>>>
epoch: 8
Batch 0 completed in 0.26 seconds (0.00 minutes)
loss: 0.879801, val_acc: 48.50% (0.485026), val_f1: 38.69% (0.386889), test_acc: 50.09% (0.500881), test_f1: 39.31% (0.393116)
Batch 60 completed in 0.26 seconds (0.00 minutes)
loss: 0.844700, val_acc: 47.56% (0.475631), val_f1: 36.31% (0.363111), test_acc: 49.21% (0.492073), test_f1: 36.99% (0.369907)
Epoch 8 completed in 40.83 seconds (0.68 minutes)
>>>>>>>>>>>>>>>>>>>>>>>>>>>>>>>>>>>>>>>>>>>>>>>>>>>>>>>>>>>>>>>>>>>>>>>>>>>>>>>>>>>>>>>>>>>>>>>>>>>>
epoch: 9
Batch 0 completed in 0.26 seconds (0.00 minutes)
loss: 0.876469, val_acc: 49.21% (0.492073), val_f1: 31.14% (0.311432), test_acc: 50.79% (0.507927), test_f1: 33.12% (0.331213)
Batch 60 completed in 0.26 seconds (0.00 minutes)
loss: 0.968979, val_acc: 47.97% (0.479742), val_f1: 37.49% (0.374927), test_acc: 48.50% (0.485026), test_f1: 37.37% (0.373714)
Epoch 9 completed in 39.86 seconds (0.66 minutes)
>>>>>>>>>>>>>>>>>>>>>>>>>>>>>>>>>>>>>>>>>>>>>>>>>>>>>>>>>>>>>>>>>>>>>>>>>>>>>>>>>>>>>>>>>>>>>>>>>>>>
epoch: 10
Batch 0 completed in 0.26 seconds (0.00 minutes)
loss: 0.933863, val_acc: 46.21% (0.462126), val_f1: 38.72% (0.387198), test_acc: 48.09% (0.480916), test_f1: 39.50% (0.394955)
Batch 60 completed in 0.26 seconds (0.00 minutes)
loss: 0.836301, val_acc: 48.91% (0.489137), val_f1: 35.27% (0.352683), test_acc: 48.62% (0.486201), test_f1: 34.10% (0.341012)
Epoch 10 completed in 40.59 seconds (0.68 minutes)
>>>>>>>>>>>>>>>>>>>>>>>>>>>>>>>>>>>>>>>>>>>>>>>>>>>>>>>>>>>>>>>>>>>>>>>>>>>>>>>>>>>>>>>>>>>>>>>>>>>>
epoch: 11
Batch 0 completed in 0.26 seconds (0.00 minutes)
loss: 0.887679, val_acc: 48.15% (0.481503), val_f1: 36.15% (0.361466), test_acc: 48.68% (0.486788), test_f1: 36.73% (0.367308)
Batch 60 completed in 0.26 seconds (0.00 minutes)
loss: 0.858465, val_acc: 48.68% (0.486788), val_f1: 36.01% (0.360096), test_acc: 50.73% (0.507340), test_f1: 37.37% (0.373676)
Epoch 11 completed in 40.59 seconds (0.68 minutes)
>>>>>>>>>>>>>>>>>>>>>>>>>>>>>>>>>>>>>>>>>>>>>>>>>>>>>>>>>>>>>>>>>>>>>>>>>>>>>>>>>>>>>>>>>>>>>>>>>>>>
epoch: 12
Batch 0 completed in 0.26 seconds (0.00 minutes)
New best val_f1: 0.411259 (previous best: 0.396053)
loss: 0.854848, val_acc: 47.92% (0.479154), val_f1: 41.13% (0.411259), test_acc: 48.15% (0.481503), test_f1: 40.95% (0.409471)
Batch 60 completed in 0.26 seconds (0.00 minutes)
loss: 0.880257, val_acc: 49.09% (0.490898), val_f1: 35.91% (0.359072), test_acc: 51.03% (0.510276), test_f1: 37.90% (0.379025)
Epoch 12 completed in 40.05 seconds (0.67 minutes)
>>>>>>>>>>>>>>>>>>>>>>>>>>>>>>>>>>>>>>>>>>>>>>>>>>>>>>>>>>>>>>>>>>>>>>>>>>>>>>>>>>>>>>>>>>>>>>>>>>>>
epoch: 13
Batch 0 completed in 0.26 seconds (0.00 minutes)
loss: 0.858102, val_acc: 49.79% (0.497945), val_f1: 34.49% (0.344850), test_acc: 50.79% (0.507927), test_f1: 35.06% (0.350608)
Batch 60 completed in 0.26 seconds (0.00 minutes)
loss: 0.803486, val_acc: 44.80% (0.448033), val_f1: 39.77% (0.397747), test_acc: 46.10% (0.460951), test_f1: 40.04% (0.400371)
Epoch 13 completed in 40.71 seconds (0.68 minutes)
>>>>>>>>>>>>>>>>>>>>>>>>>>>>>>>>>>>>>>>>>>>>>>>>>>>>>>>>>>>>>>>>>>>>>>>>>>>>>>>>>>>>>>>>>>>>>>>>>>>>
epoch: 14
Batch 0 completed in 0.26 seconds (0.00 minutes)
loss: 0.787011, val_acc: 49.44% (0.494422), val_f1: 34.70% (0.346954), test_acc: 51.09% (0.510863), test_f1: 35.81% (0.358054)
Batch 60 completed in 0.26 seconds (0.00 minutes)
loss: 0.946093, val_acc: 47.86% (0.478567), val_f1: 36.01% (0.360070), test_acc: 50.21% (0.502055), test_f1: 38.13% (0.381318)
Epoch 14 completed in 40.09 seconds (0.67 minutes)
>>>>>>>>>>>>>>>>>>>>>>>>>>>>>>>>>>>>>>>>>>>>>>>>>>>>>>>>>>>>>>>>>>>>>>>>>>>>>>>>>>>>>>>>>>>>>>>>>>>>
epoch: 15
Batch 0 completed in 0.26 seconds (0.00 minutes)
loss: 0.878476, val_acc: 46.74% (0.467410), val_f1: 39.46% (0.394641), test_acc: 47.80% (0.477980), test_f1: 40.19% (0.401855)
Batch 60 completed in 0.26 seconds (0.00 minutes)
loss: 0.833590, val_acc: 48.56% (0.485614), val_f1: 35.00% (0.350004), test_acc: 50.38% (0.503817), test_f1: 36.45% (0.364531)
Epoch 15 completed in 40.81 seconds (0.68 minutes)
>>>>>>>>>>>>>>>>>>>>>>>>>>>>>>>>>>>>>>>>>>>>>>>>>>>>>>>>>>>>>>>>>>>>>>>>>>>>>>>>>>>>>>>>>>>>>>>>>>>>
epoch: 16
Batch 0 completed in 0.26 seconds (0.00 minutes)
loss: 0.761371, val_acc: 48.56% (0.485614), val_f1: 37.97% (0.379663), test_acc: 50.09% (0.500881), test_f1: 38.19% (0.381878)
Batch 60 completed in 0.26 seconds (0.00 minutes)
loss: 0.806369, val_acc: 45.45% (0.454492), val_f1: 39.96% (0.399552), test_acc: 46.80% (0.467998), test_f1: 41.34% (0.413438)
Epoch 16 completed in 40.31 seconds (0.67 minutes)
>>>>>>>>>>>>>>>>>>>>>>>>>>>>>>>>>>>>>>>>>>>>>>>>>>>>>>>>>>>>>>>>>>>>>>>>>>>>>>>>>>>>>>>>>>>>>>>>>>>>
epoch: 17
Batch 0 completed in 0.26 seconds (0.00 minutes)
New best val_f1: 0.411998 (previous best: 0.411259)
loss: 0.847690, val_acc: 44.10% (0.440986), val_f1: 41.20% (0.411998), test_acc: 44.45% (0.444510), test_f1: 41.09% (0.410887)
Batch 60 completed in 0.26 seconds (0.00 minutes)
loss: 0.748606, val_acc: 46.74% (0.467410), val_f1: 40.80% (0.408028), test_acc: 46.62% (0.466236), test_f1: 40.31% (0.403083)
Epoch 17 completed in 40.53 seconds (0.68 minutes)
>>>>>>>>>>>>>>>>>>>>>>>>>>>>>>>>>>>>>>>>>>>>>>>>>>>>>>>>>>>>>>>>>>>>>>>>>>>>>>>>>>>>>>>>>>>>>>>>>>>>
epoch: 18
Batch 0 completed in 0.26 seconds (0.00 minutes)
loss: 0.821855, val_acc: 46.51% (0.465062), val_f1: 39.04% (0.390449), test_acc: 47.33% (0.473282), test_f1: 39.37% (0.393720)
Batch 60 completed in 0.26 seconds (0.00 minutes)
loss: 0.760932, val_acc: 46.92% (0.469172), val_f1: 37.27% (0.372655), test_acc: 48.27% (0.482678), test_f1: 38.52% (0.385221)
Epoch 18 completed in 40.96 seconds (0.68 minutes)
>>>>>>>>>>>>>>>>>>>>>>>>>>>>>>>>>>>>>>>>>>>>>>>>>>>>>>>>>>>>>>>>>>>>>>>>>>>>>>>>>>>>>>>>>>>>>>>>>>>>
epoch: 19
Batch 0 completed in 0.26 seconds (0.00 minutes)
loss: 0.776177, val_acc: 48.09% (0.480916), val_f1: 37.47% (0.374712), test_acc: 49.56% (0.495596), test_f1: 38.29% (0.382865)
Batch 60 completed in 0.26 seconds (0.00 minutes)
loss: 0.810364, val_acc: 44.98% (0.449794), val_f1: 39.18% (0.391842), test_acc: 44.74% (0.447446), test_f1: 38.93% (0.389297)
Epoch 19 completed in 40.62 seconds (0.68 minutes)
>>>>>>>>>>>>>>>>>>>>>>>>>>>>>>>>>>>>>>>>>>>>>>>>>>>>>>>>>>>>>>>>>>>>>>>>>>>>>>>>>>>>>>>>>>>>>>>>>>>>
epoch: 20
Batch 0 completed in 0.26 seconds (0.00 minutes)
loss: 0.771700, val_acc: 47.92% (0.479154), val_f1: 34.13% (0.341282), test_acc: 48.03% (0.480329), test_f1: 34.07% (0.340674)
Batch 60 completed in 0.26 seconds (0.00 minutes)
loss: 0.661639, val_acc: 48.80% (0.487962), val_f1: 36.83% (0.368330), test_acc: 50.50% (0.504991), test_f1: 37.70% (0.376968)
Epoch 20 completed in 41.35 seconds (0.69 minutes)
>>>>>>>>>>>>>>>>>>>>>>>>>>>>>>>>>>>>>>>>>>>>>>>>>>>>>>>>>>>>>>>>>>>>>>>>>>>>>>>>>>>>>>>>>>>>>>>>>>>>
epoch: 21
Batch 0 completed in 0.26 seconds (0.00 minutes)
loss: 0.686913, val_acc: 48.91% (0.489137), val_f1: 35.35% (0.353521), test_acc: 50.26% (0.502642), test_f1: 36.10% (0.360961)
Batch 60 completed in 0.26 seconds (0.00 minutes)
loss: 0.710420, val_acc: 46.21% (0.462126), val_f1: 39.40% (0.393989), test_acc: 46.56% (0.465649), test_f1: 39.60% (0.396026)
Epoch 21 completed in 40.15 seconds (0.67 minutes)
>>>>>>>>>>>>>>>>>>>>>>>>>>>>>>>>>>>>>>>>>>>>>>>>>>>>>>>>>>>>>>>>>>>>>>>>>>>>>>>>>>>>>>>>>>>>>>>>>>>>
epoch: 22
Batch 0 completed in 0.26 seconds (0.00 minutes)
loss: 0.659530, val_acc: 45.98% (0.459777), val_f1: 37.50% (0.374951), test_acc: 46.51% (0.465062), test_f1: 38.68% (0.386788)
Batch 60 completed in 0.26 seconds (0.00 minutes)
loss: 0.689254, val_acc: 47.68% (0.476806), val_f1: 36.38% (0.363751), test_acc: 49.38% (0.493834), test_f1: 37.38% (0.373786)
Epoch 22 completed in 41.09 seconds (0.68 minutes)
>>>>>>>>>>>>>>>>>>>>>>>>>>>>>>>>>>>>>>>>>>>>>>>>>>>>>>>>>>>>>>>>>>>>>>>>>>>>>>>>>>>>>>>>>>>>>>>>>>>>
epoch: 23
Batch 0 completed in 0.26 seconds (0.00 minutes)
loss: 0.682316, val_acc: 45.86% (0.458602), val_f1: 38.74% (0.387358), test_acc: 45.57% (0.455666), test_f1: 39.27% (0.392697)
Batch 60 completed in 0.26 seconds (0.00 minutes)
loss: 0.666505, val_acc: 45.51% (0.455079), val_f1: 38.13% (0.381339), test_acc: 45.80% (0.458015), test_f1: 39.46% (0.394632)
Epoch 23 completed in 40.79 seconds (0.68 minutes)
>>>>>>>>>>>>>>>>>>>>>>>>>>>>>>>>>>>>>>>>>>>>>>>>>>>>>>>>>>>>>>>>>>>>>>>>>>>>>>>>>>>>>>>>>>>>>>>>>>>>
epoch: 24
Batch 0 completed in 0.26 seconds (0.00 minutes)
loss: 0.713485, val_acc: 46.51% (0.465062), val_f1: 39.16% (0.391584), test_acc: 47.45% (0.474457), test_f1: 40.40% (0.404046)
Batch 60 completed in 0.26 seconds (0.00 minutes)
loss: 0.678524, val_acc: 46.68% (0.466823), val_f1: 39.92% (0.399168), test_acc: 46.98% (0.469759), test_f1: 40.29% (0.402866)
Epoch 24 completed in 40.51 seconds (0.68 minutes)
>>>>>>>>>>>>>>>>>>>>>>>>>>>>>>>>>>>>>>>>>>>>>>>>>>>>>>>>>>>>>>>>>>>>>>>>>>>>>>>>>>>>>>>>>>>>>>>>>>>>
epoch: 25
Batch 0 completed in 0.26 seconds (0.00 minutes)
loss: 0.659005, val_acc: 47.39% (0.473870), val_f1: 39.74% (0.397446), test_acc: 47.45% (0.474457), test_f1: 40.25% (0.402543)
Batch 60 completed in 0.26 seconds (0.00 minutes)
loss: 0.690046, val_acc: 47.27% (0.472695), val_f1: 39.67% (0.396697), test_acc: 47.21% (0.472108), test_f1: 39.59% (0.395921)
Epoch 25 completed in 41.06 seconds (0.68 minutes)
>>>>>>>>>>>>>>>>>>>>>>>>>>>>>>>>>>>>>>>>>>>>>>>>>>>>>>>>>>>>>>>>>>>>>>>>>>>>>>>>>>>>>>>>>>>>>>>>>>>>
epoch: 26
Batch 0 completed in 0.26 seconds (0.00 minutes)
loss: 0.711670, val_acc: 45.74% (0.457428), val_f1: 40.92% (0.409230), test_acc: 45.86% (0.458602), test_f1: 40.80% (0.408040)
Batch 60 completed in 0.26 seconds (0.00 minutes)
loss: 0.687127, val_acc: 48.15% (0.481503), val_f1: 37.58% (0.375843), test_acc: 48.62% (0.486201), test_f1: 38.18% (0.381825)
Epoch 26 completed in 40.32 seconds (0.67 minutes)
>>>>>>>>>>>>>>>>>>>>>>>>>>>>>>>>>>>>>>>>>>>>>>>>>>>>>>>>>>>>>>>>>>>>>>>>>>>>>>>>>>>>>>>>>>>>>>>>>>>>
epoch: 27
Batch 0 completed in 0.26 seconds (0.00 minutes)
loss: 0.617566, val_acc: 46.62% (0.466236), val_f1: 37.98% (0.379753), test_acc: 47.86% (0.478567), test_f1: 39.76% (0.397649)
Batch 60 completed in 0.26 seconds (0.00 minutes)
loss: 0.632337, val_acc: 47.68% (0.476806), val_f1: 38.94% (0.389434), test_acc: 48.97% (0.489724), test_f1: 39.70% (0.397040)
Epoch 27 completed in 41.10 seconds (0.69 minutes)
>>>>>>>>>>>>>>>>>>>>>>>>>>>>>>>>>>>>>>>>>>>>>>>>>>>>>>>>>>>>>>>>>>>>>>>>>>>>>>>>>>>>>>>>>>>>>>>>>>>>
epoch: 28
Batch 0 completed in 0.26 seconds (0.00 minutes)
loss: 0.608444, val_acc: 47.62% (0.476218), val_f1: 37.28% (0.372836), test_acc: 47.56% (0.475631), test_f1: 36.67% (0.366653)
Batch 60 completed in 0.26 seconds (0.00 minutes)
loss: 0.618947, val_acc: 45.80% (0.458015), val_f1: 39.11% (0.391085), test_acc: 45.51% (0.455079), test_f1: 39.07% (0.390675)
Epoch 28 completed in 40.21 seconds (0.67 minutes)
>>>>>>>>>>>>>>>>>>>>>>>>>>>>>>>>>>>>>>>>>>>>>>>>>>>>>>>>>>>>>>>>>>>>>>>>>>>>>>>>>>>>>>>>>>>>>>>>>>>>
epoch: 29
Batch 0 completed in 0.26 seconds (0.00 minutes)
loss: 0.600231, val_acc: 45.92% (0.459190), val_f1: 38.77% (0.387663), test_acc: 47.92% (0.479154), test_f1: 40.42% (0.404245)
Batch 60 completed in 0.26 seconds (0.00 minutes)
loss: 0.572728, val_acc: 46.39% (0.463887), val_f1: 40.18% (0.401750), test_acc: 46.39% (0.463887), test_f1: 40.67% (0.406713)
Epoch 29 completed in 40.91 seconds (0.68 minutes)
>>>>>>>>>>>>>>>>>>>>>>>>>>>>>>>>>>>>>>>>>>>>>>>>>>>>>>>>>>>>>>>>>>>>>>>>>>>>>>>>>>>>>>>>>>>>>>>>>>>>
epoch: 30
Batch 0 completed in 0.26 seconds (0.00 minutes)
loss: 0.609415, val_acc: 47.15% (0.471521), val_f1: 38.66% (0.386618), test_acc: 48.21% (0.482090), test_f1: 39.64% (0.396390)
Batch 60 completed in 0.26 seconds (0.00 minutes)
loss: 0.595876, val_acc: 47.09% (0.470934), val_f1: 36.93% (0.369292), test_acc: 48.39% (0.483852), test_f1: 38.55% (0.385500)
Epoch 30 completed in 41.02 seconds (0.68 minutes)
>>>>>>>>>>>>>>>>>>>>>>>>>>>>>>>>>>>>>>>>>>>>>>>>>>>>>>>>>>>>>>>>>>>>>>>>>>>>>>>>>>>>>>>>>>>>>>>>>>>>
epoch: 31
Batch 0 completed in 0.26 seconds (0.00 minutes)
loss: 0.577452, val_acc: 47.27% (0.472695), val_f1: 38.51% (0.385107), test_acc: 48.21% (0.482090), test_f1: 39.48% (0.394752)
Batch 60 completed in 0.26 seconds (0.00 minutes)
loss: 0.544006, val_acc: 45.86% (0.458602), val_f1: 40.49% (0.404882), test_acc: 45.63% (0.456254), test_f1: 40.60% (0.405985)
Epoch 31 completed in 40.48 seconds (0.67 minutes)
>>>>>>>>>>>>>>>>>>>>>>>>>>>>>>>>>>>>>>>>>>>>>>>>>>>>>>>>>>>>>>>>>>>>>>>>>>>>>>>>>>>>>>>>>>>>>>>>>>>>
epoch: 32
Batch 0 completed in 0.26 seconds (0.00 minutes)
loss: 0.577770, val_acc: 46.04% (0.460364), val_f1: 37.90% (0.379002), test_acc: 47.80% (0.477980), test_f1: 39.37% (0.393719)
Batch 60 completed in 0.26 seconds (0.00 minutes)
loss: 0.515186, val_acc: 45.39% (0.453905), val_f1: 40.27% (0.402730), test_acc: 45.98% (0.459777), test_f1: 41.14% (0.411422)
Epoch 32 completed in 41.15 seconds (0.69 minutes)
>>>>>>>>>>>>>>>>>>>>>>>>>>>>>>>>>>>>>>>>>>>>>>>>>>>>>>>>>>>>>>>>>>>>>>>>>>>>>>>>>>>>>>>>>>>>>>>>>>>>
epoch: 33
Batch 0 completed in 0.26 seconds (0.00 minutes)
loss: 0.624575, val_acc: 46.51% (0.465062), val_f1: 37.17% (0.371743), test_acc: 47.45% (0.474457), test_f1: 37.48% (0.374800)
Batch 60 completed in 0.26 seconds (0.00 minutes)
loss: 0.556886, val_acc: 47.62% (0.476218), val_f1: 40.10% (0.400979), test_acc: 46.33% (0.463300), test_f1: 38.71% (0.387059)
Epoch 33 completed in 40.50 seconds (0.67 minutes)
>>>>>>>>>>>>>>>>>>>>>>>>>>>>>>>>>>>>>>>>>>>>>>>>>>>>>>>>>>>>>>>>>>>>>>>>>>>>>>>>>>>>>>>>>>>>>>>>>>>>
epoch: 34
Batch 0 completed in 0.26 seconds (0.00 minutes)
loss: 0.487447, val_acc: 47.80% (0.477980), val_f1: 34.82% (0.348210), test_acc: 49.50% (0.495009), test_f1: 37.37% (0.373745)
Batch 60 completed in 0.26 seconds (0.00 minutes)
loss: 0.621855, val_acc: 47.21% (0.472108), val_f1: 35.73% (0.357273), test_acc: 48.44% (0.484439), test_f1: 37.95% (0.379487)
Epoch 34 completed in 41.04 seconds (0.68 minutes)
>>>>>>>>>>>>>>>>>>>>>>>>>>>>>>>>>>>>>>>>>>>>>>>>>>>>>>>>>>>>>>>>>>>>>>>>>>>>>>>>>>>>>>>>>>>>>>>>>>>>
epoch: 35
Batch 0 completed in 0.26 seconds (0.00 minutes)
loss: 0.528277, val_acc: 45.74% (0.457428), val_f1: 38.66% (0.386593), test_acc: 46.62% (0.466236), test_f1: 40.12% (0.401242)
Batch 60 completed in 0.26 seconds (0.00 minutes)
loss: 0.473722, val_acc: 44.80% (0.448033), val_f1: 40.36% (0.403586), test_acc: 44.92% (0.449207), test_f1: 40.17% (0.401719)
Epoch 35 completed in 40.51 seconds (0.68 minutes)
>>>>>>>>>>>>>>>>>>>>>>>>>>>>>>>>>>>>>>>>>>>>>>>>>>>>>>>>>>>>>>>>>>>>>>>>>>>>>>>>>>>>>>>>>>>>>>>>>>>>
epoch: 36
Batch 0 completed in 0.26 seconds (0.00 minutes)
loss: 0.507675, val_acc: 45.33% (0.453318), val_f1: 39.30% (0.393015), test_acc: 46.15% (0.461538), test_f1: 40.51% (0.405084)
Batch 60 completed in 0.26 seconds (0.00 minutes)
loss: 0.496483, val_acc: 46.33% (0.463300), val_f1: 39.18% (0.391785), test_acc: 46.51% (0.465062), test_f1: 39.56% (0.395573)
Epoch 36 completed in 40.71 seconds (0.68 minutes)
>>>>>>>>>>>>>>>>>>>>>>>>>>>>>>>>>>>>>>>>>>>>>>>>>>>>>>>>>>>>>>>>>>>>>>>>>>>>>>>>>>>>>>>>>>>>>>>>>>>>
epoch: 37
Batch 0 completed in 0.26 seconds (0.00 minutes)
loss: 0.525969, val_acc: 46.74% (0.467410), val_f1: 35.66% (0.356559), test_acc: 48.74% (0.487375), test_f1: 38.56% (0.385644)
Batch 60 completed in 0.26 seconds (0.00 minutes)
loss: 0.454218, val_acc: 47.68% (0.476806), val_f1: 37.29% (0.372924), test_acc: 47.68% (0.476806), test_f1: 37.82% (0.378151)
Epoch 37 completed in 41.16 seconds (0.69 minutes)
>>>>>>>>>>>>>>>>>>>>>>>>>>>>>>>>>>>>>>>>>>>>>>>>>>>>>>>>>>>>>>>>>>>>>>>>>>>>>>>>>>>>>>>>>>>>>>>>>>>>
epoch: 38
Batch 0 completed in 0.26 seconds (0.00 minutes)
loss: 0.481811, val_acc: 47.68% (0.476806), val_f1: 38.53% (0.385274), test_acc: 48.44% (0.484439), test_f1: 39.30% (0.392967)
Batch 60 completed in 0.26 seconds (0.00 minutes)
loss: 0.556694, val_acc: 46.33% (0.463300), val_f1: 39.38% (0.393774), test_acc: 46.33% (0.463300), test_f1: 39.81% (0.398116)
Epoch 38 completed in 40.30 seconds (0.67 minutes)
>>>>>>>>>>>>>>>>>>>>>>>>>>>>>>>>>>>>>>>>>>>>>>>>>>>>>>>>>>>>>>>>>>>>>>>>>>>>>>>>>>>>>>>>>>>>>>>>>>>>
epoch: 39
Batch 0 completed in 0.26 seconds (0.00 minutes)
loss: 0.547924, val_acc: 46.10% (0.460951), val_f1: 40.40% (0.404008), test_acc: 47.09% (0.470934), test_f1: 41.94% (0.419382)
Batch 60 completed in 0.26 seconds (0.00 minutes)
loss: 0.478601, val_acc: 43.69% (0.436876), val_f1: 39.64% (0.396421), test_acc: 45.63% (0.456254), test_f1: 41.57% (0.415670)
Epoch 39 completed in 41.32 seconds (0.69 minutes)
>>>>>>>>>>>>>>>>>>>>>>>>>>>>>>>>>>>>>>>>>>>>>>>>>>>>>>>>>>>>>>>>>>>>>>>>>>>>>>>>>>>>>>>>>>>>>>>>>>>>
epoch: 40
Batch 0 completed in 0.26 seconds (0.00 minutes)
loss: 0.467140, val_acc: 48.03% (0.480329), val_f1: 34.80% (0.348031), test_acc: 48.27% (0.482678), test_f1: 35.63% (0.356276)
Batch 60 completed in 0.26 seconds (0.00 minutes)
loss: 0.448629, val_acc: 47.21% (0.472108), val_f1: 39.00% (0.390023), test_acc: 46.86% (0.468585), test_f1: 39.12% (0.391161)
Epoch 40 completed in 40.42 seconds (0.67 minutes)
>>>>>>>>>>>>>>>>>>>>>>>>>>>>>>>>>>>>>>>>>>>>>>>>>>>>>>>>>>>>>>>>>>>>>>>>>>>>>>>>>>>>>>>>>>>>>>>>>>>>
epoch: 41
Batch 0 completed in 0.26 seconds (0.00 minutes)
loss: 0.455777, val_acc: 47.45% (0.474457), val_f1: 39.71% (0.397113), test_acc: 47.39% (0.473870), test_f1: 40.18% (0.401831)
Batch 60 completed in 0.26 seconds (0.00 minutes)
loss: 0.481321, val_acc: 47.68% (0.476806), val_f1: 39.22% (0.392227), test_acc: 46.74% (0.467410), test_f1: 38.92% (0.389157)
Epoch 41 completed in 40.84 seconds (0.68 minutes)
>>>>>>>>>>>>>>>>>>>>>>>>>>>>>>>>>>>>>>>>>>>>>>>>>>>>>>>>>>>>>>>>>>>>>>>>>>>>>>>>>>>>>>>>>>>>>>>>>>>>
epoch: 42
Batch 0 completed in 0.26 seconds (0.00 minutes)
loss: 0.435171, val_acc: 45.27% (0.452730), val_f1: 40.21% (0.402083), test_acc: 46.15% (0.461538), test_f1: 42.04% (0.420364)
Batch 60 completed in 0.26 seconds (0.00 minutes)
loss: 0.465933, val_acc: 46.86% (0.468585), val_f1: 38.83% (0.388325), test_acc: 46.56% (0.465649), test_f1: 39.19% (0.391912)
Epoch 42 completed in 40.73 seconds (0.68 minutes)
>>>>>>>>>>>>>>>>>>>>>>>>>>>>>>>>>>>>>>>>>>>>>>>>>>>>>>>>>>>>>>>>>>>>>>>>>>>>>>>>>>>>>>>>>>>>>>>>>>>>
epoch: 43
Batch 0 completed in 0.26 seconds (0.00 minutes)
loss: 0.439079, val_acc: 44.80% (0.448033), val_f1: 40.13% (0.401282), test_acc: 45.45% (0.454492), test_f1: 41.12% (0.411211)
Batch 60 completed in 0.26 seconds (0.00 minutes)
loss: 0.472346, val_acc: 45.98% (0.459777), val_f1: 40.26% (0.402575), test_acc: 46.86% (0.468585), test_f1: 41.15% (0.411506)
Epoch 43 completed in 40.66 seconds (0.68 minutes)
>>>>>>>>>>>>>>>>>>>>>>>>>>>>>>>>>>>>>>>>>>>>>>>>>>>>>>>>>>>>>>>>>>>>>>>>>>>>>>>>>>>>>>>>>>>>>>>>>>>>
epoch: 44
Batch 0 completed in 0.26 seconds (0.00 minutes)
loss: 0.411955, val_acc: 46.51% (0.465062), val_f1: 39.26% (0.392582), test_acc: 46.45% (0.464474), test_f1: 39.74% (0.397363)
Batch 60 completed in 0.26 seconds (0.00 minutes)
loss: 0.408929, val_acc: 46.27% (0.462713), val_f1: 40.57% (0.405745), test_acc: 46.10% (0.460951), test_f1: 40.84% (0.408353)
Epoch 44 completed in 41.31 seconds (0.69 minutes)
>>>>>>>>>>>>>>>>>>>>>>>>>>>>>>>>>>>>>>>>>>>>>>>>>>>>>>>>>>>>>>>>>>>>>>>>>>>>>>>>>>>>>>>>>>>>>>>>>>>>
epoch: 45
Batch 0 completed in 0.26 seconds (0.00 minutes)
loss: 0.397083, val_acc: 45.86% (0.458602), val_f1: 36.77% (0.367697), test_acc: 46.80% (0.467998), test_f1: 37.86% (0.378558)
Batch 60 completed in 0.26 seconds (0.00 minutes)
loss: 0.448631, val_acc: 44.33% (0.443335), val_f1: 39.79% (0.397889), test_acc: 44.69% (0.446858), test_f1: 40.75% (0.407516)
Epoch 45 completed in 40.17 seconds (0.67 minutes)
>>>>>>>>>>>>>>>>>>>>>>>>>>>>>>>>>>>>>>>>>>>>>>>>>>>>>>>>>>>>>>>>>>>>>>>>>>>>>>>>>>>>>>>>>>>>>>>>>>>>
epoch: 46
Batch 0 completed in 0.26 seconds (0.00 minutes)
loss: 0.410371, val_acc: 44.80% (0.448033), val_f1: 39.48% (0.394751), test_acc: 45.86% (0.458602), test_f1: 40.73% (0.407341)
Batch 60 completed in 0.26 seconds (0.00 minutes)
loss: 0.423444, val_acc: 44.92% (0.449207), val_f1: 39.99% (0.399932), test_acc: 44.98% (0.449794), test_f1: 40.29% (0.402949)
Epoch 46 completed in 41.21 seconds (0.69 minutes)
>>>>>>>>>>>>>>>>>>>>>>>>>>>>>>>>>>>>>>>>>>>>>>>>>>>>>>>>>>>>>>>>>>>>>>>>>>>>>>>>>>>>>>>>>>>>>>>>>>>>
epoch: 47
Batch 0 completed in 0.26 seconds (0.00 minutes)
loss: 0.416121, val_acc: 45.21% (0.452143), val_f1: 41.07% (0.410672), test_acc: 45.39% (0.453905), test_f1: 41.51% (0.415124)
Batch 60 completed in 0.26 seconds (0.00 minutes)
loss: 0.370469, val_acc: 41.51% (0.415150), val_f1: 39.02% (0.390194), test_acc: 43.39% (0.433940), test_f1: 41.22% (0.412239)
Epoch 47 completed in 40.60 seconds (0.68 minutes)
>>>>>>>>>>>>>>>>>>>>>>>>>>>>>>>>>>>>>>>>>>>>>>>>>>>>>>>>>>>>>>>>>>>>>>>>>>>>>>>>>>>>>>>>>>>>>>>>>>>>
epoch: 48
Batch 0 completed in 0.26 seconds (0.00 minutes)
loss: 0.404965, val_acc: 46.74% (0.467410), val_f1: 37.92% (0.379210), test_acc: 47.15% (0.471521), test_f1: 37.89% (0.378891)
Batch 60 completed in 0.26 seconds (0.00 minutes)
loss: 0.419260, val_acc: 47.50% (0.475044), val_f1: 39.59% (0.395948), test_acc: 45.80% (0.458015), test_f1: 38.40% (0.383967)
Epoch 48 completed in 40.62 seconds (0.68 minutes)
>>>>>>>>>>>>>>>>>>>>>>>>>>>>>>>>>>>>>>>>>>>>>>>>>>>>>>>>>>>>>>>>>>>>>>>>>>>>>>>>>>>>>>>>>>>>>>>>>>>>
epoch: 49
Batch 0 completed in 0.26 seconds (0.00 minutes)
loss: 0.357943, val_acc: 46.04% (0.460364), val_f1: 39.67% (0.396681), test_acc: 46.51% (0.465062), test_f1: 40.24% (0.402352)
Batch 60 completed in 0.26 seconds (0.00 minutes)
loss: 0.390861, val_acc: 46.33% (0.463300), val_f1: 39.87% (0.398707), test_acc: 45.86% (0.458602), test_f1: 39.78% (0.397836)
Epoch 49 completed in 40.90 seconds (0.68 minutes)
>>>>>>>>>>>>>>>>>>>>>>>>>>>>>>>>>>>>>>>>>>>>>>>>>>>>>>>>>>>>>>>>>>>>>>>>>>>>>>>>>>>>>>>>>>>>>>>>>>>>
epoch: 50
Batch 0 completed in 0.26 seconds (0.00 minutes)
loss: 0.349861, val_acc: 39.93% (0.399295), val_f1: 38.43% (0.384264), test_acc: 41.51% (0.415150), test_f1: 40.50% (0.405018)
Batch 60 completed in 0.26 seconds (0.00 minutes)
loss: 0.429936, val_acc: 43.10% (0.431004), val_f1: 39.59% (0.395917), test_acc: 44.39% (0.443922), test_f1: 41.39% (0.413878)
Epoch 50 completed in 40.62 seconds (0.68 minutes)
>>>>>>>>>>>>>>>>>>>>>>>>>>>>>>>>>>>>>>>>>>>>>>>>>>>>>>>>>>>>>>>>>>>>>>>>>>>>>>>>>>>>>>>>>>>>>>>>>>>>
epoch: 51
Batch 0 completed in 0.26 seconds (0.00 minutes)
loss: 0.333469, val_acc: 45.21% (0.452143), val_f1: 38.17% (0.381727), test_acc: 45.80% (0.458015), test_f1: 39.08% (0.390774)
Batch 60 completed in 0.26 seconds (0.00 minutes)
loss: 0.408560, val_acc: 46.68% (0.466823), val_f1: 36.60% (0.366001), test_acc: 46.86% (0.468585), test_f1: 37.19% (0.371906)
Epoch 51 completed in 41.26 seconds (0.69 minutes)
>>>>>>>>>>>>>>>>>>>>>>>>>>>>>>>>>>>>>>>>>>>>>>>>>>>>>>>>>>>>>>>>>>>>>>>>>>>>>>>>>>>>>>>>>>>>>>>>>>>>
epoch: 52
Batch 0 completed in 0.26 seconds (0.00 minutes)
loss: 0.342393, val_acc: 44.16% (0.441574), val_f1: 40.10% (0.400963), test_acc: 44.98% (0.449794), test_f1: 41.53% (0.415273)
Batch 60 completed in 0.26 seconds (0.00 minutes)
loss: 0.365515, val_acc: 47.68% (0.476806), val_f1: 39.25% (0.392542), test_acc: 47.39% (0.473870), test_f1: 39.24% (0.392448)
Epoch 52 completed in 40.15 seconds (0.67 minutes)
>>>>>>>>>>>>>>>>>>>>>>>>>>>>>>>>>>>>>>>>>>>>>>>>>>>>>>>>>>>>>>>>>>>>>>>>>>>>>>>>>>>>>>>>>>>>>>>>>>>>
epoch: 53
Batch 0 completed in 0.26 seconds (0.00 minutes)
loss: 0.332042, val_acc: 42.87% (0.428655), val_f1: 38.75% (0.387528), test_acc: 45.33% (0.453318), test_f1: 42.00% (0.419978)
Batch 60 completed in 0.26 seconds (0.00 minutes)
loss: 0.428967, val_acc: 47.03% (0.470346), val_f1: 38.43% (0.384327), test_acc: 46.68% (0.466823), test_f1: 38.41% (0.384101)
Epoch 53 completed in 41.04 seconds (0.68 minutes)
>>>>>>>>>>>>>>>>>>>>>>>>>>>>>>>>>>>>>>>>>>>>>>>>>>>>>>>>>>>>>>>>>>>>>>>>>>>>>>>>>>>>>>>>>>>>>>>>>>>>
epoch: 54
Batch 0 completed in 0.26 seconds (0.00 minutes)
loss: 0.335889, val_acc: 44.69% (0.446858), val_f1: 40.12% (0.401154), test_acc: 44.98% (0.449794), test_f1: 40.70% (0.406965)
Batch 60 completed in 0.26 seconds (0.00 minutes)
loss: 0.335303, val_acc: 44.57% (0.445684), val_f1: 39.26% (0.392641), test_acc: 44.33% (0.443335), test_f1: 39.46% (0.394607)
Epoch 54 completed in 40.78 seconds (0.68 minutes)
>>>>>>>>>>>>>>>>>>>>>>>>>>>>>>>>>>>>>>>>>>>>>>>>>>>>>>>>>>>>>>>>>>>>>>>>>>>>>>>>>>>>>>>>>>>>>>>>>>>>
epoch: 55
Batch 0 completed in 0.26 seconds (0.00 minutes)
loss: 0.320403, val_acc: 46.92% (0.469172), val_f1: 37.43% (0.374335), test_acc: 46.86% (0.468585), test_f1: 37.54% (0.375389)
Batch 60 completed in 0.26 seconds (0.00 minutes)
loss: 0.291516, val_acc: 44.86% (0.448620), val_f1: 39.76% (0.397617), test_acc: 45.16% (0.451556), test_f1: 40.20% (0.402024)
Epoch 55 completed in 40.51 seconds (0.68 minutes)
>>>>>>>>>>>>>>>>>>>>>>>>>>>>>>>>>>>>>>>>>>>>>>>>>>>>>>>>>>>>>>>>>>>>>>>>>>>>>>>>>>>>>>>>>>>>>>>>>>>>
epoch: 56
Batch 0 completed in 0.26 seconds (0.00 minutes)
loss: 0.368776, val_acc: 42.75% (0.427481), val_f1: 39.48% (0.394815), test_acc: 44.04% (0.440399), test_f1: 40.86% (0.408636)
Batch 60 completed in 0.26 seconds (0.00 minutes)
loss: 0.397722, val_acc: 46.62% (0.466236), val_f1: 39.24% (0.392438), test_acc: 46.56% (0.465649), test_f1: 39.39% (0.393910)
Epoch 56 completed in 41.09 seconds (0.68 minutes)
>>>>>>>>>>>>>>>>>>>>>>>>>>>>>>>>>>>>>>>>>>>>>>>>>>>>>>>>>>>>>>>>>>>>>>>>>>>>>>>>>>>>>>>>>>>>>>>>>>>>
epoch: 57
Batch 0 completed in 0.26 seconds (0.00 minutes)
loss: 0.353821, val_acc: 45.80% (0.458015), val_f1: 39.46% (0.394606), test_acc: 45.86% (0.458602), test_f1: 39.92% (0.399200)
Batch 60 completed in 0.26 seconds (0.00 minutes)
loss: 0.292970, val_acc: 45.63% (0.456254), val_f1: 39.90% (0.399029), test_acc: 45.98% (0.459777), test_f1: 40.31% (0.403121)
Epoch 57 completed in 40.55 seconds (0.68 minutes)
>>>>>>>>>>>>>>>>>>>>>>>>>>>>>>>>>>>>>>>>>>>>>>>>>>>>>>>>>>>>>>>>>>>>>>>>>>>>>>>>>>>>>>>>>>>>>>>>>>>>
epoch: 58
Batch 0 completed in 0.26 seconds (0.00 minutes)
loss: 0.361598, val_acc: 46.10% (0.460951), val_f1: 38.78% (0.387844), test_acc: 45.57% (0.455666), test_f1: 38.85% (0.388536)
Batch 60 completed in 0.26 seconds (0.00 minutes)
loss: 0.300024, val_acc: 44.98% (0.449794), val_f1: 39.29% (0.392931), test_acc: 44.27% (0.442748), test_f1: 39.10% (0.391020)
Epoch 58 completed in 41.21 seconds (0.69 minutes)
>>>>>>>>>>>>>>>>>>>>>>>>>>>>>>>>>>>>>>>>>>>>>>>>>>>>>>>>>>>>>>>>>>>>>>>>>>>>>>>>>>>>>>>>>>>>>>>>>>>>
epoch: 59
Batch 0 completed in 0.26 seconds (0.00 minutes)
loss: 0.272350, val_acc: 45.98% (0.459777), val_f1: 39.54% (0.395430), test_acc: 46.15% (0.461538), test_f1: 39.89% (0.398897)
Batch 60 completed in 0.26 seconds (0.00 minutes)
loss: 0.310721, val_acc: 41.57% (0.415737), val_f1: 39.09% (0.390912), test_acc: 42.98% (0.429830), test_f1: 40.90% (0.409003)
Epoch 59 completed in 40.25 seconds (0.67 minutes)
>>>>>>>>>>>>>>>>>>>>>>>>>>>>>>>>>>>>>>>>>>>>>>>>>>>>>>>>>>>>>>>>>>>>>>>>>>>>>>>>>>>>>>>>>>>>>>>>>>>>
epoch: 60
Batch 0 completed in 0.26 seconds (0.00 minutes)
loss: 0.258029, val_acc: 45.16% (0.451556), val_f1: 39.84% (0.398378), test_acc: 45.10% (0.450969), test_f1: 40.19% (0.401897)
Batch 60 completed in 0.26 seconds (0.00 minutes)
loss: 0.377924, val_acc: 46.68% (0.466823), val_f1: 37.89% (0.378853), test_acc: 47.15% (0.471521), test_f1: 38.02% (0.380212)
Epoch 60 completed in 40.93 seconds (0.68 minutes)
>>>>>>>>>>>>>>>>>>>>>>>>>>>>>>>>>>>>>>>>>>>>>>>>>>>>>>>>>>>>>>>>>>>>>>>>>>>>>>>>>>>>>>>>>>>>>>>>>>>>
epoch: 61
Batch 0 completed in 0.26 seconds (0.00 minutes)
loss: 0.274045, val_acc: 44.74% (0.447446), val_f1: 36.34% (0.363382), test_acc: 44.86% (0.448620), test_f1: 37.11% (0.371146)
Batch 60 completed in 0.26 seconds (0.00 minutes)
loss: 0.289548, val_acc: 47.86% (0.478567), val_f1: 38.09% (0.380935), test_acc: 46.62% (0.466236), test_f1: 37.06% (0.370599)
Epoch 61 completed in 41.02 seconds (0.68 minutes)
>>>>>>>>>>>>>>>>>>>>>>>>>>>>>>>>>>>>>>>>>>>>>>>>>>>>>>>>>>>>>>>>>>>>>>>>>>>>>>>>>>>>>>>>>>>>>>>>>>>>
epoch: 62
Batch 0 completed in 0.26 seconds (0.00 minutes)
loss: 0.256673, val_acc: 41.75% (0.417499), val_f1: 39.09% (0.390886), test_acc: 42.34% (0.423371), test_f1: 39.67% (0.396725)
Batch 60 completed in 0.26 seconds (0.00 minutes)
loss: 0.292066, val_acc: 46.21% (0.462126), val_f1: 37.73% (0.377270), test_acc: 46.80% (0.467998), test_f1: 38.32% (0.383205)
Epoch 62 completed in 40.36 seconds (0.67 minutes)
>>>>>>>>>>>>>>>>>>>>>>>>>>>>>>>>>>>>>>>>>>>>>>>>>>>>>>>>>>>>>>>>>>>>>>>>>>>>>>>>>>>>>>>>>>>>>>>>>>>>
epoch: 63
Batch 0 completed in 0.26 seconds (0.00 minutes)
loss: 0.286920, val_acc: 45.45% (0.454492), val_f1: 38.92% (0.389171), test_acc: 45.57% (0.455666), test_f1: 39.17% (0.391744)
Batch 60 completed in 0.26 seconds (0.00 minutes)
loss: 0.294631, val_acc: 43.22% (0.432179), val_f1: 39.34% (0.393387), test_acc: 44.22% (0.442161), test_f1: 40.81% (0.408091)
Epoch 63 completed in 41.17 seconds (0.69 minutes)
>>>>>>>>>>>>>>>>>>>>>>>>>>>>>>>>>>>>>>>>>>>>>>>>>>>>>>>>>>>>>>>>>>>>>>>>>>>>>>>>>>>>>>>>>>>>>>>>>>>>
epoch: 64
Batch 0 completed in 0.26 seconds (0.00 minutes)
loss: 0.305888, val_acc: 47.09% (0.470934), val_f1: 39.66% (0.396598), test_acc: 46.51% (0.465062), test_f1: 39.47% (0.394716)
Batch 60 completed in 0.26 seconds (0.00 minutes)
loss: 0.269904, val_acc: 45.33% (0.453318), val_f1: 38.01% (0.380099), test_acc: 45.45% (0.454492), test_f1: 38.39% (0.383917)
Epoch 64 completed in 40.49 seconds (0.67 minutes)
>>>>>>>>>>>>>>>>>>>>>>>>>>>>>>>>>>>>>>>>>>>>>>>>>>>>>>>>>>>>>>>>>>>>>>>>>>>>>>>>>>>>>>>>>>>>>>>>>>>>
epoch: 65
Batch 0 completed in 0.26 seconds (0.00 minutes)
loss: 0.294288, val_acc: 43.34% (0.433353), val_f1: 40.38% (0.403844), test_acc: 42.28% (0.422783), test_f1: 39.66% (0.396587)
Batch 60 completed in 0.26 seconds (0.00 minutes)
loss: 0.337704, val_acc: 45.10% (0.450969), val_f1: 39.32% (0.393238), test_acc: 45.45% (0.454492), test_f1: 39.96% (0.399611)
Epoch 65 completed in 41.01 seconds (0.68 minutes)
>>>>>>>>>>>>>>>>>>>>>>>>>>>>>>>>>>>>>>>>>>>>>>>>>>>>>>>>>>>>>>>>>>>>>>>>>>>>>>>>>>>>>>>>>>>>>>>>>>>>
epoch: 66
Batch 0 completed in 0.26 seconds (0.00 minutes)
loss: 0.278399, val_acc: 45.16% (0.451556), val_f1: 39.38% (0.393802), test_acc: 44.86% (0.448620), test_f1: 39.12% (0.391225)
Batch 60 completed in 0.26 seconds (0.00 minutes)
loss: 0.263699, val_acc: 44.04% (0.440399), val_f1: 39.74% (0.397423), test_acc: 44.51% (0.445097), test_f1: 40.51% (0.405102)
Epoch 66 completed in 40.47 seconds (0.67 minutes)
>>>>>>>>>>>>>>>>>>>>>>>>>>>>>>>>>>>>>>>>>>>>>>>>>>>>>>>>>>>>>>>>>>>>>>>>>>>>>>>>>>>>>>>>>>>>>>>>>>>>
epoch: 67
Batch 0 completed in 0.26 seconds (0.00 minutes)
loss: 0.226612, val_acc: 45.74% (0.457428), val_f1: 39.23% (0.392325), test_acc: 45.16% (0.451556), test_f1: 39.25% (0.392466)
Batch 60 completed in 0.26 seconds (0.00 minutes)
loss: 0.299675, val_acc: 44.63% (0.446271), val_f1: 38.93% (0.389319), test_acc: 44.33% (0.443335), test_f1: 39.04% (0.390403)
Epoch 67 completed in 40.55 seconds (0.68 minutes)
>>>>>>>>>>>>>>>>>>>>>>>>>>>>>>>>>>>>>>>>>>>>>>>>>>>>>>>>>>>>>>>>>>>>>>>>>>>>>>>>>>>>>>>>>>>>>>>>>>>>
epoch: 68
Batch 0 completed in 0.26 seconds (0.00 minutes)
loss: 0.203917, val_acc: 47.39% (0.473870), val_f1: 39.09% (0.390850), test_acc: 46.04% (0.460364), test_f1: 37.95% (0.379515)
Batch 60 completed in 0.26 seconds (0.00 minutes)
loss: 0.311925, val_acc: 42.40% (0.423958), val_f1: 38.44% (0.384387), test_acc: 42.92% (0.429243), test_f1: 39.59% (0.395878)
Epoch 68 completed in 41.11 seconds (0.69 minutes)
>>>>>>>>>>>>>>>>>>>>>>>>>>>>>>>>>>>>>>>>>>>>>>>>>>>>>>>>>>>>>>>>>>>>>>>>>>>>>>>>>>>>>>>>>>>>>>>>>>>>
epoch: 69
[DEBUG] Sample predictions in evaluate:  tensor([0, 0, 2, 1, 1, 0, 1, 2, 1, 1], device='cuda:0')
Batch 0 completed in 0.26 seconds (0.00 minutes)
loss: 0.264635, val_acc: 44.39% (0.443922), val_f1: 39.77% (0.397715), test_acc: 44.51% (0.445097), test_f1: 40.05% (0.400453)
Batch 60 completed in 0.26 seconds (0.00 minutes)
loss: 0.357913, val_acc: 46.68% (0.466823), val_f1: 37.89% (0.378856), test_acc: 46.51% (0.465062), test_f1: 38.14% (0.381371)
Epoch 69 completed in 40.20 seconds (0.67 minutes)
RESULT: Max Val F1: 0.411998, Max Test F1: 0.410887
Training complete. Generating confusion matrix on the test set.
Confusion matrix saved to /home/rgg2706/Multimodal-Sentiment-Analysis/Logs/SIMPLE-F2/2025-02-13/sub-2/013_Feb-13-2025_01:10_PM/confusion_matrix.png
Reading TensorBoard loss at each epoch:
Available tags: {'images': [], 'audio': [], 'histograms': [], 'scalars': ['Loss/train_batch', 'Loss/val_log_step', 'Loss/train_epoch', 'Loss/val_epoch'], 'distributions': [], 'tensors': [], 'graph': False, 'meta_graph': False, 'run_metadata': []}
Output File: /home/rgg2706/Multimodal-Sentiment-Analysis/Logs/SIMPLE-F2/2025-02-13/sub-2/013_Feb-13-2025_01:10_PM/trainval_loss_curves.png
Training and validation loss curves saved to /home/rgg2706/Multimodal-Sentiment-Analysis/Logs/SIMPLE-F2/2025-02-13/sub-2/013_Feb-13-2025_01:10_PM/trainval_loss_curves.png
Total Completion Time: 50.98 minutes. (0.85 hours) 
