SLURM Job ID: 20038217
directory /home/rgg2706/Multimodal-Sentiment-Analysis/OpinionMining/Datasets exists
directory /home/rgg2706/Multimodal-Sentiment-Analysis/Models/MOASC/SaveFiles exists
Error loading image /home/rgg2706/Multimodal-Sentiment-Analysis/Datasets/MVSA_Multiple/images/3151.jpg: cannot identify image file '/home/rgg2706/Multimodal-Sentiment-Analysis/Datasets/MVSA_Multiple/images/3151.jpg'
Error loading image /home/rgg2706/Multimodal-Sentiment-Analysis/Datasets/MVSA_Multiple/images/3910.jpg: cannot identify image file '/home/rgg2706/Multimodal-Sentiment-Analysis/Datasets/MVSA_Multiple/images/3910.jpg'
Error loading image /home/rgg2706/Multimodal-Sentiment-Analysis/Datasets/MVSA_Multiple/images/15324.jpg: image file is truncated (4 bytes not processed)
Error loading image /home/rgg2706/Multimodal-Sentiment-Analysis/Datasets/MVSA_Multiple/images/5995.jpg: cannot identify image file '/home/rgg2706/Multimodal-Sentiment-Analysis/Datasets/MVSA_Multiple/images/5995.jpg'

=== DATASET DEBUG INFO ===
Dataset name: MVSA_Multiple
Train set size: 15876
Val set size: 1764
Test set size: 1960
Max text length: 23

[Sample of training data]
  Index 0 ID => text: 'knocked doors with the venerable  team trudeau lpc candidate kylejpeterson this aft in my hometown  aurora! elxn'
              label: 1
  Index 1 ID => text: 'canvassing for  elect kelly yeg yegfed elxn'
              label: 2
  Index 2 ID => text: 'i think it is time for change   ana  commit to  vote  generation trudeau  sfu lpc elxn http annoyedorhesitantt.cohvo i ud x ib'
              label: 1
========================

    Iteration 20 of epoch 1 completed. Loss : 1.0991578102111816 Accuracy : 37.50
    Iteration 40 of epoch 1 completed. Loss : 1.0936859846115112 Accuracy : 50.00
    Iteration 60 of epoch 1 completed. Loss : 1.0993387699127197 Accuracy : 43.75
    Iteration 80 of epoch 1 completed. Loss : 1.1091561317443848 Accuracy : 34.38
    Iteration 100 of epoch 1 completed. Loss : 1.0888904333114624 Accuracy : 59.38
    Iteration 120 of epoch 1 completed. Loss : 1.0370970964431763 Accuracy : 75.00
    Iteration 140 of epoch 1 completed. Loss : 1.0974202156066895 Accuracy : 68.75
    Iteration 160 of epoch 1 completed. Loss : 1.105094313621521 Accuracy : 37.50
    Iteration 180 of epoch 1 completed. Loss : 1.0898072719573975 Accuracy : 50.00
    Iteration 200 of epoch 1 completed. Loss : 1.043089509010315 Accuracy : 59.38
    Iteration 220 of epoch 1 completed. Loss : 1.0800563097000122 Accuracy : 46.88
    Iteration 240 of epoch 1 completed. Loss : 1.0650948286056519 Accuracy : 37.50
    Iteration 260 of epoch 1 completed. Loss : 1.053592562675476 Accuracy : 59.38
    Iteration 280 of epoch 1 completed. Loss : 1.1490192413330078 Accuracy : 3.12
    Iteration 300 of epoch 1 completed. Loss : 1.0643600225448608 Accuracy : 53.12
    Iteration 320 of epoch 1 completed. Loss : 1.10934317111969 Accuracy : 46.88
    Iteration 340 of epoch 1 completed. Loss : 1.0910958051681519 Accuracy : 46.88
    Iteration 360 of epoch 1 completed. Loss : 1.0723936557769775 Accuracy : 62.50
    Iteration 380 of epoch 1 completed. Loss : 1.0808948278427124 Accuracy : 46.88
    Iteration 400 of epoch 1 completed. Loss : 1.0546964406967163 Accuracy : 53.12
    Iteration 420 of epoch 1 completed. Loss : 1.0951796770095825 Accuracy : 37.50
    Iteration 440 of epoch 1 completed. Loss : 1.0192493200302124 Accuracy : 59.38
    Iteration 460 of epoch 1 completed. Loss : 1.04975163936615 Accuracy : 40.62
    Iteration 480 of epoch 1 completed. Loss : 1.0432993173599243 Accuracy : 43.75
