SLURM Job ID: 20077730
The first version with resnset
Model: MOASC4
Dataset: MOA-MVSA-single
directory /home/rgg2706/Multimodal-Sentiment-Analysis/Datasets/MOA-MVSA-single exists
directory /home/rgg2706/Multimodal-Sentiment-Analysis/Datasets/MOA-MVSA-multiple exists
directory /home/rgg2706/Multimodal-Sentiment-Analysis/Models/MOASC4/SaveFiles/SentimentClassifier exists
27
Loading dataset from: /home/rgg2706/Multimodal-Sentiment-Analysis/Datasets/MOA-MVSA-single
/home/rgg2706/Multimodal-Sentiment-Analysis/Datasets/MOA-MVSA-single/text
/home/rgg2706/Multimodal-Sentiment-Analysis/Datasets/MOA-MVSA-single/image
[DEBUG] Now in dataset directory for labels: /home/rgg2706/Multimodal-Sentiment-Analysis/Datasets/MOA-MVSA-single
[DEBUG] About to read labels from: /home/rgg2706/Multimodal-Sentiment-Analysis/Datasets/MOA-MVSA-single/labels.csv
Dataset directory is: /home/rgg2706/Multimodal-Sentiment-Analysis/Datasets/MOA-MVSA-single
Files in dataset directory: ['labels.csv', 'text', 'image']
   ID  text  image
0   1     2      1
1   2     2      1
2   3     2      1
3   4     1      1
4   5     1      1
5   6     1      1
6   7     1      1
7   8     2      1
8   9     1      1
9  10     0      0

[DEBUG] First 5 training texts:
    ID: 2 | Overall sentiment: 1 | Text: grattis min griskulting!!?? va bara tvungen oki s? sch ? ingenkommerattrodig pig happybday wow lovely cut 
    ID: 4 | Overall sentiment: 1 | Text: esco  we have a young and energetic team and we pride ourselves on offering the highes hoer 
    ID: 5 | Overall sentiment: 1 | Text:  chrisashaffer  went to  ssc today to be a movie star to rep for the  deaf and got to meet an energetic great guy  mark  white! 
    ID: 6 | Overall sentiment: 1 | Text:  babeshawnmendes that was really energetic 
    ID: 7 | Overall sentiment: 1 | Text:  deepikapadukone  to my most hard workingfun loving and energetic team.. thank you and  i love you! 
Train samples: 3653
Validation samples: 406
Test samples: 452
Total samples: 4511
Train label distribution: Negative=1097, Positive=2182, Neutral=374
Val   label distribution: Negative=121, Positive=241, Neutral=44
Test  label distribution: Negative=140, Positive=260, Neutral=52
Overall label distribution: Negative=1358, Positive=2683, Neutral=470
    Iteration 20 of epoch 1 completed. Loss : 1.0938646793365479 Accuracy : 46.88
    Iteration 40 of epoch 1 completed. Loss : 1.0860859155654907 Accuracy : 71.88
    Iteration 60 of epoch 1 completed. Loss : 1.0956214666366577 Accuracy : 43.75
    Iteration 80 of epoch 1 completed. Loss : 1.0951393842697144 Accuracy : 68.75
    Iteration 100 of epoch 1 completed. Loss : 1.0937873125076294 Accuracy : 59.38
Best validation accuracy improved from 0.0 to 0.53125
Epoch 1 completed. Test dataset:
	 Loss: 1.0635
	 Accuracy : 56.04
	 Average recall: 0.4295
	 F1_PN: 0.5645
	 Macro-F1: 0.3763
	 Weighted-F1: 0.5395

Best test accuracy improved from 0.0 to 0.5604166666666667, saving model...
    Iteration 20 of epoch 2 completed. Loss : 1.0778521299362183 Accuracy : 50.00
    Iteration 40 of epoch 2 completed. Loss : 1.05717134475708 Accuracy : 50.00
    Iteration 60 of epoch 2 completed. Loss : 1.0874732732772827 Accuracy : 59.38
    Iteration 80 of epoch 2 completed. Loss : 1.068079948425293 Accuracy : 59.38
    Iteration 100 of epoch 2 completed. Loss : 1.1178854703903198 Accuracy : 65.62
Best validation accuracy improved from 0.53125 to 0.5404283216783217
Epoch 2 completed. Test dataset:
	 Loss: 1.0172
	 Accuracy : 52.50
	 Average recall: 0.4647
	 F1_PN: 0.5249
	 Macro-F1: 0.3997
	 Weighted-F1: 0.5142

    Iteration 20 of epoch 3 completed. Loss : 0.942642867565155 Accuracy : 59.38
    Iteration 40 of epoch 3 completed. Loss : 0.8684978485107422 Accuracy : 71.88
    Iteration 60 of epoch 3 completed. Loss : 0.8795962929725647 Accuracy : 75.00
    Iteration 80 of epoch 3 completed. Loss : 0.7319446206092834 Accuracy : 81.25
    Iteration 100 of epoch 3 completed. Loss : 0.9142856001853943 Accuracy : 56.25
Best validation accuracy improved from 0.5404283216783217 to 0.6437937062937062
Epoch 3 completed. Test dataset:
	 Loss: 0.9172
	 Accuracy : 60.62
	 Average recall: 0.5141
	 F1_PN: 0.6145
	 Macro-F1: 0.4612
	 Weighted-F1: 0.5882

Best test accuracy improved from 0.5604166666666667 to 0.60625, saving model...
    Iteration 20 of epoch 4 completed. Loss : 0.7708145380020142 Accuracy : 75.00
    Iteration 40 of epoch 4 completed. Loss : 0.6894463300704956 Accuracy : 81.25
    Iteration 60 of epoch 4 completed. Loss : 0.8672569394111633 Accuracy : 75.00
    Iteration 80 of epoch 4 completed. Loss : 0.654468297958374 Accuracy : 84.38
    Iteration 100 of epoch 4 completed. Loss : 0.7007187008857727 Accuracy : 87.50
Epoch 4 completed. Test dataset:
	 Loss: 0.8930
	 Accuracy : 63.54
	 Average recall: 0.5306
	 F1_PN: 0.6345
	 Macro-F1: 0.4853
	 Weighted-F1: 0.6175

Best test accuracy improved from 0.60625 to 0.6354166666666666, saving model...
    Iteration 20 of epoch 5 completed. Loss : 0.7011509537696838 Accuracy : 84.38
    Iteration 40 of epoch 5 completed. Loss : 0.6782722473144531 Accuracy : 81.25
    Iteration 60 of epoch 5 completed. Loss : 0.8099625110626221 Accuracy : 81.25
    Iteration 80 of epoch 5 completed. Loss : 0.6541592478752136 Accuracy : 90.62
    Iteration 100 of epoch 5 completed. Loss : 0.637529194355011 Accuracy : 93.75
Best validation accuracy improved from 0.6437937062937062 to 0.6678321678321678
Epoch 5 completed. Test dataset:
	 Loss: 0.8964
	 Accuracy : 65.42
	 Average recall: 0.5076
	 F1_PN: 0.6549
	 Macro-F1: 0.4625
	 Weighted-F1: 0.6277

Best test accuracy improved from 0.6354166666666666 to 0.6541666666666667, saving model...
    Iteration 20 of epoch 6 completed. Loss : 0.655516505241394 Accuracy : 87.50
    Iteration 40 of epoch 6 completed. Loss : 0.6254177093505859 Accuracy : 90.62
    Iteration 60 of epoch 6 completed. Loss : 0.7974731922149658 Accuracy : 84.38
    Iteration 80 of epoch 6 completed. Loss : 0.642251193523407 Accuracy : 90.62
    Iteration 100 of epoch 6 completed. Loss : 0.6151061654090881 Accuracy : 96.88
Epoch 6 completed. Test dataset:
	 Loss: 0.8936
	 Accuracy : 64.58
	 Average recall: 0.5084
	 F1_PN: 0.6541
	 Macro-F1: 0.4583
	 Weighted-F1: 0.6217

    Iteration 20 of epoch 7 completed. Loss : 0.5842729806900024 Accuracy : 96.88
    Iteration 40 of epoch 7 completed. Loss : 0.6010808944702148 Accuracy : 93.75
    Iteration 60 of epoch 7 completed. Loss : 0.7937425374984741 Accuracy : 81.25
    Iteration 80 of epoch 7 completed. Loss : 0.6140546202659607 Accuracy : 93.75
    Iteration 100 of epoch 7 completed. Loss : 0.6015800833702087 Accuracy : 96.88
Epoch 7 completed. Test dataset:
	 Loss: 0.8938
	 Accuracy : 64.79
	 Average recall: 0.5164
	 F1_PN: 0.6482
	 Macro-F1: 0.4755
	 Weighted-F1: 0.6269

    Iteration 20 of epoch 8 completed. Loss : 0.6360712647438049 Accuracy : 90.62
    Iteration 40 of epoch 8 completed. Loss : 0.5764726996421814 Accuracy : 96.88
    Iteration 60 of epoch 8 completed. Loss : 0.7968543767929077 Accuracy : 81.25
    Iteration 80 of epoch 8 completed. Loss : 0.6122456192970276 Accuracy : 93.75
    Iteration 100 of epoch 8 completed. Loss : 0.6003541350364685 Accuracy : 96.88
Epoch 8 completed. Test dataset:
	 Loss: 0.8999
	 Accuracy : 63.96
	 Average recall: 0.5125
	 F1_PN: 0.6405
	 Macro-F1: 0.4752
	 Weighted-F1: 0.6188

    Iteration 20 of epoch 9 completed. Loss : 0.7168568968772888 Accuracy : 87.50
    Iteration 40 of epoch 9 completed. Loss : 0.5739706158638 Accuracy : 96.88
    Iteration 60 of epoch 9 completed. Loss : 0.7950633764266968 Accuracy : 81.25
    Iteration 80 of epoch 9 completed. Loss : 0.6120629906654358 Accuracy : 93.75
    Iteration 100 of epoch 9 completed. Loss : 0.5963582396507263 Accuracy : 96.88
Epoch 9 completed. Test dataset:
	 Loss: 0.8903
	 Accuracy : 65.00
	 Average recall: 0.5253
	 F1_PN: 0.6307
	 Macro-F1: 0.4946
	 Weighted-F1: 0.6280

    Iteration 20 of epoch 10 completed. Loss : 0.6577031016349792 Accuracy : 90.62
    Iteration 40 of epoch 10 completed. Loss : 0.5696318745613098 Accuracy : 96.88
    Iteration 60 of epoch 10 completed. Loss : 0.8016223907470703 Accuracy : 81.25
    Iteration 80 of epoch 10 completed. Loss : 0.6120758056640625 Accuracy : 93.75
    Iteration 100 of epoch 10 completed. Loss : 0.5725732445716858 Accuracy : 96.88
Epoch 10 completed. Test dataset:
	 Loss: 0.8909
	 Accuracy : 64.38
	 Average recall: 0.5117
	 F1_PN: 0.6244
	 Macro-F1: 0.4826
	 Weighted-F1: 0.6198

    Iteration 20 of epoch 11 completed. Loss : 0.6463887691497803 Accuracy : 93.75
    Iteration 40 of epoch 11 completed. Loss : 0.5651404857635498 Accuracy : 96.88
    Iteration 60 of epoch 11 completed. Loss : 0.7908878922462463 Accuracy : 84.38
    Iteration 80 of epoch 11 completed. Loss : 0.6121679544448853 Accuracy : 93.75
    Iteration 100 of epoch 11 completed. Loss : 0.5516988039016724 Accuracy : 100.00
Epoch 11 completed. Test dataset:
	 Loss: 0.8899
	 Accuracy : 64.58
	 Average recall: 0.5126
	 F1_PN: 0.6258
	 Macro-F1: 0.4836
	 Weighted-F1: 0.6205

    Iteration 20 of epoch 12 completed. Loss : 0.6439703106880188 Accuracy : 93.75
    Iteration 40 of epoch 12 completed. Loss : 0.5590755343437195 Accuracy : 100.00
    Iteration 60 of epoch 12 completed. Loss : 0.7870545387268066 Accuracy : 81.25
    Iteration 80 of epoch 12 completed. Loss : 0.6121046543121338 Accuracy : 93.75
    Iteration 100 of epoch 12 completed. Loss : 0.5515281558036804 Accuracy : 100.00
Epoch 12 completed. Test dataset:
	 Loss: 0.8907
	 Accuracy : 64.58
	 Average recall: 0.5126
	 F1_PN: 0.6258
	 Macro-F1: 0.4836
	 Weighted-F1: 0.6205

    Iteration 20 of epoch 13 completed. Loss : 0.6248918175697327 Accuracy : 93.75
    Iteration 40 of epoch 13 completed. Loss : 0.5690462589263916 Accuracy : 96.88
    Iteration 60 of epoch 13 completed. Loss : 0.7953894734382629 Accuracy : 81.25
    Iteration 80 of epoch 13 completed. Loss : 0.6125819087028503 Accuracy : 93.75
    Iteration 100 of epoch 13 completed. Loss : 0.5516164302825928 Accuracy : 100.00
Epoch 13 completed. Test dataset:
	 Loss: 0.8906
	 Accuracy : 64.58
	 Average recall: 0.5126
	 F1_PN: 0.6258
	 Macro-F1: 0.4836
	 Weighted-F1: 0.6205

    Iteration 20 of epoch 14 completed. Loss : 0.5884493589401245 Accuracy : 96.88
    Iteration 40 of epoch 14 completed. Loss : 0.5571328997612 Accuracy : 100.00
    Iteration 60 of epoch 14 completed. Loss : 0.7941833734512329 Accuracy : 81.25
    Iteration 80 of epoch 14 completed. Loss : 0.6124622225761414 Accuracy : 93.75
    Iteration 100 of epoch 14 completed. Loss : 0.5531741976737976 Accuracy : 100.00
Epoch 14 completed. Test dataset:
	 Loss: 0.8906
	 Accuracy : 64.58
	 Average recall: 0.5126
	 F1_PN: 0.6258
	 Macro-F1: 0.4836
	 Weighted-F1: 0.6205

    Iteration 20 of epoch 15 completed. Loss : 0.6340915560722351 Accuracy : 93.75
    Iteration 40 of epoch 15 completed. Loss : 0.5700206160545349 Accuracy : 96.88
    Iteration 60 of epoch 15 completed. Loss : 0.7925999164581299 Accuracy : 81.25
    Iteration 80 of epoch 15 completed. Loss : 0.6132954955101013 Accuracy : 93.75
    Iteration 100 of epoch 15 completed. Loss : 0.5515174269676208 Accuracy : 100.00
Epoch 15 completed. Test dataset:
	 Loss: 0.8906
	 Accuracy : 64.58
	 Average recall: 0.5126
	 F1_PN: 0.6258
	 Macro-F1: 0.4836
	 Weighted-F1: 0.6205

Train/val/test loss curve saved to /home/rgg2706/Multimodal-Sentiment-Analysis/Logs/MOASC4/2025-03-20/sub-5/017_Mar-20-2025_08:33_PM/train_val_test_loss_curve.png
Confusion matrix saved to /home/rgg2706/Multimodal-Sentiment-Analysis/Logs/MOASC4/2025-03-20/sub-5/017_Mar-20-2025_08:33_PM/confusion_matrix.png
