PyTorch version: 2.1.1
CUDA available: True
CUDA version: 12.3
True
1
0
NVIDIA A100-PCIE-40GB
************no tfn layer************
> training arguments:
>>> rand_seed: 25
>>> model_name: mmfusion
>>> dataset: mvsa-m
>>> optimizer: <class 'torch.optim.adam.Adam'>
>>> initializer: <function xavier_uniform_ at 0x7fe12487de40>
>>> learning_rate: 0.001
>>> dropout_rate: 0.5
>>> num_epoch: 100
>>> batch_size: 70
>>> log_step: 50
>>> logdir: log
>>> embed_dim: 100
>>> hidden_dim: 100
>>> max_seq_len: 24
>>> polarities_dim: 3
>>> hops: 3
>>> att_file: ./att_file/
>>> pred_file: ./pred_file/
>>> clip_grad: 5.0
>>> path_image: ../../Datasets/MVSA/mvsa_images
>>> crop_size: 224
>>> fine_tune_cnn: False
>>> att_mode: vis_concat_attimg_gate
>>> resnet_root: ./resnet
>>> checkpoint: ./checkpoint/
>>> load_check_point: False
>>> load_opt: False
>>> tfn: False
>>> model_class: <class 'models.mmfusion.MMFUSION'>
>>> inputs_cols: ['text_left_indicator', 'text_right_indicator', 'aspect_indices']
>>> device: cuda
Before model allocation:
Allocated: 0.00 MB
Cached:    0.00 MB
preparing mvsa-m dataset...
loading word vectors...
building embedding_matrix: 100_mvsa-m_embedding_matrix.dat
--------------./datasets/mvsa-m/train.txt---------------
Error processing image ../../Datasets/MVSA/mvsa_images/17_06_4705.jpg: Image file not found: ../../Datasets/MVSA/mvsa_images/17_06_4705.jpg
Error processing image ../../Datasets/MVSA/mvsa_images/17_06_4705.jpg: Image file not found: ../../Datasets/MVSA/mvsa_images/17_06_4705.jpg
Error processing image ../../Datasets/MVSA/mvsa_images/17_06_4705.jpg: Image file not found: ../../Datasets/MVSA/mvsa_images/17_06_4705.jpg
the number of problematic samples: 3
--------------./datasets/mvsa-m/dev.txt---------------
Error processing image ../../Datasets/MVSA/mvsa_images/17_06_4705.jpg: Image file not found: ../../Datasets/MVSA/mvsa_images/17_06_4705.jpg
the number of problematic samples: 1
--------------./datasets/mvsa-m/test.txt---------------
