SLURM Job ID: 20077954
The first version with resnset
Model: MOASC4
Dataset: MOA-MVSA-single
directory /home/rgg2706/Multimodal-Sentiment-Analysis/Datasets/MOA-MVSA-single exists
directory /home/rgg2706/Multimodal-Sentiment-Analysis/Datasets/MOA-MVSA-multiple exists
directory /home/rgg2706/Multimodal-Sentiment-Analysis/Models/MOASC4/SaveFiles/SentimentClassifier exists
54
Loading dataset from: /home/rgg2706/Multimodal-Sentiment-Analysis/Datasets/MOA-MVSA-single
/home/rgg2706/Multimodal-Sentiment-Analysis/Datasets/MOA-MVSA-single/text
/home/rgg2706/Multimodal-Sentiment-Analysis/Datasets/MOA-MVSA-single/image
[DEBUG] Now in dataset directory for labels: /home/rgg2706/Multimodal-Sentiment-Analysis/Datasets/MOA-MVSA-single
[DEBUG] About to read labels from: /home/rgg2706/Multimodal-Sentiment-Analysis/Datasets/MOA-MVSA-single/labels.csv
Dataset directory is: /home/rgg2706/Multimodal-Sentiment-Analysis/Datasets/MOA-MVSA-single
Files in dataset directory: ['labels.csv', 'text', 'image']
   ID  text  image
0   1     2      1
1   2     2      1
2   3     2      1
3   4     1      1
4   5     1      1
5   6     1      1
6   7     1      1
7   8     2      1
8   9     1      1
9  10     0      0

[DEBUG] First 5 training texts:
    ID: 1 | Overall sentiment: 1 | Text: how  i feel today legday jelly aching gym 
    ID: 3 | Overall sentiment: 1 | Text:  polynminion  the moment  i found my favourite tv character. profoundlove 
    ID: 4 | Overall sentiment: 1 | Text: esco  we have a young and energetic team and we pride ourselves on offering the highes hoer 
    ID: 5 | Overall sentiment: 1 | Text:  chrisashaffer  went to  ssc today to be a movie star to rep for the  deaf and got to meet an energetic great guy  mark  white! 
    ID: 6 | Overall sentiment: 1 | Text:  babeshawnmendes that was really energetic 
Train samples: 3653
Validation samples: 406
Test samples: 452
Total samples: 4511
Train label distribution: Negative=1094, Positive=2175, Neutral=384
Val   label distribution: Negative=121, Positive=240, Neutral=45
Test  label distribution: Negative=143, Positive=268, Neutral=41
Overall label distribution: Negative=1358, Positive=2683, Neutral=470
    Iteration 20 of epoch 1 completed. Loss : 1.10456120967865 Accuracy : 15.62
    Iteration 40 of epoch 1 completed. Loss : 1.0954433679580688 Accuracy : 37.50
    Iteration 60 of epoch 1 completed. Loss : 1.102434754371643 Accuracy : 28.12
    Iteration 80 of epoch 1 completed. Loss : 1.0827399492263794 Accuracy : 62.50
    Iteration 100 of epoch 1 completed. Loss : 1.0855903625488281 Accuracy : 68.75
Best validation accuracy improved from 0.0 to 0.5817307692307693
Epoch 1 completed. Test dataset:
	 Loss: 1.0579
	 Accuracy : 56.67
	 Average recall: 0.4173
	 F1_PN: 0.5722
	 Macro-F1: 0.3815
	 Weighted-F1: 0.5501

Best test accuracy improved from 0.0 to 0.5666666666666667, saving model...
    Iteration 20 of epoch 2 completed. Loss : 1.085155963897705 Accuracy : 50.00
    Iteration 40 of epoch 2 completed. Loss : 1.0867409706115723 Accuracy : 40.62
    Iteration 60 of epoch 2 completed. Loss : 0.9864494800567627 Accuracy : 56.25
    Iteration 80 of epoch 2 completed. Loss : 0.8486284017562866 Accuracy : 62.50
    Iteration 100 of epoch 2 completed. Loss : 1.0890129804611206 Accuracy : 68.75
Epoch 2 completed. Test dataset:
	 Loss: 0.9600
	 Accuracy : 57.50
	 Average recall: 0.5417
	 F1_PN: 0.5864
	 Macro-F1: 0.4781
	 Weighted-F1: 0.5646

Best test accuracy improved from 0.5666666666666667 to 0.575, saving model...
    Iteration 20 of epoch 3 completed. Loss : 0.9103354215621948 Accuracy : 65.62
    Iteration 40 of epoch 3 completed. Loss : 0.8842642307281494 Accuracy : 68.75
    Iteration 60 of epoch 3 completed. Loss : 0.8496708869934082 Accuracy : 68.75
    Iteration 80 of epoch 3 completed. Loss : 0.7279657125473022 Accuracy : 75.00
    Iteration 100 of epoch 3 completed. Loss : 0.7436528205871582 Accuracy : 90.62
Best validation accuracy improved from 0.5817307692307693 to 0.6669580419580419
Epoch 3 completed. Test dataset:
	 Loss: 0.8628
	 Accuracy : 68.12
	 Average recall: 0.5315
	 F1_PN: 0.7018
	 Macro-F1: 0.5258
	 Weighted-F1: 0.6767

Best test accuracy improved from 0.575 to 0.68125, saving model...
    Iteration 20 of epoch 4 completed. Loss : 0.6464412212371826 Accuracy : 90.62
    Iteration 40 of epoch 4 completed. Loss : 0.7370376586914062 Accuracy : 81.25
    Iteration 60 of epoch 4 completed. Loss : 0.7588911652565002 Accuracy : 78.12
    Iteration 80 of epoch 4 completed. Loss : 0.600673258304596 Accuracy : 87.50
    Iteration 100 of epoch 4 completed. Loss : 0.6844703555107117 Accuracy : 93.75
Best validation accuracy improved from 0.6669580419580419 to 0.6953671328671328
Epoch 4 completed. Test dataset:
	 Loss: 0.8591
	 Accuracy : 67.71
	 Average recall: 0.5214
	 F1_PN: 0.6972
	 Macro-F1: 0.5210
	 Weighted-F1: 0.6777

    Iteration 20 of epoch 5 completed. Loss : 0.6382668018341064 Accuracy : 90.62
    Iteration 40 of epoch 5 completed. Loss : 0.6366261839866638 Accuracy : 93.75
    Iteration 60 of epoch 5 completed. Loss : 0.7038472294807434 Accuracy : 81.25
    Iteration 80 of epoch 5 completed. Loss : 0.5752658247947693 Accuracy : 93.75
    Iteration 100 of epoch 5 completed. Loss : 0.6890895366668701 Accuracy : 93.75
Epoch 5 completed. Test dataset:
	 Loss: 0.8501
	 Accuracy : 70.21
	 Average recall: 0.5329
	 F1_PN: 0.7155
	 Macro-F1: 0.5249
	 Weighted-F1: 0.6917

Best test accuracy improved from 0.68125 to 0.7020833333333333, saving model...
    Iteration 20 of epoch 6 completed. Loss : 0.6048061847686768 Accuracy : 96.88
    Iteration 40 of epoch 6 completed. Loss : 0.5958848595619202 Accuracy : 93.75
    Iteration 60 of epoch 6 completed. Loss : 0.6402580738067627 Accuracy : 90.62
    Iteration 80 of epoch 6 completed. Loss : 0.5631098747253418 Accuracy : 96.88
    Iteration 100 of epoch 6 completed. Loss : 0.6849183440208435 Accuracy : 90.62
Epoch 6 completed. Test dataset:
	 Loss: 0.8463
	 Accuracy : 68.96
	 Average recall: 0.5190
	 F1_PN: 0.7042
	 Macro-F1: 0.5174
	 Weighted-F1: 0.6808

    Iteration 20 of epoch 7 completed. Loss : 0.5605815052986145 Accuracy : 100.00
    Iteration 40 of epoch 7 completed. Loss : 0.5643407106399536 Accuracy : 100.00
    Iteration 60 of epoch 7 completed. Loss : 0.6095678210258484 Accuracy : 90.62
    Iteration 80 of epoch 7 completed. Loss : 0.5892618894577026 Accuracy : 90.62
    Iteration 100 of epoch 7 completed. Loss : 0.6303200721740723 Accuracy : 93.75
Epoch 7 completed. Test dataset:
	 Loss: 0.8574
	 Accuracy : 68.33
	 Average recall: 0.5017
	 F1_PN: 0.6966
	 Macro-F1: 0.5055
	 Weighted-F1: 0.6758

    Iteration 20 of epoch 8 completed. Loss : 0.5532136559486389 Accuracy : 100.00
    Iteration 40 of epoch 8 completed. Loss : 0.561667799949646 Accuracy : 100.00
    Iteration 60 of epoch 8 completed. Loss : 0.5848263502120972 Accuracy : 96.88
    Iteration 80 of epoch 8 completed. Loss : 0.5634928345680237 Accuracy : 96.88
    Iteration 100 of epoch 8 completed. Loss : 0.6182772517204285 Accuracy : 96.88
Epoch 8 completed. Test dataset:
	 Loss: 0.8621
	 Accuracy : 68.12
	 Average recall: 0.5036
	 F1_PN: 0.6962
	 Macro-F1: 0.5046
	 Weighted-F1: 0.6753

    Iteration 20 of epoch 9 completed. Loss : 0.5794154405593872 Accuracy : 100.00
    Iteration 40 of epoch 9 completed. Loss : 0.5543637871742249 Accuracy : 100.00
    Iteration 60 of epoch 9 completed. Loss : 0.5846223831176758 Accuracy : 96.88
    Iteration 80 of epoch 9 completed. Loss : 0.563563883304596 Accuracy : 96.88
    Iteration 100 of epoch 9 completed. Loss : 0.6177506446838379 Accuracy : 96.88
Epoch 9 completed. Test dataset:
	 Loss: 0.8670
	 Accuracy : 67.08
	 Average recall: 0.4959
	 F1_PN: 0.6868
	 Macro-F1: 0.4934
	 Weighted-F1: 0.6637

    Iteration 20 of epoch 10 completed. Loss : 0.5520367622375488 Accuracy : 100.00
    Iteration 40 of epoch 10 completed. Loss : 0.5594732761383057 Accuracy : 100.00
    Iteration 60 of epoch 10 completed. Loss : 0.5781089067459106 Accuracy : 96.88
    Iteration 80 of epoch 10 completed. Loss : 0.5634254217147827 Accuracy : 96.88
    Iteration 100 of epoch 10 completed. Loss : 0.6186109185218811 Accuracy : 96.88
Epoch 10 completed. Test dataset:
	 Loss: 0.8660
	 Accuracy : 67.08
	 Average recall: 0.4939
	 F1_PN: 0.6849
	 Macro-F1: 0.4922
	 Weighted-F1: 0.6628

    Iteration 20 of epoch 11 completed. Loss : 0.5516761541366577 Accuracy : 100.00
    Iteration 40 of epoch 11 completed. Loss : 0.5530492663383484 Accuracy : 100.00
    Iteration 60 of epoch 11 completed. Loss : 0.5804897546768188 Accuracy : 96.88
    Iteration 80 of epoch 11 completed. Loss : 0.5636351704597473 Accuracy : 96.88
    Iteration 100 of epoch 11 completed. Loss : 0.6184887886047363 Accuracy : 96.88
Epoch 11 completed. Test dataset:
	 Loss: 0.8663
	 Accuracy : 67.08
	 Average recall: 0.4939
	 F1_PN: 0.6849
	 Macro-F1: 0.4922
	 Weighted-F1: 0.6628

    Iteration 20 of epoch 12 completed. Loss : 0.5526154637336731 Accuracy : 100.00
    Iteration 40 of epoch 12 completed. Loss : 0.5644227862358093 Accuracy : 100.00
    Iteration 60 of epoch 12 completed. Loss : 0.5798841118812561 Accuracy : 96.88
    Iteration 80 of epoch 12 completed. Loss : 0.565258264541626 Accuracy : 96.88
    Iteration 100 of epoch 12 completed. Loss : 0.6282292008399963 Accuracy : 93.75
Epoch 12 completed. Test dataset:
	 Loss: 0.8661
	 Accuracy : 66.88
	 Average recall: 0.4911
	 F1_PN: 0.6812
	 Macro-F1: 0.4897
	 Weighted-F1: 0.6604

    Iteration 20 of epoch 13 completed. Loss : 0.5517439842224121 Accuracy : 100.00
    Iteration 40 of epoch 13 completed. Loss : 0.5546976327896118 Accuracy : 100.00
    Iteration 60 of epoch 13 completed. Loss : 0.5805786848068237 Accuracy : 96.88
    Iteration 80 of epoch 13 completed. Loss : 0.5641416311264038 Accuracy : 96.88
    Iteration 100 of epoch 13 completed. Loss : 0.6176155805587769 Accuracy : 96.88
Epoch 13 completed. Test dataset:
	 Loss: 0.8660
	 Accuracy : 66.88
	 Average recall: 0.4911
	 F1_PN: 0.6812
	 Macro-F1: 0.4897
	 Weighted-F1: 0.6604

    Iteration 20 of epoch 14 completed. Loss : 0.5525619387626648 Accuracy : 100.00
    Iteration 40 of epoch 14 completed. Loss : 0.5856254696846008 Accuracy : 96.88
    Iteration 60 of epoch 14 completed. Loss : 0.5792210698127747 Accuracy : 96.88
    Iteration 80 of epoch 14 completed. Loss : 0.5638060569763184 Accuracy : 96.88
    Iteration 100 of epoch 14 completed. Loss : 0.6176149845123291 Accuracy : 96.88
Epoch 14 completed. Test dataset:
	 Loss: 0.8659
	 Accuracy : 66.88
	 Average recall: 0.4911
	 F1_PN: 0.6812
	 Macro-F1: 0.4897
	 Weighted-F1: 0.6604

    Iteration 20 of epoch 15 completed. Loss : 0.5519421100616455 Accuracy : 100.00
    Iteration 40 of epoch 15 completed. Loss : 0.5544849038124084 Accuracy : 100.00
    Iteration 60 of epoch 15 completed. Loss : 0.5785547494888306 Accuracy : 96.88
    Iteration 80 of epoch 15 completed. Loss : 0.5638027191162109 Accuracy : 96.88
    Iteration 100 of epoch 15 completed. Loss : 0.6182364821434021 Accuracy : 96.88
Epoch 15 completed. Test dataset:
	 Loss: 0.8659
	 Accuracy : 66.88
	 Average recall: 0.4911
	 F1_PN: 0.6812
	 Macro-F1: 0.4897
	 Weighted-F1: 0.6604

Train/val/test loss curve saved to /home/rgg2706/Multimodal-Sentiment-Analysis/Logs/MOASC4/2025-03-21/sub-1/004_Mar-21-2025_12:07_AM/train_val_test_loss_curve.png
Confusion matrix saved to /home/rgg2706/Multimodal-Sentiment-Analysis/Logs/MOASC4/2025-03-21/sub-1/004_Mar-21-2025_12:07_AM/confusion_matrix.png
