SLURM Job ID: 20077975
The first version with resnset
Model: MOASC4
Dataset: MOA-MVSA-single
directory /home/rgg2706/Multimodal-Sentiment-Analysis/Datasets/MOA-MVSA-single exists
directory /home/rgg2706/Multimodal-Sentiment-Analysis/Datasets/MOA-MVSA-multiple exists
directory /home/rgg2706/Multimodal-Sentiment-Analysis/Models/MOASC4/SaveFiles/SentimentClassifier exists
75
Loading dataset from: /home/rgg2706/Multimodal-Sentiment-Analysis/Datasets/MOA-MVSA-single
/home/rgg2706/Multimodal-Sentiment-Analysis/Datasets/MOA-MVSA-single/text
/home/rgg2706/Multimodal-Sentiment-Analysis/Datasets/MOA-MVSA-single/image
[DEBUG] Now in dataset directory for labels: /home/rgg2706/Multimodal-Sentiment-Analysis/Datasets/MOA-MVSA-single
[DEBUG] About to read labels from: /home/rgg2706/Multimodal-Sentiment-Analysis/Datasets/MOA-MVSA-single/labels.csv
Dataset directory is: /home/rgg2706/Multimodal-Sentiment-Analysis/Datasets/MOA-MVSA-single
Files in dataset directory: ['labels.csv', 'text', 'image']
   ID  text  image
0   1     2      1
1   2     2      1
2   3     2      1
3   4     1      1
4   5     1      1
5   6     1      1
6   7     1      1
7   8     2      1
8   9     1      1
9  10     0      0

[DEBUG] First 5 training texts:
    ID: 1 | Overall sentiment: 1 | Text: how  i feel today legday jelly aching gym 
    ID: 3 | Overall sentiment: 1 | Text:  polynminion  the moment  i found my favourite tv character. profoundlove 
    ID: 4 | Overall sentiment: 1 | Text: esco  we have a young and energetic team and we pride ourselves on offering the highes hoer 
    ID: 5 | Overall sentiment: 1 | Text:  chrisashaffer  went to  ssc today to be a movie star to rep for the  deaf and got to meet an energetic great guy  mark  white! 
    ID: 6 | Overall sentiment: 1 | Text:  babeshawnmendes that was really energetic 
Train samples: 3653
Validation samples: 406
Test samples: 452
Total samples: 4511
Train label distribution: Negative=1107, Positive=2175, Neutral=371
Val   label distribution: Negative=118, Positive=242, Neutral=46
Test  label distribution: Negative=133, Positive=266, Neutral=53
Overall label distribution: Negative=1358, Positive=2683, Neutral=470
    Iteration 20 of epoch 1 completed. Loss : 1.1019630432128906 Accuracy : 34.38
    Iteration 40 of epoch 1 completed. Loss : 1.0886706113815308 Accuracy : 31.25
    Iteration 60 of epoch 1 completed. Loss : 1.0959248542785645 Accuracy : 40.62
    Iteration 80 of epoch 1 completed. Loss : 1.0999372005462646 Accuracy : 40.62
    Iteration 100 of epoch 1 completed. Loss : 1.1001652479171753 Accuracy : 50.00
Best validation accuracy improved from 0.0 to 0.6153846153846154
Epoch 1 completed. Test dataset:
	 Loss: 1.0531
	 Accuracy : 61.25
	 Average recall: 0.4495
	 F1_PN: 0.6179
	 Macro-F1: 0.4120
	 Weighted-F1: 0.5902

Best test accuracy improved from 0.0 to 0.6125, saving model...
    Iteration 20 of epoch 2 completed. Loss : 1.043912649154663 Accuracy : 59.38
    Iteration 40 of epoch 2 completed. Loss : 0.954897940158844 Accuracy : 78.12
    Iteration 60 of epoch 2 completed. Loss : 0.9196387529373169 Accuracy : 68.75
    Iteration 80 of epoch 2 completed. Loss : 1.1081708669662476 Accuracy : 56.25
    Iteration 100 of epoch 2 completed. Loss : 1.1233750581741333 Accuracy : 46.88
Best validation accuracy improved from 0.6153846153846154 to 0.6162587412587412
Epoch 2 completed. Test dataset:
	 Loss: 0.9298
	 Accuracy : 62.29
	 Average recall: 0.5347
	 F1_PN: 0.6254
	 Macro-F1: 0.5073
	 Weighted-F1: 0.6237

Best test accuracy improved from 0.6125 to 0.6229166666666667, saving model...
    Iteration 20 of epoch 3 completed. Loss : 0.9464360475540161 Accuracy : 65.62
    Iteration 40 of epoch 3 completed. Loss : 0.8548450469970703 Accuracy : 78.12
    Iteration 60 of epoch 3 completed. Loss : 0.8547845482826233 Accuracy : 78.12
    Iteration 80 of epoch 3 completed. Loss : 0.9082894921302795 Accuracy : 75.00
    Iteration 100 of epoch 3 completed. Loss : 0.8454293012619019 Accuracy : 78.12
Best validation accuracy improved from 0.6162587412587412 to 0.646416083916084
Epoch 3 completed. Test dataset:
	 Loss: 0.9139
	 Accuracy : 63.12
	 Average recall: 0.5554
	 F1_PN: 0.6331
	 Macro-F1: 0.5280
	 Weighted-F1: 0.6423

Best test accuracy improved from 0.6229166666666667 to 0.63125, saving model...
    Iteration 20 of epoch 4 completed. Loss : 0.7209230065345764 Accuracy : 81.25
    Iteration 40 of epoch 4 completed. Loss : 0.6663975119590759 Accuracy : 87.50
    Iteration 60 of epoch 4 completed. Loss : 0.6678831577301025 Accuracy : 90.62
    Iteration 80 of epoch 4 completed. Loss : 0.8577744364738464 Accuracy : 75.00
    Iteration 100 of epoch 4 completed. Loss : 0.7418981790542603 Accuracy : 90.62
Epoch 4 completed. Test dataset:
	 Loss: 0.9193
	 Accuracy : 62.08
	 Average recall: 0.5730
	 F1_PN: 0.6285
	 Macro-F1: 0.5327
	 Weighted-F1: 0.6377

    Iteration 20 of epoch 5 completed. Loss : 0.6257945895195007 Accuracy : 84.38
    Iteration 40 of epoch 5 completed. Loss : 0.6321398615837097 Accuracy : 90.62
    Iteration 60 of epoch 5 completed. Loss : 0.6476594805717468 Accuracy : 90.62
    Iteration 80 of epoch 5 completed. Loss : 0.7207162380218506 Accuracy : 87.50
    Iteration 100 of epoch 5 completed. Loss : 0.6684234738349915 Accuracy : 90.62
Best validation accuracy improved from 0.646416083916084 to 0.6728583916083917
Epoch 5 completed. Test dataset:
	 Loss: 0.8822
	 Accuracy : 66.46
	 Average recall: 0.5392
	 F1_PN: 0.6513
	 Macro-F1: 0.5320
	 Weighted-F1: 0.6624

Best test accuracy improved from 0.63125 to 0.6645833333333333, saving model...
    Iteration 20 of epoch 6 completed. Loss : 0.6134164333343506 Accuracy : 87.50
    Iteration 40 of epoch 6 completed. Loss : 0.6636618375778198 Accuracy : 93.75
    Iteration 60 of epoch 6 completed. Loss : 0.6356762647628784 Accuracy : 93.75
    Iteration 80 of epoch 6 completed. Loss : 0.6732795238494873 Accuracy : 84.38
    Iteration 100 of epoch 6 completed. Loss : 0.6672966480255127 Accuracy : 93.75
Best validation accuracy improved from 0.6728583916083917 to 0.6883741258741259
Epoch 6 completed. Test dataset:
	 Loss: 0.8699
	 Accuracy : 67.08
	 Average recall: 0.5224
	 F1_PN: 0.6567
	 Macro-F1: 0.5267
	 Weighted-F1: 0.6677

Best test accuracy improved from 0.6645833333333333 to 0.6708333333333333, saving model...
    Iteration 20 of epoch 7 completed. Loss : 0.5983948111534119 Accuracy : 90.62
    Iteration 40 of epoch 7 completed. Loss : 0.6116382479667664 Accuracy : 96.88
    Iteration 60 of epoch 7 completed. Loss : 0.6779307723045349 Accuracy : 93.75
    Iteration 80 of epoch 7 completed. Loss : 0.6273682713508606 Accuracy : 90.62
    Iteration 100 of epoch 7 completed. Loss : 0.6946924328804016 Accuracy : 87.50
Epoch 7 completed. Test dataset:
	 Loss: 0.9206
	 Accuracy : 62.08
	 Average recall: 0.4183
	 F1_PN: 0.5701
	 Macro-F1: 0.4042
	 Weighted-F1: 0.5809

    Iteration 20 of epoch 8 completed. Loss : 0.6035622954368591 Accuracy : 87.50
    Iteration 40 of epoch 8 completed. Loss : 0.6163328289985657 Accuracy : 96.88
    Iteration 60 of epoch 8 completed. Loss : 0.6320731043815613 Accuracy : 93.75
    Iteration 80 of epoch 8 completed. Loss : 0.6535064578056335 Accuracy : 87.50
    Iteration 100 of epoch 8 completed. Loss : 0.6562865972518921 Accuracy : 93.75
Epoch 8 completed. Test dataset:
	 Loss: 0.8864
	 Accuracy : 66.67
	 Average recall: 0.4853
	 F1_PN: 0.6378
	 Macro-F1: 0.4841
	 Weighted-F1: 0.6481

    Iteration 20 of epoch 9 completed. Loss : 0.5828012824058533 Accuracy : 93.75
    Iteration 40 of epoch 9 completed. Loss : 0.6072466969490051 Accuracy : 96.88
    Iteration 60 of epoch 9 completed. Loss : 0.6659056544303894 Accuracy : 87.50
    Iteration 80 of epoch 9 completed. Loss : 0.6293256878852844 Accuracy : 90.62
    Iteration 100 of epoch 9 completed. Loss : 0.6368231773376465 Accuracy : 96.88
Epoch 9 completed. Test dataset:
	 Loss: 0.8900
	 Accuracy : 65.42
	 Average recall: 0.5041
	 F1_PN: 0.6363
	 Macro-F1: 0.5070
	 Weighted-F1: 0.6417

    Iteration 20 of epoch 10 completed. Loss : 0.5807847380638123 Accuracy : 96.88
    Iteration 40 of epoch 10 completed. Loss : 0.6531890034675598 Accuracy : 93.75
    Iteration 60 of epoch 10 completed. Loss : 0.6453782916069031 Accuracy : 90.62
    Iteration 80 of epoch 10 completed. Loss : 0.637000560760498 Accuracy : 87.50
    Iteration 100 of epoch 10 completed. Loss : 0.6366938948631287 Accuracy : 96.88
Epoch 10 completed. Test dataset:
	 Loss: 0.8879
	 Accuracy : 65.83
	 Average recall: 0.5101
	 F1_PN: 0.6399
	 Macro-F1: 0.5132
	 Weighted-F1: 0.6466

    Iteration 20 of epoch 11 completed. Loss : 0.5730080604553223 Accuracy : 96.88
    Iteration 40 of epoch 11 completed. Loss : 0.607075572013855 Accuracy : 96.88
    Iteration 60 of epoch 11 completed. Loss : 0.6281785368919373 Accuracy : 93.75
    Iteration 80 of epoch 11 completed. Loss : 0.6247474551200867 Accuracy : 90.62
    Iteration 100 of epoch 11 completed. Loss : 0.6368177533149719 Accuracy : 96.88
Epoch 11 completed. Test dataset:
	 Loss: 0.8877
	 Accuracy : 65.83
	 Average recall: 0.5101
	 F1_PN: 0.6399
	 Macro-F1: 0.5132
	 Weighted-F1: 0.6466

    Iteration 20 of epoch 12 completed. Loss : 0.5786356329917908 Accuracy : 93.75
    Iteration 40 of epoch 12 completed. Loss : 0.6072559952735901 Accuracy : 96.88
    Iteration 60 of epoch 12 completed. Loss : 0.630903422832489 Accuracy : 93.75
    Iteration 80 of epoch 12 completed. Loss : 0.6259998083114624 Accuracy : 90.62
    Iteration 100 of epoch 12 completed. Loss : 0.6384413242340088 Accuracy : 96.88
Epoch 12 completed. Test dataset:
	 Loss: 0.8877
	 Accuracy : 65.83
	 Average recall: 0.5101
	 F1_PN: 0.6399
	 Macro-F1: 0.5132
	 Weighted-F1: 0.6466

    Iteration 20 of epoch 13 completed. Loss : 0.577261209487915 Accuracy : 93.75
    Iteration 40 of epoch 13 completed. Loss : 0.6084120273590088 Accuracy : 96.88
    Iteration 60 of epoch 13 completed. Loss : 0.6372275948524475 Accuracy : 90.62
    Iteration 80 of epoch 13 completed. Loss : 0.6256270408630371 Accuracy : 90.62
    Iteration 100 of epoch 13 completed. Loss : 0.6365798115730286 Accuracy : 96.88
Epoch 13 completed. Test dataset:
	 Loss: 0.8877
	 Accuracy : 65.83
	 Average recall: 0.5101
	 F1_PN: 0.6399
	 Macro-F1: 0.5132
	 Weighted-F1: 0.6466

    Iteration 20 of epoch 14 completed. Loss : 0.576278567314148 Accuracy : 96.88
    Iteration 40 of epoch 14 completed. Loss : 0.6077223420143127 Accuracy : 96.88
    Iteration 60 of epoch 14 completed. Loss : 0.6393145322799683 Accuracy : 90.62
    Iteration 80 of epoch 14 completed. Loss : 0.624549150466919 Accuracy : 90.62
    Iteration 100 of epoch 14 completed. Loss : 0.6364066004753113 Accuracy : 96.88
Epoch 14 completed. Test dataset:
	 Loss: 0.8877
	 Accuracy : 65.83
	 Average recall: 0.5101
	 F1_PN: 0.6399
	 Macro-F1: 0.5132
	 Weighted-F1: 0.6466

    Iteration 20 of epoch 15 completed. Loss : 0.5738134384155273 Accuracy : 96.88
    Iteration 40 of epoch 15 completed. Loss : 0.5988075137138367 Accuracy : 96.88
    Iteration 60 of epoch 15 completed. Loss : 0.6310691833496094 Accuracy : 93.75
    Iteration 80 of epoch 15 completed. Loss : 0.6260406374931335 Accuracy : 90.62
    Iteration 100 of epoch 15 completed. Loss : 0.6362873315811157 Accuracy : 96.88
Epoch 15 completed. Test dataset:
	 Loss: 0.8877
	 Accuracy : 65.83
	 Average recall: 0.5101
	 F1_PN: 0.6399
	 Macro-F1: 0.5132
	 Weighted-F1: 0.6466

Train/val/test loss curve saved to /home/rgg2706/Multimodal-Sentiment-Analysis/Logs/MOASC4/2025-03-21/sub-1/025_Mar-21-2025_12:07_AM/train_val_test_loss_curve.png
Confusion matrix saved to /home/rgg2706/Multimodal-Sentiment-Analysis/Logs/MOASC4/2025-03-21/sub-1/025_Mar-21-2025_12:07_AM/confusion_matrix.png
