SLURM Job ID: 19843496
Number of GPUs available: 1
Python PATH: ['/home/rgg2706/Multimodal-Sentiment-Analysis/Models/SIMPLE-T/src', '/home/rgg2706/Multimodal-Sentiment-Analysis', '/Models/SIMPLE-T/src', '/.autofs/tools/spack/var/spack/environments/default-nlp-x86_64-24072401/.spack-env/._view/wtxwc3mlkmzy7fbaxlum2674jarpitc2/lib/python311.zip', '/.autofs/tools/spack/var/spack/environments/default-nlp-x86_64-24072401/.spack-env/._view/wtxwc3mlkmzy7fbaxlum2674jarpitc2/lib/python3.11', '/.autofs/tools/spack/var/spack/environments/default-nlp-x86_64-24072401/.spack-env/._view/wtxwc3mlkmzy7fbaxlum2674jarpitc2/lib/python3.11/lib-dynload', '/.autofs/tools/spack/var/spack/environments/default-nlp-x86_64-24072401/.spack-env/._view/wtxwc3mlkmzy7fbaxlum2674jarpitc2/lib/python3.11/site-packages']
Logs directory: /home/rgg2706/Multimodal-Sentiment-Analysis/Logs/SIMPLE-T/2025-02-07/sub-1/003_Feb-07-2025_10:43_AM
> training arguments:
>>> rand_seed: 8
>>> model_fusion: simpletext
>>> dataset: mvsa-mts-v3-30
>>> optimizer: <class 'torch.optim.adam.Adam'>
>>> initializer: <function xavier_uniform_ at 0x7f56ccc29440>
>>> learning_rate: 0.001
>>> dropout_rate: 0.5
>>> weight_decay: 0.0
>>> num_layers: 3
>>> num_epoch: 200
>>> batch_size: 256
>>> log_step: 16
>>> max_seq_len: 64
>>> polarities_dim: 3
>>> clip_grad: 5.0
>>> path_image: ./images
>>> crop_size: 224
>>> n_head: 8
>>> hidden_dim: 256
>>> num_classes: 3
>>> log_dir: /home/rgg2706/Multimodal-Sentiment-Analysis/Logs/SIMPLE-T/2025-02-07/sub-1/003_Feb-07-2025_10:43_AM
>>> counter: 0
>>> model_class: <class 'models.simpletext.SimpleText'>
Loading dataset 'mvsa-mts-v3-30':
  Train path: Datasets//MVSA-MTS/mvsa-mts-v3-30/train.tsv
Validation path: Datasets//MVSA-MTS/mvsa-mts-v3-30/val.tsv
  Test path: Datasets//MVSA-MTS/mvsa-mts-v3-30/test.tsv
loading word vectors...
building embedding_matrix: 200_glove_embedding_matrix.dat
-------------- Loading Datasets//MVSA-MTS/mvsa-mts-v3-30/train.tsv ---------------
[DEBUG] raw_text: ?? who is who and does what in the #elxn42 conservative war room? #cpc #cdnpoli #canpoli http://t.co/ez5wknckys
[DEBUG] text_indices: [ 2  3  4  3  5  6  7  8  9 10 11 12 13 14 15 16 17  0  0  0  0  0  0  0
  0  0  0  0  0  0  0  0  0  0  0  0  0  0  0  0  0  0  0  0  0  0  0  0
  0  0  0  0  0  0  0  0  0  0  0  0  0  0  0  0]
[DEBUG] polarity: 2
[DEBUG] raw_text: live in #winnipeg south centre riding? i recommend looking into @andrew_d_park #elxn2015 park4wsc.ca @canadiangreens
[DEBUG] text_indices: [18  8 19 20 21 22 23 24 25 26 27 28 29 30  0  0  0  0  0  0  0  0  0  0
  0  0  0  0  0  0  0  0  0  0  0  0  0  0  0  0  0  0  0  0  0  0  0  0
  0  0  0  0  0  0  0  0  0  0  0  0  0  0  0  0]
[DEBUG] polarity: 1
[DEBUG] raw_text: "and the """"other"""" guy is just not ready? 1-man-show? #elxn2015 #elxn42 #cdnpoli #nicetoupeethough #harperman #peegate"
[DEBUG] text_indices: [31  9 32 33  4 34 35 36 37 28 10 15 38 39 40  0  0  0  0  0  0  0  0  0
  0  0  0  0  0  0  0  0  0  0  0  0  0  0  0  0  0  0  0  0  0  0  0  0
  0  0  0  0  0  0  0  0  0  0  0  0  0  0  0  0]
[DEBUG] polarity: 0
[DEBUG] raw_text: rdy to watch @thomasmulcair rock it tnight in the @globeandmail debate at @winnipegnews café #ndp #cdnpoli #elxn42
[DEBUG] text_indices: [41 42 43 44 45 46 47  8  9 48 49 50 51 52 53 15 10  0  0  0  0  0  0  0
  0  0  0  0  0  0  0  0  0  0  0  0  0  0  0  0  0  0  0  0  0  0  0  0
  0  0  0  0  0  0  0  0  0  0  0  0  0  0  0  0]
[DEBUG] polarity: 1
Time taken to load Datasets//MVSA-MTS/mvsa-mts-v3-30/train.tsv: 0.01 seconds(0.00 minutes)
Train classes: [0, 1, 2], count=3
[DEBUG] First 5 samples from train_data:
?? who is who and does what in the #elxn42 conservative war room? #cpc #cdnpoli #canpoli http://t.co/ez5wknckys 2
live in #winnipeg south centre riding? i recommend looking into @andrew_d_park #elxn2015 park4wsc.ca @canadiangreens 1
"and the """"other"""" guy is just not ready? 1-man-show? #elxn2015 #elxn42 #cdnpoli #nicetoupeethough #harperman #peegate" 0
rdy to watch @thomasmulcair rock it tnight in the @globeandmail debate at @winnipegnews café #ndp #cdnpoli #elxn42 1
knocked doors with the venerable #teamtrudeau #lpc candidate @kylejpeterson this aft in my hometown, aurora! #elxn42 2
[DEBUG] Train label distribution:
{0: 9, 1: 8, 2: 7}
-------------- Loading Datasets//MVSA-MTS/mvsa-mts-v3-30/val.tsv ---------------
[DEBUG] raw_text: this girl in the background shares my feelings of mr. harper when he speaks. #elxn42 #yawn
[DEBUG] text_indices: [ 62 240   8   9 241 242  64 243 142 244 196 233 245 246  10 247   0   0
   0   0   0   0   0   0   0   0   0   0   0   0   0   0   0   0   0   0
   0   0   0   0   0   0   0   0   0   0   0   0   0   0   0   0   0   0
   0   0   0   0   0   0   0   0   0   0]
[DEBUG] polarity: 1
[DEBUG] raw_text: """""i think it's time for change"""" - ana commit to vote: #generationtrudeau #sfu #lpc #elxn42 http://t.co/hv2oiudxib"
[DEBUG] text_indices: [248 249 250  74  97 251  90 252 253  42 254 255 256  59  10 257   0   0
   0   0   0   0   0   0   0   0   0   0   0   0   0   0   0   0   0   0
   0   0   0   0   0   0   0   0   0   0   0   0   0   0   0   0   0   0
   0   0   0   0   0   0   0   0   0   0]
[DEBUG] polarity: 2
[DEBUG] raw_text: the ballot question in 2015? integrity matters. #cdnpoli #elxn42 #elxn2015 http://t.co/nswtddchs8
[DEBUG] text_indices: [  9 258 160   8 259 260 261  15  10  28 262   0   0   0   0   0   0   0
   0   0   0   0   0   0   0   0   0   0   0   0   0   0   0   0   0   0
   0   0   0   0   0   0   0   0   0   0   0   0   0   0   0   0   0   0
   0   0   0   0   0   0   0   0   0   0]
[DEBUG] polarity: 0
Time taken to load Datasets//MVSA-MTS/mvsa-mts-v3-30/val.tsv: 0.00 seconds(0.00 minutes)
Val classes: [0, 1, 2], count=3
[DEBUG] First 5 samples from train_data:
this girl in the background shares my feelings of mr. harper when he speaks. #elxn42 #yawn 1
"""""i think it's time for change"""" - ana commit to vote: #generationtrudeau #sfu #lpc #elxn42 http://t.co/hv2oiudxib" 2
the ballot question in 2015? integrity matters. #cdnpoli #elxn42 #elxn2015 http://t.co/nswtddchs8 0
