/home/rgg2706/Multimodal-Sentiment-Analysis/Models/ESAFN-modified/data_utils.py:58: ResourceWarning: unclosed file <_io.TextIOWrapper name='../util_models/glove.twitter.27B/glove.twitter.27B.100d.txt' mode='r' encoding='utf-8'>
  word_vec = load_word_vec(fname, word2idx=word2idx)
ResourceWarning: Enable tracemalloc to get the object allocation traceback
Traceback (most recent call last):
  File "/home/rgg2706/Multimodal-Sentiment-Analysis/Models/ESAFN-modified/train.py", line 389, in <module>
    ins.run()
  File "/home/rgg2706/Multimodal-Sentiment-Analysis/Models/ESAFN-modified/train.py", line 179, in run
    outputs = self.model(inputs, imgs_f)
              ^^^^^^^^^^^^^^^^^^^^^^^^^^
  File "/.autofs/tools/spack/var/spack/environments/default-ml-x86_64-24071101/.spack-env/view/lib/python3.11/site-packages/torch/nn/modules/module.py", line 1518, in _wrapped_call_impl
    return self._call_impl(*args, **kwargs)
           ^^^^^^^^^^^^^^^^^^^^^^^^^^^^^^^^
  File "/.autofs/tools/spack/var/spack/environments/default-ml-x86_64-24071101/.spack-env/view/lib/python3.11/site-packages/torch/nn/modules/module.py", line 1527, in _call_impl
    return forward_call(*args, **kwargs)
           ^^^^^^^^^^^^^^^^^^^^^^^^^^^^^
  File "/home/rgg2706/Multimodal-Sentiment-Analysis/Models/ESAFN-modified/models/mmfusion.py", line 44, in forward
    context, (_, _) = self.lstm(x, ori_x_len)  # Process the entire text with one LSTM layer
                      ^^^^^^^^^^^^^^^^^^^^^^^
  File "/.autofs/tools/spack/var/spack/environments/default-ml-x86_64-24071101/.spack-env/view/lib/python3.11/site-packages/torch/nn/modules/module.py", line 1518, in _wrapped_call_impl
    return self._call_impl(*args, **kwargs)
           ^^^^^^^^^^^^^^^^^^^^^^^^^^^^^^^^
  File "/.autofs/tools/spack/var/spack/environments/default-ml-x86_64-24071101/.spack-env/view/lib/python3.11/site-packages/torch/nn/modules/module.py", line 1527, in _call_impl
    return forward_call(*args, **kwargs)
           ^^^^^^^^^^^^^^^^^^^^^^^^^^^^^
  File "/home/rgg2706/Multimodal-Sentiment-Analysis/Models/ESAFN-modified/layers/dynamic_rnn.py", line 65, in forward
    x_emb_p = torch.nn.utils.rnn.pack_padded_sequence(x, x_len, batch_first=self.batch_first)
              ^^^^^^^^^^^^^^^^^^^^^^^^^^^^^^^^^^^^^^^^^^^^^^^^^^^^^^^^^^^^^^^^^^^^^^^^^^^^^^^
  File "/.autofs/tools/spack/var/spack/environments/default-ml-x86_64-24071101/.spack-env/view/lib/python3.11/site-packages/torch/nn/utils/rnn.py", line 264, in pack_padded_sequence
    _VF._pack_padded_sequence(input, lengths, batch_first)
RuntimeError: 'lengths' argument should be a 1D CPU int64 tensor, but got 1D cuda:0 Long tensor
