PyTorch version: 2.1.1
CUDA available: True
CUDA version: 12.3
True
1
0
NVIDIA A100-PCIE-40GB
************no tfn layer************
> training arguments:
>>> rand_seed: 25
>>> model_name: mmfusion
>>> dataset: twitter2015
>>> optimizer: <class 'torch.optim.adam.Adam'>
>>> initializer: <function xavier_uniform_ at 0x7f2acd3f1e40>
>>> learning_rate: 0.001
>>> dropout_rate: 0.5
>>> num_epoch: 100
>>> batch_size: 128
>>> log_step: 50
>>> logdir: log
>>> embed_dim: 100
>>> hidden_dim: 100
>>> max_seq_len: 24
>>> polarities_dim: 3
>>> hops: 3
>>> att_file: ./att_file/
>>> pred_file: ./pred_file/
>>> clip_grad: 5.0
>>> path_image: ../../Datasets/IJCAI2019_data/twitter2015_images
>>> crop_size: 224
>>> fine_tune_cnn: False
>>> att_mode: vis_concat_attimg_gate
>>> resnet_root: ./resnet
>>> checkpoint: ./checkpoint/
>>> load_check_point: False
>>> load_opt: False
>>> tfn: False
>>> model_class: <class 'models.mmfusion.MMFUSION'>
>>> inputs_cols: ['text_left_indicator', 'text_right_indicator', 'aspect_indices']
>>> device: cuda
Before model allocation:
Allocated: 0.00 MB
Cached:    0.00 MB
preparing twitter2015 dataset...
loading word vectors...
building embedding_matrix: 100_twitter2015_embedding_matrix.dat
--------------./datasets/twitter2015/train.txt---------------
the number of problematic samples: 0
--------------./datasets/twitter2015/dev.txt---------------
the number of problematic samples: 0
--------------./datasets/twitter2015/test.txt---------------
the number of problematic samples: 0
building model
Before absa_dataset allocation:
Allocated: 230.28 MB
Cached:    244.00 MB
After model allocation:
Allocated: 239.79 MB
Cached:    268.00 MB
DataParallel(
  (module): MMFUSION(
    (embed): Embedding(12904, 100)
    (lstm_aspect): DynamicLSTM(
      (RNN): LSTM(100, 100, batch_first=True)
    )
    (lstm_l): DynamicLSTM(
      (RNN): LSTM(100, 100, batch_first=True)
    )
    (lstm_r): DynamicLSTM(
      (RNN): LSTM(100, 100, batch_first=True)
    )
    (attention_l): Attention2(
      (proj): Linear(in_features=100, out_features=100, bias=True)
      (dropout): Dropout(p=0.5, inplace=False)
    )
    (attention_r): Attention2(
      (proj): Linear(in_features=100, out_features=100, bias=True)
      (dropout): Dropout(p=0.5, inplace=False)
    )
    (visaspect_att_l): MMAttention(
      (proj): Linear(in_features=100, out_features=100, bias=True)
      (dropout): Dropout(p=0.5, inplace=False)
    )
    (visaspect_att_r): MMAttention(
      (proj): Linear(in_features=100, out_features=100, bias=True)
      (dropout): Dropout(p=0.5, inplace=False)
    )
    (ltext2hidden): Linear(in_features=100, out_features=100, bias=True)
    (laspect2hidden): Linear(in_features=100, out_features=100, bias=True)
    (rtext2hidden): Linear(in_features=100, out_features=100, bias=True)
    (raspect2hidden): Linear(in_features=100, out_features=100, bias=True)
    (dropout): Dropout(p=0.5, inplace=False)
    (aspect2text): Linear(in_features=100, out_features=100, bias=True)
    (vismap2text): Linear(in_features=2048, out_features=100, bias=True)
    (vis2text): Linear(in_features=2048, out_features=100, bias=True)
    (gate): Linear(in_features=2448, out_features=100, bias=True)
    (madality_attetion): Linear(in_features=100, out_features=1, bias=True)
    (text2hiddenvis): Linear(in_features=400, out_features=100, bias=True)
    (vis2hiddenvis): Linear(in_features=100, out_features=100, bias=True)
    (dense_6): Linear(in_features=600, out_features=3, bias=True)
  )
)
n_trainable_params: 1200104, n_nontrainable_params: 1290400
parameters only include text parts without word embeddings
>>>>>>>>>>>>>>>>>>>>>>>>>>>>>>>>>>>>>>>>>>>>>>>>>>>>>>>>>>>>>>>>>>>>>>>>>>>>>>>>>>>>>>>>>>>>>>>>>>>>
epoch:  0
>>>>>>>>>>>>>>>>>>>>>>>>>>>>>>>>>>>>>>>>>>>>>>>>>>>>>>>>>>>>>>>>>>>>>>>>>>>>>>>>>>>>>>>>>>>>>>>>>>>>
epoch:  1
loss: 0.7683, acc: 0.7068, dev_acc: 0.6551, test_acc: 0.6770
dev_f1: 0.4537, test_f1: 0.4888
>>>>>>>>>>>>>>>>>>>>>>>>>>>>>>>>>>>>>>>>>>>>>>>>>>>>>>>>>>>>>>>>>>>>>>>>>>>>>>>>>>>>>>>>>>>>>>>>>>>>
epoch:  2
>>>>>>>>>>>>>>>>>>>>>>>>>>>>>>>>>>>>>>>>>>>>>>>>>>>>>>>>>>>>>>>>>>>>>>>>>>>>>>>>>>>>>>>>>>>>>>>>>>>>
epoch:  3
loss: 0.6437, acc: 0.7779, dev_acc: 0.6774, test_acc: 0.7068
dev_f1: 0.5521, test_f1: 0.5922
>>>>>>>>>>>>>>>>>>>>>>>>>>>>>>>>>>>>>>>>>>>>>>>>>>>>>>>>>>>>>>>>>>>>>>>>>>>>>>>>>>>>>>>>>>>>>>>>>>>>
epoch:  4
>>>>>>>>>>>>>>>>>>>>>>>>>>>>>>>>>>>>>>>>>>>>>>>>>>>>>>>>>>>>>>>>>>>>>>>>>>>>>>>>>>>>>>>>>>>>>>>>>>>>
epoch:  5
loss: 0.5226, acc: 0.8342, dev_acc: 0.6765, test_acc: 0.6905
dev_f1: 0.5740, test_f1: 0.5908
>>>>>>>>>>>>>>>>>>>>>>>>>>>>>>>>>>>>>>>>>>>>>>>>>>>>>>>>>>>>>>>>>>>>>>>>>>>>>>>>>>>>>>>>>>>>>>>>>>>>
epoch:  6
>>>>>>>>>>>>>>>>>>>>>>>>>>>>>>>>>>>>>>>>>>>>>>>>>>>>>>>>>>>>>>>>>>>>>>>>>>>>>>>>>>>>>>>>>>>>>>>>>>>>
epoch:  7
loss: 0.3000, acc: 0.8962, dev_acc: 0.6480, test_acc: 0.6635
dev_f1: 0.5529, test_f1: 0.5977
>>>>>>>>>>>>>>>>>>>>>>>>>>>>>>>>>>>>>>>>>>>>>>>>>>>>>>>>>>>>>>>>>>>>>>>>>>>>>>>>>>>>>>>>>>>>>>>>>>>>
epoch:  8
>>>>>>>>>>>>>>>>>>>>>>>>>>>>>>>>>>>>>>>>>>>>>>>>>>>>>>>>>>>>>>>>>>>>>>>>>>>>>>>>>>>>>>>>>>>>>>>>>>>>
epoch:  9
loss: 0.2961, acc: 0.9591, dev_acc: 0.6373, test_acc: 0.6615
dev_f1: 0.5512, test_f1: 0.5908
>>>>>>>>>>>>>>>>>>>>>>>>>>>>>>>>>>>>>>>>>>>>>>>>>>>>>>>>>>>>>>>>>>>>>>>>>>>>>>>>>>>>>>>>>>>>>>>>>>>>
epoch:  10
>>>>>>>>>>>>>>>>>>>>>>>>>>>>>>>>>>>>>>>>>>>>>>>>>>>>>>>>>>>>>>>>>>>>>>>>>>>>>>>>>>>>>>>>>>>>>>>>>>>>
epoch:  11
loss: 0.1402, acc: 0.9840, dev_acc: 0.6381, test_acc: 0.6721
dev_f1: 0.5330, test_f1: 0.5890
>>>>>>>>>>>>>>>>>>>>>>>>>>>>>>>>>>>>>>>>>>>>>>>>>>>>>>>>>>>>>>>>>>>>>>>>>>>>>>>>>>>>>>>>>>>>>>>>>>>>
epoch:  12
>>>>>>>>>>>>>>>>>>>>>>>>>>>>>>>>>>>>>>>>>>>>>>>>>>>>>>>>>>>>>>>>>>>>>>>>>>>>>>>>>>>>>>>>>>>>>>>>>>>>
epoch:  13
loss: 0.1575, acc: 0.9884, dev_acc: 0.6444, test_acc: 0.6721
dev_f1: 0.5415, test_f1: 0.5920
>>>>>>>>>>>>>>>>>>>>>>>>>>>>>>>>>>>>>>>>>>>>>>>>>>>>>>>>>>>>>>>>>>>>>>>>>>>>>>>>>>>>>>>>>>>>>>>>>>>>
epoch:  14
>>>>>>>>>>>>>>>>>>>>>>>>>>>>>>>>>>>>>>>>>>>>>>>>>>>>>>>>>>>>>>>>>>>>>>>>>>>>>>>>>>>>>>>>>>>>>>>>>>>>
epoch:  15
loss: 0.1453, acc: 0.9871, dev_acc: 0.6613, test_acc: 0.6750
dev_f1: 0.5327, test_f1: 0.5689
>>>>>>>>>>>>>>>>>>>>>>>>>>>>>>>>>>>>>>>>>>>>>>>>>>>>>>>>>>>>>>>>>>>>>>>>>>>>>>>>>>>>>>>>>>>>>>>>>>>>
epoch:  16
>>>>>>>>>>>>>>>>>>>>>>>>>>>>>>>>>>>>>>>>>>>>>>>>>>>>>>>>>>>>>>>>>>>>>>>>>>>>>>>>>>>>>>>>>>>>>>>>>>>>
epoch:  17
loss: 0.1719, acc: 0.9969, dev_acc: 0.6399, test_acc: 0.6721
dev_f1: 0.5345, test_f1: 0.5822
>>>>>>>>>>>>>>>>>>>>>>>>>>>>>>>>>>>>>>>>>>>>>>>>>>>>>>>>>>>>>>>>>>>>>>>>>>>>>>>>>>>>>>>>>>>>>>>>>>>>
epoch:  18
>>>>>>>>>>>>>>>>>>>>>>>>>>>>>>>>>>>>>>>>>>>>>>>>>>>>>>>>>>>>>>>>>>>>>>>>>>>>>>>>>>>>>>>>>>>>>>>>>>>>
epoch:  19
loss: 0.0769, acc: 0.9909, dev_acc: 0.6408, test_acc: 0.6702
dev_f1: 0.5311, test_f1: 0.5785
>>>>>>>>>>>>>>>>>>>>>>>>>>>>>>>>>>>>>>>>>>>>>>>>>>>>>>>>>>>>>>>>>>>>>>>>>>>>>>>>>>>>>>>>>>>>>>>>>>>>
epoch:  20
>>>>>>>>>>>>>>>>>>>>>>>>>>>>>>>>>>>>>>>>>>>>>>>>>>>>>>>>>>>>>>>>>>>>>>>>>>>>>>>>>>>>>>>>>>>>>>>>>>>>
epoch:  21
loss: 0.0235, acc: 0.9978, dev_acc: 0.6185, test_acc: 0.6615
dev_f1: 0.5462, test_f1: 0.6026
>>>>>>>>>>>>>>>>>>>>>>>>>>>>>>>>>>>>>>>>>>>>>>>>>>>>>>>>>>>>>>>>>>>>>>>>>>>>>>>>>>>>>>>>>>>>>>>>>>>>
epoch:  22
>>>>>>>>>>>>>>>>>>>>>>>>>>>>>>>>>>>>>>>>>>>>>>>>>>>>>>>>>>>>>>>>>>>>>>>>>>>>>>>>>>>>>>>>>>>>>>>>>>>>
epoch:  23
loss: 0.0076, acc: 0.9984, dev_acc: 0.6480, test_acc: 0.6702
dev_f1: 0.5280, test_f1: 0.5688
>>>>>>>>>>>>>>>>>>>>>>>>>>>>>>>>>>>>>>>>>>>>>>>>>>>>>>>>>>>>>>>>>>>>>>>>>>>>>>>>>>>>>>>>>>>>>>>>>>>>
epoch:  24
>>>>>>>>>>>>>>>>>>>>>>>>>>>>>>>>>>>>>>>>>>>>>>>>>>>>>>>>>>>>>>>>>>>>>>>>>>>>>>>>>>>>>>>>>>>>>>>>>>>>
epoch:  25
loss: 0.0542, acc: 0.9978, dev_acc: 0.6319, test_acc: 0.6827
dev_f1: 0.5235, test_f1: 0.5922
>>>>>>>>>>>>>>>>>>>>>>>>>>>>>>>>>>>>>>>>>>>>>>>>>>>>>>>>>>>>>>>>>>>>>>>>>>>>>>>>>>>>>>>>>>>>>>>>>>>>
epoch:  26
>>>>>>>>>>>>>>>>>>>>>>>>>>>>>>>>>>>>>>>>>>>>>>>>>>>>>>>>>>>>>>>>>>>>>>>>>>>>>>>>>>>>>>>>>>>>>>>>>>>>
epoch:  27
loss: 0.0382, acc: 0.9953, dev_acc: 0.6426, test_acc: 0.6856
dev_f1: 0.5102, test_f1: 0.5767
>>>>>>>>>>>>>>>>>>>>>>>>>>>>>>>>>>>>>>>>>>>>>>>>>>>>>>>>>>>>>>>>>>>>>>>>>>>>>>>>>>>>>>>>>>>>>>>>>>>>
epoch:  28
>>>>>>>>>>>>>>>>>>>>>>>>>>>>>>>>>>>>>>>>>>>>>>>>>>>>>>>>>>>>>>>>>>>>>>>>>>>>>>>>>>>>>>>>>>>>>>>>>>>>
epoch:  29
loss: 0.0438, acc: 0.9994, dev_acc: 0.6390, test_acc: 0.6741
dev_f1: 0.5446, test_f1: 0.5831
>>>>>>>>>>>>>>>>>>>>>>>>>>>>>>>>>>>>>>>>>>>>>>>>>>>>>>>>>>>>>>>>>>>>>>>>>>>>>>>>>>>>>>>>>>>>>>>>>>>>
epoch:  30
>>>>>>>>>>>>>>>>>>>>>>>>>>>>>>>>>>>>>>>>>>>>>>>>>>>>>>>>>>>>>>>>>>>>>>>>>>>>>>>>>>>>>>>>>>>>>>>>>>>>
epoch:  31
loss: 0.0019, acc: 0.9981, dev_acc: 0.6426, test_acc: 0.6721
dev_f1: 0.5259, test_f1: 0.5678
>>>>>>>>>>>>>>>>>>>>>>>>>>>>>>>>>>>>>>>>>>>>>>>>>>>>>>>>>>>>>>>>>>>>>>>>>>>>>>>>>>>>>>>>>>>>>>>>>>>>
epoch:  32
>>>>>>>>>>>>>>>>>>>>>>>>>>>>>>>>>>>>>>>>>>>>>>>>>>>>>>>>>>>>>>>>>>>>>>>>>>>>>>>>>>>>>>>>>>>>>>>>>>>>
epoch:  33
loss: 0.0105, acc: 0.9984, dev_acc: 0.6462, test_acc: 0.6789
dev_f1: 0.5344, test_f1: 0.5811
>>>>>>>>>>>>>>>>>>>>>>>>>>>>>>>>>>>>>>>>>>>>>>>>>>>>>>>>>>>>>>>>>>>>>>>>>>>>>>>>>>>>>>>>>>>>>>>>>>>>
epoch:  34
>>>>>>>>>>>>>>>>>>>>>>>>>>>>>>>>>>>>>>>>>>>>>>>>>>>>>>>>>>>>>>>>>>>>>>>>>>>>>>>>>>>>>>>>>>>>>>>>>>>>
epoch:  35
loss: 0.0143, acc: 0.9991, dev_acc: 0.6266, test_acc: 0.6673
dev_f1: 0.5267, test_f1: 0.5792
>>>>>>>>>>>>>>>>>>>>>>>>>>>>>>>>>>>>>>>>>>>>>>>>>>>>>>>>>>>>>>>>>>>>>>>>>>>>>>>>>>>>>>>>>>>>>>>>>>>>
epoch:  36
>>>>>>>>>>>>>>>>>>>>>>>>>>>>>>>>>>>>>>>>>>>>>>>>>>>>>>>>>>>>>>>>>>>>>>>>>>>>>>>>>>>>>>>>>>>>>>>>>>>>
epoch:  37
loss: 0.0042, acc: 0.9978, dev_acc: 0.6114, test_acc: 0.6548
dev_f1: 0.5272, test_f1: 0.5953
>>>>>>>>>>>>>>>>>>>>>>>>>>>>>>>>>>>>>>>>>>>>>>>>>>>>>>>>>>>>>>>>>>>>>>>>>>>>>>>>>>>>>>>>>>>>>>>>>>>>
epoch:  38
>>>>>>>>>>>>>>>>>>>>>>>>>>>>>>>>>>>>>>>>>>>>>>>>>>>>>>>>>>>>>>>>>>>>>>>>>>>>>>>>>>>>>>>>>>>>>>>>>>>>
epoch:  39
loss: 0.0041, acc: 0.9984, dev_acc: 0.6426, test_acc: 0.6644
dev_f1: 0.5544, test_f1: 0.5951
>>>>>>>>>>>>>>>>>>>>>>>>>>>>>>>>>>>>>>>>>>>>>>>>>>>>>>>>>>>>>>>>>>>>>>>>>>>>>>>>>>>>>>>>>>>>>>>>>>>>
epoch:  40
>>>>>>>>>>>>>>>>>>>>>>>>>>>>>>>>>>>>>>>>>>>>>>>>>>>>>>>>>>>>>>>>>>>>>>>>>>>>>>>>>>>>>>>>>>>>>>>>>>>>
epoch:  41
loss: 0.0844, acc: 0.9997, dev_acc: 0.6266, test_acc: 0.6586
dev_f1: 0.5245, test_f1: 0.5860
>>>>>>>>>>>>>>>>>>>>>>>>>>>>>>>>>>>>>>>>>>>>>>>>>>>>>>>>>>>>>>>>>>>>>>>>>>>>>>>>>>>>>>>>>>>>>>>>>>>>
epoch:  42
>>>>>>>>>>>>>>>>>>>>>>>>>>>>>>>>>>>>>>>>>>>>>>>>>>>>>>>>>>>>>>>>>>>>>>>>>>>>>>>>>>>>>>>>>>>>>>>>>>>>
epoch:  43
loss: 0.1642, acc: 0.9937, dev_acc: 0.6016, test_acc: 0.6191
dev_f1: 0.5402, test_f1: 0.5629
>>>>>>>>>>>>>>>>>>>>>>>>>>>>>>>>>>>>>>>>>>>>>>>>>>>>>>>>>>>>>>>>>>>>>>>>>>>>>>>>>>>>>>>>>>>>>>>>>>>>
epoch:  44
>>>>>>>>>>>>>>>>>>>>>>>>>>>>>>>>>>>>>>>>>>>>>>>>>>>>>>>>>>>>>>>>>>>>>>>>>>>>>>>>>>>>>>>>>>>>>>>>>>>>
epoch:  45
loss: 0.0611, acc: 0.9981, dev_acc: 0.6212, test_acc: 0.6471
dev_f1: 0.5266, test_f1: 0.5616
>>>>>>>>>>>>>>>>>>>>>>>>>>>>>>>>>>>>>>>>>>>>>>>>>>>>>>>>>>>>>>>>>>>>>>>>>>>>>>>>>>>>>>>>>>>>>>>>>>>>
epoch:  46
>>>>>>>>>>>>>>>>>>>>>>>>>>>>>>>>>>>>>>>>>>>>>>>>>>>>>>>>>>>>>>>>>>>>>>>>>>>>>>>>>>>>>>>>>>>>>>>>>>>>
epoch:  47
loss: 0.0182, acc: 0.9984, dev_acc: 0.6070, test_acc: 0.6393
dev_f1: 0.5342, test_f1: 0.5846
>>>>>>>>>>>>>>>>>>>>>>>>>>>>>>>>>>>>>>>>>>>>>>>>>>>>>>>>>>>>>>>>>>>>>>>>>>>>>>>>>>>>>>>>>>>>>>>>>>>>
epoch:  48
>>>>>>>>>>>>>>>>>>>>>>>>>>>>>>>>>>>>>>>>>>>>>>>>>>>>>>>>>>>>>>>>>>>>>>>>>>>>>>>>>>>>>>>>>>>>>>>>>>>>
epoch:  49
loss: 0.0583, acc: 0.9953, dev_acc: 0.6471, test_acc: 0.6625
dev_f1: 0.5322, test_f1: 0.5632
>>>>>>>>>>>>>>>>>>>>>>>>>>>>>>>>>>>>>>>>>>>>>>>>>>>>>>>>>>>>>>>>>>>>>>>>>>>>>>>>>>>>>>>>>>>>>>>>>>>>
epoch:  50
>>>>>>>>>>>>>>>>>>>>>>>>>>>>>>>>>>>>>>>>>>>>>>>>>>>>>>>>>>>>>>>>>>>>>>>>>>>>>>>>>>>>>>>>>>>>>>>>>>>>
epoch:  51
loss: 0.0047, acc: 0.9987, dev_acc: 0.6426, test_acc: 0.6798
dev_f1: 0.5422, test_f1: 0.5858
>>>>>>>>>>>>>>>>>>>>>>>>>>>>>>>>>>>>>>>>>>>>>>>>>>>>>>>>>>>>>>>>>>>>>>>>>>>>>>>>>>>>>>>>>>>>>>>>>>>>
epoch:  52
>>>>>>>>>>>>>>>>>>>>>>>>>>>>>>>>>>>>>>>>>>>>>>>>>>>>>>>>>>>>>>>>>>>>>>>>>>>>>>>>>>>>>>>>>>>>>>>>>>>>
epoch:  53
loss: 0.0229, acc: 1.0000, dev_acc: 0.6408, test_acc: 0.6654
dev_f1: 0.5619, test_f1: 0.5941
>>>>>>>>>>>>>>>>>>>>>>>>>>>>>>>>>>>>>>>>>>>>>>>>>>>>>>>>>>>>>>>>>>>>>>>>>>>>>>>>>>>>>>>>>>>>>>>>>>>>
epoch:  54
>>>>>>>>>>>>>>>>>>>>>>>>>>>>>>>>>>>>>>>>>>>>>>>>>>>>>>>>>>>>>>>>>>>>>>>>>>>>>>>>>>>>>>>>>>>>>>>>>>>>
epoch:  55
loss: 0.0203, acc: 0.9997, dev_acc: 0.6257, test_acc: 0.6606
dev_f1: 0.5358, test_f1: 0.5888
>>>>>>>>>>>>>>>>>>>>>>>>>>>>>>>>>>>>>>>>>>>>>>>>>>>>>>>>>>>>>>>>>>>>>>>>>>>>>>>>>>>>>>>>>>>>>>>>>>>>
epoch:  56
>>>>>>>>>>>>>>>>>>>>>>>>>>>>>>>>>>>>>>>>>>>>>>>>>>>>>>>>>>>>>>>>>>>>>>>>>>>>>>>>>>>>>>>>>>>>>>>>>>>>
epoch:  57
loss: 0.0044, acc: 0.9972, dev_acc: 0.6328, test_acc: 0.6692
dev_f1: 0.5524, test_f1: 0.5953
>>>>>>>>>>>>>>>>>>>>>>>>>>>>>>>>>>>>>>>>>>>>>>>>>>>>>>>>>>>>>>>>>>>>>>>>>>>>>>>>>>>>>>>>>>>>>>>>>>>>
epoch:  58
>>>>>>>>>>>>>>>>>>>>>>>>>>>>>>>>>>>>>>>>>>>>>>>>>>>>>>>>>>>>>>>>>>>>>>>>>>>>>>>>>>>>>>>>>>>>>>>>>>>>
epoch:  59
loss: 0.0463, acc: 0.9994, dev_acc: 0.6257, test_acc: 0.6683
dev_f1: 0.5324, test_f1: 0.6076
>>>>>>>>>>>>>>>>>>>>>>>>>>>>>>>>>>>>>>>>>>>>>>>>>>>>>>>>>>>>>>>>>>>>>>>>>>>>>>>>>>>>>>>>>>>>>>>>>>>>
epoch:  60
>>>>>>>>>>>>>>>>>>>>>>>>>>>>>>>>>>>>>>>>>>>>>>>>>>>>>>>>>>>>>>>>>>>>>>>>>>>>>>>>>>>>>>>>>>>>>>>>>>>>
epoch:  61
loss: 0.0338, acc: 0.9981, dev_acc: 0.6408, test_acc: 0.6789
dev_f1: 0.5312, test_f1: 0.5802
>>>>>>>>>>>>>>>>>>>>>>>>>>>>>>>>>>>>>>>>>>>>>>>>>>>>>>>>>>>>>>>>>>>>>>>>>>>>>>>>>>>>>>>>>>>>>>>>>>>>
epoch:  62
>>>>>>>>>>>>>>>>>>>>>>>>>>>>>>>>>>>>>>>>>>>>>>>>>>>>>>>>>>>>>>>>>>>>>>>>>>>>>>>>>>>>>>>>>>>>>>>>>>>>
epoch:  63
loss: 0.0023, acc: 0.9994, dev_acc: 0.6355, test_acc: 0.6654
dev_f1: 0.5565, test_f1: 0.5916
>>>>>>>>>>>>>>>>>>>>>>>>>>>>>>>>>>>>>>>>>>>>>>>>>>>>>>>>>>>>>>>>>>>>>>>>>>>>>>>>>>>>>>>>>>>>>>>>>>>>
epoch:  64
>>>>>>>>>>>>>>>>>>>>>>>>>>>>>>>>>>>>>>>>>>>>>>>>>>>>>>>>>>>>>>>>>>>>>>>>>>>>>>>>>>>>>>>>>>>>>>>>>>>>
epoch:  65
loss: 0.0044, acc: 0.9997, dev_acc: 0.6292, test_acc: 0.6663
dev_f1: 0.5628, test_f1: 0.5979
>>>>>>>>>>>>>>>>>>>>>>>>>>>>>>>>>>>>>>>>>>>>>>>>>>>>>>>>>>>>>>>>>>>>>>>>>>>>>>>>>>>>>>>>>>>>>>>>>>>>
epoch:  66
>>>>>>>>>>>>>>>>>>>>>>>>>>>>>>>>>>>>>>>>>>>>>>>>>>>>>>>>>>>>>>>>>>>>>>>>>>>>>>>>>>>>>>>>>>>>>>>>>>>>
epoch:  67
loss: 0.0004, acc: 1.0000, dev_acc: 0.6319, test_acc: 0.6721
dev_f1: 0.5304, test_f1: 0.5773
>>>>>>>>>>>>>>>>>>>>>>>>>>>>>>>>>>>>>>>>>>>>>>>>>>>>>>>>>>>>>>>>>>>>>>>>>>>>>>>>>>>>>>>>>>>>>>>>>>>>
epoch:  68
>>>>>>>>>>>>>>>>>>>>>>>>>>>>>>>>>>>>>>>>>>>>>>>>>>>>>>>>>>>>>>>>>>>>>>>>>>>>>>>>>>>>>>>>>>>>>>>>>>>>
epoch:  69
loss: 0.0007, acc: 1.0000, dev_acc: 0.6426, test_acc: 0.6827
dev_f1: 0.5357, test_f1: 0.5908
>>>>>>>>>>>>>>>>>>>>>>>>>>>>>>>>>>>>>>>>>>>>>>>>>>>>>>>>>>>>>>>>>>>>>>>>>>>>>>>>>>>>>>>>>>>>>>>>>>>>
epoch:  70
>>>>>>>>>>>>>>>>>>>>>>>>>>>>>>>>>>>>>>>>>>>>>>>>>>>>>>>>>>>>>>>>>>>>>>>>>>>>>>>>>>>>>>>>>>>>>>>>>>>>
epoch:  71
loss: 0.0002, acc: 1.0000, dev_acc: 0.6355, test_acc: 0.6808
dev_f1: 0.5319, test_f1: 0.5899
>>>>>>>>>>>>>>>>>>>>>>>>>>>>>>>>>>>>>>>>>>>>>>>>>>>>>>>>>>>>>>>>>>>>>>>>>>>>>>>>>>>>>>>>>>>>>>>>>>>>
epoch:  72
>>>>>>>>>>>>>>>>>>>>>>>>>>>>>>>>>>>>>>>>>>>>>>>>>>>>>>>>>>>>>>>>>>>>>>>>>>>>>>>>>>>>>>>>>>>>>>>>>>>>
epoch:  73
loss: 0.0004, acc: 0.9991, dev_acc: 0.6408, test_acc: 0.6789
dev_f1: 0.5384, test_f1: 0.5819
>>>>>>>>>>>>>>>>>>>>>>>>>>>>>>>>>>>>>>>>>>>>>>>>>>>>>>>>>>>>>>>>>>>>>>>>>>>>>>>>>>>>>>>>>>>>>>>>>>>>
epoch:  74
>>>>>>>>>>>>>>>>>>>>>>>>>>>>>>>>>>>>>>>>>>>>>>>>>>>>>>>>>>>>>>>>>>>>>>>>>>>>>>>>>>>>>>>>>>>>>>>>>>>>
epoch:  75
loss: 0.0016, acc: 0.9997, dev_acc: 0.6212, test_acc: 0.6586
dev_f1: 0.5213, test_f1: 0.5666
>>>>>>>>>>>>>>>>>>>>>>>>>>>>>>>>>>>>>>>>>>>>>>>>>>>>>>>>>>>>>>>>>>>>>>>>>>>>>>>>>>>>>>>>>>>>>>>>>>>>
epoch:  76
>>>>>>>>>>>>>>>>>>>>>>>>>>>>>>>>>>>>>>>>>>>>>>>>>>>>>>>>>>>>>>>>>>>>>>>>>>>>>>>>>>>>>>>>>>>>>>>>>>>>
epoch:  77
loss: 0.0013, acc: 0.9981, dev_acc: 0.6578, test_acc: 0.6972
dev_f1: 0.5517, test_f1: 0.6040
>>>>>>>>>>>>>>>>>>>>>>>>>>>>>>>>>>>>>>>>>>>>>>>>>>>>>>>>>>>>>>>>>>>>>>>>>>>>>>>>>>>>>>>>>>>>>>>>>>>>
epoch:  78
>>>>>>>>>>>>>>>>>>>>>>>>>>>>>>>>>>>>>>>>>>>>>>>>>>>>>>>>>>>>>>>>>>>>>>>>>>>>>>>>>>>>>>>>>>>>>>>>>>>>
epoch:  79
loss: 0.0032, acc: 0.9987, dev_acc: 0.6221, test_acc: 0.6596
dev_f1: 0.5368, test_f1: 0.5934
>>>>>>>>>>>>>>>>>>>>>>>>>>>>>>>>>>>>>>>>>>>>>>>>>>>>>>>>>>>>>>>>>>>>>>>>>>>>>>>>>>>>>>>>>>>>>>>>>>>>
epoch:  80
>>>>>>>>>>>>>>>>>>>>>>>>>>>>>>>>>>>>>>>>>>>>>>>>>>>>>>>>>>>>>>>>>>>>>>>>>>>>>>>>>>>>>>>>>>>>>>>>>>>>
epoch:  81
loss: 0.0007, acc: 0.9994, dev_acc: 0.6248, test_acc: 0.6760
dev_f1: 0.5461, test_f1: 0.6161
>>>>>>>>>>>>>>>>>>>>>>>>>>>>>>>>>>>>>>>>>>>>>>>>>>>>>>>>>>>>>>>>>>>>>>>>>>>>>>>>>>>>>>>>>>>>>>>>>>>>
epoch:  82
>>>>>>>>>>>>>>>>>>>>>>>>>>>>>>>>>>>>>>>>>>>>>>>>>>>>>>>>>>>>>>>>>>>>>>>>>>>>>>>>>>>>>>>>>>>>>>>>>>>>
epoch:  83
loss: 0.0206, acc: 0.9991, dev_acc: 0.6435, test_acc: 0.6837
dev_f1: 0.5352, test_f1: 0.6047
>>>>>>>>>>>>>>>>>>>>>>>>>>>>>>>>>>>>>>>>>>>>>>>>>>>>>>>>>>>>>>>>>>>>>>>>>>>>>>>>>>>>>>>>>>>>>>>>>>>>
epoch:  84
>>>>>>>>>>>>>>>>>>>>>>>>>>>>>>>>>>>>>>>>>>>>>>>>>>>>>>>>>>>>>>>>>>>>>>>>>>>>>>>>>>>>>>>>>>>>>>>>>>>>
epoch:  85
loss: 0.0421, acc: 0.9997, dev_acc: 0.6515, test_acc: 0.6827
dev_f1: 0.5317, test_f1: 0.5835
>>>>>>>>>>>>>>>>>>>>>>>>>>>>>>>>>>>>>>>>>>>>>>>>>>>>>>>>>>>>>>>>>>>>>>>>>>>>>>>>>>>>>>>>>>>>>>>>>>>>
epoch:  86
>>>>>>>>>>>>>>>>>>>>>>>>>>>>>>>>>>>>>>>>>>>>>>>>>>>>>>>>>>>>>>>>>>>>>>>>>>>>>>>>>>>>>>>>>>>>>>>>>>>>
epoch:  87
loss: 0.0093, acc: 0.9969, dev_acc: 0.6497, test_acc: 0.6905
dev_f1: 0.5322, test_f1: 0.5885
>>>>>>>>>>>>>>>>>>>>>>>>>>>>>>>>>>>>>>>>>>>>>>>>>>>>>>>>>>>>>>>>>>>>>>>>>>>>>>>>>>>>>>>>>>>>>>>>>>>>
epoch:  88
>>>>>>>>>>>>>>>>>>>>>>>>>>>>>>>>>>>>>>>>>>>>>>>>>>>>>>>>>>>>>>>>>>>>>>>>>>>>>>>>>>>>>>>>>>>>>>>>>>>>
epoch:  89
loss: 0.0319, acc: 0.9987, dev_acc: 0.6426, test_acc: 0.6702
dev_f1: 0.5514, test_f1: 0.5893
>>>>>>>>>>>>>>>>>>>>>>>>>>>>>>>>>>>>>>>>>>>>>>>>>>>>>>>>>>>>>>>>>>>>>>>>>>>>>>>>>>>>>>>>>>>>>>>>>>>>
epoch:  90
>>>>>>>>>>>>>>>>>>>>>>>>>>>>>>>>>>>>>>>>>>>>>>>>>>>>>>>>>>>>>>>>>>>>>>>>>>>>>>>>>>>>>>>>>>>>>>>>>>>>
epoch:  91
loss: 0.0037, acc: 0.9962, dev_acc: 0.6257, test_acc: 0.6692
dev_f1: 0.5549, test_f1: 0.6210
>>>>>>>>>>>>>>>>>>>>>>>>>>>>>>>>>>>>>>>>>>>>>>>>>>>>>>>>>>>>>>>>>>>>>>>>>>>>>>>>>>>>>>>>>>>>>>>>>>>>
epoch:  92
>>>>>>>>>>>>>>>>>>>>>>>>>>>>>>>>>>>>>>>>>>>>>>>>>>>>>>>>>>>>>>>>>>>>>>>>>>>>>>>>>>>>>>>>>>>>>>>>>>>>
epoch:  93
loss: 0.0377, acc: 0.9994, dev_acc: 0.6355, test_acc: 0.6741
dev_f1: 0.5416, test_f1: 0.5961
>>>>>>>>>>>>>>>>>>>>>>>>>>>>>>>>>>>>>>>>>>>>>>>>>>>>>>>>>>>>>>>>>>>>>>>>>>>>>>>>>>>>>>>>>>>>>>>>>>>>
epoch:  94
>>>>>>>>>>>>>>>>>>>>>>>>>>>>>>>>>>>>>>>>>>>>>>>>>>>>>>>>>>>>>>>>>>>>>>>>>>>>>>>>>>>>>>>>>>>>>>>>>>>>
epoch:  95
loss: 0.0012, acc: 0.9987, dev_acc: 0.6346, test_acc: 0.6712
dev_f1: 0.5310, test_f1: 0.5826
>>>>>>>>>>>>>>>>>>>>>>>>>>>>>>>>>>>>>>>>>>>>>>>>>>>>>>>>>>>>>>>>>>>>>>>>>>>>>>>>>>>>>>>>>>>>>>>>>>>>
epoch:  96
>>>>>>>>>>>>>>>>>>>>>>>>>>>>>>>>>>>>>>>>>>>>>>>>>>>>>>>>>>>>>>>>>>>>>>>>>>>>>>>>>>>>>>>>>>>>>>>>>>>>
epoch:  97
loss: 0.0007, acc: 1.0000, dev_acc: 0.6221, test_acc: 0.6750
dev_f1: 0.5266, test_f1: 0.5978
>>>>>>>>>>>>>>>>>>>>>>>>>>>>>>>>>>>>>>>>>>>>>>>>>>>>>>>>>>>>>>>>>>>>>>>>>>>>>>>>>>>>>>>>>>>>>>>>>>>>
epoch:  98
>>>>>>>>>>>>>>>>>>>>>>>>>>>>>>>>>>>>>>>>>>>>>>>>>>>>>>>>>>>>>>>>>>>>>>>>>>>>>>>>>>>>>>>>>>>>>>>>>>>>
epoch:  99
loss: 0.0006, acc: 1.0000, dev_acc: 0.6239, test_acc: 0.6779
dev_f1: 0.5320, test_f1: 0.6076
max_dev_acc: 0.6773618538324421, test_acc: 0.7068466730954677
dev_p: 0.6094276094276094, dev_r: 0.5350138139126944, dev_f1: 0.5521136275354241, test_p: 0.6600923767590434, test_r: 0.5675979109073379, test_f1: 0.5921614295566312
