SLURM Job ID: 20077963
The first version with resnset
Model: MOASC4
Dataset: MOA-MVSA-single
directory /home/rgg2706/Multimodal-Sentiment-Analysis/Datasets/MOA-MVSA-single exists
directory /home/rgg2706/Multimodal-Sentiment-Analysis/Datasets/MOA-MVSA-multiple exists
directory /home/rgg2706/Multimodal-Sentiment-Analysis/Models/MOASC4/SaveFiles/SentimentClassifier exists
63
Loading dataset from: /home/rgg2706/Multimodal-Sentiment-Analysis/Datasets/MOA-MVSA-single
/home/rgg2706/Multimodal-Sentiment-Analysis/Datasets/MOA-MVSA-single/text
/home/rgg2706/Multimodal-Sentiment-Analysis/Datasets/MOA-MVSA-single/image
[DEBUG] Now in dataset directory for labels: /home/rgg2706/Multimodal-Sentiment-Analysis/Datasets/MOA-MVSA-single
[DEBUG] About to read labels from: /home/rgg2706/Multimodal-Sentiment-Analysis/Datasets/MOA-MVSA-single/labels.csv
Dataset directory is: /home/rgg2706/Multimodal-Sentiment-Analysis/Datasets/MOA-MVSA-single
Files in dataset directory: ['labels.csv', 'text', 'image']
   ID  text  image
0   1     2      1
1   2     2      1
2   3     2      1
3   4     1      1
4   5     1      1
5   6     1      1
6   7     1      1
7   8     2      1
8   9     1      1
9  10     0      0

[DEBUG] First 5 training texts:
    ID: 1 | Overall sentiment: 1 | Text: how  i feel today legday jelly aching gym 
    ID: 2 | Overall sentiment: 1 | Text: grattis min griskulting!!?? va bara tvungen oki s? sch ? ingenkommerattrodig pig happybday wow lovely cut 
    ID: 3 | Overall sentiment: 1 | Text:  polynminion  the moment  i found my favourite tv character. profoundlove 
    ID: 4 | Overall sentiment: 1 | Text: esco  we have a young and energetic team and we pride ourselves on offering the highes hoer 
    ID: 5 | Overall sentiment: 1 | Text:  chrisashaffer  went to  ssc today to be a movie star to rep for the  deaf and got to meet an energetic great guy  mark  white! 
Train samples: 3653
Validation samples: 406
Test samples: 452
Total samples: 4511
Train label distribution: Negative=1120, Positive=2151, Neutral=382
Val   label distribution: Negative=110, Positive=253, Neutral=43
Test  label distribution: Negative=128, Positive=279, Neutral=45
Overall label distribution: Negative=1358, Positive=2683, Neutral=470
    Iteration 20 of epoch 1 completed. Loss : 1.1079000234603882 Accuracy : 25.00
    Iteration 40 of epoch 1 completed. Loss : 1.0960955619812012 Accuracy : 62.50
    Iteration 60 of epoch 1 completed. Loss : 1.099680781364441 Accuracy : 15.62
    Iteration 80 of epoch 1 completed. Loss : 1.0970255136489868 Accuracy : 56.25
    Iteration 100 of epoch 1 completed. Loss : 1.0950343608856201 Accuracy : 62.50
Best validation accuracy improved from 0.0 to 0.6461975524475524
Epoch 1 completed. Test dataset:
	 Loss: 1.0494
	 Accuracy : 66.04
	 Average recall: 0.4001
	 F1_PN: 0.5556
	 Macro-F1: 0.3704
	 Weighted-F1: 0.5803

Best test accuracy improved from 0.0 to 0.6604166666666667, saving model...
    Iteration 20 of epoch 2 completed. Loss : 1.0557917356491089 Accuracy : 59.38
    Iteration 40 of epoch 2 completed. Loss : 0.9465329051017761 Accuracy : 78.12
    Iteration 60 of epoch 2 completed. Loss : 0.9676230549812317 Accuracy : 59.38
    Iteration 80 of epoch 2 completed. Loss : 0.93770831823349 Accuracy : 81.25
    Iteration 100 of epoch 2 completed. Loss : 0.9873484969139099 Accuracy : 62.50
Epoch 2 completed. Test dataset:
	 Loss: 1.0463
	 Accuracy : 45.21
	 Average recall: 0.5313
	 F1_PN: 0.4975
	 Macro-F1: 0.4081
	 Weighted-F1: 0.4601

    Iteration 20 of epoch 3 completed. Loss : 0.7989641427993774 Accuracy : 87.50
    Iteration 40 of epoch 3 completed. Loss : 0.7372128367424011 Accuracy : 87.50
    Iteration 60 of epoch 3 completed. Loss : 0.7777916789054871 Accuracy : 78.12
    Iteration 80 of epoch 3 completed. Loss : 0.8947787284851074 Accuracy : 78.12
    Iteration 100 of epoch 3 completed. Loss : 0.835815966129303 Accuracy : 81.25
Epoch 3 completed. Test dataset:
	 Loss: 0.8993
	 Accuracy : 65.42
	 Average recall: 0.5425
	 F1_PN: 0.6644
	 Macro-F1: 0.5096
	 Weighted-F1: 0.6551

    Iteration 20 of epoch 4 completed. Loss : 0.624622106552124 Accuracy : 87.50
    Iteration 40 of epoch 4 completed. Loss : 0.7187719941139221 Accuracy : 87.50
    Iteration 60 of epoch 4 completed. Loss : 0.6585299372673035 Accuracy : 87.50
    Iteration 80 of epoch 4 completed. Loss : 0.6470245718955994 Accuracy : 87.50
    Iteration 100 of epoch 4 completed. Loss : 0.751664400100708 Accuracy : 81.25
Best validation accuracy improved from 0.6461975524475524 to 0.6510052447552448
Epoch 4 completed. Test dataset:
	 Loss: 0.8941
	 Accuracy : 65.42
	 Average recall: 0.5274
	 F1_PN: 0.6653
	 Macro-F1: 0.4804
	 Weighted-F1: 0.6416

    Iteration 20 of epoch 5 completed. Loss : 0.579521894454956 Accuracy : 93.75
    Iteration 40 of epoch 5 completed. Loss : 0.6740961074829102 Accuracy : 90.62
    Iteration 60 of epoch 5 completed. Loss : 0.5979273915290833 Accuracy : 93.75
    Iteration 80 of epoch 5 completed. Loss : 0.605579674243927 Accuracy : 93.75
    Iteration 100 of epoch 5 completed. Loss : 0.6433714032173157 Accuracy : 93.75
Best validation accuracy improved from 0.6510052447552448 to 0.6835664335664335
Epoch 5 completed. Test dataset:
	 Loss: 0.8598
	 Accuracy : 68.75
	 Average recall: 0.5405
	 F1_PN: 0.6945
	 Macro-F1: 0.5092
	 Weighted-F1: 0.6694

Best test accuracy improved from 0.6604166666666667 to 0.6875, saving model...
    Iteration 20 of epoch 6 completed. Loss : 0.5938037633895874 Accuracy : 93.75
    Iteration 40 of epoch 6 completed. Loss : 0.6833658218383789 Accuracy : 87.50
    Iteration 60 of epoch 6 completed. Loss : 0.595262885093689 Accuracy : 93.75
    Iteration 80 of epoch 6 completed. Loss : 0.6060695648193359 Accuracy : 93.75
    Iteration 100 of epoch 6 completed. Loss : 0.6615572571754456 Accuracy : 87.50
Best validation accuracy improved from 0.6835664335664335 to 0.7231206293706294
Epoch 6 completed. Test dataset:
	 Loss: 0.8657
	 Accuracy : 67.50
	 Average recall: 0.5228
	 F1_PN: 0.6545
	 Macro-F1: 0.4970
	 Weighted-F1: 0.6487

    Iteration 20 of epoch 7 completed. Loss : 0.5533227920532227 Accuracy : 100.00
    Iteration 40 of epoch 7 completed. Loss : 0.624377429485321 Accuracy : 93.75
    Iteration 60 of epoch 7 completed. Loss : 0.6461618542671204 Accuracy : 87.50
    Iteration 80 of epoch 7 completed. Loss : 0.6067522764205933 Accuracy : 93.75
    Iteration 100 of epoch 7 completed. Loss : 0.6190717816352844 Accuracy : 93.75
Best validation accuracy improved from 0.7231206293706294 to 0.7314248251748251
Epoch 7 completed. Test dataset:
	 Loss: 0.8482
	 Accuracy : 69.17
	 Average recall: 0.5267
	 F1_PN: 0.6748
	 Macro-F1: 0.5022
	 Weighted-F1: 0.6605

Best test accuracy improved from 0.6875 to 0.6916666666666667, saving model...
    Iteration 20 of epoch 8 completed. Loss : 0.5517141819000244 Accuracy : 100.00
    Iteration 40 of epoch 8 completed. Loss : 0.661126434803009 Accuracy : 93.75
    Iteration 60 of epoch 8 completed. Loss : 0.5919509530067444 Accuracy : 93.75
    Iteration 80 of epoch 8 completed. Loss : 0.6058185696601868 Accuracy : 93.75
    Iteration 100 of epoch 8 completed. Loss : 0.6177974939346313 Accuracy : 93.75
Epoch 8 completed. Test dataset:
	 Loss: 0.8804
	 Accuracy : 67.29
	 Average recall: 0.5358
	 F1_PN: 0.6766
	 Macro-F1: 0.4849
	 Weighted-F1: 0.6530

    Iteration 20 of epoch 9 completed. Loss : 0.5667219161987305 Accuracy : 100.00
    Iteration 40 of epoch 9 completed. Loss : 0.6250429749488831 Accuracy : 96.88
    Iteration 60 of epoch 9 completed. Loss : 0.5783616900444031 Accuracy : 96.88
    Iteration 80 of epoch 9 completed. Loss : 0.6041557788848877 Accuracy : 93.75
    Iteration 100 of epoch 9 completed. Loss : 0.594111979007721 Accuracy : 96.88
Epoch 9 completed. Test dataset:
	 Loss: 0.8470
	 Accuracy : 69.38
	 Average recall: 0.5444
	 F1_PN: 0.6815
	 Macro-F1: 0.5154
	 Weighted-F1: 0.6686

Best test accuracy improved from 0.6916666666666667 to 0.69375, saving model...
    Iteration 20 of epoch 10 completed. Loss : 0.5580106377601624 Accuracy : 96.88
    Iteration 40 of epoch 10 completed. Loss : 0.6044034957885742 Accuracy : 96.88
    Iteration 60 of epoch 10 completed. Loss : 0.5760605335235596 Accuracy : 96.88
    Iteration 80 of epoch 10 completed. Loss : 0.6047836542129517 Accuracy : 93.75
    Iteration 100 of epoch 10 completed. Loss : 0.5939617156982422 Accuracy : 96.88
Epoch 10 completed. Test dataset:
	 Loss: 0.8284
	 Accuracy : 71.25
	 Average recall: 0.5447
	 F1_PN: 0.7049
	 Macro-F1: 0.5306
	 Weighted-F1: 0.6945

Best test accuracy improved from 0.69375 to 0.7125, saving model...
    Iteration 20 of epoch 11 completed. Loss : 0.5612152218818665 Accuracy : 96.88
    Iteration 40 of epoch 11 completed. Loss : 0.607276976108551 Accuracy : 96.88
    Iteration 60 of epoch 11 completed. Loss : 0.5742455720901489 Accuracy : 96.88
    Iteration 80 of epoch 11 completed. Loss : 0.6045865416526794 Accuracy : 93.75
    Iteration 100 of epoch 11 completed. Loss : 0.5931622982025146 Accuracy : 96.88
Epoch 11 completed. Test dataset:
	 Loss: 0.8179
	 Accuracy : 71.46
	 Average recall: 0.5392
	 F1_PN: 0.7042
	 Macro-F1: 0.5301
	 Weighted-F1: 0.6944

Best test accuracy improved from 0.7125 to 0.7145833333333333, saving model...
    Iteration 20 of epoch 12 completed. Loss : 0.5519471168518066 Accuracy : 100.00
    Iteration 40 of epoch 12 completed. Loss : 0.6056771278381348 Accuracy : 96.88
    Iteration 60 of epoch 12 completed. Loss : 0.5734550356864929 Accuracy : 96.88
    Iteration 80 of epoch 12 completed. Loss : 0.6041038632392883 Accuracy : 93.75
    Iteration 100 of epoch 12 completed. Loss : 0.5932092666625977 Accuracy : 96.88
Epoch 12 completed. Test dataset:
	 Loss: 0.8172
	 Accuracy : 73.12
	 Average recall: 0.5503
	 F1_PN: 0.7220
	 Macro-F1: 0.5420
	 Weighted-F1: 0.7121

Best test accuracy improved from 0.7145833333333333 to 0.73125, saving model...
    Iteration 20 of epoch 13 completed. Loss : 0.5543715953826904 Accuracy : 100.00
    Iteration 40 of epoch 13 completed. Loss : 0.6092633605003357 Accuracy : 96.88
    Iteration 60 of epoch 13 completed. Loss : 0.5658689141273499 Accuracy : 96.88
    Iteration 80 of epoch 13 completed. Loss : 0.6067759990692139 Accuracy : 93.75
    Iteration 100 of epoch 13 completed. Loss : 0.5932179689407349 Accuracy : 96.88
Epoch 13 completed. Test dataset:
	 Loss: 0.8170
	 Accuracy : 73.12
	 Average recall: 0.5503
	 F1_PN: 0.7220
	 Macro-F1: 0.5420
	 Weighted-F1: 0.7121

    Iteration 20 of epoch 14 completed. Loss : 0.5521529912948608 Accuracy : 100.00
    Iteration 40 of epoch 14 completed. Loss : 0.6032105684280396 Accuracy : 96.88
    Iteration 60 of epoch 14 completed. Loss : 0.5743834376335144 Accuracy : 96.88
    Iteration 80 of epoch 14 completed. Loss : 0.6031303405761719 Accuracy : 93.75
    Iteration 100 of epoch 14 completed. Loss : 0.5932025909423828 Accuracy : 96.88
Epoch 14 completed. Test dataset:
	 Loss: 0.8168
	 Accuracy : 73.12
	 Average recall: 0.5503
	 F1_PN: 0.7220
	 Macro-F1: 0.5420
	 Weighted-F1: 0.7121

    Iteration 20 of epoch 15 completed. Loss : 0.5517287850379944 Accuracy : 100.00
    Iteration 40 of epoch 15 completed. Loss : 0.6068204641342163 Accuracy : 96.88
    Iteration 60 of epoch 15 completed. Loss : 0.5738115310668945 Accuracy : 96.88
    Iteration 80 of epoch 15 completed. Loss : 0.6033633947372437 Accuracy : 93.75
    Iteration 100 of epoch 15 completed. Loss : 0.593181848526001 Accuracy : 96.88
Epoch 15 completed. Test dataset:
	 Loss: 0.8168
	 Accuracy : 73.12
	 Average recall: 0.5503
	 F1_PN: 0.7220
	 Macro-F1: 0.5420
	 Weighted-F1: 0.7121

Train/val/test loss curve saved to /home/rgg2706/Multimodal-Sentiment-Analysis/Logs/MOASC4/2025-03-21/sub-1/013_Mar-21-2025_12:07_AM/train_val_test_loss_curve.png
Confusion matrix saved to /home/rgg2706/Multimodal-Sentiment-Analysis/Logs/MOASC4/2025-03-21/sub-1/013_Mar-21-2025_12:07_AM/confusion_matrix.png
