SLURM Job ID: 20078096
The first version with resnset
Model: MOASC4
Dataset: MOA-MVSA-multiple
directory /home/rgg2706/Multimodal-Sentiment-Analysis/Datasets/MOA-MVSA-single exists
directory /home/rgg2706/Multimodal-Sentiment-Analysis/Datasets/MOA-MVSA-multiple exists
directory /home/rgg2706/Multimodal-Sentiment-Analysis/Models/MOASC4/SaveFiles/SentimentClassifier exists
3
Loading dataset from: /home/rgg2706/Multimodal-Sentiment-Analysis/Datasets/MOA-MVSA-multiple
/home/rgg2706/Multimodal-Sentiment-Analysis/Datasets/MOA-MVSA-multiple/text
/home/rgg2706/Multimodal-Sentiment-Analysis/Datasets/MOA-MVSA-multiple/image
[DEBUG] Now in dataset directory for labels: /home/rgg2706/Multimodal-Sentiment-Analysis/Datasets/MOA-MVSA-multiple
[DEBUG] About to read labels from: /home/rgg2706/Multimodal-Sentiment-Analysis/Datasets/MOA-MVSA-multiple/labels.csv
Dataset directory is: /home/rgg2706/Multimodal-Sentiment-Analysis/Datasets/MOA-MVSA-multiple
Files in dataset directory: ['labels.csv', 'text', 'image']
     ID  text  image
0  2499     1      1
1  2500     2      1
2  2502     1      1
3  2504     1      2
4  2505     1      2
5  2506     2      2
6  2508     0      2
7  2509     0      0
8  2510     2      2
9  2511     2      1
Error loading image /home/rgg2706/Multimodal-Sentiment-Analysis/Datasets/MOA-MVSA-multiple/image/3910.jpg: cannot identify image file '/home/rgg2706/Multimodal-Sentiment-Analysis/Datasets/MOA-MVSA-multiple/image/3910.jpg'
  [*] Using fallback image: /home/rgg2706/Multimodal-Sentiment-Analysis/Datasets/0default.jpg
Error loading image /home/rgg2706/Multimodal-Sentiment-Analysis/Datasets/MOA-MVSA-multiple/image/15324.jpg: image file is truncated (4 bytes not processed)
  [*] Using fallback image: /home/rgg2706/Multimodal-Sentiment-Analysis/Datasets/0default.jpg
Error loading image /home/rgg2706/Multimodal-Sentiment-Analysis/Datasets/MOA-MVSA-multiple/image/5995.jpg: cannot identify image file '/home/rgg2706/Multimodal-Sentiment-Analysis/Datasets/MOA-MVSA-multiple/image/5995.jpg'
  [*] Using fallback image: /home/rgg2706/Multimodal-Sentiment-Analysis/Datasets/0default.jpg

[DEBUG] First 5 training texts:
    ID: 2499 | Overall sentiment: 1 | Text: knocked doors with the venerable  team trudeau lpc candidate kylejpeterson this aft in my hometown  aurora! elxn
    ID: 2500 | Overall sentiment: 1 | Text: canvassing for  elect kelly yeg yegfed elxn
    ID: 2502 | Overall sentiment: 1 | Text: i think it is time for change   ana  commit to  vote  generation trudeau  sfu lpc elxn http annoyedorhesitantt.cohvo i ud x ib
    ID: 2504 | Overall sentiment: 1 | Text: rdy to watch  thomas mulcair rock it tnight in the globeandmail debate at  winnipeg news  cafe  ndp cdnpoli elxn
    ID: 2505 | Overall sentiment: 1 | Text: cannot wait to vote for kenthehr and  justin trudeau on  october . cdnpoli elxn  real change  go  team hehr
Train samples: 13791
Validation samples: 1533
Test samples: 1703
Total samples: 17027
Train label distribution: Negative=1046, Positive=9215, Neutral=3530
Val   label distribution: Negative=130, Positive=979, Neutral=424
Test  label distribution: Negative=123, Positive=1126, Neutral=454
Overall label distribution: Negative=1299, Positive=11320, Neutral=4408
    Iteration 20 of epoch 1 completed. Loss : 1.0997155904769897 Accuracy : 34.38
    Iteration 40 of epoch 1 completed. Loss : 1.0718458890914917 Accuracy : 59.38
    Iteration 60 of epoch 1 completed. Loss : 1.0848042964935303 Accuracy : 46.88
    Iteration 80 of epoch 1 completed. Loss : 1.1070630550384521 Accuracy : 50.00
    Iteration 100 of epoch 1 completed. Loss : 0.9764344692230225 Accuracy : 75.00
    Iteration 120 of epoch 1 completed. Loss : 1.029634714126587 Accuracy : 96.88
    Iteration 140 of epoch 1 completed. Loss : 1.094680666923523 Accuracy : 50.00
    Iteration 160 of epoch 1 completed. Loss : 1.0422059297561646 Accuracy : 75.00
    Iteration 180 of epoch 1 completed. Loss : 0.9922108054161072 Accuracy : 65.62
    Iteration 200 of epoch 1 completed. Loss : 1.0178173780441284 Accuracy : 43.75
    Iteration 220 of epoch 1 completed. Loss : 0.9726882576942444 Accuracy : 56.25
    Iteration 240 of epoch 1 completed. Loss : 0.9349145889282227 Accuracy : 50.00
    Iteration 260 of epoch 1 completed. Loss : 1.16153085231781 Accuracy : 28.12
    Iteration 280 of epoch 1 completed. Loss : 0.9790286421775818 Accuracy : 56.25
    Iteration 300 of epoch 1 completed. Loss : 1.0537158250808716 Accuracy : 50.00
    Iteration 320 of epoch 1 completed. Loss : 0.8983678221702576 Accuracy : 71.88
    Iteration 340 of epoch 1 completed. Loss : 0.8078617453575134 Accuracy : 75.00
    Iteration 360 of epoch 1 completed. Loss : 0.9036917090415955 Accuracy : 28.12
    Iteration 380 of epoch 1 completed. Loss : 1.0109961032867432 Accuracy : 50.00
    Iteration 400 of epoch 1 completed. Loss : 0.922051191329956 Accuracy : 71.88
    Iteration 420 of epoch 1 completed. Loss : 1.0286227464675903 Accuracy : 50.00
Best validation accuracy improved from 0.0 to 0.5537446120689655
Epoch 1 completed. Test dataset:
	 Loss: 0.9522
	 Accuracy : 56.61
	 Average recall: 0.5049
	 F1_PN: 0.4548
	 Macro-F1: 0.4528
	 Weighted-F1: 0.5865

Best test accuracy improved from 0.0 to 0.5661375661375662, saving model...
    Iteration 20 of epoch 2 completed. Loss : 0.9955940246582031 Accuracy : 53.12
    Iteration 40 of epoch 2 completed. Loss : 0.9286852478981018 Accuracy : 71.88
    Iteration 60 of epoch 2 completed. Loss : 0.8934735655784607 Accuracy : 65.62
    Iteration 80 of epoch 2 completed. Loss : 0.9863312840461731 Accuracy : 56.25
    Iteration 100 of epoch 2 completed. Loss : 1.0132333040237427 Accuracy : 43.75
    Iteration 120 of epoch 2 completed. Loss : 1.0146849155426025 Accuracy : 93.75
    Iteration 140 of epoch 2 completed. Loss : 1.0969849824905396 Accuracy : 46.88
    Iteration 160 of epoch 2 completed. Loss : 0.8807879686355591 Accuracy : 71.88
    Iteration 180 of epoch 2 completed. Loss : 0.7826369404792786 Accuracy : 75.00
    Iteration 200 of epoch 2 completed. Loss : 0.8009633421897888 Accuracy : 65.62
    Iteration 220 of epoch 2 completed. Loss : 0.8945695161819458 Accuracy : 65.62
    Iteration 240 of epoch 2 completed. Loss : 0.9329239130020142 Accuracy : 59.38
    Iteration 260 of epoch 2 completed. Loss : 0.9106383919715881 Accuracy : 34.38
    Iteration 280 of epoch 2 completed. Loss : 1.1214858293533325 Accuracy : 43.75
    Iteration 300 of epoch 2 completed. Loss : 0.9898353219032288 Accuracy : 56.25
    Iteration 320 of epoch 2 completed. Loss : 0.8166581988334656 Accuracy : 78.12
    Iteration 340 of epoch 2 completed. Loss : 0.7243070602416992 Accuracy : 75.00
    Iteration 360 of epoch 2 completed. Loss : 0.9198752641677856 Accuracy : 43.75
    Iteration 380 of epoch 2 completed. Loss : 0.9505362510681152 Accuracy : 65.62
    Iteration 400 of epoch 2 completed. Loss : 0.839052140712738 Accuracy : 59.38
    Iteration 420 of epoch 2 completed. Loss : 0.9085427522659302 Accuracy : 65.62
Best validation accuracy improved from 0.5537446120689655 to 0.5890355603448275
Epoch 2 completed. Test dataset:
	 Loss: 0.9398
	 Accuracy : 59.19
	 Average recall: 0.5156
	 F1_PN: 0.4746
	 Macro-F1: 0.4692
	 Weighted-F1: 0.6090

Best test accuracy improved from 0.5661375661375662 to 0.591931216931217, saving model...
    Iteration 20 of epoch 3 completed. Loss : 0.9680047631263733 Accuracy : 53.12
    Iteration 40 of epoch 3 completed. Loss : 0.9010353088378906 Accuracy : 71.88
    Iteration 60 of epoch 3 completed. Loss : 0.7257816791534424 Accuracy : 68.75
    Iteration 80 of epoch 3 completed. Loss : 0.9623251557350159 Accuracy : 53.12
    Iteration 100 of epoch 3 completed. Loss : 0.9213966131210327 Accuracy : 53.12
    Iteration 120 of epoch 3 completed. Loss : 0.7925237417221069 Accuracy : 84.38
    Iteration 140 of epoch 3 completed. Loss : 0.9966175556182861 Accuracy : 56.25
    Iteration 160 of epoch 3 completed. Loss : 0.850139856338501 Accuracy : 78.12
    Iteration 180 of epoch 3 completed. Loss : 0.7452266216278076 Accuracy : 81.25
    Iteration 200 of epoch 3 completed. Loss : 0.8201485872268677 Accuracy : 65.62
    Iteration 220 of epoch 3 completed. Loss : 0.9537381529808044 Accuracy : 65.62
    Iteration 240 of epoch 3 completed. Loss : 1.0135674476623535 Accuracy : 56.25
    Iteration 260 of epoch 3 completed. Loss : 0.804377555847168 Accuracy : 56.25
    Iteration 280 of epoch 3 completed. Loss : 0.9060846567153931 Accuracy : 65.62
    Iteration 300 of epoch 3 completed. Loss : 0.9793408513069153 Accuracy : 59.38
    Iteration 320 of epoch 3 completed. Loss : 0.6985109448432922 Accuracy : 84.38
    Iteration 340 of epoch 3 completed. Loss : 0.7259693741798401 Accuracy : 90.62
    Iteration 360 of epoch 3 completed. Loss : 0.8564969897270203 Accuracy : 59.38
    Iteration 380 of epoch 3 completed. Loss : 0.8784462213516235 Accuracy : 78.12
    Iteration 400 of epoch 3 completed. Loss : 0.7475225925445557 Accuracy : 78.12
    Iteration 420 of epoch 3 completed. Loss : 0.7980095744132996 Accuracy : 68.75
Best validation accuracy improved from 0.5890355603448275 to 0.6008216594827586
Epoch 3 completed. Test dataset:
	 Loss: 0.9343
	 Accuracy : 60.32
	 Average recall: 0.4949
	 F1_PN: 0.4956
	 Macro-F1: 0.4476
	 Weighted-F1: 0.6130

Best test accuracy improved from 0.591931216931217 to 0.6031746031746031, saving model...
    Iteration 20 of epoch 4 completed. Loss : 0.8172057867050171 Accuracy : 71.88
    Iteration 40 of epoch 4 completed. Loss : 0.8300044536590576 Accuracy : 75.00
    Iteration 60 of epoch 4 completed. Loss : 0.6821771860122681 Accuracy : 81.25
    Iteration 80 of epoch 4 completed. Loss : 0.8421606421470642 Accuracy : 68.75
    Iteration 100 of epoch 4 completed. Loss : 0.8676308989524841 Accuracy : 62.50
    Iteration 120 of epoch 4 completed. Loss : 0.6337026357650757 Accuracy : 81.25
    Iteration 140 of epoch 4 completed. Loss : 0.771316647529602 Accuracy : 68.75
    Iteration 160 of epoch 4 completed. Loss : 0.7227957844734192 Accuracy : 87.50
    Iteration 180 of epoch 4 completed. Loss : 0.6336739659309387 Accuracy : 87.50
    Iteration 200 of epoch 4 completed. Loss : 0.7994151711463928 Accuracy : 65.62
    Iteration 220 of epoch 4 completed. Loss : 0.8945527672767639 Accuracy : 75.00
    Iteration 240 of epoch 4 completed. Loss : 0.8470410704612732 Accuracy : 75.00
    Iteration 260 of epoch 4 completed. Loss : 0.7345268726348877 Accuracy : 71.88
    Iteration 280 of epoch 4 completed. Loss : 0.7531851530075073 Accuracy : 81.25
    Iteration 300 of epoch 4 completed. Loss : 0.8278177976608276 Accuracy : 75.00
    Iteration 320 of epoch 4 completed. Loss : 0.6245971322059631 Accuracy : 90.62
    Iteration 340 of epoch 4 completed. Loss : 0.9421694278717041 Accuracy : 93.75
    Iteration 360 of epoch 4 completed. Loss : 0.7263777852058411 Accuracy : 78.12
    Iteration 380 of epoch 4 completed. Loss : 0.7751123905181885 Accuracy : 84.38
    Iteration 400 of epoch 4 completed. Loss : 0.9163310527801514 Accuracy : 71.88
    Iteration 420 of epoch 4 completed. Loss : 0.8628116846084595 Accuracy : 65.62
Epoch 4 completed. Test dataset:
	 Loss: 1.0271
	 Accuracy : 50.36
	 Average recall: 0.4913
	 F1_PN: 0.4147
	 Macro-F1: 0.4052
	 Weighted-F1: 0.5392

    Iteration 20 of epoch 5 completed. Loss : 0.9117316007614136 Accuracy : 65.62
    Iteration 40 of epoch 5 completed. Loss : 0.9726769924163818 Accuracy : 65.62
    Iteration 60 of epoch 5 completed. Loss : 0.6926143765449524 Accuracy : 78.12
    Iteration 80 of epoch 5 completed. Loss : 0.8091354966163635 Accuracy : 71.88
    Iteration 100 of epoch 5 completed. Loss : 0.8088029026985168 Accuracy : 71.88
    Iteration 120 of epoch 5 completed. Loss : 0.5831369161605835 Accuracy : 93.75
    Iteration 140 of epoch 5 completed. Loss : 0.8567807078361511 Accuracy : 59.38
    Iteration 160 of epoch 5 completed. Loss : 0.6974125504493713 Accuracy : 87.50
    Iteration 180 of epoch 5 completed. Loss : 0.6104495525360107 Accuracy : 81.25
    Iteration 200 of epoch 5 completed. Loss : 0.8115841150283813 Accuracy : 62.50
    Iteration 220 of epoch 5 completed. Loss : 0.9320979118347168 Accuracy : 71.88
    Iteration 240 of epoch 5 completed. Loss : 0.8844500184059143 Accuracy : 68.75
    Iteration 260 of epoch 5 completed. Loss : 0.6882423162460327 Accuracy : 78.12
    Iteration 280 of epoch 5 completed. Loss : 0.7421428561210632 Accuracy : 81.25
    Iteration 300 of epoch 5 completed. Loss : 0.6920985579490662 Accuracy : 90.62
    Iteration 320 of epoch 5 completed. Loss : 0.6292137503623962 Accuracy : 90.62
    Iteration 340 of epoch 5 completed. Loss : 0.6015546917915344 Accuracy : 93.75
    Iteration 360 of epoch 5 completed. Loss : 0.7267463803291321 Accuracy : 75.00
    Iteration 380 of epoch 5 completed. Loss : 0.7419010400772095 Accuracy : 87.50
    Iteration 400 of epoch 5 completed. Loss : 0.7036685943603516 Accuracy : 78.12
    Iteration 420 of epoch 5 completed. Loss : 0.6836315393447876 Accuracy : 84.38
Epoch 5 completed. Test dataset:
	 Loss: 0.9626
	 Accuracy : 57.94
	 Average recall: 0.4803
	 F1_PN: 0.4734
	 Macro-F1: 0.4428
	 Weighted-F1: 0.5923

    Iteration 20 of epoch 6 completed. Loss : 0.7599803805351257 Accuracy : 75.00
    Iteration 40 of epoch 6 completed. Loss : 0.8147019743919373 Accuracy : 78.12
    Iteration 60 of epoch 6 completed. Loss : 0.652441680431366 Accuracy : 87.50
    Iteration 80 of epoch 6 completed. Loss : 0.7702083587646484 Accuracy : 71.88
    Iteration 100 of epoch 6 completed. Loss : 0.8021948337554932 Accuracy : 68.75
    Iteration 120 of epoch 6 completed. Loss : 0.5662063360214233 Accuracy : 96.88
    Iteration 140 of epoch 6 completed. Loss : 0.7078298926353455 Accuracy : 78.12
    Iteration 160 of epoch 6 completed. Loss : 0.6090710759162903 Accuracy : 96.88
    Iteration 180 of epoch 6 completed. Loss : 0.5816978812217712 Accuracy : 90.62
    Iteration 200 of epoch 6 completed. Loss : 0.7248901724815369 Accuracy : 81.25
    Iteration 220 of epoch 6 completed. Loss : 0.8896187543869019 Accuracy : 78.12
    Iteration 240 of epoch 6 completed. Loss : 0.94759202003479 Accuracy : 75.00
    Iteration 260 of epoch 6 completed. Loss : 0.6779905557632446 Accuracy : 78.12
    Iteration 280 of epoch 6 completed. Loss : 0.7081236243247986 Accuracy : 87.50
    Iteration 300 of epoch 6 completed. Loss : 0.7109473943710327 Accuracy : 87.50
    Iteration 320 of epoch 6 completed. Loss : 0.5531967282295227 Accuracy : 100.00
    Iteration 340 of epoch 6 completed. Loss : 0.5815773010253906 Accuracy : 93.75
    Iteration 360 of epoch 6 completed. Loss : 0.706598162651062 Accuracy : 81.25
    Iteration 380 of epoch 6 completed. Loss : 0.6635117530822754 Accuracy : 93.75
    Iteration 400 of epoch 6 completed. Loss : 0.7362854480743408 Accuracy : 78.12
    Iteration 420 of epoch 6 completed. Loss : 0.6478343605995178 Accuracy : 84.38
Best validation accuracy improved from 0.6008216594827586 to 0.604211566091954
Epoch 6 completed. Test dataset:
	 Loss: 0.9246
	 Accuracy : 61.35
	 Average recall: 0.4791
	 F1_PN: 0.5007
	 Macro-F1: 0.4546
	 Weighted-F1: 0.6170

Best test accuracy improved from 0.6031746031746031 to 0.6135085978835979, saving model...
    Iteration 20 of epoch 7 completed. Loss : 0.8154347538948059 Accuracy : 71.88
    Iteration 40 of epoch 7 completed. Loss : 0.7839576005935669 Accuracy : 78.12
    Iteration 60 of epoch 7 completed. Loss : 0.6429516077041626 Accuracy : 87.50
    Iteration 80 of epoch 7 completed. Loss : 0.718264102935791 Accuracy : 78.12
    Iteration 100 of epoch 7 completed. Loss : 0.7430766820907593 Accuracy : 78.12
    Iteration 120 of epoch 7 completed. Loss : 0.5636907815933228 Accuracy : 96.88
    Iteration 140 of epoch 7 completed. Loss : 0.704556405544281 Accuracy : 78.12
    Iteration 160 of epoch 7 completed. Loss : 0.6014541983604431 Accuracy : 96.88
    Iteration 180 of epoch 7 completed. Loss : 0.5690985918045044 Accuracy : 96.88
    Iteration 200 of epoch 7 completed. Loss : 0.7195563316345215 Accuracy : 81.25
    Iteration 220 of epoch 7 completed. Loss : 0.8724591135978699 Accuracy : 78.12
    Iteration 240 of epoch 7 completed. Loss : 0.9347482323646545 Accuracy : 75.00
    Iteration 260 of epoch 7 completed. Loss : 0.6634711623191833 Accuracy : 84.38
    Iteration 280 of epoch 7 completed. Loss : 0.7076423764228821 Accuracy : 87.50
    Iteration 300 of epoch 7 completed. Loss : 0.7503793239593506 Accuracy : 84.38
    Iteration 320 of epoch 7 completed. Loss : 0.5532917380332947 Accuracy : 100.00
    Iteration 340 of epoch 7 completed. Loss : 0.5799070596694946 Accuracy : 93.75
    Iteration 360 of epoch 7 completed. Loss : 0.6898692846298218 Accuracy : 84.38
    Iteration 380 of epoch 7 completed. Loss : 0.6630489230155945 Accuracy : 93.75
    Iteration 400 of epoch 7 completed. Loss : 0.7277722358703613 Accuracy : 78.12
    Iteration 420 of epoch 7 completed. Loss : 0.6450002193450928 Accuracy : 84.38
Best validation accuracy improved from 0.604211566091954 to 0.6081851652298851
Epoch 7 completed. Test dataset:
	 Loss: 0.9163
	 Accuracy : 62.57
	 Average recall: 0.4817
	 F1_PN: 0.5124
	 Macro-F1: 0.4599
	 Weighted-F1: 0.6244

Best test accuracy improved from 0.6135085978835979 to 0.6256613756613757, saving model...
    Iteration 20 of epoch 8 completed. Loss : 0.7839829325675964 Accuracy : 75.00
    Iteration 40 of epoch 8 completed. Loss : 0.8155261278152466 Accuracy : 78.12
    Iteration 60 of epoch 8 completed. Loss : 0.648166298866272 Accuracy : 87.50
    Iteration 80 of epoch 8 completed. Loss : 0.6543379426002502 Accuracy : 90.62
    Iteration 100 of epoch 8 completed. Loss : 0.7533867955207825 Accuracy : 75.00
    Iteration 120 of epoch 8 completed. Loss : 0.5540593862533569 Accuracy : 100.00
    Iteration 140 of epoch 8 completed. Loss : 0.674673318862915 Accuracy : 81.25
    Iteration 160 of epoch 8 completed. Loss : 0.5991109609603882 Accuracy : 96.88
    Iteration 180 of epoch 8 completed. Loss : 0.5650220513343811 Accuracy : 96.88
    Iteration 200 of epoch 8 completed. Loss : 0.7175881862640381 Accuracy : 81.25
    Iteration 220 of epoch 8 completed. Loss : 0.8842291235923767 Accuracy : 78.12
    Iteration 240 of epoch 8 completed. Loss : 0.8951187133789062 Accuracy : 81.25
    Iteration 260 of epoch 8 completed. Loss : 0.6546067595481873 Accuracy : 87.50
    Iteration 280 of epoch 8 completed. Loss : 0.707705020904541 Accuracy : 87.50
    Iteration 300 of epoch 8 completed. Loss : 0.7579707503318787 Accuracy : 81.25
    Iteration 320 of epoch 8 completed. Loss : 0.557350754737854 Accuracy : 100.00
    Iteration 340 of epoch 8 completed. Loss : 0.5819387435913086 Accuracy : 93.75
    Iteration 360 of epoch 8 completed. Loss : 0.6930605173110962 Accuracy : 84.38
    Iteration 380 of epoch 8 completed. Loss : 0.6627489924430847 Accuracy : 93.75
    Iteration 400 of epoch 8 completed. Loss : 0.6749846339225769 Accuracy : 84.38
    Iteration 420 of epoch 8 completed. Loss : 0.7109195590019226 Accuracy : 78.12
Best validation accuracy improved from 0.6081851652298851 to 0.6094872485632185
Epoch 8 completed. Test dataset:
	 Loss: 0.9190
	 Accuracy : 61.87
	 Average recall: 0.4589
	 F1_PN: 0.4937
	 Macro-F1: 0.4433
	 Weighted-F1: 0.6160

    Iteration 20 of epoch 9 completed. Loss : 0.712587833404541 Accuracy : 84.38
    Iteration 40 of epoch 9 completed. Loss : 0.8236413598060608 Accuracy : 78.12
    Iteration 60 of epoch 9 completed. Loss : 0.6332962512969971 Accuracy : 90.62
    Iteration 80 of epoch 9 completed. Loss : 0.6300937533378601 Accuracy : 90.62
    Iteration 100 of epoch 9 completed. Loss : 0.745048463344574 Accuracy : 78.12
    Iteration 120 of epoch 9 completed. Loss : 0.5526509881019592 Accuracy : 100.00
    Iteration 140 of epoch 9 completed. Loss : 0.6703212857246399 Accuracy : 84.38
    Iteration 160 of epoch 9 completed. Loss : 0.5974060297012329 Accuracy : 96.88
    Iteration 180 of epoch 9 completed. Loss : 0.5643490552902222 Accuracy : 96.88
    Iteration 200 of epoch 9 completed. Loss : 0.7056307196617126 Accuracy : 84.38
    Iteration 220 of epoch 9 completed. Loss : 0.7560482621192932 Accuracy : 81.25
    Iteration 240 of epoch 9 completed. Loss : 0.9105775952339172 Accuracy : 78.12
    Iteration 260 of epoch 9 completed. Loss : 0.6444516181945801 Accuracy : 87.50
    Iteration 280 of epoch 9 completed. Loss : 0.7056443691253662 Accuracy : 87.50
    Iteration 300 of epoch 9 completed. Loss : 0.7287862300872803 Accuracy : 90.62
    Iteration 320 of epoch 9 completed. Loss : 0.5527849793434143 Accuracy : 100.00
    Iteration 340 of epoch 9 completed. Loss : 0.5776944160461426 Accuracy : 93.75
    Iteration 360 of epoch 9 completed. Loss : 0.6883870363235474 Accuracy : 84.38
    Iteration 380 of epoch 9 completed. Loss : 0.6651531457901001 Accuracy : 93.75
    Iteration 400 of epoch 9 completed. Loss : 0.7044478058815002 Accuracy : 81.25
    Iteration 420 of epoch 9 completed. Loss : 0.6393883228302002 Accuracy : 84.38
Best validation accuracy improved from 0.6094872485632185 to 0.613977191091954
Epoch 9 completed. Test dataset:
	 Loss: 0.9192
	 Accuracy : 62.54
	 Average recall: 0.4830
	 F1_PN: 0.5136
	 Macro-F1: 0.4562
	 Weighted-F1: 0.6226

    Iteration 20 of epoch 10 completed. Loss : 0.689131498336792 Accuracy : 87.50
    Iteration 40 of epoch 10 completed. Loss : 0.7887601256370544 Accuracy : 78.12
    Iteration 60 of epoch 10 completed. Loss : 0.6306284666061401 Accuracy : 90.62
    Iteration 80 of epoch 10 completed. Loss : 0.6333957314491272 Accuracy : 90.62
    Iteration 100 of epoch 10 completed. Loss : 0.7224424481391907 Accuracy : 78.12
    Iteration 120 of epoch 10 completed. Loss : 0.5528774261474609 Accuracy : 100.00
    Iteration 140 of epoch 10 completed. Loss : 0.662260890007019 Accuracy : 84.38
    Iteration 160 of epoch 10 completed. Loss : 0.5978677868843079 Accuracy : 96.88
    Iteration 180 of epoch 10 completed. Loss : 0.565668523311615 Accuracy : 96.88
    Iteration 200 of epoch 10 completed. Loss : 0.6810314059257507 Accuracy : 87.50
    Iteration 220 of epoch 10 completed. Loss : 0.7106589674949646 Accuracy : 84.38
    Iteration 240 of epoch 10 completed. Loss : 0.8486791849136353 Accuracy : 81.25
    Iteration 260 of epoch 10 completed. Loss : 0.6387184262275696 Accuracy : 87.50
    Iteration 280 of epoch 10 completed. Loss : 0.7083996534347534 Accuracy : 87.50
    Iteration 300 of epoch 10 completed. Loss : 0.6647906303405762 Accuracy : 96.88
    Iteration 320 of epoch 10 completed. Loss : 0.5593618750572205 Accuracy : 100.00
    Iteration 340 of epoch 10 completed. Loss : 0.578453540802002 Accuracy : 93.75
    Iteration 360 of epoch 10 completed. Loss : 0.6884812712669373 Accuracy : 84.38
    Iteration 380 of epoch 10 completed. Loss : 0.6626879572868347 Accuracy : 93.75
    Iteration 400 of epoch 10 completed. Loss : 0.6729386448860168 Accuracy : 84.38
    Iteration 420 of epoch 10 completed. Loss : 0.626017689704895 Accuracy : 87.50
Best validation accuracy improved from 0.613977191091954 to 0.619971264367816
Epoch 10 completed. Test dataset:
	 Loss: 0.9160
	 Accuracy : 62.39
	 Average recall: 0.4609
	 F1_PN: 0.5030
	 Macro-F1: 0.4393
	 Weighted-F1: 0.6133

    Iteration 20 of epoch 11 completed. Loss : 0.6735718250274658 Accuracy : 87.50
    Iteration 40 of epoch 11 completed. Loss : 0.7914421558380127 Accuracy : 81.25
    Iteration 60 of epoch 11 completed. Loss : 0.6259552836418152 Accuracy : 93.75
    Iteration 80 of epoch 11 completed. Loss : 0.6225989460945129 Accuracy : 90.62
    Iteration 100 of epoch 11 completed. Loss : 0.7051197290420532 Accuracy : 81.25
    Iteration 120 of epoch 11 completed. Loss : 0.5542485117912292 Accuracy : 100.00
    Iteration 140 of epoch 11 completed. Loss : 0.6613993048667908 Accuracy : 84.38
    Iteration 160 of epoch 11 completed. Loss : 0.5978355407714844 Accuracy : 96.88
    Iteration 180 of epoch 11 completed. Loss : 0.5654909014701843 Accuracy : 96.88
    Iteration 200 of epoch 11 completed. Loss : 0.676001250743866 Accuracy : 87.50
    Iteration 220 of epoch 11 completed. Loss : 0.7077906131744385 Accuracy : 87.50
    Iteration 240 of epoch 11 completed. Loss : 0.7897489070892334 Accuracy : 84.38
    Iteration 260 of epoch 11 completed. Loss : 0.5994223356246948 Accuracy : 90.62
    Iteration 280 of epoch 11 completed. Loss : 0.7042167782783508 Accuracy : 87.50
    Iteration 300 of epoch 11 completed. Loss : 0.6666759848594666 Accuracy : 96.88
    Iteration 320 of epoch 11 completed. Loss : 0.5515294075012207 Accuracy : 100.00
    Iteration 340 of epoch 11 completed. Loss : 0.578791081905365 Accuracy : 93.75
    Iteration 360 of epoch 11 completed. Loss : 0.6797497272491455 Accuracy : 84.38
    Iteration 380 of epoch 11 completed. Loss : 0.6625953912734985 Accuracy : 93.75
    Iteration 400 of epoch 11 completed. Loss : 0.6687488555908203 Accuracy : 87.50
    Iteration 420 of epoch 11 completed. Loss : 0.6310317516326904 Accuracy : 84.38
Best validation accuracy improved from 0.619971264367816 to 0.6277164152298851
Epoch 11 completed. Test dataset:
	 Loss: 0.9152
	 Accuracy : 63.00
	 Average recall: 0.4555
	 F1_PN: 0.4888
	 Macro-F1: 0.4370
	 Weighted-F1: 0.6204

Best test accuracy improved from 0.6256613756613757 to 0.6300429894179894, saving model...
    Iteration 20 of epoch 12 completed. Loss : 0.6644063591957092 Accuracy : 90.62
    Iteration 40 of epoch 12 completed. Loss : 0.7801477909088135 Accuracy : 81.25
    Iteration 60 of epoch 12 completed. Loss : 0.6212995648384094 Accuracy : 93.75
    Iteration 80 of epoch 12 completed. Loss : 0.6519201993942261 Accuracy : 87.50
    Iteration 100 of epoch 12 completed. Loss : 0.7040855884552002 Accuracy : 81.25
    Iteration 120 of epoch 12 completed. Loss : 0.5522588491439819 Accuracy : 100.00
    Iteration 140 of epoch 12 completed. Loss : 0.6625471711158752 Accuracy : 84.38
    Iteration 160 of epoch 12 completed. Loss : 0.5974345803260803 Accuracy : 96.88
    Iteration 180 of epoch 12 completed. Loss : 0.5638807415962219 Accuracy : 96.88
    Iteration 200 of epoch 12 completed. Loss : 0.6747346520423889 Accuracy : 87.50
    Iteration 220 of epoch 12 completed. Loss : 0.7003414034843445 Accuracy : 87.50
    Iteration 240 of epoch 12 completed. Loss : 0.78386390209198 Accuracy : 84.38
    Iteration 260 of epoch 12 completed. Loss : 0.6379755735397339 Accuracy : 87.50
    Iteration 280 of epoch 12 completed. Loss : 0.6990559101104736 Accuracy : 87.50
    Iteration 300 of epoch 12 completed. Loss : 0.6690627932548523 Accuracy : 96.88
    Iteration 320 of epoch 12 completed. Loss : 0.5707252621650696 Accuracy : 96.88
    Iteration 340 of epoch 12 completed. Loss : 0.5786020755767822 Accuracy : 93.75
    Iteration 360 of epoch 12 completed. Loss : 0.6778775453567505 Accuracy : 87.50
    Iteration 380 of epoch 12 completed. Loss : 0.6627074480056763 Accuracy : 93.75
    Iteration 400 of epoch 12 completed. Loss : 0.6549980044364929 Accuracy : 87.50
    Iteration 420 of epoch 12 completed. Loss : 0.6237276792526245 Accuracy : 87.50
Epoch 12 completed. Test dataset:
	 Loss: 0.9168
	 Accuracy : 62.54
	 Average recall: 0.4494
	 F1_PN: 0.4836
	 Macro-F1: 0.4300
	 Weighted-F1: 0.6136

    Iteration 20 of epoch 13 completed. Loss : 0.6618697047233582 Accuracy : 90.62
    Iteration 40 of epoch 13 completed. Loss : 0.7427487373352051 Accuracy : 84.38
    Iteration 60 of epoch 13 completed. Loss : 0.6208174228668213 Accuracy : 93.75
    Iteration 80 of epoch 13 completed. Loss : 0.6260555386543274 Accuracy : 90.62
    Iteration 100 of epoch 13 completed. Loss : 0.6896951198577881 Accuracy : 84.38
    Iteration 120 of epoch 13 completed. Loss : 0.5518548488616943 Accuracy : 100.00
    Iteration 140 of epoch 13 completed. Loss : 0.6570422053337097 Accuracy : 84.38
    Iteration 160 of epoch 13 completed. Loss : 0.5972150564193726 Accuracy : 96.88
    Iteration 180 of epoch 13 completed. Loss : 0.563588559627533 Accuracy : 96.88
    Iteration 200 of epoch 13 completed. Loss : 0.672874927520752 Accuracy : 87.50
    Iteration 220 of epoch 13 completed. Loss : 0.7009474039077759 Accuracy : 87.50
    Iteration 240 of epoch 13 completed. Loss : 0.7980181574821472 Accuracy : 81.25
    Iteration 260 of epoch 13 completed. Loss : 0.6482267379760742 Accuracy : 84.38
    Iteration 280 of epoch 13 completed. Loss : 0.6974700093269348 Accuracy : 87.50
    Iteration 300 of epoch 13 completed. Loss : 0.6635078191757202 Accuracy : 96.88
    Iteration 320 of epoch 13 completed. Loss : 0.5514709949493408 Accuracy : 100.00
    Iteration 340 of epoch 13 completed. Loss : 0.5778840780258179 Accuracy : 93.75
    Iteration 360 of epoch 13 completed. Loss : 0.6654777526855469 Accuracy : 90.62
    Iteration 380 of epoch 13 completed. Loss : 0.6626208424568176 Accuracy : 93.75
    Iteration 400 of epoch 13 completed. Loss : 0.6415634751319885 Accuracy : 93.75
    Iteration 420 of epoch 13 completed. Loss : 0.6226910352706909 Accuracy : 87.50
Epoch 13 completed. Test dataset:
	 Loss: 0.9241
	 Accuracy : 61.15
	 Average recall: 0.4440
	 F1_PN: 0.4789
	 Macro-F1: 0.4254
	 Weighted-F1: 0.6041

    Iteration 20 of epoch 14 completed. Loss : 0.6861240863800049 Accuracy : 87.50
    Iteration 40 of epoch 14 completed. Loss : 0.7679086923599243 Accuracy : 81.25
    Iteration 60 of epoch 14 completed. Loss : 0.62327641248703 Accuracy : 93.75
    Iteration 80 of epoch 14 completed. Loss : 0.6150184273719788 Accuracy : 90.62
    Iteration 100 of epoch 14 completed. Loss : 0.6703693270683289 Accuracy : 87.50
    Iteration 120 of epoch 14 completed. Loss : 0.5517814755439758 Accuracy : 100.00
    Iteration 140 of epoch 14 completed. Loss : 0.661034107208252 Accuracy : 84.38
    Iteration 160 of epoch 14 completed. Loss : 0.5977674126625061 Accuracy : 96.88
    Iteration 180 of epoch 14 completed. Loss : 0.5632272362709045 Accuracy : 96.88
    Iteration 200 of epoch 14 completed. Loss : 0.6736090183258057 Accuracy : 87.50
    Iteration 220 of epoch 14 completed. Loss : 0.6678812503814697 Accuracy : 90.62
    Iteration 240 of epoch 14 completed. Loss : 0.7880141139030457 Accuracy : 84.38
    Iteration 260 of epoch 14 completed. Loss : 0.5799892544746399 Accuracy : 93.75
    Iteration 280 of epoch 14 completed. Loss : 0.6624923944473267 Accuracy : 93.75
    Iteration 300 of epoch 14 completed. Loss : 0.6626582145690918 Accuracy : 96.88
    Iteration 320 of epoch 14 completed. Loss : 0.5515615940093994 Accuracy : 100.00
    Iteration 340 of epoch 14 completed. Loss : 0.5782338380813599 Accuracy : 93.75
    Iteration 360 of epoch 14 completed. Loss : 0.6701324582099915 Accuracy : 87.50
    Iteration 380 of epoch 14 completed. Loss : 0.6626070737838745 Accuracy : 93.75
    Iteration 400 of epoch 14 completed. Loss : 0.6418119072914124 Accuracy : 90.62
    Iteration 420 of epoch 14 completed. Loss : 0.6469542980194092 Accuracy : 84.38
Epoch 14 completed. Test dataset:
	 Loss: 0.9148
	 Accuracy : 62.77
	 Average recall: 0.4547
	 F1_PN: 0.4933
	 Macro-F1: 0.4318
	 Weighted-F1: 0.6152

    Iteration 20 of epoch 15 completed. Loss : 0.6499984860420227 Accuracy : 90.62
    Iteration 40 of epoch 15 completed. Loss : 0.7438677549362183 Accuracy : 84.38
    Iteration 60 of epoch 15 completed. Loss : 0.621278703212738 Accuracy : 93.75
    Iteration 80 of epoch 15 completed. Loss : 0.6488420367240906 Accuracy : 84.38
    Iteration 100 of epoch 15 completed. Loss : 0.6777183413505554 Accuracy : 90.62
    Iteration 120 of epoch 15 completed. Loss : 0.5517010688781738 Accuracy : 100.00
    Iteration 140 of epoch 15 completed. Loss : 0.6552776098251343 Accuracy : 84.38
    Iteration 160 of epoch 15 completed. Loss : 0.5973855257034302 Accuracy : 96.88
    Iteration 180 of epoch 15 completed. Loss : 0.5646736025810242 Accuracy : 96.88
    Iteration 200 of epoch 15 completed. Loss : 0.6726510524749756 Accuracy : 87.50
    Iteration 220 of epoch 15 completed. Loss : 0.6648306250572205 Accuracy : 90.62
    Iteration 240 of epoch 15 completed. Loss : 0.7834230661392212 Accuracy : 84.38
    Iteration 260 of epoch 15 completed. Loss : 0.58024662733078 Accuracy : 93.75
    Iteration 280 of epoch 15 completed. Loss : 0.6594939827919006 Accuracy : 93.75
    Iteration 300 of epoch 15 completed. Loss : 0.6632416844367981 Accuracy : 96.88
    Iteration 320 of epoch 15 completed. Loss : 0.5515095591545105 Accuracy : 100.00
    Iteration 340 of epoch 15 completed. Loss : 0.5774950981140137 Accuracy : 93.75
    Iteration 360 of epoch 15 completed. Loss : 0.6625148057937622 Accuracy : 90.62
    Iteration 380 of epoch 15 completed. Loss : 0.6625775098800659 Accuracy : 93.75
    Iteration 400 of epoch 15 completed. Loss : 0.6349173784255981 Accuracy : 93.75
    Iteration 420 of epoch 15 completed. Loss : 0.6213324666023254 Accuracy : 87.50
Epoch 15 completed. Test dataset:
	 Loss: 0.9152
	 Accuracy : 62.71
	 Average recall: 0.4532
	 F1_PN: 0.4924
	 Macro-F1: 0.4303
	 Weighted-F1: 0.6136

Train/val/test loss curve saved to /home/rgg2706/Multimodal-Sentiment-Analysis/Logs/MOASC4/2025-03-21/sub-2/003_Mar-21-2025_03:56_AM/train_val_test_loss_curve.png
Confusion matrix saved to /home/rgg2706/Multimodal-Sentiment-Analysis/Logs/MOASC4/2025-03-21/sub-2/003_Mar-21-2025_03:56_AM/confusion_matrix.png
