SLURM Job ID: 20077968
The first version with resnset
Model: MOASC4
Dataset: MOA-MVSA-single
directory /home/rgg2706/Multimodal-Sentiment-Analysis/Datasets/MOA-MVSA-single exists
directory /home/rgg2706/Multimodal-Sentiment-Analysis/Datasets/MOA-MVSA-multiple exists
directory /home/rgg2706/Multimodal-Sentiment-Analysis/Models/MOASC4/SaveFiles/SentimentClassifier exists
68
Loading dataset from: /home/rgg2706/Multimodal-Sentiment-Analysis/Datasets/MOA-MVSA-single
/home/rgg2706/Multimodal-Sentiment-Analysis/Datasets/MOA-MVSA-single/text
/home/rgg2706/Multimodal-Sentiment-Analysis/Datasets/MOA-MVSA-single/image
[DEBUG] Now in dataset directory for labels: /home/rgg2706/Multimodal-Sentiment-Analysis/Datasets/MOA-MVSA-single
[DEBUG] About to read labels from: /home/rgg2706/Multimodal-Sentiment-Analysis/Datasets/MOA-MVSA-single/labels.csv
Dataset directory is: /home/rgg2706/Multimodal-Sentiment-Analysis/Datasets/MOA-MVSA-single
Files in dataset directory: ['labels.csv', 'text', 'image']
   ID  text  image
0   1     2      1
1   2     2      1
2   3     2      1
3   4     1      1
4   5     1      1
5   6     1      1
6   7     1      1
7   8     2      1
8   9     1      1
9  10     0      0

[DEBUG] First 5 training texts:
    ID: 1 | Overall sentiment: 1 | Text: how  i feel today legday jelly aching gym 
    ID: 2 | Overall sentiment: 1 | Text: grattis min griskulting!!?? va bara tvungen oki s? sch ? ingenkommerattrodig pig happybday wow lovely cut 
    ID: 3 | Overall sentiment: 1 | Text:  polynminion  the moment  i found my favourite tv character. profoundlove 
    ID: 5 | Overall sentiment: 1 | Text:  chrisashaffer  went to  ssc today to be a movie star to rep for the  deaf and got to meet an energetic great guy  mark  white! 
    ID: 7 | Overall sentiment: 1 | Text:  deepikapadukone  to my most hard workingfun loving and energetic team.. thank you and  i love you! 
Train samples: 3653
Validation samples: 406
Test samples: 452
Total samples: 4511
Train label distribution: Negative=1113, Positive=2160, Neutral=380
Val   label distribution: Negative=124, Positive=242, Neutral=40
Test  label distribution: Negative=121, Positive=281, Neutral=50
Overall label distribution: Negative=1358, Positive=2683, Neutral=470
    Iteration 20 of epoch 1 completed. Loss : 1.092441201210022 Accuracy : 56.25
    Iteration 40 of epoch 1 completed. Loss : 1.1069797277450562 Accuracy : 37.50
    Iteration 60 of epoch 1 completed. Loss : 1.104311227798462 Accuracy : 34.38
    Iteration 80 of epoch 1 completed. Loss : 1.0726984739303589 Accuracy : 53.12
    Iteration 100 of epoch 1 completed. Loss : 1.1070466041564941 Accuracy : 71.88
Best validation accuracy improved from 0.0 to 0.5948426573426573
Epoch 1 completed. Test dataset:
	 Loss: 1.0435
	 Accuracy : 62.92
	 Average recall: 0.3333
	 F1_PN: 0.3841
	 Macro-F1: 0.2561
	 Weighted-F1: 0.4900

Best test accuracy improved from 0.0 to 0.6291666666666667, saving model...
    Iteration 20 of epoch 2 completed. Loss : 1.090570092201233 Accuracy : 37.50
    Iteration 40 of epoch 2 completed. Loss : 1.0801225900650024 Accuracy : 65.62
    Iteration 60 of epoch 2 completed. Loss : 1.0621042251586914 Accuracy : 53.12
    Iteration 80 of epoch 2 completed. Loss : 0.8331887722015381 Accuracy : 87.50
    Iteration 100 of epoch 2 completed. Loss : 0.9429027438163757 Accuracy : 62.50
Best validation accuracy improved from 0.5948426573426573 to 0.6005244755244755
Epoch 2 completed. Test dataset:
	 Loss: 0.8961
	 Accuracy : 66.04
	 Average recall: 0.5335
	 F1_PN: 0.6322
	 Macro-F1: 0.5241
	 Weighted-F1: 0.6625

Best test accuracy improved from 0.6291666666666667 to 0.6604166666666667, saving model...
    Iteration 20 of epoch 3 completed. Loss : 0.9412901401519775 Accuracy : 75.00
    Iteration 40 of epoch 3 completed. Loss : 0.8613526821136475 Accuracy : 81.25
    Iteration 60 of epoch 3 completed. Loss : 0.8725003004074097 Accuracy : 81.25
    Iteration 80 of epoch 3 completed. Loss : 0.8352049589157104 Accuracy : 71.88
    Iteration 100 of epoch 3 completed. Loss : 0.8193788528442383 Accuracy : 75.00
Epoch 3 completed. Test dataset:
	 Loss: 0.9053
	 Accuracy : 63.33
	 Average recall: 0.5636
	 F1_PN: 0.6626
	 Macro-F1: 0.5220
	 Weighted-F1: 0.6556

    Iteration 20 of epoch 4 completed. Loss : 0.733719527721405 Accuracy : 84.38
    Iteration 40 of epoch 4 completed. Loss : 0.7441043853759766 Accuracy : 87.50
    Iteration 60 of epoch 4 completed. Loss : 0.775358259677887 Accuracy : 81.25
    Iteration 80 of epoch 4 completed. Loss : 0.6826309561729431 Accuracy : 90.62
    Iteration 100 of epoch 4 completed. Loss : 0.6264700889587402 Accuracy : 93.75
Best validation accuracy improved from 0.6005244755244755 to 0.6510052447552448
Epoch 4 completed. Test dataset:
	 Loss: 0.8673
	 Accuracy : 66.67
	 Average recall: 0.5393
	 F1_PN: 0.6765
	 Macro-F1: 0.5133
	 Weighted-F1: 0.6717

Best test accuracy improved from 0.6604166666666667 to 0.6666666666666666, saving model...
    Iteration 20 of epoch 5 completed. Loss : 0.5891431570053101 Accuracy : 93.75
    Iteration 40 of epoch 5 completed. Loss : 0.6882582306861877 Accuracy : 90.62
    Iteration 60 of epoch 5 completed. Loss : 0.7326357364654541 Accuracy : 87.50
    Iteration 80 of epoch 5 completed. Loss : 0.6583150625228882 Accuracy : 90.62
    Iteration 100 of epoch 5 completed. Loss : 0.6299571990966797 Accuracy : 93.75
Best validation accuracy improved from 0.6510052447552448 to 0.6678321678321678
Epoch 5 completed. Test dataset:
	 Loss: 0.8554
	 Accuracy : 68.54
	 Average recall: 0.5388
	 F1_PN: 0.6915
	 Macro-F1: 0.5160
	 Weighted-F1: 0.6807

Best test accuracy improved from 0.6666666666666666 to 0.6854166666666667, saving model...
    Iteration 20 of epoch 6 completed. Loss : 0.574846625328064 Accuracy : 100.00
    Iteration 40 of epoch 6 completed. Loss : 0.7848050594329834 Accuracy : 84.38
    Iteration 60 of epoch 6 completed. Loss : 0.7356181740760803 Accuracy : 87.50
    Iteration 80 of epoch 6 completed. Loss : 0.6564950346946716 Accuracy : 90.62
    Iteration 100 of epoch 6 completed. Loss : 0.6166576743125916 Accuracy : 93.75
Epoch 6 completed. Test dataset:
	 Loss: 0.8608
	 Accuracy : 67.50
	 Average recall: 0.5361
	 F1_PN: 0.6846
	 Macro-F1: 0.5090
	 Weighted-F1: 0.6700

    Iteration 20 of epoch 7 completed. Loss : 0.5895155668258667 Accuracy : 96.88
    Iteration 40 of epoch 7 completed. Loss : 0.6809173226356506 Accuracy : 90.62
    Iteration 60 of epoch 7 completed. Loss : 0.7314962148666382 Accuracy : 87.50
    Iteration 80 of epoch 7 completed. Loss : 0.6510564684867859 Accuracy : 90.62
    Iteration 100 of epoch 7 completed. Loss : 0.6081014275550842 Accuracy : 96.88
Epoch 7 completed. Test dataset:
	 Loss: 0.8340
	 Accuracy : 71.88
	 Average recall: 0.5391
	 F1_PN: 0.7270
	 Macro-F1: 0.5362
	 Weighted-F1: 0.7092

Best test accuracy improved from 0.6854166666666667 to 0.71875, saving model...
    Iteration 20 of epoch 8 completed. Loss : 0.5662866830825806 Accuracy : 96.88
    Iteration 40 of epoch 8 completed. Loss : 0.6767520904541016 Accuracy : 90.62
    Iteration 60 of epoch 8 completed. Loss : 0.72882080078125 Accuracy : 87.50
    Iteration 80 of epoch 8 completed. Loss : 0.6254632472991943 Accuracy : 93.75
    Iteration 100 of epoch 8 completed. Loss : 0.6215750575065613 Accuracy : 93.75
Epoch 8 completed. Test dataset:
	 Loss: 0.8268
	 Accuracy : 71.88
	 Average recall: 0.5282
	 F1_PN: 0.7167
	 Macro-F1: 0.5268
	 Weighted-F1: 0.7028

    Iteration 20 of epoch 9 completed. Loss : 0.5534034967422485 Accuracy : 100.00
    Iteration 40 of epoch 9 completed. Loss : 0.6675553917884827 Accuracy : 93.75
    Iteration 60 of epoch 9 completed. Loss : 0.7279499769210815 Accuracy : 87.50
    Iteration 80 of epoch 9 completed. Loss : 0.6238299608230591 Accuracy : 93.75
    Iteration 100 of epoch 9 completed. Loss : 0.6461807489395142 Accuracy : 87.50
Epoch 9 completed. Test dataset:
	 Loss: 0.8279
	 Accuracy : 71.88
	 Average recall: 0.5309
	 F1_PN: 0.7194
	 Macro-F1: 0.5286
	 Weighted-F1: 0.7046

    Iteration 20 of epoch 10 completed. Loss : 0.5529569983482361 Accuracy : 100.00
    Iteration 40 of epoch 10 completed. Loss : 0.6657581925392151 Accuracy : 93.75
    Iteration 60 of epoch 10 completed. Loss : 0.739844799041748 Accuracy : 87.50
    Iteration 80 of epoch 10 completed. Loss : 0.62433922290802 Accuracy : 93.75
    Iteration 100 of epoch 10 completed. Loss : 0.6033958196640015 Accuracy : 96.88
Epoch 10 completed. Test dataset:
	 Loss: 0.8277
	 Accuracy : 71.88
	 Average recall: 0.5309
	 F1_PN: 0.7194
	 Macro-F1: 0.5286
	 Weighted-F1: 0.7046

    Iteration 20 of epoch 11 completed. Loss : 0.5524188876152039 Accuracy : 100.00
    Iteration 40 of epoch 11 completed. Loss : 0.6643839478492737 Accuracy : 93.75
    Iteration 60 of epoch 11 completed. Loss : 0.7269404530525208 Accuracy : 87.50
    Iteration 80 of epoch 11 completed. Loss : 0.6242445707321167 Accuracy : 93.75
    Iteration 100 of epoch 11 completed. Loss : 0.6058734059333801 Accuracy : 96.88
Epoch 11 completed. Test dataset:
	 Loss: 0.8280
	 Accuracy : 71.88
	 Average recall: 0.5309
	 F1_PN: 0.7194
	 Macro-F1: 0.5286
	 Weighted-F1: 0.7046

    Iteration 20 of epoch 12 completed. Loss : 0.5520914793014526 Accuracy : 100.00
    Iteration 40 of epoch 12 completed. Loss : 0.6636231541633606 Accuracy : 93.75
    Iteration 60 of epoch 12 completed. Loss : 0.7289446592330933 Accuracy : 87.50
    Iteration 80 of epoch 12 completed. Loss : 0.6236124038696289 Accuracy : 93.75
    Iteration 100 of epoch 12 completed. Loss : 0.6070727109909058 Accuracy : 96.88
Epoch 12 completed. Test dataset:
	 Loss: 0.8280
	 Accuracy : 71.88
	 Average recall: 0.5309
	 F1_PN: 0.7194
	 Macro-F1: 0.5286
	 Weighted-F1: 0.7046

    Iteration 20 of epoch 13 completed. Loss : 0.5521277785301208 Accuracy : 100.00
    Iteration 40 of epoch 13 completed. Loss : 0.6628580689430237 Accuracy : 93.75
    Iteration 60 of epoch 13 completed. Loss : 0.727992832660675 Accuracy : 87.50
    Iteration 80 of epoch 13 completed. Loss : 0.6235399842262268 Accuracy : 93.75
    Iteration 100 of epoch 13 completed. Loss : 0.6029097437858582 Accuracy : 96.88
Epoch 13 completed. Test dataset:
	 Loss: 0.8280
	 Accuracy : 71.88
	 Average recall: 0.5309
	 F1_PN: 0.7194
	 Macro-F1: 0.5286
	 Weighted-F1: 0.7046

    Iteration 20 of epoch 14 completed. Loss : 0.5533031821250916 Accuracy : 100.00
    Iteration 40 of epoch 14 completed. Loss : 0.6659875512123108 Accuracy : 93.75
    Iteration 60 of epoch 14 completed. Loss : 0.7275779247283936 Accuracy : 87.50
    Iteration 80 of epoch 14 completed. Loss : 0.626242995262146 Accuracy : 93.75
    Iteration 100 of epoch 14 completed. Loss : 0.6042678952217102 Accuracy : 96.88
Epoch 14 completed. Test dataset:
	 Loss: 0.8280
	 Accuracy : 71.88
	 Average recall: 0.5309
	 F1_PN: 0.7194
	 Macro-F1: 0.5286
	 Weighted-F1: 0.7046

    Iteration 20 of epoch 15 completed. Loss : 0.5534301400184631 Accuracy : 100.00
    Iteration 40 of epoch 15 completed. Loss : 0.6669427752494812 Accuracy : 93.75
    Iteration 60 of epoch 15 completed. Loss : 0.7238929271697998 Accuracy : 87.50
    Iteration 80 of epoch 15 completed. Loss : 0.625335156917572 Accuracy : 93.75
    Iteration 100 of epoch 15 completed. Loss : 0.6052773594856262 Accuracy : 96.88
Epoch 15 completed. Test dataset:
	 Loss: 0.8280
	 Accuracy : 71.88
	 Average recall: 0.5309
	 F1_PN: 0.7194
	 Macro-F1: 0.5286
	 Weighted-F1: 0.7046

Train/val/test loss curve saved to /home/rgg2706/Multimodal-Sentiment-Analysis/Logs/MOASC4/2025-03-21/sub-1/018_Mar-21-2025_12:07_AM/train_val_test_loss_curve.png
Confusion matrix saved to /home/rgg2706/Multimodal-Sentiment-Analysis/Logs/MOASC4/2025-03-21/sub-1/018_Mar-21-2025_12:07_AM/confusion_matrix.png
