SLURM Job ID: 20078094
The first version with resnset
Model: MOASC4
Dataset: MOA-MVSA-multiple
directory /home/rgg2706/Multimodal-Sentiment-Analysis/Datasets/MOA-MVSA-single exists
directory /home/rgg2706/Multimodal-Sentiment-Analysis/Datasets/MOA-MVSA-multiple exists
directory /home/rgg2706/Multimodal-Sentiment-Analysis/Models/MOASC4/SaveFiles/SentimentClassifier exists
1
Loading dataset from: /home/rgg2706/Multimodal-Sentiment-Analysis/Datasets/MOA-MVSA-multiple
/home/rgg2706/Multimodal-Sentiment-Analysis/Datasets/MOA-MVSA-multiple/text
/home/rgg2706/Multimodal-Sentiment-Analysis/Datasets/MOA-MVSA-multiple/image
[DEBUG] Now in dataset directory for labels: /home/rgg2706/Multimodal-Sentiment-Analysis/Datasets/MOA-MVSA-multiple
[DEBUG] About to read labels from: /home/rgg2706/Multimodal-Sentiment-Analysis/Datasets/MOA-MVSA-multiple/labels.csv
Dataset directory is: /home/rgg2706/Multimodal-Sentiment-Analysis/Datasets/MOA-MVSA-multiple
Files in dataset directory: ['labels.csv', 'text', 'image']
     ID  text  image
0  2499     1      1
1  2500     2      1
2  2502     1      1
3  2504     1      2
4  2505     1      2
5  2506     2      2
6  2508     0      2
7  2509     0      0
8  2510     2      2
9  2511     2      1
Error loading image /home/rgg2706/Multimodal-Sentiment-Analysis/Datasets/MOA-MVSA-multiple/image/5995.jpg: cannot identify image file '/home/rgg2706/Multimodal-Sentiment-Analysis/Datasets/MOA-MVSA-multiple/image/5995.jpg'
  [*] Using fallback image: /home/rgg2706/Multimodal-Sentiment-Analysis/Datasets/0default.jpg
Error loading image /home/rgg2706/Multimodal-Sentiment-Analysis/Datasets/MOA-MVSA-multiple/image/15324.jpg: image file is truncated (4 bytes not processed)
  [*] Using fallback image: /home/rgg2706/Multimodal-Sentiment-Analysis/Datasets/0default.jpg
Error loading image /home/rgg2706/Multimodal-Sentiment-Analysis/Datasets/MOA-MVSA-multiple/image/3910.jpg: cannot identify image file '/home/rgg2706/Multimodal-Sentiment-Analysis/Datasets/MOA-MVSA-multiple/image/3910.jpg'
  [*] Using fallback image: /home/rgg2706/Multimodal-Sentiment-Analysis/Datasets/0default.jpg

[DEBUG] First 5 training texts:
    ID: 2499 | Overall sentiment: 1 | Text: knocked doors with the venerable  team trudeau lpc candidate kylejpeterson this aft in my hometown  aurora! elxn
    ID: 2500 | Overall sentiment: 1 | Text: canvassing for  elect kelly yeg yegfed elxn
    ID: 2502 | Overall sentiment: 1 | Text: i think it is time for change   ana  commit to  vote  generation trudeau  sfu lpc elxn http annoyedorhesitantt.cohvo i ud x ib
    ID: 2504 | Overall sentiment: 1 | Text: rdy to watch  thomas mulcair rock it tnight in the globeandmail debate at  winnipeg news  cafe  ndp cdnpoli elxn
    ID: 2505 | Overall sentiment: 1 | Text: cannot wait to vote for kenthehr and  justin trudeau on  october . cdnpoli elxn  real change  go  team hehr
Train samples: 13791
Validation samples: 1533
Test samples: 1703
Total samples: 17027
Train label distribution: Negative=1072, Positive=9123, Neutral=3596
Val   label distribution: Negative=107, Positive=1042, Neutral=384
Test  label distribution: Negative=120, Positive=1155, Neutral=428
Overall label distribution: Negative=1299, Positive=11320, Neutral=4408
    Iteration 20 of epoch 1 completed. Loss : 1.0953774452209473 Accuracy : 37.50
    Iteration 40 of epoch 1 completed. Loss : 1.072393774986267 Accuracy : 50.00
    Iteration 60 of epoch 1 completed. Loss : 1.0892071723937988 Accuracy : 46.88
    Iteration 80 of epoch 1 completed. Loss : 1.1027162075042725 Accuracy : 53.12
    Iteration 100 of epoch 1 completed. Loss : 1.1045408248901367 Accuracy : 50.00
    Iteration 120 of epoch 1 completed. Loss : 1.0190731287002563 Accuracy : 96.88
    Iteration 140 of epoch 1 completed. Loss : 1.1042580604553223 Accuracy : 43.75
    Iteration 160 of epoch 1 completed. Loss : 1.1096254587173462 Accuracy : 46.88
    Iteration 180 of epoch 1 completed. Loss : 1.0789293050765991 Accuracy : 68.75
    Iteration 200 of epoch 1 completed. Loss : 1.0437674522399902 Accuracy : 62.50
    Iteration 220 of epoch 1 completed. Loss : 1.0191515684127808 Accuracy : 46.88
    Iteration 240 of epoch 1 completed. Loss : 1.0135303735733032 Accuracy : 40.62
    Iteration 260 of epoch 1 completed. Loss : 0.9800314903259277 Accuracy : 40.62
    Iteration 280 of epoch 1 completed. Loss : 1.1584514379501343 Accuracy : 53.12
    Iteration 300 of epoch 1 completed. Loss : 1.1377592086791992 Accuracy : 37.50
    Iteration 320 of epoch 1 completed. Loss : 0.8756976127624512 Accuracy : 59.38
    Iteration 340 of epoch 1 completed. Loss : 0.8656256198883057 Accuracy : 65.62
    Iteration 360 of epoch 1 completed. Loss : 0.9226561784744263 Accuracy : 68.75
    Iteration 380 of epoch 1 completed. Loss : 0.9876919388771057 Accuracy : 53.12
    Iteration 400 of epoch 1 completed. Loss : 0.8772338032722473 Accuracy : 56.25
    Iteration 420 of epoch 1 completed. Loss : 1.0754518508911133 Accuracy : 56.25
Best validation accuracy improved from 0.0 to 0.60003591954023
Epoch 1 completed. Test dataset:
	 Loss: 0.9473
	 Accuracy : 59.85
	 Average recall: 0.4944
	 F1_PN: 0.4428
	 Macro-F1: 0.4433
	 Weighted-F1: 0.6123

Best test accuracy improved from 0.0 to 0.5984623015873015, saving model...
    Iteration 20 of epoch 2 completed. Loss : 0.977946937084198 Accuracy : 53.12
    Iteration 40 of epoch 2 completed. Loss : 0.9834607839584351 Accuracy : 56.25
    Iteration 60 of epoch 2 completed. Loss : 1.1205248832702637 Accuracy : 50.00
    Iteration 80 of epoch 2 completed. Loss : 1.0501245260238647 Accuracy : 56.25
    Iteration 100 of epoch 2 completed. Loss : 1.0475178956985474 Accuracy : 56.25
    Iteration 120 of epoch 2 completed. Loss : 1.080967903137207 Accuracy : 84.38
    Iteration 140 of epoch 2 completed. Loss : 0.9154655337333679 Accuracy : 62.50
    Iteration 160 of epoch 2 completed. Loss : 1.0158354043960571 Accuracy : 71.88
    Iteration 180 of epoch 2 completed. Loss : 0.8038259744644165 Accuracy : 81.25
    Iteration 200 of epoch 2 completed. Loss : 0.8641901612281799 Accuracy : 65.62
    Iteration 220 of epoch 2 completed. Loss : 0.9725998044013977 Accuracy : 56.25
    Iteration 240 of epoch 2 completed. Loss : 0.8095888495445251 Accuracy : 68.75
    Iteration 260 of epoch 2 completed. Loss : 1.1836787462234497 Accuracy : 37.50
    Iteration 280 of epoch 2 completed. Loss : 0.9258384704589844 Accuracy : 75.00
    Iteration 300 of epoch 2 completed. Loss : 1.0646237134933472 Accuracy : 43.75
    Iteration 320 of epoch 2 completed. Loss : 0.7771701812744141 Accuracy : 71.88
    Iteration 340 of epoch 2 completed. Loss : 0.7868543267250061 Accuracy : 68.75
    Iteration 360 of epoch 2 completed. Loss : 0.8628603219985962 Accuracy : 62.50
    Iteration 380 of epoch 2 completed. Loss : 0.9306619763374329 Accuracy : 62.50
    Iteration 400 of epoch 2 completed. Loss : 0.8508020043373108 Accuracy : 53.12
    Iteration 420 of epoch 2 completed. Loss : 1.0137594938278198 Accuracy : 53.12
Best validation accuracy improved from 0.60003591954023 to 0.6254938936781609
Epoch 2 completed. Test dataset:
	 Loss: 0.9278
	 Accuracy : 60.86
	 Average recall: 0.5289
	 F1_PN: 0.4865
	 Macro-F1: 0.4647
	 Weighted-F1: 0.6237

Best test accuracy improved from 0.5984623015873015 to 0.6086309523809524, saving model...
    Iteration 20 of epoch 3 completed. Loss : 0.9160170555114746 Accuracy : 65.62
    Iteration 40 of epoch 3 completed. Loss : 0.9963637590408325 Accuracy : 59.38
    Iteration 60 of epoch 3 completed. Loss : 0.9399367570877075 Accuracy : 71.88
    Iteration 80 of epoch 3 completed. Loss : 0.9999255537986755 Accuracy : 46.88
    Iteration 100 of epoch 3 completed. Loss : 0.8829379677772522 Accuracy : 75.00
    Iteration 120 of epoch 3 completed. Loss : 1.0821493864059448 Accuracy : 87.50
    Iteration 140 of epoch 3 completed. Loss : 0.9024778604507446 Accuracy : 59.38
    Iteration 160 of epoch 3 completed. Loss : 0.9719919562339783 Accuracy : 62.50
    Iteration 180 of epoch 3 completed. Loss : 0.656610369682312 Accuracy : 87.50
    Iteration 200 of epoch 3 completed. Loss : 0.7285791039466858 Accuracy : 78.12
    Iteration 220 of epoch 3 completed. Loss : 0.8984975814819336 Accuracy : 68.75
    Iteration 240 of epoch 3 completed. Loss : 0.741359531879425 Accuracy : 81.25
    Iteration 260 of epoch 3 completed. Loss : 0.9389598965644836 Accuracy : 46.88
    Iteration 280 of epoch 3 completed. Loss : 0.7712379693984985 Accuracy : 68.75
    Iteration 300 of epoch 3 completed. Loss : 1.081069827079773 Accuracy : 56.25
    Iteration 320 of epoch 3 completed. Loss : 0.7107505798339844 Accuracy : 71.88
    Iteration 340 of epoch 3 completed. Loss : 0.6669396758079529 Accuracy : 84.38
    Iteration 360 of epoch 3 completed. Loss : 0.7124156951904297 Accuracy : 87.50
    Iteration 380 of epoch 3 completed. Loss : 0.8792517781257629 Accuracy : 68.75
    Iteration 400 of epoch 3 completed. Loss : 0.8163721561431885 Accuracy : 71.88
    Iteration 420 of epoch 3 completed. Loss : 0.9708101749420166 Accuracy : 62.50
Best validation accuracy improved from 0.6254938936781609 to 0.6342268318965517
Epoch 3 completed. Test dataset:
	 Loss: 0.9278
	 Accuracy : 60.98
	 Average recall: 0.5111
	 F1_PN: 0.4926
	 Macro-F1: 0.4641
	 Weighted-F1: 0.6265

Best test accuracy improved from 0.6086309523809524 to 0.6097883597883599, saving model...
    Iteration 20 of epoch 4 completed. Loss : 0.8515093922615051 Accuracy : 65.62
    Iteration 40 of epoch 4 completed. Loss : 0.8622711300849915 Accuracy : 68.75
    Iteration 60 of epoch 4 completed. Loss : 0.6592824459075928 Accuracy : 84.38
    Iteration 80 of epoch 4 completed. Loss : 0.9874481558799744 Accuracy : 62.50
    Iteration 100 of epoch 4 completed. Loss : 0.877223789691925 Accuracy : 78.12
    Iteration 120 of epoch 4 completed. Loss : 0.6589678525924683 Accuracy : 93.75
    Iteration 140 of epoch 4 completed. Loss : 1.0250226259231567 Accuracy : 53.12
    Iteration 160 of epoch 4 completed. Loss : 0.7147429585456848 Accuracy : 81.25
    Iteration 180 of epoch 4 completed. Loss : 0.6264716386795044 Accuracy : 84.38
    Iteration 200 of epoch 4 completed. Loss : 0.6656301617622375 Accuracy : 81.25
    Iteration 220 of epoch 4 completed. Loss : 0.819447934627533 Accuracy : 78.12
    Iteration 240 of epoch 4 completed. Loss : 0.6806407570838928 Accuracy : 81.25
    Iteration 260 of epoch 4 completed. Loss : 0.8407219052314758 Accuracy : 62.50
    Iteration 280 of epoch 4 completed. Loss : 0.7760372161865234 Accuracy : 75.00
    Iteration 300 of epoch 4 completed. Loss : 0.9147577285766602 Accuracy : 75.00
    Iteration 320 of epoch 4 completed. Loss : 0.6857644319534302 Accuracy : 84.38
    Iteration 340 of epoch 4 completed. Loss : 0.7740685939788818 Accuracy : 90.62
    Iteration 360 of epoch 4 completed. Loss : 0.6751934885978699 Accuracy : 93.75
    Iteration 380 of epoch 4 completed. Loss : 0.7891154885292053 Accuracy : 78.12
    Iteration 400 of epoch 4 completed. Loss : 0.8083755373954773 Accuracy : 71.88
    Iteration 420 of epoch 4 completed. Loss : 0.8653887510299683 Accuracy : 68.75
Epoch 4 completed. Test dataset:
	 Loss: 0.9210
	 Accuracy : 61.57
	 Average recall: 0.4919
	 F1_PN: 0.4920
	 Macro-F1: 0.4542
	 Weighted-F1: 0.6255

Best test accuracy improved from 0.6097883597883599 to 0.6156580687830688, saving model...
    Iteration 20 of epoch 5 completed. Loss : 0.775314211845398 Accuracy : 78.12
    Iteration 40 of epoch 5 completed. Loss : 0.811082661151886 Accuracy : 75.00
    Iteration 60 of epoch 5 completed. Loss : 0.6704853773117065 Accuracy : 90.62
    Iteration 80 of epoch 5 completed. Loss : 0.9142119288444519 Accuracy : 68.75
    Iteration 100 of epoch 5 completed. Loss : 0.9082642197608948 Accuracy : 71.88
    Iteration 120 of epoch 5 completed. Loss : 0.5684545040130615 Accuracy : 96.88
    Iteration 140 of epoch 5 completed. Loss : 1.0294628143310547 Accuracy : 50.00
    Iteration 160 of epoch 5 completed. Loss : 0.6978354454040527 Accuracy : 81.25
    Iteration 180 of epoch 5 completed. Loss : 0.5800902843475342 Accuracy : 93.75
    Iteration 200 of epoch 5 completed. Loss : 0.6817932724952698 Accuracy : 84.38
    Iteration 220 of epoch 5 completed. Loss : 0.7530792355537415 Accuracy : 81.25
    Iteration 240 of epoch 5 completed. Loss : 0.6580469608306885 Accuracy : 87.50
    Iteration 260 of epoch 5 completed. Loss : 0.8135051727294922 Accuracy : 68.75
    Iteration 280 of epoch 5 completed. Loss : 0.6835949420928955 Accuracy : 78.12
    Iteration 300 of epoch 5 completed. Loss : 0.8373133540153503 Accuracy : 78.12
    Iteration 320 of epoch 5 completed. Loss : 0.6238791346549988 Accuracy : 87.50
    Iteration 340 of epoch 5 completed. Loss : 0.5699689388275146 Accuracy : 96.88
    Iteration 360 of epoch 5 completed. Loss : 0.7850519418716431 Accuracy : 90.62
    Iteration 380 of epoch 5 completed. Loss : 0.7873449325561523 Accuracy : 75.00
    Iteration 400 of epoch 5 completed. Loss : 0.8274295926094055 Accuracy : 68.75
    Iteration 420 of epoch 5 completed. Loss : 0.8041549921035767 Accuracy : 78.12
Best validation accuracy improved from 0.6342268318965517 to 0.6498518318965517
Epoch 5 completed. Test dataset:
	 Loss: 0.8919
	 Accuracy : 65.03
	 Average recall: 0.4934
	 F1_PN: 0.5109
	 Macro-F1: 0.4630
	 Weighted-F1: 0.6489

Best test accuracy improved from 0.6156580687830688 to 0.6502976190476191, saving model...
    Iteration 20 of epoch 6 completed. Loss : 0.6886057257652283 Accuracy : 81.25
    Iteration 40 of epoch 6 completed. Loss : 0.8081109523773193 Accuracy : 71.88
    Iteration 60 of epoch 6 completed. Loss : 0.6822348833084106 Accuracy : 81.25
    Iteration 80 of epoch 6 completed. Loss : 0.8406127691268921 Accuracy : 68.75
    Iteration 100 of epoch 6 completed. Loss : 0.890331506729126 Accuracy : 75.00
    Iteration 120 of epoch 6 completed. Loss : 0.6004888415336609 Accuracy : 90.62
    Iteration 140 of epoch 6 completed. Loss : 0.7312356233596802 Accuracy : 84.38
    Iteration 160 of epoch 6 completed. Loss : 0.5813925862312317 Accuracy : 96.88
    Iteration 180 of epoch 6 completed. Loss : 0.6249286532402039 Accuracy : 93.75
    Iteration 200 of epoch 6 completed. Loss : 0.6773659586906433 Accuracy : 87.50
    Iteration 220 of epoch 6 completed. Loss : 0.7461414933204651 Accuracy : 84.38
    Iteration 240 of epoch 6 completed. Loss : 0.5941616296768188 Accuracy : 90.62
    Iteration 260 of epoch 6 completed. Loss : 0.7497759461402893 Accuracy : 75.00
    Iteration 280 of epoch 6 completed. Loss : 0.6925482749938965 Accuracy : 75.00
    Iteration 300 of epoch 6 completed. Loss : 0.785105288028717 Accuracy : 84.38
    Iteration 320 of epoch 6 completed. Loss : 0.5924755930900574 Accuracy : 96.88
    Iteration 340 of epoch 6 completed. Loss : 0.6065356731414795 Accuracy : 84.38
    Iteration 360 of epoch 6 completed. Loss : 0.6462776064872742 Accuracy : 84.38
    Iteration 380 of epoch 6 completed. Loss : 0.7006818056106567 Accuracy : 84.38
    Iteration 400 of epoch 6 completed. Loss : 0.7151655554771423 Accuracy : 75.00
    Iteration 420 of epoch 6 completed. Loss : 0.7929753065109253 Accuracy : 78.12
Epoch 6 completed. Test dataset:
	 Loss: 0.9230
	 Accuracy : 61.96
	 Average recall: 0.5024
	 F1_PN: 0.4997
	 Macro-F1: 0.4606
	 Weighted-F1: 0.6331

    Iteration 20 of epoch 7 completed. Loss : 0.7834500074386597 Accuracy : 78.12
    Iteration 40 of epoch 7 completed. Loss : 0.7994911670684814 Accuracy : 75.00
    Iteration 60 of epoch 7 completed. Loss : 0.6472029685974121 Accuracy : 90.62
    Iteration 80 of epoch 7 completed. Loss : 0.850037693977356 Accuracy : 71.88
    Iteration 100 of epoch 7 completed. Loss : 0.8321676254272461 Accuracy : 87.50
    Iteration 120 of epoch 7 completed. Loss : 0.5723175406455994 Accuracy : 96.88
    Iteration 140 of epoch 7 completed. Loss : 0.7086465954780579 Accuracy : 84.38
    Iteration 160 of epoch 7 completed. Loss : 0.5572863221168518 Accuracy : 100.00
    Iteration 180 of epoch 7 completed. Loss : 0.5781364440917969 Accuracy : 96.88
    Iteration 200 of epoch 7 completed. Loss : 0.6309916377067566 Accuracy : 87.50
    Iteration 220 of epoch 7 completed. Loss : 0.7250121235847473 Accuracy : 84.38
    Iteration 240 of epoch 7 completed. Loss : 0.6299391984939575 Accuracy : 81.25
    Iteration 260 of epoch 7 completed. Loss : 0.723316490650177 Accuracy : 84.38
    Iteration 280 of epoch 7 completed. Loss : 0.9007370471954346 Accuracy : 93.75
    Iteration 300 of epoch 7 completed. Loss : 0.8464466333389282 Accuracy : 84.38
    Iteration 320 of epoch 7 completed. Loss : 0.5741305351257324 Accuracy : 96.88
    Iteration 340 of epoch 7 completed. Loss : 0.6321077346801758 Accuracy : 84.38
    Iteration 360 of epoch 7 completed. Loss : 0.571447491645813 Accuracy : 96.88
    Iteration 380 of epoch 7 completed. Loss : 0.7074284553527832 Accuracy : 87.50
    Iteration 400 of epoch 7 completed. Loss : 0.6860626339912415 Accuracy : 81.25
    Iteration 420 of epoch 7 completed. Loss : 0.8319836854934692 Accuracy : 71.88
Epoch 7 completed. Test dataset:
	 Loss: 0.9464
	 Accuracy : 59.85
	 Average recall: 0.5041
	 F1_PN: 0.4854
	 Macro-F1: 0.4497
	 Weighted-F1: 0.6182

    Iteration 20 of epoch 8 completed. Loss : 0.7350642085075378 Accuracy : 81.25
    Iteration 40 of epoch 8 completed. Loss : 0.7261489033699036 Accuracy : 84.38
    Iteration 60 of epoch 8 completed. Loss : 0.6780986189842224 Accuracy : 87.50
    Iteration 80 of epoch 8 completed. Loss : 0.8979320526123047 Accuracy : 62.50
    Iteration 100 of epoch 8 completed. Loss : 0.9084345102310181 Accuracy : 71.88
    Iteration 120 of epoch 8 completed. Loss : 0.582747757434845 Accuracy : 93.75
    Iteration 140 of epoch 8 completed. Loss : 0.688723087310791 Accuracy : 87.50
    Iteration 160 of epoch 8 completed. Loss : 0.5557472109794617 Accuracy : 100.00
    Iteration 180 of epoch 8 completed. Loss : 0.5694879293441772 Accuracy : 96.88
    Iteration 200 of epoch 8 completed. Loss : 0.619060218334198 Accuracy : 90.62
    Iteration 220 of epoch 8 completed. Loss : 0.6894397735595703 Accuracy : 87.50
    Iteration 240 of epoch 8 completed. Loss : 0.6039063334465027 Accuracy : 87.50
    Iteration 260 of epoch 8 completed. Loss : 0.7164753675460815 Accuracy : 81.25
    Iteration 280 of epoch 8 completed. Loss : 0.8893033862113953 Accuracy : 96.88
    Iteration 300 of epoch 8 completed. Loss : 0.8144000172615051 Accuracy : 81.25
    Iteration 320 of epoch 8 completed. Loss : 0.5926171541213989 Accuracy : 96.88
    Iteration 340 of epoch 8 completed. Loss : 0.6086483597755432 Accuracy : 93.75
    Iteration 360 of epoch 8 completed. Loss : 0.5567225813865662 Accuracy : 100.00
    Iteration 380 of epoch 8 completed. Loss : 0.6874393820762634 Accuracy : 93.75
    Iteration 400 of epoch 8 completed. Loss : 0.681079089641571 Accuracy : 84.38
    Iteration 420 of epoch 8 completed. Loss : 0.8455185890197754 Accuracy : 75.00
Epoch 8 completed. Test dataset:
	 Loss: 0.9263
	 Accuracy : 61.57
	 Average recall: 0.4845
	 F1_PN: 0.5096
	 Macro-F1: 0.4558
	 Weighted-F1: 0.6245

    Iteration 20 of epoch 9 completed. Loss : 0.7240294218063354 Accuracy : 75.00
    Iteration 40 of epoch 9 completed. Loss : 0.7135064005851746 Accuracy : 84.38
    Iteration 60 of epoch 9 completed. Loss : 0.654636800289154 Accuracy : 90.62
    Iteration 80 of epoch 9 completed. Loss : 0.8195961117744446 Accuracy : 71.88
    Iteration 100 of epoch 9 completed. Loss : 0.8691695332527161 Accuracy : 75.00
    Iteration 120 of epoch 9 completed. Loss : 0.5676286816596985 Accuracy : 96.88
    Iteration 140 of epoch 9 completed. Loss : 0.693020761013031 Accuracy : 87.50
    Iteration 160 of epoch 9 completed. Loss : 0.5521059632301331 Accuracy : 100.00
    Iteration 180 of epoch 9 completed. Loss : 0.565520703792572 Accuracy : 96.88
    Iteration 200 of epoch 9 completed. Loss : 0.6160569190979004 Accuracy : 90.62
    Iteration 220 of epoch 9 completed. Loss : 0.6923426985740662 Accuracy : 87.50
    Iteration 240 of epoch 9 completed. Loss : 0.5922178030014038 Accuracy : 90.62
    Iteration 260 of epoch 9 completed. Loss : 0.6728557348251343 Accuracy : 84.38
    Iteration 280 of epoch 9 completed. Loss : 0.8869907259941101 Accuracy : 96.88
    Iteration 300 of epoch 9 completed. Loss : 0.793796181678772 Accuracy : 84.38
    Iteration 320 of epoch 9 completed. Loss : 0.5569968223571777 Accuracy : 100.00
    Iteration 340 of epoch 9 completed. Loss : 0.5689576864242554 Accuracy : 96.88
    Iteration 360 of epoch 9 completed. Loss : 0.5519473552703857 Accuracy : 100.00
    Iteration 380 of epoch 9 completed. Loss : 0.6094563603401184 Accuracy : 96.88
    Iteration 400 of epoch 9 completed. Loss : 0.6571124196052551 Accuracy : 87.50
    Iteration 420 of epoch 9 completed. Loss : 0.7735133767127991 Accuracy : 81.25
Epoch 9 completed. Test dataset:
	 Loss: 0.9206
	 Accuracy : 62.32
	 Average recall: 0.4801
	 F1_PN: 0.5065
	 Macro-F1: 0.4551
	 Weighted-F1: 0.6297

    Iteration 20 of epoch 10 completed. Loss : 0.6518275737762451 Accuracy : 87.50
    Iteration 40 of epoch 10 completed. Loss : 0.7155293822288513 Accuracy : 84.38
    Iteration 60 of epoch 10 completed. Loss : 0.6157050728797913 Accuracy : 93.75
    Iteration 80 of epoch 10 completed. Loss : 0.8758484721183777 Accuracy : 71.88
    Iteration 100 of epoch 10 completed. Loss : 0.8580955266952515 Accuracy : 78.12
    Iteration 120 of epoch 10 completed. Loss : 0.5677525401115417 Accuracy : 96.88
    Iteration 140 of epoch 10 completed. Loss : 0.7014942169189453 Accuracy : 84.38
    Iteration 160 of epoch 10 completed. Loss : 0.554078996181488 Accuracy : 100.00
    Iteration 180 of epoch 10 completed. Loss : 0.5664777159690857 Accuracy : 96.88
    Iteration 200 of epoch 10 completed. Loss : 0.5709141492843628 Accuracy : 96.88
    Iteration 220 of epoch 10 completed. Loss : 0.7117833495140076 Accuracy : 84.38
    Iteration 240 of epoch 10 completed. Loss : 0.5870850086212158 Accuracy : 90.62
    Iteration 260 of epoch 10 completed. Loss : 0.6518313884735107 Accuracy : 90.62
    Iteration 280 of epoch 10 completed. Loss : 0.8849575519561768 Accuracy : 96.88
    Iteration 300 of epoch 10 completed. Loss : 0.7423055171966553 Accuracy : 90.62
    Iteration 320 of epoch 10 completed. Loss : 0.5520880818367004 Accuracy : 100.00
    Iteration 340 of epoch 10 completed. Loss : 0.5640628933906555 Accuracy : 96.88
    Iteration 360 of epoch 10 completed. Loss : 0.5517051815986633 Accuracy : 100.00
    Iteration 380 of epoch 10 completed. Loss : 0.6077620983123779 Accuracy : 96.88
    Iteration 400 of epoch 10 completed. Loss : 0.648601770401001 Accuracy : 87.50
    Iteration 420 of epoch 10 completed. Loss : 0.7820733189582825 Accuracy : 81.25
Epoch 10 completed. Test dataset:
	 Loss: 0.9182
	 Accuracy : 62.61
	 Average recall: 0.4805
	 F1_PN: 0.5085
	 Macro-F1: 0.4563
	 Weighted-F1: 0.6318

    Iteration 20 of epoch 11 completed. Loss : 0.6198945045471191 Accuracy : 90.62
    Iteration 40 of epoch 11 completed. Loss : 0.7207315564155579 Accuracy : 84.38
    Iteration 60 of epoch 11 completed. Loss : 0.625466525554657 Accuracy : 93.75
    Iteration 80 of epoch 11 completed. Loss : 0.8002800345420837 Accuracy : 78.12
    Iteration 100 of epoch 11 completed. Loss : 0.846217691898346 Accuracy : 78.12
    Iteration 120 of epoch 11 completed. Loss : 0.5676726698875427 Accuracy : 96.88
    Iteration 140 of epoch 11 completed. Loss : 0.685087263584137 Accuracy : 87.50
    Iteration 160 of epoch 11 completed. Loss : 0.5519797205924988 Accuracy : 100.00
    Iteration 180 of epoch 11 completed. Loss : 0.5657293796539307 Accuracy : 96.88
    Iteration 200 of epoch 11 completed. Loss : 0.5710315108299255 Accuracy : 96.88
    Iteration 220 of epoch 11 completed. Loss : 0.6614577770233154 Accuracy : 87.50
    Iteration 240 of epoch 11 completed. Loss : 0.588778555393219 Accuracy : 90.62
    Iteration 260 of epoch 11 completed. Loss : 0.6535214185714722 Accuracy : 90.62
    Iteration 280 of epoch 11 completed. Loss : 0.8851432800292969 Accuracy : 96.88
    Iteration 300 of epoch 11 completed. Loss : 0.7382599115371704 Accuracy : 90.62
    Iteration 320 of epoch 11 completed. Loss : 0.5517310500144958 Accuracy : 100.00
    Iteration 340 of epoch 11 completed. Loss : 0.6048312783241272 Accuracy : 93.75
    Iteration 360 of epoch 11 completed. Loss : 0.5516644716262817 Accuracy : 100.00
    Iteration 380 of epoch 11 completed. Loss : 0.6104529500007629 Accuracy : 96.88
    Iteration 400 of epoch 11 completed. Loss : 0.6567456722259521 Accuracy : 87.50
    Iteration 420 of epoch 11 completed. Loss : 0.7713237404823303 Accuracy : 81.25
Epoch 11 completed. Test dataset:
	 Loss: 0.9145
	 Accuracy : 63.30
	 Average recall: 0.4824
	 F1_PN: 0.5134
	 Macro-F1: 0.4590
	 Weighted-F1: 0.6364

    Iteration 20 of epoch 12 completed. Loss : 0.6158177852630615 Accuracy : 90.62
    Iteration 40 of epoch 12 completed. Loss : 0.7304163575172424 Accuracy : 81.25
    Iteration 60 of epoch 12 completed. Loss : 0.5999504923820496 Accuracy : 96.88
    Iteration 80 of epoch 12 completed. Loss : 0.8065996766090393 Accuracy : 75.00
    Iteration 100 of epoch 12 completed. Loss : 0.8593193292617798 Accuracy : 75.00
    Iteration 120 of epoch 12 completed. Loss : 0.5677120089530945 Accuracy : 96.88
    Iteration 140 of epoch 12 completed. Loss : 0.6965591311454773 Accuracy : 87.50
    Iteration 160 of epoch 12 completed. Loss : 0.551990807056427 Accuracy : 100.00
    Iteration 180 of epoch 12 completed. Loss : 0.5663179755210876 Accuracy : 96.88
    Iteration 200 of epoch 12 completed. Loss : 0.5774663686752319 Accuracy : 96.88
    Iteration 220 of epoch 12 completed. Loss : 0.6529299020767212 Accuracy : 90.62
    Iteration 240 of epoch 12 completed. Loss : 0.5832365155220032 Accuracy : 93.75
    Iteration 260 of epoch 12 completed. Loss : 0.6510251760482788 Accuracy : 90.62
    Iteration 280 of epoch 12 completed. Loss : 0.884929358959198 Accuracy : 96.88
    Iteration 300 of epoch 12 completed. Loss : 0.7398141026496887 Accuracy : 87.50
    Iteration 320 of epoch 12 completed. Loss : 0.5519946217536926 Accuracy : 100.00
    Iteration 340 of epoch 12 completed. Loss : 0.5647498965263367 Accuracy : 96.88
    Iteration 360 of epoch 12 completed. Loss : 0.5516496896743774 Accuracy : 100.00
    Iteration 380 of epoch 12 completed. Loss : 0.6089190244674683 Accuracy : 96.88
    Iteration 400 of epoch 12 completed. Loss : 0.6465531587600708 Accuracy : 87.50
    Iteration 420 of epoch 12 completed. Loss : 0.7562472820281982 Accuracy : 84.38
Epoch 12 completed. Test dataset:
	 Loss: 0.9143
	 Accuracy : 63.24
	 Average recall: 0.4822
	 F1_PN: 0.5132
	 Macro-F1: 0.4589
	 Weighted-F1: 0.6361

    Iteration 20 of epoch 13 completed. Loss : 0.6203781366348267 Accuracy : 90.62
    Iteration 40 of epoch 13 completed. Loss : 0.75553297996521 Accuracy : 81.25
    Iteration 60 of epoch 13 completed. Loss : 0.6223238706588745 Accuracy : 93.75
    Iteration 80 of epoch 13 completed. Loss : 0.8407391309738159 Accuracy : 78.12
    Iteration 100 of epoch 13 completed. Loss : 0.8491798043251038 Accuracy : 78.12
    Iteration 120 of epoch 13 completed. Loss : 0.5677038431167603 Accuracy : 96.88
    Iteration 140 of epoch 13 completed. Loss : 0.6898297667503357 Accuracy : 87.50
    Iteration 160 of epoch 13 completed. Loss : 0.553558886051178 Accuracy : 100.00
    Iteration 180 of epoch 13 completed. Loss : 0.5649429559707642 Accuracy : 96.88
    Iteration 200 of epoch 13 completed. Loss : 0.5716568827629089 Accuracy : 96.88
    Iteration 220 of epoch 13 completed. Loss : 0.6582335233688354 Accuracy : 90.62
    Iteration 240 of epoch 13 completed. Loss : 0.5982164740562439 Accuracy : 84.38
    Iteration 260 of epoch 13 completed. Loss : 0.6530328392982483 Accuracy : 90.62
    Iteration 280 of epoch 13 completed. Loss : 0.8850942254066467 Accuracy : 96.88
    Iteration 300 of epoch 13 completed. Loss : 0.7446331977844238 Accuracy : 87.50
    Iteration 320 of epoch 13 completed. Loss : 0.5519141554832458 Accuracy : 100.00
    Iteration 340 of epoch 13 completed. Loss : 0.5600494742393494 Accuracy : 96.88
    Iteration 360 of epoch 13 completed. Loss : 0.5516447424888611 Accuracy : 100.00
    Iteration 380 of epoch 13 completed. Loss : 0.6091703176498413 Accuracy : 96.88
    Iteration 400 of epoch 13 completed. Loss : 0.6381754279136658 Accuracy : 87.50
    Iteration 420 of epoch 13 completed. Loss : 0.7532007694244385 Accuracy : 84.38
Epoch 13 completed. Test dataset:
	 Loss: 0.9143
	 Accuracy : 63.24
	 Average recall: 0.4822
	 F1_PN: 0.5132
	 Macro-F1: 0.4589
	 Weighted-F1: 0.6361

    Iteration 20 of epoch 14 completed. Loss : 0.6187806129455566 Accuracy : 90.62
    Iteration 40 of epoch 14 completed. Loss : 0.7140556573867798 Accuracy : 84.38
    Iteration 60 of epoch 14 completed. Loss : 0.6147908568382263 Accuracy : 93.75
    Iteration 80 of epoch 14 completed. Loss : 0.8273926377296448 Accuracy : 78.12
    Iteration 100 of epoch 14 completed. Loss : 0.8620761632919312 Accuracy : 75.00
    Iteration 120 of epoch 14 completed. Loss : 0.5677449703216553 Accuracy : 96.88
    Iteration 140 of epoch 14 completed. Loss : 0.6783776879310608 Accuracy : 87.50
    Iteration 160 of epoch 14 completed. Loss : 0.552075207233429 Accuracy : 100.00
    Iteration 180 of epoch 14 completed. Loss : 0.5632998943328857 Accuracy : 96.88
    Iteration 200 of epoch 14 completed. Loss : 0.5712082982063293 Accuracy : 96.88
    Iteration 220 of epoch 14 completed. Loss : 0.7078560590744019 Accuracy : 84.38
    Iteration 240 of epoch 14 completed. Loss : 0.5947557091712952 Accuracy : 90.62
    Iteration 260 of epoch 14 completed. Loss : 0.6509823799133301 Accuracy : 90.62
    Iteration 280 of epoch 14 completed. Loss : 0.8870990872383118 Accuracy : 96.88
    Iteration 300 of epoch 14 completed. Loss : 0.7381935715675354 Accuracy : 90.62
    Iteration 320 of epoch 14 completed. Loss : 0.552577793598175 Accuracy : 100.00
    Iteration 340 of epoch 14 completed. Loss : 0.5535129904747009 Accuracy : 100.00
    Iteration 360 of epoch 14 completed. Loss : 0.5520207285881042 Accuracy : 100.00
    Iteration 380 of epoch 14 completed. Loss : 0.6093820929527283 Accuracy : 96.88
    Iteration 400 of epoch 14 completed. Loss : 0.6492334008216858 Accuracy : 87.50
    Iteration 420 of epoch 14 completed. Loss : 0.7680101990699768 Accuracy : 81.25
Epoch 14 completed. Test dataset:
	 Loss: 0.9143
	 Accuracy : 63.24
	 Average recall: 0.4822
	 F1_PN: 0.5132
	 Macro-F1: 0.4589
	 Weighted-F1: 0.6361

    Iteration 20 of epoch 15 completed. Loss : 0.6143444776535034 Accuracy : 90.62
    Iteration 40 of epoch 15 completed. Loss : 0.7450659275054932 Accuracy : 81.25
    Iteration 60 of epoch 15 completed. Loss : 0.6052379012107849 Accuracy : 96.88
    Iteration 80 of epoch 15 completed. Loss : 0.8645046353340149 Accuracy : 75.00
    Iteration 100 of epoch 15 completed. Loss : 0.8588466644287109 Accuracy : 81.25
    Iteration 120 of epoch 15 completed. Loss : 0.5686317682266235 Accuracy : 96.88
    Iteration 140 of epoch 15 completed. Loss : 0.6994789242744446 Accuracy : 84.38
    Iteration 160 of epoch 15 completed. Loss : 0.5523295998573303 Accuracy : 100.00
    Iteration 180 of epoch 15 completed. Loss : 0.5662551522254944 Accuracy : 96.88
    Iteration 200 of epoch 15 completed. Loss : 0.5704651474952698 Accuracy : 96.88
    Iteration 220 of epoch 15 completed. Loss : 0.6580638289451599 Accuracy : 90.62
    Iteration 240 of epoch 15 completed. Loss : 0.5904573202133179 Accuracy : 90.62
    Iteration 260 of epoch 15 completed. Loss : 0.652327299118042 Accuracy : 90.62
    Iteration 280 of epoch 15 completed. Loss : 0.884952962398529 Accuracy : 96.88
    Iteration 300 of epoch 15 completed. Loss : 0.7409811019897461 Accuracy : 87.50
    Iteration 320 of epoch 15 completed. Loss : 0.5516928434371948 Accuracy : 100.00
    Iteration 340 of epoch 15 completed. Loss : 0.5590205192565918 Accuracy : 96.88
    Iteration 360 of epoch 15 completed. Loss : 0.5516588091850281 Accuracy : 100.00
    Iteration 380 of epoch 15 completed. Loss : 0.609096109867096 Accuracy : 96.88
    Iteration 400 of epoch 15 completed. Loss : 0.627801775932312 Accuracy : 90.62
    Iteration 420 of epoch 15 completed. Loss : 0.7567532062530518 Accuracy : 84.38
Epoch 15 completed. Test dataset:
	 Loss: 0.9143
	 Accuracy : 63.24
	 Average recall: 0.4822
	 F1_PN: 0.5132
	 Macro-F1: 0.4589
	 Weighted-F1: 0.6361

Train/val/test loss curve saved to /home/rgg2706/Multimodal-Sentiment-Analysis/Logs/MOASC4/2025-03-21/sub-2/001_Mar-21-2025_03:56_AM/train_val_test_loss_curve.png
Confusion matrix saved to /home/rgg2706/Multimodal-Sentiment-Analysis/Logs/MOASC4/2025-03-21/sub-2/001_Mar-21-2025_03:56_AM/confusion_matrix.png
