SLURM Job ID: 19420516
Number of GPUs available: 1
Logs directory: /home/rgg2706/Multimodal-Sentiment-Analysis/Logs/HHMAFM/2024-11-09/sub-2/008_Nov-09-2024_09:42_PM
> training arguments:
>>> rand_seed: 8
>>> model_name: mfcchfusion
>>> dataset: mvsa-mts-1000
>>> optimizer: <class 'torch.optim.adam.Adam'>
>>> initializer: <function xavier_uniform_ at 0x7f5dfccf9580>
>>> learning_rate: 0.0001
>>> dropout_rate: 0.5
>>> num_epoch: 10
>>> batch_size: 64
>>> log_step: 60
>>> max_seq_len: 64
>>> polarities_dim: 3
>>> clip_grad: 5.0
>>> path_image: ./Datasets/MVSA-MTS/images-indexed
>>> crop_size: 224
>>> n_head: 8
>>> hidden_dim: 1024
>>> num_classes: 3
>>> log_dir: /home/rgg2706/Multimodal-Sentiment-Analysis/Logs/HHMAFM/2024-11-09/sub-2/008_Nov-09-2024_09:42_PM
>>> model_class: <class 'models.mfcchfusion.MFCCHFUSION'>
Preparing mvsa-mts-1000 dataset...
-------------- Loading Datasets/MVSA-MTS/mvsa-mts-1000/train.tsv ---------------
Time taken to load Datasets/MVSA-MTS/mvsa-mts-1000/train.tsv: 3.00 seconds (0.05 minutes)
The number of problematic samples: 69
-------------- Loading Datasets/MVSA-MTS/mvsa-mts-1000/val.tsv ---------------
Time taken to load Datasets/MVSA-MTS/mvsa-mts-1000/val.tsv: 0.37 seconds (0.01 minutes)
The number of problematic samples: 10
-------------- Loading Datasets/MVSA-MTS/mvsa-mts-1000/test.tsv ---------------
Time taken to load Datasets/MVSA-MTS/mvsa-mts-1000/test.tsv: 0.37 seconds (0.01 minutes)
The number of problematic samples: 6
Total Training Samples: 1000
Number of Training Samples: 800
Number of Development Samples: 100
Number of Test Samples: 100
Number of unique sentiment classes: 3
Building model
Initialized MFCCHFUSION with dimensions:
text_dim: 768
resnet_dim: 2048
densenet_dim: 1024
n_trainable_params: 360217603, n_nontrainable_params: 0
>>>>>>>>>>>>>>>>>>>>>>>>>>>>>>>>>>>>>>>>>>>>>>>>>>>>>>>>>>>>>>>>>>>>>>>>>>>>>>>>>>>>>>>>>>>>>>>>>>>>
epoch: 0
Batch size: 64, Sequence length: 1, Embed dim: 768
k shape before repeat: torch.Size([64, 1, 768])
kx shape after repeat and view: torch.Size([8, 64, 768])
Batch size: 64, Sequence length: 1, Embed dim: 768
k shape before repeat: torch.Size([64, 1, 768])
kx shape after repeat and view: torch.Size([8, 64, 768])
Batch size: 64, Sequence length: 1, Embed dim: 2048
k shape before repeat: torch.Size([64, 1, 2048])
kx shape after repeat and view: torch.Size([8, 64, 2048])
Batch size: 64, Sequence length: 1, Embed dim: 1024
k shape before repeat: torch.Size([64, 1, 1024])
kx shape after repeat and view: torch.Size([8, 64, 1024])
text_proj shape: torch.Size([64, 1024])
resnet_proj shape: torch.Size([64, 1024])
topic_proj shape: torch.Size([64, 1024])
densenet_proj shape: torch.Size([64, 1024])
