Some weights of RobertaModel were not initialized from the model checkpoint at roberta-base and are newly initialized: ['roberta.pooler.dense.bias', 'roberta.pooler.dense.weight']
You should probably TRAIN this model on a down-stream task to be able to use it for predictions and inference.
Traceback (most recent call last):
  File "/home/rgg2706/Multimodal-Sentiment-Analysis/Models/HHMAFM/src/train.py", line 78, in <module>
    ins.run()
  File "/home/rgg2706/Multimodal-Sentiment-Analysis/Models/HHMAFM/src/instructor.py", line 144, in run
    outputs = self.model(roberta_text_features, roberta_topic_features, 
              ^^^^^^^^^^^^^^^^^^^^^^^^^^^^^^^^^^^^^^^^^^^^^^^^^^^^^^^^^
  File "/.autofs/tools/spack/var/spack/environments/default-nlp-x86_64-24072401/.spack-env/view/lib/python3.11/site-packages/torch/nn/modules/module.py", line 1518, in _wrapped_call_impl
    return self._call_impl(*args, **kwargs)
           ^^^^^^^^^^^^^^^^^^^^^^^^^^^^^^^^
  File "/.autofs/tools/spack/var/spack/environments/default-nlp-x86_64-24072401/.spack-env/view/lib/python3.11/site-packages/torch/nn/modules/module.py", line 1527, in _call_impl
    return forward_call(*args, **kwargs)
           ^^^^^^^^^^^^^^^^^^^^^^^^^^^^^
  File "/home/rgg2706/Multimodal-Sentiment-Analysis/Models/HHMAFM/src/models/mfcchfusion.py", line 147, in forward
    co_attended_text_resnet_out1, co_attended_text_resnet_out2, _, _ = self.co_attention_text_resnet(
                                                                       ^^^^^^^^^^^^^^^^^^^^^^^^^^^^^
  File "/.autofs/tools/spack/var/spack/environments/default-nlp-x86_64-24072401/.spack-env/view/lib/python3.11/site-packages/torch/nn/modules/module.py", line 1695, in __getattr__
    raise AttributeError(f"'{type(self).__name__}' object has no attribute '{name}'")
AttributeError: 'MFCCHFUSION' object has no attribute 'co_attention_text_resnet'. Did you mean: 'cross_attention_text_resnet'?
