HHMAFM_mfcchfusion4_mvsa-mts-oversampled_lr0.0001_dr0.2
SLURM Job ID: 19424999
Number of GPUs available: 2
Logs directory: /home/rgg2706/Multimodal-Sentiment-Analysis/Logs/HHMAFM/2024-11-12/sub-1/008_Nov-12-2024_12:00_AM
> training arguments:
>>> rand_seed: 8
>>> model_fusion: mfcchfusion4
>>> dataset: mvsa-mts-oversampled
>>> optimizer: <class 'torch.optim.adam.Adam'>
>>> initializer: <function xavier_uniform_ at 0x7fef4eacd620>
>>> learning_rate: 0.0001
>>> dropout_rate: 0.2
>>> weight_decay: 0.0
>>> num_epoch: 40
>>> batch_size: 128
>>> log_step: 60
>>> max_seq_len: 64
>>> polarities_dim: 3
>>> clip_grad: 5.0
>>> path_image: ./Datasets/MVSA-MTS/images-indexed
>>> crop_size: 224
>>> n_head: 8
>>> hidden_dim: 1024
>>> num_classes: 3
>>> log_dir: /home/rgg2706/Multimodal-Sentiment-Analysis/Logs/HHMAFM/2024-11-12/sub-1/008_Nov-12-2024_12:00_AM
>>> model_class: <class 'models.mfcchfusion4.MFCCHFUSION4'>
Preparing mvsa-mts-oversampled dataset...
-------------- Loading Datasets/MVSA-MTS/mvsa-mts-oversampled/train.tsv ---------------
Time taken to load Datasets/MVSA-MTS/mvsa-mts-oversampled/train.tsv: 242.35 seconds (4.04 minutes)
The number of problematic samples: 900
-------------- Loading Datasets/MVSA-MTS/mvsa-mts-oversampled/val.tsv ---------------
Time taken to load Datasets/MVSA-MTS/mvsa-mts-oversampled/val.tsv: 70.07 seconds (1.17 minutes)
The number of problematic samples: 325
-------------- Loading Datasets/MVSA-MTS/mvsa-mts-oversampled/test.tsv ---------------
Time taken to load Datasets/MVSA-MTS/mvsa-mts-oversampled/test.tsv: 80.78 seconds (1.35 minutes)
The number of problematic samples: 296
Total Training Samples: 36108
Number of Training Samples: 21664
Number of Development Samples: 7222
Number of Test Samples: 7222
Number of unique sentiment classes: 3
Building model
Using 2 GPUs
n_trainable_params: 360213763, n_nontrainable_params: 0
No weight decay
>>>>>>>>>>>>>>>>>>>>>>>>>>>>>>>>>>>>>>>>>>>>>>>>>>>>>>>>>>>>>>>>>>>>>>>>>>>>>>>>>>>>>>>>>>>>>>>>>>>>
epoch: 0
Batch 0 completed in 4.11 seconds (0.07 minutes)
New best dev_f1: 0.171584 (previous best: 0.000000)
loss: 1.286896, dev_acc: 33.59% (0.335918), dev_f1: 17.16% (0.171584), test_acc: 34.28% (0.342841), test_f1: 17.10% (0.171025)
Batch 60 completed in 1.51 seconds (0.03 minutes)
New best dev_f1: 0.495264 (previous best: 0.171584)
loss: 1.200446, dev_acc: 49.72% (0.497231), dev_f1: 49.53% (0.495264), test_acc: 49.27% (0.492661), test_f1: 49.14% (0.491406)
Batch 120 completed in 1.51 seconds (0.03 minutes)
New best dev_f1: 0.524397 (previous best: 0.495264)
loss: 1.110063, dev_acc: 54.00% (0.540017), dev_f1: 52.44% (0.524397), test_acc: 52.85% (0.528524), test_f1: 51.15% (0.511518)
Epoch 0 completed in 571.81 seconds (9.53 minutes)
>>>>>>>>>>>>>>>>>>>>>>>>>>>>>>>>>>>>>>>>>>>>>>>>>>>>>>>>>>>>>>>>>>>>>>>>>>>>>>>>>>>>>>>>>>>>>>>>>>>>
epoch: 1
Batch 0 completed in 1.55 seconds (0.03 minutes)
loss: 0.930472, dev_acc: 52.55% (0.525478), dev_f1: 52.08% (0.520836), test_acc: 51.51% (0.515093), test_f1: 50.82% (0.508244)
Batch 60 completed in 1.54 seconds (0.03 minutes)
New best dev_f1: 0.534612 (previous best: 0.524397)
loss: 0.761921, dev_acc: 54.64% (0.546386), dev_f1: 53.46% (0.534612), test_acc: 54.22% (0.542232), test_f1: 53.05% (0.530548)
Batch 120 completed in 1.51 seconds (0.03 minutes)
loss: 0.910817, dev_acc: 54.44% (0.544448), dev_f1: 51.30% (0.513015), test_acc: 53.77% (0.537663), test_f1: 50.51% (0.505055)
Epoch 1 completed in 582.33 seconds (9.71 minutes)
>>>>>>>>>>>>>>>>>>>>>>>>>>>>>>>>>>>>>>>>>>>>>>>>>>>>>>>>>>>>>>>>>>>>>>>>>>>>>>>>>>>>>>>>>>>>>>>>>>>>
epoch: 2
Batch 0 completed in 1.51 seconds (0.03 minutes)
loss: 0.850899, dev_acc: 53.60% (0.536001), dev_f1: 49.89% (0.498906), test_acc: 53.90% (0.539047), test_f1: 50.19% (0.501922)
Batch 60 completed in 1.52 seconds (0.03 minutes)
loss: 1.183255, dev_acc: 51.32% (0.513154), dev_f1: 50.24% (0.502379), test_acc: 51.01% (0.510108), test_f1: 49.93% (0.499321)
Batch 120 completed in 1.56 seconds (0.03 minutes)
New best dev_f1: 0.558015 (previous best: 0.534612)
loss: 1.026802, dev_acc: 57.64% (0.576433), dev_f1: 55.80% (0.558015), test_acc: 56.41% (0.564110), test_f1: 54.66% (0.546589)
Epoch 2 completed in 581.78 seconds (9.70 minutes)
>>>>>>>>>>>>>>>>>>>>>>>>>>>>>>>>>>>>>>>>>>>>>>>>>>>>>>>>>>>>>>>>>>>>>>>>>>>>>>>>>>>>>>>>>>>>>>>>>>>>
epoch: 3
Batch 0 completed in 1.59 seconds (0.03 minutes)
loss: 0.855113, dev_acc: 54.44% (0.544448), dev_f1: 54.43% (0.544268), test_acc: 54.31% (0.543063), test_f1: 54.24% (0.542381)
Batch 60 completed in 1.55 seconds (0.03 minutes)
loss: 0.839144, dev_acc: 51.27% (0.512739), dev_f1: 50.14% (0.501444), test_acc: 51.84% (0.518416), test_f1: 50.56% (0.505649)
Batch 120 completed in 1.52 seconds (0.03 minutes)
New best dev_f1: 0.572145 (previous best: 0.558015)
loss: 0.819163, dev_acc: 58.81% (0.588064), dev_f1: 57.21% (0.572145), test_acc: 57.46% (0.574633), test_f1: 55.85% (0.558454)
Epoch 3 completed in 586.22 seconds (9.77 minutes)
>>>>>>>>>>>>>>>>>>>>>>>>>>>>>>>>>>>>>>>>>>>>>>>>>>>>>>>>>>>>>>>>>>>>>>>>>>>>>>>>>>>>>>>>>>>>>>>>>>>>
epoch: 4
Batch 0 completed in 1.52 seconds (0.03 minutes)
loss: 0.858956, dev_acc: 54.17% (0.541678), dev_f1: 54.00% (0.540046), test_acc: 54.11% (0.541124), test_f1: 53.94% (0.539440)
Batch 60 completed in 1.52 seconds (0.03 minutes)
loss: 1.015689, dev_acc: 55.40% (0.554002), dev_f1: 48.65% (0.486452), test_acc: 56.11% (0.561063), test_f1: 49.64% (0.496387)
Batch 120 completed in 1.51 seconds (0.03 minutes)
loss: 0.672589, dev_acc: 58.63% (0.586264), dev_f1: 54.89% (0.548868), test_acc: 58.16% (0.581556), test_f1: 54.61% (0.546136)
Epoch 4 completed in 587.68 seconds (9.79 minutes)
>>>>>>>>>>>>>>>>>>>>>>>>>>>>>>>>>>>>>>>>>>>>>>>>>>>>>>>>>>>>>>>>>>>>>>>>>>>>>>>>>>>>>>>>>>>>>>>>>>>>
epoch: 5
Batch 0 completed in 1.55 seconds (0.03 minutes)
loss: 0.856939, dev_acc: 54.32% (0.543201), dev_f1: 54.68% (0.546755), test_acc: 54.46% (0.544586), test_f1: 54.71% (0.547076)
Batch 60 completed in 1.53 seconds (0.03 minutes)
loss: 0.749700, dev_acc: 58.65% (0.586541), dev_f1: 56.92% (0.569155), test_acc: 58.20% (0.581972), test_f1: 56.43% (0.564340)
Batch 120 completed in 1.55 seconds (0.03 minutes)
New best dev_f1: 0.573142 (previous best: 0.572145)
loss: 0.888947, dev_acc: 58.81% (0.588064), dev_f1: 57.31% (0.573142), test_acc: 58.43% (0.584326), test_f1: 57.02% (0.570208)
Epoch 5 completed in 586.91 seconds (9.78 minutes)
>>>>>>>>>>>>>>>>>>>>>>>>>>>>>>>>>>>>>>>>>>>>>>>>>>>>>>>>>>>>>>>>>>>>>>>>>>>>>>>>>>>>>>>>>>>>>>>>>>>>
epoch: 6
Batch 0 completed in 1.55 seconds (0.03 minutes)
loss: 0.866779, dev_acc: 54.94% (0.549432), dev_f1: 49.99% (0.499867), test_acc: 54.29% (0.542924), test_f1: 49.59% (0.495894)
Batch 60 completed in 1.54 seconds (0.03 minutes)
loss: 0.827962, dev_acc: 57.64% (0.576433), dev_f1: 54.58% (0.545819), test_acc: 56.88% (0.568818), test_f1: 53.72% (0.537186)
Batch 120 completed in 1.54 seconds (0.03 minutes)
New best dev_f1: 0.577905 (previous best: 0.573142)
loss: 0.828507, dev_acc: 57.31% (0.573110), dev_f1: 57.79% (0.577905), test_acc: 56.80% (0.567987), test_f1: 57.23% (0.572337)
Epoch 6 completed in 585.70 seconds (9.76 minutes)
>>>>>>>>>>>>>>>>>>>>>>>>>>>>>>>>>>>>>>>>>>>>>>>>>>>>>>>>>>>>>>>>>>>>>>>>>>>>>>>>>>>>>>>>>>>>>>>>>>>>
epoch: 7
Batch 0 completed in 1.52 seconds (0.03 minutes)
loss: 0.730774, dev_acc: 59.22% (0.592218), dev_f1: 57.65% (0.576508), test_acc: 58.04% (0.580449), test_f1: 56.50% (0.564980)
Batch 60 completed in 1.52 seconds (0.03 minutes)
loss: 0.898475, dev_acc: 54.47% (0.544724), dev_f1: 51.02% (0.510183), test_acc: 54.90% (0.549017), test_f1: 51.56% (0.515562)
Batch 120 completed in 1.57 seconds (0.03 minutes)
New best dev_f1: 0.581254 (previous best: 0.577905)
loss: 0.978359, dev_acc: 58.61% (0.586126), dev_f1: 58.13% (0.581254), test_acc: 59.06% (0.590557), test_f1: 58.55% (0.585537)
Epoch 7 completed in 588.16 seconds (9.80 minutes)
>>>>>>>>>>>>>>>>>>>>>>>>>>>>>>>>>>>>>>>>>>>>>>>>>>>>>>>>>>>>>>>>>>>>>>>>>>>>>>>>>>>>>>>>>>>>>>>>>>>>
epoch: 8
Batch 0 completed in 1.55 seconds (0.03 minutes)
loss: 0.907996, dev_acc: 55.59% (0.555940), dev_f1: 54.36% (0.543629), test_acc: 56.00% (0.559956), test_f1: 54.81% (0.548088)
Batch 60 completed in 1.51 seconds (0.03 minutes)
loss: 0.931706, dev_acc: 56.09% (0.560925), dev_f1: 50.87% (0.508702), test_acc: 55.36% (0.553586), test_f1: 50.18% (0.501830)
Batch 120 completed in 1.52 seconds (0.03 minutes)
New best dev_f1: 0.592688 (previous best: 0.581254)
loss: 0.741837, dev_acc: 59.54% (0.595403), dev_f1: 59.27% (0.592688), test_acc: 59.89% (0.598865), test_f1: 59.58% (0.595833)
Epoch 8 completed in 586.35 seconds (9.77 minutes)
>>>>>>>>>>>>>>>>>>>>>>>>>>>>>>>>>>>>>>>>>>>>>>>>>>>>>>>>>>>>>>>>>>>>>>>>>>>>>>>>>>>>>>>>>>>>>>>>>>>>
epoch: 9
Batch 0 completed in 1.52 seconds (0.03 minutes)
loss: 0.809584, dev_acc: 59.57% (0.595680), dev_f1: 59.20% (0.591958), test_acc: 60.19% (0.601911), test_f1: 59.83% (0.598283)
Batch 60 completed in 1.51 seconds (0.03 minutes)
New best dev_f1: 0.596431 (previous best: 0.592688)
loss: 0.839441, dev_acc: 59.90% (0.599003), dev_f1: 59.64% (0.596431), test_acc: 59.19% (0.591941), test_f1: 58.91% (0.589098)
Batch 120 completed in 1.58 seconds (0.03 minutes)
New best dev_f1: 0.600337 (previous best: 0.596431)
loss: 1.065483, dev_acc: 60.54% (0.605372), dev_f1: 60.03% (0.600337), test_acc: 60.41% (0.604126), test_f1: 59.96% (0.599602)
Epoch 9 completed in 587.30 seconds (9.79 minutes)
>>>>>>>>>>>>>>>>>>>>>>>>>>>>>>>>>>>>>>>>>>>>>>>>>>>>>>>>>>>>>>>>>>>>>>>>>>>>>>>>>>>>>>>>>>>>>>>>>>>>
epoch: 10
Batch 0 completed in 1.57 seconds (0.03 minutes)
New best dev_f1: 0.606196 (previous best: 0.600337)
loss: 0.746950, dev_acc: 60.58% (0.605788), dev_f1: 60.62% (0.606196), test_acc: 60.61% (0.606065), test_f1: 60.67% (0.606730)
Batch 60 completed in 1.52 seconds (0.03 minutes)
loss: 0.920551, dev_acc: 53.82% (0.538217), dev_f1: 53.51% (0.535064), test_acc: 55.18% (0.551786), test_f1: 54.86% (0.548642)
Batch 120 completed in 1.55 seconds (0.03 minutes)
loss: 0.894744, dev_acc: 58.43% (0.584326), dev_f1: 57.46% (0.574562), test_acc: 58.58% (0.585849), test_f1: 57.64% (0.576399)
Epoch 10 completed in 587.35 seconds (9.79 minutes)
>>>>>>>>>>>>>>>>>>>>>>>>>>>>>>>>>>>>>>>>>>>>>>>>>>>>>>>>>>>>>>>>>>>>>>>>>>>>>>>>>>>>>>>>>>>>>>>>>>>>
epoch: 11
Batch 0 completed in 1.56 seconds (0.03 minutes)
loss: 0.678511, dev_acc: 59.24% (0.592357), dev_f1: 58.08% (0.580836), test_acc: 59.47% (0.594711), test_f1: 58.41% (0.584082)
Batch 60 completed in 1.58 seconds (0.03 minutes)
loss: 0.738780, dev_acc: 58.16% (0.581556), dev_f1: 56.56% (0.565586), test_acc: 58.14% (0.581418), test_f1: 56.52% (0.565242)
Batch 120 completed in 1.56 seconds (0.03 minutes)
loss: 0.790555, dev_acc: 59.39% (0.593880), dev_f1: 59.34% (0.593438), test_acc: 59.73% (0.597341), test_f1: 59.71% (0.597095)
Epoch 11 completed in 587.83 seconds (9.80 minutes)
>>>>>>>>>>>>>>>>>>>>>>>>>>>>>>>>>>>>>>>>>>>>>>>>>>>>>>>>>>>>>>>>>>>>>>>>>>>>>>>>>>>>>>>>>>>>>>>>>>>>
epoch: 12
Batch 0 completed in 1.52 seconds (0.03 minutes)
loss: 0.832720, dev_acc: 58.86% (0.588618), dev_f1: 58.05% (0.580504), test_acc: 59.06% (0.590557), test_f1: 58.21% (0.582060)
Batch 60 completed in 1.57 seconds (0.03 minutes)
loss: 0.801339, dev_acc: 56.58% (0.565771), dev_f1: 56.81% (0.568145), test_acc: 56.84% (0.568402), test_f1: 57.00% (0.569998)
Batch 120 completed in 1.52 seconds (0.03 minutes)
loss: 0.768101, dev_acc: 59.60% (0.595957), dev_f1: 58.84% (0.588358), test_acc: 59.50% (0.594988), test_f1: 58.69% (0.586919)
Epoch 12 completed in 586.51 seconds (9.78 minutes)
>>>>>>>>>>>>>>>>>>>>>>>>>>>>>>>>>>>>>>>>>>>>>>>>>>>>>>>>>>>>>>>>>>>>>>>>>>>>>>>>>>>>>>>>>>>>>>>>>>>>
epoch: 13
Batch 0 completed in 1.52 seconds (0.03 minutes)
loss: 0.677995, dev_acc: 59.25% (0.592495), dev_f1: 59.54% (0.595423), test_acc: 59.86% (0.598588), test_f1: 60.13% (0.601348)
Batch 60 completed in 1.58 seconds (0.03 minutes)
loss: 0.752634, dev_acc: 59.69% (0.596926), dev_f1: 58.17% (0.581731), test_acc: 59.57% (0.595680), test_f1: 58.10% (0.581022)
Batch 120 completed in 1.55 seconds (0.03 minutes)
loss: 0.872226, dev_acc: 58.31% (0.583079), dev_f1: 58.75% (0.587483), test_acc: 58.99% (0.589864), test_f1: 59.46% (0.594647)
Epoch 13 completed in 586.97 seconds (9.78 minutes)
>>>>>>>>>>>>>>>>>>>>>>>>>>>>>>>>>>>>>>>>>>>>>>>>>>>>>>>>>>>>>>>>>>>>>>>>>>>>>>>>>>>>>>>>>>>>>>>>>>>>
epoch: 14
Batch 0 completed in 1.52 seconds (0.03 minutes)
loss: 0.708105, dev_acc: 52.69% (0.526862), dev_f1: 52.02% (0.520163), test_acc: 52.34% (0.523401), test_f1: 51.71% (0.517074)
Batch 60 completed in 1.55 seconds (0.03 minutes)
loss: 0.629237, dev_acc: 58.16% (0.581556), dev_f1: 58.64% (0.586402), test_acc: 58.38% (0.583772), test_f1: 58.83% (0.588313)
Batch 120 completed in 1.58 seconds (0.03 minutes)
loss: 0.751000, dev_acc: 59.69% (0.596926), dev_f1: 59.26% (0.592645), test_acc: 60.27% (0.602742), test_f1: 59.82% (0.598173)
Epoch 14 completed in 586.99 seconds (9.78 minutes)
>>>>>>>>>>>>>>>>>>>>>>>>>>>>>>>>>>>>>>>>>>>>>>>>>>>>>>>>>>>>>>>>>>>>>>>>>>>>>>>>>>>>>>>>>>>>>>>>>>>>
epoch: 15
Batch 0 completed in 1.55 seconds (0.03 minutes)
loss: 0.694251, dev_acc: 59.75% (0.597480), dev_f1: 60.00% (0.599974), test_acc: 59.00% (0.590003), test_f1: 59.27% (0.592651)
Batch 60 completed in 1.52 seconds (0.03 minutes)
loss: 0.658448, dev_acc: 60.12% (0.601218), dev_f1: 59.88% (0.598793), test_acc: 60.58% (0.605788), test_f1: 60.29% (0.602854)
Batch 120 completed in 1.56 seconds (0.03 minutes)
New best dev_f1: 0.606424 (previous best: 0.606196)
loss: 0.891566, dev_acc: 60.59% (0.605926), dev_f1: 60.64% (0.606424), test_acc: 60.14% (0.601357), test_f1: 60.20% (0.602008)
Epoch 15 completed in 586.26 seconds (9.77 minutes)
>>>>>>>>>>>>>>>>>>>>>>>>>>>>>>>>>>>>>>>>>>>>>>>>>>>>>>>>>>>>>>>>>>>>>>>>>>>>>>>>>>>>>>>>>>>>>>>>>>>>
epoch: 16
Batch 0 completed in 1.55 seconds (0.03 minutes)
loss: 0.817075, dev_acc: 59.62% (0.596234), dev_f1: 59.13% (0.591272), test_acc: 60.34% (0.603434), test_f1: 59.94% (0.599400)
Batch 60 completed in 1.57 seconds (0.03 minutes)
loss: 0.904807, dev_acc: 56.55% (0.565494), dev_f1: 56.84% (0.568368), test_acc: 56.80% (0.567987), test_f1: 57.02% (0.570214)
Batch 120 completed in 1.52 seconds (0.03 minutes)
loss: 0.830159, dev_acc: 59.44% (0.594434), dev_f1: 59.07% (0.590713), test_acc: 59.17% (0.591664), test_f1: 58.94% (0.589415)
Epoch 16 completed in 585.83 seconds (9.76 minutes)
>>>>>>>>>>>>>>>>>>>>>>>>>>>>>>>>>>>>>>>>>>>>>>>>>>>>>>>>>>>>>>>>>>>>>>>>>>>>>>>>>>>>>>>>>>>>>>>>>>>>
epoch: 17
Batch 0 completed in 1.52 seconds (0.03 minutes)
loss: 0.667571, dev_acc: 59.07% (0.590695), dev_f1: 58.91% (0.589149), test_acc: 59.64% (0.596372), test_f1: 59.42% (0.594230)
Batch 60 completed in 1.53 seconds (0.03 minutes)
loss: 0.826284, dev_acc: 60.05% (0.600526), dev_f1: 57.18% (0.571797), test_acc: 59.04% (0.590418), test_f1: 56.18% (0.561797)
Batch 120 completed in 1.54 seconds (0.03 minutes)
loss: 0.853802, dev_acc: 56.41% (0.564110), dev_f1: 53.93% (0.539344), test_acc: 56.60% (0.566048), test_f1: 54.13% (0.541255)
Epoch 17 completed in 586.94 seconds (9.78 minutes)
>>>>>>>>>>>>>>>>>>>>>>>>>>>>>>>>>>>>>>>>>>>>>>>>>>>>>>>>>>>>>>>>>>>>>>>>>>>>>>>>>>>>>>>>>>>>>>>>>>>>
epoch: 18
Batch 0 completed in 1.58 seconds (0.03 minutes)
loss: 0.678800, dev_acc: 60.59% (0.605926), dev_f1: 58.16% (0.581644), test_acc: 60.18% (0.601772), test_f1: 57.77% (0.577674)
Batch 60 completed in 1.52 seconds (0.03 minutes)
loss: 0.798105, dev_acc: 59.43% (0.594295), dev_f1: 59.30% (0.592961), test_acc: 59.80% (0.598034), test_f1: 59.66% (0.596633)
Batch 120 completed in 1.55 seconds (0.03 minutes)
New best dev_f1: 0.609743 (previous best: 0.606424)
loss: 0.693189, dev_acc: 60.61% (0.606065), dev_f1: 60.97% (0.609743), test_acc: 61.13% (0.611327), test_f1: 61.45% (0.614496)
Epoch 18 completed in 585.90 seconds (9.76 minutes)
>>>>>>>>>>>>>>>>>>>>>>>>>>>>>>>>>>>>>>>>>>>>>>>>>>>>>>>>>>>>>>>>>>>>>>>>>>>>>>>>>>>>>>>>>>>>>>>>>>>>
epoch: 19
Batch 0 completed in 1.52 seconds (0.03 minutes)
loss: 0.938284, dev_acc: 58.49% (0.584880), dev_f1: 55.51% (0.555092), test_acc: 57.91% (0.579064), test_f1: 54.90% (0.548989)
Batch 60 completed in 1.57 seconds (0.03 minutes)
loss: 0.667923, dev_acc: 60.66% (0.606619), dev_f1: 59.65% (0.596550), test_acc: 60.16% (0.601634), test_f1: 59.17% (0.591652)
Batch 120 completed in 1.55 seconds (0.03 minutes)
loss: 0.709773, dev_acc: 60.36% (0.603572), dev_f1: 59.93% (0.599330), test_acc: 60.84% (0.608419), test_f1: 60.38% (0.603791)
Epoch 19 completed in 588.14 seconds (9.80 minutes)
>>>>>>>>>>>>>>>>>>>>>>>>>>>>>>>>>>>>>>>>>>>>>>>>>>>>>>>>>>>>>>>>>>>>>>>>>>>>>>>>>>>>>>>>>>>>>>>>>>>>
epoch: 20
Batch 0 completed in 1.53 seconds (0.03 minutes)
loss: 0.786109, dev_acc: 61.09% (0.610911), dev_f1: 59.63% (0.596334), test_acc: 60.54% (0.605372), test_f1: 59.11% (0.591107)
Batch 60 completed in 1.61 seconds (0.03 minutes)
loss: 0.764193, dev_acc: 59.08% (0.590834), dev_f1: 59.56% (0.595625), test_acc: 60.19% (0.601911), test_f1: 60.68% (0.606776)
Batch 120 completed in 1.52 seconds (0.03 minutes)
loss: 0.718799, dev_acc: 59.48% (0.594849), dev_f1: 59.57% (0.595732), test_acc: 59.33% (0.593326), test_f1: 59.38% (0.593805)
Epoch 20 completed in 585.22 seconds (9.75 minutes)
>>>>>>>>>>>>>>>>>>>>>>>>>>>>>>>>>>>>>>>>>>>>>>>>>>>>>>>>>>>>>>>>>>>>>>>>>>>>>>>>>>>>>>>>>>>>>>>>>>>>
epoch: 21
Batch 0 completed in 1.51 seconds (0.03 minutes)
loss: 0.776371, dev_acc: 59.87% (0.598726), dev_f1: 57.95% (0.579470), test_acc: 60.68% (0.606757), test_f1: 58.83% (0.588281)
Batch 60 completed in 1.51 seconds (0.03 minutes)
loss: 0.866037, dev_acc: 59.54% (0.595403), dev_f1: 59.50% (0.594965), test_acc: 60.00% (0.599972), test_f1: 59.96% (0.599622)
Batch 120 completed in 1.56 seconds (0.03 minutes)
loss: 0.598736, dev_acc: 60.84% (0.608419), dev_f1: 60.91% (0.609120), test_acc: 61.91% (0.619081), test_f1: 61.94% (0.619357)
Epoch 21 completed in 586.98 seconds (9.78 minutes)
>>>>>>>>>>>>>>>>>>>>>>>>>>>>>>>>>>>>>>>>>>>>>>>>>>>>>>>>>>>>>>>>>>>>>>>>>>>>>>>>>>>>>>>>>>>>>>>>>>>>
epoch: 22
Batch 0 completed in 1.52 seconds (0.03 minutes)
New best dev_f1: 0.611252 (previous best: 0.609743)
loss: 0.726787, dev_acc: 61.73% (0.617281), dev_f1: 61.13% (0.611252), test_acc: 61.16% (0.611603), test_f1: 60.55% (0.605542)
Batch 60 completed in 1.53 seconds (0.03 minutes)
loss: 1.012407, dev_acc: 57.92% (0.579202), dev_f1: 56.55% (0.565463), test_acc: 57.39% (0.573941), test_f1: 56.06% (0.560614)
Batch 120 completed in 1.54 seconds (0.03 minutes)
loss: 0.689131, dev_acc: 59.73% (0.597341), dev_f1: 58.21% (0.582105), test_acc: 59.94% (0.599418), test_f1: 58.44% (0.584411)
Epoch 22 completed in 585.31 seconds (9.76 minutes)
>>>>>>>>>>>>>>>>>>>>>>>>>>>>>>>>>>>>>>>>>>>>>>>>>>>>>>>>>>>>>>>>>>>>>>>>>>>>>>>>>>>>>>>>>>>>>>>>>>>>
epoch: 23
Batch 0 completed in 1.52 seconds (0.03 minutes)
loss: 0.719117, dev_acc: 58.72% (0.587233), dev_f1: 58.77% (0.587664), test_acc: 59.91% (0.599142), test_f1: 59.91% (0.599062)
Batch 60 completed in 1.52 seconds (0.03 minutes)
loss: 0.710103, dev_acc: 55.70% (0.557048), dev_f1: 55.56% (0.555650), test_acc: 56.63% (0.566325), test_f1: 56.53% (0.565278)
Batch 120 completed in 1.52 seconds (0.03 minutes)
loss: 0.744520, dev_acc: 60.20% (0.602049), dev_f1: 60.53% (0.605342), test_acc: 60.02% (0.600249), test_f1: 60.35% (0.603498)
Epoch 23 completed in 584.47 seconds (9.74 minutes)
>>>>>>>>>>>>>>>>>>>>>>>>>>>>>>>>>>>>>>>>>>>>>>>>>>>>>>>>>>>>>>>>>>>>>>>>>>>>>>>>>>>>>>>>>>>>>>>>>>>>
epoch: 24
Batch 0 completed in 1.52 seconds (0.03 minutes)
loss: 0.754098, dev_acc: 59.21% (0.592080), dev_f1: 59.60% (0.596029), test_acc: 60.20% (0.602049), test_f1: 60.64% (0.606400)
Batch 60 completed in 1.52 seconds (0.03 minutes)
loss: 0.706042, dev_acc: 56.83% (0.568264), dev_f1: 54.11% (0.541131), test_acc: 57.74% (0.577402), test_f1: 55.09% (0.550895)
Batch 120 completed in 1.52 seconds (0.03 minutes)
loss: 0.753825, dev_acc: 60.41% (0.604126), dev_f1: 59.61% (0.596079), test_acc: 61.23% (0.612296), test_f1: 60.50% (0.604973)
Epoch 24 completed in 587.14 seconds (9.79 minutes)
>>>>>>>>>>>>>>>>>>>>>>>>>>>>>>>>>>>>>>>>>>>>>>>>>>>>>>>>>>>>>>>>>>>>>>>>>>>>>>>>>>>>>>>>>>>>>>>>>>>>
epoch: 25
Batch 0 completed in 1.53 seconds (0.03 minutes)
loss: 0.761060, dev_acc: 59.93% (0.599280), dev_f1: 59.33% (0.593270), test_acc: 61.04% (0.610357), test_f1: 60.46% (0.604561)
Batch 60 completed in 1.52 seconds (0.03 minutes)
loss: 0.571915, dev_acc: 58.63% (0.586264), dev_f1: 58.98% (0.589764), test_acc: 59.93% (0.599280), test_f1: 60.28% (0.602776)
Batch 120 completed in 1.57 seconds (0.03 minutes)
loss: 0.705142, dev_acc: 56.80% (0.567987), dev_f1: 57.03% (0.570254), test_acc: 56.92% (0.569233), test_f1: 57.20% (0.572041)
Epoch 25 completed in 586.61 seconds (9.78 minutes)
>>>>>>>>>>>>>>>>>>>>>>>>>>>>>>>>>>>>>>>>>>>>>>>>>>>>>>>>>>>>>>>>>>>>>>>>>>>>>>>>>>>>>>>>>>>>>>>>>>>>
epoch: 26
Batch 0 completed in 1.52 seconds (0.03 minutes)
loss: 0.614990, dev_acc: 60.62% (0.606203), dev_f1: 60.09% (0.600875), test_acc: 60.58% (0.605788), test_f1: 60.10% (0.601047)
Batch 60 completed in 1.54 seconds (0.03 minutes)
loss: 0.726370, dev_acc: 59.83% (0.598311), dev_f1: 58.04% (0.580352), test_acc: 60.74% (0.607449), test_f1: 59.02% (0.590189)
Batch 120 completed in 1.61 seconds (0.03 minutes)
loss: 0.893639, dev_acc: 59.72% (0.597203), dev_f1: 60.11% (0.601069), test_acc: 60.29% (0.602880), test_f1: 60.66% (0.606602)
Epoch 26 completed in 587.22 seconds (9.79 minutes)
>>>>>>>>>>>>>>>>>>>>>>>>>>>>>>>>>>>>>>>>>>>>>>>>>>>>>>>>>>>>>>>>>>>>>>>>>>>>>>>>>>>>>>>>>>>>>>>>>>>>
epoch: 27
Batch 0 completed in 1.55 seconds (0.03 minutes)
loss: 0.747709, dev_acc: 58.75% (0.587510), dev_f1: 56.42% (0.564162), test_acc: 58.65% (0.586541), test_f1: 56.21% (0.562148)
Batch 60 completed in 1.52 seconds (0.03 minutes)
New best dev_f1: 0.613924 (previous best: 0.611252)
loss: 0.665799, dev_acc: 61.46% (0.614650), dev_f1: 61.39% (0.613924), test_acc: 61.69% (0.616865), test_f1: 61.62% (0.616189)
Batch 120 completed in 1.57 seconds (0.03 minutes)
loss: 0.958387, dev_acc: 57.93% (0.579341), dev_f1: 58.21% (0.582123), test_acc: 58.58% (0.585849), test_f1: 58.80% (0.587959)
Epoch 27 completed in 586.26 seconds (9.77 minutes)
>>>>>>>>>>>>>>>>>>>>>>>>>>>>>>>>>>>>>>>>>>>>>>>>>>>>>>>>>>>>>>>>>>>>>>>>>>>>>>>>>>>>>>>>>>>>>>>>>>>>
epoch: 28
Batch 0 completed in 1.98 seconds (0.03 minutes)
loss: 0.628243, dev_acc: 59.35% (0.593464), dev_f1: 58.51% (0.585096), test_acc: 60.38% (0.603849), test_f1: 59.61% (0.596125)
Batch 60 completed in 1.52 seconds (0.03 minutes)
loss: 0.726184, dev_acc: 59.17% (0.591664), dev_f1: 58.04% (0.580426), test_acc: 58.35% (0.583495), test_f1: 57.27% (0.572670)
Batch 120 completed in 2.00 seconds (0.03 minutes)
loss: 0.798675, dev_acc: 56.08% (0.560786), dev_f1: 55.86% (0.558595), test_acc: 55.48% (0.554832), test_f1: 55.41% (0.554147)
Epoch 28 completed in 587.51 seconds (9.79 minutes)
>>>>>>>>>>>>>>>>>>>>>>>>>>>>>>>>>>>>>>>>>>>>>>>>>>>>>>>>>>>>>>>>>>>>>>>>>>>>>>>>>>>>>>>>>>>>>>>>>>>>
epoch: 29
Batch 0 completed in 1.57 seconds (0.03 minutes)
loss: 0.890836, dev_acc: 55.07% (0.550678), dev_f1: 54.84% (0.548361), test_acc: 55.73% (0.557325), test_f1: 55.54% (0.555366)
Batch 60 completed in 2.01 seconds (0.03 minutes)
loss: 0.677364, dev_acc: 60.62% (0.606203), dev_f1: 59.74% (0.597378), test_acc: 60.40% (0.603988), test_f1: 59.67% (0.596686)
Batch 120 completed in 1.58 seconds (0.03 minutes)
loss: 0.658097, dev_acc: 59.76% (0.597618), dev_f1: 60.19% (0.601935), test_acc: 60.45% (0.604542), test_f1: 60.90% (0.609007)
Epoch 29 completed in 587.30 seconds (9.79 minutes)
>>>>>>>>>>>>>>>>>>>>>>>>>>>>>>>>>>>>>>>>>>>>>>>>>>>>>>>>>>>>>>>>>>>>>>>>>>>>>>>>>>>>>>>>>>>>>>>>>>>>
epoch: 30
Batch 0 completed in 1.51 seconds (0.03 minutes)
loss: 0.753114, dev_acc: 60.76% (0.607588), dev_f1: 61.10% (0.611025), test_acc: 60.69% (0.606896), test_f1: 61.00% (0.609980)
Batch 60 completed in 1.96 seconds (0.03 minutes)
loss: 0.707142, dev_acc: 59.08% (0.590834), dev_f1: 59.52% (0.595216), test_acc: 59.76% (0.597618), test_f1: 60.20% (0.602007)
Batch 120 completed in 1.56 seconds (0.03 minutes)
loss: 0.715733, dev_acc: 60.33% (0.603295), dev_f1: 60.58% (0.605849), test_acc: 60.76% (0.607588), test_f1: 60.97% (0.609727)
Epoch 30 completed in 583.81 seconds (9.73 minutes)
>>>>>>>>>>>>>>>>>>>>>>>>>>>>>>>>>>>>>>>>>>>>>>>>>>>>>>>>>>>>>>>>>>>>>>>>>>>>>>>>>>>>>>>>>>>>>>>>>>>>
epoch: 31
Batch 0 completed in 1.52 seconds (0.03 minutes)
loss: 0.849090, dev_acc: 60.18% (0.601772), dev_f1: 59.50% (0.594961), test_acc: 59.76% (0.597618), test_f1: 59.22% (0.592188)
Batch 60 completed in 1.56 seconds (0.03 minutes)
loss: 0.655419, dev_acc: 60.19% (0.601911), dev_f1: 59.65% (0.596462), test_acc: 60.58% (0.605788), test_f1: 60.06% (0.600641)
Batch 120 completed in 1.51 seconds (0.03 minutes)
New best dev_f1: 0.617723 (previous best: 0.613924)
loss: 0.547037, dev_acc: 61.89% (0.618942), dev_f1: 61.77% (0.617723), test_acc: 62.75% (0.627527), test_f1: 62.61% (0.626087)
Epoch 31 completed in 584.00 seconds (9.73 minutes)
>>>>>>>>>>>>>>>>>>>>>>>>>>>>>>>>>>>>>>>>>>>>>>>>>>>>>>>>>>>>>>>>>>>>>>>>>>>>>>>>>>>>>>>>>>>>>>>>>>>>
epoch: 32
Batch 0 completed in 1.57 seconds (0.03 minutes)
loss: 0.620859, dev_acc: 58.75% (0.587510), dev_f1: 59.22% (0.592163), test_acc: 60.07% (0.600665), test_f1: 60.51% (0.605149)
Batch 60 completed in 1.51 seconds (0.03 minutes)
loss: 0.741493, dev_acc: 61.08% (0.610773), dev_f1: 60.87% (0.608656), test_acc: 61.35% (0.613542), test_f1: 61.14% (0.611413)
Batch 120 completed in 1.54 seconds (0.03 minutes)
loss: 0.767209, dev_acc: 58.63% (0.586264), dev_f1: 59.05% (0.590473), test_acc: 59.79% (0.597895), test_f1: 60.20% (0.602022)
Epoch 32 completed in 582.86 seconds (9.71 minutes)
>>>>>>>>>>>>>>>>>>>>>>>>>>>>>>>>>>>>>>>>>>>>>>>>>>>>>>>>>>>>>>>>>>>>>>>>>>>>>>>>>>>>>>>>>>>>>>>>>>>>
epoch: 33
Batch 0 completed in 1.95 seconds (0.03 minutes)
New best dev_f1: 0.620750 (previous best: 0.617723)
loss: 0.641850, dev_acc: 62.46% (0.624619), dev_f1: 62.07% (0.620750), test_acc: 62.99% (0.629881), test_f1: 62.65% (0.626528)
Batch 60 completed in 1.52 seconds (0.03 minutes)
loss: 0.574525, dev_acc: 60.80% (0.608003), dev_f1: 60.16% (0.601608), test_acc: 61.44% (0.614373), test_f1: 60.76% (0.607617)
Batch 120 completed in 1.54 seconds (0.03 minutes)
loss: 0.749252, dev_acc: 60.81% (0.608142), dev_f1: 59.94% (0.599428), test_acc: 61.15% (0.611465), test_f1: 60.28% (0.602757)
Epoch 33 completed in 584.27 seconds (9.74 minutes)
>>>>>>>>>>>>>>>>>>>>>>>>>>>>>>>>>>>>>>>>>>>>>>>>>>>>>>>>>>>>>>>>>>>>>>>>>>>>>>>>>>>>>>>>>>>>>>>>>>>>
epoch: 34
Batch 0 completed in 1.51 seconds (0.03 minutes)
loss: 0.680278, dev_acc: 61.28% (0.612850), dev_f1: 61.30% (0.612989), test_acc: 61.46% (0.614650), test_f1: 61.43% (0.614310)
Batch 60 completed in 1.52 seconds (0.03 minutes)
loss: 0.846778, dev_acc: 61.62% (0.616173), dev_f1: 60.85% (0.608454), test_acc: 61.78% (0.617834), test_f1: 61.09% (0.610948)
Batch 120 completed in 2.03 seconds (0.03 minutes)
loss: 0.676812, dev_acc: 61.56% (0.615619), dev_f1: 59.86% (0.598613), test_acc: 61.35% (0.613542), test_f1: 59.60% (0.596044)
Epoch 34 completed in 583.94 seconds (9.73 minutes)
>>>>>>>>>>>>>>>>>>>>>>>>>>>>>>>>>>>>>>>>>>>>>>>>>>>>>>>>>>>>>>>>>>>>>>>>>>>>>>>>>>>>>>>>>>>>>>>>>>>>
epoch: 35
Batch 0 completed in 1.53 seconds (0.03 minutes)
loss: 0.635930, dev_acc: 61.33% (0.613265), dev_f1: 61.57% (0.615726), test_acc: 62.02% (0.620188), test_f1: 62.25% (0.622501)
Batch 60 completed in 1.51 seconds (0.03 minutes)
loss: 0.755500, dev_acc: 61.41% (0.614096), dev_f1: 60.41% (0.604061), test_acc: 61.35% (0.613542), test_f1: 60.45% (0.604506)
Batch 120 completed in 1.54 seconds (0.03 minutes)
loss: 0.601972, dev_acc: 62.03% (0.620327), dev_f1: 61.89% (0.618929), test_acc: 63.02% (0.630158), test_f1: 62.84% (0.628426)
Epoch 35 completed in 586.24 seconds (9.77 minutes)
>>>>>>>>>>>>>>>>>>>>>>>>>>>>>>>>>>>>>>>>>>>>>>>>>>>>>>>>>>>>>>>>>>>>>>>>>>>>>>>>>>>>>>>>>>>>>>>>>>>>
epoch: 36
Batch 0 completed in 1.52 seconds (0.03 minutes)
loss: 0.725615, dev_acc: 60.05% (0.600526), dev_f1: 60.34% (0.603375), test_acc: 60.40% (0.603988), test_f1: 60.74% (0.607438)
Batch 60 completed in 1.52 seconds (0.03 minutes)
loss: 0.582759, dev_acc: 60.44% (0.604403), dev_f1: 60.46% (0.604566), test_acc: 60.66% (0.606619), test_f1: 60.68% (0.606787)
Batch 120 completed in 1.51 seconds (0.03 minutes)
loss: 0.666394, dev_acc: 60.91% (0.609111), dev_f1: 60.95% (0.609469), test_acc: 61.42% (0.614234), test_f1: 61.47% (0.614683)
Epoch 36 completed in 583.81 seconds (9.73 minutes)
>>>>>>>>>>>>>>>>>>>>>>>>>>>>>>>>>>>>>>>>>>>>>>>>>>>>>>>>>>>>>>>>>>>>>>>>>>>>>>>>>>>>>>>>>>>>>>>>>>>>
epoch: 37
Batch 0 completed in 1.51 seconds (0.03 minutes)
loss: 0.780139, dev_acc: 57.46% (0.574633), dev_f1: 57.92% (0.579175), test_acc: 58.75% (0.587510), test_f1: 59.19% (0.591905)
Batch 60 completed in 1.52 seconds (0.03 minutes)
loss: 0.579542, dev_acc: 59.83% (0.598311), dev_f1: 58.19% (0.581870), test_acc: 60.55% (0.605511), test_f1: 58.90% (0.588955)
Batch 120 completed in 1.51 seconds (0.03 minutes)
loss: 0.649798, dev_acc: 61.95% (0.619496), dev_f1: 61.33% (0.613268), test_acc: 62.14% (0.621435), test_f1: 61.56% (0.615601)
Epoch 37 completed in 583.90 seconds (9.73 minutes)
>>>>>>>>>>>>>>>>>>>>>>>>>>>>>>>>>>>>>>>>>>>>>>>>>>>>>>>>>>>>>>>>>>>>>>>>>>>>>>>>>>>>>>>>>>>>>>>>>>>>
epoch: 38
Batch 0 completed in 1.51 seconds (0.03 minutes)
loss: 0.721260, dev_acc: 54.26% (0.542647), dev_f1: 53.56% (0.535605), test_acc: 54.33% (0.543340), test_f1: 53.71% (0.537135)
Batch 60 completed in 1.51 seconds (0.03 minutes)
loss: 0.595488, dev_acc: 59.76% (0.597618), dev_f1: 60.21% (0.602055), test_acc: 60.59% (0.605926), test_f1: 61.03% (0.610297)
Batch 120 completed in 1.51 seconds (0.03 minutes)
loss: 0.767669, dev_acc: 61.42% (0.614234), dev_f1: 61.30% (0.612985), test_acc: 62.67% (0.626696), test_f1: 62.55% (0.625501)
Epoch 38 completed in 581.14 seconds (9.69 minutes)
>>>>>>>>>>>>>>>>>>>>>>>>>>>>>>>>>>>>>>>>>>>>>>>>>>>>>>>>>>>>>>>>>>>>>>>>>>>>>>>>>>>>>>>>>>>>>>>>>>>>
epoch: 39
Batch 0 completed in 1.53 seconds (0.03 minutes)
loss: 0.676248, dev_acc: 61.15% (0.611465), dev_f1: 61.07% (0.610662), test_acc: 61.10% (0.611050), test_f1: 60.96% (0.609609)
Batch 60 completed in 1.51 seconds (0.03 minutes)
loss: 0.748896, dev_acc: 60.22% (0.602188), dev_f1: 58.27% (0.582675), test_acc: 60.40% (0.603988), test_f1: 58.42% (0.584201)
Batch 120 completed in 1.51 seconds (0.03 minutes)
loss: 0.679774, dev_acc: 61.76% (0.617557), dev_f1: 61.18% (0.611817), test_acc: 61.95% (0.619496), test_f1: 61.36% (0.613560)
Epoch 39 completed in 579.64 seconds (9.66 minutes)
RESULT: Max Dev F1: 0.620750, Max Test F1: 0.626528
Training complete. Generating confusion matrix on the test set.
Confusion matrix saved to /home/rgg2706/Multimodal-Sentiment-Analysis/Logs/HHMAFM/2024-11-12/sub-1/008_Nov-12-2024_12:00_AM/confusion_matrix.png
Reading TensorBoard loss at each epoch:
Available tags: {'images': [], 'audio': [], 'histograms': [], 'scalars': ['Loss/train', 'Loss/val'], 'distributions': [], 'tensors': [], 'graph': False, 'meta_graph': False, 'run_metadata': []}
Output File: /home/rgg2706/Multimodal-Sentiment-Analysis/Logs/HHMAFM/2024-11-12/sub-1/008_Nov-12-2024_12:00_AM/trainval_loss_curves.png
Training and validation loss curves saved to /home/rgg2706/Multimodal-Sentiment-Analysis/Logs/HHMAFM/2024-11-12/sub-1/008_Nov-12-2024_12:00_AM/trainval_loss_curves.png
Total Completion Time: 397.94 minutes. (6.63 hours) 
