Number of GPUs available: 1
Logs directory: /home/rgg2706/Multimodal-Sentiment-Analysis/Logs/HHMAFM/2024-10-19/012_Oct-19-2024_03:01_PM
> training arguments:
>>> rand_seed: 8
>>> model_name: mmfusion
>>> dataset: mvsa-mts-100
>>> optimizer: <class 'torch.optim.adam.Adam'>
>>> initializer: <function xavier_uniform_ at 0x7f478f65da80>
>>> learning_rate: 0.001
>>> dropout_rate: 0.5
>>> num_epoch: 10
>>> batch_size: 64
>>> log_step: 10
>>> max_seq_len: 64
>>> polarities_dim: 3
>>> clip_grad: 5.0
>>> path_image: ./Datasets/MVSA-MTS/images-indexed
>>> crop_size: 224
>>> roberta_text_feature_dim: 768
>>> roberta_topic_feature_dim: 50
>>> resnet_feature_dim: 2048
>>> densenet_feature_dim: 1024
>>> common_dim: 512
>>> num_classes: 3
>>> model_class: <class 'models.mmfusion.MMFUSION'>
Preparing mvsa-mts-100 dataset...
-------------- Loading Datasets/MVSA-MTS/mvsa-mts-100/train.tsv ---------------
Time taken to load Datasets/MVSA-MTS/mvsa-mts-100/train.tsv: 0.23 seconds (0.00 minutes)
The number of problematic samples: 5
-------------- Loading Datasets/MVSA-MTS/mvsa-mts-100/val.tsv ---------------
Time taken to load Datasets/MVSA-MTS/mvsa-mts-100/val.tsv: 0.09 seconds (0.00 minutes)
The number of problematic samples: 1
-------------- Loading Datasets/MVSA-MTS/mvsa-mts-100/test.tsv ---------------
Time taken to load Datasets/MVSA-MTS/mvsa-mts-100/test.tsv: 0.07 seconds (0.00 minutes)
The number of problematic samples: 1
Total Training Samples: 100
Number of Training Samples: 60
Number of Development Samples: 20
Number of Test Samples: 20
Number of unique sentiment classes: 3
building model
n_trainable_params: 1818627, n_nontrainable_params: 0
>>>>>>>>>>>>>>>>>>>>>>>>>>>>>>>>>>>>>>>>>>>>>>>>>>>>>>>>>>>>>>>>>>>>>>>>>>>>>>>>>>>>>>>>>>>>>>>>>>>>
epoch: 0
Batch 0 completed in 1.22 seconds (0.02 minutes)
max_dev_f1: 0, max_test_f1: 0
loss: 1.427571, dev_acc: 50.00% (0.500000), dev_f1: 39.35% (0.393519), test_acc: 25.00% (0.250000), test_f1: 17.41% (0.174074)
Epoch 0 completed in 1.62 seconds (0.03 minutes), avg loss: 1.427571
>>>>>>>>>>>>>>>>>>>>>>>>>>>>>>>>>>>>>>>>>>>>>>>>>>>>>>>>>>>>>>>>>>>>>>>>>>>>>>>>>>>>>>>>>>>>>>>>>>>>
epoch: 1
Batch 0 completed in 0.53 seconds (0.01 minutes)
loss: 1.488157, dev_acc: 50.00% (0.500000), dev_f1: 35.35% (0.353535), test_acc: 70.00% (0.700000), test_f1: 46.19% (0.461905)
Epoch 1 completed in 0.79 seconds (0.01 minutes), avg loss: 1.488157
>>>>>>>>>>>>>>>>>>>>>>>>>>>>>>>>>>>>>>>>>>>>>>>>>>>>>>>>>>>>>>>>>>>>>>>>>>>>>>>>>>>>>>>>>>>>>>>>>>>>
epoch: 2
Batch 0 completed in 0.53 seconds (0.01 minutes)
loss: 1.257258, dev_acc: 45.00% (0.450000), dev_f1: 32.32% (0.323232), test_acc: 55.00% (0.550000), test_f1: 36.72% (0.367179)
Epoch 2 completed in 0.79 seconds (0.01 minutes), avg loss: 1.257258
>>>>>>>>>>>>>>>>>>>>>>>>>>>>>>>>>>>>>>>>>>>>>>>>>>>>>>>>>>>>>>>>>>>>>>>>>>>>>>>>>>>>>>>>>>>>>>>>>>>>
epoch: 3
Batch 0 completed in 0.53 seconds (0.01 minutes)
loss: 0.820770, dev_acc: 35.00% (0.350000), dev_f1: 27.31% (0.273148), test_acc: 40.00% (0.400000), test_f1: 28.15% (0.281481)
Epoch 3 completed in 0.74 seconds (0.01 minutes), avg loss: 0.820770
>>>>>>>>>>>>>>>>>>>>>>>>>>>>>>>>>>>>>>>>>>>>>>>>>>>>>>>>>>>>>>>>>>>>>>>>>>>>>>>>>>>>>>>>>>>>>>>>>>>>
epoch: 4
Batch 0 completed in 0.53 seconds (0.01 minutes)
loss: 0.500180, dev_acc: 35.00% (0.350000), dev_f1: 27.31% (0.273148), test_acc: 30.00% (0.300000), test_f1: 20.54% (0.205415)
Epoch 4 completed in 0.89 seconds (0.01 minutes), avg loss: 0.500180
>>>>>>>>>>>>>>>>>>>>>>>>>>>>>>>>>>>>>>>>>>>>>>>>>>>>>>>>>>>>>>>>>>>>>>>>>>>>>>>>>>>>>>>>>>>>>>>>>>>>
epoch: 5
Batch 0 completed in 0.53 seconds (0.01 minutes)
loss: 0.301179, dev_acc: 35.00% (0.350000), dev_f1: 27.31% (0.273148), test_acc: 30.00% (0.300000), test_f1: 20.45% (0.204545)
Epoch 5 completed in 0.80 seconds (0.01 minutes), avg loss: 0.301179
>>>>>>>>>>>>>>>>>>>>>>>>>>>>>>>>>>>>>>>>>>>>>>>>>>>>>>>>>>>>>>>>>>>>>>>>>>>>>>>>>>>>>>>>>>>>>>>>>>>>
epoch: 6
Batch 0 completed in 0.53 seconds (0.01 minutes)
loss: 0.143560, dev_acc: 30.00% (0.300000), dev_f1: 22.92% (0.229240), test_acc: 30.00% (0.300000), test_f1: 21.11% (0.211111)
Epoch 6 completed in 0.75 seconds (0.01 minutes), avg loss: 0.143560
>>>>>>>>>>>>>>>>>>>>>>>>>>>>>>>>>>>>>>>>>>>>>>>>>>>>>>>>>>>>>>>>>>>>>>>>>>>>>>>>>>>>>>>>>>>>>>>>>>>>
epoch: 7
Batch 0 completed in 0.53 seconds (0.01 minutes)
loss: 0.028835, dev_acc: 40.00% (0.400000), dev_f1: 30.88% (0.308772), test_acc: 30.00% (0.300000), test_f1: 21.64% (0.216374)
Epoch 7 completed in 0.74 seconds (0.01 minutes), avg loss: 0.028835
>>>>>>>>>>>>>>>>>>>>>>>>>>>>>>>>>>>>>>>>>>>>>>>>>>>>>>>>>>>>>>>>>>>>>>>>>>>>>>>>>>>>>>>>>>>>>>>>>>>>
epoch: 8
Batch 0 completed in 0.53 seconds (0.01 minutes)
max_dev_f1: 0.39351851851851855, max_test_f1: 0.17407407407407405
loss: 0.057089, dev_acc: 45.00% (0.450000), dev_f1: 41.38% (0.413757), test_acc: 40.00% (0.400000), test_f1: 28.37% (0.283730)
Epoch 8 completed in 0.80 seconds (0.01 minutes), avg loss: 0.057089
>>>>>>>>>>>>>>>>>>>>>>>>>>>>>>>>>>>>>>>>>>>>>>>>>>>>>>>>>>>>>>>>>>>>>>>>>>>>>>>>>>>>>>>>>>>>>>>>>>>>
epoch: 9
Batch 0 completed in 0.53 seconds (0.01 minutes)
loss: 0.110941, dev_acc: 40.00% (0.400000), dev_f1: 30.88% (0.308772), test_acc: 45.00% (0.450000), test_f1: 31.52% (0.315152)
Epoch 9 completed in 0.75 seconds (0.01 minutes), avg loss: 0.110941
Max dev F1: 41.38% (0.413757), Max test F1: 28.37% (0.283730)
