SLURM Job ID: 19387047
Number of GPUs available: 2
Logs directory: /home/rgg2706/Multimodal-Sentiment-Analysis/Logs/HHMAFM/2024-10-22/sub-1/001_Oct-22-2024_08:52_AM
> training arguments:
>>> rand_seed: 8
>>> model_name: mfcchfusion2
>>> dataset: mvsa-mts
>>> optimizer: <class 'torch.optim.adam.Adam'>
>>> initializer: <function xavier_uniform_ at 0x7fde0ede5580>
>>> learning_rate: 0.0001
>>> dropout_rate: 0.5
>>> num_epoch: 10
>>> batch_size: 64
>>> log_step: 60
>>> max_seq_len: 64
>>> polarities_dim: 3
>>> clip_grad: 5.0
>>> path_image: ./Datasets/MVSA-MTS/images-indexed
>>> crop_size: 224
>>> n_head: 8
>>> common_dim: 1024
>>> num_classes: 3
>>> log_dir: /home/rgg2706/Multimodal-Sentiment-Analysis/Logs/HHMAFM/2024-10-22/sub-1/001_Oct-22-2024_08:52_AM
>>> model_class: <class 'models.mfcchfusion2.MFCCHFUSION2'>
Preparing mvsa-mts dataset...
-------------- Loading Datasets/MVSA-MTS/mvsa-mts/train.tsv ---------------
Time taken to load Datasets/MVSA-MTS/mvsa-mts/train.tsv: 253.29 seconds (4.22 minutes)
The number of problematic samples: 402
-------------- Loading Datasets/MVSA-MTS/mvsa-mts/val.tsv ---------------
Time taken to load Datasets/MVSA-MTS/mvsa-mts/val.tsv: 83.57 seconds (1.39 minutes)
The number of problematic samples: 136
-------------- Loading Datasets/MVSA-MTS/mvsa-mts/test.tsv ---------------
Time taken to load Datasets/MVSA-MTS/mvsa-mts/test.tsv: 84.22 seconds (1.40 minutes)
The number of problematic samples: 142
Total Training Samples: 19600
Number of Training Samples: 11760
Number of Development Samples: 3920
Number of Test Samples: 3920
Number of unique sentiment classes: 3
Building model
Using 2 GPUs
n_trainable_params: 305641475, n_nontrainable_params: 0
>>>>>>>>>>>>>>>>>>>>>>>>>>>>>>>>>>>>>>>>>>>>>>>>>>>>>>>>>>>>>>>>>>>>>>>>>>>>>>>>>>>>>>>>>>>>>>>>>>>>
epoch: 0
Batch 0 completed in 4.13 seconds (0.07 minutes)
New best dev_f1: 0.322351 (previous best: 0.000000)
loss: 1.098511, dev_acc: 52.63% (0.526276), dev_f1: 32.24% (0.322351), test_acc: 53.57% (0.535714), test_f1: 33.11% (0.331146)
Batch 60 completed in 1.23 seconds (0.02 minutes)
loss: 0.927459, dev_acc: 53.78% (0.537755), dev_f1: 26.46% (0.264564), test_acc: 54.44% (0.544388), test_f1: 26.56% (0.265587)
Batch 120 completed in 1.22 seconds (0.02 minutes)
New best dev_f1: 0.358661 (previous best: 0.322351)
loss: 0.801507, dev_acc: 51.58% (0.515816), dev_f1: 35.87% (0.358661), test_acc: 52.53% (0.525255), test_f1: 36.57% (0.365734)
Batch 180 completed in 1.22 seconds (0.02 minutes)
loss: 0.834306, dev_acc: 55.13% (0.551276), dev_f1: 33.32% (0.333184), test_acc: 55.10% (0.551020), test_f1: 32.77% (0.327750)
Epoch 0 completed in 610.15 seconds (10.17 minutes)
>>>>>>>>>>>>>>>>>>>>>>>>>>>>>>>>>>>>>>>>>>>>>>>>>>>>>>>>>>>>>>>>>>>>>>>>>>>>>>>>>>>>>>>>>>>>>>>>>>>>
epoch: 1
Batch 0 completed in 1.22 seconds (0.02 minutes)
New best dev_f1: 0.365659 (previous best: 0.358661)
loss: 0.844862, dev_acc: 53.34% (0.533418), dev_f1: 36.57% (0.365659), test_acc: 53.72% (0.537245), test_f1: 36.88% (0.368782)
Batch 60 completed in 1.23 seconds (0.02 minutes)
New best dev_f1: 0.384269 (previous best: 0.365659)
loss: 0.829430, dev_acc: 55.13% (0.551276), dev_f1: 38.43% (0.384269), test_acc: 55.97% (0.559694), test_f1: 39.93% (0.399315)
Batch 120 completed in 1.23 seconds (0.02 minutes)
New best dev_f1: 0.389875 (previous best: 0.384269)
loss: 0.805946, dev_acc: 57.55% (0.575510), dev_f1: 38.99% (0.389875), test_acc: 58.19% (0.581888), test_f1: 39.60% (0.396024)
Batch 180 completed in 1.23 seconds (0.02 minutes)
loss: 1.146925, dev_acc: 57.02% (0.570153), dev_f1: 37.42% (0.374233), test_acc: 57.73% (0.577296), test_f1: 39.16% (0.391570)
Epoch 1 completed in 619.62 seconds (10.33 minutes)
>>>>>>>>>>>>>>>>>>>>>>>>>>>>>>>>>>>>>>>>>>>>>>>>>>>>>>>>>>>>>>>>>>>>>>>>>>>>>>>>>>>>>>>>>>>>>>>>>>>>
epoch: 2
Batch 0 completed in 1.20 seconds (0.02 minutes)
loss: 0.851840, dev_acc: 56.05% (0.560459), dev_f1: 38.96% (0.389620), test_acc: 56.40% (0.564031), test_f1: 40.08% (0.400802)
Batch 60 completed in 1.23 seconds (0.02 minutes)
New best dev_f1: 0.467525 (previous best: 0.389875)
loss: 0.745410, dev_acc: 55.84% (0.558418), dev_f1: 46.75% (0.467525), test_acc: 56.40% (0.564031), test_f1: 48.21% (0.482082)
Batch 120 completed in 1.24 seconds (0.02 minutes)
loss: 0.724282, dev_acc: 56.45% (0.564541), dev_f1: 40.99% (0.409853), test_acc: 56.81% (0.568112), test_f1: 43.00% (0.430033)
Batch 180 completed in 1.23 seconds (0.02 minutes)
New best dev_f1: 0.476754 (previous best: 0.467525)
loss: 0.928841, dev_acc: 57.09% (0.570918), dev_f1: 47.68% (0.476754), test_acc: 58.06% (0.580612), test_f1: 48.08% (0.480812)
Epoch 2 completed in 619.59 seconds (10.33 minutes)
>>>>>>>>>>>>>>>>>>>>>>>>>>>>>>>>>>>>>>>>>>>>>>>>>>>>>>>>>>>>>>>>>>>>>>>>>>>>>>>>>>>>>>>>>>>>>>>>>>>>
epoch: 3
Batch 0 completed in 1.23 seconds (0.02 minutes)
loss: 0.820310, dev_acc: 56.66% (0.566582), dev_f1: 36.02% (0.360208), test_acc: 59.08% (0.590816), test_f1: 41.28% (0.412791)
Batch 60 completed in 1.22 seconds (0.02 minutes)
loss: 0.698029, dev_acc: 55.99% (0.559949), dev_f1: 41.74% (0.417392), test_acc: 57.81% (0.578061), test_f1: 45.07% (0.450663)
Batch 120 completed in 1.23 seconds (0.02 minutes)
loss: 0.748509, dev_acc: 57.91% (0.579082), dev_f1: 43.84% (0.438428), test_acc: 58.85% (0.588520), test_f1: 45.89% (0.458910)
Batch 180 completed in 1.23 seconds (0.02 minutes)
loss: 0.721423, dev_acc: 59.08% (0.590816), dev_f1: 45.65% (0.456486), test_acc: 60.94% (0.609439), test_f1: 48.66% (0.486614)
Epoch 3 completed in 618.26 seconds (10.30 minutes)
>>>>>>>>>>>>>>>>>>>>>>>>>>>>>>>>>>>>>>>>>>>>>>>>>>>>>>>>>>>>>>>>>>>>>>>>>>>>>>>>>>>>>>>>>>>>>>>>>>>>
epoch: 4
Batch 0 completed in 1.21 seconds (0.02 minutes)
loss: 0.801398, dev_acc: 59.11% (0.591071), dev_f1: 44.98% (0.449819), test_acc: 59.87% (0.598724), test_f1: 46.99% (0.469948)
Batch 60 completed in 1.22 seconds (0.02 minutes)
loss: 0.649045, dev_acc: 56.28% (0.562755), dev_f1: 40.55% (0.405471), test_acc: 58.06% (0.580612), test_f1: 42.23% (0.422331)
Batch 120 completed in 1.22 seconds (0.02 minutes)
loss: 0.738610, dev_acc: 55.64% (0.556378), dev_f1: 46.22% (0.462235), test_acc: 56.58% (0.565816), test_f1: 48.04% (0.480445)
Batch 180 completed in 1.22 seconds (0.02 minutes)
loss: 0.671821, dev_acc: 56.58% (0.565816), dev_f1: 39.67% (0.396748), test_acc: 58.32% (0.583163), test_f1: 41.33% (0.413330)
Epoch 4 completed in 617.33 seconds (10.29 minutes)
>>>>>>>>>>>>>>>>>>>>>>>>>>>>>>>>>>>>>>>>>>>>>>>>>>>>>>>>>>>>>>>>>>>>>>>>>>>>>>>>>>>>>>>>>>>>>>>>>>>>
epoch: 5
Batch 0 completed in 1.22 seconds (0.02 minutes)
loss: 0.749450, dev_acc: 56.58% (0.565816), dev_f1: 45.36% (0.453630), test_acc: 58.93% (0.589286), test_f1: 47.41% (0.474124)
Batch 60 completed in 1.23 seconds (0.02 minutes)
loss: 0.580279, dev_acc: 56.58% (0.565816), dev_f1: 41.16% (0.411556), test_acc: 58.24% (0.582398), test_f1: 43.93% (0.439321)
Batch 120 completed in 1.22 seconds (0.02 minutes)
loss: 0.790133, dev_acc: 54.74% (0.547449), dev_f1: 43.75% (0.437506), test_acc: 56.68% (0.566837), test_f1: 46.98% (0.469817)
Batch 180 completed in 1.23 seconds (0.02 minutes)
loss: 0.659384, dev_acc: 55.59% (0.555867), dev_f1: 45.81% (0.458067), test_acc: 57.81% (0.578061), test_f1: 47.97% (0.479731)
Epoch 5 completed in 619.80 seconds (10.33 minutes)
>>>>>>>>>>>>>>>>>>>>>>>>>>>>>>>>>>>>>>>>>>>>>>>>>>>>>>>>>>>>>>>>>>>>>>>>>>>>>>>>>>>>>>>>>>>>>>>>>>>>
epoch: 6
Batch 0 completed in 1.22 seconds (0.02 minutes)
loss: 0.557592, dev_acc: 56.66% (0.566582), dev_f1: 42.98% (0.429819), test_acc: 58.78% (0.587755), test_f1: 46.15% (0.461505)
Batch 60 completed in 1.22 seconds (0.02 minutes)
loss: 0.476590, dev_acc: 54.67% (0.546684), dev_f1: 42.99% (0.429900), test_acc: 55.18% (0.551786), test_f1: 43.85% (0.438491)
Batch 120 completed in 1.23 seconds (0.02 minutes)
loss: 0.599066, dev_acc: 55.97% (0.559694), dev_f1: 44.66% (0.446641), test_acc: 58.62% (0.586224), test_f1: 47.58% (0.475837)
Batch 180 completed in 1.23 seconds (0.02 minutes)
loss: 0.666002, dev_acc: 56.28% (0.562755), dev_f1: 45.04% (0.450364), test_acc: 57.68% (0.576786), test_f1: 47.26% (0.472637)
Epoch 6 completed in 618.74 seconds (10.31 minutes)
>>>>>>>>>>>>>>>>>>>>>>>>>>>>>>>>>>>>>>>>>>>>>>>>>>>>>>>>>>>>>>>>>>>>>>>>>>>>>>>>>>>>>>>>>>>>>>>>>>>>
epoch: 7
Batch 0 completed in 1.23 seconds (0.02 minutes)
loss: 0.556621, dev_acc: 56.05% (0.560459), dev_f1: 43.05% (0.430531), test_acc: 58.52% (0.585204), test_f1: 46.64% (0.466432)
Batch 60 completed in 1.23 seconds (0.02 minutes)
loss: 0.537821, dev_acc: 53.80% (0.538010), dev_f1: 43.74% (0.437412), test_acc: 54.67% (0.546684), test_f1: 43.90% (0.439003)
Batch 120 completed in 1.22 seconds (0.02 minutes)
loss: 0.476035, dev_acc: 53.90% (0.539031), dev_f1: 44.03% (0.440347), test_acc: 55.89% (0.558929), test_f1: 45.76% (0.457585)
Batch 180 completed in 1.22 seconds (0.02 minutes)
loss: 0.723765, dev_acc: 53.72% (0.537245), dev_f1: 41.95% (0.419479), test_acc: 55.41% (0.554082), test_f1: 43.25% (0.432529)
Epoch 7 completed in 618.86 seconds (10.31 minutes)
>>>>>>>>>>>>>>>>>>>>>>>>>>>>>>>>>>>>>>>>>>>>>>>>>>>>>>>>>>>>>>>>>>>>>>>>>>>>>>>>>>>>>>>>>>>>>>>>>>>>
epoch: 8
Batch 0 completed in 1.23 seconds (0.02 minutes)
loss: 0.363496, dev_acc: 53.14% (0.531378), dev_f1: 42.54% (0.425356), test_acc: 55.00% (0.550000), test_f1: 43.88% (0.438767)
Batch 60 completed in 1.22 seconds (0.02 minutes)
loss: 0.489365, dev_acc: 53.55% (0.535459), dev_f1: 44.00% (0.439984), test_acc: 54.08% (0.540816), test_f1: 43.77% (0.437690)
Batch 120 completed in 1.23 seconds (0.02 minutes)
loss: 0.414535, dev_acc: 51.84% (0.518367), dev_f1: 42.81% (0.428092), test_acc: 52.27% (0.522704), test_f1: 44.19% (0.441912)
Batch 180 completed in 1.22 seconds (0.02 minutes)
loss: 0.361785, dev_acc: 51.86% (0.518622), dev_f1: 42.68% (0.426814), test_acc: 52.55% (0.525510), test_f1: 44.60% (0.445994)
Epoch 8 completed in 620.00 seconds (10.33 minutes)
>>>>>>>>>>>>>>>>>>>>>>>>>>>>>>>>>>>>>>>>>>>>>>>>>>>>>>>>>>>>>>>>>>>>>>>>>>>>>>>>>>>>>>>>>>>>>>>>>>>>
epoch: 9
Batch 0 completed in 1.23 seconds (0.02 minutes)
loss: 0.364402, dev_acc: 51.48% (0.514796), dev_f1: 42.86% (0.428581), test_acc: 52.65% (0.526531), test_f1: 44.89% (0.448927)
Batch 60 completed in 1.22 seconds (0.02 minutes)
loss: 0.364049, dev_acc: 53.34% (0.533418), dev_f1: 44.22% (0.442221), test_acc: 54.18% (0.541837), test_f1: 44.36% (0.443614)
Batch 120 completed in 1.19 seconds (0.02 minutes)
loss: 0.484259, dev_acc: 53.78% (0.537755), dev_f1: 43.25% (0.432521), test_acc: 56.10% (0.560969), test_f1: 45.55% (0.455516)
Batch 180 completed in 1.22 seconds (0.02 minutes)
loss: 0.296473, dev_acc: 52.98% (0.529847), dev_f1: 44.83% (0.448318), test_acc: 54.21% (0.542092), test_f1: 45.97% (0.459653)
Epoch 9 completed in 619.38 seconds (10.32 minutes)
RESULT: Max Dev F1: 0.476754, Max Test F1: 0.480812
Reading TensorBoard loss at each epoch:
Available tags: {'images': [], 'audio': [], 'histograms': [], 'scalars': ['Loss/train', 'Loss/val'], 'distributions': [], 'tensors': [], 'graph': False, 'meta_graph': False, 'run_metadata': []}
Step: 1, Loss: 1.0985114574432373
Step: 2, Loss: 0.8155567049980164
Step: 3, Loss: 3.4966373443603516
Step: 4, Loss: 2.403569459915161
Step: 5, Loss: 1.419124960899353
Step: 6, Loss: 1.4221827983856201
Step: 7, Loss: 0.9739996790885925
Step: 8, Loss: 0.9264672994613647
Step: 9, Loss: 1.1279480457305908
Step: 10, Loss: 0.9297933578491211
Step: 11, Loss: 1.1051071882247925
Step: 12, Loss: 0.8584797978401184
Step: 13, Loss: 0.9660279154777527
Step: 14, Loss: 1.0175261497497559
Step: 15, Loss: 1.0359269380569458
Step: 16, Loss: 0.8973433375358582
Step: 17, Loss: 0.8381550312042236
Step: 18, Loss: 0.9354329705238342
Step: 19, Loss: 1.0357600450515747
Step: 20, Loss: 0.9167226552963257
Step: 21, Loss: 0.954542338848114
Step: 22, Loss: 0.923854410648346
Step: 23, Loss: 0.954657256603241
Step: 24, Loss: 0.8252017498016357
Step: 25, Loss: 0.8321748375892639
Step: 26, Loss: 0.9841130375862122
Step: 27, Loss: 0.8070580959320068
Step: 28, Loss: 0.8751075267791748
Step: 29, Loss: 0.861634373664856
Step: 30, Loss: 0.7708002924919128
Step: 31, Loss: 1.0325666666030884
Step: 32, Loss: 0.9251459836959839
Step: 33, Loss: 0.9743859767913818
Step: 34, Loss: 0.8860136270523071
Step: 35, Loss: 0.8999868035316467
Step: 36, Loss: 0.9162796139717102
Step: 37, Loss: 0.9090721011161804
Step: 38, Loss: 1.006792664527893
Step: 39, Loss: 0.7949024438858032
Step: 40, Loss: 0.805324375629425
Step: 41, Loss: 0.9298529624938965
Step: 42, Loss: 0.9584032297134399
Step: 43, Loss: 0.889687180519104
Step: 44, Loss: 1.0992848873138428
Step: 45, Loss: 0.9679109454154968
Step: 46, Loss: 0.9777044057846069
Step: 47, Loss: 0.9131374359130859
Step: 48, Loss: 0.8856528997421265
Step: 49, Loss: 0.8319221138954163
Step: 50, Loss: 0.758175253868103
Step: 51, Loss: 1.0188347101211548
Step: 52, Loss: 0.972571074962616
Step: 53, Loss: 0.7539577484130859
Step: 54, Loss: 0.9077968001365662
Step: 55, Loss: 0.8966604471206665
Step: 56, Loss: 0.9230399131774902
Step: 57, Loss: 0.9162021279335022
Step: 58, Loss: 0.9842042922973633
Step: 59, Loss: 0.8882977962493896
Step: 60, Loss: 0.9915041327476501
Step: 61, Loss: 0.9274585843086243
Step: 62, Loss: 0.792314887046814
Step: 63, Loss: 0.927474856376648
Step: 64, Loss: 0.9308755993843079
Step: 65, Loss: 0.933088481426239
Step: 66, Loss: 0.8313822746276855
Step: 67, Loss: 0.9530071020126343
Step: 68, Loss: 0.8444826602935791
Step: 69, Loss: 0.85886150598526
Step: 70, Loss: 0.9358986616134644
Step: 71, Loss: 0.8603487014770508
Step: 72, Loss: 0.8614917993545532
Step: 73, Loss: 0.8717374801635742
Step: 74, Loss: 0.877504289150238
Step: 75, Loss: 0.8460791110992432
Step: 76, Loss: 0.7406631112098694
Step: 77, Loss: 0.7938746809959412
Step: 78, Loss: 0.8129688501358032
Step: 79, Loss: 1.0051424503326416
Step: 80, Loss: 0.819636344909668
Step: 81, Loss: 0.9018969535827637
Step: 82, Loss: 0.9009289741516113
Step: 83, Loss: 0.813045084476471
Step: 84, Loss: 0.7887261509895325
Step: 85, Loss: 0.8926013708114624
Step: 86, Loss: 0.7985286116600037
Step: 87, Loss: 1.085673213005066
Step: 88, Loss: 0.939924955368042
Step: 89, Loss: 0.8007423877716064
Step: 90, Loss: 0.772199809551239
Step: 91, Loss: 0.9565569162368774
Step: 92, Loss: 1.002055048942566
Step: 93, Loss: 0.9406750202178955
Step: 94, Loss: 0.8950479030609131
Step: 95, Loss: 0.9171472191810608
Step: 96, Loss: 0.8721593618392944
Step: 97, Loss: 0.9065859913825989
Step: 98, Loss: 0.8643842339515686
Step: 99, Loss: 0.9673991799354553
Step: 100, Loss: 0.9590116739273071
Step: 101, Loss: 0.8757297396659851
Step: 102, Loss: 0.7533796429634094
Step: 103, Loss: 0.8040984869003296
Step: 104, Loss: 0.9229990243911743
Step: 105, Loss: 0.9216288328170776
Step: 106, Loss: 0.9664589166641235
Step: 107, Loss: 0.8326757550239563
Step: 108, Loss: 0.8836694359779358
Step: 109, Loss: 0.7487694025039673
Step: 110, Loss: 0.8345244526863098
Step: 111, Loss: 0.9904969930648804
Step: 112, Loss: 0.9438635110855103
Step: 113, Loss: 0.816710889339447
Step: 114, Loss: 0.8083133101463318
Step: 115, Loss: 0.8078069090843201
Step: 116, Loss: 0.9467945694923401
Step: 117, Loss: 0.7193600535392761
Step: 118, Loss: 0.8346503376960754
Step: 119, Loss: 0.8507029414176941
Step: 120, Loss: 1.0029897689819336
Step: 121, Loss: 0.8015071749687195
Step: 122, Loss: 0.8993373513221741
Step: 123, Loss: 0.8789673447608948
Step: 124, Loss: 0.7463918328285217
Step: 125, Loss: 0.8633285164833069
Step: 126, Loss: 0.8416048884391785
Step: 127, Loss: 0.8714184165000916
Step: 128, Loss: 0.8494337201118469
Step: 129, Loss: 0.7497485876083374
Step: 130, Loss: 0.8191086053848267
Step: 131, Loss: 0.821397602558136
Step: 132, Loss: 0.9340272545814514
Step: 133, Loss: 0.922780454158783
Step: 134, Loss: 0.8292480111122131
Step: 135, Loss: 0.7492762804031372
Step: 136, Loss: 0.9869662523269653
Step: 137, Loss: 0.8714565634727478
Step: 138, Loss: 0.7793923616409302
Step: 139, Loss: 0.922721803188324
Step: 140, Loss: 0.806939959526062
Step: 141, Loss: 0.9692785143852234
Step: 142, Loss: 0.8067772388458252
Step: 143, Loss: 0.8560694456100464
Step: 144, Loss: 0.9472556710243225
Step: 145, Loss: 0.8433903455734253
Step: 146, Loss: 0.8294574618339539
Step: 147, Loss: 0.7607580423355103
Step: 148, Loss: 0.9635011553764343
Step: 149, Loss: 0.8064638376235962
Step: 150, Loss: 0.9831953048706055
Step: 151, Loss: 0.8551389575004578
Step: 152, Loss: 0.8196506500244141
Step: 153, Loss: 0.9032818675041199
Step: 154, Loss: 0.9451599717140198
Step: 155, Loss: 0.8290349245071411
Step: 156, Loss: 0.8966493606567383
Step: 157, Loss: 0.7537655234336853
Step: 158, Loss: 0.7898960709571838
Step: 159, Loss: 0.8973090648651123
Step: 160, Loss: 0.8430405855178833
Step: 161, Loss: 0.7934860587120056
Step: 162, Loss: 0.8391343951225281
Step: 163, Loss: 0.7855211496353149
Step: 164, Loss: 0.9221943616867065
Step: 165, Loss: 0.9070876240730286
Step: 166, Loss: 0.8438802361488342
Step: 167, Loss: 0.8658936619758606
Step: 168, Loss: 0.9450003504753113
Step: 169, Loss: 0.8230060338973999
Step: 170, Loss: 0.7878594398498535
Step: 171, Loss: 0.8005471229553223
Step: 172, Loss: 1.028780460357666
Step: 173, Loss: 0.8935207724571228
Step: 174, Loss: 0.8851079344749451
Step: 175, Loss: 0.8616485595703125
Step: 176, Loss: 0.9114643931388855
Step: 177, Loss: 0.8585319519042969
Step: 178, Loss: 0.9143739342689514
Step: 179, Loss: 1.0295841693878174
Step: 180, Loss: 0.9266631007194519
Step: 181, Loss: 0.8343058824539185
Step: 182, Loss: 0.8601580262184143
Step: 183, Loss: 0.9369738698005676
Step: 184, Loss: 0.8211130499839783
Step: 185, Loss: 0.8448621034622192
Step: 186, Loss: 0.950933039188385
Step: 187, Loss: 0.8477436900138855
Step: 188, Loss: 0.8092390298843384
Step: 189, Loss: 0.7851335406303406
Step: 190, Loss: 0.8425410389900208
Step: 191, Loss: 0.731338381767273
Step: 192, Loss: 0.8691555261611938
Step: 193, Loss: 0.7241398096084595
Step: 194, Loss: 0.7872986793518066
Step: 195, Loss: 0.7821749448776245
Step: 196, Loss: 0.7246004939079285
Step: 197, Loss: 0.8935661315917969
Step: 198, Loss: 0.8890689611434937
Step: 199, Loss: 0.8251953125
Step: 200, Loss: 0.7668455839157104
Step: 201, Loss: 0.9206888675689697
Step: 202, Loss: 0.8199713826179504
Step: 203, Loss: 0.7766761779785156
Step: 204, Loss: 0.8293371200561523
Step: 205, Loss: 0.8405975103378296
Step: 206, Loss: 0.8018770217895508
Step: 207, Loss: 0.8334141969680786
Step: 208, Loss: 0.862307608127594
Step: 209, Loss: 0.8307808041572571
Step: 210, Loss: 0.8466749787330627
Step: 211, Loss: 0.7718256115913391
Step: 212, Loss: 0.8164798021316528
Step: 213, Loss: 0.8298602104187012
Step: 214, Loss: 0.8681201338768005
Step: 215, Loss: 0.8992066979408264
Step: 216, Loss: 0.7471355199813843
Step: 217, Loss: 0.7071606516838074
Step: 218, Loss: 0.8329941630363464
Step: 219, Loss: 0.8720059990882874
Step: 220, Loss: 0.7561348676681519
Step: 221, Loss: 0.8204291462898254
Step: 222, Loss: 0.8237312436103821
Step: 223, Loss: 1.0221408605575562
Step: 224, Loss: 0.7417330741882324
Step: 225, Loss: 0.7493607997894287
Step: 226, Loss: 0.8661820292472839
Step: 227, Loss: 0.8084086179733276
Step: 228, Loss: 0.8288140892982483
Step: 229, Loss: 0.7956204414367676
Step: 230, Loss: 0.8857695460319519
Step: 231, Loss: 0.9548978209495544
Step: 232, Loss: 0.837297260761261
Step: 233, Loss: 0.8766361474990845
Step: 234, Loss: 0.8342406749725342
Step: 235, Loss: 0.7834450602531433
Step: 236, Loss: 0.8773682117462158
Step: 237, Loss: 0.7458024024963379
Step: 238, Loss: 0.8876588940620422
Step: 239, Loss: 0.7245689034461975
Step: 240, Loss: 0.8723130822181702
Step: 241, Loss: 0.76502925157547
Step: 242, Loss: 0.7756224870681763
Step: 243, Loss: 0.7511149048805237
Step: 244, Loss: 0.9096725583076477
Step: 245, Loss: 0.8294301629066467
Step: 246, Loss: 0.9178585410118103
Step: 247, Loss: 0.8726744055747986
Step: 248, Loss: 0.8770225644111633
Step: 249, Loss: 0.8199947476387024
Step: 250, Loss: 0.7433118224143982
Step: 251, Loss: 0.8085429072380066
Step: 252, Loss: 0.7607525587081909
Step: 253, Loss: 0.8488885760307312
Step: 254, Loss: 0.9367047548294067
Step: 255, Loss: 0.8732867240905762
Step: 256, Loss: 0.9194865226745605
Step: 257, Loss: 0.8543279767036438
Step: 258, Loss: 0.8301789164543152
Step: 259, Loss: 0.8228238821029663
Step: 260, Loss: 0.8459097743034363
Step: 261, Loss: 0.8013004064559937
Step: 262, Loss: 0.7841381430625916
Step: 263, Loss: 0.9740784168243408
Step: 264, Loss: 0.8040938377380371
Step: 265, Loss: 0.7756711840629578
Step: 266, Loss: 0.842851459980011
Step: 267, Loss: 0.7810204029083252
Step: 268, Loss: 0.8446364402770996
Step: 269, Loss: 0.8208179473876953
Step: 270, Loss: 0.7933528423309326
Step: 271, Loss: 0.6612204909324646
Step: 272, Loss: 0.8106980323791504
Step: 273, Loss: 1.042955994606018
Step: 274, Loss: 0.9598724842071533
Step: 275, Loss: 0.8672598600387573
Step: 276, Loss: 0.8879230618476868
Step: 277, Loss: 0.9402039647102356
Step: 278, Loss: 0.842708170413971
Step: 279, Loss: 0.7567303776741028
Step: 280, Loss: 0.9051913619041443
Step: 281, Loss: 0.7031423449516296
Step: 282, Loss: 0.8515304923057556
Step: 283, Loss: 0.9114474058151245
Step: 284, Loss: 0.6963015794754028
Step: 285, Loss: 0.7377489805221558
Step: 286, Loss: 0.8593863248825073
Step: 287, Loss: 0.8159741759300232
Step: 288, Loss: 0.8742740750312805
Step: 289, Loss: 0.7424654960632324
Step: 290, Loss: 0.830605149269104
Step: 291, Loss: 0.7694210410118103
Step: 292, Loss: 0.7668355703353882
Step: 293, Loss: 1.0106003284454346
Step: 294, Loss: 0.8106848001480103
Step: 295, Loss: 0.9856337904930115
Step: 296, Loss: 0.8351708054542542
Step: 297, Loss: 0.7529627084732056
Step: 298, Loss: 0.8598819971084595
Step: 299, Loss: 0.8083457350730896
Step: 300, Loss: 0.8825711607933044
Step: 301, Loss: 0.867662787437439
Step: 302, Loss: 0.7812730073928833
Step: 303, Loss: 0.7715964913368225
Step: 304, Loss: 0.7916203737258911
Step: 305, Loss: 0.8059460520744324
Step: 306, Loss: 0.9422236680984497
Step: 307, Loss: 0.8005300760269165
Step: 308, Loss: 0.8199964165687561
Step: 309, Loss: 0.7618850469589233
Step: 310, Loss: 0.7932723164558411
Step: 311, Loss: 0.8898429870605469
Step: 312, Loss: 0.8716506361961365
Step: 313, Loss: 0.7863089442253113
Step: 314, Loss: 0.8406176567077637
Step: 315, Loss: 0.695479691028595
Step: 316, Loss: 0.8303621411323547
Step: 317, Loss: 0.838500440120697
Step: 318, Loss: 0.8276081085205078
Step: 319, Loss: 0.7483373880386353
Step: 320, Loss: 0.780485987663269
Step: 321, Loss: 0.8088217377662659
Step: 322, Loss: 0.8424338698387146
Step: 323, Loss: 0.7243820428848267
Step: 324, Loss: 0.8186984062194824
Step: 325, Loss: 0.7295069098472595
Step: 326, Loss: 0.6863293051719666
Step: 327, Loss: 0.765086829662323
Step: 328, Loss: 0.8626663684844971
Step: 329, Loss: 0.8595626950263977
Step: 330, Loss: 0.7612500190734863
Step: 331, Loss: 0.9083727598190308
Step: 332, Loss: 0.80767422914505
Step: 333, Loss: 0.7699817419052124
Step: 334, Loss: 0.7471462488174438
Step: 335, Loss: 0.8512865304946899
Step: 336, Loss: 0.8754653334617615
Step: 337, Loss: 0.7936339378356934
Step: 338, Loss: 0.8627908229827881
Step: 339, Loss: 0.7523642778396606
Step: 340, Loss: 0.8006492853164673
Step: 341, Loss: 0.7799270153045654
Step: 342, Loss: 0.7182411551475525
Step: 343, Loss: 0.7897480726242065
Step: 344, Loss: 0.9360126256942749
Step: 345, Loss: 0.8586159348487854
Step: 346, Loss: 0.734756588935852
Step: 347, Loss: 0.7382656335830688
Step: 348, Loss: 0.8784969449043274
Step: 349, Loss: 0.7920977473258972
Step: 350, Loss: 0.8442836403846741
Step: 351, Loss: 0.7922012209892273
Step: 352, Loss: 0.8838151097297668
Step: 353, Loss: 0.8335297703742981
Step: 354, Loss: 0.794344425201416
Step: 355, Loss: 0.8616702556610107
Step: 356, Loss: 0.8538440465927124
Step: 357, Loss: 0.886570155620575
Step: 358, Loss: 0.8455468416213989
Step: 359, Loss: 0.8290269374847412
Step: 360, Loss: 0.9376305341720581
Step: 361, Loss: 0.7812213897705078
Step: 362, Loss: 0.8162738680839539
Step: 363, Loss: 0.8104638457298279
Step: 364, Loss: 0.7321575880050659
Step: 365, Loss: 1.1469248533248901
Step: 366, Loss: 0.7743008136749268
Step: 367, Loss: 0.8799694180488586
Step: 368, Loss: 0.7121813297271729
Step: 369, Loss: 0.8518396615982056
Step: 370, Loss: 0.8130829334259033
Step: 371, Loss: 0.7838615775108337
Step: 372, Loss: 0.6732007265090942
Step: 373, Loss: 0.7532128095626831
Step: 374, Loss: 0.8634729981422424
Step: 375, Loss: 0.7302206754684448
Step: 376, Loss: 0.895512580871582
Step: 377, Loss: 0.8303396701812744
Step: 378, Loss: 0.7914252877235413
Step: 379, Loss: 0.7672075629234314
Step: 380, Loss: 0.8783090710639954
Step: 381, Loss: 0.6967713236808777
Step: 382, Loss: 0.6038904786109924
Step: 383, Loss: 0.8248449563980103
Step: 384, Loss: 0.6739056706428528
Step: 385, Loss: 0.7081637382507324
Step: 386, Loss: 0.9953915476799011
Step: 387, Loss: 0.7985440492630005
Step: 388, Loss: 0.8039582967758179
Step: 389, Loss: 0.8046460747718811
Step: 390, Loss: 0.833210825920105
Step: 391, Loss: 0.6481113433837891
Step: 392, Loss: 0.7885510325431824
Step: 393, Loss: 0.6874266862869263
Step: 394, Loss: 0.7663731575012207
Step: 395, Loss: 0.6635286211967468
Step: 396, Loss: 0.6853074431419373
Step: 397, Loss: 0.8170902729034424
Step: 398, Loss: 0.8023542165756226
Step: 399, Loss: 0.6747647523880005
Step: 400, Loss: 0.8738621473312378
Step: 401, Loss: 0.8025984764099121
Step: 402, Loss: 0.7549246549606323
Step: 403, Loss: 0.7084459662437439
Step: 404, Loss: 0.7811691761016846
Step: 405, Loss: 0.8330305814743042
Step: 406, Loss: 1.014210820198059
Step: 407, Loss: 0.9367209672927856
Step: 408, Loss: 0.9037465453147888
Step: 409, Loss: 0.9927072525024414
Step: 410, Loss: 0.8437756299972534
Step: 411, Loss: 0.8478360176086426
Step: 412, Loss: 0.9141769409179688
Step: 413, Loss: 0.8743359446525574
Step: 414, Loss: 0.7363302707672119
Step: 415, Loss: 0.7976842522621155
Step: 416, Loss: 0.867030680179596
Step: 417, Loss: 0.7373886704444885
Step: 418, Loss: 0.7965853214263916
Step: 419, Loss: 0.6019057631492615
Step: 420, Loss: 0.9725833535194397
Step: 421, Loss: 0.7622132301330566
Step: 422, Loss: 0.8367262482643127
Step: 423, Loss: 0.8515322804450989
Step: 424, Loss: 0.6749545335769653
Step: 425, Loss: 0.7466544508934021
Step: 426, Loss: 0.8040611743927002
Step: 427, Loss: 0.8791456818580627
Step: 428, Loss: 0.7919321060180664
Step: 429, Loss: 0.7454100251197815
Step: 430, Loss: 0.7649143934249878
Step: 431, Loss: 0.9020907878875732
Step: 432, Loss: 0.9003640413284302
Step: 433, Loss: 0.8702880144119263
Step: 434, Loss: 0.866951584815979
Step: 435, Loss: 0.7497361898422241
Step: 436, Loss: 0.7933631539344788
Step: 437, Loss: 0.7371870279312134
Step: 438, Loss: 0.7499439716339111
Step: 439, Loss: 0.7269196510314941
Step: 440, Loss: 0.8332144618034363
Step: 441, Loss: 0.8399282097816467
Step: 442, Loss: 0.9030272960662842
Step: 443, Loss: 0.7418190836906433
Step: 444, Loss: 0.7008867263793945
Step: 445, Loss: 0.8218266367912292
Step: 446, Loss: 0.7321171164512634
Step: 447, Loss: 0.8301390409469604
Step: 448, Loss: 0.7186079621315002
Step: 449, Loss: 0.5964694023132324
Step: 450, Loss: 0.8424696922302246
Step: 451, Loss: 0.6667706966400146
Step: 452, Loss: 0.7431764006614685
Step: 453, Loss: 0.7576809525489807
Step: 454, Loss: 0.9293065071105957
Step: 455, Loss: 0.8412846326828003
Step: 456, Loss: 0.7081379890441895
Step: 457, Loss: 0.9173722267150879
Step: 458, Loss: 0.945173978805542
Step: 459, Loss: 0.8460460901260376
Step: 460, Loss: 0.8077646493911743
Step: 461, Loss: 0.8190046548843384
Step: 462, Loss: 0.7050607204437256
Step: 463, Loss: 0.7580018043518066
Step: 464, Loss: 0.889263391494751
Step: 465, Loss: 0.8113080859184265
Step: 466, Loss: 0.7437562942504883
Step: 467, Loss: 0.7834877371788025
Step: 468, Loss: 0.7356966137886047
Step: 469, Loss: 0.8552351593971252
Step: 470, Loss: 0.7118417620658875
Step: 471, Loss: 0.6931639909744263
Step: 472, Loss: 0.8315514326095581
Step: 473, Loss: 0.7319303154945374
Step: 474, Loss: 0.8142768144607544
Step: 475, Loss: 0.8226479291915894
Step: 476, Loss: 0.7501513957977295
Step: 477, Loss: 0.8183804154396057
Step: 478, Loss: 0.7486990690231323
Step: 479, Loss: 0.8552436828613281
Step: 480, Loss: 0.7976493239402771
Step: 481, Loss: 0.7876436114311218
Step: 482, Loss: 0.8370934128761292
Step: 483, Loss: 0.8274597525596619
Step: 484, Loss: 0.827752947807312
Step: 485, Loss: 0.7386728525161743
Step: 486, Loss: 0.798790454864502
Step: 487, Loss: 0.7820104360580444
Step: 488, Loss: 0.7460587620735168
Step: 489, Loss: 0.7242821455001831
Step: 490, Loss: 0.801425576210022
Step: 491, Loss: 0.8123819231987
Step: 492, Loss: 0.8895867466926575
Step: 493, Loss: 0.7747786641120911
Step: 494, Loss: 0.8448287844657898
Step: 495, Loss: 0.7907625436782837
Step: 496, Loss: 0.760989785194397
Step: 497, Loss: 0.8272992372512817
Step: 498, Loss: 0.8173201084136963
Step: 499, Loss: 0.912286102771759
Step: 500, Loss: 0.7791786193847656
Step: 501, Loss: 0.677253246307373
Step: 502, Loss: 0.8334305882453918
Step: 503, Loss: 0.8450762033462524
Step: 504, Loss: 0.6554415225982666
Step: 505, Loss: 0.6974325776100159
Step: 506, Loss: 0.8245838284492493
Step: 507, Loss: 0.7241991758346558
Step: 508, Loss: 0.7266042828559875
Step: 509, Loss: 0.6126766204833984
Step: 510, Loss: 0.8699403405189514
Step: 511, Loss: 0.8665792346000671
Step: 512, Loss: 0.7692941427230835
Step: 513, Loss: 0.7215010523796082
Step: 514, Loss: 0.9163262844085693
Step: 515, Loss: 0.7678977847099304
Step: 516, Loss: 0.8473498821258545
Step: 517, Loss: 0.8882079720497131
Step: 518, Loss: 0.8982850909233093
Step: 519, Loss: 0.6995061635971069
Step: 520, Loss: 0.7054086327552795
Step: 521, Loss: 0.7652069330215454
Step: 522, Loss: 0.7701992988586426
Step: 523, Loss: 0.7676387429237366
Step: 524, Loss: 0.7800633907318115
Step: 525, Loss: 0.7996684312820435
Step: 526, Loss: 0.7880010604858398
Step: 527, Loss: 0.609853982925415
Step: 528, Loss: 0.7948226928710938
Step: 529, Loss: 0.8227632641792297
Step: 530, Loss: 0.8423730731010437
Step: 531, Loss: 0.7432488203048706
Step: 532, Loss: 0.829249382019043
Step: 533, Loss: 0.7763533592224121
Step: 534, Loss: 0.9117175340652466
Step: 535, Loss: 0.8953747153282166
Step: 536, Loss: 0.7876238226890564
Step: 537, Loss: 0.883327305316925
Step: 538, Loss: 0.7086512446403503
Step: 539, Loss: 0.7521862983703613
Step: 540, Loss: 0.6423354148864746
Step: 541, Loss: 0.8823316097259521
Step: 542, Loss: 0.7340031266212463
Step: 543, Loss: 0.6841142177581787
Step: 544, Loss: 0.7798822522163391
Step: 545, Loss: 0.7993936538696289
Step: 546, Loss: 0.7122169137001038
Step: 547, Loss: 0.8624908328056335
Step: 548, Loss: 0.785139799118042
Step: 549, Loss: 0.9288405179977417
Step: 550, Loss: 0.7986639738082886
Step: 551, Loss: 0.7835294604301453
Step: 552, Loss: 0.7682291865348816
Step: 553, Loss: 0.8203096985816956
Step: 554, Loss: 0.7355790138244629
Step: 555, Loss: 0.8417294025421143
Step: 556, Loss: 0.8217450380325317
Step: 557, Loss: 0.7061572074890137
Step: 558, Loss: 0.752699077129364
Step: 559, Loss: 0.7075889110565186
Step: 560, Loss: 0.8230404853820801
Step: 561, Loss: 0.691902220249176
Step: 562, Loss: 0.7936323285102844
Step: 563, Loss: 0.7165639400482178
Step: 564, Loss: 0.7970550060272217
Step: 565, Loss: 0.761857807636261
Step: 566, Loss: 0.6923347115516663
Step: 567, Loss: 0.7722824215888977
Step: 568, Loss: 0.8300196528434753
Step: 569, Loss: 0.7297919988632202
Step: 570, Loss: 0.6858997344970703
Step: 571, Loss: 0.85943204164505
Step: 572, Loss: 0.6826158761978149
Step: 573, Loss: 0.7195186018943787
Step: 574, Loss: 0.8586856126785278
Step: 575, Loss: 0.7267321944236755
Step: 576, Loss: 0.6807258129119873
Step: 577, Loss: 0.7764756679534912
Step: 578, Loss: 0.7608575224876404
Step: 579, Loss: 0.6533071994781494
Step: 580, Loss: 0.846497654914856
Step: 581, Loss: 0.8455754518508911
Step: 582, Loss: 0.7305135130882263
Step: 583, Loss: 0.7015242576599121
Step: 584, Loss: 0.693359375
Step: 585, Loss: 0.7403270602226257
Step: 586, Loss: 0.7537945508956909
Step: 587, Loss: 0.7143028974533081
Step: 588, Loss: 0.8043209314346313
Step: 589, Loss: 0.6747295260429382
Step: 590, Loss: 0.7652736902236938
Step: 591, Loss: 0.6930074095726013
Step: 592, Loss: 0.720905065536499
Step: 593, Loss: 0.7913278341293335
Step: 594, Loss: 0.7846256494522095
Step: 595, Loss: 0.6497754454612732
Step: 596, Loss: 0.866059422492981
Step: 597, Loss: 0.7479910254478455
Step: 598, Loss: 0.5453560948371887
Step: 599, Loss: 0.714840292930603
Step: 600, Loss: 0.7998095750808716
Step: 601, Loss: 0.7356483936309814
Step: 602, Loss: 0.6767536997795105
Step: 603, Loss: 0.8730042576789856
Step: 604, Loss: 0.798672080039978
Step: 605, Loss: 0.6843968629837036
Step: 606, Loss: 0.6777442693710327
Step: 607, Loss: 0.6227541565895081
Step: 608, Loss: 0.7461341023445129
Step: 609, Loss: 0.8254318833351135
Step: 610, Loss: 0.7620187401771545
Step: 611, Loss: 0.6453840136528015
Step: 612, Loss: 0.7393711805343628
Step: 613, Loss: 0.6980292797088623
Step: 614, Loss: 0.7371730208396912
Step: 615, Loss: 0.7247295379638672
Step: 616, Loss: 0.6860607266426086
Step: 617, Loss: 0.6659092307090759
Step: 618, Loss: 0.7956581115722656
Step: 619, Loss: 0.7462456822395325
Step: 620, Loss: 0.8913878798484802
Step: 621, Loss: 0.8874610662460327
Step: 622, Loss: 0.757189929485321
Step: 623, Loss: 0.6662387847900391
Step: 624, Loss: 0.7513124346733093
Step: 625, Loss: 0.6917595267295837
Step: 626, Loss: 0.7708444595336914
Step: 627, Loss: 0.6086492538452148
Step: 628, Loss: 0.8712319731712341
Step: 629, Loss: 0.7000998854637146
Step: 630, Loss: 0.6487283706665039
Step: 631, Loss: 0.6951017379760742
Step: 632, Loss: 0.8005298972129822
Step: 633, Loss: 0.7598382234573364
Step: 634, Loss: 0.7124968767166138
Step: 635, Loss: 0.7730644941329956
Step: 636, Loss: 0.8284043073654175
Step: 637, Loss: 0.6829260587692261
Step: 638, Loss: 0.7221943140029907
Step: 639, Loss: 0.6085363030433655
Step: 640, Loss: 0.7013774514198303
Step: 641, Loss: 0.7524762749671936
Step: 642, Loss: 0.6792964935302734
Step: 643, Loss: 0.8072549104690552
Step: 644, Loss: 0.8369490504264832
Step: 645, Loss: 0.7904792428016663
Step: 646, Loss: 0.8821094632148743
Step: 647, Loss: 0.775913417339325
Step: 648, Loss: 0.7596291303634644
Step: 649, Loss: 0.7793539762496948
Step: 650, Loss: 0.8098585605621338
Step: 651, Loss: 0.6944166421890259
Step: 652, Loss: 0.9776760339736938
Step: 653, Loss: 0.8779961466789246
Step: 654, Loss: 0.6942537426948547
Step: 655, Loss: 0.8477821350097656
Step: 656, Loss: 0.7277510166168213
Step: 657, Loss: 0.8357082009315491
Step: 658, Loss: 0.858553946018219
Step: 659, Loss: 0.9522855281829834
Step: 660, Loss: 0.706863522529602
Step: 661, Loss: 0.7829543352127075
Step: 662, Loss: 0.7628323435783386
Step: 663, Loss: 0.7579651474952698
Step: 664, Loss: 0.692815363407135
Step: 665, Loss: 0.7692345380783081
Step: 666, Loss: 0.7882975935935974
Step: 667, Loss: 0.6249963045120239
Step: 668, Loss: 0.7061745524406433
Step: 669, Loss: 0.7832497954368591
Step: 670, Loss: 0.70683753490448
Step: 671, Loss: 0.7012873888015747
Step: 672, Loss: 0.8802607655525208
Step: 673, Loss: 0.7485087513923645
Step: 674, Loss: 0.6969959735870361
Step: 675, Loss: 0.6872544288635254
Step: 676, Loss: 0.8347198963165283
Step: 677, Loss: 0.6160455942153931
Step: 678, Loss: 0.690559446811676
Step: 679, Loss: 0.7262415289878845
Step: 680, Loss: 0.7594268321990967
Step: 681, Loss: 0.6701447367668152
Step: 682, Loss: 0.6700986623764038
Step: 683, Loss: 0.6466614603996277
Step: 684, Loss: 0.7323564887046814
Step: 685, Loss: 0.6871843934059143
Step: 686, Loss: 0.971551775932312
Step: 687, Loss: 0.804129958152771
Step: 688, Loss: 0.6404591202735901
Step: 689, Loss: 0.7799258828163147
Step: 690, Loss: 0.6655470728874207
Step: 691, Loss: 0.7654813528060913
Step: 692, Loss: 0.7923645377159119
Step: 693, Loss: 0.694806694984436
Step: 694, Loss: 0.7883313894271851
Step: 695, Loss: 0.6479750275611877
Step: 696, Loss: 0.8835166692733765
Step: 697, Loss: 0.8685224056243896
Step: 698, Loss: 0.9554154872894287
Step: 699, Loss: 0.8358073830604553
Step: 700, Loss: 0.6919423341751099
Step: 701, Loss: 0.7906304597854614
Step: 702, Loss: 0.7342120409011841
Step: 703, Loss: 0.7334214448928833
Step: 704, Loss: 0.7729111313819885
Step: 705, Loss: 0.6366228461265564
Step: 706, Loss: 0.8652238249778748
Step: 707, Loss: 0.7720668315887451
Step: 708, Loss: 0.7365552186965942
Step: 709, Loss: 0.739738941192627
Step: 710, Loss: 0.859459400177002
Step: 711, Loss: 0.6189119219779968
Step: 712, Loss: 0.728182315826416
Step: 713, Loss: 0.5958642363548279
Step: 714, Loss: 0.7038469910621643
Step: 715, Loss: 0.8206610083580017
Step: 716, Loss: 0.9210391044616699
Step: 717, Loss: 0.7375235557556152
Step: 718, Loss: 0.6861067414283752
Step: 719, Loss: 0.7131884694099426
Step: 720, Loss: 0.6770126819610596
Step: 721, Loss: 0.7823157906532288
Step: 722, Loss: 0.6549137830734253
Step: 723, Loss: 0.7050502300262451
Step: 724, Loss: 0.7640869617462158
Step: 725, Loss: 0.6494324803352356
Step: 726, Loss: 0.7422386407852173
Step: 727, Loss: 0.967104971408844
Step: 728, Loss: 0.9598618149757385
Step: 729, Loss: 0.7342374324798584
Step: 730, Loss: 0.6926875710487366
Step: 731, Loss: 0.711259126663208
Step: 732, Loss: 0.7617599964141846
Step: 733, Loss: 0.7214227318763733
Step: 734, Loss: 0.6840896606445312
Step: 735, Loss: 0.8246651291847229
Step: 736, Loss: 0.7394434809684753
Step: 737, Loss: 0.8013980388641357
Step: 738, Loss: 0.6801244616508484
Step: 739, Loss: 0.581748366355896
Step: 740, Loss: 0.7567775845527649
Step: 741, Loss: 0.7884281277656555
Step: 742, Loss: 0.7931897640228271
Step: 743, Loss: 0.5089499950408936
Step: 744, Loss: 0.7766761183738708
Step: 745, Loss: 0.7824742197990417
Step: 746, Loss: 0.6866047382354736
Step: 747, Loss: 0.49172526597976685
Step: 748, Loss: 0.7223849296569824
Step: 749, Loss: 0.6465534567832947
Step: 750, Loss: 0.7645226716995239
Step: 751, Loss: 0.6960691809654236
Step: 752, Loss: 0.7167180180549622
Step: 753, Loss: 0.6479957103729248
Step: 754, Loss: 0.6440576910972595
Step: 755, Loss: 0.6331340670585632
Step: 756, Loss: 0.7626841068267822
Step: 757, Loss: 0.6334207653999329
Step: 758, Loss: 0.6757328510284424
Step: 759, Loss: 0.6860705614089966
Step: 760, Loss: 0.5592831373214722
Step: 761, Loss: 0.7586811184883118
Step: 762, Loss: 0.811864972114563
Step: 763, Loss: 0.692912220954895
Step: 764, Loss: 0.7301543951034546
Step: 765, Loss: 0.7827128171920776
Step: 766, Loss: 0.794438362121582
Step: 767, Loss: 0.7658756971359253
Step: 768, Loss: 0.7222003936767578
Step: 769, Loss: 0.8570693731307983
Step: 770, Loss: 0.6517917513847351
Step: 771, Loss: 0.625098705291748
Step: 772, Loss: 0.6989023089408875
Step: 773, Loss: 0.9230778813362122
Step: 774, Loss: 0.7097676396369934
Step: 775, Loss: 0.5936829447746277
Step: 776, Loss: 0.7826656103134155
Step: 777, Loss: 0.5952620506286621
Step: 778, Loss: 0.6079660654067993
Step: 779, Loss: 0.7183865904808044
Step: 780, Loss: 0.6960598826408386
Step: 781, Loss: 0.678622841835022
Step: 782, Loss: 0.625312089920044
Step: 783, Loss: 0.7055952548980713
Step: 784, Loss: 0.80375736951828
Step: 785, Loss: 0.6627888679504395
Step: 786, Loss: 0.5748860239982605
Step: 787, Loss: 0.6429049372673035
Step: 788, Loss: 0.7744387984275818
Step: 789, Loss: 0.6404327154159546
Step: 790, Loss: 0.6836333870887756
Step: 791, Loss: 0.6033294796943665
Step: 792, Loss: 0.5675110816955566
Step: 793, Loss: 0.571887731552124
Step: 794, Loss: 0.7323547601699829
Step: 795, Loss: 0.5377830266952515
Step: 796, Loss: 0.6527417898178101
Step: 797, Loss: 0.6490454077720642
Step: 798, Loss: 0.5958502888679504
Step: 799, Loss: 0.7996788620948792
Step: 800, Loss: 0.7330799102783203
Step: 801, Loss: 0.7269216775894165
Step: 802, Loss: 0.8194669485092163
Step: 803, Loss: 0.7875211834907532
Step: 804, Loss: 0.7695421576499939
Step: 805, Loss: 0.7267626523971558
Step: 806, Loss: 0.6936371326446533
Step: 807, Loss: 0.6800512075424194
Step: 808, Loss: 0.7296337485313416
Step: 809, Loss: 0.7628949880599976
Step: 810, Loss: 0.7320452332496643
Step: 811, Loss: 0.6988194584846497
Step: 812, Loss: 0.7944316864013672
Step: 813, Loss: 0.7663323283195496
Step: 814, Loss: 0.7267120480537415
Step: 815, Loss: 0.662786066532135
Step: 816, Loss: 0.6997249126434326
Step: 817, Loss: 0.737747073173523
Step: 818, Loss: 0.7409752607345581
Step: 819, Loss: 0.6914007067680359
Step: 820, Loss: 0.6875589489936829
Step: 821, Loss: 0.6691564321517944
Step: 822, Loss: 0.795009195804596
Step: 823, Loss: 0.855760931968689
Step: 824, Loss: 0.7151419520378113
Step: 825, Loss: 0.7236430048942566
Step: 826, Loss: 0.7709702849388123
Step: 827, Loss: 0.7645972371101379
Step: 828, Loss: 0.6784511804580688
Step: 829, Loss: 0.7100410461425781
Step: 830, Loss: 0.7620042562484741
Step: 831, Loss: 0.7033966183662415
Step: 832, Loss: 0.7646880149841309
Step: 833, Loss: 0.6363659501075745
Step: 834, Loss: 0.6759769320487976
Step: 835, Loss: 0.6834656596183777
Step: 836, Loss: 0.5428231954574585
Step: 837, Loss: 0.7442500591278076
Step: 838, Loss: 0.7200096249580383
Step: 839, Loss: 0.7326324582099915
Step: 840, Loss: 0.5859849452972412
Step: 841, Loss: 0.6687960624694824
Step: 842, Loss: 0.8102901577949524
Step: 843, Loss: 0.7411951422691345
Step: 844, Loss: 0.7242953777313232
Step: 845, Loss: 0.8029423952102661
Step: 846, Loss: 0.7561628818511963
Step: 847, Loss: 0.524632453918457
Step: 848, Loss: 0.7337237596511841
Step: 849, Loss: 0.6925100684165955
Step: 850, Loss: 0.7596698999404907
Step: 851, Loss: 0.7881873846054077
Step: 852, Loss: 0.8395358920097351
Step: 853, Loss: 0.7364919781684875
Step: 854, Loss: 0.6834883689880371
Step: 855, Loss: 0.7829543948173523
Step: 856, Loss: 0.7125701904296875
Step: 857, Loss: 0.738609790802002
Step: 858, Loss: 0.7096711993217468
Step: 859, Loss: 0.58232182264328
Step: 860, Loss: 0.7312612533569336
Step: 861, Loss: 0.8645995855331421
Step: 862, Loss: 0.7346829771995544
Step: 863, Loss: 0.6205936074256897
Step: 864, Loss: 0.8692203164100647
Step: 865, Loss: 0.6681857109069824
Step: 866, Loss: 0.7259355783462524
Step: 867, Loss: 0.5760457515716553
Step: 868, Loss: 0.7479148507118225
Step: 869, Loss: 0.7721395492553711
Step: 870, Loss: 0.6275563836097717
Step: 871, Loss: 0.635258674621582
Step: 872, Loss: 0.686400830745697
Step: 873, Loss: 0.84213787317276
Step: 874, Loss: 0.7327108979225159
Step: 875, Loss: 0.6947019100189209
Step: 876, Loss: 0.7061969041824341
Step: 877, Loss: 0.6919361352920532
Step: 878, Loss: 0.6868277788162231
Step: 879, Loss: 0.7032222151756287
Step: 880, Loss: 0.7456023097038269
Step: 881, Loss: 0.6634490489959717
Step: 882, Loss: 0.8483927249908447
Step: 883, Loss: 0.8359254598617554
Step: 884, Loss: 0.7441385984420776
Step: 885, Loss: 0.6063671708106995
Step: 886, Loss: 0.6593596339225769
Step: 887, Loss: 0.6947655081748962
Step: 888, Loss: 0.5219977498054504
Step: 889, Loss: 0.5796840190887451
Step: 890, Loss: 0.8112207055091858
Step: 891, Loss: 0.6730237007141113
Step: 892, Loss: 0.9178259372711182
Step: 893, Loss: 0.8754633069038391
Step: 894, Loss: 0.6302508115768433
Step: 895, Loss: 0.6913412809371948
Step: 896, Loss: 0.6781718730926514
Step: 897, Loss: 0.7227184176445007
Step: 898, Loss: 0.7466835379600525
Step: 899, Loss: 0.6158033013343811
Step: 900, Loss: 0.7477400898933411
Step: 901, Loss: 0.758980929851532
Step: 902, Loss: 0.6521828174591064
Step: 903, Loss: 0.7060879468917847
Step: 904, Loss: 0.7902599573135376
Step: 905, Loss: 0.7132192254066467
Step: 906, Loss: 0.7012766003608704
Step: 907, Loss: 0.7379918098449707
Step: 908, Loss: 0.8153001070022583
Step: 909, Loss: 0.8230361342430115
Step: 910, Loss: 0.8131868839263916
Step: 911, Loss: 0.7325119972229004
Step: 912, Loss: 0.6504490971565247
Step: 913, Loss: 0.7751490473747253
Step: 914, Loss: 0.7410897016525269
Step: 915, Loss: 0.8138676881790161
Step: 916, Loss: 0.7002773880958557
Step: 917, Loss: 0.6718213558197021
Step: 918, Loss: 0.7835294604301453
Step: 919, Loss: 0.662352442741394
Step: 920, Loss: 0.829612672328949
Step: 921, Loss: 0.7494503259658813
Step: 922, Loss: 0.6518576741218567
Step: 923, Loss: 0.7611874938011169
Step: 924, Loss: 0.6956586241722107
Step: 925, Loss: 0.6429164409637451
Step: 926, Loss: 0.6443366408348083
Step: 927, Loss: 0.628420352935791
Step: 928, Loss: 0.630885124206543
Step: 929, Loss: 0.6799584031105042
Step: 930, Loss: 0.6681886315345764
Step: 931, Loss: 0.6545721292495728
Step: 932, Loss: 0.6094639897346497
Step: 933, Loss: 0.6172860264778137
Step: 934, Loss: 0.5669900178909302
Step: 935, Loss: 0.6223040819168091
Step: 936, Loss: 0.6003590822219849
Step: 937, Loss: 0.6126939654350281
Step: 938, Loss: 0.785323977470398
Step: 939, Loss: 0.6607210040092468
Step: 940, Loss: 0.5626476407051086
Step: 941, Loss: 0.6761119961738586
Step: 942, Loss: 0.6370923519134521
Step: 943, Loss: 0.4406272768974304
Step: 944, Loss: 0.4728654623031616
Step: 945, Loss: 0.7134115099906921
Step: 946, Loss: 0.5520877242088318
Step: 947, Loss: 0.7272419929504395
Step: 948, Loss: 0.9083257913589478
Step: 949, Loss: 0.7141966819763184
Step: 950, Loss: 0.6595504879951477
Step: 951, Loss: 0.7161473631858826
Step: 952, Loss: 0.6100046634674072
Step: 953, Loss: 0.7098357677459717
Step: 954, Loss: 0.8334850668907166
Step: 955, Loss: 0.49600350856781006
Step: 956, Loss: 0.7118674516677856
Step: 957, Loss: 0.7133733034133911
Step: 958, Loss: 0.6411482095718384
Step: 959, Loss: 0.6002815961837769
Step: 960, Loss: 0.7261645793914795
Step: 961, Loss: 0.6916044354438782
Step: 962, Loss: 0.5090967416763306
Step: 963, Loss: 0.6379217505455017
Step: 964, Loss: 0.5488807559013367
Step: 965, Loss: 0.6138734221458435
Step: 966, Loss: 0.6517727375030518
Step: 967, Loss: 0.7223723530769348
Step: 968, Loss: 0.6669430136680603
Step: 969, Loss: 0.6698311567306519
Step: 970, Loss: 0.6240336298942566
Step: 971, Loss: 0.5971522927284241
Step: 972, Loss: 0.5885923504829407
Step: 973, Loss: 0.8607869744300842
Step: 974, Loss: 0.5272346138954163
Step: 975, Loss: 0.6021660566329956
Step: 976, Loss: 0.7058370113372803
Step: 977, Loss: 0.7342191934585571
Step: 978, Loss: 0.5675116181373596
Step: 979, Loss: 0.7730864882469177
Step: 980, Loss: 0.7151513695716858
Step: 981, Loss: 0.5802785754203796
Step: 982, Loss: 0.8217672109603882
Step: 983, Loss: 0.5641297698020935
Step: 984, Loss: 0.8075996041297913
Step: 985, Loss: 0.6692243218421936
Step: 986, Loss: 0.552689790725708
Step: 987, Loss: 0.7426518797874451
Step: 988, Loss: 0.6509661078453064
Step: 989, Loss: 0.6043148636817932
Step: 990, Loss: 0.6075316667556763
Step: 991, Loss: 0.7625068426132202
Step: 992, Loss: 0.6147440075874329
Step: 993, Loss: 0.47613295912742615
Step: 994, Loss: 0.5996535420417786
Step: 995, Loss: 0.6094377636909485
Step: 996, Loss: 0.5716984272003174
Step: 997, Loss: 0.5693457126617432
Step: 998, Loss: 0.5989887118339539
Step: 999, Loss: 0.7053928971290588
Step: 1000, Loss: 0.6387422680854797
Step: 1001, Loss: 0.7456706762313843
Step: 1002, Loss: 0.8223884701728821
Step: 1003, Loss: 0.5909066796302795
Step: 1004, Loss: 0.45869800448417664
Step: 1005, Loss: 0.8703954815864563
Step: 1006, Loss: 0.5907919406890869
Step: 1007, Loss: 0.689293622970581
Step: 1008, Loss: 0.6522163152694702
Step: 1009, Loss: 0.5273041725158691
Step: 1010, Loss: 0.7568586468696594
Step: 1011, Loss: 0.8091443777084351
Step: 1012, Loss: 0.6868769526481628
Step: 1013, Loss: 0.5227417349815369
Step: 1014, Loss: 0.6746899485588074
Step: 1015, Loss: 0.65911865234375
Step: 1016, Loss: 0.7568785548210144
Step: 1017, Loss: 0.5482856631278992
Step: 1018, Loss: 0.6053518652915955
Step: 1019, Loss: 0.5869218707084656
Step: 1020, Loss: 0.5966882705688477
Step: 1021, Loss: 0.5857148766517639
Step: 1022, Loss: 0.5145999789237976
Step: 1023, Loss: 0.6562463641166687
Step: 1024, Loss: 0.6612197756767273
Step: 1025, Loss: 0.5851356983184814
Step: 1026, Loss: 0.5430206656455994
Step: 1027, Loss: 0.6179890632629395
Step: 1028, Loss: 0.4850165545940399
Step: 1029, Loss: 0.5717474818229675
Step: 1030, Loss: 0.810620903968811
Step: 1031, Loss: 0.6363301873207092
Step: 1032, Loss: 0.8005688786506653
Step: 1033, Loss: 0.6487451791763306
Step: 1034, Loss: 0.5398643016815186
Step: 1035, Loss: 0.5492187738418579
Step: 1036, Loss: 0.594695508480072
Step: 1037, Loss: 0.6844268441200256
Step: 1038, Loss: 0.6747256517410278
Step: 1039, Loss: 0.7169710993766785
Step: 1040, Loss: 0.7276074886322021
Step: 1041, Loss: 0.7901328206062317
Step: 1042, Loss: 0.5815480351448059
Step: 1043, Loss: 0.5033289194107056
Step: 1044, Loss: 0.5569119453430176
Step: 1045, Loss: 0.6813167929649353
Step: 1046, Loss: 0.5352039337158203
Step: 1047, Loss: 0.6953028440475464
Step: 1048, Loss: 0.5932392477989197
Step: 1049, Loss: 0.6157495975494385
Step: 1050, Loss: 0.6960998773574829
Step: 1051, Loss: 0.7956097722053528
Step: 1052, Loss: 0.7512502074241638
Step: 1053, Loss: 0.5304222106933594
Step: 1054, Loss: 0.6147976517677307
Step: 1055, Loss: 0.6572185158729553
Step: 1056, Loss: 0.6404445171356201
Step: 1057, Loss: 0.8036880493164062
Step: 1058, Loss: 0.5786864161491394
Step: 1059, Loss: 0.7472715377807617
Step: 1060, Loss: 0.6067026853561401
Step: 1061, Loss: 0.7009643316268921
Step: 1062, Loss: 0.6534938216209412
Step: 1063, Loss: 0.8903148770332336
Step: 1064, Loss: 0.5941796898841858
Step: 1065, Loss: 0.6777895092964172
Step: 1066, Loss: 0.7394909262657166
Step: 1067, Loss: 0.56101393699646
Step: 1068, Loss: 0.7619003653526306
Step: 1069, Loss: 0.5564577579498291
Step: 1070, Loss: 0.7307315468788147
Step: 1071, Loss: 0.6634213328361511
Step: 1072, Loss: 0.7412281036376953
Step: 1073, Loss: 0.6542651057243347
Step: 1074, Loss: 0.6682173013687134
Step: 1075, Loss: 0.782940149307251
Step: 1076, Loss: 0.6071512699127197
Step: 1077, Loss: 0.6843360662460327
Step: 1078, Loss: 0.6434836983680725
Step: 1079, Loss: 0.9030335545539856
Step: 1080, Loss: 0.5194419026374817
Step: 1081, Loss: 0.7623937129974365
Step: 1082, Loss: 0.6140981912612915
Step: 1083, Loss: 0.6071744561195374
Step: 1084, Loss: 0.589660108089447
Step: 1085, Loss: 0.6854869723320007
Step: 1086, Loss: 0.5787295699119568
Step: 1087, Loss: 0.6562768816947937
Step: 1088, Loss: 0.6322572231292725
Step: 1089, Loss: 0.5976879000663757
Step: 1090, Loss: 0.716407299041748
Step: 1091, Loss: 0.5892418026924133
Step: 1092, Loss: 0.7840975522994995
Step: 1093, Loss: 0.7354785203933716
Step: 1094, Loss: 0.6879182457923889
Step: 1095, Loss: 0.6759380102157593
Step: 1096, Loss: 0.7125639319419861
Step: 1097, Loss: 0.7971248626708984
Step: 1098, Loss: 0.6084211468696594
Step: 1099, Loss: 0.7612307071685791
Step: 1100, Loss: 0.7450451254844666
Step: 1101, Loss: 0.6593836545944214
Step: 1102, Loss: 0.5819073915481567
Step: 1103, Loss: 0.8513579368591309
Step: 1104, Loss: 0.6387805342674255
Step: 1105, Loss: 0.5575916767120361
Step: 1106, Loss: 0.5446081161499023
Step: 1107, Loss: 0.5096641182899475
Step: 1108, Loss: 0.5800478458404541
Step: 1109, Loss: 0.7440429329872131
Step: 1110, Loss: 0.6936140060424805
Step: 1111, Loss: 0.5924221277236938
Step: 1112, Loss: 0.5258697867393494
Step: 1113, Loss: 0.5899409651756287
Step: 1114, Loss: 0.5555295348167419
Step: 1115, Loss: 0.5755628943443298
Step: 1116, Loss: 0.5715726613998413
Step: 1117, Loss: 0.49432137608528137
Step: 1118, Loss: 0.439960777759552
Step: 1119, Loss: 0.49052685499191284
Step: 1120, Loss: 0.5268954038619995
Step: 1121, Loss: 0.6480873227119446
Step: 1122, Loss: 0.7378835678100586
Step: 1123, Loss: 0.49642413854599
Step: 1124, Loss: 0.5917490720748901
Step: 1125, Loss: 0.43437662720680237
Step: 1126, Loss: 0.4635009467601776
Step: 1127, Loss: 0.492830365896225
Step: 1128, Loss: 0.442943274974823
Step: 1129, Loss: 0.5161551833152771
Step: 1130, Loss: 0.4630163013935089
Step: 1131, Loss: 0.5374513864517212
Step: 1132, Loss: 0.6195480823516846
Step: 1133, Loss: 0.6791043281555176
Step: 1134, Loss: 0.5900704264640808
Step: 1135, Loss: 0.6251510977745056
Step: 1136, Loss: 0.5591416358947754
Step: 1137, Loss: 0.6871611475944519
Step: 1138, Loss: 0.7083556056022644
Step: 1139, Loss: 0.7783985137939453
Step: 1140, Loss: 0.6070547103881836
Step: 1141, Loss: 0.5825971961021423
Step: 1142, Loss: 0.6317958831787109
Step: 1143, Loss: 0.735925555229187
Step: 1144, Loss: 0.5863233208656311
Step: 1145, Loss: 0.6468791365623474
Step: 1146, Loss: 0.6502543091773987
Step: 1147, Loss: 0.6338164210319519
Step: 1148, Loss: 0.5851715803146362
Step: 1149, Loss: 0.7451879978179932
Step: 1150, Loss: 0.7417442202568054
Step: 1151, Loss: 0.4963453710079193
Step: 1152, Loss: 0.6094590425491333
Step: 1153, Loss: 0.5977295637130737
Step: 1154, Loss: 0.5609229803085327
Step: 1155, Loss: 0.5698648691177368
Step: 1156, Loss: 0.5984402298927307
Step: 1157, Loss: 0.5172867178916931
Step: 1158, Loss: 0.6007616519927979
Step: 1159, Loss: 0.4898601174354553
Step: 1160, Loss: 0.7155054211616516
Step: 1161, Loss: 0.61470627784729
Step: 1162, Loss: 0.5589057207107544
Step: 1163, Loss: 0.5266408920288086
Step: 1164, Loss: 0.4867965877056122
Step: 1165, Loss: 0.4765896797180176
Step: 1166, Loss: 0.48225343227386475
Step: 1167, Loss: 0.7245388031005859
Step: 1168, Loss: 0.4034266173839569
Step: 1169, Loss: 0.5550090074539185
Step: 1170, Loss: 0.5076261162757874
Step: 1171, Loss: 0.6124786138534546
Step: 1172, Loss: 0.5590377449989319
Step: 1173, Loss: 0.5494491457939148
Step: 1174, Loss: 0.5170650482177734
Step: 1175, Loss: 0.6695694923400879
Step: 1176, Loss: 0.7116047143936157
Step: 1177, Loss: 0.4034891128540039
Step: 1178, Loss: 0.48154333233833313
Step: 1179, Loss: 0.4827156066894531
Step: 1180, Loss: 0.7341759204864502
Step: 1181, Loss: 0.5319806933403015
Step: 1182, Loss: 0.6815974116325378
Step: 1183, Loss: 0.6048945188522339
Step: 1184, Loss: 0.5974410176277161
Step: 1185, Loss: 0.44786661863327026
Step: 1186, Loss: 0.7802362442016602
Step: 1187, Loss: 0.5053861737251282
Step: 1188, Loss: 0.45402097702026367
Step: 1189, Loss: 0.5322359204292297
Step: 1190, Loss: 0.5445109605789185
Step: 1191, Loss: 0.6387400031089783
Step: 1192, Loss: 0.7173705697059631
Step: 1193, Loss: 0.562200665473938
Step: 1194, Loss: 0.4909686744213104
Step: 1195, Loss: 0.5352683067321777
Step: 1196, Loss: 0.4651634693145752
Step: 1197, Loss: 0.6091485023498535
Step: 1198, Loss: 0.7400193810462952
Step: 1199, Loss: 0.5902145504951477
Step: 1200, Loss: 0.5700019001960754
Step: 1201, Loss: 0.6193904876708984
Step: 1202, Loss: 0.5425100326538086
Step: 1203, Loss: 0.7039529085159302
Step: 1204, Loss: 0.605131208896637
Step: 1205, Loss: 0.7024120688438416
Step: 1206, Loss: 0.6091270446777344
Step: 1207, Loss: 0.6690819263458252
Step: 1208, Loss: 0.7608075141906738
Step: 1209, Loss: 0.5727716088294983
Step: 1210, Loss: 0.5234966278076172
Step: 1211, Loss: 0.563072681427002
Step: 1212, Loss: 0.5894003510475159
Step: 1213, Loss: 0.47193753719329834
Step: 1214, Loss: 0.5551964640617371
Step: 1215, Loss: 0.47158509492874146
Step: 1216, Loss: 0.7035564184188843
Step: 1217, Loss: 0.678973376750946
Step: 1218, Loss: 0.7192274928092957
Step: 1219, Loss: 0.6751327514648438
Step: 1220, Loss: 0.5456947088241577
Step: 1221, Loss: 0.5019891858100891
Step: 1222, Loss: 0.6103205680847168
Step: 1223, Loss: 0.5257037878036499
Step: 1224, Loss: 0.8274458646774292
Step: 1225, Loss: 0.5990661978721619
Step: 1226, Loss: 0.6209912896156311
Step: 1227, Loss: 0.7155253887176514
Step: 1228, Loss: 0.4803653359413147
Step: 1229, Loss: 0.5966827273368835
Step: 1230, Loss: 0.6138619780540466
Step: 1231, Loss: 0.6804032325744629
Step: 1232, Loss: 0.5684237480163574
Step: 1233, Loss: 0.5064619183540344
Step: 1234, Loss: 0.6489573121070862
Step: 1235, Loss: 0.5220116376876831
Step: 1236, Loss: 0.5821161270141602
Step: 1237, Loss: 0.5449476838111877
Step: 1238, Loss: 0.5905755758285522
Step: 1239, Loss: 0.6325207948684692
Step: 1240, Loss: 0.4663533568382263
Step: 1241, Loss: 0.46974995732307434
Step: 1242, Loss: 0.7151690125465393
Step: 1243, Loss: 0.6841779351234436
Step: 1244, Loss: 0.6916626691818237
Step: 1245, Loss: 0.6085978150367737
Step: 1246, Loss: 0.48477548360824585
Step: 1247, Loss: 0.7098198533058167
Step: 1248, Loss: 0.7165760397911072
Step: 1249, Loss: 0.5569395422935486
Step: 1250, Loss: 0.5725050568580627
Step: 1251, Loss: 0.5831037759780884
Step: 1252, Loss: 0.6813384294509888
Step: 1253, Loss: 0.5912025570869446
Step: 1254, Loss: 0.5408444404602051
Step: 1255, Loss: 0.7736678123474121
Step: 1256, Loss: 0.5822920799255371
Step: 1257, Loss: 0.4735499322414398
Step: 1258, Loss: 0.5203958749771118
Step: 1259, Loss: 0.7701550126075745
Step: 1260, Loss: 0.7680115699768066
Step: 1261, Loss: 0.49967846274375916
Step: 1262, Loss: 0.5973150134086609
Step: 1263, Loss: 0.6353210210800171
Step: 1264, Loss: 0.4915767014026642
Step: 1265, Loss: 0.5761693716049194
Step: 1266, Loss: 0.6122986674308777
Step: 1267, Loss: 0.7488575577735901
Step: 1268, Loss: 0.5752785205841064
Step: 1269, Loss: 0.577149510383606
Step: 1270, Loss: 0.5672101378440857
Step: 1271, Loss: 0.5940852761268616
Step: 1272, Loss: 0.5709046125411987
Step: 1273, Loss: 0.7250961065292358
Step: 1274, Loss: 0.490548312664032
Step: 1275, Loss: 0.5292612910270691
Step: 1276, Loss: 0.5984823703765869
Step: 1277, Loss: 0.6335909366607666
Step: 1278, Loss: 0.7631300687789917
Step: 1279, Loss: 0.5993736982345581
Step: 1280, Loss: 0.5275269746780396
Step: 1281, Loss: 0.5818014740943909
Step: 1282, Loss: 0.5184913277626038
Step: 1283, Loss: 0.694124698638916
Step: 1284, Loss: 0.5636605024337769
Step: 1285, Loss: 0.666002094745636
Step: 1286, Loss: 0.6065628528594971
Step: 1287, Loss: 0.43699249625205994
Step: 1288, Loss: 0.718797504901886
Step: 1289, Loss: 0.556620717048645
Step: 1290, Loss: 0.4635576903820038
Step: 1291, Loss: 0.5450475811958313
Step: 1292, Loss: 0.42729341983795166
Step: 1293, Loss: 0.4542447626590729
Step: 1294, Loss: 0.5397251844406128
Step: 1295, Loss: 0.44777408242225647
Step: 1296, Loss: 0.3506021499633789
Step: 1297, Loss: 0.549315869808197
Step: 1298, Loss: 0.6265146136283875
Step: 1299, Loss: 0.576853334903717
Step: 1300, Loss: 0.4419378638267517
Step: 1301, Loss: 0.5111088156700134
Step: 1302, Loss: 0.607063889503479
Step: 1303, Loss: 0.48737403750419617
Step: 1304, Loss: 0.5626102685928345
Step: 1305, Loss: 0.488778680562973
Step: 1306, Loss: 0.719415545463562
Step: 1307, Loss: 0.5044814944267273
Step: 1308, Loss: 0.45952916145324707
Step: 1309, Loss: 0.5117315649986267
Step: 1310, Loss: 0.5393179655075073
Step: 1311, Loss: 0.5037956237792969
Step: 1312, Loss: 0.5192108154296875
Step: 1313, Loss: 0.4465023875236511
Step: 1314, Loss: 0.4774932563304901
Step: 1315, Loss: 0.544784426689148
Step: 1316, Loss: 0.437421977519989
Step: 1317, Loss: 0.5692325830459595
Step: 1318, Loss: 0.7280306220054626
Step: 1319, Loss: 0.4434681534767151
Step: 1320, Loss: 0.4546327590942383
Step: 1321, Loss: 0.5317227244377136
Step: 1322, Loss: 0.4417782425880432
Step: 1323, Loss: 0.43280741572380066
Step: 1324, Loss: 0.4756326973438263
Step: 1325, Loss: 0.3488527238368988
Step: 1326, Loss: 0.4052877128124237
Step: 1327, Loss: 0.28097307682037354
Step: 1328, Loss: 0.569220781326294
Step: 1329, Loss: 0.5683945417404175
Step: 1330, Loss: 0.5619184970855713
Step: 1331, Loss: 0.5194229483604431
Step: 1332, Loss: 0.5771194696426392
Step: 1333, Loss: 0.5047956705093384
Step: 1334, Loss: 0.637758731842041
Step: 1335, Loss: 0.603270947933197
Step: 1336, Loss: 0.43936899304389954
Step: 1337, Loss: 0.5825427174568176
Step: 1338, Loss: 0.5286470651626587
Step: 1339, Loss: 0.4941403567790985
Step: 1340, Loss: 0.5777736902236938
Step: 1341, Loss: 0.6653965711593628
Step: 1342, Loss: 0.5189565420150757
Step: 1343, Loss: 0.5970290899276733
Step: 1344, Loss: 0.4481734335422516
Step: 1345, Loss: 0.37537845969200134
Step: 1346, Loss: 0.5240728259086609
Step: 1347, Loss: 0.5542086958885193
Step: 1348, Loss: 0.5531774163246155
Step: 1349, Loss: 0.5378212928771973
Step: 1350, Loss: 0.42401376366615295
Step: 1351, Loss: 0.4166262745857239
Step: 1352, Loss: 0.6302679181098938
Step: 1353, Loss: 0.7048754692077637
Step: 1354, Loss: 0.6700553894042969
Step: 1355, Loss: 0.5020495057106018
Step: 1356, Loss: 0.37602996826171875
Step: 1357, Loss: 0.44443804025650024
Step: 1358, Loss: 0.5951970219612122
Step: 1359, Loss: 0.4366968274116516
Step: 1360, Loss: 0.5618340373039246
Step: 1361, Loss: 0.6315198540687561
Step: 1362, Loss: 0.585874080657959
Step: 1363, Loss: 0.5886590480804443
Step: 1364, Loss: 0.5756229758262634
Step: 1365, Loss: 0.5632193088531494
Step: 1366, Loss: 0.6223962903022766
Step: 1367, Loss: 0.5525302886962891
Step: 1368, Loss: 0.5356516242027283
Step: 1369, Loss: 0.49496403336524963
Step: 1370, Loss: 0.575710654258728
Step: 1371, Loss: 0.5833666324615479
Step: 1372, Loss: 0.6287384629249573
Step: 1373, Loss: 0.5478208065032959
Step: 1374, Loss: 0.5757802724838257
Step: 1375, Loss: 0.5458143949508667
Step: 1376, Loss: 0.6314520835876465
Step: 1377, Loss: 0.6322089433670044
Step: 1378, Loss: 0.6531062126159668
Step: 1379, Loss: 0.5994812250137329
Step: 1380, Loss: 0.4005022943019867
Step: 1381, Loss: 0.6796610355377197
Step: 1382, Loss: 0.5491315126419067
Step: 1383, Loss: 0.5645731091499329
Step: 1384, Loss: 0.36534804105758667
Step: 1385, Loss: 0.5119096040725708
Step: 1386, Loss: 0.44350698590278625
Step: 1387, Loss: 0.32911938428878784
Step: 1388, Loss: 0.381362646818161
Step: 1389, Loss: 0.5670170783996582
Step: 1390, Loss: 0.5992189645767212
Step: 1391, Loss: 0.45751869678497314
Step: 1392, Loss: 0.8075039386749268
Step: 1393, Loss: 0.4915114641189575
Step: 1394, Loss: 0.5320925712585449
Step: 1395, Loss: 0.5437771081924438
Step: 1396, Loss: 0.5694788694381714
Step: 1397, Loss: 0.5704354047775269
Step: 1398, Loss: 0.5596126914024353
Step: 1399, Loss: 0.5418744683265686
Step: 1400, Loss: 0.665955662727356
Step: 1401, Loss: 0.3949585258960724
Step: 1402, Loss: 0.520657479763031
Step: 1403, Loss: 0.5237718224525452
Step: 1404, Loss: 0.5074900984764099
Step: 1405, Loss: 0.45621031522750854
Step: 1406, Loss: 0.5502347350120544
Step: 1407, Loss: 0.5527106523513794
Step: 1408, Loss: 0.5142799615859985
Step: 1409, Loss: 0.4760349988937378
Step: 1410, Loss: 0.615794837474823
Step: 1411, Loss: 0.5727510452270508
Step: 1412, Loss: 0.5280829071998596
Step: 1413, Loss: 0.36569204926490784
Step: 1414, Loss: 0.5837432742118835
Step: 1415, Loss: 0.5966892242431641
Step: 1416, Loss: 0.6375918388366699
Step: 1417, Loss: 0.4056987166404724
Step: 1418, Loss: 0.6149601936340332
Step: 1419, Loss: 0.48624101281166077
Step: 1420, Loss: 0.37007540464401245
Step: 1421, Loss: 0.6147329211235046
Step: 1422, Loss: 0.462028443813324
Step: 1423, Loss: 0.3803028464317322
Step: 1424, Loss: 0.5811745524406433
Step: 1425, Loss: 0.39086753129959106
Step: 1426, Loss: 0.4850180447101593
Step: 1427, Loss: 0.5020120739936829
Step: 1428, Loss: 0.5499906539916992
Step: 1429, Loss: 0.6437118649482727
Step: 1430, Loss: 0.49514999985694885
Step: 1431, Loss: 0.5223419666290283
Step: 1432, Loss: 0.5505626201629639
Step: 1433, Loss: 0.41838154196739197
Step: 1434, Loss: 0.5361513495445251
Step: 1435, Loss: 0.4837229549884796
Step: 1436, Loss: 0.6922723054885864
Step: 1437, Loss: 0.5440706014633179
Step: 1438, Loss: 0.4574049413204193
Step: 1439, Loss: 0.5327284336090088
Step: 1440, Loss: 0.35345351696014404
Step: 1441, Loss: 0.720617413520813
Step: 1442, Loss: 0.5061905980110168
Step: 1443, Loss: 0.5124717950820923
Step: 1444, Loss: 0.5966780185699463
Step: 1445, Loss: 0.39271894097328186
Step: 1446, Loss: 0.45571234822273254
Step: 1447, Loss: 0.49048006534576416
Step: 1448, Loss: 0.6494845747947693
Step: 1449, Loss: 0.4276077449321747
Step: 1450, Loss: 0.5911898612976074
Step: 1451, Loss: 0.5143763422966003
Step: 1452, Loss: 0.6028159260749817
Step: 1453, Loss: 0.5544775128364563
Step: 1454, Loss: 0.5128760933876038
Step: 1455, Loss: 0.460002064704895
Step: 1456, Loss: 0.48643791675567627
Step: 1457, Loss: 0.6835700273513794
Step: 1458, Loss: 0.6167845726013184
Step: 1459, Loss: 0.4703618586063385
Step: 1460, Loss: 0.44613128900527954
Step: 1461, Loss: 0.5451686978340149
Step: 1462, Loss: 0.4581383764743805
Step: 1463, Loss: 0.4506468176841736
Step: 1464, Loss: 0.4633086621761322
Step: 1465, Loss: 0.6742150187492371
Step: 1466, Loss: 0.37997952103614807
Step: 1467, Loss: 0.5224008560180664
Step: 1468, Loss: 0.4261331856250763
Step: 1469, Loss: 0.723764955997467
Step: 1470, Loss: 0.47924357652664185
Step: 1471, Loss: 0.6550650596618652
Step: 1472, Loss: 0.5040013790130615
Step: 1473, Loss: 0.3634963035583496
Step: 1474, Loss: 0.3204261362552643
Step: 1475, Loss: 0.4390356242656708
Step: 1476, Loss: 0.44822514057159424
Step: 1477, Loss: 0.48928365111351013
Step: 1478, Loss: 0.3628174662590027
Step: 1479, Loss: 0.4846329987049103
Step: 1480, Loss: 0.36607760190963745
Step: 1481, Loss: 0.5772184133529663
Step: 1482, Loss: 0.37839674949645996
Step: 1483, Loss: 0.4162786602973938
Step: 1484, Loss: 0.43842628598213196
Step: 1485, Loss: 0.27856919169425964
Step: 1486, Loss: 0.294754296541214
Step: 1487, Loss: 0.5026843547821045
Step: 1488, Loss: 0.44255056977272034
Step: 1489, Loss: 0.5341170430183411
Step: 1490, Loss: 0.4193837642669678
Step: 1491, Loss: 0.4263623058795929
Step: 1492, Loss: 0.3152652978897095
Step: 1493, Loss: 0.2771136462688446
Step: 1494, Loss: 0.5894487500190735
Step: 1495, Loss: 0.44863471388816833
Step: 1496, Loss: 0.47928762435913086
Step: 1497, Loss: 0.36575308442115784
Step: 1498, Loss: 0.40394753217697144
Step: 1499, Loss: 0.43498656153678894
Step: 1500, Loss: 0.45172080397605896
Step: 1501, Loss: 0.49864956736564636
Step: 1502, Loss: 0.30885595083236694
Step: 1503, Loss: 0.6333712339401245
Step: 1504, Loss: 0.4123676121234894
Step: 1505, Loss: 0.3071245849132538
Step: 1506, Loss: 0.40800440311431885
Step: 1507, Loss: 0.45218029618263245
Step: 1508, Loss: 0.5422943830490112
Step: 1509, Loss: 0.5286241173744202
Step: 1510, Loss: 0.47429707646369934
Step: 1511, Loss: 0.4592786133289337
Step: 1512, Loss: 0.48694565892219543
Step: 1513, Loss: 0.3386964797973633
Step: 1514, Loss: 0.2749435305595398
Step: 1515, Loss: 0.3981436491012573
Step: 1516, Loss: 0.40530022978782654
Step: 1517, Loss: 0.5701422095298767
Step: 1518, Loss: 0.32972729206085205
Step: 1519, Loss: 0.38757914304733276
Step: 1520, Loss: 0.3522191643714905
Step: 1521, Loss: 0.45288702845573425
Step: 1522, Loss: 0.2712780237197876
Step: 1523, Loss: 0.4247487187385559
Step: 1524, Loss: 0.3902950584888458
Step: 1525, Loss: 0.41362905502319336
Step: 1526, Loss: 0.4008578062057495
Step: 1527, Loss: 0.4533573389053345
Step: 1528, Loss: 0.4308851957321167
Step: 1529, Loss: 0.5175039768218994
Step: 1530, Loss: 0.6138258576393127
Step: 1531, Loss: 0.4955333471298218
Step: 1532, Loss: 0.35397791862487793
Step: 1533, Loss: 0.48936477303504944
Step: 1534, Loss: 0.42829132080078125
Step: 1535, Loss: 0.39012640714645386
Step: 1536, Loss: 0.4011537432670593
Step: 1537, Loss: 0.5541818737983704
Step: 1538, Loss: 0.5372623205184937
Step: 1539, Loss: 0.4169815182685852
Step: 1540, Loss: 0.27069541811943054
Step: 1541, Loss: 0.5117345452308655
Step: 1542, Loss: 0.42163699865341187
Step: 1543, Loss: 0.5175411105155945
Step: 1544, Loss: 0.4608692526817322
Step: 1545, Loss: 0.36850985884666443
Step: 1546, Loss: 0.5197473764419556
Step: 1547, Loss: 0.4573674201965332
Step: 1548, Loss: 0.5517141819000244
Step: 1549, Loss: 0.3412814140319824
Step: 1550, Loss: 0.45116305351257324
Step: 1551, Loss: 0.5217830538749695
Step: 1552, Loss: 0.41775304079055786
Step: 1553, Loss: 0.44009047746658325
Step: 1554, Loss: 0.39375072717666626
Step: 1555, Loss: 0.5498952865600586
Step: 1556, Loss: 0.4638201594352722
Step: 1557, Loss: 0.5088030695915222
Step: 1558, Loss: 0.5762032866477966
Step: 1559, Loss: 0.4276416301727295
Step: 1560, Loss: 0.30459994077682495
Step: 1561, Loss: 0.3761895000934601
Step: 1562, Loss: 0.30805251002311707
Step: 1563, Loss: 0.35665810108184814
Step: 1564, Loss: 0.47015994787216187
Step: 1565, Loss: 0.4439455568790436
Step: 1566, Loss: 0.5108423829078674
Step: 1567, Loss: 0.45539429783821106
Step: 1568, Loss: 0.4499809741973877
Step: 1569, Loss: 0.49168434739112854
Step: 1570, Loss: 0.42591774463653564
Step: 1571, Loss: 0.4324892461299896
Step: 1572, Loss: 0.5072986483573914
Step: 1573, Loss: 0.35072097182273865
Step: 1574, Loss: 0.4378274083137512
Step: 1575, Loss: 0.394912987947464
Step: 1576, Loss: 0.37473171949386597
Step: 1577, Loss: 0.5302849411964417
Step: 1578, Loss: 0.48474013805389404
Step: 1579, Loss: 0.6853157877922058
Step: 1580, Loss: 0.4023716151714325
Step: 1581, Loss: 0.45808398723602295
Step: 1582, Loss: 0.647095263004303
Step: 1583, Loss: 0.4313153326511383
Step: 1584, Loss: 0.42617204785346985
Step: 1585, Loss: 0.3919357359409332
Step: 1586, Loss: 0.588428258895874
Step: 1587, Loss: 0.49263232946395874
Step: 1588, Loss: 0.5259957313537598
Step: 1589, Loss: 0.49449658393859863
Step: 1590, Loss: 0.4249345660209656
Step: 1591, Loss: 0.44319620728492737
Step: 1592, Loss: 0.29668188095092773
Step: 1593, Loss: 0.4145353436470032
Step: 1594, Loss: 0.4359877109527588
Step: 1595, Loss: 0.4903987646102905
Step: 1596, Loss: 0.6017463803291321
Step: 1597, Loss: 0.5228365063667297
Step: 1598, Loss: 0.4756607413291931
Step: 1599, Loss: 0.5776934027671814
Step: 1600, Loss: 0.48751145601272583
Step: 1601, Loss: 0.5876001119613647
Step: 1602, Loss: 0.55950528383255
Step: 1603, Loss: 0.42267492413520813
Step: 1604, Loss: 0.4492829442024231
Step: 1605, Loss: 0.5087993144989014
Step: 1606, Loss: 0.5302521586418152
Step: 1607, Loss: 0.5980364084243774
Step: 1608, Loss: 0.4904789328575134
Step: 1609, Loss: 0.48954683542251587
Step: 1610, Loss: 0.47735247015953064
Step: 1611, Loss: 0.5784034132957458
Step: 1612, Loss: 0.34000468254089355
Step: 1613, Loss: 0.411437451839447
Step: 1614, Loss: 0.39445188641548157
Step: 1615, Loss: 0.5742825269699097
Step: 1616, Loss: 0.44863638281822205
Step: 1617, Loss: 0.565445065498352
Step: 1618, Loss: 0.4166771471500397
Step: 1619, Loss: 0.4981890618801117
Step: 1620, Loss: 0.31802693009376526
Step: 1621, Loss: 0.4060947597026825
Step: 1622, Loss: 0.4250728189945221
Step: 1623, Loss: 0.5769698023796082
Step: 1624, Loss: 0.5369457006454468
Step: 1625, Loss: 0.5283766388893127
Step: 1626, Loss: 0.5602754950523376
Step: 1627, Loss: 0.46711498498916626
Step: 1628, Loss: 0.6369258165359497
Step: 1629, Loss: 0.5387152433395386
Step: 1630, Loss: 0.4984714388847351
Step: 1631, Loss: 0.45515111088752747
Step: 1632, Loss: 0.3522263169288635
Step: 1633, Loss: 0.37301576137542725
Step: 1634, Loss: 0.3986920118331909
Step: 1635, Loss: 0.6159827709197998
Step: 1636, Loss: 0.5212045907974243
Step: 1637, Loss: 0.489668607711792
Step: 1638, Loss: 0.48608264327049255
Step: 1639, Loss: 0.4851981997489929
Step: 1640, Loss: 0.612816572189331
Step: 1641, Loss: 0.5331062078475952
Step: 1642, Loss: 0.39410537481307983
Step: 1643, Loss: 0.471996545791626
Step: 1644, Loss: 0.4658540189266205
Step: 1645, Loss: 0.49176329374313354
Step: 1646, Loss: 0.4832460880279541
Step: 1647, Loss: 0.43293458223342896
Step: 1648, Loss: 0.49457409977912903
Step: 1649, Loss: 0.36952435970306396
Step: 1650, Loss: 0.4539833962917328
Step: 1651, Loss: 0.521356463432312
Step: 1652, Loss: 0.4838828444480896
Step: 1653, Loss: 0.36178529262542725
Step: 1654, Loss: 0.46256372332572937
Step: 1655, Loss: 0.4998226463794708
Step: 1656, Loss: 0.4248245656490326
Step: 1657, Loss: 0.3644017279148102
Step: 1658, Loss: 0.33037930727005005
Step: 1659, Loss: 0.41644275188446045
Step: 1660, Loss: 0.2539532482624054
Step: 1661, Loss: 0.3074222803115845
Step: 1662, Loss: 0.3408032953739166
Step: 1663, Loss: 0.3314948081970215
Step: 1664, Loss: 0.4560183584690094
Step: 1665, Loss: 0.2916894853115082
Step: 1666, Loss: 0.2944944500923157
Step: 1667, Loss: 0.33075374364852905
Step: 1668, Loss: 0.4377686381340027
Step: 1669, Loss: 0.5293413996696472
Step: 1670, Loss: 0.35322514176368713
Step: 1671, Loss: 0.23573996126651764
Step: 1672, Loss: 0.3968554437160492
Step: 1673, Loss: 0.4054062068462372
Step: 1674, Loss: 0.3217577040195465
Step: 1675, Loss: 0.4634079039096832
Step: 1676, Loss: 0.25710734724998474
Step: 1677, Loss: 0.3871096074581146
Step: 1678, Loss: 0.32889121770858765
Step: 1679, Loss: 0.48642659187316895
Step: 1680, Loss: 0.3357188403606415
Step: 1681, Loss: 0.39332306385040283
Step: 1682, Loss: 0.30391061305999756
Step: 1683, Loss: 0.42957377433776855
Step: 1684, Loss: 0.37774142622947693
Step: 1685, Loss: 0.27105265855789185
Step: 1686, Loss: 0.3735213279724121
Step: 1687, Loss: 0.36669421195983887
Step: 1688, Loss: 0.5401613116264343
Step: 1689, Loss: 0.37464439868927
Step: 1690, Loss: 0.40965506434440613
Step: 1691, Loss: 0.2664731740951538
Step: 1692, Loss: 0.3902270197868347
Step: 1693, Loss: 0.28204524517059326
Step: 1694, Loss: 0.26153817772865295
Step: 1695, Loss: 0.3902404308319092
Step: 1696, Loss: 0.5293458104133606
Step: 1697, Loss: 0.45216304063796997
Step: 1698, Loss: 0.36992233991622925
Step: 1699, Loss: 0.7094194293022156
Step: 1700, Loss: 0.46210214495658875
Step: 1701, Loss: 0.37988150119781494
Step: 1702, Loss: 0.40464845299720764
Step: 1703, Loss: 0.38884657621383667
Step: 1704, Loss: 0.4828532934188843
Step: 1705, Loss: 0.28397732973098755
Step: 1706, Loss: 0.4940164089202881
Step: 1707, Loss: 0.34831032156944275
Step: 1708, Loss: 0.35475316643714905
Step: 1709, Loss: 0.33248671889305115
Step: 1710, Loss: 0.30940011143684387
Step: 1711, Loss: 0.3221070170402527
Step: 1712, Loss: 0.331278920173645
Step: 1713, Loss: 0.23775511980056763
Step: 1714, Loss: 0.3099014461040497
Step: 1715, Loss: 0.44522443413734436
Step: 1716, Loss: 0.3334369361400604
Step: 1717, Loss: 0.3640490174293518
Step: 1718, Loss: 0.3258762061595917
Step: 1719, Loss: 0.33834874629974365
Step: 1720, Loss: 0.3483041822910309
Step: 1721, Loss: 0.3421858847141266
Step: 1722, Loss: 0.38534823060035706
Step: 1723, Loss: 0.4064908027648926
Step: 1724, Loss: 0.45701655745506287
Step: 1725, Loss: 0.43409448862075806
Step: 1726, Loss: 0.28177574276924133
Step: 1727, Loss: 0.28693506121635437
Step: 1728, Loss: 0.2384444922208786
Step: 1729, Loss: 0.43051037192344666
Step: 1730, Loss: 0.4371751546859741
Step: 1731, Loss: 0.37848708033561707
Step: 1732, Loss: 0.40349096059799194
Step: 1733, Loss: 0.2578633427619934
Step: 1734, Loss: 0.29103606939315796
Step: 1735, Loss: 0.3572406470775604
Step: 1736, Loss: 0.44252651929855347
Step: 1737, Loss: 0.3279668986797333
Step: 1738, Loss: 0.34759747982025146
Step: 1739, Loss: 0.4726775884628296
Step: 1740, Loss: 0.538381040096283
Step: 1741, Loss: 0.38166025280952454
Step: 1742, Loss: 0.4559035897254944
Step: 1743, Loss: 0.27920541167259216
Step: 1744, Loss: 0.32327792048454285
Step: 1745, Loss: 0.2869481146335602
Step: 1746, Loss: 0.3172397315502167
Step: 1747, Loss: 0.3216071128845215
Step: 1748, Loss: 0.3010348379611969
Step: 1749, Loss: 0.3337722420692444
Step: 1750, Loss: 0.33059003949165344
Step: 1751, Loss: 0.5920441746711731
Step: 1752, Loss: 0.3481610417366028
Step: 1753, Loss: 0.4869568645954132
Step: 1754, Loss: 0.5442744493484497
Step: 1755, Loss: 0.4701647460460663
Step: 1756, Loss: 0.6684645414352417
Step: 1757, Loss: 0.4318997859954834
Step: 1758, Loss: 0.45566290616989136
Step: 1759, Loss: 0.23652483522891998
Step: 1760, Loss: 0.6055353283882141
Step: 1761, Loss: 0.39019423723220825
Step: 1762, Loss: 0.2777494788169861
Step: 1763, Loss: 0.34218618273735046
Step: 1764, Loss: 0.6431462168693542
Step: 1765, Loss: 0.4692089557647705
Step: 1766, Loss: 0.2836882770061493
Step: 1767, Loss: 0.3745134770870209
Step: 1768, Loss: 0.3424745202064514
Step: 1769, Loss: 0.42892059683799744
Step: 1770, Loss: 0.4963478446006775
Step: 1771, Loss: 0.37797605991363525
Step: 1772, Loss: 0.24416443705558777
Step: 1773, Loss: 0.38101083040237427
Step: 1774, Loss: 0.27700182795524597
Step: 1775, Loss: 0.6782304644584656
Step: 1776, Loss: 0.4828622043132782
Step: 1777, Loss: 0.48425906896591187
Step: 1778, Loss: 0.5014428496360779
Step: 1779, Loss: 0.39483973383903503
Step: 1780, Loss: 0.47401726245880127
Step: 1781, Loss: 0.40799248218536377
Step: 1782, Loss: 0.4236918091773987
Step: 1783, Loss: 0.5270507335662842
Step: 1784, Loss: 0.5844494700431824
Step: 1785, Loss: 0.45262882113456726
Step: 1786, Loss: 0.434504896402359
Step: 1787, Loss: 0.4314712584018707
Step: 1788, Loss: 0.43469083309173584
Step: 1789, Loss: 0.4698314666748047
Step: 1790, Loss: 0.31218037009239197
Step: 1791, Loss: 0.33503419160842896
Step: 1792, Loss: 0.3845002353191376
Step: 1793, Loss: 0.4442635178565979
Step: 1794, Loss: 0.4870758354663849
Step: 1795, Loss: 0.4453110694885254
Step: 1796, Loss: 0.4193074405193329
Step: 1797, Loss: 0.5310439467430115
Step: 1798, Loss: 0.33010774850845337
Step: 1799, Loss: 0.3245009481906891
Step: 1800, Loss: 0.3879599869251251
Step: 1801, Loss: 0.38790878653526306
Step: 1802, Loss: 0.5757727026939392
Step: 1803, Loss: 0.3424803912639618
Step: 1804, Loss: 0.31209510564804077
Step: 1805, Loss: 0.34216272830963135
Step: 1806, Loss: 0.33931687474250793
Step: 1807, Loss: 0.5022658109664917
Step: 1808, Loss: 0.4690077304840088
Step: 1809, Loss: 0.4979783296585083
Step: 1810, Loss: 0.44943374395370483
Step: 1811, Loss: 0.4265371859073639
Step: 1812, Loss: 0.3828326463699341
Step: 1813, Loss: 0.38084056973457336
Step: 1814, Loss: 0.3753200173377991
Step: 1815, Loss: 0.4646643400192261
Step: 1816, Loss: 0.3039456903934479
Step: 1817, Loss: 0.5481464266777039
Step: 1818, Loss: 0.32975929975509644
Step: 1819, Loss: 0.33295080065727234
Step: 1820, Loss: 0.3786890208721161
Step: 1821, Loss: 0.41210827231407166
Step: 1822, Loss: 0.5176609754562378
Step: 1823, Loss: 0.44078338146209717
Step: 1824, Loss: 0.5609350204467773
Step: 1825, Loss: 0.33685845136642456
Step: 1826, Loss: 0.4665346145629883
Step: 1827, Loss: 0.36944344639778137
Step: 1828, Loss: 0.4590013325214386
Step: 1829, Loss: 0.5291076302528381
Step: 1830, Loss: 0.3616218566894531
Step: 1831, Loss: 0.4213097393512726
Step: 1832, Loss: 0.6103472113609314
Step: 1833, Loss: 0.4829082787036896
Step: 1834, Loss: 0.45652052760124207
Step: 1835, Loss: 0.4201851487159729
Step: 1836, Loss: 0.46073082089424133
Step: 1837, Loss: 0.29647260904312134
Step: 1838, Loss: 0.4169999659061432
Step: 1839, Loss: 0.5554124712944031
Step: 1840, Loss: 0.4316716492176056
Output File: /home/rgg2706/Multimodal-Sentiment-Analysis/Logs/HHMAFM/2024-10-22/sub-1/001_Oct-22-2024_08:52_AM/trainval_loss_curves.png
Training and validation loss curves saved to /home/rgg2706/Multimodal-Sentiment-Analysis/Logs/HHMAFM/2024-10-22/sub-1/001_Oct-22-2024_08:52_AM/trainval_loss_curves.png
Total Completion Time: 110.40 minutes. (1.84 hours) 
