Number of GPUs available: 1
Logs directory: /home/rgg2706/Multimodal-Sentiment-Analysis/Logs/HHMAFM/2024-10-19/034_Oct-19-2024_05:40_PM
/home/rgg2706/Multimodal-Sentiment-Analysis/Logs/HHMAFM/2024-10-19/034_Oct-19-2024_05:40_PM
> training arguments:
>>> rand_seed: 8
>>> model_name: mfcchfusion2
>>> dataset: mvsa-mts-100
>>> optimizer: <class 'torch.optim.adam.Adam'>
>>> initializer: <function xavier_uniform_ at 0x7f829205da80>
>>> learning_rate: 0.001
>>> dropout_rate: 0.5
>>> num_epoch: 10
>>> batch_size: 128
>>> log_step: 20
>>> max_seq_len: 64
>>> polarities_dim: 3
>>> clip_grad: 5.0
>>> path_image: ./Datasets/MVSA-MTS/images-indexed
>>> crop_size: 224
>>> roberta_text_feature_dim: 768
>>> roberta_topic_feature_dim: 50
>>> resnet_feature_dim: 2048
>>> densenet_feature_dim: 1024
>>> common_dim: 512
>>> num_classes: 3
>>> model_class: <class 'models.mfcchfusion2.MFCCHFUSION2'>
Preparing mvsa-mts-100 dataset...
-------------- Loading Datasets/MVSA-MTS/mvsa-mts-100/train.tsv ---------------
Time taken to load Datasets/MVSA-MTS/mvsa-mts-100/train.tsv: 1.25 seconds (0.02 minutes)
The number of problematic samples: 5
-------------- Loading Datasets/MVSA-MTS/mvsa-mts-100/val.tsv ---------------
Time taken to load Datasets/MVSA-MTS/mvsa-mts-100/val.tsv: 0.41 seconds (0.01 minutes)
The number of problematic samples: 1
-------------- Loading Datasets/MVSA-MTS/mvsa-mts-100/test.tsv ---------------
Time taken to load Datasets/MVSA-MTS/mvsa-mts-100/test.tsv: 0.38 seconds (0.01 minutes)
The number of problematic samples: 1
Total Training Samples: 100
Number of Training Samples: 60
Number of Development Samples: 20
Number of Test Samples: 20
Number of unique sentiment classes: 3
building model
