SIMPLE-F4_multiattfusion_MOA-MVSA-multiple_lr0.001_dr0.5
SLURM Job ID: 20052025
Number of GPUs available: 1
Python PATH: ['/home/rgg2706/Multimodal-Sentiment-Analysis/Models/SIMPLE-F4/src', '/home/rgg2706/Multimodal-Sentiment-Analysis', '/Models/SIMPLE-F4/src', '/.autofs/tools/spack/var/spack/environments/default-nlp-x86_64-24072401/.spack-env/._view/wtxwc3mlkmzy7fbaxlum2674jarpitc2/lib/python311.zip', '/.autofs/tools/spack/var/spack/environments/default-nlp-x86_64-24072401/.spack-env/._view/wtxwc3mlkmzy7fbaxlum2674jarpitc2/lib/python3.11', '/.autofs/tools/spack/var/spack/environments/default-nlp-x86_64-24072401/.spack-env/._view/wtxwc3mlkmzy7fbaxlum2674jarpitc2/lib/python3.11/lib-dynload', '/.autofs/tools/spack/var/spack/environments/default-nlp-x86_64-24072401/.spack-env/._view/wtxwc3mlkmzy7fbaxlum2674jarpitc2/lib/python3.11/site-packages']
Logs directory: /home/rgg2706/Multimodal-Sentiment-Analysis/Logs/SIMPLE-F4/2025-03-09/sub-2/001_Mar-09-2025_10:01_PM
> training arguments:
>>> rand_seed: 8
>>> model_fusion: multiattfusion
>>> dataset: MOA-MVSA-multiple
>>> optimizer: <class 'torch.optim.adam.Adam'>
>>> initializer: <function xavier_uniform_ at 0x7f03a3799580>
>>> learning_rate: 0.001
>>> dropout_rate: 0.5
>>> weight_decay: 0.0
>>> num_layers: 3
>>> num_epoch: 25
>>> batch_size: 128
>>> log_step: 60
>>> max_seq_len: 120
>>> polarities_dim: 3
>>> clip_grad: 5.0
>>> path_image: ./images
>>> crop_size: 224
>>> n_head: 8
>>> hidden_dim: 768
>>> num_classes: 3
>>> log_dir: /home/rgg2706/Multimodal-Sentiment-Analysis/Logs/SIMPLE-F4/2025-03-09/sub-2/001_Mar-09-2025_10:01_PM
>>> counter: 0
>>> model_class: <class 'models.multiattfusion.MultiAttFusion'>
Error loading image /home/rgg2706/Multimodal-Sentiment-Analysis/Datasets/MOA-MVSA-multiple/image/5995.jpg: cannot identify image file '/home/rgg2706/Multimodal-Sentiment-Analysis/Datasets/MOA-MVSA-multiple/image/5995.jpg'
  [*] Using fallback image: /home/rgg2706/Multimodal-Sentiment-Analysis/Datasets/0default.jpg
Error loading image /home/rgg2706/Multimodal-Sentiment-Analysis/Datasets/MOA-MVSA-multiple/image/15324.jpg: image file is truncated (4 bytes not processed)
  [*] Using fallback image: /home/rgg2706/Multimodal-Sentiment-Analysis/Datasets/0default.jpg
Error loading image /home/rgg2706/Multimodal-Sentiment-Analysis/Datasets/MOA-MVSA-multiple/image/3910.jpg: cannot identify image file '/home/rgg2706/Multimodal-Sentiment-Analysis/Datasets/MOA-MVSA-multiple/image/3910.jpg'
  [*] Using fallback image: /home/rgg2706/Multimodal-Sentiment-Analysis/Datasets/0default.jpg

[DEBUG] First 5 training texts:
    ID: 2499 | Overall sentiment: 1 | Text: knocked doors with the venerable  team trudeau lpc candidate kylejpeterson this aft in my hometown  aurora! elxn
    ID: 2500 | Overall sentiment: 1 | Text: canvassing for  elect kelly yeg yegfed elxn
    ID: 2502 | Overall sentiment: 1 | Text: i think it is time for change   ana  commit to  vote  generation trudeau  sfu lpc elxn  url 
    ID: 2504 | Overall sentiment: 1 | Text: rdy to watch  thomas mulcair rock it tnight in the globeandmail debate at  winnipeg news  cafe  ndp cdnpoli elxn
    ID: 2505 | Overall sentiment: 1 | Text: cannot wait to vote for kenthehr and  justin trudeau on  october . cdnpoli elxn  real change  go  team hehr
Building model
1
n_trainable_params: 4820739, n_nontrainable_params: 0
>>>>>>>>>>>>>>>>>>>>>>>>>>>>>>>>>>>>>>>>>>>>>>>>>>>>>>>>>>>>>>>>>>>>>>>>>>>>>>>>>>>>>>>>>>>>>>>>>>>>
epoch: 0
[DEBUG] Sample predictions in evaluate:  tensor([0, 2, 0, 0, 0, 2, 2, 2, 0, 1], device='cuda:0')
[DEBUG] outputs.shape: torch.Size([128, 3])
[DEBUG] Sample of raw logits (first 5):
tensor([[ 0.1852,  0.0723,  0.0574],
        [-0.2430, -0.3789,  0.0298],
        [ 0.2289, -0.0044,  0.1944],
        [-0.1545, -0.3744, -0.1748],
        [-0.1736, -0.2493, -0.3153]], device='cuda:0',
       grad_fn=<SliceBackward0>)
[DEBUG] Sample of predicted probabilities (first 5):
tensor([[0.3606, 0.3221, 0.3173],
        [0.3138, 0.2739, 0.4122],
        [0.3626, 0.2871, 0.3503],
        [0.3594, 0.2884, 0.3522],
        [0.3578, 0.3317, 0.3105]], device='cuda:0', grad_fn=<SliceBackward0>)
Batch 0 completed in 1.24 seconds (0.02 minutes)
New best val_f1: 0.270543 (previous best: 0.000000)
loss: 1.190853, val_acc: 68.30% (0.682975), val_f1: 27.05% (0.270543), test_acc: 66.94% (0.669407), test_f1: 26.73% (0.267323)
Batch 60 completed in 0.72 seconds (0.01 minutes)
New best val_f1: 0.407332 (previous best: 0.270543)
loss: 0.683325, val_acc: 69.15% (0.691455), val_f1: 40.73% (0.407332), test_acc: 66.76% (0.667645), test_f1: 38.31% (0.383058)
Epoch 0 completed in 109.10 seconds (1.82 minutes)
>>>>>>>>>>>>>>>>>>>>>>>>>>>>>>>>>>>>>>>>>>>>>>>>>>>>>>>>>>>>>>>>>>>>>>>>>>>>>>>>>>>>>>>>>>>>>>>>>>>>
epoch: 1
Batch 0 completed in 0.72 seconds (0.01 minutes)
New best val_f1: 0.462522 (previous best: 0.407332)
loss: 0.693182, val_acc: 69.67% (0.696673), val_f1: 46.25% (0.462522), test_acc: 67.23% (0.672343), test_f1: 43.35% (0.433460)
Batch 60 completed in 0.73 seconds (0.01 minutes)
loss: 0.774926, val_acc: 69.73% (0.697326), val_f1: 45.43% (0.454254), test_acc: 67.70% (0.677041), test_f1: 43.51% (0.435085)
Epoch 1 completed in 110.57 seconds (1.84 minutes)
>>>>>>>>>>>>>>>>>>>>>>>>>>>>>>>>>>>>>>>>>>>>>>>>>>>>>>>>>>>>>>>>>>>>>>>>>>>>>>>>>>>>>>>>>>>>>>>>>>>>
epoch: 2
Batch 0 completed in 0.73 seconds (0.01 minutes)
New best val_f1: 0.501635 (previous best: 0.462522)
loss: 0.604544, val_acc: 69.67% (0.696673), val_f1: 50.16% (0.501635), test_acc: 67.70% (0.677041), test_f1: 48.90% (0.489033)
Batch 60 completed in 0.73 seconds (0.01 minutes)
loss: 0.653674, val_acc: 70.58% (0.705806), val_f1: 44.78% (0.447849), test_acc: 68.00% (0.679977), test_f1: 42.23% (0.422339)
Epoch 2 completed in 111.05 seconds (1.85 minutes)
>>>>>>>>>>>>>>>>>>>>>>>>>>>>>>>>>>>>>>>>>>>>>>>>>>>>>>>>>>>>>>>>>>>>>>>>>>>>>>>>>>>>>>>>>>>>>>>>>>>>
epoch: 3
Batch 0 completed in 0.73 seconds (0.01 minutes)
New best val_f1: 0.501692 (previous best: 0.501635)
loss: 0.706691, val_acc: 69.54% (0.695369), val_f1: 50.17% (0.501692), test_acc: 66.76% (0.667645), test_f1: 47.76% (0.477619)
Batch 60 completed in 0.73 seconds (0.01 minutes)
loss: 0.690268, val_acc: 68.10% (0.681018), val_f1: 48.45% (0.484538), test_acc: 66.06% (0.660599), test_f1: 48.54% (0.485354)
Epoch 3 completed in 111.19 seconds (1.85 minutes)
>>>>>>>>>>>>>>>>>>>>>>>>>>>>>>>>>>>>>>>>>>>>>>>>>>>>>>>>>>>>>>>>>>>>>>>>>>>>>>>>>>>>>>>>>>>>>>>>>>>>
epoch: 4
Batch 0 completed in 0.73 seconds (0.01 minutes)
New best val_f1: 0.529273 (previous best: 0.501692)
loss: 0.616773, val_acc: 69.28% (0.692759), val_f1: 52.93% (0.529273), test_acc: 65.94% (0.659425), test_f1: 49.27% (0.492698)
Batch 60 completed in 0.73 seconds (0.01 minutes)
loss: 0.693235, val_acc: 69.47% (0.694716), val_f1: 50.56% (0.505551), test_acc: 65.94% (0.659425), test_f1: 47.03% (0.470298)
Epoch 4 completed in 111.33 seconds (1.86 minutes)
>>>>>>>>>>>>>>>>>>>>>>>>>>>>>>>>>>>>>>>>>>>>>>>>>>>>>>>>>>>>>>>>>>>>>>>>>>>>>>>>>>>>>>>>>>>>>>>>>>>>
epoch: 5
Batch 0 completed in 0.73 seconds (0.01 minutes)
loss: 0.589149, val_acc: 69.21% (0.692107), val_f1: 51.39% (0.513864), test_acc: 66.12% (0.661186), test_f1: 47.99% (0.479919)
Batch 60 completed in 0.73 seconds (0.01 minutes)
loss: 0.710104, val_acc: 69.02% (0.690150), val_f1: 47.93% (0.479333), test_acc: 65.77% (0.657663), test_f1: 47.25% (0.472463)
Epoch 5 completed in 111.21 seconds (1.85 minutes)
>>>>>>>>>>>>>>>>>>>>>>>>>>>>>>>>>>>>>>>>>>>>>>>>>>>>>>>>>>>>>>>>>>>>>>>>>>>>>>>>>>>>>>>>>>>>>>>>>>>>
epoch: 6
Batch 0 completed in 0.73 seconds (0.01 minutes)
loss: 0.615806, val_acc: 66.93% (0.669276), val_f1: 48.80% (0.487986), test_acc: 64.00% (0.640047), test_f1: 48.12% (0.481239)
Batch 60 completed in 0.73 seconds (0.01 minutes)
loss: 0.577050, val_acc: 66.60% (0.666014), val_f1: 49.83% (0.498281), test_acc: 63.24% (0.632413), test_f1: 48.86% (0.488575)
Epoch 6 completed in 111.26 seconds (1.85 minutes)
>>>>>>>>>>>>>>>>>>>>>>>>>>>>>>>>>>>>>>>>>>>>>>>>>>>>>>>>>>>>>>>>>>>>>>>>>>>>>>>>>>>>>>>>>>>>>>>>>>>>
epoch: 7
Batch 0 completed in 0.73 seconds (0.01 minutes)
loss: 0.502624, val_acc: 67.12% (0.671233), val_f1: 48.50% (0.484964), test_acc: 65.41% (0.654140), test_f1: 48.24% (0.482359)
Batch 60 completed in 0.73 seconds (0.01 minutes)
loss: 0.451379, val_acc: 68.75% (0.687541), val_f1: 45.84% (0.458445), test_acc: 66.00% (0.660012), test_f1: 44.42% (0.444239)
Epoch 7 completed in 111.12 seconds (1.85 minutes)
>>>>>>>>>>>>>>>>>>>>>>>>>>>>>>>>>>>>>>>>>>>>>>>>>>>>>>>>>>>>>>>>>>>>>>>>>>>>>>>>>>>>>>>>>>>>>>>>>>>>
epoch: 8
Batch 0 completed in 0.73 seconds (0.01 minutes)
loss: 0.461458, val_acc: 67.32% (0.673190), val_f1: 49.32% (0.493222), test_acc: 64.06% (0.640634), test_f1: 46.44% (0.464381)
Batch 60 completed in 0.73 seconds (0.01 minutes)
loss: 0.402171, val_acc: 64.58% (0.645793), val_f1: 47.01% (0.470052), test_acc: 61.19% (0.611861), test_f1: 45.59% (0.455943)
Epoch 8 completed in 111.38 seconds (1.86 minutes)
>>>>>>>>>>>>>>>>>>>>>>>>>>>>>>>>>>>>>>>>>>>>>>>>>>>>>>>>>>>>>>>>>>>>>>>>>>>>>>>>>>>>>>>>>>>>>>>>>>>>
epoch: 9
Batch 0 completed in 0.73 seconds (0.01 minutes)
loss: 0.350163, val_acc: 66.01% (0.660144), val_f1: 46.87% (0.468658), test_acc: 63.07% (0.630652), test_f1: 46.04% (0.460444)
Batch 60 completed in 0.73 seconds (0.01 minutes)
loss: 0.255286, val_acc: 69.08% (0.690802), val_f1: 46.90% (0.468960), test_acc: 65.30% (0.652965), test_f1: 46.58% (0.465770)
Epoch 9 completed in 111.13 seconds (1.85 minutes)
>>>>>>>>>>>>>>>>>>>>>>>>>>>>>>>>>>>>>>>>>>>>>>>>>>>>>>>>>>>>>>>>>>>>>>>>>>>>>>>>>>>>>>>>>>>>>>>>>>>>
epoch: 10
Batch 0 completed in 0.73 seconds (0.01 minutes)
loss: 0.397793, val_acc: 61.06% (0.610568), val_f1: 50.51% (0.505138), test_acc: 58.90% (0.588961), test_f1: 48.92% (0.489182)
Batch 60 completed in 0.73 seconds (0.01 minutes)
loss: 0.463158, val_acc: 63.01% (0.630137), val_f1: 46.79% (0.467947), test_acc: 59.13% (0.591309), test_f1: 46.77% (0.467658)
Epoch 10 completed in 111.24 seconds (1.85 minutes)
>>>>>>>>>>>>>>>>>>>>>>>>>>>>>>>>>>>>>>>>>>>>>>>>>>>>>>>>>>>>>>>>>>>>>>>>>>>>>>>>>>>>>>>>>>>>>>>>>>>>
epoch: 11
Batch 0 completed in 0.73 seconds (0.01 minutes)
loss: 0.354863, val_acc: 65.69% (0.656882), val_f1: 49.83% (0.498306), test_acc: 63.01% (0.630065), test_f1: 50.07% (0.500734)
Batch 60 completed in 0.73 seconds (0.01 minutes)
loss: 0.201994, val_acc: 66.01% (0.660144), val_f1: 47.82% (0.478161), test_acc: 61.48% (0.614797), test_f1: 47.16% (0.471610)
Epoch 11 completed in 111.35 seconds (1.86 minutes)
>>>>>>>>>>>>>>>>>>>>>>>>>>>>>>>>>>>>>>>>>>>>>>>>>>>>>>>>>>>>>>>>>>>>>>>>>>>>>>>>>>>>>>>>>>>>>>>>>>>>
epoch: 12
Batch 0 completed in 0.73 seconds (0.01 minutes)
loss: 0.232379, val_acc: 66.01% (0.660144), val_f1: 46.66% (0.466585), test_acc: 64.24% (0.642396), test_f1: 47.34% (0.473398)
Batch 60 completed in 0.73 seconds (0.01 minutes)
loss: 0.085255, val_acc: 66.01% (0.660144), val_f1: 47.89% (0.478868), test_acc: 64.94% (0.649442), test_f1: 49.53% (0.495252)
Epoch 12 completed in 111.15 seconds (1.85 minutes)
>>>>>>>>>>>>>>>>>>>>>>>>>>>>>>>>>>>>>>>>>>>>>>>>>>>>>>>>>>>>>>>>>>>>>>>>>>>>>>>>>>>>>>>>>>>>>>>>>>>>
epoch: 13
Batch 0 completed in 0.73 seconds (0.01 minutes)
loss: 0.320645, val_acc: 66.41% (0.664057), val_f1: 48.49% (0.484893), test_acc: 61.71% (0.617146), test_f1: 46.45% (0.464476)
Batch 60 completed in 0.73 seconds (0.01 minutes)
loss: 0.089558, val_acc: 63.01% (0.630137), val_f1: 48.17% (0.481689), test_acc: 60.19% (0.601879), test_f1: 46.55% (0.465481)
Epoch 13 completed in 111.29 seconds (1.85 minutes)
>>>>>>>>>>>>>>>>>>>>>>>>>>>>>>>>>>>>>>>>>>>>>>>>>>>>>>>>>>>>>>>>>>>>>>>>>>>>>>>>>>>>>>>>>>>>>>>>>>>>
epoch: 14
Batch 0 completed in 0.73 seconds (0.01 minutes)
loss: 0.354006, val_acc: 67.06% (0.670581), val_f1: 47.14% (0.471354), test_acc: 63.65% (0.636524), test_f1: 46.50% (0.464966)
Batch 60 completed in 0.73 seconds (0.01 minutes)
loss: 0.084369, val_acc: 64.19% (0.641879), val_f1: 48.62% (0.486242), test_acc: 62.01% (0.620082), test_f1: 48.81% (0.488105)
Epoch 14 completed in 111.21 seconds (1.85 minutes)
>>>>>>>>>>>>>>>>>>>>>>>>>>>>>>>>>>>>>>>>>>>>>>>>>>>>>>>>>>>>>>>>>>>>>>>>>>>>>>>>>>>>>>>>>>>>>>>>>>>>
epoch: 15
Batch 0 completed in 0.73 seconds (0.01 minutes)
loss: 0.453357, val_acc: 67.51% (0.675147), val_f1: 46.70% (0.467004), test_acc: 64.00% (0.640047), test_f1: 46.48% (0.464809)
Batch 60 completed in 0.73 seconds (0.01 minutes)
loss: 0.119180, val_acc: 62.17% (0.621657), val_f1: 46.06% (0.460606), test_acc: 60.07% (0.600705), test_f1: 48.30% (0.482997)
Epoch 15 completed in 111.24 seconds (1.85 minutes)
>>>>>>>>>>>>>>>>>>>>>>>>>>>>>>>>>>>>>>>>>>>>>>>>>>>>>>>>>>>>>>>>>>>>>>>>>>>>>>>>>>>>>>>>>>>>>>>>>>>>
epoch: 16
Batch 0 completed in 0.73 seconds (0.01 minutes)
loss: 0.188172, val_acc: 63.93% (0.639269), val_f1: 47.99% (0.479867), test_acc: 61.42% (0.614210), test_f1: 48.95% (0.489523)
Batch 60 completed in 0.73 seconds (0.01 minutes)
loss: 0.111652, val_acc: 64.71% (0.647097), val_f1: 45.92% (0.459174), test_acc: 63.07% (0.630652), test_f1: 46.94% (0.469356)
Epoch 16 completed in 111.23 seconds (1.85 minutes)
>>>>>>>>>>>>>>>>>>>>>>>>>>>>>>>>>>>>>>>>>>>>>>>>>>>>>>>>>>>>>>>>>>>>>>>>>>>>>>>>>>>>>>>>>>>>>>>>>>>>
epoch: 17
Batch 0 completed in 0.73 seconds (0.01 minutes)
loss: 0.233084, val_acc: 64.06% (0.640574), val_f1: 44.60% (0.445997), test_acc: 61.13% (0.611274), test_f1: 46.30% (0.462954)
Batch 60 completed in 0.72 seconds (0.01 minutes)
loss: 0.086329, val_acc: 67.58% (0.675799), val_f1: 47.02% (0.470163), test_acc: 64.30% (0.642983), test_f1: 47.15% (0.471453)
Epoch 17 completed in 111.30 seconds (1.85 minutes)
>>>>>>>>>>>>>>>>>>>>>>>>>>>>>>>>>>>>>>>>>>>>>>>>>>>>>>>>>>>>>>>>>>>>>>>>>>>>>>>>>>>>>>>>>>>>>>>>>>>>
epoch: 18
Batch 0 completed in 0.73 seconds (0.01 minutes)
loss: 0.345869, val_acc: 63.54% (0.635356), val_f1: 47.93% (0.479290), test_acc: 61.71% (0.617146), test_f1: 47.79% (0.477877)
Batch 60 completed in 0.73 seconds (0.01 minutes)
loss: 0.096814, val_acc: 63.41% (0.634051), val_f1: 46.76% (0.467599), test_acc: 60.66% (0.606577), test_f1: 49.25% (0.492463)
Epoch 18 completed in 111.52 seconds (1.86 minutes)
>>>>>>>>>>>>>>>>>>>>>>>>>>>>>>>>>>>>>>>>>>>>>>>>>>>>>>>>>>>>>>>>>>>>>>>>>>>>>>>>>>>>>>>>>>>>>>>>>>>>
epoch: 19
Batch 0 completed in 0.73 seconds (0.01 minutes)
loss: 0.424911, val_acc: 65.56% (0.655577), val_f1: 45.81% (0.458059), test_acc: 64.83% (0.648268), test_f1: 48.91% (0.489092)
Batch 60 completed in 0.73 seconds (0.01 minutes)
loss: 0.058375, val_acc: 64.51% (0.645140), val_f1: 47.37% (0.473740), test_acc: 62.30% (0.623018), test_f1: 49.23% (0.492338)
Epoch 19 completed in 111.30 seconds (1.86 minutes)
>>>>>>>>>>>>>>>>>>>>>>>>>>>>>>>>>>>>>>>>>>>>>>>>>>>>>>>>>>>>>>>>>>>>>>>>>>>>>>>>>>>>>>>>>>>>>>>>>>>>
epoch: 20
Batch 0 completed in 0.73 seconds (0.01 minutes)
loss: 0.276198, val_acc: 66.28% (0.662753), val_f1: 46.81% (0.468059), test_acc: 62.36% (0.623605), test_f1: 48.30% (0.482992)
Batch 60 completed in 0.73 seconds (0.01 minutes)
loss: 0.086076, val_acc: 65.49% (0.654925), val_f1: 47.72% (0.477202), test_acc: 62.36% (0.623605), test_f1: 48.87% (0.488683)
Epoch 20 completed in 111.41 seconds (1.86 minutes)
>>>>>>>>>>>>>>>>>>>>>>>>>>>>>>>>>>>>>>>>>>>>>>>>>>>>>>>>>>>>>>>>>>>>>>>>>>>>>>>>>>>>>>>>>>>>>>>>>>>>
epoch: 21
Batch 0 completed in 0.73 seconds (0.01 minutes)
loss: 0.261925, val_acc: 65.04% (0.650359), val_f1: 46.37% (0.463713), test_acc: 63.71% (0.637111), test_f1: 48.20% (0.482002)
Batch 60 completed in 0.73 seconds (0.01 minutes)
loss: 0.069093, val_acc: 65.56% (0.655577), val_f1: 46.65% (0.466488), test_acc: 62.65% (0.626541), test_f1: 46.98% (0.469817)
Epoch 21 completed in 111.53 seconds (1.86 minutes)
>>>>>>>>>>>>>>>>>>>>>>>>>>>>>>>>>>>>>>>>>>>>>>>>>>>>>>>>>>>>>>>>>>>>>>>>>>>>>>>>>>>>>>>>>>>>>>>>>>>>
epoch: 22
Batch 0 completed in 0.73 seconds (0.01 minutes)
loss: 0.273519, val_acc: 63.34% (0.633399), val_f1: 48.09% (0.480929), test_acc: 60.07% (0.600705), test_f1: 48.24% (0.482443)
Batch 60 completed in 0.72 seconds (0.01 minutes)
loss: 0.067261, val_acc: 66.01% (0.660144), val_f1: 48.29% (0.482904), test_acc: 62.83% (0.628303), test_f1: 48.35% (0.483514)
Epoch 22 completed in 111.28 seconds (1.85 minutes)
>>>>>>>>>>>>>>>>>>>>>>>>>>>>>>>>>>>>>>>>>>>>>>>>>>>>>>>>>>>>>>>>>>>>>>>>>>>>>>>>>>>>>>>>>>>>>>>>>>>>
epoch: 23
Batch 0 completed in 0.73 seconds (0.01 minutes)
loss: 0.347836, val_acc: 67.32% (0.673190), val_f1: 48.57% (0.485664), test_acc: 62.95% (0.629477), test_f1: 44.76% (0.447610)
Batch 60 completed in 0.73 seconds (0.01 minutes)
loss: 0.089368, val_acc: 66.14% (0.661448), val_f1: 46.87% (0.468707), test_acc: 63.01% (0.630065), test_f1: 47.41% (0.474094)
Epoch 23 completed in 111.36 seconds (1.86 minutes)
>>>>>>>>>>>>>>>>>>>>>>>>>>>>>>>>>>>>>>>>>>>>>>>>>>>>>>>>>>>>>>>>>>>>>>>>>>>>>>>>>>>>>>>>>>>>>>>>>>>>
epoch: 24
[DEBUG] Sample predictions in evaluate:  tensor([2, 1, 1, 1, 1, 1, 1, 1, 2, 1], device='cuda:0')
Batch 0 completed in 0.73 seconds (0.01 minutes)
loss: 0.306083, val_acc: 65.95% (0.659491), val_f1: 48.98% (0.489804), test_acc: 63.24% (0.632413), test_f1: 49.67% (0.496651)
Batch 60 completed in 0.73 seconds (0.01 minutes)
loss: 0.085236, val_acc: 65.69% (0.656882), val_f1: 47.09% (0.470889), test_acc: 62.24% (0.622431), test_f1: 46.07% (0.460722)
Epoch 24 completed in 111.36 seconds (1.86 minutes)
RESULT: Max Val F1: 0.529273, Max Test F1: 0.492698
Training complete. Generating confusion matrix on the test set.
Confusion matrix saved to /home/rgg2706/Multimodal-Sentiment-Analysis/Logs/SIMPLE-F4/2025-03-09/sub-2/001_Mar-09-2025_10:01_PM/confusion_matrix.png
Reading TensorBoard loss at each epoch:
Available tags: {'images': [], 'audio': [], 'histograms': [], 'scalars': ['Loss/train_batch', 'Loss/val_log_step', 'Loss/train_epoch', 'Loss/val_epoch'], 'distributions': [], 'tensors': [], 'graph': False, 'meta_graph': False, 'run_metadata': []}
Output File: /home/rgg2706/Multimodal-Sentiment-Analysis/Logs/SIMPLE-F4/2025-03-09/sub-2/001_Mar-09-2025_10:01_PM/trainval_loss_curves.png
Training and validation loss curves saved to /home/rgg2706/Multimodal-Sentiment-Analysis/Logs/SIMPLE-F4/2025-03-09/sub-2/001_Mar-09-2025_10:01_PM/trainval_loss_curves.png
Total Completion Time: 53.81 minutes. (0.90 hours) 
