SLURM Job ID: 20077751
The first version with resnset
Model: MOASC4
Dataset: MOA-MVSA-single
directory /home/rgg2706/Multimodal-Sentiment-Analysis/Datasets/MOA-MVSA-single exists
directory /home/rgg2706/Multimodal-Sentiment-Analysis/Datasets/MOA-MVSA-multiple exists
directory /home/rgg2706/Multimodal-Sentiment-Analysis/Models/MOASC4/SaveFiles/SentimentClassifier exists
48
Loading dataset from: /home/rgg2706/Multimodal-Sentiment-Analysis/Datasets/MOA-MVSA-single
/home/rgg2706/Multimodal-Sentiment-Analysis/Datasets/MOA-MVSA-single/text
/home/rgg2706/Multimodal-Sentiment-Analysis/Datasets/MOA-MVSA-single/image
[DEBUG] Now in dataset directory for labels: /home/rgg2706/Multimodal-Sentiment-Analysis/Datasets/MOA-MVSA-single
[DEBUG] About to read labels from: /home/rgg2706/Multimodal-Sentiment-Analysis/Datasets/MOA-MVSA-single/labels.csv
Dataset directory is: /home/rgg2706/Multimodal-Sentiment-Analysis/Datasets/MOA-MVSA-single
Files in dataset directory: ['labels.csv', 'text', 'image']
   ID  text  image
0   1     2      1
1   2     2      1
2   3     2      1
3   4     1      1
4   5     1      1
5   6     1      1
6   7     1      1
7   8     2      1
8   9     1      1
9  10     0      0

[DEBUG] First 5 training texts:
    ID: 1 | Overall sentiment: 1 | Text: how  i feel today legday jelly aching gym 
    ID: 2 | Overall sentiment: 1 | Text: grattis min griskulting!!?? va bara tvungen oki s? sch ? ingenkommerattrodig pig happybday wow lovely cut 
    ID: 3 | Overall sentiment: 1 | Text:  polynminion  the moment  i found my favourite tv character. profoundlove 
    ID: 4 | Overall sentiment: 1 | Text: esco  we have a young and energetic team and we pride ourselves on offering the highes hoer 
    ID: 5 | Overall sentiment: 1 | Text:  chrisashaffer  went to  ssc today to be a movie star to rep for the  deaf and got to meet an energetic great guy  mark  white! 
Train samples: 3653
Validation samples: 406
Test samples: 452
Total samples: 4511
Train label distribution: Negative=1107, Positive=2154, Neutral=392
Val   label distribution: Negative=119, Positive=246, Neutral=41
Test  label distribution: Negative=132, Positive=283, Neutral=37
Overall label distribution: Negative=1358, Positive=2683, Neutral=470
    Iteration 20 of epoch 1 completed. Loss : 1.0975439548492432 Accuracy : 56.25
    Iteration 40 of epoch 1 completed. Loss : 1.1028605699539185 Accuracy : 65.62
    Iteration 60 of epoch 1 completed. Loss : 1.0934629440307617 Accuracy : 34.38
    Iteration 80 of epoch 1 completed. Loss : 1.1112709045410156 Accuracy : 59.38
    Iteration 100 of epoch 1 completed. Loss : 1.1040997505187988 Accuracy : 62.50
Best validation accuracy improved from 0.0 to 0.6201923076923077
Epoch 1 completed. Test dataset:
	 Loss: 1.0016
	 Accuracy : 62.08
	 Average recall: 0.3602
	 F1_PN: 0.4895
	 Macro-F1: 0.3263
	 Weighted-F1: 0.5360

Best test accuracy improved from 0.0 to 0.6208333333333333, saving model...
    Iteration 20 of epoch 2 completed. Loss : 1.0837970972061157 Accuracy : 43.75
    Iteration 40 of epoch 2 completed. Loss : 1.0293830633163452 Accuracy : 62.50
    Iteration 60 of epoch 2 completed. Loss : 0.9497210383415222 Accuracy : 56.25
    Iteration 80 of epoch 2 completed. Loss : 1.0487197637557983 Accuracy : 50.00
    Iteration 100 of epoch 2 completed. Loss : 0.9207609295845032 Accuracy : 75.00
Best validation accuracy improved from 0.6201923076923077 to 0.6968968531468532
Epoch 2 completed. Test dataset:
	 Loss: 0.8525
	 Accuracy : 68.75
	 Average recall: 0.5038
	 F1_PN: 0.6492
	 Macro-F1: 0.4999
	 Weighted-F1: 0.6748

Best test accuracy improved from 0.6208333333333333 to 0.6875, saving model...
    Iteration 20 of epoch 3 completed. Loss : 1.0303701162338257 Accuracy : 53.12
    Iteration 40 of epoch 3 completed. Loss : 0.7920082211494446 Accuracy : 78.12
    Iteration 60 of epoch 3 completed. Loss : 0.9711290001869202 Accuracy : 56.25
    Iteration 80 of epoch 3 completed. Loss : 0.9089257717132568 Accuracy : 62.50
    Iteration 100 of epoch 3 completed. Loss : 0.8823683261871338 Accuracy : 71.88
Epoch 3 completed. Test dataset:
	 Loss: 0.9333
	 Accuracy : 60.42
	 Average recall: 0.5405
	 F1_PN: 0.6129
	 Macro-F1: 0.4839
	 Weighted-F1: 0.6156

    Iteration 20 of epoch 4 completed. Loss : 0.85933917760849 Accuracy : 71.88
    Iteration 40 of epoch 4 completed. Loss : 0.6691429615020752 Accuracy : 84.38
    Iteration 60 of epoch 4 completed. Loss : 0.7908695936203003 Accuracy : 75.00
    Iteration 80 of epoch 4 completed. Loss : 0.8444244265556335 Accuracy : 68.75
    Iteration 100 of epoch 4 completed. Loss : 0.7669976949691772 Accuracy : 84.38
Epoch 4 completed. Test dataset:
	 Loss: 0.9255
	 Accuracy : 61.88
	 Average recall: 0.5119
	 F1_PN: 0.6170
	 Macro-F1: 0.4553
	 Weighted-F1: 0.6174

    Iteration 20 of epoch 5 completed. Loss : 0.7485576868057251 Accuracy : 75.00
    Iteration 40 of epoch 5 completed. Loss : 0.6585698127746582 Accuracy : 84.38
    Iteration 60 of epoch 5 completed. Loss : 0.6906312108039856 Accuracy : 81.25
    Iteration 80 of epoch 5 completed. Loss : 0.7679798603057861 Accuracy : 75.00
    Iteration 100 of epoch 5 completed. Loss : 0.6469504833221436 Accuracy : 87.50
Epoch 5 completed. Test dataset:
	 Loss: 0.8659
	 Accuracy : 67.29
	 Average recall: 0.5468
	 F1_PN: 0.6596
	 Macro-F1: 0.5175
	 Weighted-F1: 0.6771

    Iteration 20 of epoch 6 completed. Loss : 0.6560423374176025 Accuracy : 87.50
    Iteration 40 of epoch 6 completed. Loss : 0.703981876373291 Accuracy : 81.25
    Iteration 60 of epoch 6 completed. Loss : 0.671349287033081 Accuracy : 81.25
    Iteration 80 of epoch 6 completed. Loss : 0.7328697443008423 Accuracy : 81.25
    Iteration 100 of epoch 6 completed. Loss : 0.6507190465927124 Accuracy : 84.38
Epoch 6 completed. Test dataset:
	 Loss: 0.8594
	 Accuracy : 68.12
	 Average recall: 0.5524
	 F1_PN: 0.6696
	 Macro-F1: 0.5195
	 Weighted-F1: 0.6837

    Iteration 20 of epoch 7 completed. Loss : 0.6730700135231018 Accuracy : 84.38
    Iteration 40 of epoch 7 completed. Loss : 0.6408263444900513 Accuracy : 90.62
    Iteration 60 of epoch 7 completed. Loss : 0.6607123613357544 Accuracy : 81.25
    Iteration 80 of epoch 7 completed. Loss : 0.724240779876709 Accuracy : 84.38
    Iteration 100 of epoch 7 completed. Loss : 0.6209263801574707 Accuracy : 90.62
Epoch 7 completed. Test dataset:
	 Loss: 0.8585
	 Accuracy : 68.12
	 Average recall: 0.5513
	 F1_PN: 0.6689
	 Macro-F1: 0.5190
	 Weighted-F1: 0.6836

    Iteration 20 of epoch 8 completed. Loss : 0.6512981057167053 Accuracy : 87.50
    Iteration 40 of epoch 8 completed. Loss : 0.6488374471664429 Accuracy : 90.62
    Iteration 60 of epoch 8 completed. Loss : 0.6511951088905334 Accuracy : 87.50
    Iteration 80 of epoch 8 completed. Loss : 0.7225064635276794 Accuracy : 84.38
    Iteration 100 of epoch 8 completed. Loss : 0.6202201247215271 Accuracy : 90.62
Epoch 8 completed. Test dataset:
	 Loss: 0.8558
	 Accuracy : 67.71
	 Average recall: 0.5366
	 F1_PN: 0.6650
	 Macro-F1: 0.5097
	 Weighted-F1: 0.6784

    Iteration 20 of epoch 9 completed. Loss : 0.6726614832878113 Accuracy : 84.38
    Iteration 40 of epoch 9 completed. Loss : 0.637439489364624 Accuracy : 90.62
    Iteration 60 of epoch 9 completed. Loss : 0.654213547706604 Accuracy : 87.50
    Iteration 80 of epoch 9 completed. Loss : 0.7156423926353455 Accuracy : 87.50
    Iteration 100 of epoch 9 completed. Loss : 0.6162322163581848 Accuracy : 93.75
Epoch 9 completed. Test dataset:
	 Loss: 0.8557
	 Accuracy : 67.92
	 Average recall: 0.5377
	 F1_PN: 0.6663
	 Macro-F1: 0.5114
	 Weighted-F1: 0.6804

    Iteration 20 of epoch 10 completed. Loss : 0.6455576419830322 Accuracy : 87.50
    Iteration 40 of epoch 10 completed. Loss : 0.6371111869812012 Accuracy : 90.62
    Iteration 60 of epoch 10 completed. Loss : 0.6595863103866577 Accuracy : 87.50
    Iteration 80 of epoch 10 completed. Loss : 0.7219483852386475 Accuracy : 84.38
    Iteration 100 of epoch 10 completed. Loss : 0.6197178363800049 Accuracy : 90.62
Epoch 10 completed. Test dataset:
	 Loss: 0.8556
	 Accuracy : 67.92
	 Average recall: 0.5377
	 F1_PN: 0.6663
	 Macro-F1: 0.5114
	 Weighted-F1: 0.6804

    Iteration 20 of epoch 11 completed. Loss : 0.6328957676887512 Accuracy : 90.62
    Iteration 40 of epoch 11 completed. Loss : 0.6351450085639954 Accuracy : 90.62
    Iteration 60 of epoch 11 completed. Loss : 0.6298906803131104 Accuracy : 87.50
    Iteration 80 of epoch 11 completed. Loss : 0.7113738059997559 Accuracy : 84.38
    Iteration 100 of epoch 11 completed. Loss : 0.6190965175628662 Accuracy : 90.62
Epoch 11 completed. Test dataset:
	 Loss: 0.8555
	 Accuracy : 67.92
	 Average recall: 0.5377
	 F1_PN: 0.6663
	 Macro-F1: 0.5114
	 Weighted-F1: 0.6804

    Iteration 20 of epoch 12 completed. Loss : 0.656023383140564 Accuracy : 87.50
    Iteration 40 of epoch 12 completed. Loss : 0.6392782926559448 Accuracy : 90.62
    Iteration 60 of epoch 12 completed. Loss : 0.6257147192955017 Accuracy : 90.62
    Iteration 80 of epoch 12 completed. Loss : 0.7241436839103699 Accuracy : 84.38
    Iteration 100 of epoch 12 completed. Loss : 0.6281585693359375 Accuracy : 90.62
Epoch 12 completed. Test dataset:
	 Loss: 0.8555
	 Accuracy : 67.92
	 Average recall: 0.5377
	 F1_PN: 0.6663
	 Macro-F1: 0.5114
	 Weighted-F1: 0.6804

    Iteration 20 of epoch 13 completed. Loss : 0.650790274143219 Accuracy : 84.38
    Iteration 40 of epoch 13 completed. Loss : 0.6613503694534302 Accuracy : 87.50
    Iteration 60 of epoch 13 completed. Loss : 0.6444909572601318 Accuracy : 87.50
    Iteration 80 of epoch 13 completed. Loss : 0.7205432653427124 Accuracy : 84.38
    Iteration 100 of epoch 13 completed. Loss : 0.6147488355636597 Accuracy : 93.75
Epoch 13 completed. Test dataset:
	 Loss: 0.8555
	 Accuracy : 67.92
	 Average recall: 0.5377
	 F1_PN: 0.6663
	 Macro-F1: 0.5114
	 Weighted-F1: 0.6804

    Iteration 20 of epoch 14 completed. Loss : 0.6585708260536194 Accuracy : 87.50
    Iteration 40 of epoch 14 completed. Loss : 0.638095498085022 Accuracy : 90.62
    Iteration 60 of epoch 14 completed. Loss : 0.6746065616607666 Accuracy : 84.38
    Iteration 80 of epoch 14 completed. Loss : 0.7249655723571777 Accuracy : 84.38
    Iteration 100 of epoch 14 completed. Loss : 0.6200171709060669 Accuracy : 90.62
Epoch 14 completed. Test dataset:
	 Loss: 0.8555
	 Accuracy : 67.92
	 Average recall: 0.5377
	 F1_PN: 0.6663
	 Macro-F1: 0.5114
	 Weighted-F1: 0.6804

    Iteration 20 of epoch 15 completed. Loss : 0.66672283411026 Accuracy : 84.38
    Iteration 40 of epoch 15 completed. Loss : 0.6476911306381226 Accuracy : 90.62
    Iteration 60 of epoch 15 completed. Loss : 0.6695494651794434 Accuracy : 84.38
    Iteration 80 of epoch 15 completed. Loss : 0.7131926417350769 Accuracy : 87.50
    Iteration 100 of epoch 15 completed. Loss : 0.6312524080276489 Accuracy : 87.50
Epoch 15 completed. Test dataset:
	 Loss: 0.8555
	 Accuracy : 67.92
	 Average recall: 0.5377
	 F1_PN: 0.6663
	 Macro-F1: 0.5114
	 Weighted-F1: 0.6804

Train/val/test loss curve saved to /home/rgg2706/Multimodal-Sentiment-Analysis/Logs/MOASC4/2025-03-20/sub-5/038_Mar-20-2025_08:34_PM/train_val_test_loss_curve.png
Confusion matrix saved to /home/rgg2706/Multimodal-Sentiment-Analysis/Logs/MOASC4/2025-03-20/sub-5/038_Mar-20-2025_08:34_PM/confusion_matrix.png
