Number of GPUs available: 1
Logs directory: /home/rgg2706/Multimodal-Sentiment-Analysis/Logs/HHMAFM/2024-10-20/sub-4/011_Oct-20-2024_10:10_PM
/home/rgg2706/Multimodal-Sentiment-Analysis/Logs/HHMAFM/2024-10-20/sub-4/011_Oct-20-2024_10:10_PM
> training arguments:
>>> rand_seed: 8
>>> model_name: mmfusion
>>> dataset: mvsa-mts
>>> optimizer: <class 'torch.optim.adam.Adam'>
>>> initializer: <function xavier_uniform_ at 0x7f161463db20>
>>> learning_rate: 0.001
>>> dropout_rate: 0.5
>>> num_epoch: 10
>>> batch_size: 64
>>> log_step: 20
>>> max_seq_len: 64
>>> polarities_dim: 3
>>> clip_grad: 5.0
>>> path_image: ./Datasets/MVSA-MTS/images-indexed
>>> crop_size: 224
>>> n_head: 8
>>> roberta_text_feature_dim: 768
>>> roberta_topic_feature_dim: 50
>>> resnet_feature_dim: 2048
>>> densenet_feature_dim: 1024
>>> common_dim: 512
>>> num_classes: 3
>>> model_class: <class 'models.mmfusion.MMFUSION'>
Preparing mvsa-mts dataset...
-------------- Loading Datasets/MVSA-MTS/mvsa-mts/train.tsv ---------------
Time taken to load Datasets/MVSA-MTS/mvsa-mts/train.tsv: 255.88 seconds (4.26 minutes)
The number of problematic samples: 402
-------------- Loading Datasets/MVSA-MTS/mvsa-mts/val.tsv ---------------
Time taken to load Datasets/MVSA-MTS/mvsa-mts/val.tsv: 85.39 seconds (1.42 minutes)
The number of problematic samples: 136
-------------- Loading Datasets/MVSA-MTS/mvsa-mts/test.tsv ---------------
Time taken to load Datasets/MVSA-MTS/mvsa-mts/test.tsv: 84.50 seconds (1.41 minutes)
The number of problematic samples: 142
Total Training Samples: 19600
Number of Training Samples: 11760
Number of Development Samples: 3920
Number of Test Samples: 3920
Number of unique sentiment classes: 3
building model
n_trainable_params: 43766787, n_nontrainable_params: 0
>>>>>>>>>>>>>>>>>>>>>>>>>>>>>>>>>>>>>>>>>>>>>>>>>>>>>>>>>>>>>>>>>>>>>>>>>>>>>>>>>>>>>>>>>>>>>>>>>>>>
epoch: 0
Batch 0 completed in 2.15 seconds (0.04 minutes)
max_dev_f1: 0, max_test_f1: 0
loss: 1.141300, dev_acc: 52.91% (0.529082), dev_f1: 23.07% (0.230675), test_acc: 53.78% (0.537755), test_f1: 23.31% (0.233134)
Batch 20 completed in 0.57 seconds (0.01 minutes)
max_dev_f1: 0.23067511956400844, max_test_f1: 0.23313426233134263
loss: 1.362896, dev_acc: 50.15% (0.501531), dev_f1: 34.85% (0.348480), test_acc: 51.02% (0.510204), test_f1: 35.40% (0.353983)
Batch 40 completed in 0.58 seconds (0.01 minutes)
loss: 0.870520, dev_acc: 52.45% (0.524490), dev_f1: 25.37% (0.253739), test_acc: 52.81% (0.528061), test_f1: 25.34% (0.253368)
Batch 60 completed in 0.58 seconds (0.01 minutes)
loss: 0.843968, dev_acc: 53.34% (0.533418), dev_f1: 26.81% (0.268111), test_acc: 53.65% (0.536480), test_f1: 27.68% (0.276845)
Batch 80 completed in 0.58 seconds (0.01 minutes)
loss: 1.020119, dev_acc: 53.60% (0.535969), dev_f1: 31.96% (0.319600), test_acc: 54.95% (0.549490), test_f1: 33.02% (0.330237)
Batch 100 completed in 0.58 seconds (0.01 minutes)
loss: 0.933224, dev_acc: 52.98% (0.529847), dev_f1: 33.72% (0.337161), test_acc: 54.57% (0.545663), test_f1: 34.66% (0.346605)
Batch 120 completed in 0.58 seconds (0.01 minutes)
loss: 0.984180, dev_acc: 55.20% (0.552041), dev_f1: 29.99% (0.299900), test_acc: 55.77% (0.557653), test_f1: 31.24% (0.312377)
Batch 140 completed in 0.58 seconds (0.01 minutes)
max_dev_f1: 0.3484797629029224, max_test_f1: 0.35398289174007386
loss: 0.847913, dev_acc: 56.20% (0.561990), dev_f1: 38.59% (0.385947), test_acc: 57.88% (0.578827), test_f1: 39.13% (0.391276)
Batch 160 completed in 0.58 seconds (0.01 minutes)
max_dev_f1: 0.38594717196860834, max_test_f1: 0.3912758503915142
loss: 0.832556, dev_acc: 54.23% (0.542347), dev_f1: 39.40% (0.394022), test_acc: 55.61% (0.556122), test_f1: 40.73% (0.407348)
Batch 180 completed in 0.58 seconds (0.01 minutes)
loss: 0.873443, dev_acc: 54.03% (0.540306), dev_f1: 30.98% (0.309764), test_acc: 54.92% (0.549235), test_f1: 32.52% (0.325208)
Epoch 0 completed in 370.82 seconds (6.18 minutes)
>>>>>>>>>>>>>>>>>>>>>>>>>>>>>>>>>>>>>>>>>>>>>>>>>>>>>>>>>>>>>>>>>>>>>>>>>>>>>>>>>>>>>>>>>>>>>>>>>>>>
epoch: 1
Batch 0 completed in 0.58 seconds (0.01 minutes)
max_dev_f1: 0.3940216353290584, max_test_f1: 0.4073482953680516
loss: 0.803652, dev_acc: 57.22% (0.572194), dev_f1: 40.03% (0.400342), test_acc: 58.65% (0.586480), test_f1: 42.58% (0.425773)
Batch 20 completed in 0.58 seconds (0.01 minutes)
max_dev_f1: 0.4003418727120511, max_test_f1: 0.42577269170230564
loss: 0.913805, dev_acc: 55.51% (0.555102), dev_f1: 41.08% (0.410755), test_acc: 55.92% (0.559184), test_f1: 41.81% (0.418137)
Batch 40 completed in 0.58 seconds (0.01 minutes)
loss: 0.770245, dev_acc: 57.30% (0.572959), dev_f1: 37.41% (0.374130), test_acc: 57.91% (0.579082), test_f1: 38.21% (0.382079)
Batch 60 completed in 0.58 seconds (0.01 minutes)
loss: 0.764756, dev_acc: 56.91% (0.569133), dev_f1: 38.96% (0.389627), test_acc: 57.76% (0.577551), test_f1: 40.32% (0.403172)
Batch 80 completed in 0.58 seconds (0.01 minutes)
loss: 1.018241, dev_acc: 56.66% (0.566582), dev_f1: 35.08% (0.350781), test_acc: 58.24% (0.582398), test_f1: 37.20% (0.372037)
Batch 100 completed in 0.58 seconds (0.01 minutes)
loss: 0.673950, dev_acc: 56.38% (0.563776), dev_f1: 36.63% (0.366312), test_acc: 57.27% (0.572704), test_f1: 37.68% (0.376756)
Batch 120 completed in 0.58 seconds (0.01 minutes)
loss: 0.751416, dev_acc: 57.78% (0.577806), dev_f1: 40.75% (0.407531), test_acc: 57.93% (0.579337), test_f1: 41.32% (0.413154)
Batch 140 completed in 0.58 seconds (0.01 minutes)
max_dev_f1: 0.4107546105050887, max_test_f1: 0.4181373695905018
loss: 0.805826, dev_acc: 58.44% (0.584439), dev_f1: 41.52% (0.415231), test_acc: 59.13% (0.591327), test_f1: 42.58% (0.425753)
Batch 160 completed in 0.58 seconds (0.01 minutes)
max_dev_f1: 0.4152308849449737, max_test_f1: 0.42575308862464745
loss: 0.897603, dev_acc: 59.23% (0.592347), dev_f1: 42.09% (0.420904), test_acc: 59.46% (0.594643), test_f1: 44.41% (0.444130)
Batch 180 completed in 0.58 seconds (0.01 minutes)
loss: 0.886390, dev_acc: 58.93% (0.589286), dev_f1: 39.25% (0.392486), test_acc: 60.74% (0.607398), test_f1: 43.12% (0.431206)
Epoch 1 completed in 373.47 seconds (6.22 minutes)
>>>>>>>>>>>>>>>>>>>>>>>>>>>>>>>>>>>>>>>>>>>>>>>>>>>>>>>>>>>>>>>>>>>>>>>>>>>>>>>>>>>>>>>>>>>>>>>>>>>>
epoch: 2
Batch 0 completed in 0.58 seconds (0.01 minutes)
max_dev_f1: 0.42090354799246193, max_test_f1: 0.4441304461440867
loss: 0.840731, dev_acc: 57.02% (0.570153), dev_f1: 45.26% (0.452649), test_acc: 57.37% (0.573724), test_f1: 47.21% (0.472111)
Batch 20 completed in 0.58 seconds (0.01 minutes)
loss: 0.809871, dev_acc: 56.43% (0.564286), dev_f1: 35.16% (0.351633), test_acc: 58.29% (0.582908), test_f1: 38.60% (0.385954)
Batch 40 completed in 0.58 seconds (0.01 minutes)
loss: 0.884870, dev_acc: 57.53% (0.575255), dev_f1: 41.01% (0.410063), test_acc: 59.52% (0.595153), test_f1: 42.38% (0.423770)
Batch 60 completed in 0.58 seconds (0.01 minutes)
loss: 0.770153, dev_acc: 57.47% (0.574745), dev_f1: 43.34% (0.433361), test_acc: 58.75% (0.587500), test_f1: 47.48% (0.474763)
Batch 80 completed in 0.58 seconds (0.01 minutes)
loss: 0.784794, dev_acc: 58.32% (0.583163), dev_f1: 41.61% (0.416057), test_acc: 59.62% (0.596173), test_f1: 44.19% (0.441892)
Batch 100 completed in 0.58 seconds (0.01 minutes)
loss: 0.816067, dev_acc: 58.47% (0.584694), dev_f1: 41.79% (0.417858), test_acc: 60.84% (0.608418), test_f1: 46.14% (0.461431)
Batch 120 completed in 0.58 seconds (0.01 minutes)
loss: 0.685061, dev_acc: 58.29% (0.582908), dev_f1: 40.70% (0.406979), test_acc: 59.69% (0.596939), test_f1: 42.25% (0.422482)
Batch 140 completed in 0.58 seconds (0.01 minutes)
loss: 0.868152, dev_acc: 58.60% (0.585969), dev_f1: 41.03% (0.410302), test_acc: 58.83% (0.588265), test_f1: 42.39% (0.423902)
Batch 160 completed in 0.58 seconds (0.01 minutes)
loss: 0.927060, dev_acc: 58.93% (0.589286), dev_f1: 42.31% (0.423127), test_acc: 60.38% (0.603827), test_f1: 43.94% (0.439384)
Batch 180 completed in 0.58 seconds (0.01 minutes)
loss: 0.856146, dev_acc: 56.56% (0.565561), dev_f1: 40.56% (0.405567), test_acc: 57.04% (0.570408), test_f1: 41.02% (0.410204)
Epoch 2 completed in 374.35 seconds (6.24 minutes)
>>>>>>>>>>>>>>>>>>>>>>>>>>>>>>>>>>>>>>>>>>>>>>>>>>>>>>>>>>>>>>>>>>>>>>>>>>>>>>>>>>>>>>>>>>>>>>>>>>>>
epoch: 3
Batch 0 completed in 0.58 seconds (0.01 minutes)
loss: 0.790474, dev_acc: 58.57% (0.585714), dev_f1: 38.20% (0.381996), test_acc: 59.44% (0.594388), test_f1: 38.28% (0.382773)
Batch 20 completed in 0.58 seconds (0.01 minutes)
loss: 0.751261, dev_acc: 57.78% (0.577806), dev_f1: 40.84% (0.408444), test_acc: 59.72% (0.597194), test_f1: 43.68% (0.436794)
Batch 40 completed in 0.58 seconds (0.01 minutes)
loss: 0.785304, dev_acc: 57.19% (0.571939), dev_f1: 42.12% (0.421232), test_acc: 58.21% (0.582143), test_f1: 45.88% (0.458814)
Batch 60 completed in 0.58 seconds (0.01 minutes)
loss: 0.772298, dev_acc: 56.53% (0.565306), dev_f1: 42.73% (0.427315), test_acc: 57.83% (0.578316), test_f1: 45.71% (0.457125)
Batch 80 completed in 0.58 seconds (0.01 minutes)
max_dev_f1: 0.45264876986198815, max_test_f1: 0.47211057651275273
loss: 0.840752, dev_acc: 56.71% (0.567092), dev_f1: 45.33% (0.453289), test_acc: 58.49% (0.584949), test_f1: 47.32% (0.473198)
Batch 100 completed in 0.58 seconds (0.01 minutes)
loss: 0.821105, dev_acc: 58.37% (0.583673), dev_f1: 45.27% (0.452673), test_acc: 59.80% (0.597959), test_f1: 46.08% (0.460788)
Batch 120 completed in 0.58 seconds (0.01 minutes)
loss: 0.671762, dev_acc: 58.19% (0.581888), dev_f1: 39.77% (0.397681), test_acc: 59.08% (0.590816), test_f1: 40.33% (0.403330)
Batch 140 completed in 0.58 seconds (0.01 minutes)
loss: 0.751220, dev_acc: 56.86% (0.568622), dev_f1: 41.85% (0.418542), test_acc: 59.21% (0.592092), test_f1: 47.30% (0.472995)
Batch 160 completed in 0.58 seconds (0.01 minutes)
loss: 0.685049, dev_acc: 58.85% (0.588520), dev_f1: 42.37% (0.423738), test_acc: 59.31% (0.593112), test_f1: 42.94% (0.429369)
Batch 180 completed in 0.58 seconds (0.01 minutes)
loss: 0.828613, dev_acc: 57.60% (0.576020), dev_f1: 43.77% (0.437662), test_acc: 60.00% (0.600000), test_f1: 46.32% (0.463173)
Epoch 3 completed in 373.90 seconds (6.23 minutes)
>>>>>>>>>>>>>>>>>>>>>>>>>>>>>>>>>>>>>>>>>>>>>>>>>>>>>>>>>>>>>>>>>>>>>>>>>>>>>>>>>>>>>>>>>>>>>>>>>>>>
epoch: 4
Batch 0 completed in 0.58 seconds (0.01 minutes)
loss: 0.831620, dev_acc: 59.11% (0.591071), dev_f1: 42.59% (0.425881), test_acc: 61.30% (0.613010), test_f1: 45.83% (0.458318)
Batch 20 completed in 0.58 seconds (0.01 minutes)
loss: 0.566079, dev_acc: 57.76% (0.577551), dev_f1: 44.32% (0.443196), test_acc: 58.72% (0.587245), test_f1: 46.88% (0.468808)
Batch 40 completed in 0.58 seconds (0.01 minutes)
max_dev_f1: 0.453289177436144, max_test_f1: 0.4731977655685165
loss: 0.748939, dev_acc: 55.87% (0.558673), dev_f1: 47.69% (0.476863), test_acc: 57.42% (0.574235), test_f1: 49.41% (0.494126)
Batch 60 completed in 0.58 seconds (0.01 minutes)
loss: 0.890757, dev_acc: 57.32% (0.573214), dev_f1: 46.11% (0.461126), test_acc: 58.14% (0.581378), test_f1: 47.58% (0.475788)
Batch 80 completed in 0.58 seconds (0.01 minutes)
loss: 0.757536, dev_acc: 58.80% (0.588010), dev_f1: 40.13% (0.401266), test_acc: 61.30% (0.613010), test_f1: 42.41% (0.424097)
Batch 100 completed in 0.58 seconds (0.01 minutes)
loss: 0.813803, dev_acc: 58.80% (0.588010), dev_f1: 42.02% (0.420237), test_acc: 60.33% (0.603316), test_f1: 45.73% (0.457304)
Batch 120 completed in 0.58 seconds (0.01 minutes)
loss: 0.838443, dev_acc: 56.43% (0.564286), dev_f1: 44.48% (0.444754), test_acc: 57.55% (0.575510), test_f1: 46.39% (0.463896)
Batch 140 completed in 0.58 seconds (0.01 minutes)
loss: 0.751758, dev_acc: 55.71% (0.557143), dev_f1: 36.96% (0.369631), test_acc: 57.88% (0.578827), test_f1: 40.09% (0.400885)
Batch 160 completed in 0.58 seconds (0.01 minutes)
loss: 0.673098, dev_acc: 58.09% (0.580867), dev_f1: 43.62% (0.436222), test_acc: 59.08% (0.590816), test_f1: 46.38% (0.463808)
Batch 180 completed in 0.58 seconds (0.01 minutes)
loss: 0.652770, dev_acc: 56.58% (0.565816), dev_f1: 42.93% (0.429283), test_acc: 56.38% (0.563776), test_f1: 42.62% (0.426178)
Epoch 4 completed in 373.79 seconds (6.23 minutes)
>>>>>>>>>>>>>>>>>>>>>>>>>>>>>>>>>>>>>>>>>>>>>>>>>>>>>>>>>>>>>>>>>>>>>>>>>>>>>>>>>>>>>>>>>>>>>>>>>>>>
epoch: 5
Batch 0 completed in 0.58 seconds (0.01 minutes)
loss: 0.726895, dev_acc: 57.35% (0.573469), dev_f1: 38.97% (0.389717), test_acc: 57.96% (0.579592), test_f1: 39.42% (0.394173)
Batch 20 completed in 0.58 seconds (0.01 minutes)
loss: 0.717444, dev_acc: 56.51% (0.565051), dev_f1: 46.06% (0.460637), test_acc: 57.19% (0.571939), test_f1: 46.62% (0.466158)
Batch 40 completed in 0.58 seconds (0.01 minutes)
loss: 0.965150, dev_acc: 55.13% (0.551276), dev_f1: 44.60% (0.446026), test_acc: 55.94% (0.559439), test_f1: 44.67% (0.446668)
Batch 60 completed in 0.58 seconds (0.01 minutes)
loss: 0.725274, dev_acc: 56.96% (0.569643), dev_f1: 42.20% (0.421965), test_acc: 58.62% (0.586224), test_f1: 43.09% (0.430883)
Batch 80 completed in 0.58 seconds (0.01 minutes)
loss: 0.708866, dev_acc: 54.67% (0.546684), dev_f1: 40.69% (0.406950), test_acc: 57.73% (0.577296), test_f1: 44.62% (0.446159)
Batch 100 completed in 0.58 seconds (0.01 minutes)
loss: 0.670894, dev_acc: 56.40% (0.564031), dev_f1: 42.69% (0.426923), test_acc: 57.81% (0.578061), test_f1: 44.75% (0.447495)
Batch 120 completed in 0.58 seconds (0.01 minutes)
loss: 0.797966, dev_acc: 58.32% (0.583163), dev_f1: 45.58% (0.455833), test_acc: 59.36% (0.593622), test_f1: 47.70% (0.477010)
Batch 140 completed in 0.58 seconds (0.01 minutes)
loss: 0.743216, dev_acc: 56.53% (0.565306), dev_f1: 43.73% (0.437331), test_acc: 58.42% (0.584184), test_f1: 47.92% (0.479193)
Batch 160 completed in 0.58 seconds (0.01 minutes)
loss: 0.761579, dev_acc: 58.98% (0.589796), dev_f1: 44.36% (0.443585), test_acc: 59.54% (0.595408), test_f1: 46.54% (0.465394)
Batch 180 completed in 0.58 seconds (0.01 minutes)
loss: 0.680926, dev_acc: 55.89% (0.558929), dev_f1: 40.19% (0.401851), test_acc: 56.99% (0.569898), test_f1: 41.74% (0.417425)
Epoch 5 completed in 373.57 seconds (6.23 minutes)
>>>>>>>>>>>>>>>>>>>>>>>>>>>>>>>>>>>>>>>>>>>>>>>>>>>>>>>>>>>>>>>>>>>>>>>>>>>>>>>>>>>>>>>>>>>>>>>>>>>>
epoch: 6
Batch 0 completed in 0.58 seconds (0.01 minutes)
loss: 0.941905, dev_acc: 59.41% (0.594133), dev_f1: 41.70% (0.416992), test_acc: 61.15% (0.611480), test_f1: 44.05% (0.440502)
Batch 20 completed in 0.58 seconds (0.01 minutes)
loss: 0.723985, dev_acc: 56.35% (0.563520), dev_f1: 43.67% (0.436697), test_acc: 57.76% (0.577551), test_f1: 46.46% (0.464589)
Batch 40 completed in 0.58 seconds (0.01 minutes)
loss: 0.680014, dev_acc: 57.19% (0.571939), dev_f1: 46.36% (0.463573), test_acc: 59.31% (0.593112), test_f1: 47.98% (0.479800)
Batch 60 completed in 0.58 seconds (0.01 minutes)
loss: 0.771117, dev_acc: 56.56% (0.565561), dev_f1: 39.30% (0.392971), test_acc: 58.52% (0.585204), test_f1: 42.47% (0.424708)
Batch 80 completed in 0.58 seconds (0.01 minutes)
loss: 0.739964, dev_acc: 55.43% (0.554337), dev_f1: 42.27% (0.422725), test_acc: 58.95% (0.589541), test_f1: 46.25% (0.462464)
Batch 100 completed in 0.58 seconds (0.01 minutes)
loss: 0.699818, dev_acc: 57.96% (0.579592), dev_f1: 42.40% (0.423976), test_acc: 58.85% (0.588520), test_f1: 44.25% (0.442490)
Batch 120 completed in 0.58 seconds (0.01 minutes)
loss: 0.681024, dev_acc: 57.93% (0.579337), dev_f1: 45.98% (0.459773), test_acc: 58.70% (0.586990), test_f1: 46.83% (0.468278)
Batch 140 completed in 0.58 seconds (0.01 minutes)
loss: 0.749897, dev_acc: 57.45% (0.574490), dev_f1: 39.01% (0.390128), test_acc: 58.95% (0.589541), test_f1: 40.17% (0.401661)
Batch 160 completed in 0.58 seconds (0.01 minutes)
loss: 0.830407, dev_acc: 58.55% (0.585459), dev_f1: 43.26% (0.432633), test_acc: 60.77% (0.607653), test_f1: 46.86% (0.468604)
Batch 180 completed in 0.58 seconds (0.01 minutes)
loss: 0.819588, dev_acc: 56.91% (0.569133), dev_f1: 47.37% (0.473716), test_acc: 57.37% (0.573724), test_f1: 48.03% (0.480329)
Epoch 6 completed in 373.44 seconds (6.22 minutes)
>>>>>>>>>>>>>>>>>>>>>>>>>>>>>>>>>>>>>>>>>>>>>>>>>>>>>>>>>>>>>>>>>>>>>>>>>>>>>>>>>>>>>>>>>>>>>>>>>>>>
epoch: 7
Batch 0 completed in 0.58 seconds (0.01 minutes)
loss: 0.713453, dev_acc: 56.91% (0.569133), dev_f1: 45.67% (0.456735), test_acc: 58.42% (0.584184), test_f1: 47.63% (0.476268)
Batch 20 completed in 0.58 seconds (0.01 minutes)
loss: 0.700896, dev_acc: 54.64% (0.546429), dev_f1: 44.62% (0.446226), test_acc: 55.66% (0.556633), test_f1: 45.98% (0.459818)
Batch 40 completed in 0.58 seconds (0.01 minutes)
loss: 0.615582, dev_acc: 57.42% (0.574235), dev_f1: 45.15% (0.451509), test_acc: 59.06% (0.590561), test_f1: 47.86% (0.478632)
Batch 60 completed in 0.58 seconds (0.01 minutes)
loss: 0.843343, dev_acc: 58.88% (0.588776), dev_f1: 40.82% (0.408161), test_acc: 60.46% (0.604592), test_f1: 42.58% (0.425820)
Batch 80 completed in 0.58 seconds (0.01 minutes)
loss: 0.696040, dev_acc: 56.33% (0.563265), dev_f1: 43.55% (0.435534), test_acc: 58.32% (0.583163), test_f1: 45.37% (0.453727)
Batch 100 completed in 0.58 seconds (0.01 minutes)
loss: 0.715090, dev_acc: 55.28% (0.552806), dev_f1: 45.87% (0.458683), test_acc: 57.09% (0.570918), test_f1: 48.08% (0.480813)
Batch 120 completed in 0.58 seconds (0.01 minutes)
loss: 0.846411, dev_acc: 56.02% (0.560204), dev_f1: 42.77% (0.427747), test_acc: 57.86% (0.578571), test_f1: 44.89% (0.448869)
Batch 140 completed in 0.58 seconds (0.01 minutes)
loss: 0.591884, dev_acc: 56.58% (0.565816), dev_f1: 46.30% (0.462999), test_acc: 59.11% (0.591071), test_f1: 49.11% (0.491101)
Batch 160 completed in 0.58 seconds (0.01 minutes)
loss: 0.871505, dev_acc: 57.40% (0.573980), dev_f1: 40.11% (0.401084), test_acc: 59.49% (0.594898), test_f1: 42.57% (0.425654)
Batch 180 completed in 0.58 seconds (0.01 minutes)
loss: 0.611549, dev_acc: 54.72% (0.547194), dev_f1: 40.98% (0.409843), test_acc: 54.34% (0.543367), test_f1: 41.09% (0.410878)
Epoch 7 completed in 373.69 seconds (6.23 minutes)
>>>>>>>>>>>>>>>>>>>>>>>>>>>>>>>>>>>>>>>>>>>>>>>>>>>>>>>>>>>>>>>>>>>>>>>>>>>>>>>>>>>>>>>>>>>>>>>>>>>>
epoch: 8
Batch 0 completed in 0.58 seconds (0.01 minutes)
loss: 0.764601, dev_acc: 55.97% (0.559694), dev_f1: 42.91% (0.429099), test_acc: 58.06% (0.580612), test_f1: 45.81% (0.458109)
Batch 20 completed in 0.58 seconds (0.01 minutes)
loss: 0.703975, dev_acc: 55.28% (0.552806), dev_f1: 44.73% (0.447252), test_acc: 57.30% (0.572959), test_f1: 47.03% (0.470279)
Batch 40 completed in 0.58 seconds (0.01 minutes)
loss: 0.606493, dev_acc: 56.22% (0.562245), dev_f1: 43.77% (0.437688), test_acc: 58.27% (0.582653), test_f1: 47.04% (0.470416)
Batch 60 completed in 0.58 seconds (0.01 minutes)
loss: 0.639990, dev_acc: 55.59% (0.555867), dev_f1: 44.24% (0.442407), test_acc: 58.65% (0.586480), test_f1: 48.85% (0.488545)
Batch 80 completed in 0.58 seconds (0.01 minutes)
loss: 0.784719, dev_acc: 56.58% (0.565816), dev_f1: 43.87% (0.438743), test_acc: 58.98% (0.589796), test_f1: 47.13% (0.471282)
Batch 100 completed in 0.58 seconds (0.01 minutes)
loss: 0.765490, dev_acc: 53.27% (0.532653), dev_f1: 44.86% (0.448629), test_acc: 55.20% (0.552041), test_f1: 47.02% (0.470151)
Batch 120 completed in 0.58 seconds (0.01 minutes)
loss: 0.802043, dev_acc: 54.54% (0.545408), dev_f1: 43.70% (0.437006), test_acc: 56.58% (0.565816), test_f1: 46.98% (0.469795)
Batch 140 completed in 0.58 seconds (0.01 minutes)
loss: 0.778680, dev_acc: 55.61% (0.556122), dev_f1: 45.46% (0.454633), test_acc: 57.68% (0.576786), test_f1: 48.47% (0.484702)
Batch 160 completed in 0.58 seconds (0.01 minutes)
loss: 0.671172, dev_acc: 56.02% (0.560204), dev_f1: 43.68% (0.436819), test_acc: 57.04% (0.570408), test_f1: 45.94% (0.459428)
Batch 180 completed in 0.58 seconds (0.01 minutes)
loss: 0.664561, dev_acc: 56.66% (0.566582), dev_f1: 46.44% (0.464442), test_acc: 57.45% (0.574490), test_f1: 46.54% (0.465430)
Epoch 8 completed in 373.48 seconds (6.22 minutes)
>>>>>>>>>>>>>>>>>>>>>>>>>>>>>>>>>>>>>>>>>>>>>>>>>>>>>>>>>>>>>>>>>>>>>>>>>>>>>>>>>>>>>>>>>>>>>>>>>>>>
epoch: 9
Batch 0 completed in 0.58 seconds (0.01 minutes)
loss: 0.831942, dev_acc: 55.92% (0.559184), dev_f1: 45.53% (0.455268), test_acc: 57.45% (0.574490), test_f1: 47.12% (0.471210)
Batch 20 completed in 0.58 seconds (0.01 minutes)
loss: 0.675311, dev_acc: 55.99% (0.559949), dev_f1: 44.94% (0.449443), test_acc: 57.35% (0.573469), test_f1: 46.19% (0.461930)
Batch 40 completed in 0.58 seconds (0.01 minutes)
loss: 0.847432, dev_acc: 56.35% (0.563520), dev_f1: 44.90% (0.448978), test_acc: 59.31% (0.593112), test_f1: 48.77% (0.487725)
Batch 60 completed in 0.58 seconds (0.01 minutes)
loss: 0.780637, dev_acc: 55.97% (0.559694), dev_f1: 42.17% (0.421689), test_acc: 58.55% (0.585459), test_f1: 46.06% (0.460633)
Batch 80 completed in 0.58 seconds (0.01 minutes)
loss: 0.542079, dev_acc: 55.38% (0.553827), dev_f1: 47.14% (0.471434), test_acc: 56.63% (0.566327), test_f1: 48.11% (0.481062)
Batch 100 completed in 0.58 seconds (0.01 minutes)
loss: 0.699659, dev_acc: 54.31% (0.543112), dev_f1: 44.64% (0.446403), test_acc: 56.86% (0.568622), test_f1: 48.34% (0.483441)
Batch 120 completed in 0.58 seconds (0.01 minutes)
loss: 0.612888, dev_acc: 56.68% (0.566837), dev_f1: 40.18% (0.401773), test_acc: 58.19% (0.581888), test_f1: 42.22% (0.422171)
Batch 140 completed in 0.58 seconds (0.01 minutes)
loss: 0.704071, dev_acc: 56.05% (0.560459), dev_f1: 43.79% (0.437886), test_acc: 59.01% (0.590051), test_f1: 47.80% (0.478044)
Batch 160 completed in 0.58 seconds (0.01 minutes)
loss: 0.657979, dev_acc: 55.46% (0.554592), dev_f1: 43.35% (0.433532), test_acc: 57.55% (0.575510), test_f1: 46.11% (0.461091)
Batch 180 completed in 0.58 seconds (0.01 minutes)
loss: 0.753469, dev_acc: 54.49% (0.544898), dev_f1: 44.64% (0.446397), test_acc: 56.15% (0.561480), test_f1: 47.02% (0.470165)
Epoch 9 completed in 374.05 seconds (6.23 minutes)
Max dev F1: 47.69% (0.476863), Max test F1: 49.41% (0.494126)
Reading TensorBoard loss at each epoch:
