SLURM Job ID: 20077714
The first version with resnset
Model: MOASC4
Dataset: MOA-MVSA-single
directory /home/rgg2706/Multimodal-Sentiment-Analysis/Datasets/MOA-MVSA-single exists
directory /home/rgg2706/Multimodal-Sentiment-Analysis/Datasets/MOA-MVSA-multiple exists
directory /home/rgg2706/Multimodal-Sentiment-Analysis/Models/MOASC4/SaveFiles/SentimentClassifier exists
11
Loading dataset from: /home/rgg2706/Multimodal-Sentiment-Analysis/Datasets/MOA-MVSA-single
/home/rgg2706/Multimodal-Sentiment-Analysis/Datasets/MOA-MVSA-single/text
/home/rgg2706/Multimodal-Sentiment-Analysis/Datasets/MOA-MVSA-single/image
[DEBUG] Now in dataset directory for labels: /home/rgg2706/Multimodal-Sentiment-Analysis/Datasets/MOA-MVSA-single
[DEBUG] About to read labels from: /home/rgg2706/Multimodal-Sentiment-Analysis/Datasets/MOA-MVSA-single/labels.csv
Dataset directory is: /home/rgg2706/Multimodal-Sentiment-Analysis/Datasets/MOA-MVSA-single
Files in dataset directory: ['labels.csv', 'text', 'image']
   ID  text  image
0   1     2      1
1   2     2      1
2   3     2      1
3   4     1      1
4   5     1      1
5   6     1      1
6   7     1      1
7   8     2      1
8   9     1      1
9  10     0      0

[DEBUG] First 5 training texts:
    ID: 1 | Overall sentiment: 1 | Text: how  i feel today legday jelly aching gym 
    ID: 3 | Overall sentiment: 1 | Text:  polynminion  the moment  i found my favourite tv character. profoundlove 
    ID: 4 | Overall sentiment: 1 | Text: esco  we have a young and energetic team and we pride ourselves on offering the highes hoer 
    ID: 5 | Overall sentiment: 1 | Text:  chrisashaffer  went to  ssc today to be a movie star to rep for the  deaf and got to meet an energetic great guy  mark  white! 
    ID: 6 | Overall sentiment: 1 | Text:  babeshawnmendes that was really energetic 
Train samples: 3653
Validation samples: 406
Test samples: 452
Total samples: 4511
Train label distribution: Negative=1078, Positive=2183, Neutral=392
Val   label distribution: Negative=144, Positive=231, Neutral=31
Test  label distribution: Negative=136, Positive=269, Neutral=47
Overall label distribution: Negative=1358, Positive=2683, Neutral=470
    Iteration 20 of epoch 1 completed. Loss : 1.1116000413894653 Accuracy : 46.88
    Iteration 40 of epoch 1 completed. Loss : 1.0959137678146362 Accuracy : 68.75
    Iteration 60 of epoch 1 completed. Loss : 1.0992882251739502 Accuracy : 28.12
    Iteration 80 of epoch 1 completed. Loss : 1.069560170173645 Accuracy : 65.62
    Iteration 100 of epoch 1 completed. Loss : 1.0656710863113403 Accuracy : 50.00
Best validation accuracy improved from 0.0 to 0.6387674825174826
Epoch 1 completed. Test dataset:
	 Loss: 1.0048
	 Accuracy : 61.04
	 Average recall: 0.4953
	 F1_PN: 0.6282
	 Macro-F1: 0.4188
	 Weighted-F1: 0.5808

Best test accuracy improved from 0.0 to 0.6104166666666667, saving model...
    Iteration 20 of epoch 2 completed. Loss : 1.0400294065475464 Accuracy : 59.38
    Iteration 40 of epoch 2 completed. Loss : 0.929938793182373 Accuracy : 75.00
    Iteration 60 of epoch 2 completed. Loss : 0.9509022235870361 Accuracy : 46.88
    Iteration 80 of epoch 2 completed. Loss : 0.8613829612731934 Accuracy : 62.50
    Iteration 100 of epoch 2 completed. Loss : 1.0362991094589233 Accuracy : 75.00
Best validation accuracy improved from 0.6387674825174826 to 0.6809440559440559
Epoch 2 completed. Test dataset:
	 Loss: 0.9108
	 Accuracy : 63.12
	 Average recall: 0.5005
	 F1_PN: 0.6513
	 Macro-F1: 0.4342
	 Weighted-F1: 0.6087

Best test accuracy improved from 0.6104166666666667 to 0.63125, saving model...
    Iteration 20 of epoch 3 completed. Loss : 0.8262377977371216 Accuracy : 71.88
    Iteration 40 of epoch 3 completed. Loss : 0.7419474720954895 Accuracy : 84.38
    Iteration 60 of epoch 3 completed. Loss : 0.8594275712966919 Accuracy : 59.38
    Iteration 80 of epoch 3 completed. Loss : 0.7365356087684631 Accuracy : 87.50
    Iteration 100 of epoch 3 completed. Loss : 0.7840719223022461 Accuracy : 84.38
Best validation accuracy improved from 0.6809440559440559 to 0.6835664335664335
Epoch 3 completed. Test dataset:
	 Loss: 0.8831
	 Accuracy : 65.00
	 Average recall: 0.5822
	 F1_PN: 0.6793
	 Macro-F1: 0.5321
	 Weighted-F1: 0.6692

Best test accuracy improved from 0.63125 to 0.65, saving model...
    Iteration 20 of epoch 4 completed. Loss : 0.6839587092399597 Accuracy : 81.25
    Iteration 40 of epoch 4 completed. Loss : 0.6683936715126038 Accuracy : 90.62
    Iteration 60 of epoch 4 completed. Loss : 0.6673452854156494 Accuracy : 84.38
    Iteration 80 of epoch 4 completed. Loss : 0.6632145047187805 Accuracy : 90.62
    Iteration 100 of epoch 4 completed. Loss : 0.5965965390205383 Accuracy : 90.62
Best validation accuracy improved from 0.6835664335664335 to 0.6918706293706294
Epoch 4 completed. Test dataset:
	 Loss: 0.8838
	 Accuracy : 65.83
	 Average recall: 0.5775
	 F1_PN: 0.6777
	 Macro-F1: 0.5387
	 Weighted-F1: 0.6615

Best test accuracy improved from 0.65 to 0.6583333333333333, saving model...
    Iteration 20 of epoch 5 completed. Loss : 0.6140793561935425 Accuracy : 84.38
    Iteration 40 of epoch 5 completed. Loss : 0.6606543064117432 Accuracy : 90.62
    Iteration 60 of epoch 5 completed. Loss : 0.6419978141784668 Accuracy : 87.50
    Iteration 80 of epoch 5 completed. Loss : 0.663396954536438 Accuracy : 90.62
    Iteration 100 of epoch 5 completed. Loss : 0.588402509689331 Accuracy : 90.62
Best validation accuracy improved from 0.6918706293706294 to 0.7183129370629371
Epoch 5 completed. Test dataset:
	 Loss: 0.8520
	 Accuracy : 68.75
	 Average recall: 0.5436
	 F1_PN: 0.7051
	 Macro-F1: 0.5056
	 Weighted-F1: 0.6697

Best test accuracy improved from 0.6583333333333333 to 0.6875, saving model...
    Iteration 20 of epoch 6 completed. Loss : 0.5754636526107788 Accuracy : 96.88
    Iteration 40 of epoch 6 completed. Loss : 0.6374807357788086 Accuracy : 96.88
    Iteration 60 of epoch 6 completed. Loss : 0.621066153049469 Accuracy : 90.62
    Iteration 80 of epoch 6 completed. Loss : 0.648866593837738 Accuracy : 93.75
    Iteration 100 of epoch 6 completed. Loss : 0.568097710609436 Accuracy : 96.88
Best validation accuracy improved from 0.7183129370629371 to 0.7207167832167832
Epoch 6 completed. Test dataset:
	 Loss: 0.8532
	 Accuracy : 68.75
	 Average recall: 0.5499
	 F1_PN: 0.7028
	 Macro-F1: 0.5155
	 Weighted-F1: 0.6736

    Iteration 20 of epoch 7 completed. Loss : 0.5597086548805237 Accuracy : 96.88
    Iteration 40 of epoch 7 completed. Loss : 0.6350855827331543 Accuracy : 96.88
    Iteration 60 of epoch 7 completed. Loss : 0.610360860824585 Accuracy : 93.75
    Iteration 80 of epoch 7 completed. Loss : 0.6535583734512329 Accuracy : 90.62
    Iteration 100 of epoch 7 completed. Loss : 0.5551143288612366 Accuracy : 100.00
Epoch 7 completed. Test dataset:
	 Loss: 0.8343
	 Accuracy : 70.62
	 Average recall: 0.5484
	 F1_PN: 0.7081
	 Macro-F1: 0.5221
	 Weighted-F1: 0.6784

Best test accuracy improved from 0.6875 to 0.70625, saving model...
    Iteration 20 of epoch 8 completed. Loss : 0.5750430822372437 Accuracy : 93.75
    Iteration 40 of epoch 8 completed. Loss : 0.6384403109550476 Accuracy : 96.88
    Iteration 60 of epoch 8 completed. Loss : 0.6019498705863953 Accuracy : 93.75
    Iteration 80 of epoch 8 completed. Loss : 0.6447345614433289 Accuracy : 93.75
    Iteration 100 of epoch 8 completed. Loss : 0.5666821599006653 Accuracy : 96.88
Epoch 8 completed. Test dataset:
	 Loss: 0.8412
	 Accuracy : 70.42
	 Average recall: 0.5270
	 F1_PN: 0.7108
	 Macro-F1: 0.5010
	 Weighted-F1: 0.6743

    Iteration 20 of epoch 9 completed. Loss : 0.5593025088310242 Accuracy : 100.00
    Iteration 40 of epoch 9 completed. Loss : 0.6349232792854309 Accuracy : 96.88
    Iteration 60 of epoch 9 completed. Loss : 0.6029077172279358 Accuracy : 93.75
    Iteration 80 of epoch 9 completed. Loss : 0.6423487067222595 Accuracy : 93.75
    Iteration 100 of epoch 9 completed. Loss : 0.5652491450309753 Accuracy : 96.88
Best validation accuracy improved from 0.7207167832167832 to 0.7279283216783217
Epoch 9 completed. Test dataset:
	 Loss: 0.8457
	 Accuracy : 69.79
	 Average recall: 0.5374
	 F1_PN: 0.7017
	 Macro-F1: 0.5167
	 Weighted-F1: 0.6760

    Iteration 20 of epoch 10 completed. Loss : 0.5646466612815857 Accuracy : 96.88
    Iteration 40 of epoch 10 completed. Loss : 0.6348077654838562 Accuracy : 96.88
    Iteration 60 of epoch 10 completed. Loss : 0.6044027805328369 Accuracy : 93.75
    Iteration 80 of epoch 10 completed. Loss : 0.641999363899231 Accuracy : 93.75
    Iteration 100 of epoch 10 completed. Loss : 0.5577254295349121 Accuracy : 96.88
Epoch 10 completed. Test dataset:
	 Loss: 0.8475
	 Accuracy : 69.58
	 Average recall: 0.5307
	 F1_PN: 0.6965
	 Macro-F1: 0.5155
	 Weighted-F1: 0.6736

    Iteration 20 of epoch 11 completed. Loss : 0.5549514889717102 Accuracy : 100.00
    Iteration 40 of epoch 11 completed. Loss : 0.6348597407341003 Accuracy : 96.88
    Iteration 60 of epoch 11 completed. Loss : 0.6033506393432617 Accuracy : 93.75
    Iteration 80 of epoch 11 completed. Loss : 0.6412598490715027 Accuracy : 93.75
    Iteration 100 of epoch 11 completed. Loss : 0.552377462387085 Accuracy : 100.00
Epoch 11 completed. Test dataset:
	 Loss: 0.8477
	 Accuracy : 69.79
	 Average recall: 0.5327
	 F1_PN: 0.6987
	 Macro-F1: 0.5169
	 Weighted-F1: 0.6754

    Iteration 20 of epoch 12 completed. Loss : 0.5562810301780701 Accuracy : 100.00
    Iteration 40 of epoch 12 completed. Loss : 0.6348944306373596 Accuracy : 96.88
    Iteration 60 of epoch 12 completed. Loss : 0.6039712429046631 Accuracy : 93.75
    Iteration 80 of epoch 12 completed. Loss : 0.6407309174537659 Accuracy : 93.75
    Iteration 100 of epoch 12 completed. Loss : 0.5518859028816223 Accuracy : 100.00
Epoch 12 completed. Test dataset:
	 Loss: 0.8479
	 Accuracy : 70.21
	 Average recall: 0.5355
	 F1_PN: 0.7018
	 Macro-F1: 0.5190
	 Weighted-F1: 0.6785

    Iteration 20 of epoch 13 completed. Loss : 0.5536028742790222 Accuracy : 100.00
    Iteration 40 of epoch 13 completed. Loss : 0.6348950266838074 Accuracy : 96.88
    Iteration 60 of epoch 13 completed. Loss : 0.6049103736877441 Accuracy : 93.75
    Iteration 80 of epoch 13 completed. Loss : 0.6410393714904785 Accuracy : 93.75
    Iteration 100 of epoch 13 completed. Loss : 0.5517623424530029 Accuracy : 100.00
Epoch 13 completed. Test dataset:
	 Loss: 0.8478
	 Accuracy : 70.21
	 Average recall: 0.5355
	 F1_PN: 0.7018
	 Macro-F1: 0.5190
	 Weighted-F1: 0.6785

    Iteration 20 of epoch 14 completed. Loss : 0.5528717041015625 Accuracy : 100.00
    Iteration 40 of epoch 14 completed. Loss : 0.6349111199378967 Accuracy : 96.88
    Iteration 60 of epoch 14 completed. Loss : 0.6049677133560181 Accuracy : 93.75
    Iteration 80 of epoch 14 completed. Loss : 0.641272246837616 Accuracy : 93.75
    Iteration 100 of epoch 14 completed. Loss : 0.5534328818321228 Accuracy : 100.00
Epoch 14 completed. Test dataset:
	 Loss: 0.8478
	 Accuracy : 70.21
	 Average recall: 0.5355
	 F1_PN: 0.7018
	 Macro-F1: 0.5190
	 Weighted-F1: 0.6785

    Iteration 20 of epoch 15 completed. Loss : 0.5582777857780457 Accuracy : 100.00
    Iteration 40 of epoch 15 completed. Loss : 0.6348063349723816 Accuracy : 96.88
    Iteration 60 of epoch 15 completed. Loss : 0.601112961769104 Accuracy : 93.75
    Iteration 80 of epoch 15 completed. Loss : 0.6407747268676758 Accuracy : 93.75
    Iteration 100 of epoch 15 completed. Loss : 0.551941990852356 Accuracy : 100.00
Epoch 15 completed. Test dataset:
	 Loss: 0.8478
	 Accuracy : 70.21
	 Average recall: 0.5355
	 F1_PN: 0.7018
	 Macro-F1: 0.5190
	 Weighted-F1: 0.6785

Train/val/test loss curve saved to /home/rgg2706/Multimodal-Sentiment-Analysis/Logs/MOASC4/2025-03-20/sub-5/001_Mar-20-2025_08:33_PM/train_val_test_loss_curve.png
Confusion matrix saved to /home/rgg2706/Multimodal-Sentiment-Analysis/Logs/MOASC4/2025-03-20/sub-5/001_Mar-20-2025_08:33_PM/confusion_matrix.png
