SLURM Job ID: 20077993
The first version with resnset
Model: MOASC4
Dataset: MOA-MVSA-single
directory /home/rgg2706/Multimodal-Sentiment-Analysis/Datasets/MOA-MVSA-single exists
directory /home/rgg2706/Multimodal-Sentiment-Analysis/Datasets/MOA-MVSA-multiple exists
directory /home/rgg2706/Multimodal-Sentiment-Analysis/Models/MOASC4/SaveFiles/SentimentClassifier exists
93
Loading dataset from: /home/rgg2706/Multimodal-Sentiment-Analysis/Datasets/MOA-MVSA-single
/home/rgg2706/Multimodal-Sentiment-Analysis/Datasets/MOA-MVSA-single/text
/home/rgg2706/Multimodal-Sentiment-Analysis/Datasets/MOA-MVSA-single/image
[DEBUG] Now in dataset directory for labels: /home/rgg2706/Multimodal-Sentiment-Analysis/Datasets/MOA-MVSA-single
[DEBUG] About to read labels from: /home/rgg2706/Multimodal-Sentiment-Analysis/Datasets/MOA-MVSA-single/labels.csv
Dataset directory is: /home/rgg2706/Multimodal-Sentiment-Analysis/Datasets/MOA-MVSA-single
Files in dataset directory: ['labels.csv', 'text', 'image']
   ID  text  image
0   1     2      1
1   2     2      1
2   3     2      1
3   4     1      1
4   5     1      1
5   6     1      1
6   7     1      1
7   8     2      1
8   9     1      1
9  10     0      0

[DEBUG] First 5 training texts:
    ID: 2 | Overall sentiment: 1 | Text: grattis min griskulting!!?? va bara tvungen oki s? sch ? ingenkommerattrodig pig happybday wow lovely cut 
    ID: 3 | Overall sentiment: 1 | Text:  polynminion  the moment  i found my favourite tv character. profoundlove 
    ID: 4 | Overall sentiment: 1 | Text: esco  we have a young and energetic team and we pride ourselves on offering the highes hoer 
    ID: 5 | Overall sentiment: 1 | Text:  chrisashaffer  went to  ssc today to be a movie star to rep for the  deaf and got to meet an energetic great guy  mark  white! 
    ID: 6 | Overall sentiment: 1 | Text:  babeshawnmendes that was really energetic 
Train samples: 3653
Validation samples: 406
Test samples: 452
Total samples: 4511
Train label distribution: Negative=1115, Positive=2165, Neutral=373
Val   label distribution: Negative=114, Positive=247, Neutral=45
Test  label distribution: Negative=129, Positive=271, Neutral=52
Overall label distribution: Negative=1358, Positive=2683, Neutral=470
    Iteration 20 of epoch 1 completed. Loss : 1.1032556295394897 Accuracy : 46.88
    Iteration 40 of epoch 1 completed. Loss : 1.098251461982727 Accuracy : 46.88
    Iteration 60 of epoch 1 completed. Loss : 1.099010705947876 Accuracy : 53.12
    Iteration 80 of epoch 1 completed. Loss : 1.0902445316314697 Accuracy : 65.62
    Iteration 100 of epoch 1 completed. Loss : 1.100298523902893 Accuracy : 53.12
Best validation accuracy improved from 0.0 to 0.5806381118881119
Epoch 1 completed. Test dataset:
	 Loss: 1.0631
	 Accuracy : 60.83
	 Average recall: 0.3967
	 F1_PN: 0.5499
	 Macro-F1: 0.3666
	 Weighted-F1: 0.5528

Best test accuracy improved from 0.0 to 0.6083333333333333, saving model...
    Iteration 20 of epoch 2 completed. Loss : 1.0867162942886353 Accuracy : 56.25
    Iteration 40 of epoch 2 completed. Loss : 1.0507301092147827 Accuracy : 53.12
    Iteration 60 of epoch 2 completed. Loss : 1.0649170875549316 Accuracy : 59.38
    Iteration 80 of epoch 2 completed. Loss : 1.0091887712478638 Accuracy : 59.38
    Iteration 100 of epoch 2 completed. Loss : 1.0397940874099731 Accuracy : 59.38
Best validation accuracy improved from 0.5806381118881119 to 0.625
Epoch 2 completed. Test dataset:
	 Loss: 0.9380
	 Accuracy : 61.25
	 Average recall: 0.5062
	 F1_PN: 0.6193
	 Macro-F1: 0.4655
	 Weighted-F1: 0.6092

Best test accuracy improved from 0.6083333333333333 to 0.6125, saving model...
    Iteration 20 of epoch 3 completed. Loss : 0.9429804086685181 Accuracy : 62.50
    Iteration 40 of epoch 3 completed. Loss : 0.8387560248374939 Accuracy : 68.75
    Iteration 60 of epoch 3 completed. Loss : 0.8278422355651855 Accuracy : 75.00
    Iteration 80 of epoch 3 completed. Loss : 0.850703775882721 Accuracy : 71.88
    Iteration 100 of epoch 3 completed. Loss : 0.8932816982269287 Accuracy : 68.75
Best validation accuracy improved from 0.625 to 0.6407342657342657
Epoch 3 completed. Test dataset:
	 Loss: 0.8722
	 Accuracy : 68.75
	 Average recall: 0.6188
	 F1_PN: 0.6960
	 Macro-F1: 0.5951
	 Weighted-F1: 0.6973

Best test accuracy improved from 0.6125 to 0.6875, saving model...
    Iteration 20 of epoch 4 completed. Loss : 0.6871263384819031 Accuracy : 87.50
    Iteration 40 of epoch 4 completed. Loss : 0.7078313231468201 Accuracy : 81.25
    Iteration 60 of epoch 4 completed. Loss : 0.739113986492157 Accuracy : 84.38
    Iteration 80 of epoch 4 completed. Loss : 0.6449993252754211 Accuracy : 87.50
    Iteration 100 of epoch 4 completed. Loss : 0.7375122904777527 Accuracy : 87.50
Best validation accuracy improved from 0.6407342657342657 to 0.6794143356643356
Epoch 4 completed. Test dataset:
	 Loss: 0.8635
	 Accuracy : 67.08
	 Average recall: 0.5247
	 F1_PN: 0.6561
	 Macro-F1: 0.5087
	 Weighted-F1: 0.6601

    Iteration 20 of epoch 5 completed. Loss : 0.690568208694458 Accuracy : 87.50
    Iteration 40 of epoch 5 completed. Loss : 0.7200804948806763 Accuracy : 78.12
    Iteration 60 of epoch 5 completed. Loss : 0.7168485522270203 Accuracy : 87.50
    Iteration 80 of epoch 5 completed. Loss : 0.6074440479278564 Accuracy : 93.75
    Iteration 100 of epoch 5 completed. Loss : 0.6304419040679932 Accuracy : 93.75
Epoch 5 completed. Test dataset:
	 Loss: 0.8634
	 Accuracy : 67.71
	 Average recall: 0.5453
	 F1_PN: 0.6874
	 Macro-F1: 0.5153
	 Weighted-F1: 0.6670

    Iteration 20 of epoch 6 completed. Loss : 0.5700958967208862 Accuracy : 100.00
    Iteration 40 of epoch 6 completed. Loss : 0.6577038168907166 Accuracy : 87.50
    Iteration 60 of epoch 6 completed. Loss : 0.684701144695282 Accuracy : 90.62
    Iteration 80 of epoch 6 completed. Loss : 0.5799427032470703 Accuracy : 96.88
    Iteration 100 of epoch 6 completed. Loss : 0.5912355184555054 Accuracy : 96.88
Epoch 6 completed. Test dataset:
	 Loss: 0.8700
	 Accuracy : 66.67
	 Average recall: 0.5635
	 F1_PN: 0.6740
	 Macro-F1: 0.5221
	 Weighted-F1: 0.6482

    Iteration 20 of epoch 7 completed. Loss : 0.6177995204925537 Accuracy : 84.38
    Iteration 40 of epoch 7 completed. Loss : 0.6079530119895935 Accuracy : 93.75
    Iteration 60 of epoch 7 completed. Loss : 0.69185870885849 Accuracy : 87.50
    Iteration 80 of epoch 7 completed. Loss : 0.5547230839729309 Accuracy : 100.00
    Iteration 100 of epoch 7 completed. Loss : 0.5860502123832703 Accuracy : 96.88
Best validation accuracy improved from 0.6794143356643356 to 0.6923076923076923
Epoch 7 completed. Test dataset:
	 Loss: 0.8480
	 Accuracy : 70.42
	 Average recall: 0.5444
	 F1_PN: 0.7063
	 Macro-F1: 0.5318
	 Weighted-F1: 0.6931

Best test accuracy improved from 0.6875 to 0.7041666666666667, saving model...
    Iteration 20 of epoch 8 completed. Loss : 0.578392505645752 Accuracy : 93.75
    Iteration 40 of epoch 8 completed. Loss : 0.6349435448646545 Accuracy : 90.62
    Iteration 60 of epoch 8 completed. Loss : 0.6510278582572937 Accuracy : 96.88
    Iteration 80 of epoch 8 completed. Loss : 0.5563414692878723 Accuracy : 100.00
    Iteration 100 of epoch 8 completed. Loss : 0.5917927622795105 Accuracy : 96.88
Epoch 8 completed. Test dataset:
	 Loss: 0.8559
	 Accuracy : 68.12
	 Average recall: 0.5491
	 F1_PN: 0.6790
	 Macro-F1: 0.5281
	 Weighted-F1: 0.6688

    Iteration 20 of epoch 9 completed. Loss : 0.554137647151947 Accuracy : 100.00
    Iteration 40 of epoch 9 completed. Loss : 0.6091601252555847 Accuracy : 93.75
    Iteration 60 of epoch 9 completed. Loss : 0.6344926953315735 Accuracy : 96.88
    Iteration 80 of epoch 9 completed. Loss : 0.5552447438240051 Accuracy : 100.00
    Iteration 100 of epoch 9 completed. Loss : 0.5862677693367004 Accuracy : 96.88
Epoch 9 completed. Test dataset:
	 Loss: 0.8559
	 Accuracy : 68.33
	 Average recall: 0.5511
	 F1_PN: 0.6810
	 Macro-F1: 0.5302
	 Weighted-F1: 0.6711

    Iteration 20 of epoch 10 completed. Loss : 0.5574412941932678 Accuracy : 100.00
    Iteration 40 of epoch 10 completed. Loss : 0.6037976741790771 Accuracy : 93.75
    Iteration 60 of epoch 10 completed. Loss : 0.6574587225914001 Accuracy : 93.75
    Iteration 80 of epoch 10 completed. Loss : 0.5615721940994263 Accuracy : 100.00
    Iteration 100 of epoch 10 completed. Loss : 0.5857350826263428 Accuracy : 96.88
Epoch 10 completed. Test dataset:
	 Loss: 0.8553
	 Accuracy : 68.54
	 Average recall: 0.5517
	 F1_PN: 0.6833
	 Macro-F1: 0.5318
	 Weighted-F1: 0.6724

    Iteration 20 of epoch 11 completed. Loss : 0.5575733780860901 Accuracy : 100.00
    Iteration 40 of epoch 11 completed. Loss : 0.6009423732757568 Accuracy : 93.75
    Iteration 60 of epoch 11 completed. Loss : 0.6380167007446289 Accuracy : 96.88
    Iteration 80 of epoch 11 completed. Loss : 0.554460883140564 Accuracy : 100.00
    Iteration 100 of epoch 11 completed. Loss : 0.5859297513961792 Accuracy : 96.88
Epoch 11 completed. Test dataset:
	 Loss: 0.8551
	 Accuracy : 68.54
	 Average recall: 0.5517
	 F1_PN: 0.6833
	 Macro-F1: 0.5318
	 Weighted-F1: 0.6724

    Iteration 20 of epoch 12 completed. Loss : 0.5551118850708008 Accuracy : 100.00
    Iteration 40 of epoch 12 completed. Loss : 0.6136879324913025 Accuracy : 93.75
    Iteration 60 of epoch 12 completed. Loss : 0.6371482014656067 Accuracy : 96.88
    Iteration 80 of epoch 12 completed. Loss : 0.5546770691871643 Accuracy : 100.00
    Iteration 100 of epoch 12 completed. Loss : 0.586615800857544 Accuracy : 96.88
Epoch 12 completed. Test dataset:
	 Loss: 0.8552
	 Accuracy : 68.33
	 Average recall: 0.5506
	 F1_PN: 0.6814
	 Macro-F1: 0.5305
	 Weighted-F1: 0.6706

    Iteration 20 of epoch 13 completed. Loss : 0.5564075708389282 Accuracy : 100.00
    Iteration 40 of epoch 13 completed. Loss : 0.6036304235458374 Accuracy : 93.75
    Iteration 60 of epoch 13 completed. Loss : 0.6358879208564758 Accuracy : 96.88
    Iteration 80 of epoch 13 completed. Loss : 0.552971363067627 Accuracy : 100.00
    Iteration 100 of epoch 13 completed. Loss : 0.58609938621521 Accuracy : 96.88
Epoch 13 completed. Test dataset:
	 Loss: 0.8551
	 Accuracy : 68.33
	 Average recall: 0.5506
	 F1_PN: 0.6814
	 Macro-F1: 0.5305
	 Weighted-F1: 0.6706

    Iteration 20 of epoch 14 completed. Loss : 0.5695051550865173 Accuracy : 96.88
    Iteration 40 of epoch 14 completed. Loss : 0.6019608378410339 Accuracy : 93.75
    Iteration 60 of epoch 14 completed. Loss : 0.638433039188385 Accuracy : 96.88
    Iteration 80 of epoch 14 completed. Loss : 0.5548696517944336 Accuracy : 100.00
    Iteration 100 of epoch 14 completed. Loss : 0.5867530703544617 Accuracy : 96.88
Epoch 14 completed. Test dataset:
	 Loss: 0.8551
	 Accuracy : 68.33
	 Average recall: 0.5506
	 F1_PN: 0.6814
	 Macro-F1: 0.5305
	 Weighted-F1: 0.6706

    Iteration 20 of epoch 15 completed. Loss : 0.5533706545829773 Accuracy : 100.00
    Iteration 40 of epoch 15 completed. Loss : 0.6070531606674194 Accuracy : 93.75
    Iteration 60 of epoch 15 completed. Loss : 0.6380305290222168 Accuracy : 96.88
    Iteration 80 of epoch 15 completed. Loss : 0.5549752712249756 Accuracy : 100.00
    Iteration 100 of epoch 15 completed. Loss : 0.5856468677520752 Accuracy : 96.88
Epoch 15 completed. Test dataset:
	 Loss: 0.8551
	 Accuracy : 68.33
	 Average recall: 0.5506
	 F1_PN: 0.6814
	 Macro-F1: 0.5305
	 Weighted-F1: 0.6706

Train/val/test loss curve saved to /home/rgg2706/Multimodal-Sentiment-Analysis/Logs/MOASC4/2025-03-21/sub-1/043_Mar-21-2025_12:07_AM/train_val_test_loss_curve.png
Confusion matrix saved to /home/rgg2706/Multimodal-Sentiment-Analysis/Logs/MOASC4/2025-03-21/sub-1/043_Mar-21-2025_12:07_AM/confusion_matrix.png
