SLURM Job ID: 20078117
The first version with resnset
Model: MOASC4
Dataset: MOA-MVSA-multiple
directory /home/rgg2706/Multimodal-Sentiment-Analysis/Datasets/MOA-MVSA-single exists
directory /home/rgg2706/Multimodal-Sentiment-Analysis/Datasets/MOA-MVSA-multiple exists
directory /home/rgg2706/Multimodal-Sentiment-Analysis/Models/MOASC4/SaveFiles/SentimentClassifier exists
24
Loading dataset from: /home/rgg2706/Multimodal-Sentiment-Analysis/Datasets/MOA-MVSA-multiple
/home/rgg2706/Multimodal-Sentiment-Analysis/Datasets/MOA-MVSA-multiple/text
/home/rgg2706/Multimodal-Sentiment-Analysis/Datasets/MOA-MVSA-multiple/image
[DEBUG] Now in dataset directory for labels: /home/rgg2706/Multimodal-Sentiment-Analysis/Datasets/MOA-MVSA-multiple
[DEBUG] About to read labels from: /home/rgg2706/Multimodal-Sentiment-Analysis/Datasets/MOA-MVSA-multiple/labels.csv
Dataset directory is: /home/rgg2706/Multimodal-Sentiment-Analysis/Datasets/MOA-MVSA-multiple
Files in dataset directory: ['labels.csv', 'text', 'image']
     ID  text  image
0  2499     1      1
1  2500     2      1
2  2502     1      1
3  2504     1      2
4  2505     1      2
5  2506     2      2
6  2508     0      2
7  2509     0      0
8  2510     2      2
9  2511     2      1
Error loading image /home/rgg2706/Multimodal-Sentiment-Analysis/Datasets/MOA-MVSA-multiple/image/15324.jpg: image file is truncated (4 bytes not processed)
  [*] Using fallback image: /home/rgg2706/Multimodal-Sentiment-Analysis/Datasets/0default.jpg
Error loading image /home/rgg2706/Multimodal-Sentiment-Analysis/Datasets/MOA-MVSA-multiple/image/3910.jpg: cannot identify image file '/home/rgg2706/Multimodal-Sentiment-Analysis/Datasets/MOA-MVSA-multiple/image/3910.jpg'
  [*] Using fallback image: /home/rgg2706/Multimodal-Sentiment-Analysis/Datasets/0default.jpg
Error loading image /home/rgg2706/Multimodal-Sentiment-Analysis/Datasets/MOA-MVSA-multiple/image/5995.jpg: cannot identify image file '/home/rgg2706/Multimodal-Sentiment-Analysis/Datasets/MOA-MVSA-multiple/image/5995.jpg'
  [*] Using fallback image: /home/rgg2706/Multimodal-Sentiment-Analysis/Datasets/0default.jpg

[DEBUG] First 5 training texts:
    ID: 2499 | Overall sentiment: 1 | Text: knocked doors with the venerable  team trudeau lpc candidate kylejpeterson this aft in my hometown  aurora! elxn
    ID: 2500 | Overall sentiment: 1 | Text: canvassing for  elect kelly yeg yegfed elxn
    ID: 2502 | Overall sentiment: 1 | Text: i think it is time for change   ana  commit to  vote  generation trudeau  sfu lpc elxn http annoyedorhesitantt.cohvo i ud x ib
    ID: 2505 | Overall sentiment: 1 | Text: cannot wait to vote for kenthehr and  justin trudeau on  october . cdnpoli elxn  real change  go  team hehr
    ID: 2506 | Overall sentiment: 2 | Text: vote for  ndp is vote for another  harper. elxn  andrew  thomson  mulcairs financial adviser http annoyedorhesitantt.coeq t jiv vh
Train samples: 13791
Validation samples: 1533
Test samples: 1703
Total samples: 17027
Train label distribution: Negative=1064, Positive=9151, Neutral=3576
Val   label distribution: Negative=114, Positive=1020, Neutral=399
Test  label distribution: Negative=121, Positive=1149, Neutral=433
Overall label distribution: Negative=1299, Positive=11320, Neutral=4408
    Iteration 20 of epoch 1 completed. Loss : 1.0936449766159058 Accuracy : 46.88
    Iteration 40 of epoch 1 completed. Loss : 1.063836932182312 Accuracy : 56.25
    Iteration 60 of epoch 1 completed. Loss : 1.0349619388580322 Accuracy : 46.88
    Iteration 80 of epoch 1 completed. Loss : 1.113026738166809 Accuracy : 53.12
    Iteration 100 of epoch 1 completed. Loss : 1.0949501991271973 Accuracy : 43.75
    Iteration 120 of epoch 1 completed. Loss : 1.0752995014190674 Accuracy : 96.88
    Iteration 140 of epoch 1 completed. Loss : 1.1128015518188477 Accuracy : 37.50
    Iteration 160 of epoch 1 completed. Loss : 1.0988516807556152 Accuracy : 56.25
    Iteration 180 of epoch 1 completed. Loss : 1.0385898351669312 Accuracy : 68.75
    Iteration 200 of epoch 1 completed. Loss : 1.0382732152938843 Accuracy : 68.75
    Iteration 220 of epoch 1 completed. Loss : 0.936650276184082 Accuracy : 62.50
    Iteration 240 of epoch 1 completed. Loss : 0.8601315021514893 Accuracy : 78.12
    Iteration 260 of epoch 1 completed. Loss : 0.946366012096405 Accuracy : 56.25
    Iteration 280 of epoch 1 completed. Loss : 0.912552535533905 Accuracy : 65.62
    Iteration 300 of epoch 1 completed. Loss : 1.0124473571777344 Accuracy : 34.38
    Iteration 320 of epoch 1 completed. Loss : 1.1680160760879517 Accuracy : 43.75
    Iteration 340 of epoch 1 completed. Loss : 0.9664633274078369 Accuracy : 65.62
    Iteration 360 of epoch 1 completed. Loss : 0.9280332922935486 Accuracy : 59.38
    Iteration 380 of epoch 1 completed. Loss : 0.9648590683937073 Accuracy : 65.62
    Iteration 400 of epoch 1 completed. Loss : 1.1361171007156372 Accuracy : 43.75
    Iteration 420 of epoch 1 completed. Loss : 1.0120854377746582 Accuracy : 50.00
Best validation accuracy improved from 0.0 to 0.5524425287356322
Epoch 1 completed. Test dataset:
	 Loss: 0.9679
	 Accuracy : 56.06
	 Average recall: 0.4982
	 F1_PN: 0.4466
	 Macro-F1: 0.4382
	 Weighted-F1: 0.5843

Best test accuracy improved from 0.0 to 0.560598544973545, saving model...
    Iteration 20 of epoch 2 completed. Loss : 1.0360757112503052 Accuracy : 50.00
    Iteration 40 of epoch 2 completed. Loss : 0.9740903377532959 Accuracy : 65.62
    Iteration 60 of epoch 2 completed. Loss : 0.9420998096466064 Accuracy : 56.25
    Iteration 80 of epoch 2 completed. Loss : 0.9660229682922363 Accuracy : 59.38
    Iteration 100 of epoch 2 completed. Loss : 0.8092512488365173 Accuracy : 68.75
    Iteration 120 of epoch 2 completed. Loss : 0.8281707763671875 Accuracy : 75.00
    Iteration 140 of epoch 2 completed. Loss : 0.805569589138031 Accuracy : 68.75
    Iteration 160 of epoch 2 completed. Loss : 0.9694302082061768 Accuracy : 68.75
    Iteration 180 of epoch 2 completed. Loss : 0.8128688335418701 Accuracy : 68.75
    Iteration 200 of epoch 2 completed. Loss : 0.8801154494285583 Accuracy : 71.88
    Iteration 220 of epoch 2 completed. Loss : 0.7753394842147827 Accuracy : 65.62
    Iteration 240 of epoch 2 completed. Loss : 0.8982095718383789 Accuracy : 65.62
    Iteration 260 of epoch 2 completed. Loss : 0.8855649828910828 Accuracy : 56.25
    Iteration 280 of epoch 2 completed. Loss : 0.8076599836349487 Accuracy : 65.62
    Iteration 300 of epoch 2 completed. Loss : 0.9168387055397034 Accuracy : 53.12
    Iteration 320 of epoch 2 completed. Loss : 1.1249229907989502 Accuracy : 56.25
    Iteration 340 of epoch 2 completed. Loss : 0.8522996306419373 Accuracy : 71.88
    Iteration 360 of epoch 2 completed. Loss : 0.803077757358551 Accuracy : 71.88
    Iteration 380 of epoch 2 completed. Loss : 0.8842595815658569 Accuracy : 75.00
    Iteration 400 of epoch 2 completed. Loss : 1.0276381969451904 Accuracy : 50.00
    Iteration 420 of epoch 2 completed. Loss : 0.8701310157775879 Accuracy : 68.75
Best validation accuracy improved from 0.5524425287356322 to 0.5878681752873564
Epoch 2 completed. Test dataset:
	 Loss: 0.9412
	 Accuracy : 58.75
	 Average recall: 0.5244
	 F1_PN: 0.4898
	 Macro-F1: 0.4667
	 Weighted-F1: 0.6146

Best test accuracy improved from 0.560598544973545 to 0.5875496031746033, saving model...
    Iteration 20 of epoch 3 completed. Loss : 0.9985957145690918 Accuracy : 53.12
    Iteration 40 of epoch 3 completed. Loss : 0.8989263772964478 Accuracy : 71.88
    Iteration 60 of epoch 3 completed. Loss : 0.8685693144798279 Accuracy : 71.88
    Iteration 80 of epoch 3 completed. Loss : 1.0632075071334839 Accuracy : 59.38
    Iteration 100 of epoch 3 completed. Loss : 0.7756205797195435 Accuracy : 68.75
    Iteration 120 of epoch 3 completed. Loss : 0.6033134460449219 Accuracy : 93.75
    Iteration 140 of epoch 3 completed. Loss : 0.7870113253593445 Accuracy : 71.88
    Iteration 160 of epoch 3 completed. Loss : 0.849021315574646 Accuracy : 75.00
    Iteration 180 of epoch 3 completed. Loss : 0.7176523804664612 Accuracy : 78.12
    Iteration 200 of epoch 3 completed. Loss : 0.8476054072380066 Accuracy : 78.12
    Iteration 220 of epoch 3 completed. Loss : 0.7930074334144592 Accuracy : 68.75
    Iteration 240 of epoch 3 completed. Loss : 0.7014662027359009 Accuracy : 78.12
    Iteration 260 of epoch 3 completed. Loss : 0.8472955822944641 Accuracy : 75.00
    Iteration 280 of epoch 3 completed. Loss : 0.7787379026412964 Accuracy : 75.00
    Iteration 300 of epoch 3 completed. Loss : 0.7655674815177917 Accuracy : 75.00
    Iteration 320 of epoch 3 completed. Loss : 1.063224196434021 Accuracy : 65.62
    Iteration 340 of epoch 3 completed. Loss : 0.8571342825889587 Accuracy : 75.00
    Iteration 360 of epoch 3 completed. Loss : 0.7500505447387695 Accuracy : 75.00
    Iteration 380 of epoch 3 completed. Loss : 0.822702944278717 Accuracy : 81.25
    Iteration 400 of epoch 3 completed. Loss : 1.0235133171081543 Accuracy : 59.38
    Iteration 420 of epoch 3 completed. Loss : 0.8430800437927246 Accuracy : 78.12
Best validation accuracy improved from 0.5878681752873564 to 0.637347341954023
Epoch 3 completed. Test dataset:
	 Loss: 0.9024
	 Accuracy : 64.02
	 Average recall: 0.5030
	 F1_PN: 0.5333
	 Macro-F1: 0.4846
	 Weighted-F1: 0.6521

Best test accuracy improved from 0.5875496031746033 to 0.6402116402116401, saving model...
    Iteration 20 of epoch 4 completed. Loss : 0.8852458000183105 Accuracy : 62.50
    Iteration 40 of epoch 4 completed. Loss : 0.827695906162262 Accuracy : 75.00
    Iteration 60 of epoch 4 completed. Loss : 0.6999263167381287 Accuracy : 87.50
    Iteration 80 of epoch 4 completed. Loss : 0.820692241191864 Accuracy : 71.88
    Iteration 100 of epoch 4 completed. Loss : 0.7216404676437378 Accuracy : 78.12
    Iteration 120 of epoch 4 completed. Loss : 0.5517822504043579 Accuracy : 100.00
    Iteration 140 of epoch 4 completed. Loss : 0.8108277916908264 Accuracy : 59.38
    Iteration 160 of epoch 4 completed. Loss : 0.6805766224861145 Accuracy : 84.38
    Iteration 180 of epoch 4 completed. Loss : 0.6263792514801025 Accuracy : 93.75
    Iteration 200 of epoch 4 completed. Loss : 0.8050376772880554 Accuracy : 81.25
    Iteration 220 of epoch 4 completed. Loss : 0.7194601893424988 Accuracy : 75.00
    Iteration 240 of epoch 4 completed. Loss : 0.6109979152679443 Accuracy : 93.75
    Iteration 260 of epoch 4 completed. Loss : 0.7141850590705872 Accuracy : 78.12
    Iteration 280 of epoch 4 completed. Loss : 0.6824729442596436 Accuracy : 81.25
    Iteration 300 of epoch 4 completed. Loss : 0.6528686285018921 Accuracy : 90.62
    Iteration 320 of epoch 4 completed. Loss : 0.9286405444145203 Accuracy : 78.12
    Iteration 340 of epoch 4 completed. Loss : 0.8488499522209167 Accuracy : 78.12
    Iteration 360 of epoch 4 completed. Loss : 0.7134060263633728 Accuracy : 81.25
    Iteration 380 of epoch 4 completed. Loss : 0.799620509147644 Accuracy : 87.50
    Iteration 400 of epoch 4 completed. Loss : 0.9003012776374817 Accuracy : 75.00
    Iteration 420 of epoch 4 completed. Loss : 0.8187336325645447 Accuracy : 78.12
Epoch 4 completed. Test dataset:
	 Loss: 0.9005
	 Accuracy : 64.08
	 Average recall: 0.4904
	 F1_PN: 0.5056
	 Macro-F1: 0.4635
	 Weighted-F1: 0.6516

Best test accuracy improved from 0.6402116402116401 to 0.6407903439153438, saving model...
    Iteration 20 of epoch 5 completed. Loss : 0.8759739398956299 Accuracy : 62.50
    Iteration 40 of epoch 5 completed. Loss : 0.7232663631439209 Accuracy : 87.50
    Iteration 60 of epoch 5 completed. Loss : 0.673613965511322 Accuracy : 90.62
    Iteration 80 of epoch 5 completed. Loss : 0.8308592438697815 Accuracy : 59.38
    Iteration 100 of epoch 5 completed. Loss : 1.1040860414505005 Accuracy : 59.38
    Iteration 120 of epoch 5 completed. Loss : 0.5616651177406311 Accuracy : 100.00
    Iteration 140 of epoch 5 completed. Loss : 0.8496159315109253 Accuracy : 56.25
    Iteration 160 of epoch 5 completed. Loss : 0.6243563294410706 Accuracy : 90.62
    Iteration 180 of epoch 5 completed. Loss : 0.6150853037834167 Accuracy : 93.75
    Iteration 200 of epoch 5 completed. Loss : 0.7076402306556702 Accuracy : 90.62
    Iteration 220 of epoch 5 completed. Loss : 0.6489799618721008 Accuracy : 84.38
    Iteration 240 of epoch 5 completed. Loss : 0.5834475159645081 Accuracy : 93.75
    Iteration 260 of epoch 5 completed. Loss : 0.7434614896774292 Accuracy : 81.25
    Iteration 280 of epoch 5 completed. Loss : 0.7821329236030579 Accuracy : 81.25
    Iteration 300 of epoch 5 completed. Loss : 0.6314702033996582 Accuracy : 93.75
    Iteration 320 of epoch 5 completed. Loss : 0.5839556455612183 Accuracy : 96.88
    Iteration 340 of epoch 5 completed. Loss : 0.7213675379753113 Accuracy : 87.50
    Iteration 360 of epoch 5 completed. Loss : 0.6922215223312378 Accuracy : 78.12
    Iteration 380 of epoch 5 completed. Loss : 0.7377796769142151 Accuracy : 84.38
    Iteration 400 of epoch 5 completed. Loss : 0.971625030040741 Accuracy : 68.75
    Iteration 420 of epoch 5 completed. Loss : 0.8006997108459473 Accuracy : 84.38
Epoch 5 completed. Test dataset:
	 Loss: 0.9110
	 Accuracy : 63.24
	 Average recall: 0.4753
	 F1_PN: 0.5107
	 Macro-F1: 0.4525
	 Weighted-F1: 0.6429

    Iteration 20 of epoch 6 completed. Loss : 0.8481910228729248 Accuracy : 68.75
    Iteration 40 of epoch 6 completed. Loss : 0.722734808921814 Accuracy : 84.38
    Iteration 60 of epoch 6 completed. Loss : 0.6216092705726624 Accuracy : 90.62
    Iteration 80 of epoch 6 completed. Loss : 0.7517784833908081 Accuracy : 71.88
    Iteration 100 of epoch 6 completed. Loss : 0.836074709892273 Accuracy : 78.12
    Iteration 120 of epoch 6 completed. Loss : 0.552993655204773 Accuracy : 100.00
    Iteration 140 of epoch 6 completed. Loss : 0.7145813703536987 Accuracy : 78.12
    Iteration 160 of epoch 6 completed. Loss : 0.6296589374542236 Accuracy : 90.62
    Iteration 180 of epoch 6 completed. Loss : 0.5830621719360352 Accuracy : 96.88
    Iteration 200 of epoch 6 completed. Loss : 0.662564754486084 Accuracy : 93.75
    Iteration 220 of epoch 6 completed. Loss : 0.6880766749382019 Accuracy : 78.12
    Iteration 240 of epoch 6 completed. Loss : 0.5674001574516296 Accuracy : 96.88
    Iteration 260 of epoch 6 completed. Loss : 0.6603851318359375 Accuracy : 87.50
    Iteration 280 of epoch 6 completed. Loss : 0.7001219391822815 Accuracy : 87.50
    Iteration 300 of epoch 6 completed. Loss : 0.6022312045097351 Accuracy : 96.88
    Iteration 320 of epoch 6 completed. Loss : 0.6059995293617249 Accuracy : 93.75
    Iteration 340 of epoch 6 completed. Loss : 0.7001870274543762 Accuracy : 90.62
    Iteration 360 of epoch 6 completed. Loss : 0.6428619623184204 Accuracy : 90.62
    Iteration 380 of epoch 6 completed. Loss : 0.6359813809394836 Accuracy : 90.62
    Iteration 400 of epoch 6 completed. Loss : 0.8177812695503235 Accuracy : 75.00
    Iteration 420 of epoch 6 completed. Loss : 0.7205228209495544 Accuracy : 90.62
Epoch 6 completed. Test dataset:
	 Loss: 0.8962
	 Accuracy : 65.07
	 Average recall: 0.4666
	 F1_PN: 0.5181
	 Macro-F1: 0.4631
	 Weighted-F1: 0.6542

Best test accuracy improved from 0.6407903439153438 to 0.6507109788359787, saving model...
    Iteration 20 of epoch 7 completed. Loss : 0.8354420065879822 Accuracy : 71.88
    Iteration 40 of epoch 7 completed. Loss : 0.6679605841636658 Accuracy : 90.62
    Iteration 60 of epoch 7 completed. Loss : 0.581864595413208 Accuracy : 96.88
    Iteration 80 of epoch 7 completed. Loss : 0.7504812479019165 Accuracy : 75.00
    Iteration 100 of epoch 7 completed. Loss : 0.810041606426239 Accuracy : 81.25
    Iteration 120 of epoch 7 completed. Loss : 0.5522167086601257 Accuracy : 100.00
    Iteration 140 of epoch 7 completed. Loss : 0.7227187752723694 Accuracy : 75.00
    Iteration 160 of epoch 7 completed. Loss : 0.5904446244239807 Accuracy : 96.88
    Iteration 180 of epoch 7 completed. Loss : 0.5688201785087585 Accuracy : 96.88
    Iteration 200 of epoch 7 completed. Loss : 0.6667516827583313 Accuracy : 93.75
    Iteration 220 of epoch 7 completed. Loss : 0.6741985082626343 Accuracy : 81.25
    Iteration 240 of epoch 7 completed. Loss : 0.5780008435249329 Accuracy : 96.88
    Iteration 260 of epoch 7 completed. Loss : 0.6482833623886108 Accuracy : 90.62
    Iteration 280 of epoch 7 completed. Loss : 0.6483172178268433 Accuracy : 90.62
    Iteration 300 of epoch 7 completed. Loss : 0.5638477802276611 Accuracy : 100.00
    Iteration 320 of epoch 7 completed. Loss : 0.6032518148422241 Accuracy : 93.75
    Iteration 340 of epoch 7 completed. Loss : 0.7004064917564392 Accuracy : 90.62
    Iteration 360 of epoch 7 completed. Loss : 0.6497420072555542 Accuracy : 90.62
    Iteration 380 of epoch 7 completed. Loss : 0.5852850079536438 Accuracy : 93.75
    Iteration 400 of epoch 7 completed. Loss : 0.815961480140686 Accuracy : 75.00
    Iteration 420 of epoch 7 completed. Loss : 0.7215080261230469 Accuracy : 90.62
Epoch 7 completed. Test dataset:
	 Loss: 0.8971
	 Accuracy : 64.61
	 Average recall: 0.4708
	 F1_PN: 0.5234
	 Macro-F1: 0.4600
	 Weighted-F1: 0.6491

    Iteration 20 of epoch 8 completed. Loss : 0.82086580991745 Accuracy : 71.88
    Iteration 40 of epoch 8 completed. Loss : 0.6480109095573425 Accuracy : 93.75
    Iteration 60 of epoch 8 completed. Loss : 0.5778388977050781 Accuracy : 96.88
    Iteration 80 of epoch 8 completed. Loss : 0.7205793857574463 Accuracy : 78.12
    Iteration 100 of epoch 8 completed. Loss : 0.7538067102432251 Accuracy : 84.38
    Iteration 120 of epoch 8 completed. Loss : 0.5516232252120972 Accuracy : 100.00
    Iteration 140 of epoch 8 completed. Loss : 0.7172126173973083 Accuracy : 78.12
    Iteration 160 of epoch 8 completed. Loss : 0.620849609375 Accuracy : 93.75
    Iteration 180 of epoch 8 completed. Loss : 0.5680654644966125 Accuracy : 96.88
    Iteration 200 of epoch 8 completed. Loss : 0.6536422371864319 Accuracy : 93.75
    Iteration 220 of epoch 8 completed. Loss : 0.6683084964752197 Accuracy : 84.38
    Iteration 240 of epoch 8 completed. Loss : 0.5656664371490479 Accuracy : 96.88
    Iteration 260 of epoch 8 completed. Loss : 0.6485608816146851 Accuracy : 90.62
    Iteration 280 of epoch 8 completed. Loss : 0.6534411907196045 Accuracy : 90.62
    Iteration 300 of epoch 8 completed. Loss : 0.5562743544578552 Accuracy : 100.00
    Iteration 320 of epoch 8 completed. Loss : 0.5978021025657654 Accuracy : 93.75
    Iteration 340 of epoch 8 completed. Loss : 0.6982794404029846 Accuracy : 90.62
    Iteration 360 of epoch 8 completed. Loss : 0.6414004564285278 Accuracy : 90.62
    Iteration 380 of epoch 8 completed. Loss : 0.5830413103103638 Accuracy : 93.75
    Iteration 400 of epoch 8 completed. Loss : 0.7918950915336609 Accuracy : 81.25
    Iteration 420 of epoch 8 completed. Loss : 0.7206808924674988 Accuracy : 90.62
Epoch 8 completed. Test dataset:
	 Loss: 0.8928
	 Accuracy : 65.01
	 Average recall: 0.4722
	 F1_PN: 0.5295
	 Macro-F1: 0.4641
	 Weighted-F1: 0.6511

    Iteration 20 of epoch 9 completed. Loss : 0.7566021084785461 Accuracy : 75.00
    Iteration 40 of epoch 9 completed. Loss : 0.6465203762054443 Accuracy : 93.75
    Iteration 60 of epoch 9 completed. Loss : 0.5922029614448547 Accuracy : 96.88
    Iteration 80 of epoch 9 completed. Loss : 0.7353713512420654 Accuracy : 75.00
    Iteration 100 of epoch 9 completed. Loss : 0.8099679350852966 Accuracy : 81.25
    Iteration 120 of epoch 9 completed. Loss : 0.5522541999816895 Accuracy : 100.00
    Iteration 140 of epoch 9 completed. Loss : 0.6942358613014221 Accuracy : 81.25
    Iteration 160 of epoch 9 completed. Loss : 0.6376569867134094 Accuracy : 90.62
    Iteration 180 of epoch 9 completed. Loss : 0.5690487623214722 Accuracy : 96.88
    Iteration 200 of epoch 9 completed. Loss : 0.6565528512001038 Accuracy : 93.75
    Iteration 220 of epoch 9 completed. Loss : 0.6665574312210083 Accuracy : 84.38
    Iteration 240 of epoch 9 completed. Loss : 0.5658629536628723 Accuracy : 96.88
    Iteration 260 of epoch 9 completed. Loss : 0.6484811902046204 Accuracy : 90.62
    Iteration 280 of epoch 9 completed. Loss : 0.6441251635551453 Accuracy : 90.62
    Iteration 300 of epoch 9 completed. Loss : 0.5529125928878784 Accuracy : 100.00
    Iteration 320 of epoch 9 completed. Loss : 0.5679241418838501 Accuracy : 96.88
    Iteration 340 of epoch 9 completed. Loss : 0.7005212306976318 Accuracy : 90.62
    Iteration 360 of epoch 9 completed. Loss : 0.6050332188606262 Accuracy : 93.75
    Iteration 380 of epoch 9 completed. Loss : 0.5801211595535278 Accuracy : 93.75
    Iteration 400 of epoch 9 completed. Loss : 0.7955487966537476 Accuracy : 81.25
    Iteration 420 of epoch 9 completed. Loss : 0.7189561128616333 Accuracy : 90.62
Epoch 9 completed. Test dataset:
	 Loss: 0.8909
	 Accuracy : 65.24
	 Average recall: 0.4740
	 F1_PN: 0.5316
	 Macro-F1: 0.4665
	 Weighted-F1: 0.6534

Best test accuracy improved from 0.6507109788359787 to 0.6524470899470899, saving model...
    Iteration 20 of epoch 10 completed. Loss : 0.7744558453559875 Accuracy : 75.00
    Iteration 40 of epoch 10 completed. Loss : 0.6443852186203003 Accuracy : 93.75
    Iteration 60 of epoch 10 completed. Loss : 0.5743398666381836 Accuracy : 96.88
    Iteration 80 of epoch 10 completed. Loss : 0.7280867099761963 Accuracy : 78.12
    Iteration 100 of epoch 10 completed. Loss : 0.7312843203544617 Accuracy : 87.50
    Iteration 120 of epoch 10 completed. Loss : 0.5518403649330139 Accuracy : 100.00
    Iteration 140 of epoch 10 completed. Loss : 0.6823129653930664 Accuracy : 81.25
    Iteration 160 of epoch 10 completed. Loss : 0.5866767168045044 Accuracy : 96.88
    Iteration 180 of epoch 10 completed. Loss : 0.6697686910629272 Accuracy : 93.75
    Iteration 200 of epoch 10 completed. Loss : 0.6536861658096313 Accuracy : 93.75
    Iteration 220 of epoch 10 completed. Loss : 0.6609028577804565 Accuracy : 84.38
    Iteration 240 of epoch 10 completed. Loss : 0.5675560235977173 Accuracy : 96.88
    Iteration 260 of epoch 10 completed. Loss : 0.6482818126678467 Accuracy : 90.62
    Iteration 280 of epoch 10 completed. Loss : 0.640478253364563 Accuracy : 90.62
    Iteration 300 of epoch 10 completed. Loss : 0.5662699341773987 Accuracy : 100.00
    Iteration 320 of epoch 10 completed. Loss : 0.5981605648994446 Accuracy : 93.75
    Iteration 340 of epoch 10 completed. Loss : 0.7005791664123535 Accuracy : 90.62
    Iteration 360 of epoch 10 completed. Loss : 0.6408931016921997 Accuracy : 90.62
    Iteration 380 of epoch 10 completed. Loss : 0.583537220954895 Accuracy : 93.75
    Iteration 400 of epoch 10 completed. Loss : 0.79676353931427 Accuracy : 81.25
    Iteration 420 of epoch 10 completed. Loss : 0.7208150625228882 Accuracy : 90.62
Epoch 10 completed. Test dataset:
	 Loss: 0.8910
	 Accuracy : 65.24
	 Average recall: 0.4740
	 F1_PN: 0.5321
	 Macro-F1: 0.4667
	 Weighted-F1: 0.6535

    Iteration 20 of epoch 11 completed. Loss : 0.8139519095420837 Accuracy : 75.00
    Iteration 40 of epoch 11 completed. Loss : 0.6672049164772034 Accuracy : 90.62
    Iteration 60 of epoch 11 completed. Loss : 0.5731316804885864 Accuracy : 96.88
    Iteration 80 of epoch 11 completed. Loss : 0.722213864326477 Accuracy : 78.12
    Iteration 100 of epoch 11 completed. Loss : 0.7598369121551514 Accuracy : 84.38
    Iteration 120 of epoch 11 completed. Loss : 0.5517401695251465 Accuracy : 100.00
    Iteration 140 of epoch 11 completed. Loss : 0.6808927059173584 Accuracy : 84.38
    Iteration 160 of epoch 11 completed. Loss : 0.6333843469619751 Accuracy : 90.62
    Iteration 180 of epoch 11 completed. Loss : 0.5675497055053711 Accuracy : 96.88
    Iteration 200 of epoch 11 completed. Loss : 0.6613543629646301 Accuracy : 93.75
    Iteration 220 of epoch 11 completed. Loss : 0.6691106557846069 Accuracy : 84.38
    Iteration 240 of epoch 11 completed. Loss : 0.565504252910614 Accuracy : 96.88
    Iteration 260 of epoch 11 completed. Loss : 0.6500747799873352 Accuracy : 90.62
    Iteration 280 of epoch 11 completed. Loss : 0.6453816890716553 Accuracy : 90.62
    Iteration 300 of epoch 11 completed. Loss : 0.5567454695701599 Accuracy : 100.00
    Iteration 320 of epoch 11 completed. Loss : 0.5645286440849304 Accuracy : 96.88
    Iteration 340 of epoch 11 completed. Loss : 0.6956591606140137 Accuracy : 90.62
    Iteration 360 of epoch 11 completed. Loss : 0.6413512229919434 Accuracy : 90.62
    Iteration 380 of epoch 11 completed. Loss : 0.5810213685035706 Accuracy : 93.75
    Iteration 400 of epoch 11 completed. Loss : 0.7968071103096008 Accuracy : 81.25
    Iteration 420 of epoch 11 completed. Loss : 0.7193641066551208 Accuracy : 90.62
Best validation accuracy improved from 0.637347341954023 to 0.6380657327586207
Epoch 11 completed. Test dataset:
	 Loss: 0.8907
	 Accuracy : 65.30
	 Average recall: 0.4745
	 F1_PN: 0.5321
	 Macro-F1: 0.4671
	 Weighted-F1: 0.6540

Best test accuracy improved from 0.6524470899470899 to 0.6530257936507936, saving model...
    Iteration 20 of epoch 12 completed. Loss : 0.7490692734718323 Accuracy : 78.12
    Iteration 40 of epoch 12 completed. Loss : 0.6455388069152832 Accuracy : 93.75
    Iteration 60 of epoch 12 completed. Loss : 0.5718631744384766 Accuracy : 96.88
    Iteration 80 of epoch 12 completed. Loss : 0.7261176705360413 Accuracy : 78.12
    Iteration 100 of epoch 12 completed. Loss : 0.7433500289916992 Accuracy : 84.38
    Iteration 120 of epoch 12 completed. Loss : 0.5524428486824036 Accuracy : 100.00
    Iteration 140 of epoch 12 completed. Loss : 0.7045093774795532 Accuracy : 78.12
    Iteration 160 of epoch 12 completed. Loss : 0.6034964323043823 Accuracy : 93.75
    Iteration 180 of epoch 12 completed. Loss : 0.5669095516204834 Accuracy : 96.88
    Iteration 200 of epoch 12 completed. Loss : 0.6537328958511353 Accuracy : 93.75
    Iteration 220 of epoch 12 completed. Loss : 0.6681106686592102 Accuracy : 84.38
    Iteration 240 of epoch 12 completed. Loss : 0.568498432636261 Accuracy : 96.88
    Iteration 260 of epoch 12 completed. Loss : 0.648463249206543 Accuracy : 90.62
    Iteration 280 of epoch 12 completed. Loss : 0.6512576937675476 Accuracy : 90.62
    Iteration 300 of epoch 12 completed. Loss : 0.5579845309257507 Accuracy : 100.00
    Iteration 320 of epoch 12 completed. Loss : 0.5596579909324646 Accuracy : 100.00
    Iteration 340 of epoch 12 completed. Loss : 0.6922805905342102 Accuracy : 90.62
    Iteration 360 of epoch 12 completed. Loss : 0.6402006149291992 Accuracy : 90.62
    Iteration 380 of epoch 12 completed. Loss : 0.5809537172317505 Accuracy : 93.75
    Iteration 400 of epoch 12 completed. Loss : 0.7893089056015015 Accuracy : 84.38
    Iteration 420 of epoch 12 completed. Loss : 0.7186455726623535 Accuracy : 90.62
Epoch 12 completed. Test dataset:
	 Loss: 0.8907
	 Accuracy : 65.30
	 Average recall: 0.4745
	 F1_PN: 0.5321
	 Macro-F1: 0.4671
	 Weighted-F1: 0.6540

    Iteration 20 of epoch 13 completed. Loss : 0.8071476221084595 Accuracy : 75.00
    Iteration 40 of epoch 13 completed. Loss : 0.6441532373428345 Accuracy : 93.75
    Iteration 60 of epoch 13 completed. Loss : 0.5763231515884399 Accuracy : 96.88
    Iteration 80 of epoch 13 completed. Loss : 0.7317641377449036 Accuracy : 78.12
    Iteration 100 of epoch 13 completed. Loss : 0.7973277568817139 Accuracy : 84.38
    Iteration 120 of epoch 13 completed. Loss : 0.5518611669540405 Accuracy : 100.00
    Iteration 140 of epoch 13 completed. Loss : 0.6990745663642883 Accuracy : 78.12
    Iteration 160 of epoch 13 completed. Loss : 0.5885420441627502 Accuracy : 96.88
    Iteration 180 of epoch 13 completed. Loss : 0.5695309638977051 Accuracy : 96.88
    Iteration 200 of epoch 13 completed. Loss : 0.6573649048805237 Accuracy : 93.75
    Iteration 220 of epoch 13 completed. Loss : 0.6689379811286926 Accuracy : 84.38
    Iteration 240 of epoch 13 completed. Loss : 0.5671016573905945 Accuracy : 96.88
    Iteration 260 of epoch 13 completed. Loss : 0.649194598197937 Accuracy : 90.62
    Iteration 280 of epoch 13 completed. Loss : 0.6446308493614197 Accuracy : 90.62
    Iteration 300 of epoch 13 completed. Loss : 0.5536259412765503 Accuracy : 100.00
    Iteration 320 of epoch 13 completed. Loss : 0.5654200315475464 Accuracy : 96.88
    Iteration 340 of epoch 13 completed. Loss : 0.7002267837524414 Accuracy : 90.62
    Iteration 360 of epoch 13 completed. Loss : 0.6396769285202026 Accuracy : 90.62
    Iteration 380 of epoch 13 completed. Loss : 0.5826500058174133 Accuracy : 93.75
    Iteration 400 of epoch 13 completed. Loss : 0.796438992023468 Accuracy : 84.38
    Iteration 420 of epoch 13 completed. Loss : 0.7194408774375916 Accuracy : 90.62
Epoch 13 completed. Test dataset:
	 Loss: 0.8907
	 Accuracy : 65.36
	 Average recall: 0.4748
	 F1_PN: 0.5329
	 Macro-F1: 0.4677
	 Weighted-F1: 0.6546

Best test accuracy improved from 0.6530257936507936 to 0.6536044973544973, saving model...
    Iteration 20 of epoch 14 completed. Loss : 0.7480277419090271 Accuracy : 78.12
    Iteration 40 of epoch 14 completed. Loss : 0.6441619396209717 Accuracy : 93.75
    Iteration 60 of epoch 14 completed. Loss : 0.5757468342781067 Accuracy : 96.88
    Iteration 80 of epoch 14 completed. Loss : 0.7258856892585754 Accuracy : 78.12
    Iteration 100 of epoch 14 completed. Loss : 0.8058210611343384 Accuracy : 84.38
    Iteration 120 of epoch 14 completed. Loss : 0.5516957640647888 Accuracy : 100.00
    Iteration 140 of epoch 14 completed. Loss : 0.6917551755905151 Accuracy : 78.12
    Iteration 160 of epoch 14 completed. Loss : 0.587923526763916 Accuracy : 96.88
    Iteration 180 of epoch 14 completed. Loss : 0.5672730803489685 Accuracy : 96.88
    Iteration 200 of epoch 14 completed. Loss : 0.6559913754463196 Accuracy : 93.75
    Iteration 220 of epoch 14 completed. Loss : 0.6658950448036194 Accuracy : 84.38
    Iteration 240 of epoch 14 completed. Loss : 0.5798832774162292 Accuracy : 96.88
    Iteration 260 of epoch 14 completed. Loss : 0.6478008031845093 Accuracy : 90.62
    Iteration 280 of epoch 14 completed. Loss : 0.6515451669692993 Accuracy : 90.62
    Iteration 300 of epoch 14 completed. Loss : 0.5565971732139587 Accuracy : 100.00
    Iteration 320 of epoch 14 completed. Loss : 0.6003602147102356 Accuracy : 93.75
    Iteration 340 of epoch 14 completed. Loss : 0.6991252899169922 Accuracy : 90.62
    Iteration 360 of epoch 14 completed. Loss : 0.6396613121032715 Accuracy : 90.62
    Iteration 380 of epoch 14 completed. Loss : 0.581345796585083 Accuracy : 93.75
    Iteration 400 of epoch 14 completed. Loss : 0.7901772856712341 Accuracy : 81.25
    Iteration 420 of epoch 14 completed. Loss : 0.7356984615325928 Accuracy : 87.50
Epoch 14 completed. Test dataset:
	 Loss: 0.8907
	 Accuracy : 65.36
	 Average recall: 0.4748
	 F1_PN: 0.5329
	 Macro-F1: 0.4677
	 Weighted-F1: 0.6546

    Iteration 20 of epoch 15 completed. Loss : 0.8154134750366211 Accuracy : 75.00
    Iteration 40 of epoch 15 completed. Loss : 0.6591979265213013 Accuracy : 90.62
    Iteration 60 of epoch 15 completed. Loss : 0.5764288902282715 Accuracy : 96.88
    Iteration 80 of epoch 15 completed. Loss : 0.7332048416137695 Accuracy : 78.12
    Iteration 100 of epoch 15 completed. Loss : 0.7851827144622803 Accuracy : 84.38
    Iteration 120 of epoch 15 completed. Loss : 0.5517936944961548 Accuracy : 100.00
    Iteration 140 of epoch 15 completed. Loss : 0.7064855694770813 Accuracy : 78.12
    Iteration 160 of epoch 15 completed. Loss : 0.6060842871665955 Accuracy : 93.75
    Iteration 180 of epoch 15 completed. Loss : 0.5741857290267944 Accuracy : 96.88
    Iteration 200 of epoch 15 completed. Loss : 0.6528246998786926 Accuracy : 93.75
    Iteration 220 of epoch 15 completed. Loss : 0.6689820289611816 Accuracy : 84.38
    Iteration 240 of epoch 15 completed. Loss : 0.5655280947685242 Accuracy : 96.88
    Iteration 260 of epoch 15 completed. Loss : 0.6486427783966064 Accuracy : 90.62
    Iteration 280 of epoch 15 completed. Loss : 0.6454872488975525 Accuracy : 90.62
    Iteration 300 of epoch 15 completed. Loss : 0.5675055980682373 Accuracy : 100.00
    Iteration 320 of epoch 15 completed. Loss : 0.5766003727912903 Accuracy : 96.88
    Iteration 340 of epoch 15 completed. Loss : 0.6864473223686218 Accuracy : 93.75
    Iteration 360 of epoch 15 completed. Loss : 0.6395872831344604 Accuracy : 90.62
    Iteration 380 of epoch 15 completed. Loss : 0.5815567970275879 Accuracy : 93.75
    Iteration 400 of epoch 15 completed. Loss : 0.8249078392982483 Accuracy : 78.12
    Iteration 420 of epoch 15 completed. Loss : 0.7190960645675659 Accuracy : 90.62
Epoch 15 completed. Test dataset:
	 Loss: 0.8906
	 Accuracy : 65.36
	 Average recall: 0.4748
	 F1_PN: 0.5329
	 Macro-F1: 0.4677
	 Weighted-F1: 0.6546

Train/val/test loss curve saved to /home/rgg2706/Multimodal-Sentiment-Analysis/Logs/MOASC4/2025-03-21/sub-2/024_Mar-21-2025_03:56_AM/train_val_test_loss_curve.png
Confusion matrix saved to /home/rgg2706/Multimodal-Sentiment-Analysis/Logs/MOASC4/2025-03-21/sub-2/024_Mar-21-2025_03:56_AM/confusion_matrix.png
