SLURM Job ID: 19424401
Number of GPUs available: 1
Logs directory: /home/rgg2706/Multimodal-Sentiment-Analysis/Logs/HHMAFM/2024-11-11/sub-1/011_Nov-11-2024_03:14_PM
> training arguments:
>>> rand_seed: 8
>>> model_name: mfcchfusion3
>>> dataset: mvsa-mts-1000
>>> optimizer: <class 'torch.optim.adam.Adam'>
>>> initializer: <function xavier_uniform_ at 0x7f657a315620>
>>> learning_rate: 0.0005
>>> dropout_rate: 0.5
>>> weight_decay: 0.0
>>> num_epoch: 15
>>> batch_size: 64
>>> log_step: 60
>>> max_seq_len: 64
>>> polarities_dim: 3
>>> clip_grad: 5.0
>>> path_image: ./Datasets/MVSA-MTS/images-indexed
>>> crop_size: 224
>>> n_head: 8
>>> hidden_dim: 1024
>>> num_classes: 3
>>> log_dir: /home/rgg2706/Multimodal-Sentiment-Analysis/Logs/HHMAFM/2024-11-11/sub-1/011_Nov-11-2024_03:14_PM
>>> model_class: <class 'models.mfcchfusion3.MFCCHFUSION3'>
Preparing mvsa-mts-1000 dataset...
-------------- Loading Datasets/MVSA-MTS/mvsa-mts-1000/train.tsv ---------------
Time taken to load Datasets/MVSA-MTS/mvsa-mts-1000/train.tsv: 7.83 seconds (0.13 minutes)
The number of problematic samples: 51
-------------- Loading Datasets/MVSA-MTS/mvsa-mts-1000/val.tsv ---------------
Time taken to load Datasets/MVSA-MTS/mvsa-mts-1000/val.tsv: 2.92 seconds (0.05 minutes)
The number of problematic samples: 14
-------------- Loading Datasets/MVSA-MTS/mvsa-mts-1000/test.tsv ---------------
Time taken to load Datasets/MVSA-MTS/mvsa-mts-1000/test.tsv: 2.33 seconds (0.04 minutes)
The number of problematic samples: 19
Total Training Samples: 970
Number of Training Samples: 582
Number of Development Samples: 194
Number of Test Samples: 194
Number of unique sentiment classes: 3
Building model
n_trainable_params: 360213763, n_nontrainable_params: 0
No weight decay
>>>>>>>>>>>>>>>>>>>>>>>>>>>>>>>>>>>>>>>>>>>>>>>>>>>>>>>>>>>>>>>>>>>>>>>>>>>>>>>>>>>>>>>>>>>>>>>>>>>>
epoch: 0
Batch 0 completed in 1.36 seconds (0.02 minutes)
New best dev_f1: 0.303141 (previous best: 0.000000)
loss: 1.068214, dev_acc: 45.36% (0.453608), dev_f1: 30.31% (0.303141), test_acc: 41.24% (0.412371), test_f1: 27.63% (0.276303)
Epoch 0 completed in 8.96 seconds (0.15 minutes)
>>>>>>>>>>>>>>>>>>>>>>>>>>>>>>>>>>>>>>>>>>>>>>>>>>>>>>>>>>>>>>>>>>>>>>>>>>>>>>>>>>>>>>>>>>>>>>>>>>>>
epoch: 1
Batch 0 completed in 0.61 seconds (0.01 minutes)
loss: 31.630013, dev_acc: 38.66% (0.386598), dev_f1: 20.09% (0.200917), test_acc: 39.69% (0.396907), test_f1: 22.73% (0.227288)
Epoch 1 completed in 7.55 seconds (0.13 minutes)
>>>>>>>>>>>>>>>>>>>>>>>>>>>>>>>>>>>>>>>>>>>>>>>>>>>>>>>>>>>>>>>>>>>>>>>>>>>>>>>>>>>>>>>>>>>>>>>>>>>>
epoch: 2
Batch 0 completed in 0.61 seconds (0.01 minutes)
loss: 6.127212, dev_acc: 38.66% (0.386598), dev_f1: 18.59% (0.185874), test_acc: 42.78% (0.427835), test_f1: 19.98% (0.199759)
Epoch 2 completed in 7.63 seconds (0.13 minutes)
>>>>>>>>>>>>>>>>>>>>>>>>>>>>>>>>>>>>>>>>>>>>>>>>>>>>>>>>>>>>>>>>>>>>>>>>>>>>>>>>>>>>>>>>>>>>>>>>>>>>
epoch: 3
Batch 0 completed in 0.61 seconds (0.01 minutes)
loss: 2.680778, dev_acc: 19.07% (0.190722), dev_f1: 14.55% (0.145522), test_acc: 24.74% (0.247423), test_f1: 19.55% (0.195465)
Epoch 3 completed in 7.63 seconds (0.13 minutes)
>>>>>>>>>>>>>>>>>>>>>>>>>>>>>>>>>>>>>>>>>>>>>>>>>>>>>>>>>>>>>>>>>>>>>>>>>>>>>>>>>>>>>>>>>>>>>>>>>>>>
epoch: 4
Batch 0 completed in 0.61 seconds (0.01 minutes)
loss: 5.259406, dev_acc: 38.14% (0.381443), dev_f1: 19.13% (0.191291), test_acc: 45.36% (0.453608), test_f1: 23.90% (0.239012)
Epoch 4 completed in 7.60 seconds (0.13 minutes)
>>>>>>>>>>>>>>>>>>>>>>>>>>>>>>>>>>>>>>>>>>>>>>>>>>>>>>>>>>>>>>>>>>>>>>>>>>>>>>>>>>>>>>>>>>>>>>>>>>>>
epoch: 5
Batch 0 completed in 0.61 seconds (0.01 minutes)
loss: 5.968472, dev_acc: 36.60% (0.365979), dev_f1: 29.08% (0.290774), test_acc: 44.85% (0.448454), test_f1: 33.42% (0.334195)
Epoch 5 completed in 7.35 seconds (0.12 minutes)
>>>>>>>>>>>>>>>>>>>>>>>>>>>>>>>>>>>>>>>>>>>>>>>>>>>>>>>>>>>>>>>>>>>>>>>>>>>>>>>>>>>>>>>>>>>>>>>>>>>>
epoch: 6
Batch 0 completed in 0.61 seconds (0.01 minutes)
loss: 3.851816, dev_acc: 38.66% (0.386598), dev_f1: 27.35% (0.273537), test_acc: 41.24% (0.412371), test_f1: 29.04% (0.290378)
Epoch 6 completed in 7.28 seconds (0.12 minutes)
>>>>>>>>>>>>>>>>>>>>>>>>>>>>>>>>>>>>>>>>>>>>>>>>>>>>>>>>>>>>>>>>>>>>>>>>>>>>>>>>>>>>>>>>>>>>>>>>>>>>
epoch: 7
Batch 0 completed in 0.62 seconds (0.01 minutes)
New best dev_f1: 0.336623 (previous best: 0.303141)
loss: 3.769470, dev_acc: 47.42% (0.474227), dev_f1: 33.66% (0.336623), test_acc: 39.18% (0.391753), test_f1: 27.25% (0.272487)
Epoch 7 completed in 7.24 seconds (0.12 minutes)
>>>>>>>>>>>>>>>>>>>>>>>>>>>>>>>>>>>>>>>>>>>>>>>>>>>>>>>>>>>>>>>>>>>>>>>>>>>>>>>>>>>>>>>>>>>>>>>>>>>>
epoch: 8
Batch 0 completed in 0.62 seconds (0.01 minutes)
loss: 1.269138, dev_acc: 41.75% (0.417526), dev_f1: 24.40% (0.243990), test_acc: 35.57% (0.355670), test_f1: 19.89% (0.198894)
Epoch 8 completed in 7.31 seconds (0.12 minutes)
>>>>>>>>>>>>>>>>>>>>>>>>>>>>>>>>>>>>>>>>>>>>>>>>>>>>>>>>>>>>>>>>>>>>>>>>>>>>>>>>>>>>>>>>>>>>>>>>>>>>
epoch: 9
Batch 0 completed in 0.62 seconds (0.01 minutes)
loss: 1.586981, dev_acc: 39.69% (0.396907), dev_f1: 33.11% (0.331097), test_acc: 43.81% (0.438144), test_f1: 37.71% (0.377126)
Epoch 9 completed in 7.41 seconds (0.12 minutes)
>>>>>>>>>>>>>>>>>>>>>>>>>>>>>>>>>>>>>>>>>>>>>>>>>>>>>>>>>>>>>>>>>>>>>>>>>>>>>>>>>>>>>>>>>>>>>>>>>>>>
epoch: 10
Batch 0 completed in 0.62 seconds (0.01 minutes)
loss: 1.960020, dev_acc: 32.47% (0.324742), dev_f1: 32.36% (0.323634), test_acc: 37.63% (0.376289), test_f1: 37.57% (0.375743)
Epoch 10 completed in 7.34 seconds (0.12 minutes)
>>>>>>>>>>>>>>>>>>>>>>>>>>>>>>>>>>>>>>>>>>>>>>>>>>>>>>>>>>>>>>>>>>>>>>>>>>>>>>>>>>>>>>>>>>>>>>>>>>>>
epoch: 11
Batch 0 completed in 0.62 seconds (0.01 minutes)
loss: 0.460843, dev_acc: 39.69% (0.396907), dev_f1: 30.16% (0.301567), test_acc: 47.42% (0.474227), test_f1: 34.91% (0.349144)
Epoch 11 completed in 7.32 seconds (0.12 minutes)
>>>>>>>>>>>>>>>>>>>>>>>>>>>>>>>>>>>>>>>>>>>>>>>>>>>>>>>>>>>>>>>>>>>>>>>>>>>>>>>>>>>>>>>>>>>>>>>>>>>>
epoch: 12
Batch 0 completed in 0.62 seconds (0.01 minutes)
New best dev_f1: 0.344632 (previous best: 0.336623)
loss: 0.588480, dev_acc: 44.33% (0.443299), dev_f1: 34.46% (0.344632), test_acc: 42.78% (0.427835), test_f1: 35.16% (0.351560)
Epoch 12 completed in 7.30 seconds (0.12 minutes)
>>>>>>>>>>>>>>>>>>>>>>>>>>>>>>>>>>>>>>>>>>>>>>>>>>>>>>>>>>>>>>>>>>>>>>>>>>>>>>>>>>>>>>>>>>>>>>>>>>>>
epoch: 13
Batch 0 completed in 0.62 seconds (0.01 minutes)
loss: 1.250477, dev_acc: 39.69% (0.396907), dev_f1: 33.18% (0.331834), test_acc: 38.66% (0.386598), test_f1: 30.15% (0.301539)
Epoch 13 completed in 7.30 seconds (0.12 minutes)
>>>>>>>>>>>>>>>>>>>>>>>>>>>>>>>>>>>>>>>>>>>>>>>>>>>>>>>>>>>>>>>>>>>>>>>>>>>>>>>>>>>>>>>>>>>>>>>>>>>>
epoch: 14
Batch 0 completed in 0.62 seconds (0.01 minutes)
New best dev_f1: 0.361081 (previous best: 0.344632)
loss: 0.887600, dev_acc: 36.08% (0.360825), dev_f1: 36.11% (0.361081), test_acc: 37.11% (0.371134), test_f1: 37.18% (0.371753)
Epoch 14 completed in 7.40 seconds (0.12 minutes)
RESULT: Max Dev F1: 0.361081, Max Test F1: 0.371753
Training complete. Generating confusion matrix on the test set.
Confusion matrix saved to /home/rgg2706/Multimodal-Sentiment-Analysis/Logs/HHMAFM/2024-11-11/sub-1/011_Nov-11-2024_03:14_PM/confusion_matrix.png
Reading TensorBoard loss at each epoch:
Available tags: {'images': [], 'audio': [], 'histograms': [], 'scalars': ['Loss/train', 'Loss/val'], 'distributions': [], 'tensors': [], 'graph': False, 'meta_graph': False, 'run_metadata': []}
Output File: /home/rgg2706/Multimodal-Sentiment-Analysis/Logs/HHMAFM/2024-11-11/sub-1/011_Nov-11-2024_03:14_PM/trainval_loss_curves.png
Training and validation loss curves saved to /home/rgg2706/Multimodal-Sentiment-Analysis/Logs/HHMAFM/2024-11-11/sub-1/011_Nov-11-2024_03:14_PM/trainval_loss_curves.png
Total Completion Time: 2.44 minutes. (0.04 hours) 
