HHMAFM_mfcchfusion4_mvsa-mts-oversampled_lr0.00001_dr0.5
SLURM Job ID: 19425002
Number of GPUs available: 2
Logs directory: /home/rgg2706/Multimodal-Sentiment-Analysis/Logs/HHMAFM/2024-11-12/sub-1/011_Nov-12-2024_12:00_AM
> training arguments:
>>> rand_seed: 8
>>> model_fusion: mfcchfusion4
>>> dataset: mvsa-mts-oversampled
>>> optimizer: <class 'torch.optim.adam.Adam'>
>>> initializer: <function xavier_uniform_ at 0x7f8586e79620>
>>> learning_rate: 1e-05
>>> dropout_rate: 0.5
>>> weight_decay: 0.0
>>> num_epoch: 40
>>> batch_size: 128
>>> log_step: 60
>>> max_seq_len: 64
>>> polarities_dim: 3
>>> clip_grad: 5.0
>>> path_image: ./Datasets/MVSA-MTS/images-indexed
>>> crop_size: 224
>>> n_head: 8
>>> hidden_dim: 1024
>>> num_classes: 3
>>> log_dir: /home/rgg2706/Multimodal-Sentiment-Analysis/Logs/HHMAFM/2024-11-12/sub-1/011_Nov-12-2024_12:00_AM
>>> model_class: <class 'models.mfcchfusion4.MFCCHFUSION4'>
Preparing mvsa-mts-oversampled dataset...
-------------- Loading Datasets/MVSA-MTS/mvsa-mts-oversampled/train.tsv ---------------
Time taken to load Datasets/MVSA-MTS/mvsa-mts-oversampled/train.tsv: 242.35 seconds (4.04 minutes)
The number of problematic samples: 900
-------------- Loading Datasets/MVSA-MTS/mvsa-mts-oversampled/val.tsv ---------------
Time taken to load Datasets/MVSA-MTS/mvsa-mts-oversampled/val.tsv: 70.07 seconds (1.17 minutes)
The number of problematic samples: 325
-------------- Loading Datasets/MVSA-MTS/mvsa-mts-oversampled/test.tsv ---------------
Time taken to load Datasets/MVSA-MTS/mvsa-mts-oversampled/test.tsv: 80.78 seconds (1.35 minutes)
The number of problematic samples: 296
Total Training Samples: 36108
Number of Training Samples: 21664
Number of Development Samples: 7222
Number of Test Samples: 7222
Number of unique sentiment classes: 3
Building model
Using 2 GPUs
n_trainable_params: 360213763, n_nontrainable_params: 0
No weight decay
>>>>>>>>>>>>>>>>>>>>>>>>>>>>>>>>>>>>>>>>>>>>>>>>>>>>>>>>>>>>>>>>>>>>>>>>>>>>>>>>>>>>>>>>>>>>>>>>>>>>
epoch: 0
Batch 0 completed in 4.13 seconds (0.07 minutes)
New best dev_f1: 0.253570 (previous best: 0.000000)
loss: 1.265575, dev_acc: 31.69% (0.316948), dev_f1: 25.36% (0.253570), test_acc: 33.59% (0.335918), test_f1: 26.69% (0.266873)
Batch 60 completed in 1.57 seconds (0.03 minutes)
New best dev_f1: 0.451328 (previous best: 0.253570)
loss: 1.116425, dev_acc: 46.00% (0.459983), dev_f1: 45.13% (0.451328), test_acc: 44.84% (0.448352), test_f1: 43.90% (0.439006)
Batch 120 completed in 1.51 seconds (0.03 minutes)
New best dev_f1: 0.458026 (previous best: 0.451328)
loss: 1.092392, dev_acc: 49.36% (0.493631), dev_f1: 45.80% (0.458026), test_acc: 49.16% (0.491554), test_f1: 45.86% (0.458566)
Epoch 0 completed in 573.58 seconds (9.56 minutes)
>>>>>>>>>>>>>>>>>>>>>>>>>>>>>>>>>>>>>>>>>>>>>>>>>>>>>>>>>>>>>>>>>>>>>>>>>>>>>>>>>>>>>>>>>>>>>>>>>>>>
epoch: 1
Batch 0 completed in 1.52 seconds (0.03 minutes)
New best dev_f1: 0.512688 (previous best: 0.458026)
loss: 0.926798, dev_acc: 51.25% (0.512462), dev_f1: 51.27% (0.512688), test_acc: 50.93% (0.509277), test_f1: 50.93% (0.509291)
Batch 60 completed in 1.56 seconds (0.03 minutes)
loss: 0.937987, dev_acc: 50.87% (0.508723), dev_f1: 47.97% (0.479653), test_acc: 50.44% (0.504431), test_f1: 47.77% (0.477653)
Batch 120 completed in 1.52 seconds (0.03 minutes)
New best dev_f1: 0.527054 (previous best: 0.512688)
loss: 0.881566, dev_acc: 52.55% (0.525478), dev_f1: 52.71% (0.527054), test_acc: 52.44% (0.524370), test_f1: 52.63% (0.526264)
Epoch 1 completed in 583.66 seconds (9.73 minutes)
>>>>>>>>>>>>>>>>>>>>>>>>>>>>>>>>>>>>>>>>>>>>>>>>>>>>>>>>>>>>>>>>>>>>>>>>>>>>>>>>>>>>>>>>>>>>>>>>>>>>
epoch: 2
Batch 0 completed in 1.54 seconds (0.03 minutes)
New best dev_f1: 0.533748 (previous best: 0.527054)
loss: 0.899497, dev_acc: 53.63% (0.536278), dev_f1: 53.37% (0.533748), test_acc: 53.09% (0.530878), test_f1: 52.73% (0.527270)
Batch 60 completed in 1.54 seconds (0.03 minutes)
loss: 0.942362, dev_acc: 55.01% (0.550125), dev_f1: 50.68% (0.506836), test_acc: 54.31% (0.543063), test_f1: 50.45% (0.504545)
Batch 120 completed in 1.51 seconds (0.03 minutes)
loss: 0.825389, dev_acc: 55.50% (0.554971), dev_f1: 53.11% (0.531122), test_acc: 54.20% (0.541955), test_f1: 51.90% (0.518961)
Epoch 2 completed in 584.36 seconds (9.74 minutes)
>>>>>>>>>>>>>>>>>>>>>>>>>>>>>>>>>>>>>>>>>>>>>>>>>>>>>>>>>>>>>>>>>>>>>>>>>>>>>>>>>>>>>>>>>>>>>>>>>>>>
epoch: 3
Batch 0 completed in 1.54 seconds (0.03 minutes)
New best dev_f1: 0.552760 (previous best: 0.533748)
loss: 0.804257, dev_acc: 57.56% (0.575602), dev_f1: 55.28% (0.552760), test_acc: 56.16% (0.561617), test_f1: 54.08% (0.540760)
Batch 60 completed in 1.96 seconds (0.03 minutes)
New best dev_f1: 0.569448 (previous best: 0.552760)
loss: 0.819173, dev_acc: 57.35% (0.573525), dev_f1: 56.94% (0.569448), test_acc: 57.05% (0.570479), test_f1: 56.70% (0.566969)
Batch 120 completed in 1.57 seconds (0.03 minutes)
New best dev_f1: 0.573113 (previous best: 0.569448)
loss: 0.785282, dev_acc: 58.57% (0.585710), dev_f1: 57.31% (0.573113), test_acc: 57.31% (0.573110), test_f1: 56.29% (0.562887)
Epoch 3 completed in 588.55 seconds (9.81 minutes)
>>>>>>>>>>>>>>>>>>>>>>>>>>>>>>>>>>>>>>>>>>>>>>>>>>>>>>>>>>>>>>>>>>>>>>>>>>>>>>>>>>>>>>>>>>>>>>>>>>>>
epoch: 4
Batch 0 completed in 1.57 seconds (0.03 minutes)
New best dev_f1: 0.576724 (previous best: 0.573113)
loss: 0.797596, dev_acc: 57.41% (0.574079), dev_f1: 57.67% (0.576724), test_acc: 56.16% (0.561617), test_f1: 56.43% (0.564302)
Batch 60 completed in 1.55 seconds (0.03 minutes)
New best dev_f1: 0.586030 (previous best: 0.576724)
loss: 0.909924, dev_acc: 58.61% (0.586126), dev_f1: 58.60% (0.586030), test_acc: 57.77% (0.577679), test_f1: 57.81% (0.578129)
Batch 120 completed in 1.55 seconds (0.03 minutes)
New best dev_f1: 0.588883 (previous best: 0.586030)
loss: 0.714096, dev_acc: 59.14% (0.591387), dev_f1: 58.89% (0.588883), test_acc: 57.81% (0.578095), test_f1: 57.59% (0.575914)
Epoch 4 completed in 588.81 seconds (9.81 minutes)
>>>>>>>>>>>>>>>>>>>>>>>>>>>>>>>>>>>>>>>>>>>>>>>>>>>>>>>>>>>>>>>>>>>>>>>>>>>>>>>>>>>>>>>>>>>>>>>>>>>>
epoch: 5
Batch 0 completed in 1.55 seconds (0.03 minutes)
loss: 0.877166, dev_acc: 58.57% (0.585710), dev_f1: 58.35% (0.583533), test_acc: 57.26% (0.572556), test_f1: 57.00% (0.569989)
Batch 60 completed in 1.52 seconds (0.03 minutes)
loss: 0.792111, dev_acc: 58.74% (0.587372), dev_f1: 58.86% (0.588590), test_acc: 57.77% (0.577679), test_f1: 57.91% (0.579135)
Batch 120 completed in 1.97 seconds (0.03 minutes)
loss: 0.864358, dev_acc: 58.18% (0.581833), dev_f1: 57.95% (0.579477), test_acc: 57.53% (0.575325), test_f1: 57.26% (0.572581)
Epoch 5 completed in 587.30 seconds (9.79 minutes)
>>>>>>>>>>>>>>>>>>>>>>>>>>>>>>>>>>>>>>>>>>>>>>>>>>>>>>>>>>>>>>>>>>>>>>>>>>>>>>>>>>>>>>>>>>>>>>>>>>>>
epoch: 6
Batch 0 completed in 1.61 seconds (0.03 minutes)
loss: 0.814257, dev_acc: 55.46% (0.554556), dev_f1: 53.17% (0.531743), test_acc: 55.25% (0.552479), test_f1: 53.03% (0.530350)
Batch 60 completed in 1.56 seconds (0.03 minutes)
loss: 0.763228, dev_acc: 58.93% (0.589310), dev_f1: 58.58% (0.585808), test_acc: 57.88% (0.578787), test_f1: 57.55% (0.575510)
Batch 120 completed in 1.57 seconds (0.03 minutes)
New best dev_f1: 0.596352 (previous best: 0.588883)
loss: 0.787967, dev_acc: 59.62% (0.596234), dev_f1: 59.64% (0.596352), test_acc: 58.74% (0.587372), test_f1: 58.79% (0.587902)
Epoch 6 completed in 589.11 seconds (9.82 minutes)
>>>>>>>>>>>>>>>>>>>>>>>>>>>>>>>>>>>>>>>>>>>>>>>>>>>>>>>>>>>>>>>>>>>>>>>>>>>>>>>>>>>>>>>>>>>>>>>>>>>>
epoch: 7
Batch 0 completed in 1.55 seconds (0.03 minutes)
loss: 0.760777, dev_acc: 59.66% (0.596649), dev_f1: 59.52% (0.595171), test_acc: 58.14% (0.581418), test_f1: 58.04% (0.580413)
Batch 60 completed in 1.56 seconds (0.03 minutes)
loss: 0.797981, dev_acc: 59.43% (0.594295), dev_f1: 58.85% (0.588491), test_acc: 58.64% (0.586403), test_f1: 58.08% (0.580833)
Batch 120 completed in 1.52 seconds (0.03 minutes)
loss: 0.729208, dev_acc: 58.88% (0.588757), dev_f1: 58.00% (0.579955), test_acc: 58.24% (0.582387), test_f1: 57.41% (0.574102)
Epoch 7 completed in 588.50 seconds (9.81 minutes)
>>>>>>>>>>>>>>>>>>>>>>>>>>>>>>>>>>>>>>>>>>>>>>>>>>>>>>>>>>>>>>>>>>>>>>>>>>>>>>>>>>>>>>>>>>>>>>>>>>>>
epoch: 8
Batch 0 completed in 1.52 seconds (0.03 minutes)
loss: 0.740326, dev_acc: 59.04% (0.590418), dev_f1: 59.17% (0.591729), test_acc: 59.14% (0.591387), test_f1: 59.23% (0.592307)
Batch 60 completed in 1.55 seconds (0.03 minutes)
loss: 0.690695, dev_acc: 59.50% (0.594988), dev_f1: 59.27% (0.592708), test_acc: 58.97% (0.589726), test_f1: 58.80% (0.588007)
Batch 120 completed in 1.57 seconds (0.03 minutes)
loss: 0.796084, dev_acc: 57.08% (0.570756), dev_f1: 57.25% (0.572539), test_acc: 57.44% (0.574356), test_f1: 57.51% (0.575150)
Epoch 8 completed in 588.88 seconds (9.81 minutes)
>>>>>>>>>>>>>>>>>>>>>>>>>>>>>>>>>>>>>>>>>>>>>>>>>>>>>>>>>>>>>>>>>>>>>>>>>>>>>>>>>>>>>>>>>>>>>>>>>>>>
epoch: 9
Batch 0 completed in 1.52 seconds (0.03 minutes)
loss: 0.805469, dev_acc: 56.94% (0.569371), dev_f1: 55.19% (0.551881), test_acc: 57.01% (0.570064), test_f1: 55.29% (0.552858)
Batch 60 completed in 1.52 seconds (0.03 minutes)
loss: 0.782279, dev_acc: 59.73% (0.597341), dev_f1: 58.84% (0.588385), test_acc: 58.27% (0.582664), test_f1: 57.35% (0.573540)
Batch 120 completed in 1.52 seconds (0.03 minutes)
loss: 0.885520, dev_acc: 59.58% (0.595818), dev_f1: 57.97% (0.579723), test_acc: 58.17% (0.581695), test_f1: 56.53% (0.565260)
Epoch 9 completed in 588.68 seconds (9.81 minutes)
>>>>>>>>>>>>>>>>>>>>>>>>>>>>>>>>>>>>>>>>>>>>>>>>>>>>>>>>>>>>>>>>>>>>>>>>>>>>>>>>>>>>>>>>>>>>>>>>>>>>
epoch: 10
Batch 0 completed in 1.58 seconds (0.03 minutes)
New best dev_f1: 0.601647 (previous best: 0.596352)
loss: 0.707541, dev_acc: 60.14% (0.601357), dev_f1: 60.16% (0.601647), test_acc: 59.29% (0.592911), test_f1: 59.31% (0.593106)
Batch 60 completed in 1.55 seconds (0.03 minutes)
loss: 0.808152, dev_acc: 56.81% (0.568125), dev_f1: 57.08% (0.570773), test_acc: 56.05% (0.560510), test_f1: 56.35% (0.563491)
Batch 120 completed in 1.52 seconds (0.03 minutes)
loss: 0.808200, dev_acc: 59.80% (0.598034), dev_f1: 58.19% (0.581932), test_acc: 58.07% (0.580726), test_f1: 56.31% (0.563131)
Epoch 10 completed in 589.16 seconds (9.82 minutes)
>>>>>>>>>>>>>>>>>>>>>>>>>>>>>>>>>>>>>>>>>>>>>>>>>>>>>>>>>>>>>>>>>>>>>>>>>>>>>>>>>>>>>>>>>>>>>>>>>>>>
epoch: 11
Batch 0 completed in 1.53 seconds (0.03 minutes)
loss: 0.712901, dev_acc: 59.69% (0.596926), dev_f1: 59.19% (0.591926), test_acc: 59.18% (0.591803), test_f1: 58.67% (0.586652)
Batch 60 completed in 1.54 seconds (0.03 minutes)
loss: 0.663901, dev_acc: 59.40% (0.594018), dev_f1: 59.07% (0.590685), test_acc: 59.28% (0.592772), test_f1: 58.94% (0.589427)
Batch 120 completed in 1.55 seconds (0.03 minutes)
loss: 0.729222, dev_acc: 59.80% (0.598034), dev_f1: 58.95% (0.589492), test_acc: 59.17% (0.591664), test_f1: 58.35% (0.583522)
Epoch 11 completed in 590.45 seconds (9.84 minutes)
>>>>>>>>>>>>>>>>>>>>>>>>>>>>>>>>>>>>>>>>>>>>>>>>>>>>>>>>>>>>>>>>>>>>>>>>>>>>>>>>>>>>>>>>>>>>>>>>>>>>
epoch: 12
Batch 0 completed in 1.52 seconds (0.03 minutes)
New best dev_f1: 0.602087 (previous best: 0.601647)
loss: 0.715839, dev_acc: 60.43% (0.604265), dev_f1: 60.21% (0.602087), test_acc: 59.47% (0.594711), test_f1: 59.25% (0.592498)
Batch 60 completed in 1.54 seconds (0.03 minutes)
loss: 0.802682, dev_acc: 58.39% (0.583910), dev_f1: 58.78% (0.587773), test_acc: 58.02% (0.580172), test_f1: 58.38% (0.583841)
Batch 120 completed in 1.55 seconds (0.03 minutes)
loss: 0.691634, dev_acc: 58.93% (0.589310), dev_f1: 57.55% (0.575494), test_acc: 58.68% (0.586818), test_f1: 57.30% (0.573003)
Epoch 12 completed in 587.09 seconds (9.78 minutes)
>>>>>>>>>>>>>>>>>>>>>>>>>>>>>>>>>>>>>>>>>>>>>>>>>>>>>>>>>>>>>>>>>>>>>>>>>>>>>>>>>>>>>>>>>>>>>>>>>>>>
epoch: 13
Batch 0 completed in 1.97 seconds (0.03 minutes)
loss: 0.702961, dev_acc: 59.10% (0.590972), dev_f1: 55.43% (0.554321), test_acc: 57.91% (0.579064), test_f1: 54.45% (0.544504)
Batch 60 completed in 1.52 seconds (0.03 minutes)
loss: 0.772348, dev_acc: 59.37% (0.593741), dev_f1: 59.68% (0.596842), test_acc: 58.86% (0.588618), test_f1: 59.21% (0.592091)
Batch 120 completed in 1.97 seconds (0.03 minutes)
loss: 0.920408, dev_acc: 59.19% (0.591941), dev_f1: 58.55% (0.585538), test_acc: 59.18% (0.591803), test_f1: 58.53% (0.585266)
Epoch 13 completed in 588.69 seconds (9.81 minutes)
>>>>>>>>>>>>>>>>>>>>>>>>>>>>>>>>>>>>>>>>>>>>>>>>>>>>>>>>>>>>>>>>>>>>>>>>>>>>>>>>>>>>>>>>>>>>>>>>>>>>
epoch: 14
Batch 0 completed in 1.52 seconds (0.03 minutes)
loss: 0.685583, dev_acc: 59.72% (0.597203), dev_f1: 59.82% (0.598220), test_acc: 59.54% (0.595403), test_f1: 59.68% (0.596819)
Batch 60 completed in 1.57 seconds (0.03 minutes)
loss: 0.700175, dev_acc: 59.83% (0.598311), dev_f1: 59.98% (0.599794), test_acc: 59.24% (0.592357), test_f1: 59.37% (0.593697)
Batch 120 completed in 1.55 seconds (0.03 minutes)
loss: 0.757265, dev_acc: 57.95% (0.579479), dev_f1: 58.35% (0.583477), test_acc: 58.97% (0.589726), test_f1: 59.30% (0.592970)
Epoch 14 completed in 589.56 seconds (9.83 minutes)
>>>>>>>>>>>>>>>>>>>>>>>>>>>>>>>>>>>>>>>>>>>>>>>>>>>>>>>>>>>>>>>>>>>>>>>>>>>>>>>>>>>>>>>>>>>>>>>>>>>>
epoch: 15
Batch 0 completed in 1.56 seconds (0.03 minutes)
loss: 0.676381, dev_acc: 60.98% (0.609803), dev_f1: 59.73% (0.597295), test_acc: 60.27% (0.602742), test_f1: 59.07% (0.590718)
Batch 60 completed in 1.52 seconds (0.03 minutes)
loss: 0.619907, dev_acc: 60.19% (0.601911), dev_f1: 59.71% (0.597082), test_acc: 59.48% (0.594849), test_f1: 58.98% (0.589767)
Batch 120 completed in 1.52 seconds (0.03 minutes)
loss: 0.931268, dev_acc: 58.35% (0.583495), dev_f1: 58.28% (0.582840), test_acc: 58.00% (0.580033), test_f1: 57.99% (0.579898)
Epoch 15 completed in 588.24 seconds (9.80 minutes)
>>>>>>>>>>>>>>>>>>>>>>>>>>>>>>>>>>>>>>>>>>>>>>>>>>>>>>>>>>>>>>>>>>>>>>>>>>>>>>>>>>>>>>>>>>>>>>>>>>>>
epoch: 16
Batch 0 completed in 1.55 seconds (0.03 minutes)
loss: 0.792663, dev_acc: 59.12% (0.591249), dev_f1: 57.66% (0.576619), test_acc: 59.10% (0.590972), test_f1: 57.63% (0.576319)
Batch 60 completed in 1.53 seconds (0.03 minutes)
loss: 0.692238, dev_acc: 60.40% (0.603988), dev_f1: 59.32% (0.593175), test_acc: 59.84% (0.598449), test_f1: 58.83% (0.588284)
Batch 120 completed in 1.55 seconds (0.03 minutes)
loss: 0.891258, dev_acc: 59.64% (0.596372), dev_f1: 57.68% (0.576839), test_acc: 58.99% (0.589864), test_f1: 57.14% (0.571405)
Epoch 16 completed in 587.98 seconds (9.80 minutes)
>>>>>>>>>>>>>>>>>>>>>>>>>>>>>>>>>>>>>>>>>>>>>>>>>>>>>>>>>>>>>>>>>>>>>>>>>>>>>>>>>>>>>>>>>>>>>>>>>>>>
epoch: 17
Batch 0 completed in 1.59 seconds (0.03 minutes)
loss: 0.611666, dev_acc: 59.86% (0.598588), dev_f1: 59.12% (0.591170), test_acc: 60.38% (0.603849), test_f1: 59.70% (0.597011)
Batch 60 completed in 1.55 seconds (0.03 minutes)
loss: 0.643583, dev_acc: 60.84% (0.608419), dev_f1: 59.78% (0.597789), test_acc: 59.58% (0.595818), test_f1: 58.56% (0.585565)
Batch 120 completed in 1.53 seconds (0.03 minutes)
loss: 0.739432, dev_acc: 60.86% (0.608557), dev_f1: 60.01% (0.600114), test_acc: 59.87% (0.598726), test_f1: 59.02% (0.590227)
Epoch 17 completed in 589.83 seconds (9.83 minutes)
>>>>>>>>>>>>>>>>>>>>>>>>>>>>>>>>>>>>>>>>>>>>>>>>>>>>>>>>>>>>>>>>>>>>>>>>>>>>>>>>>>>>>>>>>>>>>>>>>>>>
epoch: 18
Batch 0 completed in 1.60 seconds (0.03 minutes)
loss: 0.703145, dev_acc: 60.56% (0.605649), dev_f1: 59.39% (0.593925), test_acc: 60.01% (0.600111), test_f1: 58.92% (0.589178)
Batch 60 completed in 1.54 seconds (0.03 minutes)
loss: 0.750789, dev_acc: 60.47% (0.604680), dev_f1: 59.72% (0.597232), test_acc: 59.48% (0.594849), test_f1: 58.79% (0.587881)
Batch 120 completed in 1.53 seconds (0.03 minutes)
New best dev_f1: 0.604426 (previous best: 0.602087)
loss: 0.698125, dev_acc: 60.51% (0.605096), dev_f1: 60.44% (0.604426), test_acc: 59.91% (0.599142), test_f1: 59.85% (0.598474)
Epoch 18 completed in 589.28 seconds (9.82 minutes)
>>>>>>>>>>>>>>>>>>>>>>>>>>>>>>>>>>>>>>>>>>>>>>>>>>>>>>>>>>>>>>>>>>>>>>>>>>>>>>>>>>>>>>>>>>>>>>>>>>>>
epoch: 19
Batch 0 completed in 1.55 seconds (0.03 minutes)
loss: 0.930153, dev_acc: 57.20% (0.572002), dev_f1: 57.59% (0.575879), test_acc: 57.09% (0.570894), test_f1: 57.48% (0.574775)
Batch 60 completed in 1.55 seconds (0.03 minutes)
loss: 0.709305, dev_acc: 59.25% (0.592495), dev_f1: 59.58% (0.595808), test_acc: 59.11% (0.591110), test_f1: 59.38% (0.593802)
Batch 120 completed in 1.55 seconds (0.03 minutes)
loss: 0.690092, dev_acc: 59.78% (0.597757), dev_f1: 59.57% (0.595741), test_acc: 59.22% (0.592218), test_f1: 59.05% (0.590492)
Epoch 19 completed in 589.02 seconds (9.82 minutes)
>>>>>>>>>>>>>>>>>>>>>>>>>>>>>>>>>>>>>>>>>>>>>>>>>>>>>>>>>>>>>>>>>>>>>>>>>>>>>>>>>>>>>>>>>>>>>>>>>>>>
epoch: 20
Batch 0 completed in 1.53 seconds (0.03 minutes)
loss: 0.703964, dev_acc: 59.24% (0.592357), dev_f1: 59.58% (0.595772), test_acc: 59.28% (0.592772), test_f1: 59.63% (0.596294)
Batch 60 completed in 1.55 seconds (0.03 minutes)
loss: 0.802212, dev_acc: 59.24% (0.592357), dev_f1: 57.27% (0.572714), test_acc: 58.82% (0.588203), test_f1: 56.95% (0.569534)
Batch 120 completed in 1.55 seconds (0.03 minutes)
loss: 0.711233, dev_acc: 59.76% (0.597618), dev_f1: 58.83% (0.588325), test_acc: 59.40% (0.594018), test_f1: 58.50% (0.584961)
Epoch 20 completed in 589.97 seconds (9.83 minutes)
>>>>>>>>>>>>>>>>>>>>>>>>>>>>>>>>>>>>>>>>>>>>>>>>>>>>>>>>>>>>>>>>>>>>>>>>>>>>>>>>>>>>>>>>>>>>>>>>>>>>
epoch: 21
Batch 0 completed in 1.52 seconds (0.03 minutes)
loss: 0.701483, dev_acc: 60.81% (0.608142), dev_f1: 60.33% (0.603335), test_acc: 60.66% (0.606619), test_f1: 60.22% (0.602184)
Batch 60 completed in 1.52 seconds (0.03 minutes)
loss: 0.841844, dev_acc: 61.15% (0.611465), dev_f1: 60.16% (0.601620), test_acc: 60.50% (0.604957), test_f1: 59.63% (0.596302)
Batch 120 completed in 1.54 seconds (0.03 minutes)
loss: 0.593925, dev_acc: 60.01% (0.600111), dev_f1: 60.08% (0.600810), test_acc: 60.73% (0.607311), test_f1: 60.76% (0.607580)
Epoch 21 completed in 588.80 seconds (9.81 minutes)
>>>>>>>>>>>>>>>>>>>>>>>>>>>>>>>>>>>>>>>>>>>>>>>>>>>>>>>>>>>>>>>>>>>>>>>>>>>>>>>>>>>>>>>>>>>>>>>>>>>>
epoch: 22
Batch 0 completed in 1.56 seconds (0.03 minutes)
New best dev_f1: 0.607067 (previous best: 0.604426)
loss: 0.669005, dev_acc: 60.80% (0.608003), dev_f1: 60.71% (0.607067), test_acc: 60.79% (0.607865), test_f1: 60.65% (0.606487)
Batch 60 completed in 1.58 seconds (0.03 minutes)
loss: 0.739364, dev_acc: 61.12% (0.611188), dev_f1: 60.59% (0.605943), test_acc: 61.12% (0.611188), test_f1: 60.66% (0.606629)
Batch 120 completed in 1.61 seconds (0.03 minutes)
loss: 0.637238, dev_acc: 60.91% (0.609111), dev_f1: 60.31% (0.603124), test_acc: 61.51% (0.615065), test_f1: 60.96% (0.609570)
Epoch 22 completed in 589.17 seconds (9.82 minutes)
>>>>>>>>>>>>>>>>>>>>>>>>>>>>>>>>>>>>>>>>>>>>>>>>>>>>>>>>>>>>>>>>>>>>>>>>>>>>>>>>>>>>>>>>>>>>>>>>>>>>
epoch: 23
Batch 0 completed in 1.66 seconds (0.03 minutes)
loss: 0.729760, dev_acc: 61.10% (0.611050), dev_f1: 60.27% (0.602704), test_acc: 60.61% (0.606065), test_f1: 59.71% (0.597063)
Batch 60 completed in 1.55 seconds (0.03 minutes)
loss: 0.707650, dev_acc: 59.75% (0.597480), dev_f1: 58.85% (0.588499), test_acc: 60.44% (0.604403), test_f1: 59.58% (0.595760)
Batch 120 completed in 1.54 seconds (0.03 minutes)
loss: 0.740287, dev_acc: 60.70% (0.607034), dev_f1: 59.38% (0.593756), test_acc: 60.20% (0.602049), test_f1: 58.93% (0.589323)
Epoch 23 completed in 587.36 seconds (9.79 minutes)
>>>>>>>>>>>>>>>>>>>>>>>>>>>>>>>>>>>>>>>>>>>>>>>>>>>>>>>>>>>>>>>>>>>>>>>>>>>>>>>>>>>>>>>>>>>>>>>>>>>>
epoch: 24
Batch 0 completed in 1.52 seconds (0.03 minutes)
loss: 0.713480, dev_acc: 59.62% (0.596234), dev_f1: 59.89% (0.598875), test_acc: 59.78% (0.597757), test_f1: 60.04% (0.600390)
Batch 60 completed in 1.52 seconds (0.03 minutes)
loss: 0.652508, dev_acc: 60.79% (0.607865), dev_f1: 59.85% (0.598517), test_acc: 60.68% (0.606757), test_f1: 59.75% (0.597496)
Batch 120 completed in 1.54 seconds (0.03 minutes)
loss: 0.701162, dev_acc: 60.54% (0.605372), dev_f1: 60.00% (0.599983), test_acc: 60.58% (0.605788), test_f1: 60.08% (0.600779)
Epoch 24 completed in 587.90 seconds (9.80 minutes)
>>>>>>>>>>>>>>>>>>>>>>>>>>>>>>>>>>>>>>>>>>>>>>>>>>>>>>>>>>>>>>>>>>>>>>>>>>>>>>>>>>>>>>>>>>>>>>>>>>>>
epoch: 25
Batch 0 completed in 1.52 seconds (0.03 minutes)
loss: 0.682162, dev_acc: 61.30% (0.612988), dev_f1: 60.01% (0.600134), test_acc: 60.63% (0.606342), test_f1: 59.31% (0.593059)
Batch 60 completed in 1.56 seconds (0.03 minutes)
loss: 0.649441, dev_acc: 61.01% (0.610080), dev_f1: 59.93% (0.599259), test_acc: 60.66% (0.606619), test_f1: 59.53% (0.595343)
Batch 120 completed in 1.57 seconds (0.03 minutes)
loss: 0.710069, dev_acc: 61.28% (0.612850), dev_f1: 60.53% (0.605282), test_acc: 60.51% (0.605096), test_f1: 59.72% (0.597204)
Epoch 25 completed in 586.98 seconds (9.78 minutes)
>>>>>>>>>>>>>>>>>>>>>>>>>>>>>>>>>>>>>>>>>>>>>>>>>>>>>>>>>>>>>>>>>>>>>>>>>>>>>>>>>>>>>>>>>>>>>>>>>>>>
epoch: 26
Batch 0 completed in 1.58 seconds (0.03 minutes)
loss: 0.631219, dev_acc: 60.63% (0.606342), dev_f1: 59.51% (0.595084), test_acc: 60.62% (0.606203), test_f1: 59.57% (0.595655)
Batch 60 completed in 1.52 seconds (0.03 minutes)
loss: 0.660904, dev_acc: 59.83% (0.598311), dev_f1: 57.42% (0.574205), test_acc: 58.76% (0.587649), test_f1: 56.37% (0.563665)
Batch 120 completed in 1.57 seconds (0.03 minutes)
loss: 0.727598, dev_acc: 59.21% (0.592080), dev_f1: 58.97% (0.589672), test_acc: 59.30% (0.593049), test_f1: 59.09% (0.590917)
Epoch 26 completed in 587.04 seconds (9.78 minutes)
>>>>>>>>>>>>>>>>>>>>>>>>>>>>>>>>>>>>>>>>>>>>>>>>>>>>>>>>>>>>>>>>>>>>>>>>>>>>>>>>>>>>>>>>>>>>>>>>>>>>
epoch: 27
Batch 0 completed in 1.54 seconds (0.03 minutes)
loss: 0.611023, dev_acc: 60.79% (0.607865), dev_f1: 60.67% (0.606687), test_acc: 61.13% (0.611327), test_f1: 60.98% (0.609789)
Batch 60 completed in 1.52 seconds (0.03 minutes)
loss: 0.611980, dev_acc: 61.23% (0.612296), dev_f1: 60.64% (0.606442), test_acc: 61.37% (0.613680), test_f1: 60.75% (0.607479)
Batch 120 completed in 1.69 seconds (0.03 minutes)
loss: 0.814740, dev_acc: 60.34% (0.603434), dev_f1: 60.53% (0.605318), test_acc: 60.16% (0.601634), test_f1: 60.34% (0.603408)
Epoch 27 completed in 587.01 seconds (9.78 minutes)
>>>>>>>>>>>>>>>>>>>>>>>>>>>>>>>>>>>>>>>>>>>>>>>>>>>>>>>>>>>>>>>>>>>>>>>>>>>>>>>>>>>>>>>>>>>>>>>>>>>>
epoch: 28
Batch 0 completed in 1.54 seconds (0.03 minutes)
loss: 0.647234, dev_acc: 60.80% (0.608003), dev_f1: 60.34% (0.603374), test_acc: 60.72% (0.607173), test_f1: 60.27% (0.602716)
Batch 60 completed in 1.54 seconds (0.03 minutes)
loss: 0.646143, dev_acc: 60.58% (0.605788), dev_f1: 60.66% (0.606599), test_acc: 60.69% (0.606896), test_f1: 60.76% (0.607578)
Batch 120 completed in 1.52 seconds (0.03 minutes)
loss: 0.854464, dev_acc: 60.99% (0.609942), dev_f1: 59.55% (0.595459), test_acc: 60.25% (0.602465), test_f1: 58.84% (0.588397)
Epoch 28 completed in 587.62 seconds (9.79 minutes)
>>>>>>>>>>>>>>>>>>>>>>>>>>>>>>>>>>>>>>>>>>>>>>>>>>>>>>>>>>>>>>>>>>>>>>>>>>>>>>>>>>>>>>>>>>>>>>>>>>>>
epoch: 29
Batch 0 completed in 1.52 seconds (0.03 minutes)
loss: 0.741643, dev_acc: 60.32% (0.603157), dev_f1: 60.24% (0.602424), test_acc: 60.00% (0.599972), test_f1: 60.00% (0.599982)
Batch 60 completed in 1.52 seconds (0.03 minutes)
loss: 0.747714, dev_acc: 60.00% (0.599972), dev_f1: 57.29% (0.572859), test_acc: 59.40% (0.594018), test_f1: 56.84% (0.568407)
Batch 120 completed in 1.55 seconds (0.03 minutes)
loss: 0.617915, dev_acc: 60.08% (0.600803), dev_f1: 60.43% (0.604345), test_acc: 60.29% (0.602880), test_f1: 60.60% (0.606018)
Epoch 29 completed in 586.89 seconds (9.78 minutes)
>>>>>>>>>>>>>>>>>>>>>>>>>>>>>>>>>>>>>>>>>>>>>>>>>>>>>>>>>>>>>>>>>>>>>>>>>>>>>>>>>>>>>>>>>>>>>>>>>>>>
epoch: 30
Batch 0 completed in 1.52 seconds (0.03 minutes)
New best dev_f1: 0.609143 (previous best: 0.607067)
loss: 0.711045, dev_acc: 61.19% (0.611880), dev_f1: 60.91% (0.609143), test_acc: 61.26% (0.612573), test_f1: 61.02% (0.610173)
Batch 60 completed in 1.51 seconds (0.03 minutes)
loss: 0.739476, dev_acc: 57.60% (0.576018), dev_f1: 57.84% (0.578438), test_acc: 58.11% (0.581141), test_f1: 58.46% (0.584555)
Batch 120 completed in 1.57 seconds (0.03 minutes)
loss: 0.719821, dev_acc: 60.62% (0.606203), dev_f1: 60.10% (0.601002), test_acc: 60.88% (0.608834), test_f1: 60.34% (0.603426)
Epoch 30 completed in 584.13 seconds (9.74 minutes)
>>>>>>>>>>>>>>>>>>>>>>>>>>>>>>>>>>>>>>>>>>>>>>>>>>>>>>>>>>>>>>>>>>>>>>>>>>>>>>>>>>>>>>>>>>>>>>>>>>>>
epoch: 31
Batch 0 completed in 1.57 seconds (0.03 minutes)
loss: 0.768812, dev_acc: 57.86% (0.578649), dev_f1: 57.09% (0.570950), test_acc: 58.10% (0.581002), test_f1: 57.33% (0.573255)
Batch 60 completed in 1.52 seconds (0.03 minutes)
loss: 0.644453, dev_acc: 59.64% (0.596372), dev_f1: 59.95% (0.599497), test_acc: 60.34% (0.603434), test_f1: 60.65% (0.606494)
Batch 120 completed in 1.57 seconds (0.03 minutes)
New best dev_f1: 0.610930 (previous best: 0.609143)
loss: 0.589588, dev_acc: 61.80% (0.617973), dev_f1: 61.09% (0.610930), test_acc: 61.71% (0.617142), test_f1: 60.93% (0.609317)
Epoch 31 completed in 585.87 seconds (9.76 minutes)
>>>>>>>>>>>>>>>>>>>>>>>>>>>>>>>>>>>>>>>>>>>>>>>>>>>>>>>>>>>>>>>>>>>>>>>>>>>>>>>>>>>>>>>>>>>>>>>>>>>>
epoch: 32
Batch 0 completed in 1.53 seconds (0.03 minutes)
loss: 0.643021, dev_acc: 60.88% (0.608834), dev_f1: 59.90% (0.598966), test_acc: 60.77% (0.607726), test_f1: 59.76% (0.597648)
Batch 60 completed in 1.56 seconds (0.03 minutes)
loss: 0.681370, dev_acc: 61.12% (0.611188), dev_f1: 60.78% (0.607836), test_acc: 61.35% (0.613542), test_f1: 60.99% (0.609882)
Batch 120 completed in 1.52 seconds (0.03 minutes)
loss: 0.728333, dev_acc: 57.85% (0.578510), dev_f1: 58.37% (0.583733), test_acc: 58.53% (0.585295), test_f1: 59.02% (0.590195)
Epoch 32 completed in 585.08 seconds (9.75 minutes)
>>>>>>>>>>>>>>>>>>>>>>>>>>>>>>>>>>>>>>>>>>>>>>>>>>>>>>>>>>>>>>>>>>>>>>>>>>>>>>>>>>>>>>>>>>>>>>>>>>>>
epoch: 33
Batch 0 completed in 1.56 seconds (0.03 minutes)
loss: 0.640946, dev_acc: 59.76% (0.597618), dev_f1: 60.22% (0.602171), test_acc: 59.93% (0.599280), test_f1: 60.36% (0.603568)
Batch 60 completed in 1.57 seconds (0.03 minutes)
New best dev_f1: 0.613519 (previous best: 0.610930)
loss: 0.606942, dev_acc: 61.60% (0.616034), dev_f1: 61.35% (0.613519), test_acc: 61.41% (0.614096), test_f1: 61.13% (0.611337)
Batch 120 completed in 1.54 seconds (0.03 minutes)
loss: 0.695967, dev_acc: 61.70% (0.617004), dev_f1: 61.20% (0.612042), test_acc: 61.44% (0.614373), test_f1: 60.90% (0.608966)
Epoch 33 completed in 580.69 seconds (9.68 minutes)
>>>>>>>>>>>>>>>>>>>>>>>>>>>>>>>>>>>>>>>>>>>>>>>>>>>>>>>>>>>>>>>>>>>>>>>>>>>>>>>>>>>>>>>>>>>>>>>>>>>>
epoch: 34
Batch 0 completed in 1.51 seconds (0.03 minutes)
loss: 0.622636, dev_acc: 58.75% (0.587510), dev_f1: 59.28% (0.592828), test_acc: 59.04% (0.590418), test_f1: 59.52% (0.595205)
Batch 60 completed in 1.56 seconds (0.03 minutes)
loss: 0.694112, dev_acc: 61.06% (0.610634), dev_f1: 61.14% (0.611420), test_acc: 61.16% (0.611603), test_f1: 61.23% (0.612299)
Batch 120 completed in 1.57 seconds (0.03 minutes)
loss: 0.672117, dev_acc: 61.37% (0.613680), dev_f1: 60.70% (0.606956), test_acc: 60.77% (0.607726), test_f1: 60.10% (0.600988)
Epoch 34 completed in 580.88 seconds (9.68 minutes)
>>>>>>>>>>>>>>>>>>>>>>>>>>>>>>>>>>>>>>>>>>>>>>>>>>>>>>>>>>>>>>>>>>>>>>>>>>>>>>>>>>>>>>>>>>>>>>>>>>>>
epoch: 35
Batch 0 completed in 1.57 seconds (0.03 minutes)
loss: 0.688828, dev_acc: 61.59% (0.615896), dev_f1: 60.59% (0.605929), test_acc: 61.17% (0.611742), test_f1: 60.18% (0.601762)
Batch 60 completed in 1.56 seconds (0.03 minutes)
loss: 0.702159, dev_acc: 61.52% (0.615204), dev_f1: 60.15% (0.601496), test_acc: 60.58% (0.605788), test_f1: 59.23% (0.592323)
Batch 120 completed in 1.54 seconds (0.03 minutes)
loss: 0.577046, dev_acc: 61.10% (0.611050), dev_f1: 61.19% (0.611877), test_acc: 61.80% (0.617973), test_f1: 61.82% (0.618178)
Epoch 35 completed in 581.81 seconds (9.70 minutes)
>>>>>>>>>>>>>>>>>>>>>>>>>>>>>>>>>>>>>>>>>>>>>>>>>>>>>>>>>>>>>>>>>>>>>>>>>>>>>>>>>>>>>>>>>>>>>>>>>>>>
epoch: 36
Batch 0 completed in 1.54 seconds (0.03 minutes)
loss: 0.700789, dev_acc: 61.34% (0.613403), dev_f1: 61.17% (0.611738), test_acc: 61.09% (0.610911), test_f1: 60.92% (0.609243)
Batch 60 completed in 1.51 seconds (0.03 minutes)
loss: 0.605768, dev_acc: 61.30% (0.612988), dev_f1: 60.68% (0.606844), test_acc: 60.92% (0.609250), test_f1: 60.26% (0.602602)
Batch 120 completed in 1.56 seconds (0.03 minutes)
loss: 0.678925, dev_acc: 61.76% (0.617557), dev_f1: 61.12% (0.611201), test_acc: 61.48% (0.614788), test_f1: 60.80% (0.608014)
Epoch 36 completed in 580.64 seconds (9.68 minutes)
>>>>>>>>>>>>>>>>>>>>>>>>>>>>>>>>>>>>>>>>>>>>>>>>>>>>>>>>>>>>>>>>>>>>>>>>>>>>>>>>>>>>>>>>>>>>>>>>>>>>
epoch: 37
Batch 0 completed in 1.51 seconds (0.03 minutes)
New best dev_f1: 0.613530 (previous best: 0.613519)
loss: 0.623950, dev_acc: 61.16% (0.611603), dev_f1: 61.35% (0.613530), test_acc: 61.22% (0.612157), test_f1: 61.38% (0.613845)
Batch 60 completed in 1.53 seconds (0.03 minutes)
loss: 0.569366, dev_acc: 60.98% (0.609803), dev_f1: 59.86% (0.598597), test_acc: 60.70% (0.607034), test_f1: 59.63% (0.596266)
Batch 120 completed in 1.55 seconds (0.03 minutes)
loss: 0.670191, dev_acc: 59.11% (0.591110), dev_f1: 59.47% (0.594735), test_acc: 59.82% (0.598172), test_f1: 60.14% (0.601413)
Epoch 37 completed in 580.89 seconds (9.68 minutes)
>>>>>>>>>>>>>>>>>>>>>>>>>>>>>>>>>>>>>>>>>>>>>>>>>>>>>>>>>>>>>>>>>>>>>>>>>>>>>>>>>>>>>>>>>>>>>>>>>>>>
epoch: 38
Batch 0 completed in 1.51 seconds (0.03 minutes)
New best dev_f1: 0.613831 (previous best: 0.613530)
loss: 0.620852, dev_acc: 61.23% (0.612296), dev_f1: 61.38% (0.613831), test_acc: 61.70% (0.617004), test_f1: 61.81% (0.618088)
Batch 60 completed in 1.55 seconds (0.03 minutes)
loss: 0.605192, dev_acc: 60.98% (0.609803), dev_f1: 59.18% (0.591805), test_acc: 60.51% (0.605096), test_f1: 58.68% (0.586823)
Batch 120 completed in 1.56 seconds (0.03 minutes)
loss: 0.799588, dev_acc: 60.20% (0.602049), dev_f1: 59.01% (0.590077), test_acc: 60.72% (0.607173), test_f1: 59.59% (0.595871)
Epoch 38 completed in 581.61 seconds (9.69 minutes)
>>>>>>>>>>>>>>>>>>>>>>>>>>>>>>>>>>>>>>>>>>>>>>>>>>>>>>>>>>>>>>>>>>>>>>>>>>>>>>>>>>>>>>>>>>>>>>>>>>>>
epoch: 39
Batch 0 completed in 1.57 seconds (0.03 minutes)
New best dev_f1: 0.614423 (previous best: 0.613831)
loss: 0.704642, dev_acc: 61.60% (0.616034), dev_f1: 61.44% (0.614423), test_acc: 61.33% (0.613265), test_f1: 61.11% (0.611126)
Batch 60 completed in 1.55 seconds (0.03 minutes)
loss: 0.791999, dev_acc: 59.47% (0.594711), dev_f1: 59.87% (0.598658), test_acc: 60.43% (0.604265), test_f1: 60.74% (0.607383)
Batch 120 completed in 1.54 seconds (0.03 minutes)
loss: 0.761649, dev_acc: 60.98% (0.609803), dev_f1: 60.67% (0.606747), test_acc: 61.62% (0.616173), test_f1: 61.37% (0.613695)
Epoch 39 completed in 580.91 seconds (9.68 minutes)
RESULT: Max Dev F1: 0.614423, Max Test F1: 0.611126
Training complete. Generating confusion matrix on the test set.
Confusion matrix saved to /home/rgg2706/Multimodal-Sentiment-Analysis/Logs/HHMAFM/2024-11-12/sub-1/011_Nov-12-2024_12:00_AM/confusion_matrix.png
Reading TensorBoard loss at each epoch:
Available tags: {'images': [], 'audio': [], 'histograms': [], 'scalars': ['Loss/train', 'Loss/val'], 'distributions': [], 'tensors': [], 'graph': False, 'meta_graph': False, 'run_metadata': []}
Output File: /home/rgg2706/Multimodal-Sentiment-Analysis/Logs/HHMAFM/2024-11-12/sub-1/011_Nov-12-2024_12:00_AM/trainval_loss_curves.png
Training and validation loss curves saved to /home/rgg2706/Multimodal-Sentiment-Analysis/Logs/HHMAFM/2024-11-12/sub-1/011_Nov-12-2024_12:00_AM/trainval_loss_curves.png
Total Completion Time: 398.63 minutes. (6.64 hours) 
