SLURM Job ID: 20077735
The first version with resnset
Model: MOASC4
Dataset: MOA-MVSA-single
directory /home/rgg2706/Multimodal-Sentiment-Analysis/Datasets/MOA-MVSA-single exists
directory /home/rgg2706/Multimodal-Sentiment-Analysis/Datasets/MOA-MVSA-multiple exists
directory /home/rgg2706/Multimodal-Sentiment-Analysis/Models/MOASC4/SaveFiles/SentimentClassifier exists
32
Loading dataset from: /home/rgg2706/Multimodal-Sentiment-Analysis/Datasets/MOA-MVSA-single
/home/rgg2706/Multimodal-Sentiment-Analysis/Datasets/MOA-MVSA-single/text
/home/rgg2706/Multimodal-Sentiment-Analysis/Datasets/MOA-MVSA-single/image
[DEBUG] Now in dataset directory for labels: /home/rgg2706/Multimodal-Sentiment-Analysis/Datasets/MOA-MVSA-single
[DEBUG] About to read labels from: /home/rgg2706/Multimodal-Sentiment-Analysis/Datasets/MOA-MVSA-single/labels.csv
Dataset directory is: /home/rgg2706/Multimodal-Sentiment-Analysis/Datasets/MOA-MVSA-single
Files in dataset directory: ['labels.csv', 'text', 'image']
   ID  text  image
0   1     2      1
1   2     2      1
2   3     2      1
3   4     1      1
4   5     1      1
5   6     1      1
6   7     1      1
7   8     2      1
8   9     1      1
9  10     0      0

[DEBUG] First 5 training texts:
    ID: 1 | Overall sentiment: 1 | Text: how  i feel today legday jelly aching gym 
    ID: 2 | Overall sentiment: 1 | Text: grattis min griskulting!!?? va bara tvungen oki s? sch ? ingenkommerattrodig pig happybday wow lovely cut 
    ID: 3 | Overall sentiment: 1 | Text:  polynminion  the moment  i found my favourite tv character. profoundlove 
    ID: 4 | Overall sentiment: 1 | Text: esco  we have a young and energetic team and we pride ourselves on offering the highes hoer 
    ID: 5 | Overall sentiment: 1 | Text:  chrisashaffer  went to  ssc today to be a movie star to rep for the  deaf and got to meet an energetic great guy  mark  white! 
Train samples: 3653
Validation samples: 406
Test samples: 452
Total samples: 4511
Train label distribution: Negative=1093, Positive=2175, Neutral=385
Val   label distribution: Negative=125, Positive=238, Neutral=43
Test  label distribution: Negative=140, Positive=270, Neutral=42
Overall label distribution: Negative=1358, Positive=2683, Neutral=470
    Iteration 20 of epoch 1 completed. Loss : 1.097574234008789 Accuracy : 59.38
    Iteration 40 of epoch 1 completed. Loss : 1.1051896810531616 Accuracy : 59.38
    Iteration 60 of epoch 1 completed. Loss : 1.1038289070129395 Accuracy : 34.38
    Iteration 80 of epoch 1 completed. Loss : 1.09317147731781 Accuracy : 59.38
    Iteration 100 of epoch 1 completed. Loss : 1.1012660264968872 Accuracy : 65.62
Best validation accuracy improved from 0.0 to 0.47727272727272724
Epoch 1 completed. Test dataset:
	 Loss: 1.0619
	 Accuracy : 52.92
	 Average recall: 0.3694
	 F1_PN: 0.5191
	 Macro-F1: 0.3461
	 Weighted-F1: 0.5151

Best test accuracy improved from 0.0 to 0.5291666666666667, saving model...
    Iteration 20 of epoch 2 completed. Loss : 1.0783973932266235 Accuracy : 59.38
    Iteration 40 of epoch 2 completed. Loss : 1.0857679843902588 Accuracy : 40.62
    Iteration 60 of epoch 2 completed. Loss : 1.0495717525482178 Accuracy : 53.12
    Iteration 80 of epoch 2 completed. Loss : 1.027273416519165 Accuracy : 59.38
    Iteration 100 of epoch 2 completed. Loss : 1.0126609802246094 Accuracy : 68.75
Best validation accuracy improved from 0.47727272727272724 to 0.47880244755244755
Epoch 2 completed. Test dataset:
	 Loss: 1.0715
	 Accuracy : 45.21
	 Average recall: 0.4897
	 F1_PN: 0.5270
	 Macro-F1: 0.4172
	 Weighted-F1: 0.5049

    Iteration 20 of epoch 3 completed. Loss : 0.8697866201400757 Accuracy : 81.25
    Iteration 40 of epoch 3 completed. Loss : 0.9659702181816101 Accuracy : 65.62
    Iteration 60 of epoch 3 completed. Loss : 0.9431819319725037 Accuracy : 68.75
    Iteration 80 of epoch 3 completed. Loss : 0.7644970417022705 Accuracy : 81.25
    Iteration 100 of epoch 3 completed. Loss : 0.9808116555213928 Accuracy : 71.88
Best validation accuracy improved from 0.47880244755244755 to 0.729020979020979
Epoch 3 completed. Test dataset:
	 Loss: 0.8970
	 Accuracy : 63.96
	 Average recall: 0.4764
	 F1_PN: 0.6696
	 Macro-F1: 0.4812
	 Weighted-F1: 0.6509

Best test accuracy improved from 0.5291666666666667 to 0.6395833333333333, saving model...
    Iteration 20 of epoch 4 completed. Loss : 0.6940937638282776 Accuracy : 81.25
    Iteration 40 of epoch 4 completed. Loss : 0.8144135475158691 Accuracy : 71.88
    Iteration 60 of epoch 4 completed. Loss : 0.7723502516746521 Accuracy : 87.50
    Iteration 80 of epoch 4 completed. Loss : 0.659927248954773 Accuracy : 87.50
    Iteration 100 of epoch 4 completed. Loss : 0.8392134308815002 Accuracy : 81.25
Epoch 4 completed. Test dataset:
	 Loss: 0.9108
	 Accuracy : 62.92
	 Average recall: 0.4831
	 F1_PN: 0.6496
	 Macro-F1: 0.4832
	 Weighted-F1: 0.6438

    Iteration 20 of epoch 5 completed. Loss : 0.5914700031280518 Accuracy : 93.75
    Iteration 40 of epoch 5 completed. Loss : 0.7621655464172363 Accuracy : 68.75
    Iteration 60 of epoch 5 completed. Loss : 0.7203944325447083 Accuracy : 84.38
    Iteration 80 of epoch 5 completed. Loss : 0.6182043552398682 Accuracy : 90.62
    Iteration 100 of epoch 5 completed. Loss : 0.8312488198280334 Accuracy : 81.25
Best validation accuracy improved from 0.729020979020979 to 0.7371066433566433
Epoch 5 completed. Test dataset:
	 Loss: 0.8752
	 Accuracy : 65.83
	 Average recall: 0.5028
	 F1_PN: 0.6727
	 Macro-F1: 0.4777
	 Weighted-F1: 0.6527

Best test accuracy improved from 0.6395833333333333 to 0.6583333333333333, saving model...
    Iteration 20 of epoch 6 completed. Loss : 0.6070365309715271 Accuracy : 93.75
    Iteration 40 of epoch 6 completed. Loss : 0.7133237719535828 Accuracy : 78.12
    Iteration 60 of epoch 6 completed. Loss : 0.7160345911979675 Accuracy : 87.50
    Iteration 80 of epoch 6 completed. Loss : 0.6501748561859131 Accuracy : 87.50
    Iteration 100 of epoch 6 completed. Loss : 0.7098783254623413 Accuracy : 87.50
Best validation accuracy improved from 0.7371066433566433 to 0.7489073426573427
Epoch 6 completed. Test dataset:
	 Loss: 0.8436
	 Accuracy : 71.04
	 Average recall: 0.5093
	 F1_PN: 0.7015
	 Macro-F1: 0.4893
	 Weighted-F1: 0.6799

Best test accuracy improved from 0.6583333333333333 to 0.7104166666666667, saving model...
    Iteration 20 of epoch 7 completed. Loss : 0.5594231486320496 Accuracy : 100.00
    Iteration 40 of epoch 7 completed. Loss : 0.6763322949409485 Accuracy : 84.38
    Iteration 60 of epoch 7 completed. Loss : 0.6309188604354858 Accuracy : 93.75
    Iteration 80 of epoch 7 completed. Loss : 0.6151379942893982 Accuracy : 93.75
    Iteration 100 of epoch 7 completed. Loss : 0.7173746824264526 Accuracy : 84.38
Best validation accuracy improved from 0.7489073426573427 to 0.7657342657342657
Epoch 7 completed. Test dataset:
	 Loss: 0.8740
	 Accuracy : 67.50
	 Average recall: 0.5056
	 F1_PN: 0.6911
	 Macro-F1: 0.4782
	 Weighted-F1: 0.6661

    Iteration 20 of epoch 8 completed. Loss : 0.5522054433822632 Accuracy : 100.00
    Iteration 40 of epoch 8 completed. Loss : 0.73195880651474 Accuracy : 75.00
    Iteration 60 of epoch 8 completed. Loss : 0.5978918075561523 Accuracy : 96.88
    Iteration 80 of epoch 8 completed. Loss : 0.6255224347114563 Accuracy : 90.62
    Iteration 100 of epoch 8 completed. Loss : 0.5956901907920837 Accuracy : 96.88
Epoch 8 completed. Test dataset:
	 Loss: 0.8505
	 Accuracy : 69.17
	 Average recall: 0.4949
	 F1_PN: 0.6857
	 Macro-F1: 0.4698
	 Weighted-F1: 0.6608

    Iteration 20 of epoch 9 completed. Loss : 0.5871267914772034 Accuracy : 93.75
    Iteration 40 of epoch 9 completed. Loss : 0.6382575035095215 Accuracy : 90.62
    Iteration 60 of epoch 9 completed. Loss : 0.597947359085083 Accuracy : 96.88
    Iteration 80 of epoch 9 completed. Loss : 0.628068208694458 Accuracy : 90.62
    Iteration 100 of epoch 9 completed. Loss : 0.5569082498550415 Accuracy : 100.00
Epoch 9 completed. Test dataset:
	 Loss: 0.8429
	 Accuracy : 70.42
	 Average recall: 0.4998
	 F1_PN: 0.6876
	 Macro-F1: 0.4847
	 Weighted-F1: 0.6715

    Iteration 20 of epoch 10 completed. Loss : 0.5542981028556824 Accuracy : 100.00
    Iteration 40 of epoch 10 completed. Loss : 0.629231870174408 Accuracy : 90.62
    Iteration 60 of epoch 10 completed. Loss : 0.5948547124862671 Accuracy : 96.88
    Iteration 80 of epoch 10 completed. Loss : 0.6146294474601746 Accuracy : 90.62
    Iteration 100 of epoch 10 completed. Loss : 0.5554873943328857 Accuracy : 100.00
Epoch 10 completed. Test dataset:
	 Loss: 0.8463
	 Accuracy : 70.00
	 Average recall: 0.5162
	 F1_PN: 0.7019
	 Macro-F1: 0.4891
	 Weighted-F1: 0.6778

    Iteration 20 of epoch 11 completed. Loss : 0.5531936287879944 Accuracy : 100.00
    Iteration 40 of epoch 11 completed. Loss : 0.6266449689865112 Accuracy : 90.62
    Iteration 60 of epoch 11 completed. Loss : 0.5964336395263672 Accuracy : 96.88
    Iteration 80 of epoch 11 completed. Loss : 0.597369909286499 Accuracy : 93.75
    Iteration 100 of epoch 11 completed. Loss : 0.552668035030365 Accuracy : 100.00
Epoch 11 completed. Test dataset:
	 Loss: 0.8494
	 Accuracy : 68.96
	 Average recall: 0.5062
	 F1_PN: 0.6879
	 Macro-F1: 0.4797
	 Weighted-F1: 0.6675

    Iteration 20 of epoch 12 completed. Loss : 0.5562143325805664 Accuracy : 100.00
    Iteration 40 of epoch 12 completed. Loss : 0.6270151734352112 Accuracy : 90.62
    Iteration 60 of epoch 12 completed. Loss : 0.5941142439842224 Accuracy : 96.88
    Iteration 80 of epoch 12 completed. Loss : 0.5807276964187622 Accuracy : 96.88
    Iteration 100 of epoch 12 completed. Loss : 0.5521268248558044 Accuracy : 100.00
Epoch 12 completed. Test dataset:
	 Loss: 0.8491
	 Accuracy : 69.17
	 Average recall: 0.5073
	 F1_PN: 0.6893
	 Macro-F1: 0.4807
	 Weighted-F1: 0.6689

    Iteration 20 of epoch 13 completed. Loss : 0.5684524774551392 Accuracy : 96.88
    Iteration 40 of epoch 13 completed. Loss : 0.6268271803855896 Accuracy : 90.62
    Iteration 60 of epoch 13 completed. Loss : 0.5938190817832947 Accuracy : 96.88
    Iteration 80 of epoch 13 completed. Loss : 0.5816406011581421 Accuracy : 96.88
    Iteration 100 of epoch 13 completed. Loss : 0.5523839592933655 Accuracy : 100.00
Epoch 13 completed. Test dataset:
	 Loss: 0.8493
	 Accuracy : 69.17
	 Average recall: 0.5073
	 F1_PN: 0.6895
	 Macro-F1: 0.4808
	 Weighted-F1: 0.6686

    Iteration 20 of epoch 14 completed. Loss : 0.5667039155960083 Accuracy : 96.88
    Iteration 40 of epoch 14 completed. Loss : 0.6264442801475525 Accuracy : 90.62
    Iteration 60 of epoch 14 completed. Loss : 0.593746542930603 Accuracy : 96.88
    Iteration 80 of epoch 14 completed. Loss : 0.5833420157432556 Accuracy : 96.88
    Iteration 100 of epoch 14 completed. Loss : 0.551831066608429 Accuracy : 100.00
Epoch 14 completed. Test dataset:
	 Loss: 0.8493
	 Accuracy : 69.17
	 Average recall: 0.5073
	 F1_PN: 0.6895
	 Macro-F1: 0.4808
	 Weighted-F1: 0.6686

    Iteration 20 of epoch 15 completed. Loss : 0.554448664188385 Accuracy : 100.00
    Iteration 40 of epoch 15 completed. Loss : 0.6380183696746826 Accuracy : 87.50
    Iteration 60 of epoch 15 completed. Loss : 0.5955897569656372 Accuracy : 96.88
    Iteration 80 of epoch 15 completed. Loss : 0.581038236618042 Accuracy : 96.88
    Iteration 100 of epoch 15 completed. Loss : 0.5525524020195007 Accuracy : 100.00
Epoch 15 completed. Test dataset:
	 Loss: 0.8493
	 Accuracy : 69.17
	 Average recall: 0.5073
	 F1_PN: 0.6895
	 Macro-F1: 0.4808
	 Weighted-F1: 0.6686

Train/val/test loss curve saved to /home/rgg2706/Multimodal-Sentiment-Analysis/Logs/MOASC4/2025-03-20/sub-5/022_Mar-20-2025_08:33_PM/train_val_test_loss_curve.png
Confusion matrix saved to /home/rgg2706/Multimodal-Sentiment-Analysis/Logs/MOASC4/2025-03-20/sub-5/022_Mar-20-2025_08:33_PM/confusion_matrix.png
