DMLAN_dmlanfusion_mvsa-mts-v3_lr0.0001_dr0.5
SLURM Job ID: 19776292
Number of GPUs available: 1
Python PATH: ['/home/rgg2706/Multimodal-Sentiment-Analysis/Models', '/home/rgg2706/Multimodal-Sentiment-Analysis/Models/DMLAN/src', '/home/rgg2706/Multimodal-Sentiment-Analysis', '/Models/DMLAN/src', '/.autofs/tools/spack/var/spack/environments/default-nlp-x86_64-24072401/.spack-env/._view/wtxwc3mlkmzy7fbaxlum2674jarpitc2/lib/python311.zip', '/.autofs/tools/spack/var/spack/environments/default-nlp-x86_64-24072401/.spack-env/._view/wtxwc3mlkmzy7fbaxlum2674jarpitc2/lib/python3.11', '/.autofs/tools/spack/var/spack/environments/default-nlp-x86_64-24072401/.spack-env/._view/wtxwc3mlkmzy7fbaxlum2674jarpitc2/lib/python3.11/lib-dynload', '/.autofs/tools/spack/var/spack/environments/default-nlp-x86_64-24072401/.spack-env/._view/wtxwc3mlkmzy7fbaxlum2674jarpitc2/lib/python3.11/site-packages']
Logs directory: /home/rgg2706/Multimodal-Sentiment-Analysis/Logs/DMLAN/2025-02-04/sub-4/011_Feb-04-2025_01:49_PM
> training arguments:
>>> rand_seed: 8
>>> model_fusion: dmlanfusion
>>> dataset: mvsa-mts-v3
>>> optimizer: <class 'torch.optim.adam.Adam'>
>>> initializer: <function xavier_uniform_ at 0x7fc7a7031580>
>>> learning_rate: 0.0001
>>> dropout_rate: 0.5
>>> weight_decay: 0.0
>>> num_layers: 3
>>> num_epoch: 70
>>> batch_size: 256
>>> log_step: 60
>>> max_seq_len: 64
>>> polarities_dim: 3
>>> clip_grad: 5.0
>>> path_image: ./images
>>> crop_size: 224
>>> n_head: 8
>>> hidden_dim: 768
>>> num_classes: 3
>>> log_dir: /home/rgg2706/Multimodal-Sentiment-Analysis/Logs/DMLAN/2025-02-04/sub-4/011_Feb-04-2025_01:49_PM
>>> counter: 0
>>> model_class: <class 'models.dmlanfusion.DMLANFUSION'>
Loading dataset 'mvsa-mts-v3':
  Train path: Datasets//MVSA-MTS/mvsa-mts-v3/train.tsv
  Validation path: Datasets//MVSA-MTS/mvsa-mts-v3/val.tsv
  Test path: Datasets//MVSA-MTS/mvsa-mts-v3/test.tsv
loading word vectors...
building embedding_matrix: 200_glove_embedding_matrix.dat
-------------- Loading Datasets//MVSA-MTS/mvsa-mts-v3/train.tsv ---------------
Time taken to load Datasets//MVSA-MTS/mvsa-mts-v3/train.tsv: 299.56 seconds (4.99 minutes)
The number of problematic samples: 2
-------------- Loading Datasets//MVSA-MTS/mvsa-mts-v3/val.tsv ---------------
Time taken to load Datasets//MVSA-MTS/mvsa-mts-v3/val.tsv: 36.27 seconds (0.60 minutes)
The number of problematic samples: 0
-------------- Loading Datasets//MVSA-MTS/mvsa-mts-v3/test.tsv ---------------
Time taken to load Datasets//MVSA-MTS/mvsa-mts-v3/test.tsv: 35.83 seconds (0.60 minutes)
The number of problematic samples: 1
Total Training Samples: 17027
Number of Training Samples: 13621
Number of Validation Samples: 1703
Number of Test Samples: 1703
Number of unique sentiment classes: 3
Building model
1
n_trainable_params: 3642725, n_nontrainable_params: 0
No weight decay
>>>>>>>>>>>>>>>>>>>>>>>>>>>>>>>>>>>>>>>>>>>>>>>>>>>>>>>>>>>>>>>>>>>>>>>>>>>>>>>>>>>>>>>>>>>>>>>>>>>>
epoch: 0
outputs.shape: torch.Size([256, 3])
outputs.dtype: torch.float32
2
Batch 0 completed in 1.20 seconds (0.02 minutes)
New best val_f1: 0.228792 (previous best: 0.000000)
loss: 1.119365, val_acc: 47.33% (0.473282), val_f1: 22.88% (0.228792), test_acc: 47.39% (0.473870), test_f1: 22.32% (0.223245)
Epoch 0 completed in 24.57 seconds (0.41 minutes)
>>>>>>>>>>>>>>>>>>>>>>>>>>>>>>>>>>>>>>>>>>>>>>>>>>>>>>>>>>>>>>>>>>>>>>>>>>>>>>>>>>>>>>>>>>>>>>>>>>>>
epoch: 1
Batch 0 completed in 0.25 seconds (0.00 minutes)
loss: 1.023039, val_acc: 48.44% (0.484439), val_f1: 21.76% (0.217563), test_acc: 48.27% (0.482678), test_f1: 21.70% (0.217030)
Epoch 1 completed in 23.45 seconds (0.39 minutes)
>>>>>>>>>>>>>>>>>>>>>>>>>>>>>>>>>>>>>>>>>>>>>>>>>>>>>>>>>>>>>>>>>>>>>>>>>>>>>>>>>>>>>>>>>>>>>>>>>>>>
epoch: 2
Batch 0 completed in 0.25 seconds (0.00 minutes)
New best val_f1: 0.269853 (previous best: 0.228792)
loss: 1.021411, val_acc: 48.74% (0.487375), val_f1: 26.99% (0.269853), test_acc: 48.74% (0.487375), test_f1: 26.09% (0.260854)
Epoch 2 completed in 23.50 seconds (0.39 minutes)
>>>>>>>>>>>>>>>>>>>>>>>>>>>>>>>>>>>>>>>>>>>>>>>>>>>>>>>>>>>>>>>>>>>>>>>>>>>>>>>>>>>>>>>>>>>>>>>>>>>>
epoch: 3
Batch 0 completed in 0.26 seconds (0.00 minutes)
New best val_f1: 0.276375 (previous best: 0.269853)
loss: 0.949030, val_acc: 49.32% (0.493247), val_f1: 27.64% (0.276375), test_acc: 48.15% (0.481503), test_f1: 26.70% (0.266958)
Epoch 3 completed in 23.50 seconds (0.39 minutes)
>>>>>>>>>>>>>>>>>>>>>>>>>>>>>>>>>>>>>>>>>>>>>>>>>>>>>>>>>>>>>>>>>>>>>>>>>>>>>>>>>>>>>>>>>>>>>>>>>>>>
epoch: 4
Batch 0 completed in 0.26 seconds (0.00 minutes)
New best val_f1: 0.286041 (previous best: 0.276375)
loss: 0.900481, val_acc: 47.62% (0.476218), val_f1: 28.60% (0.286041), test_acc: 46.98% (0.469759), test_f1: 28.40% (0.284021)
Epoch 4 completed in 23.30 seconds (0.39 minutes)
>>>>>>>>>>>>>>>>>>>>>>>>>>>>>>>>>>>>>>>>>>>>>>>>>>>>>>>>>>>>>>>>>>>>>>>>>>>>>>>>>>>>>>>>>>>>>>>>>>>>
epoch: 5
Batch 0 completed in 0.26 seconds (0.00 minutes)
New best val_f1: 0.353475 (previous best: 0.286041)
loss: 0.810591, val_acc: 43.98% (0.439812), val_f1: 35.35% (0.353475), test_acc: 45.04% (0.450382), test_f1: 35.97% (0.359682)
Epoch 5 completed in 23.60 seconds (0.39 minutes)
>>>>>>>>>>>>>>>>>>>>>>>>>>>>>>>>>>>>>>>>>>>>>>>>>>>>>>>>>>>>>>>>>>>>>>>>>>>>>>>>>>>>>>>>>>>>>>>>>>>>
epoch: 6
Batch 0 completed in 0.26 seconds (0.00 minutes)
loss: 0.710041, val_acc: 45.51% (0.455079), val_f1: 34.87% (0.348678), test_acc: 46.74% (0.467410), test_f1: 36.01% (0.360080)
Epoch 6 completed in 23.82 seconds (0.40 minutes)
>>>>>>>>>>>>>>>>>>>>>>>>>>>>>>>>>>>>>>>>>>>>>>>>>>>>>>>>>>>>>>>>>>>>>>>>>>>>>>>>>>>>>>>>>>>>>>>>>>>>
epoch: 7
Batch 0 completed in 0.26 seconds (0.00 minutes)
loss: 0.626484, val_acc: 43.63% (0.436289), val_f1: 35.14% (0.351427), test_acc: 44.45% (0.444510), test_f1: 36.01% (0.360081)
Epoch 7 completed in 23.48 seconds (0.39 minutes)
>>>>>>>>>>>>>>>>>>>>>>>>>>>>>>>>>>>>>>>>>>>>>>>>>>>>>>>>>>>>>>>>>>>>>>>>>>>>>>>>>>>>>>>>>>>>>>>>>>>>
epoch: 8
Batch 0 completed in 0.26 seconds (0.00 minutes)
New best val_f1: 0.374963 (previous best: 0.353475)
loss: 0.573219, val_acc: 45.86% (0.458602), val_f1: 37.50% (0.374963), test_acc: 46.10% (0.460951), test_f1: 37.68% (0.376755)
Epoch 8 completed in 23.47 seconds (0.39 minutes)
>>>>>>>>>>>>>>>>>>>>>>>>>>>>>>>>>>>>>>>>>>>>>>>>>>>>>>>>>>>>>>>>>>>>>>>>>>>>>>>>>>>>>>>>>>>>>>>>>>>>
epoch: 9
Batch 0 completed in 0.26 seconds (0.00 minutes)
loss: 0.491374, val_acc: 43.04% (0.430417), val_f1: 35.77% (0.357691), test_acc: 44.74% (0.447446), test_f1: 37.93% (0.379319)
Epoch 9 completed in 23.70 seconds (0.39 minutes)
>>>>>>>>>>>>>>>>>>>>>>>>>>>>>>>>>>>>>>>>>>>>>>>>>>>>>>>>>>>>>>>>>>>>>>>>>>>>>>>>>>>>>>>>>>>>>>>>>>>>
epoch: 10
Batch 0 completed in 0.26 seconds (0.00 minutes)
loss: 0.432169, val_acc: 45.86% (0.458602), val_f1: 34.96% (0.349638), test_acc: 46.51% (0.465062), test_f1: 35.42% (0.354162)
Epoch 10 completed in 23.68 seconds (0.39 minutes)
>>>>>>>>>>>>>>>>>>>>>>>>>>>>>>>>>>>>>>>>>>>>>>>>>>>>>>>>>>>>>>>>>>>>>>>>>>>>>>>>>>>>>>>>>>>>>>>>>>>>
epoch: 11
Batch 0 completed in 0.26 seconds (0.00 minutes)
loss: 0.438169, val_acc: 37.23% (0.372284), val_f1: 34.72% (0.347249), test_acc: 38.46% (0.384615), test_f1: 35.62% (0.356195)
Epoch 11 completed in 23.60 seconds (0.39 minutes)
>>>>>>>>>>>>>>>>>>>>>>>>>>>>>>>>>>>>>>>>>>>>>>>>>>>>>>>>>>>>>>>>>>>>>>>>>>>>>>>>>>>>>>>>>>>>>>>>>>>>
epoch: 12
Batch 0 completed in 0.26 seconds (0.00 minutes)
New best val_f1: 0.376066 (previous best: 0.374963)
loss: 0.282975, val_acc: 42.87% (0.428655), val_f1: 37.61% (0.376066), test_acc: 44.51% (0.445097), test_f1: 39.24% (0.392401)
Epoch 12 completed in 23.42 seconds (0.39 minutes)
>>>>>>>>>>>>>>>>>>>>>>>>>>>>>>>>>>>>>>>>>>>>>>>>>>>>>>>>>>>>>>>>>>>>>>>>>>>>>>>>>>>>>>>>>>>>>>>>>>>>
epoch: 13
Batch 0 completed in 0.26 seconds (0.00 minutes)
loss: 0.293993, val_acc: 45.04% (0.450382), val_f1: 35.79% (0.357874), test_acc: 45.57% (0.455666), test_f1: 37.17% (0.371674)
Epoch 13 completed in 23.78 seconds (0.40 minutes)
>>>>>>>>>>>>>>>>>>>>>>>>>>>>>>>>>>>>>>>>>>>>>>>>>>>>>>>>>>>>>>>>>>>>>>>>>>>>>>>>>>>>>>>>>>>>>>>>>>>>
epoch: 14
Batch 0 completed in 0.26 seconds (0.00 minutes)
New best val_f1: 0.380254 (previous best: 0.376066)
loss: 0.228955, val_acc: 42.51% (0.425132), val_f1: 38.03% (0.380254), test_acc: 43.16% (0.431591), test_f1: 38.72% (0.387243)
Epoch 14 completed in 23.62 seconds (0.39 minutes)
>>>>>>>>>>>>>>>>>>>>>>>>>>>>>>>>>>>>>>>>>>>>>>>>>>>>>>>>>>>>>>>>>>>>>>>>>>>>>>>>>>>>>>>>>>>>>>>>>>>>
epoch: 15
Batch 0 completed in 0.26 seconds (0.00 minutes)
loss: 0.317631, val_acc: 44.63% (0.446271), val_f1: 36.94% (0.369375), test_acc: 43.69% (0.436876), test_f1: 35.67% (0.356656)
Epoch 15 completed in 23.40 seconds (0.39 minutes)
>>>>>>>>>>>>>>>>>>>>>>>>>>>>>>>>>>>>>>>>>>>>>>>>>>>>>>>>>>>>>>>>>>>>>>>>>>>>>>>>>>>>>>>>>>>>>>>>>>>>
epoch: 16
Batch 0 completed in 0.26 seconds (0.00 minutes)
loss: 0.269269, val_acc: 40.81% (0.408103), val_f1: 37.33% (0.373332), test_acc: 41.69% (0.416911), test_f1: 38.22% (0.382183)
Epoch 16 completed in 23.65 seconds (0.39 minutes)
>>>>>>>>>>>>>>>>>>>>>>>>>>>>>>>>>>>>>>>>>>>>>>>>>>>>>>>>>>>>>>>>>>>>>>>>>>>>>>>>>>>>>>>>>>>>>>>>>>>>
epoch: 17
Batch 0 completed in 0.26 seconds (0.00 minutes)
loss: 0.258061, val_acc: 36.29% (0.362889), val_f1: 34.16% (0.341599), test_acc: 39.11% (0.391075), test_f1: 36.76% (0.367608)
Epoch 17 completed in 23.84 seconds (0.40 minutes)
>>>>>>>>>>>>>>>>>>>>>>>>>>>>>>>>>>>>>>>>>>>>>>>>>>>>>>>>>>>>>>>>>>>>>>>>>>>>>>>>>>>>>>>>>>>>>>>>>>>>
epoch: 18
Batch 0 completed in 0.26 seconds (0.00 minutes)
New best val_f1: 0.385358 (previous best: 0.380254)
loss: 0.197422, val_acc: 42.57% (0.425719), val_f1: 38.54% (0.385358), test_acc: 42.51% (0.425132), test_f1: 38.20% (0.381987)
Epoch 18 completed in 23.60 seconds (0.39 minutes)
>>>>>>>>>>>>>>>>>>>>>>>>>>>>>>>>>>>>>>>>>>>>>>>>>>>>>>>>>>>>>>>>>>>>>>>>>>>>>>>>>>>>>>>>>>>>>>>>>>>>
epoch: 19
Batch 0 completed in 0.26 seconds (0.00 minutes)
loss: 0.232096, val_acc: 42.34% (0.423371), val_f1: 36.50% (0.365010), test_acc: 42.81% (0.428068), test_f1: 37.47% (0.374668)
Epoch 19 completed in 23.38 seconds (0.39 minutes)
>>>>>>>>>>>>>>>>>>>>>>>>>>>>>>>>>>>>>>>>>>>>>>>>>>>>>>>>>>>>>>>>>>>>>>>>>>>>>>>>>>>>>>>>>>>>>>>>>>>>
epoch: 20
Batch 0 completed in 0.26 seconds (0.00 minutes)
loss: 0.187342, val_acc: 44.10% (0.440986), val_f1: 37.08% (0.370794), test_acc: 44.80% (0.448033), test_f1: 38.47% (0.384714)
Epoch 20 completed in 23.55 seconds (0.39 minutes)
>>>>>>>>>>>>>>>>>>>>>>>>>>>>>>>>>>>>>>>>>>>>>>>>>>>>>>>>>>>>>>>>>>>>>>>>>>>>>>>>>>>>>>>>>>>>>>>>>>>>
epoch: 21
Batch 0 completed in 0.26 seconds (0.00 minutes)
loss: 0.205482, val_acc: 41.16% (0.411627), val_f1: 37.06% (0.370640), test_acc: 42.69% (0.426894), test_f1: 38.35% (0.383506)
Epoch 21 completed in 23.75 seconds (0.40 minutes)
>>>>>>>>>>>>>>>>>>>>>>>>>>>>>>>>>>>>>>>>>>>>>>>>>>>>>>>>>>>>>>>>>>>>>>>>>>>>>>>>>>>>>>>>>>>>>>>>>>>>
epoch: 22
Batch 0 completed in 0.26 seconds (0.00 minutes)
loss: 0.149197, val_acc: 39.40% (0.394011), val_f1: 37.02% (0.370237), test_acc: 41.81% (0.418086), test_f1: 38.87% (0.388718)
Epoch 22 completed in 23.67 seconds (0.39 minutes)
>>>>>>>>>>>>>>>>>>>>>>>>>>>>>>>>>>>>>>>>>>>>>>>>>>>>>>>>>>>>>>>>>>>>>>>>>>>>>>>>>>>>>>>>>>>>>>>>>>>>
epoch: 23
Batch 0 completed in 0.26 seconds (0.00 minutes)
loss: 0.175340, val_acc: 41.10% (0.411039), val_f1: 38.22% (0.382150), test_acc: 43.10% (0.431004), test_f1: 40.02% (0.400203)
Epoch 23 completed in 23.38 seconds (0.39 minutes)
>>>>>>>>>>>>>>>>>>>>>>>>>>>>>>>>>>>>>>>>>>>>>>>>>>>>>>>>>>>>>>>>>>>>>>>>>>>>>>>>>>>>>>>>>>>>>>>>>>>>
epoch: 24
Batch 0 completed in 0.26 seconds (0.00 minutes)
loss: 0.146910, val_acc: 44.10% (0.440986), val_f1: 38.09% (0.380865), test_acc: 44.22% (0.442161), test_f1: 38.38% (0.383831)
Epoch 24 completed in 23.68 seconds (0.39 minutes)
>>>>>>>>>>>>>>>>>>>>>>>>>>>>>>>>>>>>>>>>>>>>>>>>>>>>>>>>>>>>>>>>>>>>>>>>>>>>>>>>>>>>>>>>>>>>>>>>>>>>
epoch: 25
Batch 0 completed in 0.26 seconds (0.00 minutes)
loss: 0.105240, val_acc: 44.39% (0.443922), val_f1: 36.12% (0.361186), test_acc: 45.74% (0.457428), test_f1: 37.26% (0.372596)
Epoch 25 completed in 23.69 seconds (0.39 minutes)
>>>>>>>>>>>>>>>>>>>>>>>>>>>>>>>>>>>>>>>>>>>>>>>>>>>>>>>>>>>>>>>>>>>>>>>>>>>>>>>>>>>>>>>>>>>>>>>>>>>>
epoch: 26
Batch 0 completed in 0.26 seconds (0.00 minutes)
loss: 0.130813, val_acc: 42.69% (0.426894), val_f1: 37.89% (0.378931), test_acc: 43.10% (0.431004), test_f1: 38.14% (0.381358)
Epoch 26 completed in 23.39 seconds (0.39 minutes)
>>>>>>>>>>>>>>>>>>>>>>>>>>>>>>>>>>>>>>>>>>>>>>>>>>>>>>>>>>>>>>>>>>>>>>>>>>>>>>>>>>>>>>>>>>>>>>>>>>>>
epoch: 27
Batch 0 completed in 0.26 seconds (0.00 minutes)
loss: 0.143103, val_acc: 41.57% (0.415737), val_f1: 36.95% (0.369472), test_acc: 42.63% (0.426307), test_f1: 37.93% (0.379309)
Epoch 27 completed in 23.61 seconds (0.39 minutes)
>>>>>>>>>>>>>>>>>>>>>>>>>>>>>>>>>>>>>>>>>>>>>>>>>>>>>>>>>>>>>>>>>>>>>>>>>>>>>>>>>>>>>>>>>>>>>>>>>>>>
epoch: 28
Batch 0 completed in 0.26 seconds (0.00 minutes)
loss: 0.115140, val_acc: 42.75% (0.427481), val_f1: 38.17% (0.381724), test_acc: 43.57% (0.435702), test_f1: 39.24% (0.392425)
Epoch 28 completed in 23.77 seconds (0.40 minutes)
>>>>>>>>>>>>>>>>>>>>>>>>>>>>>>>>>>>>>>>>>>>>>>>>>>>>>>>>>>>>>>>>>>>>>>>>>>>>>>>>>>>>>>>>>>>>>>>>>>>>
epoch: 29
Batch 0 completed in 0.26 seconds (0.00 minutes)
loss: 0.172319, val_acc: 40.46% (0.404580), val_f1: 37.29% (0.372935), test_acc: 41.10% (0.411039), test_f1: 37.53% (0.375310)
Epoch 29 completed in 23.68 seconds (0.39 minutes)
>>>>>>>>>>>>>>>>>>>>>>>>>>>>>>>>>>>>>>>>>>>>>>>>>>>>>>>>>>>>>>>>>>>>>>>>>>>>>>>>>>>>>>>>>>>>>>>>>>>>
epoch: 30
Batch 0 completed in 0.26 seconds (0.00 minutes)
loss: 0.097647, val_acc: 42.40% (0.423958), val_f1: 36.42% (0.364223), test_acc: 42.92% (0.429243), test_f1: 36.85% (0.368500)
Epoch 30 completed in 23.40 seconds (0.39 minutes)
>>>>>>>>>>>>>>>>>>>>>>>>>>>>>>>>>>>>>>>>>>>>>>>>>>>>>>>>>>>>>>>>>>>>>>>>>>>>>>>>>>>>>>>>>>>>>>>>>>>>
epoch: 31
Batch 0 completed in 0.26 seconds (0.00 minutes)
loss: 0.140021, val_acc: 45.39% (0.453905), val_f1: 36.52% (0.365171), test_acc: 44.69% (0.446858), test_f1: 35.58% (0.355804)
Epoch 31 completed in 23.47 seconds (0.39 minutes)
>>>>>>>>>>>>>>>>>>>>>>>>>>>>>>>>>>>>>>>>>>>>>>>>>>>>>>>>>>>>>>>>>>>>>>>>>>>>>>>>>>>>>>>>>>>>>>>>>>>>
epoch: 32
Batch 0 completed in 0.26 seconds (0.00 minutes)
loss: 0.083830, val_acc: 44.69% (0.446858), val_f1: 37.69% (0.376932), test_acc: 44.04% (0.440399), test_f1: 36.67% (0.366707)
Epoch 32 completed in 23.81 seconds (0.40 minutes)
>>>>>>>>>>>>>>>>>>>>>>>>>>>>>>>>>>>>>>>>>>>>>>>>>>>>>>>>>>>>>>>>>>>>>>>>>>>>>>>>>>>>>>>>>>>>>>>>>>>>
epoch: 33
Batch 0 completed in 0.26 seconds (0.00 minutes)
loss: 0.145869, val_acc: 35.70% (0.357017), val_f1: 33.28% (0.332832), test_acc: 37.99% (0.379918), test_f1: 35.86% (0.358575)
Epoch 33 completed in 23.77 seconds (0.40 minutes)
>>>>>>>>>>>>>>>>>>>>>>>>>>>>>>>>>>>>>>>>>>>>>>>>>>>>>>>>>>>>>>>>>>>>>>>>>>>>>>>>>>>>>>>>>>>>>>>>>>>>
epoch: 34
Batch 0 completed in 0.26 seconds (0.00 minutes)
loss: 0.096926, val_acc: 37.64% (0.376395), val_f1: 35.39% (0.353909), test_acc: 39.34% (0.393423), test_f1: 36.88% (0.368810)
Epoch 34 completed in 23.38 seconds (0.39 minutes)
>>>>>>>>>>>>>>>>>>>>>>>>>>>>>>>>>>>>>>>>>>>>>>>>>>>>>>>>>>>>>>>>>>>>>>>>>>>>>>>>>>>>>>>>>>>>>>>>>>>>
epoch: 35
Batch 0 completed in 0.26 seconds (0.00 minutes)
loss: 0.100534, val_acc: 40.63% (0.406342), val_f1: 37.38% (0.373774), test_acc: 41.81% (0.418086), test_f1: 38.00% (0.379986)
Epoch 35 completed in 23.61 seconds (0.39 minutes)
>>>>>>>>>>>>>>>>>>>>>>>>>>>>>>>>>>>>>>>>>>>>>>>>>>>>>>>>>>>>>>>>>>>>>>>>>>>>>>>>>>>>>>>>>>>>>>>>>>>>
epoch: 36
Batch 0 completed in 0.26 seconds (0.00 minutes)
loss: 0.121821, val_acc: 39.69% (0.396947), val_f1: 37.91% (0.379070), test_acc: 39.81% (0.398121), test_f1: 37.98% (0.379832)
Epoch 36 completed in 23.79 seconds (0.40 minutes)
>>>>>>>>>>>>>>>>>>>>>>>>>>>>>>>>>>>>>>>>>>>>>>>>>>>>>>>>>>>>>>>>>>>>>>>>>>>>>>>>>>>>>>>>>>>>>>>>>>>>
epoch: 37
Batch 0 completed in 0.26 seconds (0.00 minutes)
loss: 0.136957, val_acc: 45.10% (0.450969), val_f1: 37.49% (0.374918), test_acc: 45.45% (0.454492), test_f1: 38.07% (0.380657)
Epoch 37 completed in 23.60 seconds (0.39 minutes)
>>>>>>>>>>>>>>>>>>>>>>>>>>>>>>>>>>>>>>>>>>>>>>>>>>>>>>>>>>>>>>>>>>>>>>>>>>>>>>>>>>>>>>>>>>>>>>>>>>>>
epoch: 38
Batch 0 completed in 0.26 seconds (0.00 minutes)
loss: 0.106803, val_acc: 40.22% (0.402231), val_f1: 37.05% (0.370490), test_acc: 41.51% (0.415150), test_f1: 38.80% (0.388035)
Epoch 38 completed in 23.49 seconds (0.39 minutes)
>>>>>>>>>>>>>>>>>>>>>>>>>>>>>>>>>>>>>>>>>>>>>>>>>>>>>>>>>>>>>>>>>>>>>>>>>>>>>>>>>>>>>>>>>>>>>>>>>>>>
epoch: 39
Batch 0 completed in 0.26 seconds (0.00 minutes)
loss: 0.160567, val_acc: 43.86% (0.438638), val_f1: 37.37% (0.373677), test_acc: 43.92% (0.439225), test_f1: 37.41% (0.374096)
Epoch 39 completed in 23.53 seconds (0.39 minutes)
>>>>>>>>>>>>>>>>>>>>>>>>>>>>>>>>>>>>>>>>>>>>>>>>>>>>>>>>>>>>>>>>>>>>>>>>>>>>>>>>>>>>>>>>>>>>>>>>>>>>
epoch: 40
Batch 0 completed in 0.26 seconds (0.00 minutes)
loss: 0.105305, val_acc: 41.51% (0.415150), val_f1: 37.04% (0.370398), test_acc: 41.51% (0.415150), test_f1: 37.57% (0.375662)
Epoch 40 completed in 23.78 seconds (0.40 minutes)
>>>>>>>>>>>>>>>>>>>>>>>>>>>>>>>>>>>>>>>>>>>>>>>>>>>>>>>>>>>>>>>>>>>>>>>>>>>>>>>>>>>>>>>>>>>>>>>>>>>>
epoch: 41
Batch 0 completed in 0.26 seconds (0.00 minutes)
loss: 0.136051, val_acc: 44.69% (0.446858), val_f1: 37.73% (0.377305), test_acc: 44.74% (0.447446), test_f1: 37.55% (0.375505)
Epoch 41 completed in 23.58 seconds (0.39 minutes)
>>>>>>>>>>>>>>>>>>>>>>>>>>>>>>>>>>>>>>>>>>>>>>>>>>>>>>>>>>>>>>>>>>>>>>>>>>>>>>>>>>>>>>>>>>>>>>>>>>>>
epoch: 42
Batch 0 completed in 0.26 seconds (0.00 minutes)
loss: 0.105184, val_acc: 40.46% (0.404580), val_f1: 37.57% (0.375677), test_acc: 41.22% (0.412214), test_f1: 38.18% (0.381805)
Epoch 42 completed in 23.51 seconds (0.39 minutes)
>>>>>>>>>>>>>>>>>>>>>>>>>>>>>>>>>>>>>>>>>>>>>>>>>>>>>>>>>>>>>>>>>>>>>>>>>>>>>>>>>>>>>>>>>>>>>>>>>>>>
epoch: 43
Batch 0 completed in 0.26 seconds (0.00 minutes)
loss: 0.128027, val_acc: 40.87% (0.408691), val_f1: 37.72% (0.377215), test_acc: 42.22% (0.422196), test_f1: 39.17% (0.391666)
Epoch 43 completed in 23.75 seconds (0.40 minutes)
>>>>>>>>>>>>>>>>>>>>>>>>>>>>>>>>>>>>>>>>>>>>>>>>>>>>>>>>>>>>>>>>>>>>>>>>>>>>>>>>>>>>>>>>>>>>>>>>>>>>
epoch: 44
Batch 0 completed in 0.26 seconds (0.00 minutes)
loss: 0.154661, val_acc: 41.75% (0.417499), val_f1: 36.38% (0.363825), test_acc: 43.22% (0.432179), test_f1: 37.65% (0.376486)
Epoch 44 completed in 23.84 seconds (0.40 minutes)
>>>>>>>>>>>>>>>>>>>>>>>>>>>>>>>>>>>>>>>>>>>>>>>>>>>>>>>>>>>>>>>>>>>>>>>>>>>>>>>>>>>>>>>>>>>>>>>>>>>>
epoch: 45
Batch 0 completed in 0.26 seconds (0.00 minutes)
loss: 0.082269, val_acc: 44.27% (0.442748), val_f1: 37.41% (0.374103), test_acc: 45.10% (0.450969), test_f1: 38.81% (0.388112)
Epoch 45 completed in 23.44 seconds (0.39 minutes)
>>>>>>>>>>>>>>>>>>>>>>>>>>>>>>>>>>>>>>>>>>>>>>>>>>>>>>>>>>>>>>>>>>>>>>>>>>>>>>>>>>>>>>>>>>>>>>>>>>>>
epoch: 46
Batch 0 completed in 0.26 seconds (0.00 minutes)
New best val_f1: 0.387725 (previous best: 0.385358)
loss: 0.072059, val_acc: 41.40% (0.413975), val_f1: 38.77% (0.387725), test_acc: 40.63% (0.406342), test_f1: 37.87% (0.378688)
Epoch 46 completed in 23.46 seconds (0.39 minutes)
>>>>>>>>>>>>>>>>>>>>>>>>>>>>>>>>>>>>>>>>>>>>>>>>>>>>>>>>>>>>>>>>>>>>>>>>>>>>>>>>>>>>>>>>>>>>>>>>>>>>
epoch: 47
Batch 0 completed in 0.26 seconds (0.00 minutes)
loss: 0.077345, val_acc: 43.63% (0.436289), val_f1: 36.91% (0.369076), test_acc: 43.98% (0.439812), test_f1: 37.45% (0.374465)
Epoch 47 completed in 23.75 seconds (0.40 minutes)
>>>>>>>>>>>>>>>>>>>>>>>>>>>>>>>>>>>>>>>>>>>>>>>>>>>>>>>>>>>>>>>>>>>>>>>>>>>>>>>>>>>>>>>>>>>>>>>>>>>>
epoch: 48
Batch 0 completed in 0.26 seconds (0.00 minutes)
loss: 0.068012, val_acc: 44.74% (0.447446), val_f1: 36.62% (0.366220), test_acc: 44.45% (0.444510), test_f1: 35.79% (0.357875)
Epoch 48 completed in 23.64 seconds (0.39 minutes)
>>>>>>>>>>>>>>>>>>>>>>>>>>>>>>>>>>>>>>>>>>>>>>>>>>>>>>>>>>>>>>>>>>>>>>>>>>>>>>>>>>>>>>>>>>>>>>>>>>>>
epoch: 49
Batch 0 completed in 0.26 seconds (0.00 minutes)
loss: 0.107637, val_acc: 44.51% (0.445097), val_f1: 36.89% (0.368929), test_acc: 44.80% (0.448033), test_f1: 36.97% (0.369744)
Epoch 49 completed in 23.54 seconds (0.39 minutes)
>>>>>>>>>>>>>>>>>>>>>>>>>>>>>>>>>>>>>>>>>>>>>>>>>>>>>>>>>>>>>>>>>>>>>>>>>>>>>>>>>>>>>>>>>>>>>>>>>>>>
epoch: 50
Batch 0 completed in 0.26 seconds (0.00 minutes)
loss: 0.101724, val_acc: 38.70% (0.386964), val_f1: 35.72% (0.357167), test_acc: 40.58% (0.405755), test_f1: 37.46% (0.374557)
Epoch 50 completed in 23.46 seconds (0.39 minutes)
>>>>>>>>>>>>>>>>>>>>>>>>>>>>>>>>>>>>>>>>>>>>>>>>>>>>>>>>>>>>>>>>>>>>>>>>>>>>>>>>>>>>>>>>>>>>>>>>>>>>
epoch: 51
Batch 0 completed in 0.26 seconds (0.00 minutes)
loss: 0.078375, val_acc: 42.81% (0.428068), val_f1: 38.03% (0.380301), test_acc: 42.10% (0.421022), test_f1: 37.00% (0.369970)
Epoch 51 completed in 23.79 seconds (0.40 minutes)
>>>>>>>>>>>>>>>>>>>>>>>>>>>>>>>>>>>>>>>>>>>>>>>>>>>>>>>>>>>>>>>>>>>>>>>>>>>>>>>>>>>>>>>>>>>>>>>>>>>>
epoch: 52
Batch 0 completed in 0.26 seconds (0.00 minutes)
loss: 0.095411, val_acc: 43.16% (0.431591), val_f1: 37.62% (0.376192), test_acc: 43.57% (0.435702), test_f1: 37.77% (0.377670)
Epoch 52 completed in 23.65 seconds (0.39 minutes)
>>>>>>>>>>>>>>>>>>>>>>>>>>>>>>>>>>>>>>>>>>>>>>>>>>>>>>>>>>>>>>>>>>>>>>>>>>>>>>>>>>>>>>>>>>>>>>>>>>>>
epoch: 53
Batch 0 completed in 0.26 seconds (0.00 minutes)
loss: 0.098276, val_acc: 44.69% (0.446858), val_f1: 36.79% (0.367866), test_acc: 44.92% (0.449207), test_f1: 36.59% (0.365931)
Epoch 53 completed in 23.38 seconds (0.39 minutes)
>>>>>>>>>>>>>>>>>>>>>>>>>>>>>>>>>>>>>>>>>>>>>>>>>>>>>>>>>>>>>>>>>>>>>>>>>>>>>>>>>>>>>>>>>>>>>>>>>>>>
epoch: 54
Batch 0 completed in 0.26 seconds (0.00 minutes)
loss: 0.107800, val_acc: 46.45% (0.464474), val_f1: 37.79% (0.377913), test_acc: 45.68% (0.456841), test_f1: 37.45% (0.374491)
Epoch 54 completed in 23.64 seconds (0.39 minutes)
>>>>>>>>>>>>>>>>>>>>>>>>>>>>>>>>>>>>>>>>>>>>>>>>>>>>>>>>>>>>>>>>>>>>>>>>>>>>>>>>>>>>>>>>>>>>>>>>>>>>
epoch: 55
Batch 0 completed in 0.26 seconds (0.00 minutes)
loss: 0.092848, val_acc: 39.93% (0.399295), val_f1: 38.17% (0.381739), test_acc: 38.52% (0.385203), test_f1: 36.73% (0.367267)
Epoch 55 completed in 23.84 seconds (0.40 minutes)
>>>>>>>>>>>>>>>>>>>>>>>>>>>>>>>>>>>>>>>>>>>>>>>>>>>>>>>>>>>>>>>>>>>>>>>>>>>>>>>>>>>>>>>>>>>>>>>>>>>>
epoch: 56
Batch 0 completed in 0.26 seconds (0.00 minutes)
loss: 0.062238, val_acc: 41.57% (0.415737), val_f1: 37.15% (0.371500), test_acc: 42.75% (0.427481), test_f1: 38.52% (0.385250)
Epoch 56 completed in 23.55 seconds (0.39 minutes)
>>>>>>>>>>>>>>>>>>>>>>>>>>>>>>>>>>>>>>>>>>>>>>>>>>>>>>>>>>>>>>>>>>>>>>>>>>>>>>>>>>>>>>>>>>>>>>>>>>>>
epoch: 57
Batch 0 completed in 0.26 seconds (0.00 minutes)
loss: 0.164515, val_acc: 43.69% (0.436876), val_f1: 37.26% (0.372623), test_acc: 43.81% (0.438050), test_f1: 38.41% (0.384116)
Epoch 57 completed in 23.40 seconds (0.39 minutes)
>>>>>>>>>>>>>>>>>>>>>>>>>>>>>>>>>>>>>>>>>>>>>>>>>>>>>>>>>>>>>>>>>>>>>>>>>>>>>>>>>>>>>>>>>>>>>>>>>>>>
epoch: 58
Batch 0 completed in 0.26 seconds (0.00 minutes)
loss: 0.087166, val_acc: 41.16% (0.411627), val_f1: 37.53% (0.375334), test_acc: 43.98% (0.439812), test_f1: 40.32% (0.403175)
Epoch 58 completed in 23.58 seconds (0.39 minutes)
>>>>>>>>>>>>>>>>>>>>>>>>>>>>>>>>>>>>>>>>>>>>>>>>>>>>>>>>>>>>>>>>>>>>>>>>>>>>>>>>>>>>>>>>>>>>>>>>>>>>
epoch: 59
Batch 0 completed in 0.26 seconds (0.00 minutes)
loss: 0.103925, val_acc: 41.69% (0.416911), val_f1: 37.03% (0.370296), test_acc: 42.51% (0.425132), test_f1: 38.02% (0.380241)
Epoch 59 completed in 23.73 seconds (0.40 minutes)
>>>>>>>>>>>>>>>>>>>>>>>>>>>>>>>>>>>>>>>>>>>>>>>>>>>>>>>>>>>>>>>>>>>>>>>>>>>>>>>>>>>>>>>>>>>>>>>>>>>>
epoch: 60
Batch 0 completed in 0.26 seconds (0.00 minutes)
loss: 0.089418, val_acc: 43.10% (0.431004), val_f1: 37.70% (0.377049), test_acc: 41.98% (0.419847), test_f1: 36.75% (0.367472)
Epoch 60 completed in 23.65 seconds (0.39 minutes)
>>>>>>>>>>>>>>>>>>>>>>>>>>>>>>>>>>>>>>>>>>>>>>>>>>>>>>>>>>>>>>>>>>>>>>>>>>>>>>>>>>>>>>>>>>>>>>>>>>>>
epoch: 61
Batch 0 completed in 0.26 seconds (0.00 minutes)
loss: 0.137270, val_acc: 45.80% (0.458015), val_f1: 37.98% (0.379793), test_acc: 44.51% (0.445097), test_f1: 36.25% (0.362460)
Epoch 61 completed in 23.39 seconds (0.39 minutes)
>>>>>>>>>>>>>>>>>>>>>>>>>>>>>>>>>>>>>>>>>>>>>>>>>>>>>>>>>>>>>>>>>>>>>>>>>>>>>>>>>>>>>>>>>>>>>>>>>>>>
epoch: 62
Batch 0 completed in 0.26 seconds (0.00 minutes)
loss: 0.077064, val_acc: 43.98% (0.439812), val_f1: 38.06% (0.380560), test_acc: 43.98% (0.439812), test_f1: 38.17% (0.381672)
Epoch 62 completed in 23.74 seconds (0.40 minutes)
>>>>>>>>>>>>>>>>>>>>>>>>>>>>>>>>>>>>>>>>>>>>>>>>>>>>>>>>>>>>>>>>>>>>>>>>>>>>>>>>>>>>>>>>>>>>>>>>>>>>
epoch: 63
Batch 0 completed in 0.26 seconds (0.00 minutes)
loss: 0.109783, val_acc: 41.22% (0.412214), val_f1: 38.01% (0.380071), test_acc: 39.93% (0.399295), test_f1: 37.10% (0.370999)
Epoch 63 completed in 23.67 seconds (0.39 minutes)
>>>>>>>>>>>>>>>>>>>>>>>>>>>>>>>>>>>>>>>>>>>>>>>>>>>>>>>>>>>>>>>>>>>>>>>>>>>>>>>>>>>>>>>>>>>>>>>>>>>>
epoch: 64
Batch 0 completed in 0.26 seconds (0.00 minutes)
loss: 0.157478, val_acc: 46.62% (0.466236), val_f1: 36.97% (0.369744), test_acc: 45.63% (0.456254), test_f1: 35.02% (0.350198)
Epoch 64 completed in 23.46 seconds (0.39 minutes)
>>>>>>>>>>>>>>>>>>>>>>>>>>>>>>>>>>>>>>>>>>>>>>>>>>>>>>>>>>>>>>>>>>>>>>>>>>>>>>>>>>>>>>>>>>>>>>>>>>>>
epoch: 65
Batch 0 completed in 0.26 seconds (0.00 minutes)
loss: 0.080018, val_acc: 42.51% (0.425132), val_f1: 38.46% (0.384581), test_acc: 41.75% (0.417499), test_f1: 37.60% (0.375983)
Epoch 65 completed in 23.61 seconds (0.39 minutes)
>>>>>>>>>>>>>>>>>>>>>>>>>>>>>>>>>>>>>>>>>>>>>>>>>>>>>>>>>>>>>>>>>>>>>>>>>>>>>>>>>>>>>>>>>>>>>>>>>>>>
epoch: 66
Batch 0 completed in 0.26 seconds (0.00 minutes)
loss: 0.078201, val_acc: 43.04% (0.430417), val_f1: 37.85% (0.378504), test_acc: 43.16% (0.431591), test_f1: 38.17% (0.381718)
Epoch 66 completed in 23.74 seconds (0.40 minutes)
>>>>>>>>>>>>>>>>>>>>>>>>>>>>>>>>>>>>>>>>>>>>>>>>>>>>>>>>>>>>>>>>>>>>>>>>>>>>>>>>>>>>>>>>>>>>>>>>>>>>
epoch: 67
Batch 0 completed in 0.26 seconds (0.00 minutes)
loss: 0.091230, val_acc: 40.11% (0.401057), val_f1: 37.79% (0.377859), test_acc: 39.46% (0.394598), test_f1: 36.92% (0.369221)
Epoch 67 completed in 23.68 seconds (0.39 minutes)
>>>>>>>>>>>>>>>>>>>>>>>>>>>>>>>>>>>>>>>>>>>>>>>>>>>>>>>>>>>>>>>>>>>>>>>>>>>>>>>>>>>>>>>>>>>>>>>>>>>>
epoch: 68
Batch 0 completed in 0.26 seconds (0.00 minutes)
loss: 0.097929, val_acc: 41.40% (0.413975), val_f1: 37.38% (0.373804), test_acc: 42.57% (0.425719), test_f1: 38.63% (0.386333)
Epoch 68 completed in 23.42 seconds (0.39 minutes)
>>>>>>>>>>>>>>>>>>>>>>>>>>>>>>>>>>>>>>>>>>>>>>>>>>>>>>>>>>>>>>>>>>>>>>>>>>>>>>>>>>>>>>>>>>>>>>>>>>>>
epoch: 69
Batch 0 completed in 0.26 seconds (0.00 minutes)
loss: 0.060935, val_acc: 39.99% (0.399883), val_f1: 37.00% (0.370042), test_acc: 40.16% (0.401644), test_f1: 36.85% (0.368521)
Epoch 69 completed in 23.44 seconds (0.39 minutes)
RESULT: Max Val F1: 0.387725, Max Test F1: 0.378688
Training complete. Generating confusion matrix on the test set.
Confusion matrix saved to /home/rgg2706/Multimodal-Sentiment-Analysis/Logs/DMLAN/2025-02-04/sub-4/011_Feb-04-2025_01:49_PM/confusion_matrix.png
Reading TensorBoard loss at each epoch:
Available tags: {'images': [], 'audio': [], 'histograms': [], 'scalars': ['Loss/train', 'Loss/val'], 'distributions': [], 'tensors': [], 'graph': False, 'meta_graph': False, 'run_metadata': []}
Output File: /home/rgg2706/Multimodal-Sentiment-Analysis/Logs/DMLAN/2025-02-04/sub-4/011_Feb-04-2025_01:49_PM/trainval_loss_curves.png
Training and validation loss curves saved to /home/rgg2706/Multimodal-Sentiment-Analysis/Logs/DMLAN/2025-02-04/sub-4/011_Feb-04-2025_01:49_PM/trainval_loss_curves.png
Total Completion Time: 34.29 minutes. (0.57 hours) 
