Number of GPUs available: 1
Logs directory: /home/rgg2706/Multimodal-Sentiment-Analysis/Logs/HHMAFM/2024-10-21/sub-2/006_Oct-21-2024_06:15_PM

Running hyperparameter combination 1/8
> training arguments:
>>> rand_seed: 8
>>> model_name: mmfusion
>>> dataset: mvsa-mts-100
>>> optimizer: <class 'torch.optim.adam.Adam'>
>>> initializer: <function xavier_uniform_ at 0x7f5f46a99c60>
>>> learning_rate: 0.0001
>>> dropout_rate: 0.3
>>> num_epoch: 8
>>> batch_size: 16
>>> log_step: 10
>>> max_seq_len: 64
>>> polarities_dim: 3
>>> clip_grad: 5.0
>>> path_image: ./Datasets/MVSA-MTS/images-indexed
>>> crop_size: 224
>>> n_head: 8
>>> common_dim: 512
>>> num_classes: 3
>>> log_dir: /home/rgg2706/Multimodal-Sentiment-Analysis/Logs/HHMAFM/2024-10-21/sub-2/006_Oct-21-2024_06:15_PM
>>> model_class: <class 'models.mmfusion.MMFUSION'>
Preparing mvsa-mts-100 dataset...
-------------- Loading Datasets/MVSA-MTS/mvsa-mts-100/train.tsv ---------------
Time taken to load Datasets/MVSA-MTS/mvsa-mts-100/train.tsv: 2.06 seconds (0.03 minutes)
The number of problematic samples: 5
-------------- Loading Datasets/MVSA-MTS/mvsa-mts-100/val.tsv ---------------
Time taken to load Datasets/MVSA-MTS/mvsa-mts-100/val.tsv: 1.12 seconds (0.02 minutes)
The number of problematic samples: 1
-------------- Loading Datasets/MVSA-MTS/mvsa-mts-100/test.tsv ---------------
Time taken to load Datasets/MVSA-MTS/mvsa-mts-100/test.tsv: 0.60 seconds (0.01 minutes)
The number of problematic samples: 1
Total Training Samples: 100
Number of Training Samples: 60
Number of Development Samples: 20
Number of Test Samples: 20
Number of unique sentiment classes: 3
Building model
n_trainable_params: 43763715, n_nontrainable_params: 0
>>>>>>>>>>>>>>>>>>>>>>>>>>>>>>>>>>>>>>>>>>>>>>>>>>>>>>>>>>>>>>>>>>>>>>>>>>>>>>>>>>>>>>>>>>>>>>>>>>>>
epoch: 0
Batch 0 completed in 0.95 seconds (0.02 minutes)
New best dev_f1: 0.295238 (previous best: 0.000000)
loss: 1.096542, dev_acc: 40.00% (0.400000), dev_f1: 29.52% (0.295238), test_acc: 50.00% (0.500000), test_f1: 34.73% (0.347339)
Epoch 0 completed in 2.27 seconds (0.04 minutes)
>>>>>>>>>>>>>>>>>>>>>>>>>>>>>>>>>>>>>>>>>>>>>>>>>>>>>>>>>>>>>>>>>>>>>>>>>>>>>>>>>>>>>>>>>>>>>>>>>>>>
epoch: 1
Batch 0 completed in 0.19 seconds (0.00 minutes)
loss: 0.890456, dev_acc: 35.00% (0.350000), dev_f1: 26.13% (0.261294), test_acc: 35.00% (0.350000), test_f1: 21.13% (0.211282)
Epoch 1 completed in 1.00 seconds (0.02 minutes)
>>>>>>>>>>>>>>>>>>>>>>>>>>>>>>>>>>>>>>>>>>>>>>>>>>>>>>>>>>>>>>>>>>>>>>>>>>>>>>>>>>>>>>>>>>>>>>>>>>>>
epoch: 2
Batch 0 completed in 0.18 seconds (0.00 minutes)
New best dev_f1: 0.364803 (previous best: 0.295238)
loss: 0.655832, dev_acc: 45.00% (0.450000), dev_f1: 36.48% (0.364803), test_acc: 60.00% (0.600000), test_f1: 37.14% (0.371429)
Epoch 2 completed in 0.97 seconds (0.02 minutes)
>>>>>>>>>>>>>>>>>>>>>>>>>>>>>>>>>>>>>>>>>>>>>>>>>>>>>>>>>>>>>>>>>>>>>>>>>>>>>>>>>>>>>>>>>>>>>>>>>>>>
epoch: 3
Batch 0 completed in 0.18 seconds (0.00 minutes)
loss: 0.613847, dev_acc: 30.00% (0.300000), dev_f1: 23.61% (0.236111), test_acc: 50.00% (0.500000), test_f1: 34.73% (0.347339)
Epoch 3 completed in 0.96 seconds (0.02 minutes)
>>>>>>>>>>>>>>>>>>>>>>>>>>>>>>>>>>>>>>>>>>>>>>>>>>>>>>>>>>>>>>>>>>>>>>>>>>>>>>>>>>>>>>>>>>>>>>>>>>>>
epoch: 4
Batch 0 completed in 0.18 seconds (0.00 minutes)
loss: 0.252827, dev_acc: 40.00% (0.400000), dev_f1: 26.07% (0.260741), test_acc: 70.00% (0.700000), test_f1: 46.19% (0.461905)
Epoch 4 completed in 0.97 seconds (0.02 minutes)
>>>>>>>>>>>>>>>>>>>>>>>>>>>>>>>>>>>>>>>>>>>>>>>>>>>>>>>>>>>>>>>>>>>>>>>>>>>>>>>>>>>>>>>>>>>>>>>>>>>>
epoch: 5
Batch 0 completed in 0.18 seconds (0.00 minutes)
New best dev_f1: 0.484127 (previous best: 0.364803)
loss: 0.255162, dev_acc: 55.00% (0.550000), dev_f1: 48.41% (0.484127), test_acc: 65.00% (0.650000), test_f1: 42.87% (0.428732)
Epoch 5 completed in 0.97 seconds (0.02 minutes)
>>>>>>>>>>>>>>>>>>>>>>>>>>>>>>>>>>>>>>>>>>>>>>>>>>>>>>>>>>>>>>>>>>>>>>>>>>>>>>>>>>>>>>>>>>>>>>>>>>>>
epoch: 6
Batch 0 completed in 0.18 seconds (0.00 minutes)
loss: 0.116754, dev_acc: 35.00% (0.350000), dev_f1: 33.97% (0.339683), test_acc: 45.00% (0.450000), test_f1: 30.72% (0.307246)
Epoch 6 completed in 0.97 seconds (0.02 minutes)
>>>>>>>>>>>>>>>>>>>>>>>>>>>>>>>>>>>>>>>>>>>>>>>>>>>>>>>>>>>>>>>>>>>>>>>>>>>>>>>>>>>>>>>>>>>>>>>>>>>>
epoch: 7
Batch 0 completed in 0.18 seconds (0.00 minutes)
loss: 0.025880, dev_acc: 40.00% (0.400000), dev_f1: 30.88% (0.308772), test_acc: 60.00% (0.600000), test_f1: 40.97% (0.409662)
Epoch 7 completed in 0.97 seconds (0.02 minutes)
RESULT: Max Dev F1: 0.484127, Max Test F1: 0.428732
Dev F1: 0.484127, Test F1: 0.428732

Running hyperparameter combination 2/8
> training arguments:
>>> rand_seed: 8
>>> model_name: mmfusion
>>> dataset: mvsa-mts-100
>>> optimizer: <class 'torch.optim.adam.Adam'>
>>> initializer: <function xavier_uniform_ at 0x7f5f46a99c60>
>>> learning_rate: 0.0001
>>> dropout_rate: 0.5
>>> num_epoch: 8
>>> batch_size: 16
>>> log_step: 10
>>> max_seq_len: 64
>>> polarities_dim: 3
>>> clip_grad: 5.0
>>> path_image: ./Datasets/MVSA-MTS/images-indexed
>>> crop_size: 224
>>> n_head: 8
>>> common_dim: 512
>>> num_classes: 3
>>> log_dir: /home/rgg2706/Multimodal-Sentiment-Analysis/Logs/HHMAFM/2024-10-21/sub-2/006_Oct-21-2024_06:15_PM
>>> model_class: <class 'models.mmfusion.MMFUSION'>
Preparing mvsa-mts-100 dataset...
-------------- Loading Datasets/MVSA-MTS/mvsa-mts-100/train.tsv ---------------
Time taken to load Datasets/MVSA-MTS/mvsa-mts-100/train.tsv: 0.16 seconds (0.00 minutes)
The number of problematic samples: 5
-------------- Loading Datasets/MVSA-MTS/mvsa-mts-100/val.tsv ---------------
Time taken to load Datasets/MVSA-MTS/mvsa-mts-100/val.tsv: 0.06 seconds (0.00 minutes)
The number of problematic samples: 1
-------------- Loading Datasets/MVSA-MTS/mvsa-mts-100/test.tsv ---------------
Time taken to load Datasets/MVSA-MTS/mvsa-mts-100/test.tsv: 0.06 seconds (0.00 minutes)
The number of problematic samples: 1
Total Training Samples: 100
Number of Training Samples: 60
Number of Development Samples: 20
Number of Test Samples: 20
Number of unique sentiment classes: 3
Building model
n_trainable_params: 43763715, n_nontrainable_params: 0
>>>>>>>>>>>>>>>>>>>>>>>>>>>>>>>>>>>>>>>>>>>>>>>>>>>>>>>>>>>>>>>>>>>>>>>>>>>>>>>>>>>>>>>>>>>>>>>>>>>>
epoch: 0
Batch 0 completed in 0.23 seconds (0.00 minutes)
New best dev_f1: 0.323232 (previous best: 0.000000)
loss: 1.097555, dev_acc: 45.00% (0.450000), dev_f1: 32.32% (0.323232), test_acc: 50.00% (0.500000), test_f1: 33.62% (0.336232)
Epoch 0 completed in 1.03 seconds (0.02 minutes)
>>>>>>>>>>>>>>>>>>>>>>>>>>>>>>>>>>>>>>>>>>>>>>>>>>>>>>>>>>>>>>>>>>>>>>>>>>>>>>>>>>>>>>>>>>>>>>>>>>>>
epoch: 1
Batch 0 completed in 0.18 seconds (0.00 minutes)
loss: 0.926902, dev_acc: 35.00% (0.350000), dev_f1: 26.26% (0.262626), test_acc: 35.00% (0.350000), test_f1: 21.13% (0.211282)
Epoch 1 completed in 0.97 seconds (0.02 minutes)
>>>>>>>>>>>>>>>>>>>>>>>>>>>>>>>>>>>>>>>>>>>>>>>>>>>>>>>>>>>>>>>>>>>>>>>>>>>>>>>>>>>>>>>>>>>>>>>>>>>>
epoch: 2
Batch 0 completed in 0.45 seconds (0.01 minutes)
loss: 0.747575, dev_acc: 45.00% (0.450000), dev_f1: 21.43% (0.214286), test_acc: 70.00% (0.700000), test_f1: 43.33% (0.433333)
Epoch 2 completed in 1.24 seconds (0.02 minutes)
>>>>>>>>>>>>>>>>>>>>>>>>>>>>>>>>>>>>>>>>>>>>>>>>>>>>>>>>>>>>>>>>>>>>>>>>>>>>>>>>>>>>>>>>>>>>>>>>>>>>
epoch: 3
Batch 0 completed in 0.18 seconds (0.00 minutes)
loss: 0.744050, dev_acc: 40.00% (0.400000), dev_f1: 30.95% (0.309524), test_acc: 35.00% (0.350000), test_f1: 21.43% (0.214286)
Epoch 3 completed in 0.98 seconds (0.02 minutes)
>>>>>>>>>>>>>>>>>>>>>>>>>>>>>>>>>>>>>>>>>>>>>>>>>>>>>>>>>>>>>>>>>>>>>>>>>>>>>>>>>>>>>>>>>>>>>>>>>>>>
epoch: 4
Batch 0 completed in 0.19 seconds (0.00 minutes)
loss: 0.307079, dev_acc: 35.00% (0.350000), dev_f1: 17.95% (0.179487), test_acc: 70.00% (0.700000), test_f1: 46.19% (0.461905)
Epoch 4 completed in 0.98 seconds (0.02 minutes)
>>>>>>>>>>>>>>>>>>>>>>>>>>>>>>>>>>>>>>>>>>>>>>>>>>>>>>>>>>>>>>>>>>>>>>>>>>>>>>>>>>>>>>>>>>>>>>>>>>>>
epoch: 5
Batch 0 completed in 0.18 seconds (0.00 minutes)
New best dev_f1: 0.378788 (previous best: 0.323232)
loss: 0.267158, dev_acc: 50.00% (0.500000), dev_f1: 37.88% (0.378788), test_acc: 70.00% (0.700000), test_f1: 47.86% (0.478632)
Epoch 5 completed in 0.97 seconds (0.02 minutes)
>>>>>>>>>>>>>>>>>>>>>>>>>>>>>>>>>>>>>>>>>>>>>>>>>>>>>>>>>>>>>>>>>>>>>>>>>>>>>>>>>>>>>>>>>>>>>>>>>>>>
epoch: 6
Batch 0 completed in 0.19 seconds (0.00 minutes)
loss: 0.134817, dev_acc: 35.00% (0.350000), dev_f1: 33.97% (0.339683), test_acc: 40.00% (0.400000), test_f1: 26.19% (0.261905)
Epoch 6 completed in 0.98 seconds (0.02 minutes)
>>>>>>>>>>>>>>>>>>>>>>>>>>>>>>>>>>>>>>>>>>>>>>>>>>>>>>>>>>>>>>>>>>>>>>>>>>>>>>>>>>>>>>>>>>>>>>>>>>>>
epoch: 7
Batch 0 completed in 0.18 seconds (0.00 minutes)
loss: 0.032159, dev_acc: 35.00% (0.350000), dev_f1: 23.45% (0.234519), test_acc: 70.00% (0.700000), test_f1: 47.18% (0.471795)
Epoch 7 completed in 0.97 seconds (0.02 minutes)
RESULT: Max Dev F1: 0.378788, Max Test F1: 0.478632
Dev F1: 0.378788, Test F1: 0.478632

Running hyperparameter combination 3/8
> training arguments:
>>> rand_seed: 8
>>> model_name: mmfusion
>>> dataset: mvsa-mts-100
>>> optimizer: <class 'torch.optim.adam.Adam'>
>>> initializer: <function xavier_uniform_ at 0x7f5f46a99c60>
>>> learning_rate: 0.0001
>>> dropout_rate: 0.3
>>> num_epoch: 8
>>> batch_size: 32
>>> log_step: 10
>>> max_seq_len: 64
>>> polarities_dim: 3
>>> clip_grad: 5.0
>>> path_image: ./Datasets/MVSA-MTS/images-indexed
>>> crop_size: 224
>>> n_head: 8
>>> common_dim: 512
>>> num_classes: 3
>>> log_dir: /home/rgg2706/Multimodal-Sentiment-Analysis/Logs/HHMAFM/2024-10-21/sub-2/006_Oct-21-2024_06:15_PM
>>> model_class: <class 'models.mmfusion.MMFUSION'>
Preparing mvsa-mts-100 dataset...
-------------- Loading Datasets/MVSA-MTS/mvsa-mts-100/train.tsv ---------------
Time taken to load Datasets/MVSA-MTS/mvsa-mts-100/train.tsv: 0.17 seconds (0.00 minutes)
The number of problematic samples: 5
-------------- Loading Datasets/MVSA-MTS/mvsa-mts-100/val.tsv ---------------
Time taken to load Datasets/MVSA-MTS/mvsa-mts-100/val.tsv: 0.06 seconds (0.00 minutes)
The number of problematic samples: 1
-------------- Loading Datasets/MVSA-MTS/mvsa-mts-100/test.tsv ---------------
Time taken to load Datasets/MVSA-MTS/mvsa-mts-100/test.tsv: 0.06 seconds (0.00 minutes)
The number of problematic samples: 1
Total Training Samples: 100
Number of Training Samples: 60
Number of Development Samples: 20
Number of Test Samples: 20
Number of unique sentiment classes: 3
Building model
n_trainable_params: 43763715, n_nontrainable_params: 0
>>>>>>>>>>>>>>>>>>>>>>>>>>>>>>>>>>>>>>>>>>>>>>>>>>>>>>>>>>>>>>>>>>>>>>>>>>>>>>>>>>>>>>>>>>>>>>>>>>>>
epoch: 0
Batch 0 completed in 0.66 seconds (0.01 minutes)
New best dev_f1: 0.467593 (previous best: 0.000000)
loss: 1.096052, dev_acc: 60.00% (0.600000), dev_f1: 46.76% (0.467593), test_acc: 35.00% (0.350000), test_f1: 24.44% (0.244444)
Epoch 0 completed in 1.53 seconds (0.03 minutes)
>>>>>>>>>>>>>>>>>>>>>>>>>>>>>>>>>>>>>>>>>>>>>>>>>>>>>>>>>>>>>>>>>>>>>>>>>>>>>>>>>>>>>>>>>>>>>>>>>>>>
epoch: 1
Batch 0 completed in 0.30 seconds (0.01 minutes)
loss: 0.881718, dev_acc: 60.00% (0.600000), dev_f1: 46.76% (0.467593), test_acc: 40.00% (0.400000), test_f1: 28.07% (0.280702)
Epoch 1 completed in 0.75 seconds (0.01 minutes)
>>>>>>>>>>>>>>>>>>>>>>>>>>>>>>>>>>>>>>>>>>>>>>>>>>>>>>>>>>>>>>>>>>>>>>>>>>>>>>>>>>>>>>>>>>>>>>>>>>>>
epoch: 2
Batch 0 completed in 0.30 seconds (0.01 minutes)
loss: 0.762128, dev_acc: 50.00% (0.500000), dev_f1: 37.88% (0.378788), test_acc: 55.00% (0.550000), test_f1: 34.19% (0.341880)
Epoch 2 completed in 0.75 seconds (0.01 minutes)
>>>>>>>>>>>>>>>>>>>>>>>>>>>>>>>>>>>>>>>>>>>>>>>>>>>>>>>>>>>>>>>>>>>>>>>>>>>>>>>>>>>>>>>>>>>>>>>>>>>>
epoch: 3
Batch 0 completed in 0.30 seconds (0.01 minutes)
loss: 0.496425, dev_acc: 45.00% (0.450000), dev_f1: 35.29% (0.352941), test_acc: 55.00% (0.550000), test_f1: 38.52% (0.385185)
Epoch 3 completed in 0.75 seconds (0.01 minutes)
>>>>>>>>>>>>>>>>>>>>>>>>>>>>>>>>>>>>>>>>>>>>>>>>>>>>>>>>>>>>>>>>>>>>>>>>>>>>>>>>>>>>>>>>>>>>>>>>>>>>
epoch: 4
Batch 0 completed in 0.30 seconds (0.01 minutes)
loss: 0.371912, dev_acc: 45.00% (0.450000), dev_f1: 35.29% (0.352941), test_acc: 50.00% (0.500000), test_f1: 35.09% (0.350877)
Epoch 4 completed in 0.75 seconds (0.01 minutes)
>>>>>>>>>>>>>>>>>>>>>>>>>>>>>>>>>>>>>>>>>>>>>>>>>>>>>>>>>>>>>>>>>>>>>>>>>>>>>>>>>>>>>>>>>>>>>>>>>>>>
epoch: 5
Batch 0 completed in 0.30 seconds (0.01 minutes)
loss: 0.276331, dev_acc: 50.00% (0.500000), dev_f1: 31.41% (0.314103), test_acc: 65.00% (0.650000), test_f1: 35.33% (0.353303)
Epoch 5 completed in 0.75 seconds (0.01 minutes)
>>>>>>>>>>>>>>>>>>>>>>>>>>>>>>>>>>>>>>>>>>>>>>>>>>>>>>>>>>>>>>>>>>>>>>>>>>>>>>>>>>>>>>>>>>>>>>>>>>>>
epoch: 6
Batch 0 completed in 0.30 seconds (0.01 minutes)
loss: 0.294120, dev_acc: 30.00% (0.300000), dev_f1: 23.61% (0.236111), test_acc: 35.00% (0.350000), test_f1: 23.38% (0.233816)
Epoch 6 completed in 0.75 seconds (0.01 minutes)
>>>>>>>>>>>>>>>>>>>>>>>>>>>>>>>>>>>>>>>>>>>>>>>>>>>>>>>>>>>>>>>>>>>>>>>>>>>>>>>>>>>>>>>>>>>>>>>>>>>>
epoch: 7
Batch 0 completed in 0.30 seconds (0.01 minutes)
loss: 0.171582, dev_acc: 30.00% (0.300000), dev_f1: 23.53% (0.235294), test_acc: 35.00% (0.350000), test_f1: 24.04% (0.240404)
Epoch 7 completed in 0.75 seconds (0.01 minutes)
RESULT: Max Dev F1: 0.467593, Max Test F1: 0.244444
Dev F1: 0.467593, Test F1: 0.244444

Running hyperparameter combination 4/8
> training arguments:
>>> rand_seed: 8
>>> model_name: mmfusion
>>> dataset: mvsa-mts-100
>>> optimizer: <class 'torch.optim.adam.Adam'>
>>> initializer: <function xavier_uniform_ at 0x7f5f46a99c60>
>>> learning_rate: 0.0001
>>> dropout_rate: 0.5
>>> num_epoch: 8
>>> batch_size: 32
>>> log_step: 10
>>> max_seq_len: 64
>>> polarities_dim: 3
>>> clip_grad: 5.0
>>> path_image: ./Datasets/MVSA-MTS/images-indexed
>>> crop_size: 224
>>> n_head: 8
>>> common_dim: 512
>>> num_classes: 3
>>> log_dir: /home/rgg2706/Multimodal-Sentiment-Analysis/Logs/HHMAFM/2024-10-21/sub-2/006_Oct-21-2024_06:15_PM
>>> model_class: <class 'models.mmfusion.MMFUSION'>
Preparing mvsa-mts-100 dataset...
-------------- Loading Datasets/MVSA-MTS/mvsa-mts-100/train.tsv ---------------
Time taken to load Datasets/MVSA-MTS/mvsa-mts-100/train.tsv: 0.17 seconds (0.00 minutes)
The number of problematic samples: 5
-------------- Loading Datasets/MVSA-MTS/mvsa-mts-100/val.tsv ---------------
Time taken to load Datasets/MVSA-MTS/mvsa-mts-100/val.tsv: 0.06 seconds (0.00 minutes)
The number of problematic samples: 1
-------------- Loading Datasets/MVSA-MTS/mvsa-mts-100/test.tsv ---------------
Time taken to load Datasets/MVSA-MTS/mvsa-mts-100/test.tsv: 0.06 seconds (0.00 minutes)
The number of problematic samples: 1
Total Training Samples: 100
Number of Training Samples: 60
Number of Development Samples: 20
Number of Test Samples: 20
Number of unique sentiment classes: 3
Building model
n_trainable_params: 43763715, n_nontrainable_params: 0
>>>>>>>>>>>>>>>>>>>>>>>>>>>>>>>>>>>>>>>>>>>>>>>>>>>>>>>>>>>>>>>>>>>>>>>>>>>>>>>>>>>>>>>>>>>>>>>>>>>>
epoch: 0
Batch 0 completed in 0.35 seconds (0.01 minutes)
New best dev_f1: 0.393519 (previous best: 0.000000)
loss: 1.094966, dev_acc: 50.00% (0.500000), dev_f1: 39.35% (0.393519), test_acc: 40.00% (0.400000), test_f1: 26.28% (0.262802)
Epoch 0 completed in 0.80 seconds (0.01 minutes)
>>>>>>>>>>>>>>>>>>>>>>>>>>>>>>>>>>>>>>>>>>>>>>>>>>>>>>>>>>>>>>>>>>>>>>>>>>>>>>>>>>>>>>>>>>>>>>>>>>>>
epoch: 1
Batch 0 completed in 0.30 seconds (0.01 minutes)
New best dev_f1: 0.490842 (previous best: 0.393519)
loss: 0.856137, dev_acc: 65.00% (0.650000), dev_f1: 49.08% (0.490842), test_acc: 55.00% (0.550000), test_f1: 36.51% (0.365079)
Epoch 1 completed in 0.75 seconds (0.01 minutes)
>>>>>>>>>>>>>>>>>>>>>>>>>>>>>>>>>>>>>>>>>>>>>>>>>>>>>>>>>>>>>>>>>>>>>>>>>>>>>>>>>>>>>>>>>>>>>>>>>>>>
epoch: 2
Batch 0 completed in 0.30 seconds (0.01 minutes)
loss: 0.872141, dev_acc: 55.00% (0.550000), dev_f1: 43.14% (0.431373), test_acc: 50.00% (0.500000), test_f1: 34.73% (0.347339)
Epoch 2 completed in 0.75 seconds (0.01 minutes)
>>>>>>>>>>>>>>>>>>>>>>>>>>>>>>>>>>>>>>>>>>>>>>>>>>>>>>>>>>>>>>>>>>>>>>>>>>>>>>>>>>>>>>>>>>>>>>>>>>>>
epoch: 3
Batch 0 completed in 0.30 seconds (0.01 minutes)
loss: 0.590195, dev_acc: 50.00% (0.500000), dev_f1: 37.62% (0.376190), test_acc: 60.00% (0.600000), test_f1: 39.38% (0.393846)
Epoch 3 completed in 0.75 seconds (0.01 minutes)
>>>>>>>>>>>>>>>>>>>>>>>>>>>>>>>>>>>>>>>>>>>>>>>>>>>>>>>>>>>>>>>>>>>>>>>>>>>>>>>>>>>>>>>>>>>>>>>>>>>>
epoch: 4
Batch 0 completed in 0.30 seconds (0.01 minutes)
loss: 0.449881, dev_acc: 40.00% (0.400000), dev_f1: 30.95% (0.309524), test_acc: 35.00% (0.350000), test_f1: 21.43% (0.214286)
Epoch 4 completed in 0.75 seconds (0.01 minutes)
>>>>>>>>>>>>>>>>>>>>>>>>>>>>>>>>>>>>>>>>>>>>>>>>>>>>>>>>>>>>>>>>>>>>>>>>>>>>>>>>>>>>>>>>>>>>>>>>>>>>
epoch: 5
Batch 0 completed in 0.30 seconds (0.01 minutes)
loss: 0.360591, dev_acc: 45.00% (0.450000), dev_f1: 28.74% (0.287407), test_acc: 75.00% (0.750000), test_f1: 49.81% (0.498084)
Epoch 5 completed in 0.75 seconds (0.01 minutes)
>>>>>>>>>>>>>>>>>>>>>>>>>>>>>>>>>>>>>>>>>>>>>>>>>>>>>>>>>>>>>>>>>>>>>>>>>>>>>>>>>>>>>>>>>>>>>>>>>>>>
epoch: 6
Batch 0 completed in 0.30 seconds (0.01 minutes)
loss: 0.405325, dev_acc: 40.00% (0.400000), dev_f1: 30.95% (0.309524), test_acc: 55.00% (0.550000), test_f1: 38.07% (0.380676)
Epoch 6 completed in 0.75 seconds (0.01 minutes)
>>>>>>>>>>>>>>>>>>>>>>>>>>>>>>>>>>>>>>>>>>>>>>>>>>>>>>>>>>>>>>>>>>>>>>>>>>>>>>>>>>>>>>>>>>>>>>>>>>>>
epoch: 7
Batch 0 completed in 0.30 seconds (0.01 minutes)
loss: 0.210158, dev_acc: 35.00% (0.350000), dev_f1: 27.37% (0.273684), test_acc: 50.00% (0.500000), test_f1: 34.85% (0.348485)
Epoch 7 completed in 0.75 seconds (0.01 minutes)
RESULT: Max Dev F1: 0.490842, Max Test F1: 0.365079
Dev F1: 0.490842, Test F1: 0.365079

Running hyperparameter combination 5/8
> training arguments:
>>> rand_seed: 8
>>> model_name: mmfusion
>>> dataset: mvsa-mts-100
>>> optimizer: <class 'torch.optim.adam.Adam'>
>>> initializer: <function xavier_uniform_ at 0x7f5f46a99c60>
>>> learning_rate: 0.0005
>>> dropout_rate: 0.3
>>> num_epoch: 8
>>> batch_size: 16
>>> log_step: 10
>>> max_seq_len: 64
>>> polarities_dim: 3
>>> clip_grad: 5.0
>>> path_image: ./Datasets/MVSA-MTS/images-indexed
>>> crop_size: 224
>>> n_head: 8
>>> common_dim: 512
>>> num_classes: 3
>>> log_dir: /home/rgg2706/Multimodal-Sentiment-Analysis/Logs/HHMAFM/2024-10-21/sub-2/006_Oct-21-2024_06:15_PM
>>> model_class: <class 'models.mmfusion.MMFUSION'>
Preparing mvsa-mts-100 dataset...
-------------- Loading Datasets/MVSA-MTS/mvsa-mts-100/train.tsv ---------------
Time taken to load Datasets/MVSA-MTS/mvsa-mts-100/train.tsv: 0.17 seconds (0.00 minutes)
The number of problematic samples: 5
-------------- Loading Datasets/MVSA-MTS/mvsa-mts-100/val.tsv ---------------
Time taken to load Datasets/MVSA-MTS/mvsa-mts-100/val.tsv: 0.06 seconds (0.00 minutes)
The number of problematic samples: 1
-------------- Loading Datasets/MVSA-MTS/mvsa-mts-100/test.tsv ---------------
Time taken to load Datasets/MVSA-MTS/mvsa-mts-100/test.tsv: 0.06 seconds (0.00 minutes)
The number of problematic samples: 1
Total Training Samples: 100
Number of Training Samples: 60
Number of Development Samples: 20
Number of Test Samples: 20
Number of unique sentiment classes: 3
Building model
n_trainable_params: 43763715, n_nontrainable_params: 0
>>>>>>>>>>>>>>>>>>>>>>>>>>>>>>>>>>>>>>>>>>>>>>>>>>>>>>>>>>>>>>>>>>>>>>>>>>>>>>>>>>>>>>>>>>>>>>>>>>>>
epoch: 0
Batch 0 completed in 0.25 seconds (0.00 minutes)
New best dev_f1: 0.323232 (previous best: 0.000000)
loss: 1.096542, dev_acc: 45.00% (0.450000), dev_f1: 32.32% (0.323232), test_acc: 60.00% (0.600000), test_f1: 40.97% (0.409662)
Epoch 0 completed in 1.03 seconds (0.02 minutes)
>>>>>>>>>>>>>>>>>>>>>>>>>>>>>>>>>>>>>>>>>>>>>>>>>>>>>>>>>>>>>>>>>>>>>>>>>>>>>>>>>>>>>>>>>>>>>>>>>>>>
epoch: 1
Batch 0 completed in 0.18 seconds (0.00 minutes)
loss: 1.922338, dev_acc: 40.00% (0.400000), dev_f1: 31.48% (0.314815), test_acc: 35.00% (0.350000), test_f1: 25.15% (0.251462)
Epoch 1 completed in 0.97 seconds (0.02 minutes)
>>>>>>>>>>>>>>>>>>>>>>>>>>>>>>>>>>>>>>>>>>>>>>>>>>>>>>>>>>>>>>>>>>>>>>>>>>>>>>>>>>>>>>>>>>>>>>>>>>>>
epoch: 2
Batch 0 completed in 0.18 seconds (0.00 minutes)
loss: 3.428958, dev_acc: 25.00% (0.250000), dev_f1: 13.33% (0.133333), test_acc: 30.00% (0.300000), test_f1: 16.00% (0.160000)
Epoch 2 completed in 0.97 seconds (0.02 minutes)
>>>>>>>>>>>>>>>>>>>>>>>>>>>>>>>>>>>>>>>>>>>>>>>>>>>>>>>>>>>>>>>>>>>>>>>>>>>>>>>>>>>>>>>>>>>>>>>>>>>>
epoch: 3
Batch 0 completed in 0.18 seconds (0.00 minutes)
loss: 0.310444, dev_acc: 35.00% (0.350000), dev_f1: 26.13% (0.261294), test_acc: 70.00% (0.700000), test_f1: 48.81% (0.488095)
Epoch 3 completed in 0.97 seconds (0.02 minutes)
>>>>>>>>>>>>>>>>>>>>>>>>>>>>>>>>>>>>>>>>>>>>>>>>>>>>>>>>>>>>>>>>>>>>>>>>>>>>>>>>>>>>>>>>>>>>>>>>>>>>
epoch: 4
Batch 0 completed in 0.18 seconds (0.00 minutes)
loss: 0.321690, dev_acc: 35.00% (0.350000), dev_f1: 30.74% (0.307359), test_acc: 65.00% (0.650000), test_f1: 46.22% (0.462222)
Epoch 4 completed in 0.97 seconds (0.02 minutes)
>>>>>>>>>>>>>>>>>>>>>>>>>>>>>>>>>>>>>>>>>>>>>>>>>>>>>>>>>>>>>>>>>>>>>>>>>>>>>>>>>>>>>>>>>>>>>>>>>>>>
epoch: 5
Batch 0 completed in 0.18 seconds (0.00 minutes)
New best dev_f1: 0.327778 (previous best: 0.323232)
loss: 0.030264, dev_acc: 45.00% (0.450000), dev_f1: 32.78% (0.327778), test_acc: 55.00% (0.550000), test_f1: 30.40% (0.303959)
Epoch 5 completed in 0.97 seconds (0.02 minutes)
>>>>>>>>>>>>>>>>>>>>>>>>>>>>>>>>>>>>>>>>>>>>>>>>>>>>>>>>>>>>>>>>>>>>>>>>>>>>>>>>>>>>>>>>>>>>>>>>>>>>
epoch: 6
Batch 0 completed in 0.18 seconds (0.00 minutes)
New best dev_f1: 0.418768 (previous best: 0.327778)
loss: 0.007864, dev_acc: 45.00% (0.450000), dev_f1: 41.88% (0.418768), test_acc: 45.00% (0.450000), test_f1: 31.55% (0.315476)
Epoch 6 completed in 0.97 seconds (0.02 minutes)
>>>>>>>>>>>>>>>>>>>>>>>>>>>>>>>>>>>>>>>>>>>>>>>>>>>>>>>>>>>>>>>>>>>>>>>>>>>>>>>>>>>>>>>>>>>>>>>>>>>>
epoch: 7
Batch 0 completed in 0.19 seconds (0.00 minutes)
loss: 0.007052, dev_acc: 45.00% (0.450000), dev_f1: 32.78% (0.327778), test_acc: 55.00% (0.550000), test_f1: 37.88% (0.378788)
Epoch 7 completed in 0.97 seconds (0.02 minutes)
RESULT: Max Dev F1: 0.418768, Max Test F1: 0.315476
Dev F1: 0.418768, Test F1: 0.315476

Running hyperparameter combination 6/8
> training arguments:
>>> rand_seed: 8
>>> model_name: mmfusion
>>> dataset: mvsa-mts-100
>>> optimizer: <class 'torch.optim.adam.Adam'>
>>> initializer: <function xavier_uniform_ at 0x7f5f46a99c60>
>>> learning_rate: 0.0005
>>> dropout_rate: 0.5
>>> num_epoch: 8
>>> batch_size: 16
>>> log_step: 10
>>> max_seq_len: 64
>>> polarities_dim: 3
>>> clip_grad: 5.0
>>> path_image: ./Datasets/MVSA-MTS/images-indexed
>>> crop_size: 224
>>> n_head: 8
>>> common_dim: 512
>>> num_classes: 3
>>> log_dir: /home/rgg2706/Multimodal-Sentiment-Analysis/Logs/HHMAFM/2024-10-21/sub-2/006_Oct-21-2024_06:15_PM
>>> model_class: <class 'models.mmfusion.MMFUSION'>
Preparing mvsa-mts-100 dataset...
-------------- Loading Datasets/MVSA-MTS/mvsa-mts-100/train.tsv ---------------
Time taken to load Datasets/MVSA-MTS/mvsa-mts-100/train.tsv: 0.17 seconds (0.00 minutes)
The number of problematic samples: 5
-------------- Loading Datasets/MVSA-MTS/mvsa-mts-100/val.tsv ---------------
Time taken to load Datasets/MVSA-MTS/mvsa-mts-100/val.tsv: 0.06 seconds (0.00 minutes)
The number of problematic samples: 1
-------------- Loading Datasets/MVSA-MTS/mvsa-mts-100/test.tsv ---------------
Time taken to load Datasets/MVSA-MTS/mvsa-mts-100/test.tsv: 0.06 seconds (0.00 minutes)
The number of problematic samples: 1
Total Training Samples: 100
Number of Training Samples: 60
Number of Development Samples: 20
Number of Test Samples: 20
Number of unique sentiment classes: 3
Building model
n_trainable_params: 43763715, n_nontrainable_params: 0
>>>>>>>>>>>>>>>>>>>>>>>>>>>>>>>>>>>>>>>>>>>>>>>>>>>>>>>>>>>>>>>>>>>>>>>>>>>>>>>>>>>>>>>>>>>>>>>>>>>>
epoch: 0
Batch 0 completed in 0.26 seconds (0.00 minutes)
New best dev_f1: 0.323232 (previous best: 0.000000)
loss: 1.097555, dev_acc: 45.00% (0.450000), dev_f1: 32.32% (0.323232), test_acc: 50.00% (0.500000), test_f1: 33.62% (0.336232)
Epoch 0 completed in 1.04 seconds (0.02 minutes)
>>>>>>>>>>>>>>>>>>>>>>>>>>>>>>>>>>>>>>>>>>>>>>>>>>>>>>>>>>>>>>>>>>>>>>>>>>>>>>>>>>>>>>>>>>>>>>>>>>>>
epoch: 1
Batch 0 completed in 0.19 seconds (0.00 minutes)
loss: 3.288576, dev_acc: 45.00% (0.450000), dev_f1: 20.69% (0.206897), test_acc: 55.00% (0.550000), test_f1: 23.66% (0.236559)
Epoch 1 completed in 0.97 seconds (0.02 minutes)
>>>>>>>>>>>>>>>>>>>>>>>>>>>>>>>>>>>>>>>>>>>>>>>>>>>>>>>>>>>>>>>>>>>>>>>>>>>>>>>>>>>>>>>>>>>>>>>>>>>>
epoch: 2
Batch 0 completed in 0.18 seconds (0.00 minutes)
New best dev_f1: 0.334416 (previous best: 0.323232)
loss: 1.161244, dev_acc: 40.00% (0.400000), dev_f1: 33.44% (0.334416), test_acc: 50.00% (0.500000), test_f1: 37.04% (0.370370)
Epoch 2 completed in 0.97 seconds (0.02 minutes)
>>>>>>>>>>>>>>>>>>>>>>>>>>>>>>>>>>>>>>>>>>>>>>>>>>>>>>>>>>>>>>>>>>>>>>>>>>>>>>>>>>>>>>>>>>>>>>>>>>>>
epoch: 3
Batch 0 completed in 0.19 seconds (0.00 minutes)
New best dev_f1: 0.452381 (previous best: 0.334416)
loss: 0.920724, dev_acc: 50.00% (0.500000), dev_f1: 45.24% (0.452381), test_acc: 75.00% (0.750000), test_f1: 51.40% (0.514029)
Epoch 3 completed in 0.97 seconds (0.02 minutes)
>>>>>>>>>>>>>>>>>>>>>>>>>>>>>>>>>>>>>>>>>>>>>>>>>>>>>>>>>>>>>>>>>>>>>>>>>>>>>>>>>>>>>>>>>>>>>>>>>>>>
epoch: 4
Batch 0 completed in 0.18 seconds (0.00 minutes)
New best dev_f1: 0.489177 (previous best: 0.452381)
loss: 0.134096, dev_acc: 55.00% (0.550000), dev_f1: 48.92% (0.489177), test_acc: 60.00% (0.600000), test_f1: 38.02% (0.380247)
Epoch 4 completed in 0.97 seconds (0.02 minutes)
>>>>>>>>>>>>>>>>>>>>>>>>>>>>>>>>>>>>>>>>>>>>>>>>>>>>>>>>>>>>>>>>>>>>>>>>>>>>>>>>>>>>>>>>>>>>>>>>>>>>
epoch: 5
Batch 0 completed in 0.18 seconds (0.00 minutes)
loss: 0.017681, dev_acc: 35.00% (0.350000), dev_f1: 27.31% (0.273148), test_acc: 60.00% (0.600000), test_f1: 41.83% (0.418301)
Epoch 5 completed in 0.97 seconds (0.02 minutes)
>>>>>>>>>>>>>>>>>>>>>>>>>>>>>>>>>>>>>>>>>>>>>>>>>>>>>>>>>>>>>>>>>>>>>>>>>>>>>>>>>>>>>>>>>>>>>>>>>>>>
epoch: 6
Batch 0 completed in 0.19 seconds (0.00 minutes)
loss: 0.006262, dev_acc: 45.00% (0.450000), dev_f1: 41.14% (0.411376), test_acc: 50.00% (0.500000), test_f1: 38.89% (0.388889)
Epoch 6 completed in 0.98 seconds (0.02 minutes)
>>>>>>>>>>>>>>>>>>>>>>>>>>>>>>>>>>>>>>>>>>>>>>>>>>>>>>>>>>>>>>>>>>>>>>>>>>>>>>>>>>>>>>>>>>>>>>>>>>>>
epoch: 7
Batch 0 completed in 0.18 seconds (0.00 minutes)
loss: 0.376684, dev_acc: 45.00% (0.450000), dev_f1: 39.68% (0.396825), test_acc: 75.00% (0.750000), test_f1: 54.44% (0.544444)
Epoch 7 completed in 0.97 seconds (0.02 minutes)
RESULT: Max Dev F1: 0.489177, Max Test F1: 0.380247
Dev F1: 0.489177, Test F1: 0.380247

Running hyperparameter combination 7/8
> training arguments:
>>> rand_seed: 8
>>> model_name: mmfusion
>>> dataset: mvsa-mts-100
>>> optimizer: <class 'torch.optim.adam.Adam'>
>>> initializer: <function xavier_uniform_ at 0x7f5f46a99c60>
>>> learning_rate: 0.0005
>>> dropout_rate: 0.3
>>> num_epoch: 8
>>> batch_size: 32
>>> log_step: 10
>>> max_seq_len: 64
>>> polarities_dim: 3
>>> clip_grad: 5.0
>>> path_image: ./Datasets/MVSA-MTS/images-indexed
>>> crop_size: 224
>>> n_head: 8
>>> common_dim: 512
>>> num_classes: 3
>>> log_dir: /home/rgg2706/Multimodal-Sentiment-Analysis/Logs/HHMAFM/2024-10-21/sub-2/006_Oct-21-2024_06:15_PM
>>> model_class: <class 'models.mmfusion.MMFUSION'>
Preparing mvsa-mts-100 dataset...
-------------- Loading Datasets/MVSA-MTS/mvsa-mts-100/train.tsv ---------------
Time taken to load Datasets/MVSA-MTS/mvsa-mts-100/train.tsv: 0.17 seconds (0.00 minutes)
The number of problematic samples: 5
-------------- Loading Datasets/MVSA-MTS/mvsa-mts-100/val.tsv ---------------
Time taken to load Datasets/MVSA-MTS/mvsa-mts-100/val.tsv: 0.06 seconds (0.00 minutes)
The number of problematic samples: 1
-------------- Loading Datasets/MVSA-MTS/mvsa-mts-100/test.tsv ---------------
Time taken to load Datasets/MVSA-MTS/mvsa-mts-100/test.tsv: 0.06 seconds (0.00 minutes)
The number of problematic samples: 1
Total Training Samples: 100
Number of Training Samples: 60
Number of Development Samples: 20
Number of Test Samples: 20
Number of unique sentiment classes: 3
Building model
n_trainable_params: 43763715, n_nontrainable_params: 0
>>>>>>>>>>>>>>>>>>>>>>>>>>>>>>>>>>>>>>>>>>>>>>>>>>>>>>>>>>>>>>>>>>>>>>>>>>>>>>>>>>>>>>>>>>>>>>>>>>>>
epoch: 0
Batch 0 completed in 0.37 seconds (0.01 minutes)
New best dev_f1: 0.467593 (previous best: 0.000000)
loss: 1.096052, dev_acc: 60.00% (0.600000), dev_f1: 46.76% (0.467593), test_acc: 40.00% (0.400000), test_f1: 28.07% (0.280702)
Epoch 0 completed in 0.82 seconds (0.01 minutes)
>>>>>>>>>>>>>>>>>>>>>>>>>>>>>>>>>>>>>>>>>>>>>>>>>>>>>>>>>>>>>>>>>>>>>>>>>>>>>>>>>>>>>>>>>>>>>>>>>>>>
epoch: 1
Batch 0 completed in 0.30 seconds (0.01 minutes)
loss: 17.866545, dev_acc: 30.00% (0.300000), dev_f1: 15.38% (0.153846), test_acc: 10.00% (0.100000), test_f1: 6.06% (0.060606)
Epoch 1 completed in 0.75 seconds (0.01 minutes)
>>>>>>>>>>>>>>>>>>>>>>>>>>>>>>>>>>>>>>>>>>>>>>>>>>>>>>>>>>>>>>>>>>>>>>>>>>>>>>>>>>>>>>>>>>>>>>>>>>>>
epoch: 2
Batch 0 completed in 0.31 seconds (0.01 minutes)
loss: 1.613866, dev_acc: 45.00% (0.450000), dev_f1: 20.69% (0.206897), test_acc: 60.00% (0.600000), test_f1: 25.00% (0.250000)
Epoch 2 completed in 0.75 seconds (0.01 minutes)
>>>>>>>>>>>>>>>>>>>>>>>>>>>>>>>>>>>>>>>>>>>>>>>>>>>>>>>>>>>>>>>>>>>>>>>>>>>>>>>>>>>>>>>>>>>>>>>>>>>>
epoch: 3
Batch 0 completed in 0.30 seconds (0.01 minutes)
loss: 0.897149, dev_acc: 25.00% (0.250000), dev_f1: 13.89% (0.138889), test_acc: 30.00% (0.300000), test_f1: 15.38% (0.153846)
Epoch 3 completed in 0.75 seconds (0.01 minutes)
>>>>>>>>>>>>>>>>>>>>>>>>>>>>>>>>>>>>>>>>>>>>>>>>>>>>>>>>>>>>>>>>>>>>>>>>>>>>>>>>>>>>>>>>>>>>>>>>>>>>
epoch: 4
Batch 0 completed in 0.30 seconds (0.01 minutes)
loss: 4.945578, dev_acc: 35.00% (0.350000), dev_f1: 25.40% (0.253968), test_acc: 10.00% (0.100000), test_f1: 7.87% (0.078704)
Epoch 4 completed in 0.75 seconds (0.01 minutes)
>>>>>>>>>>>>>>>>>>>>>>>>>>>>>>>>>>>>>>>>>>>>>>>>>>>>>>>>>>>>>>>>>>>>>>>>>>>>>>>>>>>>>>>>>>>>>>>>>>>>
epoch: 5
Batch 0 completed in 0.30 seconds (0.01 minutes)
loss: 0.411621, dev_acc: 45.00% (0.450000), dev_f1: 35.29% (0.352941), test_acc: 35.00% (0.350000), test_f1: 24.56% (0.245614)
Epoch 5 completed in 0.75 seconds (0.01 minutes)
>>>>>>>>>>>>>>>>>>>>>>>>>>>>>>>>>>>>>>>>>>>>>>>>>>>>>>>>>>>>>>>>>>>>>>>>>>>>>>>>>>>>>>>>>>>>>>>>>>>>
epoch: 6
Batch 0 completed in 0.30 seconds (0.01 minutes)
loss: 0.662755, dev_acc: 50.00% (0.500000), dev_f1: 38.83% (0.388304), test_acc: 50.00% (0.500000), test_f1: 35.96% (0.359596)
Epoch 6 completed in 0.75 seconds (0.01 minutes)
>>>>>>>>>>>>>>>>>>>>>>>>>>>>>>>>>>>>>>>>>>>>>>>>>>>>>>>>>>>>>>>>>>>>>>>>>>>>>>>>>>>>>>>>>>>>>>>>>>>>
epoch: 7
Batch 0 completed in 0.30 seconds (0.01 minutes)
loss: 0.301105, dev_acc: 40.00% (0.400000), dev_f1: 27.70% (0.276973), test_acc: 65.00% (0.650000), test_f1: 41.95% (0.419540)
Epoch 7 completed in 0.75 seconds (0.01 minutes)
RESULT: Max Dev F1: 0.467593, Max Test F1: 0.280702
Dev F1: 0.467593, Test F1: 0.280702

Running hyperparameter combination 8/8
> training arguments:
>>> rand_seed: 8
>>> model_name: mmfusion
>>> dataset: mvsa-mts-100
>>> optimizer: <class 'torch.optim.adam.Adam'>
>>> initializer: <function xavier_uniform_ at 0x7f5f46a99c60>
>>> learning_rate: 0.0005
>>> dropout_rate: 0.5
>>> num_epoch: 8
>>> batch_size: 32
>>> log_step: 10
>>> max_seq_len: 64
>>> polarities_dim: 3
>>> clip_grad: 5.0
>>> path_image: ./Datasets/MVSA-MTS/images-indexed
>>> crop_size: 224
>>> n_head: 8
>>> common_dim: 512
>>> num_classes: 3
>>> log_dir: /home/rgg2706/Multimodal-Sentiment-Analysis/Logs/HHMAFM/2024-10-21/sub-2/006_Oct-21-2024_06:15_PM
>>> model_class: <class 'models.mmfusion.MMFUSION'>
Preparing mvsa-mts-100 dataset...
-------------- Loading Datasets/MVSA-MTS/mvsa-mts-100/train.tsv ---------------
Time taken to load Datasets/MVSA-MTS/mvsa-mts-100/train.tsv: 0.17 seconds (0.00 minutes)
The number of problematic samples: 5
-------------- Loading Datasets/MVSA-MTS/mvsa-mts-100/val.tsv ---------------
Time taken to load Datasets/MVSA-MTS/mvsa-mts-100/val.tsv: 0.06 seconds (0.00 minutes)
The number of problematic samples: 1
-------------- Loading Datasets/MVSA-MTS/mvsa-mts-100/test.tsv ---------------
Time taken to load Datasets/MVSA-MTS/mvsa-mts-100/test.tsv: 0.06 seconds (0.00 minutes)
The number of problematic samples: 1
Total Training Samples: 100
Number of Training Samples: 60
Number of Development Samples: 20
Number of Test Samples: 20
Number of unique sentiment classes: 3
Building model
n_trainable_params: 43763715, n_nontrainable_params: 0
>>>>>>>>>>>>>>>>>>>>>>>>>>>>>>>>>>>>>>>>>>>>>>>>>>>>>>>>>>>>>>>>>>>>>>>>>>>>>>>>>>>>>>>>>>>>>>>>>>>>
epoch: 0
Batch 0 completed in 0.35 seconds (0.01 minutes)
New best dev_f1: 0.262626 (previous best: 0.000000)
loss: 1.094966, dev_acc: 35.00% (0.350000), dev_f1: 26.26% (0.262626), test_acc: 35.00% (0.350000), test_f1: 21.13% (0.211282)
Epoch 0 completed in 0.80 seconds (0.01 minutes)
>>>>>>>>>>>>>>>>>>>>>>>>>>>>>>>>>>>>>>>>>>>>>>>>>>>>>>>>>>>>>>>>>>>>>>>>>>>>>>>>>>>>>>>>>>>>>>>>>>>>
epoch: 1
Batch 0 completed in 0.30 seconds (0.01 minutes)
loss: 18.892939, dev_acc: 30.00% (0.300000), dev_f1: 15.38% (0.153846), test_acc: 10.00% (0.100000), test_f1: 6.06% (0.060606)
Epoch 1 completed in 0.75 seconds (0.01 minutes)
>>>>>>>>>>>>>>>>>>>>>>>>>>>>>>>>>>>>>>>>>>>>>>>>>>>>>>>>>>>>>>>>>>>>>>>>>>>>>>>>>>>>>>>>>>>>>>>>>>>>
epoch: 2
Batch 0 completed in 0.30 seconds (0.01 minutes)
loss: 2.702227, dev_acc: 25.00% (0.250000), dev_f1: 13.33% (0.133333), test_acc: 30.00% (0.300000), test_f1: 15.38% (0.153846)
Epoch 2 completed in 0.75 seconds (0.01 minutes)
>>>>>>>>>>>>>>>>>>>>>>>>>>>>>>>>>>>>>>>>>>>>>>>>>>>>>>>>>>>>>>>>>>>>>>>>>>>>>>>>>>>>>>>>>>>>>>>>>>>>
epoch: 3
Batch 0 completed in 0.30 seconds (0.01 minutes)
New best dev_f1: 0.416122 (previous best: 0.262626)
loss: 1.227635, dev_acc: 55.00% (0.550000), dev_f1: 41.61% (0.416122), test_acc: 25.00% (0.250000), test_f1: 19.61% (0.196078)
Epoch 3 completed in 0.75 seconds (0.01 minutes)
>>>>>>>>>>>>>>>>>>>>>>>>>>>>>>>>>>>>>>>>>>>>>>>>>>>>>>>>>>>>>>>>>>>>>>>>>>>>>>>>>>>>>>>>>>>>>>>>>>>>
epoch: 4
Batch 0 completed in 0.30 seconds (0.01 minutes)
loss: 0.609022, dev_acc: 30.00% (0.300000), dev_f1: 20.55% (0.205534), test_acc: 30.00% (0.300000), test_f1: 16.00% (0.160000)
Epoch 4 completed in 0.76 seconds (0.01 minutes)
>>>>>>>>>>>>>>>>>>>>>>>>>>>>>>>>>>>>>>>>>>>>>>>>>>>>>>>>>>>>>>>>>>>>>>>>>>>>>>>>>>>>>>>>>>>>>>>>>>>>
epoch: 5
Batch 0 completed in 0.30 seconds (0.01 minutes)
loss: 0.385967, dev_acc: 45.00% (0.450000), dev_f1: 21.43% (0.214286), test_acc: 65.00% (0.650000), test_f1: 35.33% (0.353303)
Epoch 5 completed in 0.75 seconds (0.01 minutes)
>>>>>>>>>>>>>>>>>>>>>>>>>>>>>>>>>>>>>>>>>>>>>>>>>>>>>>>>>>>>>>>>>>>>>>>>>>>>>>>>>>>>>>>>>>>>>>>>>>>>
epoch: 6
Batch 0 completed in 0.30 seconds (0.01 minutes)
loss: 0.242067, dev_acc: 35.00% (0.350000), dev_f1: 27.62% (0.276190), test_acc: 45.00% (0.450000), test_f1: 30.72% (0.307246)
Epoch 6 completed in 0.75 seconds (0.01 minutes)
>>>>>>>>>>>>>>>>>>>>>>>>>>>>>>>>>>>>>>>>>>>>>>>>>>>>>>>>>>>>>>>>>>>>>>>>>>>>>>>>>>>>>>>>>>>>>>>>>>>>
epoch: 7
Batch 0 completed in 0.30 seconds (0.01 minutes)
loss: 0.125126, dev_acc: 40.00% (0.400000), dev_f1: 33.46% (0.334641), test_acc: 60.00% (0.600000), test_f1: 41.83% (0.418301)
Epoch 7 completed in 0.75 seconds (0.01 minutes)
RESULT: Max Dev F1: 0.416122, Max Test F1: 0.196078
Dev F1: 0.416122, Test F1: 0.196078

Best Hyperparameters:
learning_rate: 0.0001
batch_size: 32
dropout_rate: 0.5
Best Dev F1: 0.490842
Corresponding Test F1: 0.365079
