SLURM Job ID: 20078112
The first version with resnset
Model: MOASC4
Dataset: MOA-MVSA-multiple
directory /home/rgg2706/Multimodal-Sentiment-Analysis/Datasets/MOA-MVSA-single exists
directory /home/rgg2706/Multimodal-Sentiment-Analysis/Datasets/MOA-MVSA-multiple exists
directory /home/rgg2706/Multimodal-Sentiment-Analysis/Models/MOASC4/SaveFiles/SentimentClassifier exists
19
Loading dataset from: /home/rgg2706/Multimodal-Sentiment-Analysis/Datasets/MOA-MVSA-multiple
/home/rgg2706/Multimodal-Sentiment-Analysis/Datasets/MOA-MVSA-multiple/text
/home/rgg2706/Multimodal-Sentiment-Analysis/Datasets/MOA-MVSA-multiple/image
[DEBUG] Now in dataset directory for labels: /home/rgg2706/Multimodal-Sentiment-Analysis/Datasets/MOA-MVSA-multiple
[DEBUG] About to read labels from: /home/rgg2706/Multimodal-Sentiment-Analysis/Datasets/MOA-MVSA-multiple/labels.csv
Dataset directory is: /home/rgg2706/Multimodal-Sentiment-Analysis/Datasets/MOA-MVSA-multiple
Files in dataset directory: ['labels.csv', 'text', 'image']
     ID  text  image
0  2499     1      1
1  2500     2      1
2  2502     1      1
3  2504     1      2
4  2505     1      2
5  2506     2      2
6  2508     0      2
7  2509     0      0
8  2510     2      2
9  2511     2      1
Error loading image /home/rgg2706/Multimodal-Sentiment-Analysis/Datasets/MOA-MVSA-multiple/image/3910.jpg: cannot identify image file '/home/rgg2706/Multimodal-Sentiment-Analysis/Datasets/MOA-MVSA-multiple/image/3910.jpg'
  [*] Using fallback image: /home/rgg2706/Multimodal-Sentiment-Analysis/Datasets/0default.jpg
Error loading image /home/rgg2706/Multimodal-Sentiment-Analysis/Datasets/MOA-MVSA-multiple/image/5995.jpg: cannot identify image file '/home/rgg2706/Multimodal-Sentiment-Analysis/Datasets/MOA-MVSA-multiple/image/5995.jpg'
  [*] Using fallback image: /home/rgg2706/Multimodal-Sentiment-Analysis/Datasets/0default.jpg
Error loading image /home/rgg2706/Multimodal-Sentiment-Analysis/Datasets/MOA-MVSA-multiple/image/15324.jpg: image file is truncated (4 bytes not processed)
  [*] Using fallback image: /home/rgg2706/Multimodal-Sentiment-Analysis/Datasets/0default.jpg

[DEBUG] First 5 training texts:
    ID: 2499 | Overall sentiment: 1 | Text: knocked doors with the venerable  team trudeau lpc candidate kylejpeterson this aft in my hometown  aurora! elxn
    ID: 2500 | Overall sentiment: 1 | Text: canvassing for  elect kelly yeg yegfed elxn
    ID: 2502 | Overall sentiment: 1 | Text: i think it is time for change   ana  commit to  vote  generation trudeau  sfu lpc elxn http annoyedorhesitantt.cohvo i ud x ib
    ID: 2505 | Overall sentiment: 1 | Text: cannot wait to vote for kenthehr and  justin trudeau on  october . cdnpoli elxn  real change  go  team hehr
    ID: 2506 | Overall sentiment: 2 | Text: vote for  ndp is vote for another  harper. elxn  andrew  thomson  mulcairs financial adviser http annoyedorhesitantt.coeq t jiv vh
Train samples: 13791
Validation samples: 1533
Test samples: 1703
Total samples: 17027
Train label distribution: Negative=1051, Positive=9186, Neutral=3554
Val   label distribution: Negative=130, Positive=1016, Neutral=387
Test  label distribution: Negative=118, Positive=1118, Neutral=467
Overall label distribution: Negative=1299, Positive=11320, Neutral=4408
    Iteration 20 of epoch 1 completed. Loss : 1.0920701026916504 Accuracy : 46.88
    Iteration 40 of epoch 1 completed. Loss : 1.061950445175171 Accuracy : 62.50
    Iteration 60 of epoch 1 completed. Loss : 1.0925748348236084 Accuracy : 65.62
    Iteration 80 of epoch 1 completed. Loss : 1.1242730617523193 Accuracy : 43.75
    Iteration 100 of epoch 1 completed. Loss : 1.12640380859375 Accuracy : 59.38
    Iteration 120 of epoch 1 completed. Loss : 0.9819000959396362 Accuracy : 93.75
    Iteration 140 of epoch 1 completed. Loss : 1.111725926399231 Accuracy : 37.50
    Iteration 160 of epoch 1 completed. Loss : 1.0474265813827515 Accuracy : 53.12
    Iteration 180 of epoch 1 completed. Loss : 1.091591238975525 Accuracy : 56.25
    Iteration 200 of epoch 1 completed. Loss : 1.104590654373169 Accuracy : 50.00
    Iteration 220 of epoch 1 completed. Loss : 0.9922127723693848 Accuracy : 56.25
    Iteration 240 of epoch 1 completed. Loss : 0.9248483777046204 Accuracy : 59.38
    Iteration 260 of epoch 1 completed. Loss : 0.9497908353805542 Accuracy : 56.25
    Iteration 280 of epoch 1 completed. Loss : 1.0448976755142212 Accuracy : 40.62
    Iteration 300 of epoch 1 completed. Loss : 1.0650303363800049 Accuracy : 46.88
    Iteration 320 of epoch 1 completed. Loss : 0.8620413541793823 Accuracy : 68.75
    Iteration 340 of epoch 1 completed. Loss : 0.8804829120635986 Accuracy : 53.12
    Iteration 360 of epoch 1 completed. Loss : 0.9030500650405884 Accuracy : 59.38
    Iteration 380 of epoch 1 completed. Loss : 1.1491931676864624 Accuracy : 59.38
    Iteration 400 of epoch 1 completed. Loss : 0.8287431597709656 Accuracy : 68.75
    Iteration 420 of epoch 1 completed. Loss : 0.8994051814079285 Accuracy : 62.50
Best validation accuracy improved from 0.0 to 0.44104705459770116
Epoch 1 completed. Test dataset:
	 Loss: 1.0645
	 Accuracy : 45.30
	 Average recall: 0.4628
	 F1_PN: 0.3744
	 Macro-F1: 0.3553
	 Weighted-F1: 0.5002

Best test accuracy improved from 0.0 to 0.45295965608465605, saving model...
    Iteration 20 of epoch 2 completed. Loss : 1.0510822534561157 Accuracy : 46.88
    Iteration 40 of epoch 2 completed. Loss : 1.0704034566879272 Accuracy : 28.12
    Iteration 60 of epoch 2 completed. Loss : 0.9142220616340637 Accuracy : 53.12
    Iteration 80 of epoch 2 completed. Loss : 1.048317313194275 Accuracy : 53.12
    Iteration 100 of epoch 2 completed. Loss : 1.0839948654174805 Accuracy : 59.38
    Iteration 120 of epoch 2 completed. Loss : 1.0051894187927246 Accuracy : 62.50
    Iteration 140 of epoch 2 completed. Loss : 0.9409971833229065 Accuracy : 59.38
    Iteration 160 of epoch 2 completed. Loss : 1.0358119010925293 Accuracy : 40.62
    Iteration 180 of epoch 2 completed. Loss : 0.8119004368782043 Accuracy : 59.38
    Iteration 200 of epoch 2 completed. Loss : 0.8620786070823669 Accuracy : 62.50
    Iteration 220 of epoch 2 completed. Loss : 0.8114100694656372 Accuracy : 68.75
    Iteration 240 of epoch 2 completed. Loss : 0.8230583071708679 Accuracy : 62.50
    Iteration 260 of epoch 2 completed. Loss : 0.8881365060806274 Accuracy : 71.88
    Iteration 280 of epoch 2 completed. Loss : 0.9742739796638489 Accuracy : 75.00
    Iteration 300 of epoch 2 completed. Loss : 1.0361632108688354 Accuracy : 46.88
    Iteration 320 of epoch 2 completed. Loss : 0.6994636058807373 Accuracy : 62.50
    Iteration 340 of epoch 2 completed. Loss : 0.7495417594909668 Accuracy : 56.25
    Iteration 360 of epoch 2 completed. Loss : 0.7643769979476929 Accuracy : 71.88
    Iteration 380 of epoch 2 completed. Loss : 0.8726800084114075 Accuracy : 62.50
    Iteration 400 of epoch 2 completed. Loss : 0.8128067851066589 Accuracy : 65.62
    Iteration 420 of epoch 2 completed. Loss : 0.8742164969444275 Accuracy : 62.50
Best validation accuracy improved from 0.44104705459770116 to 0.5614897629310345
Epoch 2 completed. Test dataset:
	 Loss: 0.9406
	 Accuracy : 58.49
	 Average recall: 0.5211
	 F1_PN: 0.4632
	 Macro-F1: 0.4544
	 Weighted-F1: 0.6064

Best test accuracy improved from 0.45295965608465605 to 0.5849041005291005, saving model...
    Iteration 20 of epoch 3 completed. Loss : 0.9837315678596497 Accuracy : 62.50
    Iteration 40 of epoch 3 completed. Loss : 1.1680179834365845 Accuracy : 31.25
    Iteration 60 of epoch 3 completed. Loss : 0.7798469662666321 Accuracy : 68.75
    Iteration 80 of epoch 3 completed. Loss : 1.0282403230667114 Accuracy : 46.88
    Iteration 100 of epoch 3 completed. Loss : 1.031706690788269 Accuracy : 71.88
    Iteration 120 of epoch 3 completed. Loss : 0.812581479549408 Accuracy : 78.12
    Iteration 140 of epoch 3 completed. Loss : 0.9223045706748962 Accuracy : 65.62
    Iteration 160 of epoch 3 completed. Loss : 0.9113293886184692 Accuracy : 71.88
    Iteration 180 of epoch 3 completed. Loss : 0.7270785570144653 Accuracy : 71.88
    Iteration 200 of epoch 3 completed. Loss : 0.8523340225219727 Accuracy : 68.75
    Iteration 220 of epoch 3 completed. Loss : 0.682776689529419 Accuracy : 84.38
    Iteration 240 of epoch 3 completed. Loss : 0.7909848093986511 Accuracy : 68.75
    Iteration 260 of epoch 3 completed. Loss : 0.8262096047401428 Accuracy : 75.00
    Iteration 280 of epoch 3 completed. Loss : 0.922844409942627 Accuracy : 75.00
    Iteration 300 of epoch 3 completed. Loss : 1.0304540395736694 Accuracy : 62.50
    Iteration 320 of epoch 3 completed. Loss : 0.6754046678543091 Accuracy : 62.50
    Iteration 340 of epoch 3 completed. Loss : 0.7238740921020508 Accuracy : 59.38
    Iteration 360 of epoch 3 completed. Loss : 0.9469192624092102 Accuracy : 65.62
    Iteration 380 of epoch 3 completed. Loss : 0.779815673828125 Accuracy : 75.00
    Iteration 400 of epoch 3 completed. Loss : 0.7685761451721191 Accuracy : 78.12
    Iteration 420 of epoch 3 completed. Loss : 0.9095775485038757 Accuracy : 68.75
Best validation accuracy improved from 0.5614897629310345 to 0.5739942528735632
Epoch 3 completed. Test dataset:
	 Loss: 0.9491
	 Accuracy : 57.68
	 Average recall: 0.4883
	 F1_PN: 0.4677
	 Macro-F1: 0.4461
	 Weighted-F1: 0.5999

    Iteration 20 of epoch 4 completed. Loss : 0.8577433824539185 Accuracy : 71.88
    Iteration 40 of epoch 4 completed. Loss : 0.933488667011261 Accuracy : 56.25
    Iteration 60 of epoch 4 completed. Loss : 0.9805529713630676 Accuracy : 78.12
    Iteration 80 of epoch 4 completed. Loss : 0.7022512555122375 Accuracy : 78.12
    Iteration 100 of epoch 4 completed. Loss : 0.7525762319564819 Accuracy : 71.88
    Iteration 120 of epoch 4 completed. Loss : 0.6435975432395935 Accuracy : 81.25
    Iteration 140 of epoch 4 completed. Loss : 0.8465266227722168 Accuracy : 65.62
    Iteration 160 of epoch 4 completed. Loss : 0.8081644773483276 Accuracy : 71.88
    Iteration 180 of epoch 4 completed. Loss : 0.6292092204093933 Accuracy : 84.38
    Iteration 200 of epoch 4 completed. Loss : 0.6495505571365356 Accuracy : 87.50
    Iteration 220 of epoch 4 completed. Loss : 0.6680006980895996 Accuracy : 81.25
    Iteration 240 of epoch 4 completed. Loss : 0.7630888819694519 Accuracy : 71.88
    Iteration 260 of epoch 4 completed. Loss : 0.781684935092926 Accuracy : 78.12
    Iteration 280 of epoch 4 completed. Loss : 0.880771815776825 Accuracy : 68.75
    Iteration 300 of epoch 4 completed. Loss : 0.8725470304489136 Accuracy : 68.75
    Iteration 320 of epoch 4 completed. Loss : 0.6674799919128418 Accuracy : 65.62
    Iteration 340 of epoch 4 completed. Loss : 0.7494145631790161 Accuracy : 53.12
    Iteration 360 of epoch 4 completed. Loss : 0.7812470197677612 Accuracy : 81.25
    Iteration 380 of epoch 4 completed. Loss : 1.12201726436615 Accuracy : 68.75
    Iteration 400 of epoch 4 completed. Loss : 0.6442188620567322 Accuracy : 90.62
    Iteration 420 of epoch 4 completed. Loss : 0.7358406782150269 Accuracy : 78.12
Best validation accuracy improved from 0.5739942528735632 to 0.6124730603448275
Epoch 4 completed. Test dataset:
	 Loss: 0.9224
	 Accuracy : 61.30
	 Average recall: 0.5007
	 F1_PN: 0.5044
	 Macro-F1: 0.4491
	 Weighted-F1: 0.6184

Best test accuracy improved from 0.5849041005291005 to 0.613012566137566, saving model...
    Iteration 20 of epoch 5 completed. Loss : 0.7764289975166321 Accuracy : 75.00
    Iteration 40 of epoch 5 completed. Loss : 0.8638965487480164 Accuracy : 68.75
    Iteration 60 of epoch 5 completed. Loss : 0.9316818118095398 Accuracy : 84.38
    Iteration 80 of epoch 5 completed. Loss : 0.6257789731025696 Accuracy : 87.50
    Iteration 100 of epoch 5 completed. Loss : 0.6851802468299866 Accuracy : 81.25
    Iteration 120 of epoch 5 completed. Loss : 0.5685837268829346 Accuracy : 96.88
    Iteration 140 of epoch 5 completed. Loss : 0.7653644680976868 Accuracy : 78.12
    Iteration 160 of epoch 5 completed. Loss : 0.6988701820373535 Accuracy : 81.25
    Iteration 180 of epoch 5 completed. Loss : 0.5853461027145386 Accuracy : 90.62
    Iteration 200 of epoch 5 completed. Loss : 0.6315168738365173 Accuracy : 87.50
    Iteration 220 of epoch 5 completed. Loss : 0.6430646181106567 Accuracy : 87.50
    Iteration 240 of epoch 5 completed. Loss : 0.6885249018669128 Accuracy : 84.38
    Iteration 260 of epoch 5 completed. Loss : 0.6935030817985535 Accuracy : 90.62
    Iteration 280 of epoch 5 completed. Loss : 0.7638894319534302 Accuracy : 81.25
    Iteration 300 of epoch 5 completed. Loss : 0.7869126796722412 Accuracy : 75.00
    Iteration 320 of epoch 5 completed. Loss : 0.6218181848526001 Accuracy : 78.12
    Iteration 340 of epoch 5 completed. Loss : 0.8914654850959778 Accuracy : 75.00
    Iteration 360 of epoch 5 completed. Loss : 0.7760322093963623 Accuracy : 75.00
    Iteration 380 of epoch 5 completed. Loss : 0.7315355539321899 Accuracy : 78.12
    Iteration 400 of epoch 5 completed. Loss : 0.6521397233009338 Accuracy : 90.62
    Iteration 420 of epoch 5 completed. Loss : 0.6578653454780579 Accuracy : 81.25
Epoch 5 completed. Test dataset:
	 Loss: 0.9410
	 Accuracy : 59.80
	 Average recall: 0.4833
	 F1_PN: 0.4789
	 Macro-F1: 0.4540
	 Weighted-F1: 0.6167

    Iteration 20 of epoch 6 completed. Loss : 0.7870216369628906 Accuracy : 75.00
    Iteration 40 of epoch 6 completed. Loss : 0.6573365926742554 Accuracy : 84.38
    Iteration 60 of epoch 6 completed. Loss : 0.9103873372077942 Accuracy : 87.50
    Iteration 80 of epoch 6 completed. Loss : 0.6262817978858948 Accuracy : 84.38
    Iteration 100 of epoch 6 completed. Loss : 0.6686902046203613 Accuracy : 84.38
    Iteration 120 of epoch 6 completed. Loss : 0.5803451538085938 Accuracy : 93.75
    Iteration 140 of epoch 6 completed. Loss : 0.8133395910263062 Accuracy : 68.75
    Iteration 160 of epoch 6 completed. Loss : 0.579746663570404 Accuracy : 96.88
    Iteration 180 of epoch 6 completed. Loss : 0.5683413743972778 Accuracy : 96.88
    Iteration 200 of epoch 6 completed. Loss : 0.5916508436203003 Accuracy : 93.75
    Iteration 220 of epoch 6 completed. Loss : 0.5788916945457458 Accuracy : 96.88
    Iteration 240 of epoch 6 completed. Loss : 0.6399303078651428 Accuracy : 90.62
    Iteration 260 of epoch 6 completed. Loss : 0.6858609914779663 Accuracy : 87.50
    Iteration 280 of epoch 6 completed. Loss : 0.626455545425415 Accuracy : 90.62
    Iteration 300 of epoch 6 completed. Loss : 0.7185309529304504 Accuracy : 81.25
    Iteration 320 of epoch 6 completed. Loss : 0.6034117341041565 Accuracy : 84.38
    Iteration 340 of epoch 6 completed. Loss : 0.7434494495391846 Accuracy : 78.12
    Iteration 360 of epoch 6 completed. Loss : 0.6541101336479187 Accuracy : 87.50
    Iteration 380 of epoch 6 completed. Loss : 1.0253876447677612 Accuracy : 84.38
    Iteration 400 of epoch 6 completed. Loss : 0.7505884170532227 Accuracy : 81.25
    Iteration 420 of epoch 6 completed. Loss : 0.7469520568847656 Accuracy : 78.12
Epoch 6 completed. Test dataset:
	 Loss: 0.9327
	 Accuracy : 61.01
	 Average recall: 0.4743
	 F1_PN: 0.4954
	 Macro-F1: 0.4497
	 Weighted-F1: 0.6189

    Iteration 20 of epoch 7 completed. Loss : 0.6643685698509216 Accuracy : 90.62
    Iteration 40 of epoch 7 completed. Loss : 0.668846845626831 Accuracy : 84.38
    Iteration 60 of epoch 7 completed. Loss : 1.0089863538742065 Accuracy : 84.38
    Iteration 80 of epoch 7 completed. Loss : 0.6148353815078735 Accuracy : 93.75
    Iteration 100 of epoch 7 completed. Loss : 0.6455478072166443 Accuracy : 87.50
    Iteration 120 of epoch 7 completed. Loss : 0.5703450441360474 Accuracy : 96.88
    Iteration 140 of epoch 7 completed. Loss : 0.678329586982727 Accuracy : 87.50
    Iteration 160 of epoch 7 completed. Loss : 0.5887348055839539 Accuracy : 96.88
    Iteration 180 of epoch 7 completed. Loss : 0.6103371381759644 Accuracy : 90.62
    Iteration 200 of epoch 7 completed. Loss : 0.6277151107788086 Accuracy : 87.50
    Iteration 220 of epoch 7 completed. Loss : 0.5945643782615662 Accuracy : 93.75
    Iteration 240 of epoch 7 completed. Loss : 0.6832706928253174 Accuracy : 84.38
    Iteration 260 of epoch 7 completed. Loss : 0.6925895810127258 Accuracy : 90.62
    Iteration 280 of epoch 7 completed. Loss : 0.6115379929542542 Accuracy : 90.62
    Iteration 300 of epoch 7 completed. Loss : 0.7280623912811279 Accuracy : 81.25
    Iteration 320 of epoch 7 completed. Loss : 0.5833378434181213 Accuracy : 90.62
    Iteration 340 of epoch 7 completed. Loss : 0.7072066068649292 Accuracy : 84.38
    Iteration 360 of epoch 7 completed. Loss : 0.6752912998199463 Accuracy : 84.38
    Iteration 380 of epoch 7 completed. Loss : 0.9688817858695984 Accuracy : 87.50
    Iteration 400 of epoch 7 completed. Loss : 0.6726043820381165 Accuracy : 87.50
    Iteration 420 of epoch 7 completed. Loss : 0.63051837682724 Accuracy : 84.38
Epoch 7 completed. Test dataset:
	 Loss: 0.9507
	 Accuracy : 59.13
	 Average recall: 0.4679
	 F1_PN: 0.4917
	 Macro-F1: 0.4434
	 Weighted-F1: 0.6021

    Iteration 20 of epoch 8 completed. Loss : 0.6571422815322876 Accuracy : 90.62
    Iteration 40 of epoch 8 completed. Loss : 0.665507435798645 Accuracy : 84.38
    Iteration 60 of epoch 8 completed. Loss : 0.9352210164070129 Accuracy : 90.62
    Iteration 80 of epoch 8 completed. Loss : 0.5840523838996887 Accuracy : 93.75
    Iteration 100 of epoch 8 completed. Loss : 0.6644026637077332 Accuracy : 84.38
    Iteration 120 of epoch 8 completed. Loss : 0.5709415078163147 Accuracy : 96.88
    Iteration 140 of epoch 8 completed. Loss : 0.6257675886154175 Accuracy : 90.62
    Iteration 160 of epoch 8 completed. Loss : 0.5845448970794678 Accuracy : 96.88
    Iteration 180 of epoch 8 completed. Loss : 0.5575498938560486 Accuracy : 100.00
    Iteration 200 of epoch 8 completed. Loss : 0.5593498349189758 Accuracy : 100.00
    Iteration 220 of epoch 8 completed. Loss : 0.5802703499794006 Accuracy : 96.88
    Iteration 240 of epoch 8 completed. Loss : 0.6555823087692261 Accuracy : 87.50
    Iteration 260 of epoch 8 completed. Loss : 0.6606205701828003 Accuracy : 90.62
    Iteration 280 of epoch 8 completed. Loss : 0.610352635383606 Accuracy : 90.62
    Iteration 300 of epoch 8 completed. Loss : 0.6721470355987549 Accuracy : 87.50
    Iteration 320 of epoch 8 completed. Loss : 0.5926198959350586 Accuracy : 87.50
    Iteration 340 of epoch 8 completed. Loss : 0.6550407409667969 Accuracy : 84.38
    Iteration 360 of epoch 8 completed. Loss : 0.6587455868721008 Accuracy : 87.50
    Iteration 380 of epoch 8 completed. Loss : 0.9465256333351135 Accuracy : 90.62
    Iteration 400 of epoch 8 completed. Loss : 0.6366804838180542 Accuracy : 90.62
    Iteration 420 of epoch 8 completed. Loss : 0.62022465467453 Accuracy : 87.50
Epoch 8 completed. Test dataset:
	 Loss: 0.9424
	 Accuracy : 59.53
	 Average recall: 0.4537
	 F1_PN: 0.4966
	 Macro-F1: 0.4341
	 Weighted-F1: 0.5997

    Iteration 20 of epoch 9 completed. Loss : 0.6569957733154297 Accuracy : 90.62
    Iteration 40 of epoch 9 completed. Loss : 0.6514769792556763 Accuracy : 84.38
    Iteration 60 of epoch 9 completed. Loss : 0.8911666870117188 Accuracy : 96.88
    Iteration 80 of epoch 9 completed. Loss : 0.5799151062965393 Accuracy : 93.75
    Iteration 100 of epoch 9 completed. Loss : 0.6446080207824707 Accuracy : 87.50
    Iteration 120 of epoch 9 completed. Loss : 0.5683414936065674 Accuracy : 96.88
    Iteration 140 of epoch 9 completed. Loss : 0.6268625259399414 Accuracy : 90.62
    Iteration 160 of epoch 9 completed. Loss : 0.578726053237915 Accuracy : 96.88
    Iteration 180 of epoch 9 completed. Loss : 0.5537682175636292 Accuracy : 100.00
    Iteration 200 of epoch 9 completed. Loss : 0.5621384978294373 Accuracy : 100.00
    Iteration 220 of epoch 9 completed. Loss : 0.5740973949432373 Accuracy : 96.88
    Iteration 240 of epoch 9 completed. Loss : 0.6422414779663086 Accuracy : 90.62
    Iteration 260 of epoch 9 completed. Loss : 0.5964024066925049 Accuracy : 93.75
    Iteration 280 of epoch 9 completed. Loss : 0.6081686019897461 Accuracy : 90.62
    Iteration 300 of epoch 9 completed. Loss : 0.6525054574012756 Accuracy : 90.62
    Iteration 320 of epoch 9 completed. Loss : 0.5890218019485474 Accuracy : 90.62
    Iteration 340 of epoch 9 completed. Loss : 0.5935942530632019 Accuracy : 90.62
    Iteration 360 of epoch 9 completed. Loss : 0.6536874175071716 Accuracy : 87.50
    Iteration 380 of epoch 9 completed. Loss : 0.9431605339050293 Accuracy : 90.62
    Iteration 400 of epoch 9 completed. Loss : 0.6185965538024902 Accuracy : 93.75
    Iteration 420 of epoch 9 completed. Loss : 0.6200534701347351 Accuracy : 87.50
Epoch 9 completed. Test dataset:
	 Loss: 0.9381
	 Accuracy : 59.94
	 Average recall: 0.4527
	 F1_PN: 0.4996
	 Macro-F1: 0.4329
	 Weighted-F1: 0.6007

    Iteration 20 of epoch 10 completed. Loss : 0.6554092168807983 Accuracy : 90.62
    Iteration 40 of epoch 10 completed. Loss : 0.6510194540023804 Accuracy : 84.38
    Iteration 60 of epoch 10 completed. Loss : 0.8901417851448059 Accuracy : 96.88
    Iteration 80 of epoch 10 completed. Loss : 0.5903285145759583 Accuracy : 90.62
    Iteration 100 of epoch 10 completed. Loss : 0.6360035538673401 Accuracy : 87.50
    Iteration 120 of epoch 10 completed. Loss : 0.5682565569877625 Accuracy : 96.88
    Iteration 140 of epoch 10 completed. Loss : 0.6223469376564026 Accuracy : 90.62
    Iteration 160 of epoch 10 completed. Loss : 0.5592389702796936 Accuracy : 100.00
    Iteration 180 of epoch 10 completed. Loss : 0.553469717502594 Accuracy : 100.00
    Iteration 200 of epoch 10 completed. Loss : 0.5567274689674377 Accuracy : 100.00
    Iteration 220 of epoch 10 completed. Loss : 0.5771304965019226 Accuracy : 96.88
    Iteration 240 of epoch 10 completed. Loss : 0.6380376219749451 Accuracy : 90.62
    Iteration 260 of epoch 10 completed. Loss : 0.5974608659744263 Accuracy : 93.75
    Iteration 280 of epoch 10 completed. Loss : 0.6017035841941833 Accuracy : 90.62
    Iteration 300 of epoch 10 completed. Loss : 0.6725394129753113 Accuracy : 87.50
    Iteration 320 of epoch 10 completed. Loss : 0.5763791799545288 Accuracy : 93.75
    Iteration 340 of epoch 10 completed. Loss : 0.5943458676338196 Accuracy : 90.62
    Iteration 360 of epoch 10 completed. Loss : 0.6572929620742798 Accuracy : 87.50
    Iteration 380 of epoch 10 completed. Loss : 0.9408791065216064 Accuracy : 90.62
    Iteration 400 of epoch 10 completed. Loss : 0.6095699667930603 Accuracy : 93.75
    Iteration 420 of epoch 10 completed. Loss : 0.6190282702445984 Accuracy : 87.50
Best validation accuracy improved from 0.6124730603448275 to 0.6174119971264368
Epoch 10 completed. Test dataset:
	 Loss: 0.9360
	 Accuracy : 59.82
	 Average recall: 0.4499
	 F1_PN: 0.4999
	 Macro-F1: 0.4305
	 Weighted-F1: 0.5991

    Iteration 20 of epoch 11 completed. Loss : 0.6548951864242554 Accuracy : 90.62
    Iteration 40 of epoch 11 completed. Loss : 0.6524267196655273 Accuracy : 84.38
    Iteration 60 of epoch 11 completed. Loss : 0.8951078057289124 Accuracy : 93.75
    Iteration 80 of epoch 11 completed. Loss : 0.5909949541091919 Accuracy : 93.75
    Iteration 100 of epoch 11 completed. Loss : 0.629611074924469 Accuracy : 90.62
    Iteration 120 of epoch 11 completed. Loss : 0.5682554841041565 Accuracy : 96.88
    Iteration 140 of epoch 11 completed. Loss : 0.6334503889083862 Accuracy : 90.62
    Iteration 160 of epoch 11 completed. Loss : 0.5531409978866577 Accuracy : 100.00
    Iteration 180 of epoch 11 completed. Loss : 0.5557034611701965 Accuracy : 100.00
    Iteration 200 of epoch 11 completed. Loss : 0.5559949278831482 Accuracy : 100.00
    Iteration 220 of epoch 11 completed. Loss : 0.5744876861572266 Accuracy : 96.88
    Iteration 240 of epoch 11 completed. Loss : 0.6394777894020081 Accuracy : 90.62
    Iteration 260 of epoch 11 completed. Loss : 0.5918481349945068 Accuracy : 93.75
    Iteration 280 of epoch 11 completed. Loss : 0.606072723865509 Accuracy : 90.62
    Iteration 300 of epoch 11 completed. Loss : 0.6554743647575378 Accuracy : 90.62
    Iteration 320 of epoch 11 completed. Loss : 0.5856592655181885 Accuracy : 90.62
    Iteration 340 of epoch 11 completed. Loss : 0.5942778587341309 Accuracy : 90.62
    Iteration 360 of epoch 11 completed. Loss : 0.6532474160194397 Accuracy : 87.50
    Iteration 380 of epoch 11 completed. Loss : 0.9446385502815247 Accuracy : 90.62
    Iteration 400 of epoch 11 completed. Loss : 0.6142250895500183 Accuracy : 93.75
    Iteration 420 of epoch 11 completed. Loss : 0.6143498420715332 Accuracy : 90.62
Best validation accuracy improved from 0.6174119971264368 to 0.6180630387931034
Epoch 11 completed. Test dataset:
	 Loss: 0.9360
	 Accuracy : 59.88
	 Average recall: 0.4502
	 F1_PN: 0.5001
	 Macro-F1: 0.4307
	 Weighted-F1: 0.5994

    Iteration 20 of epoch 12 completed. Loss : 0.6555250883102417 Accuracy : 90.62
    Iteration 40 of epoch 12 completed. Loss : 0.6489392518997192 Accuracy : 84.38
    Iteration 60 of epoch 12 completed. Loss : 0.8923454284667969 Accuracy : 96.88
    Iteration 80 of epoch 12 completed. Loss : 0.5829544067382812 Accuracy : 93.75
    Iteration 100 of epoch 12 completed. Loss : 0.6292663812637329 Accuracy : 90.62
    Iteration 120 of epoch 12 completed. Loss : 0.5682129263877869 Accuracy : 96.88
    Iteration 140 of epoch 12 completed. Loss : 0.6256957054138184 Accuracy : 90.62
    Iteration 160 of epoch 12 completed. Loss : 0.5863147377967834 Accuracy : 96.88
    Iteration 180 of epoch 12 completed. Loss : 0.5525299906730652 Accuracy : 100.00
    Iteration 200 of epoch 12 completed. Loss : 0.5902671813964844 Accuracy : 96.88
    Iteration 220 of epoch 12 completed. Loss : 0.5748614072799683 Accuracy : 96.88
    Iteration 240 of epoch 12 completed. Loss : 0.6415619254112244 Accuracy : 90.62
    Iteration 260 of epoch 12 completed. Loss : 0.5917680859565735 Accuracy : 93.75
    Iteration 280 of epoch 12 completed. Loss : 0.5945674180984497 Accuracy : 93.75
    Iteration 300 of epoch 12 completed. Loss : 0.6645899415016174 Accuracy : 87.50
    Iteration 320 of epoch 12 completed. Loss : 0.5759115815162659 Accuracy : 93.75
    Iteration 340 of epoch 12 completed. Loss : 0.594373345375061 Accuracy : 90.62
    Iteration 360 of epoch 12 completed. Loss : 0.6555576324462891 Accuracy : 87.50
    Iteration 380 of epoch 12 completed. Loss : 0.9413161277770996 Accuracy : 90.62
    Iteration 400 of epoch 12 completed. Loss : 0.6197853684425354 Accuracy : 93.75
    Iteration 420 of epoch 12 completed. Loss : 0.6174061298370361 Accuracy : 87.50
Best validation accuracy improved from 0.6180630387931034 to 0.61871408045977
Epoch 12 completed. Test dataset:
	 Loss: 0.9360
	 Accuracy : 59.88
	 Average recall: 0.4502
	 F1_PN: 0.5001
	 Macro-F1: 0.4307
	 Weighted-F1: 0.5994

    Iteration 20 of epoch 13 completed. Loss : 0.6551724672317505 Accuracy : 90.62
    Iteration 40 of epoch 13 completed. Loss : 0.6491712331771851 Accuracy : 84.38
    Iteration 60 of epoch 13 completed. Loss : 0.8877478241920471 Accuracy : 96.88
    Iteration 80 of epoch 13 completed. Loss : 0.5794981718063354 Accuracy : 93.75
    Iteration 100 of epoch 13 completed. Loss : 0.6461972594261169 Accuracy : 87.50
    Iteration 120 of epoch 13 completed. Loss : 0.5680631399154663 Accuracy : 96.88
    Iteration 140 of epoch 13 completed. Loss : 0.631433367729187 Accuracy : 90.62
    Iteration 160 of epoch 13 completed. Loss : 0.5641474723815918 Accuracy : 100.00
    Iteration 180 of epoch 13 completed. Loss : 0.5587944388389587 Accuracy : 100.00
    Iteration 200 of epoch 13 completed. Loss : 0.5605791211128235 Accuracy : 100.00
    Iteration 220 of epoch 13 completed. Loss : 0.5793591141700745 Accuracy : 96.88
    Iteration 240 of epoch 13 completed. Loss : 0.6476051211357117 Accuracy : 87.50
    Iteration 260 of epoch 13 completed. Loss : 0.592016875743866 Accuracy : 93.75
    Iteration 280 of epoch 13 completed. Loss : 0.59614098072052 Accuracy : 93.75
    Iteration 300 of epoch 13 completed. Loss : 0.6723605990409851 Accuracy : 87.50
    Iteration 320 of epoch 13 completed. Loss : 0.5855775475502014 Accuracy : 90.62
    Iteration 340 of epoch 13 completed. Loss : 0.5936381816864014 Accuracy : 90.62
    Iteration 360 of epoch 13 completed. Loss : 0.6537367105484009 Accuracy : 87.50
    Iteration 380 of epoch 13 completed. Loss : 0.942115843296051 Accuracy : 90.62
    Iteration 400 of epoch 13 completed. Loss : 0.6109599471092224 Accuracy : 93.75
    Iteration 420 of epoch 13 completed. Loss : 0.622843325138092 Accuracy : 87.50
Epoch 13 completed. Test dataset:
	 Loss: 0.9360
	 Accuracy : 59.88
	 Average recall: 0.4502
	 F1_PN: 0.5001
	 Macro-F1: 0.4307
	 Weighted-F1: 0.5994

    Iteration 20 of epoch 14 completed. Loss : 0.6541783809661865 Accuracy : 90.62
    Iteration 40 of epoch 14 completed. Loss : 0.6558334231376648 Accuracy : 84.38
    Iteration 60 of epoch 14 completed. Loss : 0.8892428874969482 Accuracy : 96.88
    Iteration 80 of epoch 14 completed. Loss : 0.5888593196868896 Accuracy : 93.75
    Iteration 100 of epoch 14 completed. Loss : 0.6506922245025635 Accuracy : 87.50
    Iteration 120 of epoch 14 completed. Loss : 0.568160891532898 Accuracy : 96.88
    Iteration 140 of epoch 14 completed. Loss : 0.6239350438117981 Accuracy : 90.62
    Iteration 160 of epoch 14 completed. Loss : 0.5555014610290527 Accuracy : 100.00
    Iteration 180 of epoch 14 completed. Loss : 0.5534628629684448 Accuracy : 100.00
    Iteration 200 of epoch 14 completed. Loss : 0.5626171827316284 Accuracy : 100.00
    Iteration 220 of epoch 14 completed. Loss : 0.580674409866333 Accuracy : 96.88
    Iteration 240 of epoch 14 completed. Loss : 0.6382238268852234 Accuracy : 90.62
    Iteration 260 of epoch 14 completed. Loss : 0.5918821692466736 Accuracy : 93.75
    Iteration 280 of epoch 14 completed. Loss : 0.609672486782074 Accuracy : 90.62
    Iteration 300 of epoch 14 completed. Loss : 0.6675567626953125 Accuracy : 87.50
    Iteration 320 of epoch 14 completed. Loss : 0.5763872265815735 Accuracy : 93.75
    Iteration 340 of epoch 14 completed. Loss : 0.5950303673744202 Accuracy : 90.62
    Iteration 360 of epoch 14 completed. Loss : 0.654226541519165 Accuracy : 87.50
    Iteration 380 of epoch 14 completed. Loss : 0.9425442814826965 Accuracy : 90.62
    Iteration 400 of epoch 14 completed. Loss : 0.6118118166923523 Accuracy : 93.75
    Iteration 420 of epoch 14 completed. Loss : 0.6223581433296204 Accuracy : 87.50
Epoch 14 completed. Test dataset:
	 Loss: 0.9360
	 Accuracy : 59.88
	 Average recall: 0.4502
	 F1_PN: 0.5001
	 Macro-F1: 0.4307
	 Weighted-F1: 0.5994

    Iteration 20 of epoch 15 completed. Loss : 0.655194878578186 Accuracy : 90.62
    Iteration 40 of epoch 15 completed. Loss : 0.6529600024223328 Accuracy : 84.38
    Iteration 60 of epoch 15 completed. Loss : 0.8882601261138916 Accuracy : 96.88
    Iteration 80 of epoch 15 completed. Loss : 0.5813469290733337 Accuracy : 93.75
    Iteration 100 of epoch 15 completed. Loss : 0.6329424381256104 Accuracy : 87.50
    Iteration 120 of epoch 15 completed. Loss : 0.5683588981628418 Accuracy : 96.88
    Iteration 140 of epoch 15 completed. Loss : 0.619161069393158 Accuracy : 90.62
    Iteration 160 of epoch 15 completed. Loss : 0.575383722782135 Accuracy : 96.88
    Iteration 180 of epoch 15 completed. Loss : 0.5547893047332764 Accuracy : 100.00
    Iteration 200 of epoch 15 completed. Loss : 0.5848331451416016 Accuracy : 96.88
    Iteration 220 of epoch 15 completed. Loss : 0.5749685764312744 Accuracy : 96.88
    Iteration 240 of epoch 15 completed. Loss : 0.640197217464447 Accuracy : 90.62
    Iteration 260 of epoch 15 completed. Loss : 0.5923250913619995 Accuracy : 93.75
    Iteration 280 of epoch 15 completed. Loss : 0.5967218279838562 Accuracy : 93.75
    Iteration 300 of epoch 15 completed. Loss : 0.6587657332420349 Accuracy : 90.62
    Iteration 320 of epoch 15 completed. Loss : 0.5899175405502319 Accuracy : 87.50
    Iteration 340 of epoch 15 completed. Loss : 0.5941581130027771 Accuracy : 90.62
    Iteration 360 of epoch 15 completed. Loss : 0.6537919044494629 Accuracy : 87.50
    Iteration 380 of epoch 15 completed. Loss : 0.9434101581573486 Accuracy : 90.62
    Iteration 400 of epoch 15 completed. Loss : 0.6097427606582642 Accuracy : 93.75
    Iteration 420 of epoch 15 completed. Loss : 0.6190773844718933 Accuracy : 87.50
Epoch 15 completed. Test dataset:
	 Loss: 0.9360
	 Accuracy : 59.88
	 Average recall: 0.4502
	 F1_PN: 0.5001
	 Macro-F1: 0.4307
	 Weighted-F1: 0.5994

Train/val/test loss curve saved to /home/rgg2706/Multimodal-Sentiment-Analysis/Logs/MOASC4/2025-03-21/sub-2/019_Mar-21-2025_03:56_AM/train_val_test_loss_curve.png
Confusion matrix saved to /home/rgg2706/Multimodal-Sentiment-Analysis/Logs/MOASC4/2025-03-21/sub-2/019_Mar-21-2025_03:56_AM/confusion_matrix.png
