SLURM Job ID: 20078101
The first version with resnset
Model: MOASC4
Dataset: MOA-MVSA-multiple
directory /home/rgg2706/Multimodal-Sentiment-Analysis/Datasets/MOA-MVSA-single exists
directory /home/rgg2706/Multimodal-Sentiment-Analysis/Datasets/MOA-MVSA-multiple exists
directory /home/rgg2706/Multimodal-Sentiment-Analysis/Models/MOASC4/SaveFiles/SentimentClassifier exists
8
Loading dataset from: /home/rgg2706/Multimodal-Sentiment-Analysis/Datasets/MOA-MVSA-multiple
/home/rgg2706/Multimodal-Sentiment-Analysis/Datasets/MOA-MVSA-multiple/text
/home/rgg2706/Multimodal-Sentiment-Analysis/Datasets/MOA-MVSA-multiple/image
[DEBUG] Now in dataset directory for labels: /home/rgg2706/Multimodal-Sentiment-Analysis/Datasets/MOA-MVSA-multiple
[DEBUG] About to read labels from: /home/rgg2706/Multimodal-Sentiment-Analysis/Datasets/MOA-MVSA-multiple/labels.csv
Dataset directory is: /home/rgg2706/Multimodal-Sentiment-Analysis/Datasets/MOA-MVSA-multiple
Files in dataset directory: ['labels.csv', 'text', 'image']
     ID  text  image
0  2499     1      1
1  2500     2      1
2  2502     1      1
3  2504     1      2
4  2505     1      2
5  2506     2      2
6  2508     0      2
7  2509     0      0
8  2510     2      2
9  2511     2      1
Error loading image /home/rgg2706/Multimodal-Sentiment-Analysis/Datasets/MOA-MVSA-multiple/image/5995.jpg: cannot identify image file '/home/rgg2706/Multimodal-Sentiment-Analysis/Datasets/MOA-MVSA-multiple/image/5995.jpg'
  [*] Using fallback image: /home/rgg2706/Multimodal-Sentiment-Analysis/Datasets/0default.jpg
Error loading image /home/rgg2706/Multimodal-Sentiment-Analysis/Datasets/MOA-MVSA-multiple/image/15324.jpg: image file is truncated (4 bytes not processed)
  [*] Using fallback image: /home/rgg2706/Multimodal-Sentiment-Analysis/Datasets/0default.jpg
Error loading image /home/rgg2706/Multimodal-Sentiment-Analysis/Datasets/MOA-MVSA-multiple/image/3910.jpg: cannot identify image file '/home/rgg2706/Multimodal-Sentiment-Analysis/Datasets/MOA-MVSA-multiple/image/3910.jpg'
  [*] Using fallback image: /home/rgg2706/Multimodal-Sentiment-Analysis/Datasets/0default.jpg

[DEBUG] First 5 training texts:
    ID: 2499 | Overall sentiment: 1 | Text: knocked doors with the venerable  team trudeau lpc candidate kylejpeterson this aft in my hometown  aurora! elxn
    ID: 2500 | Overall sentiment: 1 | Text: canvassing for  elect kelly yeg yegfed elxn
    ID: 2502 | Overall sentiment: 1 | Text: i think it is time for change   ana  commit to  vote  generation trudeau  sfu lpc elxn http annoyedorhesitantt.cohvo i ud x ib
    ID: 2504 | Overall sentiment: 1 | Text: rdy to watch  thomas mulcair rock it tnight in the globeandmail debate at  winnipeg news  cafe  ndp cdnpoli elxn
    ID: 2505 | Overall sentiment: 1 | Text: cannot wait to vote for kenthehr and  justin trudeau on  october . cdnpoli elxn  real change  go  team hehr
Train samples: 13791
Validation samples: 1533
Test samples: 1703
Total samples: 17027
Train label distribution: Negative=1060, Positive=9133, Neutral=3598
Val   label distribution: Negative=107, Positive=1047, Neutral=379
Test  label distribution: Negative=132, Positive=1140, Neutral=431
Overall label distribution: Negative=1299, Positive=11320, Neutral=4408
    Iteration 20 of epoch 1 completed. Loss : 1.0933457612991333 Accuracy : 31.25
    Iteration 40 of epoch 1 completed. Loss : 1.054395318031311 Accuracy : 46.88
    Iteration 60 of epoch 1 completed. Loss : 1.1044634580612183 Accuracy : 43.75
    Iteration 80 of epoch 1 completed. Loss : 1.098543643951416 Accuracy : 40.62
    Iteration 100 of epoch 1 completed. Loss : 0.988147497177124 Accuracy : 65.62
    Iteration 120 of epoch 1 completed. Loss : 1.0427907705307007 Accuracy : 96.88
    Iteration 140 of epoch 1 completed. Loss : 1.1034489870071411 Accuracy : 53.12
    Iteration 160 of epoch 1 completed. Loss : 1.0975327491760254 Accuracy : 65.62
    Iteration 180 of epoch 1 completed. Loss : 1.0149577856063843 Accuracy : 75.00
    Iteration 200 of epoch 1 completed. Loss : 0.9305700659751892 Accuracy : 68.75
    Iteration 220 of epoch 1 completed. Loss : 0.8686968088150024 Accuracy : 62.50
    Iteration 240 of epoch 1 completed. Loss : 1.133724570274353 Accuracy : 31.25
    Iteration 260 of epoch 1 completed. Loss : 1.0053070783615112 Accuracy : 46.88
    Iteration 280 of epoch 1 completed. Loss : 0.8819789886474609 Accuracy : 62.50
    Iteration 300 of epoch 1 completed. Loss : 0.842445969581604 Accuracy : 56.25
    Iteration 320 of epoch 1 completed. Loss : 1.181951642036438 Accuracy : 56.25
    Iteration 340 of epoch 1 completed. Loss : 0.810688316822052 Accuracy : 75.00
    Iteration 360 of epoch 1 completed. Loss : 0.8141797780990601 Accuracy : 56.25
    Iteration 380 of epoch 1 completed. Loss : 0.9778931736946106 Accuracy : 50.00
    Iteration 400 of epoch 1 completed. Loss : 0.9497266411781311 Accuracy : 50.00
    Iteration 420 of epoch 1 completed. Loss : 1.0664048194885254 Accuracy : 40.62
Best validation accuracy improved from 0.0 to 0.6140445402298851
Epoch 1 completed. Test dataset:
	 Loss: 0.9081
	 Accuracy : 61.50
	 Average recall: 0.4300
	 F1_PN: 0.3823
	 Macro-F1: 0.3993
	 Weighted-F1: 0.6069

Best test accuracy improved from 0.0 to 0.6149966931216931, saving model...
    Iteration 20 of epoch 2 completed. Loss : 0.9578518867492676 Accuracy : 59.38
    Iteration 40 of epoch 2 completed. Loss : 0.9537699222564697 Accuracy : 65.62
    Iteration 60 of epoch 2 completed. Loss : 1.090827465057373 Accuracy : 68.75
    Iteration 80 of epoch 2 completed. Loss : 0.8379232883453369 Accuracy : 75.00
    Iteration 100 of epoch 2 completed. Loss : 0.9622077941894531 Accuracy : 53.12
    Iteration 120 of epoch 2 completed. Loss : 1.0018435716629028 Accuracy : 90.62
    Iteration 140 of epoch 2 completed. Loss : 1.072394609451294 Accuracy : 56.25
    Iteration 160 of epoch 2 completed. Loss : 1.0794312953948975 Accuracy : 59.38
    Iteration 180 of epoch 2 completed. Loss : 0.8661150336265564 Accuracy : 68.75
    Iteration 200 of epoch 2 completed. Loss : 0.7804688811302185 Accuracy : 68.75
    Iteration 220 of epoch 2 completed. Loss : 0.9467282295227051 Accuracy : 71.88
    Iteration 240 of epoch 2 completed. Loss : 1.1287422180175781 Accuracy : 43.75
    Iteration 260 of epoch 2 completed. Loss : 0.9338650107383728 Accuracy : 71.88
    Iteration 280 of epoch 2 completed. Loss : 0.8776860237121582 Accuracy : 65.62
    Iteration 300 of epoch 2 completed. Loss : 0.7893469929695129 Accuracy : 68.75
    Iteration 320 of epoch 2 completed. Loss : 1.1436570882797241 Accuracy : 50.00
    Iteration 340 of epoch 2 completed. Loss : 0.7532244920730591 Accuracy : 87.50
    Iteration 360 of epoch 2 completed. Loss : 0.8095957040786743 Accuracy : 65.62
    Iteration 380 of epoch 2 completed. Loss : 1.0483227968215942 Accuracy : 50.00
    Iteration 400 of epoch 2 completed. Loss : 1.2350430488586426 Accuracy : 31.25
    Iteration 420 of epoch 2 completed. Loss : 0.8598783016204834 Accuracy : 68.75
Best validation accuracy improved from 0.6140445402298851 to 0.6205549568965517
Epoch 2 completed. Test dataset:
	 Loss: 0.9385
	 Accuracy : 60.64
	 Average recall: 0.5216
	 F1_PN: 0.5032
	 Macro-F1: 0.4721
	 Weighted-F1: 0.6200

    Iteration 20 of epoch 3 completed. Loss : 0.8493872284889221 Accuracy : 75.00
    Iteration 40 of epoch 3 completed. Loss : 0.8735451698303223 Accuracy : 75.00
    Iteration 60 of epoch 3 completed. Loss : 1.1192926168441772 Accuracy : 56.25
    Iteration 80 of epoch 3 completed. Loss : 0.7827108502388 Accuracy : 62.50
    Iteration 100 of epoch 3 completed. Loss : 0.8815033435821533 Accuracy : 68.75
    Iteration 120 of epoch 3 completed. Loss : 0.7294259667396545 Accuracy : 84.38
    Iteration 140 of epoch 3 completed. Loss : 1.022970199584961 Accuracy : 59.38
    Iteration 160 of epoch 3 completed. Loss : 0.7657092809677124 Accuracy : 78.12
    Iteration 180 of epoch 3 completed. Loss : 0.6852542757987976 Accuracy : 81.25
    Iteration 200 of epoch 3 completed. Loss : 0.8506755828857422 Accuracy : 68.75
    Iteration 220 of epoch 3 completed. Loss : 0.7457170486450195 Accuracy : 71.88
    Iteration 240 of epoch 3 completed. Loss : 0.7566490769386292 Accuracy : 59.38
    Iteration 260 of epoch 3 completed. Loss : 0.8088859915733337 Accuracy : 68.75
    Iteration 280 of epoch 3 completed. Loss : 0.6888205409049988 Accuracy : 78.12
    Iteration 300 of epoch 3 completed. Loss : 0.7394201755523682 Accuracy : 78.12
    Iteration 320 of epoch 3 completed. Loss : 1.0063841342926025 Accuracy : 59.38
    Iteration 340 of epoch 3 completed. Loss : 0.7433730363845825 Accuracy : 84.38
    Iteration 360 of epoch 3 completed. Loss : 0.7499029636383057 Accuracy : 75.00
    Iteration 380 of epoch 3 completed. Loss : 1.0130265951156616 Accuracy : 56.25
    Iteration 400 of epoch 3 completed. Loss : 1.1124839782714844 Accuracy : 46.88
    Iteration 420 of epoch 3 completed. Loss : 0.9568056464195251 Accuracy : 56.25
Epoch 3 completed. Test dataset:
	 Loss: 0.9736
	 Accuracy : 55.08
	 Average recall: 0.4477
	 F1_PN: 0.4380
	 Macro-F1: 0.4101
	 Weighted-F1: 0.5727

    Iteration 20 of epoch 4 completed. Loss : 0.8759196400642395 Accuracy : 68.75
    Iteration 40 of epoch 4 completed. Loss : 0.7850375771522522 Accuracy : 81.25
    Iteration 60 of epoch 4 completed. Loss : 0.7871041893959045 Accuracy : 78.12
    Iteration 80 of epoch 4 completed. Loss : 0.7144781947135925 Accuracy : 68.75
    Iteration 100 of epoch 4 completed. Loss : 0.8434033989906311 Accuracy : 68.75
    Iteration 120 of epoch 4 completed. Loss : 0.5963250994682312 Accuracy : 93.75
    Iteration 140 of epoch 4 completed. Loss : 0.8426720499992371 Accuracy : 68.75
    Iteration 160 of epoch 4 completed. Loss : 0.6912252306938171 Accuracy : 84.38
    Iteration 180 of epoch 4 completed. Loss : 0.6592546105384827 Accuracy : 87.50
    Iteration 200 of epoch 4 completed. Loss : 0.7134227156639099 Accuracy : 71.88
    Iteration 220 of epoch 4 completed. Loss : 0.7495783567428589 Accuracy : 75.00
    Iteration 240 of epoch 4 completed. Loss : 0.7101210355758667 Accuracy : 75.00
    Iteration 260 of epoch 4 completed. Loss : 0.7795024514198303 Accuracy : 78.12
    Iteration 280 of epoch 4 completed. Loss : 0.7076717615127563 Accuracy : 87.50
    Iteration 300 of epoch 4 completed. Loss : 0.6369017958641052 Accuracy : 93.75
    Iteration 320 of epoch 4 completed. Loss : 0.7348545789718628 Accuracy : 75.00
    Iteration 340 of epoch 4 completed. Loss : 0.8320184350013733 Accuracy : 87.50
    Iteration 360 of epoch 4 completed. Loss : 0.720782995223999 Accuracy : 78.12
    Iteration 380 of epoch 4 completed. Loss : 0.8923441171646118 Accuracy : 75.00
    Iteration 400 of epoch 4 completed. Loss : 0.8777341842651367 Accuracy : 71.88
    Iteration 420 of epoch 4 completed. Loss : 0.7320364713668823 Accuracy : 78.12
Epoch 4 completed. Test dataset:
	 Loss: 0.9371
	 Accuracy : 58.81
	 Average recall: 0.5058
	 F1_PN: 0.5056
	 Macro-F1: 0.4506
	 Weighted-F1: 0.6018

    Iteration 20 of epoch 5 completed. Loss : 0.8360074162483215 Accuracy : 71.88
    Iteration 40 of epoch 5 completed. Loss : 0.735617995262146 Accuracy : 84.38
    Iteration 60 of epoch 5 completed. Loss : 0.7795093059539795 Accuracy : 75.00
    Iteration 80 of epoch 5 completed. Loss : 0.7257011532783508 Accuracy : 71.88
    Iteration 100 of epoch 5 completed. Loss : 0.7806007266044617 Accuracy : 71.88
    Iteration 120 of epoch 5 completed. Loss : 0.578925371170044 Accuracy : 96.88
    Iteration 140 of epoch 5 completed. Loss : 0.7958976030349731 Accuracy : 68.75
    Iteration 160 of epoch 5 completed. Loss : 0.6699711084365845 Accuracy : 87.50
    Iteration 180 of epoch 5 completed. Loss : 0.6003401875495911 Accuracy : 87.50
    Iteration 200 of epoch 5 completed. Loss : 0.6618174314498901 Accuracy : 84.38
    Iteration 220 of epoch 5 completed. Loss : 0.7162783741950989 Accuracy : 75.00
    Iteration 240 of epoch 5 completed. Loss : 0.7222092747688293 Accuracy : 78.12
    Iteration 260 of epoch 5 completed. Loss : 0.7380664348602295 Accuracy : 84.38
    Iteration 280 of epoch 5 completed. Loss : 0.6774428486824036 Accuracy : 87.50
    Iteration 300 of epoch 5 completed. Loss : 0.6194952130317688 Accuracy : 93.75
    Iteration 320 of epoch 5 completed. Loss : 0.7213407754898071 Accuracy : 78.12
    Iteration 340 of epoch 5 completed. Loss : 0.7073037028312683 Accuracy : 87.50
    Iteration 360 of epoch 5 completed. Loss : 0.7101795673370361 Accuracy : 78.12
    Iteration 380 of epoch 5 completed. Loss : 0.8290505409240723 Accuracy : 81.25
    Iteration 400 of epoch 5 completed. Loss : 0.7976796627044678 Accuracy : 78.12
    Iteration 420 of epoch 5 completed. Loss : 0.7228958010673523 Accuracy : 84.38
Best validation accuracy improved from 0.6205549568965517 to 0.6327227011494253
Epoch 5 completed. Test dataset:
	 Loss: 0.9271
	 Accuracy : 60.26
	 Average recall: 0.4967
	 F1_PN: 0.5233
	 Macro-F1: 0.4565
	 Weighted-F1: 0.6095

    Iteration 20 of epoch 6 completed. Loss : 0.8084405064582825 Accuracy : 75.00
    Iteration 40 of epoch 6 completed. Loss : 0.6849321722984314 Accuracy : 87.50
    Iteration 60 of epoch 6 completed. Loss : 0.7254548072814941 Accuracy : 84.38
    Iteration 80 of epoch 6 completed. Loss : 0.6778885126113892 Accuracy : 78.12
    Iteration 100 of epoch 6 completed. Loss : 0.7959134578704834 Accuracy : 68.75
    Iteration 120 of epoch 6 completed. Loss : 0.5764902830123901 Accuracy : 96.88
    Iteration 140 of epoch 6 completed. Loss : 0.729358434677124 Accuracy : 78.12
    Iteration 160 of epoch 6 completed. Loss : 0.6637575030326843 Accuracy : 87.50
    Iteration 180 of epoch 6 completed. Loss : 0.5970038175582886 Accuracy : 87.50
    Iteration 200 of epoch 6 completed. Loss : 0.6290031671524048 Accuracy : 90.62
    Iteration 220 of epoch 6 completed. Loss : 0.6625411510467529 Accuracy : 84.38
    Iteration 240 of epoch 6 completed. Loss : 0.6329411864280701 Accuracy : 87.50
    Iteration 260 of epoch 6 completed. Loss : 0.7137191295623779 Accuracy : 84.38
    Iteration 280 of epoch 6 completed. Loss : 0.5885629653930664 Accuracy : 96.88
    Iteration 300 of epoch 6 completed. Loss : 0.6082369685173035 Accuracy : 93.75
    Iteration 320 of epoch 6 completed. Loss : 0.7139203548431396 Accuracy : 81.25
    Iteration 340 of epoch 6 completed. Loss : 0.6840021014213562 Accuracy : 93.75
    Iteration 360 of epoch 6 completed. Loss : 0.7011120915412903 Accuracy : 84.38
    Iteration 380 of epoch 6 completed. Loss : 0.8283671140670776 Accuracy : 81.25
    Iteration 400 of epoch 6 completed. Loss : 0.7668502330780029 Accuracy : 87.50
    Iteration 420 of epoch 6 completed. Loss : 0.695654034614563 Accuracy : 87.50
Best validation accuracy improved from 0.6327227011494253 to 0.6366289511494253
Epoch 6 completed. Test dataset:
	 Loss: 0.9176
	 Accuracy : 61.88
	 Average recall: 0.4964
	 F1_PN: 0.5239
	 Macro-F1: 0.4582
	 Weighted-F1: 0.6204

Best test accuracy improved from 0.6149966931216931 to 0.6187996031746031, saving model...
    Iteration 20 of epoch 7 completed. Loss : 0.7969826459884644 Accuracy : 75.00
    Iteration 40 of epoch 7 completed. Loss : 0.6862125396728516 Accuracy : 90.62
    Iteration 60 of epoch 7 completed. Loss : 0.7293655872344971 Accuracy : 84.38
    Iteration 80 of epoch 7 completed. Loss : 0.6575270891189575 Accuracy : 84.38
    Iteration 100 of epoch 7 completed. Loss : 0.7703410983085632 Accuracy : 71.88
    Iteration 120 of epoch 7 completed. Loss : 0.5778409838676453 Accuracy : 96.88
    Iteration 140 of epoch 7 completed. Loss : 0.7903851270675659 Accuracy : 65.62
    Iteration 160 of epoch 7 completed. Loss : 0.6663947105407715 Accuracy : 87.50
    Iteration 180 of epoch 7 completed. Loss : 0.6040403842926025 Accuracy : 93.75
    Iteration 200 of epoch 7 completed. Loss : 0.6405030488967896 Accuracy : 87.50
    Iteration 220 of epoch 7 completed. Loss : 0.6886113286018372 Accuracy : 84.38
    Iteration 240 of epoch 7 completed. Loss : 0.6423839926719666 Accuracy : 90.62
    Iteration 260 of epoch 7 completed. Loss : 0.7050898671150208 Accuracy : 90.62
    Iteration 280 of epoch 7 completed. Loss : 0.5959210395812988 Accuracy : 96.88
    Iteration 300 of epoch 7 completed. Loss : 0.6159946322441101 Accuracy : 96.88
    Iteration 320 of epoch 7 completed. Loss : 0.708773136138916 Accuracy : 81.25
    Iteration 340 of epoch 7 completed. Loss : 0.6987258791923523 Accuracy : 90.62
    Iteration 360 of epoch 7 completed. Loss : 0.6909850239753723 Accuracy : 84.38
    Iteration 380 of epoch 7 completed. Loss : 0.7789326310157776 Accuracy : 87.50
    Iteration 400 of epoch 7 completed. Loss : 0.7565978169441223 Accuracy : 84.38
    Iteration 420 of epoch 7 completed. Loss : 0.7077618837356567 Accuracy : 87.50
Best validation accuracy improved from 0.6366289511494253 to 0.6418372844827586
Epoch 7 completed. Test dataset:
	 Loss: 0.9163
	 Accuracy : 62.29
	 Average recall: 0.4946
	 F1_PN: 0.5252
	 Macro-F1: 0.4571
	 Weighted-F1: 0.6223

Best test accuracy improved from 0.6187996031746031 to 0.6228505291005291, saving model...
    Iteration 20 of epoch 8 completed. Loss : 0.7882026433944702 Accuracy : 75.00
    Iteration 40 of epoch 8 completed. Loss : 0.6729592084884644 Accuracy : 90.62
    Iteration 60 of epoch 8 completed. Loss : 0.7138251662254333 Accuracy : 87.50
    Iteration 80 of epoch 8 completed. Loss : 0.6616790294647217 Accuracy : 81.25
    Iteration 100 of epoch 8 completed. Loss : 0.7550965547561646 Accuracy : 75.00
    Iteration 120 of epoch 8 completed. Loss : 0.5782709121704102 Accuracy : 96.88
    Iteration 140 of epoch 8 completed. Loss : 0.7230129241943359 Accuracy : 75.00
    Iteration 160 of epoch 8 completed. Loss : 0.6647694706916809 Accuracy : 87.50
    Iteration 180 of epoch 8 completed. Loss : 0.579421877861023 Accuracy : 96.88
    Iteration 200 of epoch 8 completed. Loss : 0.6281678676605225 Accuracy : 90.62
    Iteration 220 of epoch 8 completed. Loss : 0.6883776187896729 Accuracy : 81.25
    Iteration 240 of epoch 8 completed. Loss : 0.6439808011054993 Accuracy : 84.38
    Iteration 260 of epoch 8 completed. Loss : 0.7161895036697388 Accuracy : 90.62
    Iteration 280 of epoch 8 completed. Loss : 0.5895882844924927 Accuracy : 96.88
    Iteration 300 of epoch 8 completed. Loss : 0.6029157042503357 Accuracy : 96.88
    Iteration 320 of epoch 8 completed. Loss : 0.7106441259384155 Accuracy : 81.25
    Iteration 340 of epoch 8 completed. Loss : 0.6930996775627136 Accuracy : 93.75
    Iteration 360 of epoch 8 completed. Loss : 0.7164185047149658 Accuracy : 78.12
    Iteration 380 of epoch 8 completed. Loss : 0.7887742519378662 Accuracy : 87.50
    Iteration 400 of epoch 8 completed. Loss : 0.777033805847168 Accuracy : 84.38
    Iteration 420 of epoch 8 completed. Loss : 0.6797126531600952 Accuracy : 87.50
Epoch 8 completed. Test dataset:
	 Loss: 0.9164
	 Accuracy : 62.40
	 Average recall: 0.4892
	 F1_PN: 0.5273
	 Macro-F1: 0.4574
	 Weighted-F1: 0.6230

Best test accuracy improved from 0.6228505291005291 to 0.6240079365079365, saving model...
    Iteration 20 of epoch 9 completed. Loss : 0.8216085433959961 Accuracy : 71.88
    Iteration 40 of epoch 9 completed. Loss : 0.6837189197540283 Accuracy : 90.62
    Iteration 60 of epoch 9 completed. Loss : 0.7396371364593506 Accuracy : 81.25
    Iteration 80 of epoch 9 completed. Loss : 0.6814814805984497 Accuracy : 81.25
    Iteration 100 of epoch 9 completed. Loss : 0.7904497981071472 Accuracy : 75.00
    Iteration 120 of epoch 9 completed. Loss : 0.5761532783508301 Accuracy : 96.88
    Iteration 140 of epoch 9 completed. Loss : 0.7280659079551697 Accuracy : 75.00
    Iteration 160 of epoch 9 completed. Loss : 0.6630370616912842 Accuracy : 87.50
    Iteration 180 of epoch 9 completed. Loss : 0.5825729370117188 Accuracy : 93.75
    Iteration 200 of epoch 9 completed. Loss : 0.6197972893714905 Accuracy : 90.62
    Iteration 220 of epoch 9 completed. Loss : 0.6678380966186523 Accuracy : 87.50
    Iteration 240 of epoch 9 completed. Loss : 0.6729701161384583 Accuracy : 90.62
    Iteration 260 of epoch 9 completed. Loss : 0.6951703429222107 Accuracy : 90.62
    Iteration 280 of epoch 9 completed. Loss : 0.6016070246696472 Accuracy : 93.75
    Iteration 300 of epoch 9 completed. Loss : 0.6186321973800659 Accuracy : 93.75
    Iteration 320 of epoch 9 completed. Loss : 0.7118310332298279 Accuracy : 81.25
    Iteration 340 of epoch 9 completed. Loss : 0.7064976096153259 Accuracy : 90.62
    Iteration 360 of epoch 9 completed. Loss : 0.7237000465393066 Accuracy : 81.25
    Iteration 380 of epoch 9 completed. Loss : 0.8056491017341614 Accuracy : 84.38
    Iteration 400 of epoch 9 completed. Loss : 0.7359638214111328 Accuracy : 90.62
    Iteration 420 of epoch 9 completed. Loss : 0.6844194531440735 Accuracy : 87.50
Epoch 9 completed. Test dataset:
	 Loss: 0.9169
	 Accuracy : 62.14
	 Average recall: 0.4787
	 F1_PN: 0.5180
	 Macro-F1: 0.4496
	 Weighted-F1: 0.6174

    Iteration 20 of epoch 10 completed. Loss : 0.8052132725715637 Accuracy : 71.88
    Iteration 40 of epoch 10 completed. Loss : 0.6803320050239563 Accuracy : 90.62
    Iteration 60 of epoch 10 completed. Loss : 0.7277829647064209 Accuracy : 84.38
    Iteration 80 of epoch 10 completed. Loss : 0.6633837223052979 Accuracy : 84.38
    Iteration 100 of epoch 10 completed. Loss : 0.7297356128692627 Accuracy : 81.25
    Iteration 120 of epoch 10 completed. Loss : 0.5741408467292786 Accuracy : 96.88
    Iteration 140 of epoch 10 completed. Loss : 0.7104465961456299 Accuracy : 78.12
    Iteration 160 of epoch 10 completed. Loss : 0.6579105854034424 Accuracy : 87.50
    Iteration 180 of epoch 10 completed. Loss : 0.5718984007835388 Accuracy : 96.88
    Iteration 200 of epoch 10 completed. Loss : 0.6227729916572571 Accuracy : 90.62
    Iteration 220 of epoch 10 completed. Loss : 0.6523023843765259 Accuracy : 87.50
    Iteration 240 of epoch 10 completed. Loss : 0.6386718153953552 Accuracy : 90.62
    Iteration 260 of epoch 10 completed. Loss : 0.7233483791351318 Accuracy : 87.50
    Iteration 280 of epoch 10 completed. Loss : 0.5964579582214355 Accuracy : 90.62
    Iteration 300 of epoch 10 completed. Loss : 0.6178855299949646 Accuracy : 93.75
    Iteration 320 of epoch 10 completed. Loss : 0.7159774303436279 Accuracy : 81.25
    Iteration 340 of epoch 10 completed. Loss : 0.6886672377586365 Accuracy : 93.75
    Iteration 360 of epoch 10 completed. Loss : 0.6917996406555176 Accuracy : 81.25
    Iteration 380 of epoch 10 completed. Loss : 0.7911809086799622 Accuracy : 84.38
    Iteration 400 of epoch 10 completed. Loss : 0.7558313012123108 Accuracy : 90.62
    Iteration 420 of epoch 10 completed. Loss : 0.685135006904602 Accuracy : 87.50
Epoch 10 completed. Test dataset:
	 Loss: 0.9172
	 Accuracy : 62.08
	 Average recall: 0.4774
	 F1_PN: 0.5162
	 Macro-F1: 0.4484
	 Weighted-F1: 0.6168

    Iteration 20 of epoch 11 completed. Loss : 0.8302112817764282 Accuracy : 71.88
    Iteration 40 of epoch 11 completed. Loss : 0.6735304594039917 Accuracy : 93.75
    Iteration 60 of epoch 11 completed. Loss : 0.7460009455680847 Accuracy : 84.38
    Iteration 80 of epoch 11 completed. Loss : 0.6638424396514893 Accuracy : 84.38
    Iteration 100 of epoch 11 completed. Loss : 0.7692097425460815 Accuracy : 81.25
    Iteration 120 of epoch 11 completed. Loss : 0.5750637650489807 Accuracy : 96.88
    Iteration 140 of epoch 11 completed. Loss : 0.7277342081069946 Accuracy : 78.12
    Iteration 160 of epoch 11 completed. Loss : 0.6556487083435059 Accuracy : 87.50
    Iteration 180 of epoch 11 completed. Loss : 0.5808441042900085 Accuracy : 96.88
    Iteration 200 of epoch 11 completed. Loss : 0.6211498379707336 Accuracy : 90.62
    Iteration 220 of epoch 11 completed. Loss : 0.6844159364700317 Accuracy : 87.50
    Iteration 240 of epoch 11 completed. Loss : 0.6298321485519409 Accuracy : 90.62
    Iteration 260 of epoch 11 completed. Loss : 0.7188271284103394 Accuracy : 84.38
    Iteration 280 of epoch 11 completed. Loss : 0.5892711281776428 Accuracy : 93.75
    Iteration 300 of epoch 11 completed. Loss : 0.6091417670249939 Accuracy : 96.88
    Iteration 320 of epoch 11 completed. Loss : 0.7133736610412598 Accuracy : 78.12
    Iteration 340 of epoch 11 completed. Loss : 0.700354278087616 Accuracy : 93.75
    Iteration 360 of epoch 11 completed. Loss : 0.6901788115501404 Accuracy : 78.12
    Iteration 380 of epoch 11 completed. Loss : 0.7869712710380554 Accuracy : 84.38
    Iteration 400 of epoch 11 completed. Loss : 0.7364682555198669 Accuracy : 90.62
    Iteration 420 of epoch 11 completed. Loss : 0.7107793688774109 Accuracy : 84.38
Epoch 11 completed. Test dataset:
	 Loss: 0.9170
	 Accuracy : 62.08
	 Average recall: 0.4770
	 F1_PN: 0.5163
	 Macro-F1: 0.4480
	 Weighted-F1: 0.6165

    Iteration 20 of epoch 12 completed. Loss : 0.8038347363471985 Accuracy : 75.00
    Iteration 40 of epoch 12 completed. Loss : 0.6744882464408875 Accuracy : 90.62
    Iteration 60 of epoch 12 completed. Loss : 0.7433619499206543 Accuracy : 81.25
    Iteration 80 of epoch 12 completed. Loss : 0.6645843982696533 Accuracy : 81.25
    Iteration 100 of epoch 12 completed. Loss : 0.760289192199707 Accuracy : 71.88
    Iteration 120 of epoch 12 completed. Loss : 0.5781557559967041 Accuracy : 96.88
    Iteration 140 of epoch 12 completed. Loss : 0.7130495309829712 Accuracy : 78.12
    Iteration 160 of epoch 12 completed. Loss : 0.6588953733444214 Accuracy : 87.50
    Iteration 180 of epoch 12 completed. Loss : 0.5783538222312927 Accuracy : 93.75
    Iteration 200 of epoch 12 completed. Loss : 0.6305831074714661 Accuracy : 87.50
    Iteration 220 of epoch 12 completed. Loss : 0.6763682961463928 Accuracy : 84.38
    Iteration 240 of epoch 12 completed. Loss : 0.6315886974334717 Accuracy : 87.50
    Iteration 260 of epoch 12 completed. Loss : 0.6958351135253906 Accuracy : 90.62
    Iteration 280 of epoch 12 completed. Loss : 0.5974555015563965 Accuracy : 93.75
    Iteration 300 of epoch 12 completed. Loss : 0.5993533730506897 Accuracy : 96.88
    Iteration 320 of epoch 12 completed. Loss : 0.7135974168777466 Accuracy : 81.25
    Iteration 340 of epoch 12 completed. Loss : 0.696963369846344 Accuracy : 90.62
    Iteration 360 of epoch 12 completed. Loss : 0.6905856728553772 Accuracy : 84.38
    Iteration 380 of epoch 12 completed. Loss : 0.7711078524589539 Accuracy : 87.50
    Iteration 400 of epoch 12 completed. Loss : 0.7592756748199463 Accuracy : 84.38
    Iteration 420 of epoch 12 completed. Loss : 0.6973496675491333 Accuracy : 84.38
Epoch 12 completed. Test dataset:
	 Loss: 0.9168
	 Accuracy : 62.08
	 Average recall: 0.4766
	 F1_PN: 0.5164
	 Macro-F1: 0.4475
	 Weighted-F1: 0.6162

    Iteration 20 of epoch 13 completed. Loss : 0.7984670996665955 Accuracy : 71.88
    Iteration 40 of epoch 13 completed. Loss : 0.6716654896736145 Accuracy : 90.62
    Iteration 60 of epoch 13 completed. Loss : 0.7303044199943542 Accuracy : 87.50
    Iteration 80 of epoch 13 completed. Loss : 0.6504077911376953 Accuracy : 84.38
    Iteration 100 of epoch 13 completed. Loss : 0.7733199596405029 Accuracy : 71.88
    Iteration 120 of epoch 13 completed. Loss : 0.5798379182815552 Accuracy : 96.88
    Iteration 140 of epoch 13 completed. Loss : 0.7180987596511841 Accuracy : 75.00
    Iteration 160 of epoch 13 completed. Loss : 0.646263599395752 Accuracy : 87.50
    Iteration 180 of epoch 13 completed. Loss : 0.5780858993530273 Accuracy : 96.88
    Iteration 200 of epoch 13 completed. Loss : 0.6189365983009338 Accuracy : 93.75
    Iteration 220 of epoch 13 completed. Loss : 0.6557549238204956 Accuracy : 90.62
    Iteration 240 of epoch 13 completed. Loss : 0.6276269555091858 Accuracy : 90.62
    Iteration 260 of epoch 13 completed. Loss : 0.7240996360778809 Accuracy : 87.50
    Iteration 280 of epoch 13 completed. Loss : 0.597302258014679 Accuracy : 93.75
    Iteration 300 of epoch 13 completed. Loss : 0.6062253713607788 Accuracy : 96.88
    Iteration 320 of epoch 13 completed. Loss : 0.7149609327316284 Accuracy : 81.25
    Iteration 340 of epoch 13 completed. Loss : 0.711401104927063 Accuracy : 90.62
    Iteration 360 of epoch 13 completed. Loss : 0.691091001033783 Accuracy : 84.38
    Iteration 380 of epoch 13 completed. Loss : 0.7793365716934204 Accuracy : 87.50
    Iteration 400 of epoch 13 completed. Loss : 0.77572101354599 Accuracy : 84.38
    Iteration 420 of epoch 13 completed. Loss : 0.7047818899154663 Accuracy : 81.25
Best validation accuracy improved from 0.6418372844827586 to 0.6424209770114943
Epoch 13 completed. Test dataset:
	 Loss: 0.9167
	 Accuracy : 62.14
	 Average recall: 0.4770
	 F1_PN: 0.5168
	 Macro-F1: 0.4479
	 Weighted-F1: 0.6168

    Iteration 20 of epoch 14 completed. Loss : 0.7895156741142273 Accuracy : 78.12
    Iteration 40 of epoch 14 completed. Loss : 0.6740601062774658 Accuracy : 90.62
    Iteration 60 of epoch 14 completed. Loss : 0.7291776537895203 Accuracy : 84.38
    Iteration 80 of epoch 14 completed. Loss : 0.6582715511322021 Accuracy : 84.38
    Iteration 100 of epoch 14 completed. Loss : 0.7630128264427185 Accuracy : 75.00
    Iteration 120 of epoch 14 completed. Loss : 0.5779464840888977 Accuracy : 96.88
    Iteration 140 of epoch 14 completed. Loss : 0.7122766375541687 Accuracy : 78.12
    Iteration 160 of epoch 14 completed. Loss : 0.6626418828964233 Accuracy : 87.50
    Iteration 180 of epoch 14 completed. Loss : 0.5869610905647278 Accuracy : 90.62
    Iteration 200 of epoch 14 completed. Loss : 0.6189641952514648 Accuracy : 90.62
    Iteration 220 of epoch 14 completed. Loss : 0.658336877822876 Accuracy : 84.38
    Iteration 240 of epoch 14 completed. Loss : 0.6430729627609253 Accuracy : 87.50
    Iteration 260 of epoch 14 completed. Loss : 0.7097761631011963 Accuracy : 87.50
    Iteration 280 of epoch 14 completed. Loss : 0.5996376872062683 Accuracy : 93.75
    Iteration 300 of epoch 14 completed. Loss : 0.6052703857421875 Accuracy : 96.88
    Iteration 320 of epoch 14 completed. Loss : 0.7114018201828003 Accuracy : 81.25
    Iteration 340 of epoch 14 completed. Loss : 0.6950139403343201 Accuracy : 93.75
    Iteration 360 of epoch 14 completed. Loss : 0.688775360584259 Accuracy : 84.38
    Iteration 380 of epoch 14 completed. Loss : 0.7848648428916931 Accuracy : 84.38
    Iteration 400 of epoch 14 completed. Loss : 0.7299453020095825 Accuracy : 90.62
    Iteration 420 of epoch 14 completed. Loss : 0.6848395466804504 Accuracy : 87.50
Epoch 14 completed. Test dataset:
	 Loss: 0.9164
	 Accuracy : 62.19
	 Average recall: 0.4772
	 F1_PN: 0.5171
	 Macro-F1: 0.4482
	 Weighted-F1: 0.6173

    Iteration 20 of epoch 15 completed. Loss : 0.8014883399009705 Accuracy : 78.12
    Iteration 40 of epoch 15 completed. Loss : 0.6766675114631653 Accuracy : 90.62
    Iteration 60 of epoch 15 completed. Loss : 0.7216822504997253 Accuracy : 84.38
    Iteration 80 of epoch 15 completed. Loss : 0.6561114192008972 Accuracy : 84.38
    Iteration 100 of epoch 15 completed. Loss : 0.7514577507972717 Accuracy : 78.12
    Iteration 120 of epoch 15 completed. Loss : 0.5783380270004272 Accuracy : 96.88
    Iteration 140 of epoch 15 completed. Loss : 0.7218694686889648 Accuracy : 75.00
    Iteration 160 of epoch 15 completed. Loss : 0.6525084972381592 Accuracy : 87.50
    Iteration 180 of epoch 15 completed. Loss : 0.5722498893737793 Accuracy : 96.88
    Iteration 200 of epoch 15 completed. Loss : 0.6146559715270996 Accuracy : 90.62
    Iteration 220 of epoch 15 completed. Loss : 0.6828573942184448 Accuracy : 84.38
    Iteration 240 of epoch 15 completed. Loss : 0.6279097199440002 Accuracy : 90.62
    Iteration 260 of epoch 15 completed. Loss : 0.7073850035667419 Accuracy : 87.50
    Iteration 280 of epoch 15 completed. Loss : 0.5899296402931213 Accuracy : 93.75
    Iteration 300 of epoch 15 completed. Loss : 0.5972210168838501 Accuracy : 96.88
    Iteration 320 of epoch 15 completed. Loss : 0.7105932235717773 Accuracy : 81.25
    Iteration 340 of epoch 15 completed. Loss : 0.7113989591598511 Accuracy : 90.62
    Iteration 360 of epoch 15 completed. Loss : 0.6916665434837341 Accuracy : 87.50
    Iteration 380 of epoch 15 completed. Loss : 0.7667747735977173 Accuracy : 87.50
    Iteration 400 of epoch 15 completed. Loss : 0.7465118169784546 Accuracy : 90.62
    Iteration 420 of epoch 15 completed. Loss : 0.6844228506088257 Accuracy : 87.50
Best validation accuracy improved from 0.6424209770114943 to 0.6430720186781609
Epoch 15 completed. Test dataset:
	 Loss: 0.9164
	 Accuracy : 62.19
	 Average recall: 0.4754
	 F1_PN: 0.5169
	 Macro-F1: 0.4481
	 Weighted-F1: 0.6172

Train/val/test loss curve saved to /home/rgg2706/Multimodal-Sentiment-Analysis/Logs/MOASC4/2025-03-21/sub-2/008_Mar-21-2025_03:56_AM/train_val_test_loss_curve.png
Confusion matrix saved to /home/rgg2706/Multimodal-Sentiment-Analysis/Logs/MOASC4/2025-03-21/sub-2/008_Mar-21-2025_03:56_AM/confusion_matrix.png
