SIMPLE-F3_multiattfusion_mvsa-mts-v3_lr0.00005_dr0.5
SLURM Job ID: 19859293
Number of GPUs available: 1
Python PATH: ['/home/rgg2706/Multimodal-Sentiment-Analysis/Models/SIMPLE-F3/src', '/home/rgg2706/Multimodal-Sentiment-Analysis', '/Models/SIMPLE-F3/src', '/.autofs/tools/spack/var/spack/environments/default-nlp-x86_64-24072401/.spack-env/._view/wtxwc3mlkmzy7fbaxlum2674jarpitc2/lib/python311.zip', '/.autofs/tools/spack/var/spack/environments/default-nlp-x86_64-24072401/.spack-env/._view/wtxwc3mlkmzy7fbaxlum2674jarpitc2/lib/python3.11', '/.autofs/tools/spack/var/spack/environments/default-nlp-x86_64-24072401/.spack-env/._view/wtxwc3mlkmzy7fbaxlum2674jarpitc2/lib/python3.11/lib-dynload', '/.autofs/tools/spack/var/spack/environments/default-nlp-x86_64-24072401/.spack-env/._view/wtxwc3mlkmzy7fbaxlum2674jarpitc2/lib/python3.11/site-packages']
Logs directory: /home/rgg2706/Multimodal-Sentiment-Analysis/Logs/SIMPLE-F3/2025-02-14/sub-2/012_Feb-14-2025_04:47_PM
> training arguments:
>>> rand_seed: 8
>>> model_fusion: multiattfusion
>>> dataset: mvsa-mts-v3
>>> optimizer: <class 'torch.optim.adam.Adam'>
>>> initializer: <function xavier_uniform_ at 0x7fed3fb9d580>
>>> learning_rate: 5e-05
>>> dropout_rate: 0.5
>>> weight_decay: 0.0
>>> num_layers: 3
>>> num_epoch: 25
>>> batch_size: 128
>>> log_step: 60
>>> max_seq_len: 120
>>> polarities_dim: 3
>>> clip_grad: 5.0
>>> path_image: ./images
>>> crop_size: 224
>>> n_head: 8
>>> hidden_dim: 768
>>> num_classes: 3
>>> log_dir: /home/rgg2706/Multimodal-Sentiment-Analysis/Logs/SIMPLE-F3/2025-02-14/sub-2/012_Feb-14-2025_04:47_PM
>>> counter: 0
>>> model_class: <class 'models.multiattfusion.MultiAttFusion'>
Loading dataset 'mvsa-mts-v3':
  Train path: Datasets/MVSA-MTS/mvsa-mts-v3/train.tsv
  Validation path: Datasets/MVSA-MTS/mvsa-mts-v3/val.tsv
  Test path: Datasets//MVSA-MTS/mvsa-mts-v3/test.tsv
-------------- Loading Datasets/MVSA-MTS/mvsa-mts-v3/train.tsv ---------------
[DEBUG] index: 706
[DEBUG] raw_text: PC Party, #Youth, #Education,Opportunity,#RenewableResources, Proudly #Canada's PCs #elxn42 http://t.co/NSwTddCHS8
[DEBUG] text_length: 9
[DEBUG] polarity: 2
[DEBUG] first 10 input_ids: [101, 7473, 2283, 1010, 1001, 3360, 1010, 1001, 2495, 1010]
---
[DEBUG] index: 2699
[DEBUG] raw_text: Running through the 6 wit my woes #ComeTogether #BlueJays #inthe6
[DEBUG] text_length: 10
[DEBUG] polarity: 1
[DEBUG] first 10 input_ids: [101, 2770, 2083, 1996, 1020, 15966, 2026, 24185, 2229, 1001]
---
[DEBUG] index: 15657
[DEBUG] raw_text: #TruckTuesday | | support@innovativeautoworx.com | 403.242.2767 | #Trucks #YYC #Calgary | http://t.co/ruwEqCd3LT
[DEBUG] text_length: 12
[DEBUG] polarity: 0
[DEBUG] first 10 input_ids: [101, 1001, 4744, 8525, 2229, 10259, 1064, 1064, 2490, 1030]
---
[DEBUG] index: 13219
[DEBUG] raw_text: I dont even care how ridiculous this looks #OTRAToronto is officially tomorrow and I am more than ready @onedirection
[DEBUG] text_length: 19
[DEBUG] polarity: 0
[DEBUG] first 10 input_ids: [101, 1045, 2123, 2102, 2130, 2729, 2129, 9951, 2023, 3504]
---
[DEBUG] index: 12053
[DEBUG] raw_text: #Automotive alert: Manufacturing Controls... | Nexteer Automotive | #Saginaw, MI #Auto http://t.co/En5uQ7JZDL
[DEBUG] text_length: 12
[DEBUG] polarity: 2
[DEBUG] first 10 input_ids: [101, 1001, 12945, 9499, 1024, 5814, 7711, 1012, 1012, 1012]
---
Time taken to load Datasets/MVSA-MTS/mvsa-mts-v3/train.tsv: 226.40 seconds (3.77 minutes)
Train classes: [0, 1, 2], count=3
[DEBUG] Train label distribution:
{0: 3522, 1: 3468, 2: 6631}
-------------- Loading Datasets/MVSA-MTS/mvsa-mts-v3/val.tsv ---------------
[DEBUG] index: 18681
[DEBUG] raw_text: ***Steven thinking about the life he just left behind with his beloved, Sam. Should he have stayed?...to be continued
[DEBUG] text_length: 19
[DEBUG] polarity: 2
[DEBUG] first 10 input_ids: [101, 1008, 1008, 1008, 7112, 3241, 2055, 1996, 2166, 2002]
---
[DEBUG] index: 16242
[DEBUG] raw_text: Thanks for an amazing summer #yyc,53 organizations engaged youth in 350 projects to contribute 20000 volunteer hours!
[DEBUG] text_length: 17
[DEBUG] polarity: 2
[DEBUG] first 10 input_ids: [101, 4283, 2005, 2019, 6429, 2621, 1001, 1061, 2100, 2278]
---
[DEBUG] index: 9628
[DEBUG] raw_text: HSR fares go up on Tuesday. Tickets (new issue) are $2.15. Don't be overcharged! #HamOnt #HSR https://t.co/zBxyTmcy1o
[DEBUG] text_length: 17
[DEBUG] polarity: 1
[DEBUG] first 10 input_ids: [101, 26236, 2099, 27092, 2175, 2039, 2006, 9857, 1012, 9735]
---
[DEBUG] index: 6350
[DEBUG] raw_text: @Calum5SOS just saw this on my Instagram feed and instantly thought of you #JetBlackHeart #ShesKindaHotVMA
[DEBUG] text_length: 15
[DEBUG] polarity: 0
[DEBUG] first 10 input_ids: [101, 1030, 10250, 2819, 2629, 17063, 2074, 2387, 2023, 2006]
---
[DEBUG] index: 17705
[DEBUG] raw_text: #selfiefornash @Nashgrier You've helped me get through the rough times Nash. I love you ????????
[DEBUG] text_length: 15
[DEBUG] polarity: 1
[DEBUG] first 10 input_ids: [101, 1001, 2969, 2666, 29278, 11649, 2232, 1030, 10594, 16523]
---
Time taken to load Datasets/MVSA-MTS/mvsa-mts-v3/val.tsv: 27.98 seconds (0.47 minutes)
Val classes: [0, 1, 2], count=3
[DEBUG] Val label distribution:
{0: 436, 1: 442, 2: 825}
[DEBUG] Computed class_weights = [1.2891349792480469, 1.3092080354690552, 0.6847132444381714]
-------------- Loading Datasets//MVSA-MTS/mvsa-mts-v3/test.tsv ---------------
[DEBUG] index: 14949
[DEBUG] raw_text: Candid shot at #Montreal @FetishWeekend. #smile latex: @HWD_Latex #iLoveBiancaMondays http://t.co/eDaoHprlRP
[DEBUG] text_length: 10
[DEBUG] polarity: 2
[DEBUG] first 10 input_ids: [101, 27467, 2094, 2915, 2012, 1001, 5548, 1030, 10768, 24788]
---
[DEBUG] index: 9542
[DEBUG] raw_text: #hamont stop by and help out Lynwood Hall raise some founds with a car wash! #lynwoodhallcarwash #machealth
[DEBUG] text_length: 17
[DEBUG] polarity: 0
[DEBUG] first 10 input_ids: [101, 1001, 10654, 12162, 2644, 2011, 1998, 2393, 2041, 1048]
---
[DEBUG] index: 6309
[DEBUG] raw_text: EVEN MY NEICE WANTS TO VOTE #ShesKindaHotVMA
[DEBUG] text_length: 7
[DEBUG] polarity: 2
[DEBUG] first 10 input_ids: [101, 2130, 2026, 11265, 6610, 4122, 2000, 3789, 1001, 2016]
---
[DEBUG] index: 17974
[DEBUG] raw_text: Looks like I'm going alone ????
[DEBUG] text_length: 6
[DEBUG] polarity: 2
[DEBUG] first 10 input_ids: [101, 3504, 2066, 1045, 1005, 1049, 2183, 2894, 1029, 1029]
---
[DEBUG] index: 14882
[DEBUG] raw_text: Here it comes!! @comedynest Sept 24-26 Call 514-932-6378 for reservations! #derekseguin #comedy #montreal #fun
[DEBUG] text_length: 14
[DEBUG] polarity: 2
[DEBUG] first 10 input_ids: [101, 2182, 2009, 3310, 999, 999, 1030, 4038, 5267, 2102]
---
Time taken to load Datasets//MVSA-MTS/mvsa-mts-v3/test.tsv: 26.91 seconds (0.45 minutes)
Test classes: [0, 1, 2], count=3
[DEBUG] Test label distribution:
{0: 450, 1: 431, 2: 822}
[DEBUG] 95th percentile sequence length across all splits: 20.00
Total Training Samples: 17027
Number of Training Samples: 13621
Number of Validation Samples: 1703
Number of Test Samples: 1703
Number of unique sentiment classes: 3
Building model
1
n_trainable_params: 54024195, n_nontrainable_params: 0
>>>>>>>>>>>>>>>>>>>>>>>>>>>>>>>>>>>>>>>>>>>>>>>>>>>>>>>>>>>>>>>>>>>>>>>>>>>>>>>>>>>>>>>>>>>>>>>>>>>>
epoch: 0
[DEBUG] Sample predictions in evaluate:  tensor([1, 1, 1, 1, 1, 1, 1, 1, 1, 1], device='cuda:0')
[DEBUG] outputs.shape: torch.Size([128, 3])
[DEBUG] Sample of raw logits (first 5):
tensor([[-0.0404,  0.0057, -0.0393],
        [-0.0487,  0.0139, -0.0377],
        [-0.0292, -0.0088, -0.0306],
        [-0.0334,  0.0033, -0.0391],
        [-0.0324, -0.0055, -0.0253]], device='cuda:0',
       grad_fn=<SliceBackward0>)
[DEBUG] Sample of predicted probabilities (first 5):
tensor([[0.3280, 0.3435, 0.3284],
        [0.3251, 0.3461, 0.3287],
        [0.3312, 0.3380, 0.3307],
        [0.3298, 0.3422, 0.3280],
        [0.3296, 0.3385, 0.3319]], device='cuda:0', grad_fn=<SliceBackward0>)
Batch 0 completed in 1.33 seconds (0.02 minutes)
New best val_f1: 0.226566 (previous best: 0.000000)
loss: 1.098746, val_acc: 48.44% (0.484439), val_f1: 22.66% (0.226566), test_acc: 48.15% (0.481503), test_f1: 22.87% (0.228660)
Batch 60 completed in 0.80 seconds (0.01 minutes)
New best val_f1: 0.395901 (previous best: 0.226566)
loss: 1.062475, val_acc: 40.87% (0.408691), val_f1: 39.59% (0.395901), test_acc: 40.52% (0.405167), test_f1: 38.86% (0.388594)
Epoch 0 completed in 111.40 seconds (1.86 minutes)
>>>>>>>>>>>>>>>>>>>>>>>>>>>>>>>>>>>>>>>>>>>>>>>>>>>>>>>>>>>>>>>>>>>>>>>>>>>>>>>>>>>>>>>>>>>>>>>>>>>>
epoch: 1
Batch 0 completed in 0.81 seconds (0.01 minutes)
New best val_f1: 0.435754 (previous best: 0.395901)
loss: 1.043035, val_acc: 45.33% (0.453318), val_f1: 43.58% (0.435754), test_acc: 44.80% (0.448033), test_f1: 43.41% (0.434075)
Batch 60 completed in 0.81 seconds (0.01 minutes)
loss: 1.084916, val_acc: 43.45% (0.434527), val_f1: 37.92% (0.379161), test_acc: 43.22% (0.432179), test_f1: 37.13% (0.371271)
Epoch 1 completed in 109.57 seconds (1.83 minutes)
>>>>>>>>>>>>>>>>>>>>>>>>>>>>>>>>>>>>>>>>>>>>>>>>>>>>>>>>>>>>>>>>>>>>>>>>>>>>>>>>>>>>>>>>>>>>>>>>>>>>
epoch: 2
Batch 0 completed in 0.81 seconds (0.01 minutes)
loss: 1.059259, val_acc: 46.51% (0.465062), val_f1: 42.77% (0.427652), test_acc: 45.86% (0.458602), test_f1: 42.04% (0.420420)
Batch 60 completed in 0.81 seconds (0.01 minutes)
loss: 0.999905, val_acc: 47.68% (0.476806), val_f1: 43.49% (0.434868), test_acc: 46.56% (0.465649), test_f1: 42.27% (0.422738)
Epoch 2 completed in 109.61 seconds (1.83 minutes)
>>>>>>>>>>>>>>>>>>>>>>>>>>>>>>>>>>>>>>>>>>>>>>>>>>>>>>>>>>>>>>>>>>>>>>>>>>>>>>>>>>>>>>>>>>>>>>>>>>>>
epoch: 3
Batch 0 completed in 0.81 seconds (0.01 minutes)
New best val_f1: 0.437259 (previous best: 0.435754)
loss: 1.038634, val_acc: 46.15% (0.461538), val_f1: 43.73% (0.437259), test_acc: 44.51% (0.445097), test_f1: 42.20% (0.421976)
Batch 60 completed in 0.81 seconds (0.01 minutes)
loss: 1.024827, val_acc: 43.92% (0.439225), val_f1: 43.33% (0.433283), test_acc: 41.75% (0.417499), test_f1: 41.28% (0.412850)
Epoch 3 completed in 112.45 seconds (1.87 minutes)
>>>>>>>>>>>>>>>>>>>>>>>>>>>>>>>>>>>>>>>>>>>>>>>>>>>>>>>>>>>>>>>>>>>>>>>>>>>>>>>>>>>>>>>>>>>>>>>>>>>>
epoch: 4
Batch 0 completed in 0.81 seconds (0.01 minutes)
loss: 1.022045, val_acc: 49.56% (0.495596), val_f1: 41.76% (0.417573), test_acc: 49.85% (0.498532), test_f1: 41.91% (0.419108)
Batch 60 completed in 0.81 seconds (0.01 minutes)
loss: 0.992929, val_acc: 45.04% (0.450382), val_f1: 43.68% (0.436844), test_acc: 42.92% (0.429243), test_f1: 42.38% (0.423769)
Epoch 4 completed in 113.25 seconds (1.89 minutes)
>>>>>>>>>>>>>>>>>>>>>>>>>>>>>>>>>>>>>>>>>>>>>>>>>>>>>>>>>>>>>>>>>>>>>>>>>>>>>>>>>>>>>>>>>>>>>>>>>>>>
epoch: 5
Batch 0 completed in 0.81 seconds (0.01 minutes)
New best val_f1: 0.442011 (previous best: 0.437259)
loss: 1.020996, val_acc: 49.38% (0.493834), val_f1: 44.20% (0.442011), test_acc: 48.27% (0.482678), test_f1: 42.51% (0.425078)
Batch 60 completed in 0.81 seconds (0.01 minutes)
New best val_f1: 0.452056 (previous best: 0.442011)
loss: 0.913387, val_acc: 48.91% (0.489137), val_f1: 45.21% (0.452056), test_acc: 47.80% (0.477980), test_f1: 44.01% (0.440137)
Epoch 5 completed in 113.18 seconds (1.89 minutes)
>>>>>>>>>>>>>>>>>>>>>>>>>>>>>>>>>>>>>>>>>>>>>>>>>>>>>>>>>>>>>>>>>>>>>>>>>>>>>>>>>>>>>>>>>>>>>>>>>>>>
epoch: 6
Batch 0 completed in 0.81 seconds (0.01 minutes)
loss: 0.981307, val_acc: 46.51% (0.465062), val_f1: 44.63% (0.446327), test_acc: 44.92% (0.449207), test_f1: 42.57% (0.425719)
Batch 60 completed in 0.81 seconds (0.01 minutes)
loss: 0.945336, val_acc: 47.27% (0.472695), val_f1: 42.22% (0.422232), test_acc: 46.74% (0.467410), test_f1: 41.02% (0.410246)
Epoch 6 completed in 113.24 seconds (1.89 minutes)
>>>>>>>>>>>>>>>>>>>>>>>>>>>>>>>>>>>>>>>>>>>>>>>>>>>>>>>>>>>>>>>>>>>>>>>>>>>>>>>>>>>>>>>>>>>>>>>>>>>>
epoch: 7
Batch 0 completed in 0.81 seconds (0.01 minutes)
loss: 0.981986, val_acc: 43.51% (0.435115), val_f1: 42.37% (0.423681), test_acc: 43.57% (0.435702), test_f1: 42.32% (0.423153)
Batch 60 completed in 0.81 seconds (0.01 minutes)
loss: 0.853544, val_acc: 45.04% (0.450382), val_f1: 44.49% (0.444872), test_acc: 42.40% (0.423958), test_f1: 41.90% (0.418987)
Epoch 7 completed in 113.30 seconds (1.89 minutes)
>>>>>>>>>>>>>>>>>>>>>>>>>>>>>>>>>>>>>>>>>>>>>>>>>>>>>>>>>>>>>>>>>>>>>>>>>>>>>>>>>>>>>>>>>>>>>>>>>>>>
epoch: 8
Batch 0 completed in 0.81 seconds (0.01 minutes)
New best val_f1: 0.455982 (previous best: 0.452056)
loss: 0.935714, val_acc: 49.85% (0.498532), val_f1: 45.60% (0.455982), test_acc: 48.03% (0.480329), test_f1: 43.46% (0.434649)
Batch 60 completed in 0.81 seconds (0.01 minutes)
loss: 0.845985, val_acc: 46.92% (0.469172), val_f1: 43.40% (0.434035), test_acc: 47.92% (0.479154), test_f1: 43.85% (0.438459)
Epoch 8 completed in 113.21 seconds (1.89 minutes)
>>>>>>>>>>>>>>>>>>>>>>>>>>>>>>>>>>>>>>>>>>>>>>>>>>>>>>>>>>>>>>>>>>>>>>>>>>>>>>>>>>>>>>>>>>>>>>>>>>>>
epoch: 9
Batch 0 completed in 0.81 seconds (0.01 minutes)
New best val_f1: 0.457577 (previous best: 0.455982)
loss: 0.783440, val_acc: 48.09% (0.480916), val_f1: 45.76% (0.457577), test_acc: 45.98% (0.459777), test_f1: 43.65% (0.436490)
Batch 60 completed in 0.81 seconds (0.01 minutes)
loss: 0.799250, val_acc: 44.16% (0.441574), val_f1: 42.22% (0.422182), test_acc: 42.51% (0.425132), test_f1: 41.27% (0.412738)
Epoch 9 completed in 113.16 seconds (1.89 minutes)
>>>>>>>>>>>>>>>>>>>>>>>>>>>>>>>>>>>>>>>>>>>>>>>>>>>>>>>>>>>>>>>>>>>>>>>>>>>>>>>>>>>>>>>>>>>>>>>>>>>>
epoch: 10
Batch 0 completed in 0.81 seconds (0.01 minutes)
loss: 0.789771, val_acc: 44.45% (0.444510), val_f1: 43.43% (0.434336), test_acc: 43.34% (0.433353), test_f1: 42.18% (0.421750)
Batch 60 completed in 0.81 seconds (0.01 minutes)
loss: 0.764256, val_acc: 45.04% (0.450382), val_f1: 43.46% (0.434610), test_acc: 43.28% (0.432766), test_f1: 41.99% (0.419949)
Epoch 10 completed in 113.15 seconds (1.89 minutes)
>>>>>>>>>>>>>>>>>>>>>>>>>>>>>>>>>>>>>>>>>>>>>>>>>>>>>>>>>>>>>>>>>>>>>>>>>>>>>>>>>>>>>>>>>>>>>>>>>>>>
epoch: 11
Batch 0 completed in 0.81 seconds (0.01 minutes)
loss: 0.628284, val_acc: 44.51% (0.445097), val_f1: 42.72% (0.427169), test_acc: 42.87% (0.428655), test_f1: 41.66% (0.416605)
Batch 60 completed in 0.81 seconds (0.01 minutes)
loss: 0.587548, val_acc: 42.98% (0.429830), val_f1: 41.51% (0.415071), test_acc: 42.34% (0.423371), test_f1: 40.90% (0.409002)
Epoch 11 completed in 113.22 seconds (1.89 minutes)
>>>>>>>>>>>>>>>>>>>>>>>>>>>>>>>>>>>>>>>>>>>>>>>>>>>>>>>>>>>>>>>>>>>>>>>>>>>>>>>>>>>>>>>>>>>>>>>>>>>>
epoch: 12
Batch 0 completed in 0.81 seconds (0.01 minutes)
loss: 0.579268, val_acc: 43.45% (0.434527), val_f1: 40.08% (0.400832), test_acc: 43.81% (0.438050), test_f1: 40.71% (0.407095)
Batch 60 completed in 0.81 seconds (0.01 minutes)
loss: 0.549069, val_acc: 43.57% (0.435702), val_f1: 41.82% (0.418194), test_acc: 42.69% (0.426894), test_f1: 40.68% (0.406788)
Epoch 12 completed in 113.20 seconds (1.89 minutes)
>>>>>>>>>>>>>>>>>>>>>>>>>>>>>>>>>>>>>>>>>>>>>>>>>>>>>>>>>>>>>>>>>>>>>>>>>>>>>>>>>>>>>>>>>>>>>>>>>>>>
epoch: 13
Batch 0 completed in 0.81 seconds (0.01 minutes)
loss: 0.552986, val_acc: 43.45% (0.434527), val_f1: 42.12% (0.421167), test_acc: 39.34% (0.393423), test_f1: 38.32% (0.383169)
Batch 60 completed in 0.81 seconds (0.01 minutes)
loss: 0.436254, val_acc: 43.45% (0.434527), val_f1: 40.67% (0.406658), test_acc: 42.51% (0.425132), test_f1: 39.56% (0.395609)
Epoch 13 completed in 113.06 seconds (1.88 minutes)
>>>>>>>>>>>>>>>>>>>>>>>>>>>>>>>>>>>>>>>>>>>>>>>>>>>>>>>>>>>>>>>>>>>>>>>>>>>>>>>>>>>>>>>>>>>>>>>>>>>>
epoch: 14
Batch 0 completed in 0.81 seconds (0.01 minutes)
loss: 0.425014, val_acc: 44.27% (0.442748), val_f1: 41.78% (0.417836), test_acc: 42.81% (0.428068), test_f1: 40.52% (0.405216)
Batch 60 completed in 0.81 seconds (0.01 minutes)
loss: 0.354337, val_acc: 45.10% (0.450969), val_f1: 40.34% (0.403431), test_acc: 44.80% (0.448033), test_f1: 40.04% (0.400425)
Epoch 14 completed in 113.37 seconds (1.89 minutes)
>>>>>>>>>>>>>>>>>>>>>>>>>>>>>>>>>>>>>>>>>>>>>>>>>>>>>>>>>>>>>>>>>>>>>>>>>>>>>>>>>>>>>>>>>>>>>>>>>>>>
epoch: 15
Batch 0 completed in 0.81 seconds (0.01 minutes)
loss: 0.363155, val_acc: 44.51% (0.445097), val_f1: 40.93% (0.409319), test_acc: 42.22% (0.422196), test_f1: 39.16% (0.391649)
Batch 60 completed in 0.81 seconds (0.01 minutes)
loss: 0.475417, val_acc: 42.69% (0.426894), val_f1: 40.33% (0.403254), test_acc: 42.22% (0.422196), test_f1: 40.08% (0.400836)
Epoch 15 completed in 113.04 seconds (1.88 minutes)
>>>>>>>>>>>>>>>>>>>>>>>>>>>>>>>>>>>>>>>>>>>>>>>>>>>>>>>>>>>>>>>>>>>>>>>>>>>>>>>>>>>>>>>>>>>>>>>>>>>>
epoch: 16
Batch 0 completed in 0.81 seconds (0.01 minutes)
loss: 0.388988, val_acc: 45.10% (0.450969), val_f1: 40.59% (0.405881), test_acc: 43.57% (0.435702), test_f1: 39.19% (0.391875)
Batch 60 completed in 0.81 seconds (0.01 minutes)
loss: 0.185346, val_acc: 43.45% (0.434527), val_f1: 39.26% (0.392602), test_acc: 42.92% (0.429243), test_f1: 39.46% (0.394601)
Epoch 16 completed in 112.93 seconds (1.88 minutes)
>>>>>>>>>>>>>>>>>>>>>>>>>>>>>>>>>>>>>>>>>>>>>>>>>>>>>>>>>>>>>>>>>>>>>>>>>>>>>>>>>>>>>>>>>>>>>>>>>>>>
epoch: 17
Batch 0 completed in 0.81 seconds (0.01 minutes)
loss: 0.303714, val_acc: 42.57% (0.425719), val_f1: 40.77% (0.407737), test_acc: 42.92% (0.429243), test_f1: 41.11% (0.411084)
Batch 60 completed in 0.81 seconds (0.01 minutes)
loss: 0.176872, val_acc: 44.57% (0.445684), val_f1: 40.38% (0.403841), test_acc: 42.45% (0.424545), test_f1: 39.12% (0.391178)
Epoch 17 completed in 112.97 seconds (1.88 minutes)
>>>>>>>>>>>>>>>>>>>>>>>>>>>>>>>>>>>>>>>>>>>>>>>>>>>>>>>>>>>>>>>>>>>>>>>>>>>>>>>>>>>>>>>>>>>>>>>>>>>>
epoch: 18
Batch 0 completed in 0.81 seconds (0.01 minutes)
loss: 0.373184, val_acc: 46.15% (0.461538), val_f1: 41.68% (0.416777), test_acc: 44.10% (0.440986), test_f1: 39.61% (0.396082)
Batch 60 completed in 0.81 seconds (0.01 minutes)
loss: 0.164764, val_acc: 44.22% (0.442161), val_f1: 41.04% (0.410385), test_acc: 42.57% (0.425719), test_f1: 39.31% (0.393094)
Epoch 18 completed in 112.99 seconds (1.88 minutes)
>>>>>>>>>>>>>>>>>>>>>>>>>>>>>>>>>>>>>>>>>>>>>>>>>>>>>>>>>>>>>>>>>>>>>>>>>>>>>>>>>>>>>>>>>>>>>>>>>>>>
epoch: 19
Batch 0 completed in 0.81 seconds (0.01 minutes)
loss: 0.208379, val_acc: 44.27% (0.442748), val_f1: 41.01% (0.410120), test_acc: 42.87% (0.428655), test_f1: 40.05% (0.400540)
Batch 60 completed in 0.81 seconds (0.01 minutes)
loss: 0.162329, val_acc: 43.75% (0.437463), val_f1: 39.52% (0.395154), test_acc: 44.04% (0.440399), test_f1: 40.10% (0.401025)
Epoch 19 completed in 112.88 seconds (1.88 minutes)
>>>>>>>>>>>>>>>>>>>>>>>>>>>>>>>>>>>>>>>>>>>>>>>>>>>>>>>>>>>>>>>>>>>>>>>>>>>>>>>>>>>>>>>>>>>>>>>>>>>>
epoch: 20
Batch 0 completed in 0.81 seconds (0.01 minutes)
loss: 0.388389, val_acc: 43.75% (0.437463), val_f1: 39.99% (0.399859), test_acc: 43.04% (0.430417), test_f1: 39.81% (0.398106)
Batch 60 completed in 0.81 seconds (0.01 minutes)
loss: 0.157922, val_acc: 44.04% (0.440399), val_f1: 40.01% (0.400111), test_acc: 42.75% (0.427481), test_f1: 38.69% (0.386910)
Epoch 20 completed in 112.80 seconds (1.88 minutes)
>>>>>>>>>>>>>>>>>>>>>>>>>>>>>>>>>>>>>>>>>>>>>>>>>>>>>>>>>>>>>>>>>>>>>>>>>>>>>>>>>>>>>>>>>>>>>>>>>>>>
epoch: 21
Batch 0 completed in 0.81 seconds (0.01 minutes)
loss: 0.227624, val_acc: 45.80% (0.458015), val_f1: 41.16% (0.411599), test_acc: 44.80% (0.448033), test_f1: 40.17% (0.401683)
Batch 60 completed in 0.81 seconds (0.01 minutes)
loss: 0.164280, val_acc: 43.34% (0.433353), val_f1: 40.38% (0.403751), test_acc: 42.81% (0.428068), test_f1: 40.18% (0.401814)
Epoch 21 completed in 111.33 seconds (1.86 minutes)
>>>>>>>>>>>>>>>>>>>>>>>>>>>>>>>>>>>>>>>>>>>>>>>>>>>>>>>>>>>>>>>>>>>>>>>>>>>>>>>>>>>>>>>>>>>>>>>>>>>>
epoch: 22
Batch 0 completed in 0.81 seconds (0.01 minutes)
loss: 0.316452, val_acc: 44.33% (0.443335), val_f1: 39.35% (0.393537), test_acc: 45.27% (0.452730), test_f1: 39.74% (0.397416)
Batch 60 completed in 0.81 seconds (0.01 minutes)
loss: 0.136508, val_acc: 43.75% (0.437463), val_f1: 40.54% (0.405447), test_acc: 43.16% (0.431591), test_f1: 40.09% (0.400932)
Epoch 22 completed in 112.89 seconds (1.88 minutes)
>>>>>>>>>>>>>>>>>>>>>>>>>>>>>>>>>>>>>>>>>>>>>>>>>>>>>>>>>>>>>>>>>>>>>>>>>>>>>>>>>>>>>>>>>>>>>>>>>>>>
epoch: 23
Batch 0 completed in 0.81 seconds (0.01 minutes)
loss: 0.385642, val_acc: 45.21% (0.452143), val_f1: 40.56% (0.405575), test_acc: 44.69% (0.446858), test_f1: 40.79% (0.407865)
Batch 60 completed in 0.81 seconds (0.01 minutes)
loss: 0.159793, val_acc: 44.98% (0.449794), val_f1: 40.58% (0.405792), test_acc: 45.04% (0.450382), test_f1: 41.27% (0.412722)
Epoch 23 completed in 112.57 seconds (1.88 minutes)
>>>>>>>>>>>>>>>>>>>>>>>>>>>>>>>>>>>>>>>>>>>>>>>>>>>>>>>>>>>>>>>>>>>>>>>>>>>>>>>>>>>>>>>>>>>>>>>>>>>>
epoch: 24
[DEBUG] Sample predictions in evaluate:  tensor([2, 2, 2, 2, 1, 2, 2, 2, 1, 1], device='cuda:0')
Batch 0 completed in 0.81 seconds (0.01 minutes)
loss: 0.183319, val_acc: 43.57% (0.435702), val_f1: 39.90% (0.399023), test_acc: 43.45% (0.434527), test_f1: 39.91% (0.399061)
Batch 60 completed in 0.81 seconds (0.01 minutes)
loss: 0.097526, val_acc: 44.51% (0.445097), val_f1: 40.30% (0.402990), test_acc: 44.04% (0.440399), test_f1: 40.07% (0.400687)
Epoch 24 completed in 112.54 seconds (1.88 minutes)
RESULT: Max Val F1: 0.457577, Max Test F1: 0.436490
Training complete. Generating confusion matrix on the test set.
Confusion matrix saved to /home/rgg2706/Multimodal-Sentiment-Analysis/Logs/SIMPLE-F3/2025-02-14/sub-2/012_Feb-14-2025_04:47_PM/confusion_matrix.png
Reading TensorBoard loss at each epoch:
Available tags: {'images': [], 'audio': [], 'histograms': [], 'scalars': ['Loss/train_batch', 'Loss/val_log_step', 'Loss/train_epoch', 'Loss/val_epoch'], 'distributions': [], 'tensors': [], 'graph': False, 'meta_graph': False, 'run_metadata': []}
Output File: /home/rgg2706/Multimodal-Sentiment-Analysis/Logs/SIMPLE-F3/2025-02-14/sub-2/012_Feb-14-2025_04:47_PM/trainval_loss_curves.png
Training and validation loss curves saved to /home/rgg2706/Multimodal-Sentiment-Analysis/Logs/SIMPLE-F3/2025-02-14/sub-2/012_Feb-14-2025_04:47_PM/trainval_loss_curves.png
Total Completion Time: 51.91 minutes. (0.87 hours) 
