PyTorch version: 2.1.1
CUDA available: True
CUDA version: 12.3
True
1
0
NVIDIA A100-PCIE-40GB
************no tfn layer************
> training arguments:
>>> rand_seed: 25
>>> model_name: mmfusion
>>> dataset: mvsa-m
>>> optimizer: <class 'torch.optim.adam.Adam'>
>>> initializer: <function xavier_uniform_ at 0x7f4b43e15e40>
>>> learning_rate: 0.001
>>> dropout_rate: 0.5
>>> num_epoch: 100
>>> batch_size: 64
>>> log_step: 50
>>> logdir: log
>>> embed_dim: 100
>>> hidden_dim: 100
>>> max_seq_len: 24
>>> polarities_dim: 3
>>> hops: 3
>>> att_file: ./att_file/
>>> pred_file: ./pred_file/
>>> clip_grad: 5.0
>>> path_image: ../../Datasets/MVSA/mvsa_images
>>> crop_size: 224
>>> fine_tune_cnn: False
>>> att_mode: vis_concat_attimg_gate
>>> resnet_root: ./resnet
>>> checkpoint: ./checkpoint/
>>> load_check_point: False
>>> load_opt: False
>>> tfn: False
>>> model_class: <class 'models.mmfusion.MMFUSION'>
>>> inputs_cols: ['text_left_indicator', 'text_right_indicator', 'aspect_indices']
>>> device: cuda
Before model allocation:
Allocated: 0.00 MB
Cached:    0.00 MB
preparing mvsa-m dataset...
loading word vectors...
building embedding_matrix: 100_mvsa-m_embedding_matrix.dat
--------------./datasets/mvsa-m/train.txt---------------
image has problem!
image has problem!
image has problem!
the number of problematic samples: 3
--------------./datasets/mvsa-m/dev.txt---------------
image has problem!
the number of problematic samples: 1
--------------./datasets/mvsa-m/test.txt---------------
the number of problematic samples: 0
building model
Before absa_dataset allocation:
Allocated: 230.28 MB
Cached:    244.00 MB
After model allocation:
Allocated: 254.87 MB
Cached:    268.00 MB
DataParallel(
  (module): MMFUSION(
    (embed): Embedding(51574, 100)
    (lstm_aspect): DynamicLSTM(
      (RNN): LSTM(100, 100, batch_first=True)
    )
    (lstm_l): DynamicLSTM(
      (RNN): LSTM(100, 100, batch_first=True)
    )
    (lstm_r): DynamicLSTM(
      (RNN): LSTM(100, 100, batch_first=True)
    )
    (attention_l): Attention2(
      (proj): Linear(in_features=100, out_features=100, bias=True)
      (dropout): Dropout(p=0.5, inplace=False)
    )
    (attention_r): Attention2(
      (proj): Linear(in_features=100, out_features=100, bias=True)
      (dropout): Dropout(p=0.5, inplace=False)
    )
    (visaspect_att_l): MMAttention(
      (proj): Linear(in_features=100, out_features=100, bias=True)
      (dropout): Dropout(p=0.5, inplace=False)
    )
    (visaspect_att_r): MMAttention(
      (proj): Linear(in_features=100, out_features=100, bias=True)
      (dropout): Dropout(p=0.5, inplace=False)
    )
    (ltext2hidden): Linear(in_features=100, out_features=100, bias=True)
    (laspect2hidden): Linear(in_features=100, out_features=100, bias=True)
    (rtext2hidden): Linear(in_features=100, out_features=100, bias=True)
    (raspect2hidden): Linear(in_features=100, out_features=100, bias=True)
    (dropout): Dropout(p=0.5, inplace=False)
    (aspect2text): Linear(in_features=100, out_features=100, bias=True)
    (vismap2text): Linear(in_features=2048, out_features=100, bias=True)
    (vis2text): Linear(in_features=2048, out_features=100, bias=True)
    (gate): Linear(in_features=2448, out_features=100, bias=True)
    (madality_attetion): Linear(in_features=100, out_features=1, bias=True)
    (text2hiddenvis): Linear(in_features=400, out_features=100, bias=True)
    (vis2hiddenvis): Linear(in_features=100, out_features=100, bias=True)
    (dense_6): Linear(in_features=600, out_features=3, bias=True)
  )
)
n_trainable_params: 1200104, n_nontrainable_params: 5157400
parameters only include text parts without word embeddings
>>>>>>>>>>>>>>>>>>>>>>>>>>>>>>>>>>>>>>>>>>>>>>>>>>>>>>>>>>>>>>>>>>>>>>>>>>>>>>>>>>>>>>>>>>>>>>>>>>>>
epoch:  0
loss: 0.9570, acc: 0.5071, dev_acc: 0.5250, test_acc: 0.5033
dev_f1: 0.2887, test_f1: 0.2771
loss: 0.8824, acc: 0.5128, dev_acc: 0.5255, test_acc: 0.5079
dev_f1: 0.3007, test_f1: 0.2916
loss: 0.8062, acc: 0.5340, dev_acc: 0.5413, test_acc: 0.5230
dev_f1: 0.3417, test_f1: 0.3373
>>>>>>>>>>>>>>>>>>>>>>>>>>>>>>>>>>>>>>>>>>>>>>>>>>>>>>>>>>>>>>>>>>>>>>>>>>>>>>>>>>>>>>>>>>>>>>>>>>>>
epoch:  1
loss: 0.8808, acc: 0.5513, dev_acc: 0.5380, test_acc: 0.5349
dev_f1: 0.3870, test_f1: 0.4028
loss: 0.8896, acc: 0.5598, dev_acc: 0.5247, test_acc: 0.5388
dev_f1: 0.3916, test_f1: 0.4136
loss: 0.8550, acc: 0.5613, dev_acc: 0.5321, test_acc: 0.5423
dev_f1: 0.3714, test_f1: 0.3990
loss: 0.8841, acc: 0.5707, dev_acc: 0.5372, test_acc: 0.5449
dev_f1: 0.3888, test_f1: 0.4177
>>>>>>>>>>>>>>>>>>>>>>>>>>>>>>>>>>>>>>>>>>>>>>>>>>>>>>>>>>>>>>>>>>>>>>>>>>>>>>>>>>>>>>>>>>>>>>>>>>>>
epoch:  2
loss: 0.9253, acc: 0.5673, dev_acc: 0.5367, test_acc: 0.5467
dev_f1: 0.3760, test_f1: 0.3977
loss: 0.9492, acc: 0.5796, dev_acc: 0.5423, test_acc: 0.5434
dev_f1: 0.4031, test_f1: 0.4188
loss: 0.7645, acc: 0.5744, dev_acc: 0.5327, test_acc: 0.5416
dev_f1: 0.3935, test_f1: 0.4102
loss: 0.9326, acc: 0.5791, dev_acc: 0.5423, test_acc: 0.5500
dev_f1: 0.3751, test_f1: 0.3947
>>>>>>>>>>>>>>>>>>>>>>>>>>>>>>>>>>>>>>>>>>>>>>>>>>>>>>>>>>>>>>>>>>>>>>>>>>>>>>>>>>>>>>>>>>>>>>>>>>>>
epoch:  3
loss: 0.8128, acc: 0.5926, dev_acc: 0.5334, test_acc: 0.5418
dev_f1: 0.4011, test_f1: 0.4233
loss: 0.9427, acc: 0.6009, dev_acc: 0.5306, test_acc: 0.5462
dev_f1: 0.4291, test_f1: 0.4431
loss: 0.8773, acc: 0.5936, dev_acc: 0.5314, test_acc: 0.5449
dev_f1: 0.3937, test_f1: 0.4195
>>>>>>>>>>>>>>>>>>>>>>>>>>>>>>>>>>>>>>>>>>>>>>>>>>>>>>>>>>>>>>>>>>>>>>>>>>>>>>>>>>>>>>>>>>>>>>>>>>>>
epoch:  4
loss: 0.7601, acc: 0.6031, dev_acc: 0.5352, test_acc: 0.5497
dev_f1: 0.3919, test_f1: 0.4132
loss: 0.7611, acc: 0.6084, dev_acc: 0.5258, test_acc: 0.5482
dev_f1: 0.4061, test_f1: 0.4299
loss: 0.7956, acc: 0.6192, dev_acc: 0.5283, test_acc: 0.5329
dev_f1: 0.4133, test_f1: 0.4238
loss: 0.6757, acc: 0.6158, dev_acc: 0.5362, test_acc: 0.5436
dev_f1: 0.4027, test_f1: 0.4168
>>>>>>>>>>>>>>>>>>>>>>>>>>>>>>>>>>>>>>>>>>>>>>>>>>>>>>>>>>>>>>>>>>>>>>>>>>>>>>>>>>>>>>>>>>>>>>>>>>>>
epoch:  5
loss: 0.7436, acc: 0.5969, dev_acc: 0.5347, test_acc: 0.5253
dev_f1: 0.3927, test_f1: 0.3866
loss: 0.8167, acc: 0.6198, dev_acc: 0.5066, test_acc: 0.5288
dev_f1: 0.4164, test_f1: 0.4339
loss: 0.6947, acc: 0.6258, dev_acc: 0.5033, test_acc: 0.5230
dev_f1: 0.4062, test_f1: 0.4252
loss: 0.8080, acc: 0.6371, dev_acc: 0.5357, test_acc: 0.5383
dev_f1: 0.3956, test_f1: 0.4030
>>>>>>>>>>>>>>>>>>>>>>>>>>>>>>>>>>>>>>>>>>>>>>>>>>>>>>>>>>>>>>>>>>>>>>>>>>>>>>>>>>>>>>>>>>>>>>>>>>>>
epoch:  6
loss: 0.7651, acc: 0.6379, dev_acc: 0.4878, test_acc: 0.5171
dev_f1: 0.4019, test_f1: 0.4267
loss: 0.7771, acc: 0.6614, dev_acc: 0.5255, test_acc: 0.5383
dev_f1: 0.4144, test_f1: 0.4292
loss: 0.7244, acc: 0.6651, dev_acc: 0.5204, test_acc: 0.5281
dev_f1: 0.4175, test_f1: 0.4324
>>>>>>>>>>>>>>>>>>>>>>>>>>>>>>>>>>>>>>>>>>>>>>>>>>>>>>>>>>>>>>>>>>>>>>>>>>>>>>>>>>>>>>>>>>>>>>>>>>>>
epoch:  7
loss: 0.6334, acc: 0.6776, dev_acc: 0.5230, test_acc: 0.5301
dev_f1: 0.4227, test_f1: 0.4361
loss: 0.6962, acc: 0.6839, dev_acc: 0.4908, test_acc: 0.5133
dev_f1: 0.4155, test_f1: 0.4391
loss: 0.7201, acc: 0.6822, dev_acc: 0.5199, test_acc: 0.5291
dev_f1: 0.4085, test_f1: 0.4181
loss: 0.6258, acc: 0.7053, dev_acc: 0.5235, test_acc: 0.5237
dev_f1: 0.4263, test_f1: 0.4282
>>>>>>>>>>>>>>>>>>>>>>>>>>>>>>>>>>>>>>>>>>>>>>>>>>>>>>>>>>>>>>>>>>>>>>>>>>>>>>>>>>>>>>>>>>>>>>>>>>>>
epoch:  8
loss: 0.7239, acc: 0.7128, dev_acc: 0.4893, test_acc: 0.5117
dev_f1: 0.4140, test_f1: 0.4307
loss: 0.7601, acc: 0.7316, dev_acc: 0.4980, test_acc: 0.5166
dev_f1: 0.4113, test_f1: 0.4327
loss: 0.6087, acc: 0.7269, dev_acc: 0.5010, test_acc: 0.5153
dev_f1: 0.3972, test_f1: 0.4185
loss: 0.6138, acc: 0.7388, dev_acc: 0.5051, test_acc: 0.5166
dev_f1: 0.4077, test_f1: 0.4306
>>>>>>>>>>>>>>>>>>>>>>>>>>>>>>>>>>>>>>>>>>>>>>>>>>>>>>>>>>>>>>>>>>>>>>>>>>>>>>>>>>>>>>>>>>>>>>>>>>>>
epoch:  9
loss: 0.5867, acc: 0.7488, dev_acc: 0.5102, test_acc: 0.5199
dev_f1: 0.4091, test_f1: 0.4273
loss: 0.6212, acc: 0.7616, dev_acc: 0.4923, test_acc: 0.5013
dev_f1: 0.4063, test_f1: 0.4218
loss: 0.6059, acc: 0.7770, dev_acc: 0.5031, test_acc: 0.5158
dev_f1: 0.4160, test_f1: 0.4314
>>>>>>>>>>>>>>>>>>>>>>>>>>>>>>>>>>>>>>>>>>>>>>>>>>>>>>>>>>>>>>>>>>>>>>>>>>>>>>>>>>>>>>>>>>>>>>>>>>>>
epoch:  10
loss: 0.4743, acc: 0.7893, dev_acc: 0.4941, test_acc: 0.5074
dev_f1: 0.4063, test_f1: 0.4235
loss: 0.4731, acc: 0.7827, dev_acc: 0.5048, test_acc: 0.5168
dev_f1: 0.4019, test_f1: 0.4037
loss: 0.4985, acc: 0.8011, dev_acc: 0.5031, test_acc: 0.5176
dev_f1: 0.4094, test_f1: 0.4291
loss: 0.5549, acc: 0.8100, dev_acc: 0.4842, test_acc: 0.5191
dev_f1: 0.3937, test_f1: 0.4380
>>>>>>>>>>>>>>>>>>>>>>>>>>>>>>>>>>>>>>>>>>>>>>>>>>>>>>>>>>>>>>>>>>>>>>>>>>>>>>>>>>>>>>>>>>>>>>>>>>>>
epoch:  11
loss: 0.4882, acc: 0.8251, dev_acc: 0.5036, test_acc: 0.5143
dev_f1: 0.4057, test_f1: 0.4259
loss: 0.4372, acc: 0.8176, dev_acc: 0.4870, test_acc: 0.5064
dev_f1: 0.4004, test_f1: 0.4262
loss: 0.6243, acc: 0.8302, dev_acc: 0.4842, test_acc: 0.5079
dev_f1: 0.4023, test_f1: 0.4274
loss: 0.6010, acc: 0.8482, dev_acc: 0.4926, test_acc: 0.5138
dev_f1: 0.3979, test_f1: 0.4292
>>>>>>>>>>>>>>>>>>>>>>>>>>>>>>>>>>>>>>>>>>>>>>>>>>>>>>>>>>>>>>>>>>>>>>>>>>>>>>>>>>>>>>>>>>>>>>>>>>>>
epoch:  12
loss: 0.5233, acc: 0.8413, dev_acc: 0.5054, test_acc: 0.5089
dev_f1: 0.3970, test_f1: 0.4169
loss: 0.3937, acc: 0.8580, dev_acc: 0.4972, test_acc: 0.5064
dev_f1: 0.4038, test_f1: 0.4180
loss: 0.4336, acc: 0.8685, dev_acc: 0.4776, test_acc: 0.4952
dev_f1: 0.3966, test_f1: 0.4157
>>>>>>>>>>>>>>>>>>>>>>>>>>>>>>>>>>>>>>>>>>>>>>>>>>>>>>>>>>>>>>>>>>>>>>>>>>>>>>>>>>>>>>>>>>>>>>>>>>>>
epoch:  13
loss: 0.2793, acc: 0.8674, dev_acc: 0.5015, test_acc: 0.5117
dev_f1: 0.3952, test_f1: 0.4233
loss: 0.2492, acc: 0.8750, dev_acc: 0.4827, test_acc: 0.5038
dev_f1: 0.3958, test_f1: 0.4253
loss: 0.3803, acc: 0.8866, dev_acc: 0.4890, test_acc: 0.5071
dev_f1: 0.3965, test_f1: 0.4158
loss: 0.4168, acc: 0.8891, dev_acc: 0.4949, test_acc: 0.5148
dev_f1: 0.3976, test_f1: 0.4292
>>>>>>>>>>>>>>>>>>>>>>>>>>>>>>>>>>>>>>>>>>>>>>>>>>>>>>>>>>>>>>>>>>>>>>>>>>>>>>>>>>>>>>>>>>>>>>>>>>>>
epoch:  14
loss: 0.3596, acc: 0.9065, dev_acc: 0.4959, test_acc: 0.5043
dev_f1: 0.3970, test_f1: 0.4232
loss: 0.4137, acc: 0.9099, dev_acc: 0.4847, test_acc: 0.4954
dev_f1: 0.3920, test_f1: 0.4129
loss: 0.4437, acc: 0.9031, dev_acc: 0.4878, test_acc: 0.5128
dev_f1: 0.3889, test_f1: 0.4220
loss: 0.4761, acc: 0.9067, dev_acc: 0.4883, test_acc: 0.5059
dev_f1: 0.4087, test_f1: 0.4421
>>>>>>>>>>>>>>>>>>>>>>>>>>>>>>>>>>>>>>>>>>>>>>>>>>>>>>>>>>>>>>>>>>>>>>>>>>>>>>>>>>>>>>>>>>>>>>>>>>>>
epoch:  15
loss: 0.2845, acc: 0.9173, dev_acc: 0.5003, test_acc: 0.5112
dev_f1: 0.3971, test_f1: 0.4192
loss: 0.2506, acc: 0.9277, dev_acc: 0.4770, test_acc: 0.4990
dev_f1: 0.3954, test_f1: 0.4280
loss: 0.2131, acc: 0.9166, dev_acc: 0.4704, test_acc: 0.4824
dev_f1: 0.3864, test_f1: 0.4127
>>>>>>>>>>>>>>>>>>>>>>>>>>>>>>>>>>>>>>>>>>>>>>>>>>>>>>>>>>>>>>>>>>>>>>>>>>>>>>>>>>>>>>>>>>>>>>>>>>>>
epoch:  16
loss: 0.3316, acc: 0.9205, dev_acc: 0.4923, test_acc: 0.5054
dev_f1: 0.3857, test_f1: 0.4024
loss: 0.2771, acc: 0.9429, dev_acc: 0.4926, test_acc: 0.5110
dev_f1: 0.3960, test_f1: 0.4175
loss: 0.2544, acc: 0.9289, dev_acc: 0.4977, test_acc: 0.5028
dev_f1: 0.4029, test_f1: 0.4246
loss: 0.2951, acc: 0.9370, dev_acc: 0.4898, test_acc: 0.4990
dev_f1: 0.3943, test_f1: 0.4172
>>>>>>>>>>>>>>>>>>>>>>>>>>>>>>>>>>>>>>>>>>>>>>>>>>>>>>>>>>>>>>>>>>>>>>>>>>>>>>>>>>>>>>>>>>>>>>>>>>>>
epoch:  17
loss: 0.2292, acc: 0.9442, dev_acc: 0.4918, test_acc: 0.5079
dev_f1: 0.4011, test_f1: 0.4315
loss: 0.1344, acc: 0.9467, dev_acc: 0.4719, test_acc: 0.4916
dev_f1: 0.3889, test_f1: 0.4198
loss: 0.1884, acc: 0.9441, dev_acc: 0.4934, test_acc: 0.5046
dev_f1: 0.3989, test_f1: 0.4259
loss: 0.4251, acc: 0.9421, dev_acc: 0.4921, test_acc: 0.5005
dev_f1: 0.3858, test_f1: 0.4128
>>>>>>>>>>>>>>>>>>>>>>>>>>>>>>>>>>>>>>>>>>>>>>>>>>>>>>>>>>>>>>>>>>>>>>>>>>>>>>>>>>>>>>>>>>>>>>>>>>>>
epoch:  18
loss: 0.1840, acc: 0.9491, dev_acc: 0.4730, test_acc: 0.5020
dev_f1: 0.3914, test_f1: 0.4366
loss: 0.2041, acc: 0.9471, dev_acc: 0.4793, test_acc: 0.4929
dev_f1: 0.3995, test_f1: 0.4238
loss: 0.2326, acc: 0.9475, dev_acc: 0.4862, test_acc: 0.5010
dev_f1: 0.4034, test_f1: 0.4271
>>>>>>>>>>>>>>>>>>>>>>>>>>>>>>>>>>>>>>>>>>>>>>>>>>>>>>>>>>>>>>>>>>>>>>>>>>>>>>>>>>>>>>>>>>>>>>>>>>>>
epoch:  19
loss: 0.1168, acc: 0.9463, dev_acc: 0.4798, test_acc: 0.5031
dev_f1: 0.3856, test_f1: 0.4218
loss: 0.0752, acc: 0.9575, dev_acc: 0.4860, test_acc: 0.5082
dev_f1: 0.3896, test_f1: 0.4210
loss: 0.3139, acc: 0.9596, dev_acc: 0.4849, test_acc: 0.5028
dev_f1: 0.3899, test_f1: 0.4186
loss: 0.1098, acc: 0.9596, dev_acc: 0.4750, test_acc: 0.5041
dev_f1: 0.3838, test_f1: 0.4280
>>>>>>>>>>>>>>>>>>>>>>>>>>>>>>>>>>>>>>>>>>>>>>>>>>>>>>>>>>>>>>>>>>>>>>>>>>>>>>>>>>>>>>>>>>>>>>>>>>>>
epoch:  20
loss: 0.0826, acc: 0.9512, dev_acc: 0.4755, test_acc: 0.4890
dev_f1: 0.3983, test_f1: 0.4198
loss: 0.1900, acc: 0.9672, dev_acc: 0.4824, test_acc: 0.4901
dev_f1: 0.3916, test_f1: 0.4097
loss: 0.1678, acc: 0.9611, dev_acc: 0.4760, test_acc: 0.4923
dev_f1: 0.4058, test_f1: 0.4192
loss: 0.1442, acc: 0.9604, dev_acc: 0.4727, test_acc: 0.5008
dev_f1: 0.3883, test_f1: 0.4290
>>>>>>>>>>>>>>>>>>>>>>>>>>>>>>>>>>>>>>>>>>>>>>>>>>>>>>>>>>>>>>>>>>>>>>>>>>>>>>>>>>>>>>>>>>>>>>>>>>>>
epoch:  21
loss: 0.1636, acc: 0.9679, dev_acc: 0.4870, test_acc: 0.4987
dev_f1: 0.3971, test_f1: 0.4119
loss: 0.1626, acc: 0.9645, dev_acc: 0.4974, test_acc: 0.5087
dev_f1: 0.3936, test_f1: 0.4164
loss: 0.1936, acc: 0.9643, dev_acc: 0.4842, test_acc: 0.4974
dev_f1: 0.4012, test_f1: 0.4279
>>>>>>>>>>>>>>>>>>>>>>>>>>>>>>>>>>>>>>>>>>>>>>>>>>>>>>>>>>>>>>>>>>>>>>>>>>>>>>>>>>>>>>>>>>>>>>>>>>>>
epoch:  22
loss: 0.0520, acc: 0.9671, dev_acc: 0.4816, test_acc: 0.5054
dev_f1: 0.3948, test_f1: 0.4275
loss: 0.1587, acc: 0.9702, dev_acc: 0.4837, test_acc: 0.5031
dev_f1: 0.3901, test_f1: 0.4185
loss: 0.0526, acc: 0.9703, dev_acc: 0.4852, test_acc: 0.4921
dev_f1: 0.3924, test_f1: 0.4128
loss: 0.2168, acc: 0.9707, dev_acc: 0.4957, test_acc: 0.4901
dev_f1: 0.3968, test_f1: 0.4065
>>>>>>>>>>>>>>>>>>>>>>>>>>>>>>>>>>>>>>>>>>>>>>>>>>>>>>>>>>>>>>>>>>>>>>>>>>>>>>>>>>>>>>>>>>>>>>>>>>>>
epoch:  23
loss: 0.0622, acc: 0.9720, dev_acc: 0.4791, test_acc: 0.4916
dev_f1: 0.3955, test_f1: 0.4193
loss: 0.1653, acc: 0.9663, dev_acc: 0.4691, test_acc: 0.4895
dev_f1: 0.3877, test_f1: 0.4148
loss: 0.0646, acc: 0.9747, dev_acc: 0.4829, test_acc: 0.4883
dev_f1: 0.3965, test_f1: 0.4135
loss: 0.0798, acc: 0.9777, dev_acc: 0.4819, test_acc: 0.4941
dev_f1: 0.3893, test_f1: 0.4123
>>>>>>>>>>>>>>>>>>>>>>>>>>>>>>>>>>>>>>>>>>>>>>>>>>>>>>>>>>>>>>>>>>>>>>>>>>>>>>>>>>>>>>>>>>>>>>>>>>>>
epoch:  24
loss: 0.0675, acc: 0.9716, dev_acc: 0.4811, test_acc: 0.4913
dev_f1: 0.3929, test_f1: 0.4123
loss: 0.2034, acc: 0.9724, dev_acc: 0.4865, test_acc: 0.4903
dev_f1: 0.3868, test_f1: 0.4090
loss: 0.1551, acc: 0.9722, dev_acc: 0.4977, test_acc: 0.4992
dev_f1: 0.3972, test_f1: 0.4106
loss: 0.1485, acc: 0.9724, dev_acc: 0.4849, test_acc: 0.4931
dev_f1: 0.3873, test_f1: 0.4085
>>>>>>>>>>>>>>>>>>>>>>>>>>>>>>>>>>>>>>>>>>>>>>>>>>>>>>>>>>>>>>>>>>>>>>>>>>>>>>>>>>>>>>>>>>>>>>>>>>>>
epoch:  25
loss: 0.0576, acc: 0.9782, dev_acc: 0.4865, test_acc: 0.4980
dev_f1: 0.3966, test_f1: 0.4193
loss: 0.1260, acc: 0.9727, dev_acc: 0.4921, test_acc: 0.5038
dev_f1: 0.3916, test_f1: 0.4160
loss: 0.0782, acc: 0.9784, dev_acc: 0.4811, test_acc: 0.4855
dev_f1: 0.3849, test_f1: 0.4106
>>>>>>>>>>>>>>>>>>>>>>>>>>>>>>>>>>>>>>>>>>>>>>>>>>>>>>>>>>>>>>>>>>>>>>>>>>>>>>>>>>>>>>>>>>>>>>>>>>>>
epoch:  26
loss: 0.1000, acc: 0.9723, dev_acc: 0.4824, test_acc: 0.4946
dev_f1: 0.3875, test_f1: 0.4139
loss: 0.1578, acc: 0.9719, dev_acc: 0.4770, test_acc: 0.4911
dev_f1: 0.3938, test_f1: 0.4221
loss: 0.1024, acc: 0.9808, dev_acc: 0.4865, test_acc: 0.5043
dev_f1: 0.3861, test_f1: 0.4203
loss: 0.1003, acc: 0.9738, dev_acc: 0.4849, test_acc: 0.5013
dev_f1: 0.3783, test_f1: 0.4062
>>>>>>>>>>>>>>>>>>>>>>>>>>>>>>>>>>>>>>>>>>>>>>>>>>>>>>>>>>>>>>>>>>>>>>>>>>>>>>>>>>>>>>>>>>>>>>>>>>>>
epoch:  27
loss: 0.1134, acc: 0.9766, dev_acc: 0.4860, test_acc: 0.5064
dev_f1: 0.3943, test_f1: 0.4272
loss: 0.0939, acc: 0.9680, dev_acc: 0.4730, test_acc: 0.4890
dev_f1: 0.3835, test_f1: 0.4016
loss: 0.1219, acc: 0.9756, dev_acc: 0.4702, test_acc: 0.4834
dev_f1: 0.3920, test_f1: 0.4143
loss: 0.1134, acc: 0.9779, dev_acc: 0.4798, test_acc: 0.4952
dev_f1: 0.3833, test_f1: 0.4240
>>>>>>>>>>>>>>>>>>>>>>>>>>>>>>>>>>>>>>>>>>>>>>>>>>>>>>>>>>>>>>>>>>>>>>>>>>>>>>>>>>>>>>>>>>>>>>>>>>>>
epoch:  28
loss: 0.0973, acc: 0.9769, dev_acc: 0.4758, test_acc: 0.4931
dev_f1: 0.3839, test_f1: 0.4073
loss: 0.1386, acc: 0.9792, dev_acc: 0.4934, test_acc: 0.5054
dev_f1: 0.3814, test_f1: 0.4095
loss: 0.0508, acc: 0.9782, dev_acc: 0.4819, test_acc: 0.4972
dev_f1: 0.3860, test_f1: 0.4199
>>>>>>>>>>>>>>>>>>>>>>>>>>>>>>>>>>>>>>>>>>>>>>>>>>>>>>>>>>>>>>>>>>>>>>>>>>>>>>>>>>>>>>>>>>>>>>>>>>>>
epoch:  29
loss: 0.0694, acc: 0.9829, dev_acc: 0.4827, test_acc: 0.5089
dev_f1: 0.3813, test_f1: 0.4281
loss: 0.1176, acc: 0.9838, dev_acc: 0.4839, test_acc: 0.5041
dev_f1: 0.3875, test_f1: 0.4213
loss: 0.0589, acc: 0.9815, dev_acc: 0.4931, test_acc: 0.5079
dev_f1: 0.3983, test_f1: 0.4297
loss: 0.3090, acc: 0.9721, dev_acc: 0.4699, test_acc: 0.4883
dev_f1: 0.3732, test_f1: 0.4052
>>>>>>>>>>>>>>>>>>>>>>>>>>>>>>>>>>>>>>>>>>>>>>>>>>>>>>>>>>>>>>>>>>>>>>>>>>>>>>>>>>>>>>>>>>>>>>>>>>>>
epoch:  30
loss: 0.0457, acc: 0.9806, dev_acc: 0.4806, test_acc: 0.5097
dev_f1: 0.3849, test_f1: 0.4296
loss: 0.0698, acc: 0.9849, dev_acc: 0.4801, test_acc: 0.5036
dev_f1: 0.3860, test_f1: 0.4273
loss: 0.1926, acc: 0.9793, dev_acc: 0.4656, test_acc: 0.4888
dev_f1: 0.3826, test_f1: 0.4223
loss: 0.1606, acc: 0.9794, dev_acc: 0.4712, test_acc: 0.4865
dev_f1: 0.3778, test_f1: 0.4120
>>>>>>>>>>>>>>>>>>>>>>>>>>>>>>>>>>>>>>>>>>>>>>>>>>>>>>>>>>>>>>>>>>>>>>>>>>>>>>>>>>>>>>>>>>>>>>>>>>>>
epoch:  31
loss: 0.0804, acc: 0.9799, dev_acc: 0.4770, test_acc: 0.4931
dev_f1: 0.3823, test_f1: 0.4130
loss: 0.0268, acc: 0.9812, dev_acc: 0.4633, test_acc: 0.4878
dev_f1: 0.3738, test_f1: 0.4124
loss: 0.2159, acc: 0.9705, dev_acc: 0.4857, test_acc: 0.4901
dev_f1: 0.3955, test_f1: 0.4170
>>>>>>>>>>>>>>>>>>>>>>>>>>>>>>>>>>>>>>>>>>>>>>>>>>>>>>>>>>>>>>>>>>>>>>>>>>>>>>>>>>>>>>>>>>>>>>>>>>>>
epoch:  32
loss: 0.1268, acc: 0.9800, dev_acc: 0.4750, test_acc: 0.4980
dev_f1: 0.3859, test_f1: 0.4230
loss: 0.0927, acc: 0.9820, dev_acc: 0.4773, test_acc: 0.4903
dev_f1: 0.3862, test_f1: 0.4226
loss: 0.0479, acc: 0.9840, dev_acc: 0.4870, test_acc: 0.4995
dev_f1: 0.3935, test_f1: 0.4243
loss: 0.3219, acc: 0.9803, dev_acc: 0.4755, test_acc: 0.4911
dev_f1: 0.3783, test_f1: 0.4113
>>>>>>>>>>>>>>>>>>>>>>>>>>>>>>>>>>>>>>>>>>>>>>>>>>>>>>>>>>>>>>>>>>>>>>>>>>>>>>>>>>>>>>>>>>>>>>>>>>>>
epoch:  33
loss: 0.0543, acc: 0.9805, dev_acc: 0.4773, test_acc: 0.4964
dev_f1: 0.3824, test_f1: 0.4183
loss: 0.0580, acc: 0.9820, dev_acc: 0.4849, test_acc: 0.4985
dev_f1: 0.3831, test_f1: 0.4184
loss: 0.1401, acc: 0.9714, dev_acc: 0.4569, test_acc: 0.4872
dev_f1: 0.3743, test_f1: 0.4211
loss: 0.1194, acc: 0.9786, dev_acc: 0.4753, test_acc: 0.4954
dev_f1: 0.3729, test_f1: 0.4164
>>>>>>>>>>>>>>>>>>>>>>>>>>>>>>>>>>>>>>>>>>>>>>>>>>>>>>>>>>>>>>>>>>>>>>>>>>>>>>>>>>>>>>>>>>>>>>>>>>>>
epoch:  34
loss: 0.0479, acc: 0.9816, dev_acc: 0.4809, test_acc: 0.5003
dev_f1: 0.3834, test_f1: 0.4145
loss: 0.2171, acc: 0.9842, dev_acc: 0.4776, test_acc: 0.5097
dev_f1: 0.3832, test_f1: 0.4309
loss: 0.1319, acc: 0.9843, dev_acc: 0.4696, test_acc: 0.4982
dev_f1: 0.3808, test_f1: 0.4214
>>>>>>>>>>>>>>>>>>>>>>>>>>>>>>>>>>>>>>>>>>>>>>>>>>>>>>>>>>>>>>>>>>>>>>>>>>>>>>>>>>>>>>>>>>>>>>>>>>>>
epoch:  35
loss: 0.0266, acc: 0.9816, dev_acc: 0.4906, test_acc: 0.4997
dev_f1: 0.3944, test_f1: 0.4167
loss: 0.0660, acc: 0.9876, dev_acc: 0.4770, test_acc: 0.5041
dev_f1: 0.3880, test_f1: 0.4272
loss: 0.1300, acc: 0.9857, dev_acc: 0.4867, test_acc: 0.5066
dev_f1: 0.3862, test_f1: 0.4118
loss: 0.0184, acc: 0.9873, dev_acc: 0.4929, test_acc: 0.5038
dev_f1: 0.3952, test_f1: 0.4104
>>>>>>>>>>>>>>>>>>>>>>>>>>>>>>>>>>>>>>>>>>>>>>>>>>>>>>>>>>>>>>>>>>>>>>>>>>>>>>>>>>>>>>>>>>>>>>>>>>>>
epoch:  36
loss: 0.0255, acc: 0.9864, dev_acc: 0.4798, test_acc: 0.4929
dev_f1: 0.3935, test_f1: 0.4119
loss: 0.1821, acc: 0.9883, dev_acc: 0.4811, test_acc: 0.4939
dev_f1: 0.3865, test_f1: 0.4071
loss: 0.0830, acc: 0.9820, dev_acc: 0.4788, test_acc: 0.4990
dev_f1: 0.3834, test_f1: 0.4133
loss: 0.1116, acc: 0.9847, dev_acc: 0.4911, test_acc: 0.5003
dev_f1: 0.3901, test_f1: 0.4100
>>>>>>>>>>>>>>>>>>>>>>>>>>>>>>>>>>>>>>>>>>>>>>>>>>>>>>>>>>>>>>>>>>>>>>>>>>>>>>>>>>>>>>>>>>>>>>>>>>>>
epoch:  37
loss: 0.0937, acc: 0.9825, dev_acc: 0.4824, test_acc: 0.4890
dev_f1: 0.3860, test_f1: 0.4126
loss: 0.2037, acc: 0.9804, dev_acc: 0.4704, test_acc: 0.4852
dev_f1: 0.3765, test_f1: 0.4046
loss: 0.0468, acc: 0.9858, dev_acc: 0.4742, test_acc: 0.4857
dev_f1: 0.3820, test_f1: 0.4056
>>>>>>>>>>>>>>>>>>>>>>>>>>>>>>>>>>>>>>>>>>>>>>>>>>>>>>>>>>>>>>>>>>>>>>>>>>>>>>>>>>>>>>>>>>>>>>>>>>>>
epoch:  38
loss: 0.0611, acc: 0.9856, dev_acc: 0.4582, test_acc: 0.4855
dev_f1: 0.3814, test_f1: 0.4133
loss: 0.0281, acc: 0.9889, dev_acc: 0.4811, test_acc: 0.4957
dev_f1: 0.3870, test_f1: 0.4085
loss: 0.0724, acc: 0.9848, dev_acc: 0.4849, test_acc: 0.4997
dev_f1: 0.3861, test_f1: 0.4154
loss: 0.0526, acc: 0.9880, dev_acc: 0.4903, test_acc: 0.4982
dev_f1: 0.4039, test_f1: 0.4188
>>>>>>>>>>>>>>>>>>>>>>>>>>>>>>>>>>>>>>>>>>>>>>>>>>>>>>>>>>>>>>>>>>>>>>>>>>>>>>>>>>>>>>>>>>>>>>>>>>>>
epoch:  39
loss: 0.0603, acc: 0.9864, dev_acc: 0.4880, test_acc: 0.4929
dev_f1: 0.3967, test_f1: 0.4098
loss: 0.0363, acc: 0.9841, dev_acc: 0.4635, test_acc: 0.4867
dev_f1: 0.3773, test_f1: 0.4042
loss: 0.0402, acc: 0.9850, dev_acc: 0.4745, test_acc: 0.4834
dev_f1: 0.3916, test_f1: 0.4075
loss: 0.0433, acc: 0.9818, dev_acc: 0.4773, test_acc: 0.4893
dev_f1: 0.3841, test_f1: 0.3969
>>>>>>>>>>>>>>>>>>>>>>>>>>>>>>>>>>>>>>>>>>>>>>>>>>>>>>>>>>>>>>>>>>>>>>>>>>>>>>>>>>>>>>>>>>>>>>>>>>>>
epoch:  40
loss: 0.1165, acc: 0.9863, dev_acc: 0.4763, test_acc: 0.4929
dev_f1: 0.3807, test_f1: 0.4192
loss: 0.0416, acc: 0.9859, dev_acc: 0.4837, test_acc: 0.5036
dev_f1: 0.3822, test_f1: 0.4154
loss: 0.0257, acc: 0.9869, dev_acc: 0.4816, test_acc: 0.4890
dev_f1: 0.3870, test_f1: 0.4033
>>>>>>>>>>>>>>>>>>>>>>>>>>>>>>>>>>>>>>>>>>>>>>>>>>>>>>>>>>>>>>>>>>>>>>>>>>>>>>>>>>>>>>>>>>>>>>>>>>>>
epoch:  41
loss: 0.1358, acc: 0.9885, dev_acc: 0.4926, test_acc: 0.4987
dev_f1: 0.3856, test_f1: 0.4020
loss: 0.0363, acc: 0.9861, dev_acc: 0.4839, test_acc: 0.4926
dev_f1: 0.3920, test_f1: 0.4094
loss: 0.0693, acc: 0.9884, dev_acc: 0.4814, test_acc: 0.4992
dev_f1: 0.3819, test_f1: 0.4072
loss: 0.0255, acc: 0.9878, dev_acc: 0.4740, test_acc: 0.4959
dev_f1: 0.3906, test_f1: 0.4202
>>>>>>>>>>>>>>>>>>>>>>>>>>>>>>>>>>>>>>>>>>>>>>>>>>>>>>>>>>>>>>>>>>>>>>>>>>>>>>>>>>>>>>>>>>>>>>>>>>>>
epoch:  42
loss: 0.0777, acc: 0.9869, dev_acc: 0.4816, test_acc: 0.5046
dev_f1: 0.3898, test_f1: 0.4212
loss: 0.0190, acc: 0.9809, dev_acc: 0.4829, test_acc: 0.5020
dev_f1: 0.3761, test_f1: 0.4060
loss: 0.0826, acc: 0.9838, dev_acc: 0.4972, test_acc: 0.5117
dev_f1: 0.3860, test_f1: 0.4132
loss: 0.1320, acc: 0.9842, dev_acc: 0.4679, test_acc: 0.4934
dev_f1: 0.3814, test_f1: 0.4130
>>>>>>>>>>>>>>>>>>>>>>>>>>>>>>>>>>>>>>>>>>>>>>>>>>>>>>>>>>>>>>>>>>>>>>>>>>>>>>>>>>>>>>>>>>>>>>>>>>>>
epoch:  43
loss: 0.0931, acc: 0.9870, dev_acc: 0.4622, test_acc: 0.4982
dev_f1: 0.3823, test_f1: 0.4195
loss: 0.0570, acc: 0.9876, dev_acc: 0.4781, test_acc: 0.4982
dev_f1: 0.3925, test_f1: 0.4163
loss: 0.0660, acc: 0.9860, dev_acc: 0.4788, test_acc: 0.4980
dev_f1: 0.3892, test_f1: 0.4152
>>>>>>>>>>>>>>>>>>>>>>>>>>>>>>>>>>>>>>>>>>>>>>>>>>>>>>>>>>>>>>>>>>>>>>>>>>>>>>>>>>>>>>>>>>>>>>>>>>>>
epoch:  44
loss: 0.0778, acc: 0.9847, dev_acc: 0.4844, test_acc: 0.4898
dev_f1: 0.3879, test_f1: 0.4070
loss: 0.0139, acc: 0.9893, dev_acc: 0.4832, test_acc: 0.5015
dev_f1: 0.3857, test_f1: 0.4116
loss: 0.1264, acc: 0.9902, dev_acc: 0.4893, test_acc: 0.4969
dev_f1: 0.3867, test_f1: 0.4080
loss: 0.0555, acc: 0.9889, dev_acc: 0.4906, test_acc: 0.5036
dev_f1: 0.3786, test_f1: 0.4017
>>>>>>>>>>>>>>>>>>>>>>>>>>>>>>>>>>>>>>>>>>>>>>>>>>>>>>>>>>>>>>>>>>>>>>>>>>>>>>>>>>>>>>>>>>>>>>>>>>>>
epoch:  45
loss: 0.1681, acc: 0.9895, dev_acc: 0.4860, test_acc: 0.5005
dev_f1: 0.3893, test_f1: 0.4037
loss: 0.0428, acc: 0.9895, dev_acc: 0.4857, test_acc: 0.4964
dev_f1: 0.3843, test_f1: 0.4032
loss: 0.1279, acc: 0.9873, dev_acc: 0.4763, test_acc: 0.4883
dev_f1: 0.3890, test_f1: 0.4120
loss: 0.1594, acc: 0.9884, dev_acc: 0.4901, test_acc: 0.5005
dev_f1: 0.3833, test_f1: 0.4085
>>>>>>>>>>>>>>>>>>>>>>>>>>>>>>>>>>>>>>>>>>>>>>>>>>>>>>>>>>>>>>>>>>>>>>>>>>>>>>>>>>>>>>>>>>>>>>>>>>>>
epoch:  46
loss: 0.0090, acc: 0.9873, dev_acc: 0.4798, test_acc: 0.5054
dev_f1: 0.3858, test_f1: 0.4167
loss: 0.0526, acc: 0.9870, dev_acc: 0.4921, test_acc: 0.4987
dev_f1: 0.3896, test_f1: 0.4084
loss: 0.0723, acc: 0.9898, dev_acc: 0.4888, test_acc: 0.5023
dev_f1: 0.3879, test_f1: 0.4184
>>>>>>>>>>>>>>>>>>>>>>>>>>>>>>>>>>>>>>>>>>>>>>>>>>>>>>>>>>>>>>>>>>>>>>>>>>>>>>>>>>>>>>>>>>>>>>>>>>>>
epoch:  47
loss: 0.0118, acc: 0.9893, dev_acc: 0.4691, test_acc: 0.4964
dev_f1: 0.3796, test_f1: 0.4120
loss: 0.0287, acc: 0.9808, dev_acc: 0.4982, test_acc: 0.5066
dev_f1: 0.3835, test_f1: 0.4123
loss: 0.0135, acc: 0.9867, dev_acc: 0.4801, test_acc: 0.4946
dev_f1: 0.3885, test_f1: 0.4092
loss: 0.0998, acc: 0.9852, dev_acc: 0.4755, test_acc: 0.5003
dev_f1: 0.3834, test_f1: 0.4112
>>>>>>>>>>>>>>>>>>>>>>>>>>>>>>>>>>>>>>>>>>>>>>>>>>>>>>>>>>>>>>>>>>>>>>>>>>>>>>>>>>>>>>>>>>>>>>>>>>>>
epoch:  48
loss: 0.0161, acc: 0.9887, dev_acc: 0.4857, test_acc: 0.4980
dev_f1: 0.3910, test_f1: 0.4088
loss: 0.1050, acc: 0.9878, dev_acc: 0.4934, test_acc: 0.5000
dev_f1: 0.3929, test_f1: 0.4048
loss: 0.0320, acc: 0.9825, dev_acc: 0.4750, test_acc: 0.4918
dev_f1: 0.3773, test_f1: 0.4028
loss: 0.0545, acc: 0.9870, dev_acc: 0.4783, test_acc: 0.4997
dev_f1: 0.3826, test_f1: 0.4146
>>>>>>>>>>>>>>>>>>>>>>>>>>>>>>>>>>>>>>>>>>>>>>>>>>>>>>>>>>>>>>>>>>>>>>>>>>>>>>>>>>>>>>>>>>>>>>>>>>>>
epoch:  49
loss: 0.0698, acc: 0.9845, dev_acc: 0.4827, test_acc: 0.4952
dev_f1: 0.3942, test_f1: 0.4161
loss: 0.0485, acc: 0.9898, dev_acc: 0.4908, test_acc: 0.5048
dev_f1: 0.3886, test_f1: 0.4194
loss: 0.0932, acc: 0.9870, dev_acc: 0.4867, test_acc: 0.5059
dev_f1: 0.3917, test_f1: 0.4154
loss: 0.2196, acc: 0.9888, dev_acc: 0.4633, test_acc: 0.4921
dev_f1: 0.3844, test_f1: 0.4172
>>>>>>>>>>>>>>>>>>>>>>>>>>>>>>>>>>>>>>>>>>>>>>>>>>>>>>>>>>>>>>>>>>>>>>>>>>>>>>>>>>>>>>>>>>>>>>>>>>>>
epoch:  50
loss: 0.0938, acc: 0.9898, dev_acc: 0.4696, test_acc: 0.4898
dev_f1: 0.3839, test_f1: 0.4155
loss: 0.1777, acc: 0.9906, dev_acc: 0.4758, test_acc: 0.5018
dev_f1: 0.3835, test_f1: 0.4163
loss: 0.0650, acc: 0.9883, dev_acc: 0.4936, test_acc: 0.5061
dev_f1: 0.3889, test_f1: 0.4156
>>>>>>>>>>>>>>>>>>>>>>>>>>>>>>>>>>>>>>>>>>>>>>>>>>>>>>>>>>>>>>>>>>>>>>>>>>>>>>>>>>>>>>>>>>>>>>>>>>>>
epoch:  51
loss: 0.1126, acc: 0.9880, dev_acc: 0.4793, test_acc: 0.4982
dev_f1: 0.3847, test_f1: 0.4011
loss: 0.0122, acc: 0.9902, dev_acc: 0.4837, test_acc: 0.4980
dev_f1: 0.3871, test_f1: 0.4100
loss: 0.0288, acc: 0.9902, dev_acc: 0.4796, test_acc: 0.5003
dev_f1: 0.3931, test_f1: 0.4249
loss: 0.1309, acc: 0.9921, dev_acc: 0.4875, test_acc: 0.5026
dev_f1: 0.3940, test_f1: 0.4196
>>>>>>>>>>>>>>>>>>>>>>>>>>>>>>>>>>>>>>>>>>>>>>>>>>>>>>>>>>>>>>>>>>>>>>>>>>>>>>>>>>>>>>>>>>>>>>>>>>>>
epoch:  52
loss: 0.0274, acc: 0.9903, dev_acc: 0.4783, test_acc: 0.4952
dev_f1: 0.3949, test_f1: 0.4120
loss: 0.0961, acc: 0.9905, dev_acc: 0.4814, test_acc: 0.4906
dev_f1: 0.3886, test_f1: 0.4049
loss: 0.0061, acc: 0.9918, dev_acc: 0.4829, test_acc: 0.4969
dev_f1: 0.3914, test_f1: 0.4173
loss: 0.0514, acc: 0.9912, dev_acc: 0.4827, test_acc: 0.4997
dev_f1: 0.3835, test_f1: 0.4083
>>>>>>>>>>>>>>>>>>>>>>>>>>>>>>>>>>>>>>>>>>>>>>>>>>>>>>>>>>>>>>>>>>>>>>>>>>>>>>>>>>>>>>>>>>>>>>>>>>>>
epoch:  53
loss: 0.0170, acc: 0.9875, dev_acc: 0.4972, test_acc: 0.4992
dev_f1: 0.3953, test_f1: 0.4101
loss: 0.0066, acc: 0.9886, dev_acc: 0.4862, test_acc: 0.4980
dev_f1: 0.3976, test_f1: 0.4182
loss: 0.0728, acc: 0.9906, dev_acc: 0.4878, test_acc: 0.4939
dev_f1: 0.3860, test_f1: 0.4084
>>>>>>>>>>>>>>>>>>>>>>>>>>>>>>>>>>>>>>>>>>>>>>>>>>>>>>>>>>>>>>>>>>>>>>>>>>>>>>>>>>>>>>>>>>>>>>>>>>>>
epoch:  54
loss: 0.0172, acc: 0.9896, dev_acc: 0.4921, test_acc: 0.4918
dev_f1: 0.3879, test_f1: 0.4008
loss: 0.0339, acc: 0.9901, dev_acc: 0.4972, test_acc: 0.4936
dev_f1: 0.3887, test_f1: 0.3960
loss: 0.0143, acc: 0.9881, dev_acc: 0.4855, test_acc: 0.4962
dev_f1: 0.3875, test_f1: 0.4108
loss: 0.0681, acc: 0.9889, dev_acc: 0.4883, test_acc: 0.4957
dev_f1: 0.3846, test_f1: 0.4005
>>>>>>>>>>>>>>>>>>>>>>>>>>>>>>>>>>>>>>>>>>>>>>>>>>>>>>>>>>>>>>>>>>>>>>>>>>>>>>>>>>>>>>>>>>>>>>>>>>>>
epoch:  55
loss: 0.0900, acc: 0.9879, dev_acc: 0.4740, test_acc: 0.4865
dev_f1: 0.3856, test_f1: 0.4130
loss: 0.0558, acc: 0.9879, dev_acc: 0.4865, test_acc: 0.4923
dev_f1: 0.3925, test_f1: 0.4071
loss: 0.0743, acc: 0.9879, dev_acc: 0.4827, test_acc: 0.4980
dev_f1: 0.3926, test_f1: 0.4190
loss: 0.0464, acc: 0.9906, dev_acc: 0.4888, test_acc: 0.4992
dev_f1: 0.3835, test_f1: 0.4094
>>>>>>>>>>>>>>>>>>>>>>>>>>>>>>>>>>>>>>>>>>>>>>>>>>>>>>>>>>>>>>>>>>>>>>>>>>>>>>>>>>>>>>>>>>>>>>>>>>>>
epoch:  56
loss: 0.0319, acc: 0.9894, dev_acc: 0.4770, test_acc: 0.5038
dev_f1: 0.3923, test_f1: 0.4256
loss: 0.0628, acc: 0.9877, dev_acc: 0.4804, test_acc: 0.4977
dev_f1: 0.3953, test_f1: 0.4209
loss: 0.0014, acc: 0.9908, dev_acc: 0.4857, test_acc: 0.4954
dev_f1: 0.3959, test_f1: 0.4193
>>>>>>>>>>>>>>>>>>>>>>>>>>>>>>>>>>>>>>>>>>>>>>>>>>>>>>>>>>>>>>>>>>>>>>>>>>>>>>>>>>>>>>>>>>>>>>>>>>>>
epoch:  57
loss: 0.0200, acc: 0.9915, dev_acc: 0.4801, test_acc: 0.5023
dev_f1: 0.3858, test_f1: 0.4157
loss: 0.1058, acc: 0.9889, dev_acc: 0.4760, test_acc: 0.4893
dev_f1: 0.3879, test_f1: 0.4156
loss: 0.0386, acc: 0.9908, dev_acc: 0.4926, test_acc: 0.5023
dev_f1: 0.3958, test_f1: 0.4164
loss: 0.0192, acc: 0.9889, dev_acc: 0.4880, test_acc: 0.5020
dev_f1: 0.3905, test_f1: 0.4070
>>>>>>>>>>>>>>>>>>>>>>>>>>>>>>>>>>>>>>>>>>>>>>>>>>>>>>>>>>>>>>>>>>>>>>>>>>>>>>>>>>>>>>>>>>>>>>>>>>>>
epoch:  58
loss: 0.1115, acc: 0.9910, dev_acc: 0.4793, test_acc: 0.5036
dev_f1: 0.3835, test_f1: 0.4146
loss: 0.0545, acc: 0.9909, dev_acc: 0.4832, test_acc: 0.4967
dev_f1: 0.3893, test_f1: 0.4113
loss: 0.0374, acc: 0.9893, dev_acc: 0.4633, test_acc: 0.4888
dev_f1: 0.3780, test_f1: 0.4042
loss: 0.1242, acc: 0.9889, dev_acc: 0.4770, test_acc: 0.4962
dev_f1: 0.3840, test_f1: 0.4168
>>>>>>>>>>>>>>>>>>>>>>>>>>>>>>>>>>>>>>>>>>>>>>>>>>>>>>>>>>>>>>>>>>>>>>>>>>>>>>>>>>>>>>>>>>>>>>>>>>>>
epoch:  59
loss: 0.0157, acc: 0.9911, dev_acc: 0.4842, test_acc: 0.5033
dev_f1: 0.3892, test_f1: 0.4162
loss: 0.0742, acc: 0.9903, dev_acc: 0.4929, test_acc: 0.5061
dev_f1: 0.3863, test_f1: 0.4051
loss: 0.0119, acc: 0.9843, dev_acc: 0.4855, test_acc: 0.4977
dev_f1: 0.3932, test_f1: 0.4078
>>>>>>>>>>>>>>>>>>>>>>>>>>>>>>>>>>>>>>>>>>>>>>>>>>>>>>>>>>>>>>>>>>>>>>>>>>>>>>>>>>>>>>>>>>>>>>>>>>>>
epoch:  60
loss: 0.0415, acc: 0.9851, dev_acc: 0.4895, test_acc: 0.5077
dev_f1: 0.3845, test_f1: 0.4154
loss: 0.0904, acc: 0.9844, dev_acc: 0.4916, test_acc: 0.4982
dev_f1: 0.3783, test_f1: 0.4041
loss: 0.1216, acc: 0.9846, dev_acc: 0.4689, test_acc: 0.4857
dev_f1: 0.3928, test_f1: 0.4105
loss: 0.0313, acc: 0.9906, dev_acc: 0.4878, test_acc: 0.4987
dev_f1: 0.3851, test_f1: 0.4067
>>>>>>>>>>>>>>>>>>>>>>>>>>>>>>>>>>>>>>>>>>>>>>>>>>>>>>>>>>>>>>>>>>>>>>>>>>>>>>>>>>>>>>>>>>>>>>>>>>>>
epoch:  61
loss: 0.0709, acc: 0.9930, dev_acc: 0.4763, test_acc: 0.4980
dev_f1: 0.3782, test_f1: 0.4105
loss: 0.0708, acc: 0.9926, dev_acc: 0.4962, test_acc: 0.4977
dev_f1: 0.3968, test_f1: 0.4067
loss: 0.0030, acc: 0.9910, dev_acc: 0.4852, test_acc: 0.4929
dev_f1: 0.3883, test_f1: 0.4013
loss: 0.1565, acc: 0.9862, dev_acc: 0.4867, test_acc: 0.5005
dev_f1: 0.3908, test_f1: 0.4127
>>>>>>>>>>>>>>>>>>>>>>>>>>>>>>>>>>>>>>>>>>>>>>>>>>>>>>>>>>>>>>>>>>>>>>>>>>>>>>>>>>>>>>>>>>>>>>>>>>>>
epoch:  62
loss: 0.0465, acc: 0.9889, dev_acc: 0.4753, test_acc: 0.4977
dev_f1: 0.3802, test_f1: 0.4038
loss: 0.0115, acc: 0.9897, dev_acc: 0.4740, test_acc: 0.4908
dev_f1: 0.3753, test_f1: 0.3971
loss: 0.0942, acc: 0.9924, dev_acc: 0.4717, test_acc: 0.4962
dev_f1: 0.3771, test_f1: 0.4070
>>>>>>>>>>>>>>>>>>>>>>>>>>>>>>>>>>>>>>>>>>>>>>>>>>>>>>>>>>>>>>>>>>>>>>>>>>>>>>>>>>>>>>>>>>>>>>>>>>>>
epoch:  63
loss: 0.0420, acc: 0.9906, dev_acc: 0.4742, test_acc: 0.4926
dev_f1: 0.3876, test_f1: 0.4045
loss: 0.0057, acc: 0.9923, dev_acc: 0.4760, test_acc: 0.4992
dev_f1: 0.3899, test_f1: 0.4188
loss: 0.0758, acc: 0.9934, dev_acc: 0.4801, test_acc: 0.5061
dev_f1: 0.3879, test_f1: 0.4147
loss: 0.0872, acc: 0.9939, dev_acc: 0.4974, test_acc: 0.5051
dev_f1: 0.3961, test_f1: 0.4077
>>>>>>>>>>>>>>>>>>>>>>>>>>>>>>>>>>>>>>>>>>>>>>>>>>>>>>>>>>>>>>>>>>>>>>>>>>>>>>>>>>>>>>>>>>>>>>>>>>>>
epoch:  64
loss: 0.0370, acc: 0.9930, dev_acc: 0.4908, test_acc: 0.5026
dev_f1: 0.4021, test_f1: 0.4173
loss: 0.0013, acc: 0.9932, dev_acc: 0.4906, test_acc: 0.5023
dev_f1: 0.3976, test_f1: 0.4126
loss: 0.0905, acc: 0.9928, dev_acc: 0.4865, test_acc: 0.5023
dev_f1: 0.3868, test_f1: 0.4038
loss: 0.0335, acc: 0.9940, dev_acc: 0.4857, test_acc: 0.4949
dev_f1: 0.3958, test_f1: 0.4089
>>>>>>>>>>>>>>>>>>>>>>>>>>>>>>>>>>>>>>>>>>>>>>>>>>>>>>>>>>>>>>>>>>>>>>>>>>>>>>>>>>>>>>>>>>>>>>>>>>>>
epoch:  65
loss: 0.0522, acc: 0.9940, dev_acc: 0.4885, test_acc: 0.4987
dev_f1: 0.3944, test_f1: 0.4004
loss: 0.0221, acc: 0.9913, dev_acc: 0.4806, test_acc: 0.4908
dev_f1: 0.3927, test_f1: 0.4029
loss: 0.0447, acc: 0.9906, dev_acc: 0.4651, test_acc: 0.4834
dev_f1: 0.3827, test_f1: 0.3992
>>>>>>>>>>>>>>>>>>>>>>>>>>>>>>>>>>>>>>>>>>>>>>>>>>>>>>>>>>>>>>>>>>>>>>>>>>>>>>>>>>>>>>>>>>>>>>>>>>>>
epoch:  66
loss: 0.1264, acc: 0.9817, dev_acc: 0.4824, test_acc: 0.4929
dev_f1: 0.3810, test_f1: 0.4014
loss: 0.0100, acc: 0.9901, dev_acc: 0.4768, test_acc: 0.4997
dev_f1: 0.3922, test_f1: 0.4150
loss: 0.0142, acc: 0.9885, dev_acc: 0.4844, test_acc: 0.4952
dev_f1: 0.3912, test_f1: 0.4077
loss: 0.1130, acc: 0.9891, dev_acc: 0.4760, test_acc: 0.5010
dev_f1: 0.3762, test_f1: 0.4014
>>>>>>>>>>>>>>>>>>>>>>>>>>>>>>>>>>>>>>>>>>>>>>>>>>>>>>>>>>>>>>>>>>>>>>>>>>>>>>>>>>>>>>>>>>>>>>>>>>>>
epoch:  67
loss: 0.0569, acc: 0.9896, dev_acc: 0.4847, test_acc: 0.5031
dev_f1: 0.3981, test_f1: 0.4218
loss: 0.0626, acc: 0.9916, dev_acc: 0.4849, test_acc: 0.5023
dev_f1: 0.3860, test_f1: 0.4090
loss: 0.0846, acc: 0.9913, dev_acc: 0.4760, test_acc: 0.5033
dev_f1: 0.3856, test_f1: 0.4255
loss: 0.0310, acc: 0.9935, dev_acc: 0.4783, test_acc: 0.5071
dev_f1: 0.3875, test_f1: 0.4146
>>>>>>>>>>>>>>>>>>>>>>>>>>>>>>>>>>>>>>>>>>>>>>>>>>>>>>>>>>>>>>>>>>>>>>>>>>>>>>>>>>>>>>>>>>>>>>>>>>>>
epoch:  68
loss: 0.0289, acc: 0.9928, dev_acc: 0.4816, test_acc: 0.5015
dev_f1: 0.3842, test_f1: 0.4088
loss: 0.0648, acc: 0.9934, dev_acc: 0.4821, test_acc: 0.4987
dev_f1: 0.3834, test_f1: 0.4087
loss: 0.0257, acc: 0.9937, dev_acc: 0.4811, test_acc: 0.4964
dev_f1: 0.3933, test_f1: 0.4125
>>>>>>>>>>>>>>>>>>>>>>>>>>>>>>>>>>>>>>>>>>>>>>>>>>>>>>>>>>>>>>>>>>>>>>>>>>>>>>>>>>>>>>>>>>>>>>>>>>>>
epoch:  69
loss: 0.0167, acc: 0.9889, dev_acc: 0.4964, test_acc: 0.5125
dev_f1: 0.3840, test_f1: 0.4126
loss: 0.0505, acc: 0.9912, dev_acc: 0.4732, test_acc: 0.4926
dev_f1: 0.3923, test_f1: 0.4180
loss: 0.0193, acc: 0.9879, dev_acc: 0.4995, test_acc: 0.4997
dev_f1: 0.3943, test_f1: 0.4056
loss: 0.2129, acc: 0.9914, dev_acc: 0.4977, test_acc: 0.5008
dev_f1: 0.4068, test_f1: 0.4141
>>>>>>>>>>>>>>>>>>>>>>>>>>>>>>>>>>>>>>>>>>>>>>>>>>>>>>>>>>>>>>>>>>>>>>>>>>>>>>>>>>>>>>>>>>>>>>>>>>>>
epoch:  70
loss: 0.0946, acc: 0.9939, dev_acc: 0.4870, test_acc: 0.5061
dev_f1: 0.3902, test_f1: 0.4145
loss: 0.0461, acc: 0.9919, dev_acc: 0.4880, test_acc: 0.4982
dev_f1: 0.3892, test_f1: 0.4077
loss: 0.0195, acc: 0.9936, dev_acc: 0.4893, test_acc: 0.5038
dev_f1: 0.3935, test_f1: 0.4182
loss: 0.0307, acc: 0.9944, dev_acc: 0.4883, test_acc: 0.4964
dev_f1: 0.3940, test_f1: 0.4103
>>>>>>>>>>>>>>>>>>>>>>>>>>>>>>>>>>>>>>>>>>>>>>>>>>>>>>>>>>>>>>>>>>>>>>>>>>>>>>>>>>>>>>>>>>>>>>>>>>>>
epoch:  71
loss: 0.0694, acc: 0.9933, dev_acc: 0.4964, test_acc: 0.5028
dev_f1: 0.4026, test_f1: 0.4150
loss: 0.0286, acc: 0.9912, dev_acc: 0.4839, test_acc: 0.4974
dev_f1: 0.3955, test_f1: 0.4119
loss: 0.0566, acc: 0.9932, dev_acc: 0.4878, test_acc: 0.5069
dev_f1: 0.3993, test_f1: 0.4215
>>>>>>>>>>>>>>>>>>>>>>>>>>>>>>>>>>>>>>>>>>>>>>>>>>>>>>>>>>>>>>>>>>>>>>>>>>>>>>>>>>>>>>>>>>>>>>>>>>>>
epoch:  72
loss: 0.0245, acc: 0.9859, dev_acc: 0.4656, test_acc: 0.4842
dev_f1: 0.3857, test_f1: 0.4166
loss: 0.0482, acc: 0.9902, dev_acc: 0.4768, test_acc: 0.5000
dev_f1: 0.3906, test_f1: 0.4150
loss: 0.0355, acc: 0.9922, dev_acc: 0.4814, test_acc: 0.4949
dev_f1: 0.3931, test_f1: 0.4104
loss: 0.0628, acc: 0.9917, dev_acc: 0.4750, test_acc: 0.4946
dev_f1: 0.3853, test_f1: 0.4085
>>>>>>>>>>>>>>>>>>>>>>>>>>>>>>>>>>>>>>>>>>>>>>>>>>>>>>>>>>>>>>>>>>>>>>>>>>>>>>>>>>>>>>>>>>>>>>>>>>>>
epoch:  73
loss: 0.0239, acc: 0.9929, dev_acc: 0.4862, test_acc: 0.4977
dev_f1: 0.3933, test_f1: 0.4103
loss: 0.1123, acc: 0.9901, dev_acc: 0.4768, test_acc: 0.4957
dev_f1: 0.3862, test_f1: 0.4090
loss: 0.0702, acc: 0.9897, dev_acc: 0.4931, test_acc: 0.5028
dev_f1: 0.3836, test_f1: 0.4021
loss: 0.0325, acc: 0.9938, dev_acc: 0.4804, test_acc: 0.5028
dev_f1: 0.3829, test_f1: 0.4086
>>>>>>>>>>>>>>>>>>>>>>>>>>>>>>>>>>>>>>>>>>>>>>>>>>>>>>>>>>>>>>>>>>>>>>>>>>>>>>>>>>>>>>>>>>>>>>>>>>>>
epoch:  74
loss: 0.0786, acc: 0.9917, dev_acc: 0.4872, test_acc: 0.5013
dev_f1: 0.3836, test_f1: 0.4053
loss: 0.0092, acc: 0.9923, dev_acc: 0.4793, test_acc: 0.4944
dev_f1: 0.3862, test_f1: 0.4071
loss: 0.0047, acc: 0.9912, dev_acc: 0.4885, test_acc: 0.4946
dev_f1: 0.3898, test_f1: 0.4008
loss: 0.0036, acc: 0.9940, dev_acc: 0.4878, test_acc: 0.4962
dev_f1: 0.3936, test_f1: 0.4068
>>>>>>>>>>>>>>>>>>>>>>>>>>>>>>>>>>>>>>>>>>>>>>>>>>>>>>>>>>>>>>>>>>>>>>>>>>>>>>>>>>>>>>>>>>>>>>>>>>>>
epoch:  75
loss: 0.0268, acc: 0.9922, dev_acc: 0.4890, test_acc: 0.4954
dev_f1: 0.3917, test_f1: 0.4054
loss: 0.0893, acc: 0.9937, dev_acc: 0.4788, test_acc: 0.4967
dev_f1: 0.3927, test_f1: 0.4121
loss: 0.0408, acc: 0.9904, dev_acc: 0.4865, test_acc: 0.5041
dev_f1: 0.3895, test_f1: 0.4110
>>>>>>>>>>>>>>>>>>>>>>>>>>>>>>>>>>>>>>>>>>>>>>>>>>>>>>>>>>>>>>>>>>>>>>>>>>>>>>>>>>>>>>>>>>>>>>>>>>>>
epoch:  76
loss: 0.0402, acc: 0.9889, dev_acc: 0.4699, test_acc: 0.4921
dev_f1: 0.3823, test_f1: 0.4071
loss: 0.0479, acc: 0.9908, dev_acc: 0.4804, test_acc: 0.4952
dev_f1: 0.3961, test_f1: 0.4104
loss: 0.0327, acc: 0.9935, dev_acc: 0.4821, test_acc: 0.4946
dev_f1: 0.4005, test_f1: 0.4163
loss: 0.0095, acc: 0.9916, dev_acc: 0.4903, test_acc: 0.5020
dev_f1: 0.3985, test_f1: 0.4161
>>>>>>>>>>>>>>>>>>>>>>>>>>>>>>>>>>>>>>>>>>>>>>>>>>>>>>>>>>>>>>>>>>>>>>>>>>>>>>>>>>>>>>>>>>>>>>>>>>>>
epoch:  77
loss: 0.0700, acc: 0.9910, dev_acc: 0.4880, test_acc: 0.4997
dev_f1: 0.4048, test_f1: 0.4235
loss: 0.0491, acc: 0.9896, dev_acc: 0.4819, test_acc: 0.4903
dev_f1: 0.3946, test_f1: 0.4064
loss: 0.0245, acc: 0.9935, dev_acc: 0.4911, test_acc: 0.4969
dev_f1: 0.4018, test_f1: 0.4145
loss: 0.0072, acc: 0.9937, dev_acc: 0.4824, test_acc: 0.4931
dev_f1: 0.3952, test_f1: 0.4033
>>>>>>>>>>>>>>>>>>>>>>>>>>>>>>>>>>>>>>>>>>>>>>>>>>>>>>>>>>>>>>>>>>>>>>>>>>>>>>>>>>>>>>>>>>>>>>>>>>>>
epoch:  78
loss: 0.0216, acc: 0.9924, dev_acc: 0.4888, test_acc: 0.4875
dev_f1: 0.4005, test_f1: 0.4093
loss: 0.0262, acc: 0.9897, dev_acc: 0.4862, test_acc: 0.4980
dev_f1: 0.3944, test_f1: 0.4017
loss: 0.1315, acc: 0.9935, dev_acc: 0.4870, test_acc: 0.4921
dev_f1: 0.3987, test_f1: 0.4065
>>>>>>>>>>>>>>>>>>>>>>>>>>>>>>>>>>>>>>>>>>>>>>>>>>>>>>>>>>>>>>>>>>>>>>>>>>>>>>>>>>>>>>>>>>>>>>>>>>>>
epoch:  79
loss: 0.0159, acc: 0.9919, dev_acc: 0.4804, test_acc: 0.4990
dev_f1: 0.3946, test_f1: 0.4128
loss: 0.0646, acc: 0.9934, dev_acc: 0.4878, test_acc: 0.5015
dev_f1: 0.3943, test_f1: 0.4092
loss: 0.0885, acc: 0.9931, dev_acc: 0.4913, test_acc: 0.4987
dev_f1: 0.3904, test_f1: 0.4008
loss: 0.0900, acc: 0.9938, dev_acc: 0.4883, test_acc: 0.5026
dev_f1: 0.3959, test_f1: 0.4077
>>>>>>>>>>>>>>>>>>>>>>>>>>>>>>>>>>>>>>>>>>>>>>>>>>>>>>>>>>>>>>>>>>>>>>>>>>>>>>>>>>>>>>>>>>>>>>>>>>>>
epoch:  80
loss: 0.0259, acc: 0.9943, dev_acc: 0.4898, test_acc: 0.4974
dev_f1: 0.3980, test_f1: 0.4079
loss: 0.0062, acc: 0.9944, dev_acc: 0.4949, test_acc: 0.4990
dev_f1: 0.3959, test_f1: 0.4070
loss: 0.0061, acc: 0.9937, dev_acc: 0.4872, test_acc: 0.5099
dev_f1: 0.3956, test_f1: 0.4144
loss: 0.0023, acc: 0.9949, dev_acc: 0.4913, test_acc: 0.5061
dev_f1: 0.3924, test_f1: 0.4119
>>>>>>>>>>>>>>>>>>>>>>>>>>>>>>>>>>>>>>>>>>>>>>>>>>>>>>>>>>>>>>>>>>>>>>>>>>>>>>>>>>>>>>>>>>>>>>>>>>>>
epoch:  81
loss: 0.1726, acc: 0.9913, dev_acc: 0.4992, test_acc: 0.5048
dev_f1: 0.3946, test_f1: 0.4069
loss: 0.0583, acc: 0.9909, dev_acc: 0.4967, test_acc: 0.5005
dev_f1: 0.4051, test_f1: 0.4150
loss: 0.0026, acc: 0.9882, dev_acc: 0.4658, test_acc: 0.4992
dev_f1: 0.3932, test_f1: 0.4308
>>>>>>>>>>>>>>>>>>>>>>>>>>>>>>>>>>>>>>>>>>>>>>>>>>>>>>>>>>>>>>>>>>>>>>>>>>>>>>>>>>>>>>>>>>>>>>>>>>>>
epoch:  82
loss: 0.0588, acc: 0.9898, dev_acc: 0.4880, test_acc: 0.4977
dev_f1: 0.3993, test_f1: 0.4184
loss: 0.1328, acc: 0.9891, dev_acc: 0.4839, test_acc: 0.5010
dev_f1: 0.3999, test_f1: 0.4213
loss: 0.1569, acc: 0.9917, dev_acc: 0.4689, test_acc: 0.4985
dev_f1: 0.3868, test_f1: 0.4234
loss: 0.1067, acc: 0.9902, dev_acc: 0.4888, test_acc: 0.5023
dev_f1: 0.3903, test_f1: 0.4139
>>>>>>>>>>>>>>>>>>>>>>>>>>>>>>>>>>>>>>>>>>>>>>>>>>>>>>>>>>>>>>>>>>>>>>>>>>>>>>>>>>>>>>>>>>>>>>>>>>>>
epoch:  83
loss: 0.0318, acc: 0.9926, dev_acc: 0.4880, test_acc: 0.5051
dev_f1: 0.3945, test_f1: 0.4220
loss: 0.0492, acc: 0.9923, dev_acc: 0.4791, test_acc: 0.4997
dev_f1: 0.3915, test_f1: 0.4207
loss: 0.0102, acc: 0.9923, dev_acc: 0.4801, test_acc: 0.5097
dev_f1: 0.3855, test_f1: 0.4205
loss: 0.0199, acc: 0.9952, dev_acc: 0.4684, test_acc: 0.4990
dev_f1: 0.3847, test_f1: 0.4229
>>>>>>>>>>>>>>>>>>>>>>>>>>>>>>>>>>>>>>>>>>>>>>>>>>>>>>>>>>>>>>>>>>>>>>>>>>>>>>>>>>>>>>>>>>>>>>>>>>>>
epoch:  84
loss: 0.0414, acc: 0.9927, dev_acc: 0.4770, test_acc: 0.4982
dev_f1: 0.3864, test_f1: 0.4120
loss: 0.0904, acc: 0.9939, dev_acc: 0.4719, test_acc: 0.5000
dev_f1: 0.3931, test_f1: 0.4269
loss: 0.1108, acc: 0.9887, dev_acc: 0.4704, test_acc: 0.4949
dev_f1: 0.3855, test_f1: 0.4170
>>>>>>>>>>>>>>>>>>>>>>>>>>>>>>>>>>>>>>>>>>>>>>>>>>>>>>>>>>>>>>>>>>>>>>>>>>>>>>>>>>>>>>>>>>>>>>>>>>>>
epoch:  85
loss: 0.0679, acc: 0.9927, dev_acc: 0.4796, test_acc: 0.4921
dev_f1: 0.3872, test_f1: 0.4117
loss: 0.0123, acc: 0.9935, dev_acc: 0.4742, test_acc: 0.5008
dev_f1: 0.3936, test_f1: 0.4264
loss: 0.0299, acc: 0.9926, dev_acc: 0.4832, test_acc: 0.5051
dev_f1: 0.3935, test_f1: 0.4186
loss: 0.1397, acc: 0.9924, dev_acc: 0.4770, test_acc: 0.4987
dev_f1: 0.3905, test_f1: 0.4179
>>>>>>>>>>>>>>>>>>>>>>>>>>>>>>>>>>>>>>>>>>>>>>>>>>>>>>>>>>>>>>>>>>>>>>>>>>>>>>>>>>>>>>>>>>>>>>>>>>>>
epoch:  86
loss: 0.0466, acc: 0.9931, dev_acc: 0.4849, test_acc: 0.5028
dev_f1: 0.3906, test_f1: 0.4189
loss: 0.0414, acc: 0.9938, dev_acc: 0.4954, test_acc: 0.5069
dev_f1: 0.3995, test_f1: 0.4169
loss: 0.0401, acc: 0.9941, dev_acc: 0.4765, test_acc: 0.4995
dev_f1: 0.3903, test_f1: 0.4200
loss: 0.0169, acc: 0.9941, dev_acc: 0.4801, test_acc: 0.5013
dev_f1: 0.3845, test_f1: 0.4187
>>>>>>>>>>>>>>>>>>>>>>>>>>>>>>>>>>>>>>>>>>>>>>>>>>>>>>>>>>>>>>>>>>>>>>>>>>>>>>>>>>>>>>>>>>>>>>>>>>>>
epoch:  87
loss: 0.0179, acc: 0.9949, dev_acc: 0.4819, test_acc: 0.4980
dev_f1: 0.3978, test_f1: 0.4134
loss: 0.0527, acc: 0.9954, dev_acc: 0.4814, test_acc: 0.4964
dev_f1: 0.3995, test_f1: 0.4154
loss: 0.0385, acc: 0.9946, dev_acc: 0.4990, test_acc: 0.4967
dev_f1: 0.3991, test_f1: 0.4042
>>>>>>>>>>>>>>>>>>>>>>>>>>>>>>>>>>>>>>>>>>>>>>>>>>>>>>>>>>>>>>>>>>>>>>>>>>>>>>>>>>>>>>>>>>>>>>>>>>>>
epoch:  88
loss: 0.0268, acc: 0.9943, dev_acc: 0.4811, test_acc: 0.4875
dev_f1: 0.3950, test_f1: 0.4088
loss: 0.0193, acc: 0.9938, dev_acc: 0.4867, test_acc: 0.4939
dev_f1: 0.3928, test_f1: 0.4125
loss: 0.0126, acc: 0.9929, dev_acc: 0.4796, test_acc: 0.4898
dev_f1: 0.3930, test_f1: 0.4159
loss: 0.0079, acc: 0.9948, dev_acc: 0.4753, test_acc: 0.4918
dev_f1: 0.3892, test_f1: 0.4162
>>>>>>>>>>>>>>>>>>>>>>>>>>>>>>>>>>>>>>>>>>>>>>>>>>>>>>>>>>>>>>>>>>>>>>>>>>>>>>>>>>>>>>>>>>>>>>>>>>>>
epoch:  89
loss: 0.0324, acc: 0.9918, dev_acc: 0.4969, test_acc: 0.5023
dev_f1: 0.4009, test_f1: 0.4160
loss: 0.0294, acc: 0.9919, dev_acc: 0.4913, test_acc: 0.5023
dev_f1: 0.3978, test_f1: 0.4186
loss: 0.0589, acc: 0.9931, dev_acc: 0.4885, test_acc: 0.5003
dev_f1: 0.3997, test_f1: 0.4251
loss: 0.0313, acc: 0.9932, dev_acc: 0.4913, test_acc: 0.5008
dev_f1: 0.3951, test_f1: 0.4131
>>>>>>>>>>>>>>>>>>>>>>>>>>>>>>>>>>>>>>>>>>>>>>>>>>>>>>>>>>>>>>>>>>>>>>>>>>>>>>>>>>>>>>>>>>>>>>>>>>>>
epoch:  90
loss: 0.0044, acc: 0.9948, dev_acc: 0.4972, test_acc: 0.5038
dev_f1: 0.3972, test_f1: 0.4063
loss: 0.0338, acc: 0.9944, dev_acc: 0.4839, test_acc: 0.4885
dev_f1: 0.3984, test_f1: 0.4089
loss: 0.0701, acc: 0.9923, dev_acc: 0.4824, test_acc: 0.4987
dev_f1: 0.3891, test_f1: 0.4177
>>>>>>>>>>>>>>>>>>>>>>>>>>>>>>>>>>>>>>>>>>>>>>>>>>>>>>>>>>>>>>>>>>>>>>>>>>>>>>>>>>>>>>>>>>>>>>>>>>>>
epoch:  91
loss: 0.1251, acc: 0.9925, dev_acc: 0.4880, test_acc: 0.4944
dev_f1: 0.3927, test_f1: 0.4137
loss: 0.0763, acc: 0.9935, dev_acc: 0.4906, test_acc: 0.4921
dev_f1: 0.3896, test_f1: 0.4043
loss: 0.0212, acc: 0.9943, dev_acc: 0.4926, test_acc: 0.4982
dev_f1: 0.4031, test_f1: 0.4176
loss: 0.0576, acc: 0.9920, dev_acc: 0.4778, test_acc: 0.4929
dev_f1: 0.3945, test_f1: 0.4127
>>>>>>>>>>>>>>>>>>>>>>>>>>>>>>>>>>>>>>>>>>>>>>>>>>>>>>>>>>>>>>>>>>>>>>>>>>>>>>>>>>>>>>>>>>>>>>>>>>>>
epoch:  92
loss: 0.0120, acc: 0.9924, dev_acc: 0.4867, test_acc: 0.4972
dev_f1: 0.3876, test_f1: 0.4033
loss: 0.1163, acc: 0.9940, dev_acc: 0.4819, test_acc: 0.4946
dev_f1: 0.3924, test_f1: 0.4099
loss: 0.0631, acc: 0.9914, dev_acc: 0.4724, test_acc: 0.4921
dev_f1: 0.3947, test_f1: 0.4214
loss: 0.0907, acc: 0.9932, dev_acc: 0.4872, test_acc: 0.4967
dev_f1: 0.3949, test_f1: 0.4122
>>>>>>>>>>>>>>>>>>>>>>>>>>>>>>>>>>>>>>>>>>>>>>>>>>>>>>>>>>>>>>>>>>>>>>>>>>>>>>>>>>>>>>>>>>>>>>>>>>>>
epoch:  93
loss: 0.0142, acc: 0.9946, dev_acc: 0.4872, test_acc: 0.5005
dev_f1: 0.3884, test_f1: 0.4092
loss: 0.0092, acc: 0.9927, dev_acc: 0.4990, test_acc: 0.4974
dev_f1: 0.3956, test_f1: 0.4085
loss: 0.1622, acc: 0.9934, dev_acc: 0.4814, test_acc: 0.4939
dev_f1: 0.3839, test_f1: 0.4021
>>>>>>>>>>>>>>>>>>>>>>>>>>>>>>>>>>>>>>>>>>>>>>>>>>>>>>>>>>>>>>>>>>>>>>>>>>>>>>>>>>>>>>>>>>>>>>>>>>>>
epoch:  94
loss: 0.0779, acc: 0.9930, dev_acc: 0.4742, test_acc: 0.4967
dev_f1: 0.3887, test_f1: 0.4192
loss: 0.0047, acc: 0.9947, dev_acc: 0.4855, test_acc: 0.4949
dev_f1: 0.3933, test_f1: 0.4167
loss: 0.0051, acc: 0.9947, dev_acc: 0.4893, test_acc: 0.4941
dev_f1: 0.3914, test_f1: 0.4051
loss: 0.0388, acc: 0.9930, dev_acc: 0.4921, test_acc: 0.4967
dev_f1: 0.3927, test_f1: 0.4022
>>>>>>>>>>>>>>>>>>>>>>>>>>>>>>>>>>>>>>>>>>>>>>>>>>>>>>>>>>>>>>>>>>>>>>>>>>>>>>>>>>>>>>>>>>>>>>>>>>>>
epoch:  95
loss: 0.0025, acc: 0.9904, dev_acc: 0.4837, test_acc: 0.4962
dev_f1: 0.3901, test_f1: 0.4069
loss: 0.0476, acc: 0.9927, dev_acc: 0.4903, test_acc: 0.4977
dev_f1: 0.3947, test_f1: 0.4044
loss: 0.0284, acc: 0.9951, dev_acc: 0.4872, test_acc: 0.4946
dev_f1: 0.3914, test_f1: 0.4036
loss: 0.0041, acc: 0.9946, dev_acc: 0.4783, test_acc: 0.4921
dev_f1: 0.3936, test_f1: 0.4117
>>>>>>>>>>>>>>>>>>>>>>>>>>>>>>>>>>>>>>>>>>>>>>>>>>>>>>>>>>>>>>>>>>>>>>>>>>>>>>>>>>>>>>>>>>>>>>>>>>>>
epoch:  96
loss: 0.0458, acc: 0.9945, dev_acc: 0.4755, test_acc: 0.4931
dev_f1: 0.3855, test_f1: 0.4072
loss: 0.0614, acc: 0.9929, dev_acc: 0.4765, test_acc: 0.4857
dev_f1: 0.3883, test_f1: 0.3954
loss: 0.0479, acc: 0.9937, dev_acc: 0.4954, test_acc: 0.4990
dev_f1: 0.3963, test_f1: 0.3997
>>>>>>>>>>>>>>>>>>>>>>>>>>>>>>>>>>>>>>>>>>>>>>>>>>>>>>>>>>>>>>>>>>>>>>>>>>>>>>>>>>>>>>>>>>>>>>>>>>>>
epoch:  97
loss: 0.0402, acc: 0.9910, dev_acc: 0.4732, test_acc: 0.4827
dev_f1: 0.3966, test_f1: 0.4075
loss: 0.0443, acc: 0.9933, dev_acc: 0.4885, test_acc: 0.5018
dev_f1: 0.3847, test_f1: 0.4068
loss: 0.0410, acc: 0.9891, dev_acc: 0.4724, test_acc: 0.4793
dev_f1: 0.3912, test_f1: 0.4025
loss: 0.0357, acc: 0.9920, dev_acc: 0.4834, test_acc: 0.4941
dev_f1: 0.3900, test_f1: 0.4032
>>>>>>>>>>>>>>>>>>>>>>>>>>>>>>>>>>>>>>>>>>>>>>>>>>>>>>>>>>>>>>>>>>>>>>>>>>>>>>>>>>>>>>>>>>>>>>>>>>>>
epoch:  98
loss: 0.0559, acc: 0.9912, dev_acc: 0.4714, test_acc: 0.4844
dev_f1: 0.3933, test_f1: 0.4103
loss: 0.0450, acc: 0.9918, dev_acc: 0.4722, test_acc: 0.4811
dev_f1: 0.3904, test_f1: 0.4077
loss: 0.0014, acc: 0.9934, dev_acc: 0.4760, test_acc: 0.4849
dev_f1: 0.3848, test_f1: 0.4008
loss: 0.2923, acc: 0.9923, dev_acc: 0.4806, test_acc: 0.4901
dev_f1: 0.3957, test_f1: 0.4082
>>>>>>>>>>>>>>>>>>>>>>>>>>>>>>>>>>>>>>>>>>>>>>>>>>>>>>>>>>>>>>>>>>>>>>>>>>>>>>>>>>>>>>>>>>>>>>>>>>>>
epoch:  99
loss: 0.0152, acc: 0.9947, dev_acc: 0.4809, test_acc: 0.4941
dev_f1: 0.3879, test_f1: 0.4089
loss: 0.0132, acc: 0.9939, dev_acc: 0.4765, test_acc: 0.4898
dev_f1: 0.3903, test_f1: 0.4096
loss: 0.0693, acc: 0.9942, dev_acc: 0.4923, test_acc: 0.4982
dev_f1: 0.3924, test_f1: 0.4129
loss: 0.0540, acc: 0.9933, dev_acc: 0.4814, test_acc: 0.4895
dev_f1: 0.3819, test_f1: 0.4054
max_dev_acc: 0.5423469387755102, test_acc: 0.5433673469387755
dev_p: 0.4491376122860169, dev_r: 0.40471713665167636, dev_f1: 0.40308750939247256, test_p: 0.48706311978428446, test_r: 0.41739300322155115, test_f1: 0.41881685509695005
