SLURM Job ID: 20077952
The first version with resnset
Model: MOASC4
Dataset: MOA-MVSA-single
directory /home/rgg2706/Multimodal-Sentiment-Analysis/Datasets/MOA-MVSA-single exists
directory /home/rgg2706/Multimodal-Sentiment-Analysis/Datasets/MOA-MVSA-multiple exists
directory /home/rgg2706/Multimodal-Sentiment-Analysis/Models/MOASC4/SaveFiles/SentimentClassifier exists
52
Loading dataset from: /home/rgg2706/Multimodal-Sentiment-Analysis/Datasets/MOA-MVSA-single
/home/rgg2706/Multimodal-Sentiment-Analysis/Datasets/MOA-MVSA-single/text
/home/rgg2706/Multimodal-Sentiment-Analysis/Datasets/MOA-MVSA-single/image
[DEBUG] Now in dataset directory for labels: /home/rgg2706/Multimodal-Sentiment-Analysis/Datasets/MOA-MVSA-single
[DEBUG] About to read labels from: /home/rgg2706/Multimodal-Sentiment-Analysis/Datasets/MOA-MVSA-single/labels.csv
Dataset directory is: /home/rgg2706/Multimodal-Sentiment-Analysis/Datasets/MOA-MVSA-single
Files in dataset directory: ['labels.csv', 'text', 'image']
   ID  text  image
0   1     2      1
1   2     2      1
2   3     2      1
3   4     1      1
4   5     1      1
5   6     1      1
6   7     1      1
7   8     2      1
8   9     1      1
9  10     0      0

[DEBUG] First 5 training texts:
    ID: 1 | Overall sentiment: 1 | Text: how  i feel today legday jelly aching gym 
    ID: 2 | Overall sentiment: 1 | Text: grattis min griskulting!!?? va bara tvungen oki s? sch ? ingenkommerattrodig pig happybday wow lovely cut 
    ID: 3 | Overall sentiment: 1 | Text:  polynminion  the moment  i found my favourite tv character. profoundlove 
    ID: 4 | Overall sentiment: 1 | Text: esco  we have a young and energetic team and we pride ourselves on offering the highes hoer 
    ID: 5 | Overall sentiment: 1 | Text:  chrisashaffer  went to  ssc today to be a movie star to rep for the  deaf and got to meet an energetic great guy  mark  white! 
Train samples: 3653
Validation samples: 406
Test samples: 452
Total samples: 4511
Train label distribution: Negative=1115, Positive=2147, Neutral=391
Val   label distribution: Negative=123, Positive=246, Neutral=37
Test  label distribution: Negative=120, Positive=290, Neutral=42
Overall label distribution: Negative=1358, Positive=2683, Neutral=470
    Iteration 20 of epoch 1 completed. Loss : 1.0947582721710205 Accuracy : 56.25
    Iteration 40 of epoch 1 completed. Loss : 1.0984570980072021 Accuracy : 40.62
    Iteration 60 of epoch 1 completed. Loss : 1.094391107559204 Accuracy : 46.88
    Iteration 80 of epoch 1 completed. Loss : 1.079567551612854 Accuracy : 59.38
    Iteration 100 of epoch 1 completed. Loss : 1.0948777198791504 Accuracy : 59.38
Best validation accuracy improved from 0.0 to 0.6763548951048951
Epoch 1 completed. Test dataset:
	 Loss: 1.0206
	 Accuracy : 66.67
	 Average recall: 0.4037
	 F1_PN: 0.5568
	 Macro-F1: 0.3712
	 Weighted-F1: 0.6006

Best test accuracy improved from 0.0 to 0.6666666666666666, saving model...
    Iteration 20 of epoch 2 completed. Loss : 1.0480360984802246 Accuracy : 78.12
    Iteration 40 of epoch 2 completed. Loss : 0.994935929775238 Accuracy : 68.75
    Iteration 60 of epoch 2 completed. Loss : 1.019457221031189 Accuracy : 59.38
    Iteration 80 of epoch 2 completed. Loss : 0.925812840461731 Accuracy : 56.25
    Iteration 100 of epoch 2 completed. Loss : 0.9401624798774719 Accuracy : 75.00
Epoch 2 completed. Test dataset:
	 Loss: 0.9142
	 Accuracy : 62.92
	 Average recall: 0.5430
	 F1_PN: 0.6278
	 Macro-F1: 0.4834
	 Weighted-F1: 0.6326

    Iteration 20 of epoch 3 completed. Loss : 0.8795610070228577 Accuracy : 75.00
    Iteration 40 of epoch 3 completed. Loss : 0.8105437755584717 Accuracy : 75.00
    Iteration 60 of epoch 3 completed. Loss : 0.8188279867172241 Accuracy : 75.00
    Iteration 80 of epoch 3 completed. Loss : 0.8251900672912598 Accuracy : 68.75
    Iteration 100 of epoch 3 completed. Loss : 0.7932652235031128 Accuracy : 87.50
Epoch 3 completed. Test dataset:
	 Loss: 1.0242
	 Accuracy : 51.46
	 Average recall: 0.4744
	 F1_PN: 0.5026
	 Macro-F1: 0.3852
	 Weighted-F1: 0.5030

    Iteration 20 of epoch 4 completed. Loss : 0.6299551725387573 Accuracy : 96.88
    Iteration 40 of epoch 4 completed. Loss : 0.7115187048912048 Accuracy : 81.25
    Iteration 60 of epoch 4 completed. Loss : 0.6937126517295837 Accuracy : 90.62
    Iteration 80 of epoch 4 completed. Loss : 0.7371519207954407 Accuracy : 84.38
    Iteration 100 of epoch 4 completed. Loss : 0.7687856554985046 Accuracy : 78.12
Best validation accuracy improved from 0.6763548951048951 to 0.6993006993006994
Epoch 4 completed. Test dataset:
	 Loss: 0.9273
	 Accuracy : 61.88
	 Average recall: 0.5100
	 F1_PN: 0.6063
	 Macro-F1: 0.4672
	 Weighted-F1: 0.6216

    Iteration 20 of epoch 5 completed. Loss : 0.6461963057518005 Accuracy : 84.38
    Iteration 40 of epoch 5 completed. Loss : 0.6867906451225281 Accuracy : 81.25
    Iteration 60 of epoch 5 completed. Loss : 0.6983083486557007 Accuracy : 90.62
    Iteration 80 of epoch 5 completed. Loss : 0.6857292652130127 Accuracy : 87.50
    Iteration 100 of epoch 5 completed. Loss : 0.6844015121459961 Accuracy : 90.62
Epoch 5 completed. Test dataset:
	 Loss: 0.9138
	 Accuracy : 63.54
	 Average recall: 0.5199
	 F1_PN: 0.6303
	 Macro-F1: 0.4693
	 Weighted-F1: 0.6345

    Iteration 20 of epoch 6 completed. Loss : 0.5929520130157471 Accuracy : 93.75
    Iteration 40 of epoch 6 completed. Loss : 0.656764566898346 Accuracy : 87.50
    Iteration 60 of epoch 6 completed. Loss : 0.6720158457756042 Accuracy : 87.50
    Iteration 80 of epoch 6 completed. Loss : 0.6647568941116333 Accuracy : 90.62
    Iteration 100 of epoch 6 completed. Loss : 0.660713255405426 Accuracy : 93.75
Best validation accuracy improved from 0.6993006993006994 to 0.7128496503496504
Epoch 6 completed. Test dataset:
	 Loss: 0.8800
	 Accuracy : 66.46
	 Average recall: 0.5238
	 F1_PN: 0.6585
	 Macro-F1: 0.4821
	 Weighted-F1: 0.6634

    Iteration 20 of epoch 7 completed. Loss : 0.5596325993537903 Accuracy : 100.00
    Iteration 40 of epoch 7 completed. Loss : 0.6514082551002502 Accuracy : 87.50
    Iteration 60 of epoch 7 completed. Loss : 0.6571762561798096 Accuracy : 93.75
    Iteration 80 of epoch 7 completed. Loss : 0.6526151895523071 Accuracy : 90.62
    Iteration 100 of epoch 7 completed. Loss : 0.6698444485664368 Accuracy : 93.75
Best validation accuracy improved from 0.7128496503496504 to 0.7194055944055944
Epoch 7 completed. Test dataset:
	 Loss: 0.8419
	 Accuracy : 70.83
	 Average recall: 0.5282
	 F1_PN: 0.6763
	 Macro-F1: 0.5106
	 Weighted-F1: 0.6911

Best test accuracy improved from 0.6666666666666666 to 0.7083333333333334, saving model...
    Iteration 20 of epoch 8 completed. Loss : 0.6061429977416992 Accuracy : 93.75
    Iteration 40 of epoch 8 completed. Loss : 0.6504320502281189 Accuracy : 87.50
    Iteration 60 of epoch 8 completed. Loss : 0.6493605375289917 Accuracy : 93.75
    Iteration 80 of epoch 8 completed. Loss : 0.6496867537498474 Accuracy : 93.75
    Iteration 100 of epoch 8 completed. Loss : 0.6629530191421509 Accuracy : 93.75
Epoch 8 completed. Test dataset:
	 Loss: 0.8650
	 Accuracy : 67.71
	 Average recall: 0.5207
	 F1_PN: 0.6638
	 Macro-F1: 0.4960
	 Weighted-F1: 0.6713

    Iteration 20 of epoch 9 completed. Loss : 0.5813578367233276 Accuracy : 96.88
    Iteration 40 of epoch 9 completed. Loss : 0.6419575810432434 Accuracy : 87.50
    Iteration 60 of epoch 9 completed. Loss : 0.6415001153945923 Accuracy : 93.75
    Iteration 80 of epoch 9 completed. Loss : 0.6645109057426453 Accuracy : 90.62
    Iteration 100 of epoch 9 completed. Loss : 0.6627422571182251 Accuracy : 93.75
Best validation accuracy improved from 0.7194055944055944 to 0.7244318181818182
Epoch 9 completed. Test dataset:
	 Loss: 0.8551
	 Accuracy : 69.38
	 Average recall: 0.5303
	 F1_PN: 0.6717
	 Macro-F1: 0.5038
	 Weighted-F1: 0.6813

    Iteration 20 of epoch 10 completed. Loss : 0.5616393089294434 Accuracy : 100.00
    Iteration 40 of epoch 10 completed. Loss : 0.6139608025550842 Accuracy : 93.75
    Iteration 60 of epoch 10 completed. Loss : 0.6481561660766602 Accuracy : 93.75
    Iteration 80 of epoch 10 completed. Loss : 0.6014830470085144 Accuracy : 96.88
    Iteration 100 of epoch 10 completed. Loss : 0.6636530160903931 Accuracy : 93.75
Epoch 10 completed. Test dataset:
	 Loss: 0.8656
	 Accuracy : 68.75
	 Average recall: 0.5293
	 F1_PN: 0.6686
	 Macro-F1: 0.5016
	 Weighted-F1: 0.6799

    Iteration 20 of epoch 11 completed. Loss : 0.5524779558181763 Accuracy : 100.00
    Iteration 40 of epoch 11 completed. Loss : 0.6135842204093933 Accuracy : 93.75
    Iteration 60 of epoch 11 completed. Loss : 0.6269659996032715 Accuracy : 93.75
    Iteration 80 of epoch 11 completed. Loss : 0.6080776453018188 Accuracy : 93.75
    Iteration 100 of epoch 11 completed. Loss : 0.6625137329101562 Accuracy : 93.75
Best validation accuracy improved from 0.7244318181818182 to 0.7482517482517482
Epoch 11 completed. Test dataset:
	 Loss: 0.8510
	 Accuracy : 70.21
	 Average recall: 0.5386
	 F1_PN: 0.6798
	 Macro-F1: 0.5092
	 Weighted-F1: 0.6887

    Iteration 20 of epoch 12 completed. Loss : 0.5541212558746338 Accuracy : 100.00
    Iteration 40 of epoch 12 completed. Loss : 0.6131100654602051 Accuracy : 93.75
    Iteration 60 of epoch 12 completed. Loss : 0.5614026188850403 Accuracy : 96.88
    Iteration 80 of epoch 12 completed. Loss : 0.6053172945976257 Accuracy : 96.88
    Iteration 100 of epoch 12 completed. Loss : 0.6277215480804443 Accuracy : 93.75
Epoch 12 completed. Test dataset:
	 Loss: 0.8642
	 Accuracy : 68.12
	 Average recall: 0.5082
	 F1_PN: 0.6610
	 Macro-F1: 0.4695
	 Weighted-F1: 0.6657

    Iteration 20 of epoch 13 completed. Loss : 0.572412371635437 Accuracy : 96.88
    Iteration 40 of epoch 13 completed. Loss : 0.6121759414672852 Accuracy : 93.75
    Iteration 60 of epoch 13 completed. Loss : 0.5617401599884033 Accuracy : 96.88
    Iteration 80 of epoch 13 completed. Loss : 0.5960567593574524 Accuracy : 96.88
    Iteration 100 of epoch 13 completed. Loss : 0.60707688331604 Accuracy : 96.88
Epoch 13 completed. Test dataset:
	 Loss: 0.8548
	 Accuracy : 69.17
	 Average recall: 0.5194
	 F1_PN: 0.6738
	 Macro-F1: 0.4818
	 Weighted-F1: 0.6757

    Iteration 20 of epoch 14 completed. Loss : 0.5516205430030823 Accuracy : 100.00
    Iteration 40 of epoch 14 completed. Loss : 0.6129576563835144 Accuracy : 93.75
    Iteration 60 of epoch 14 completed. Loss : 0.5532130599021912 Accuracy : 100.00
    Iteration 80 of epoch 14 completed. Loss : 0.5949837565422058 Accuracy : 96.88
    Iteration 100 of epoch 14 completed. Loss : 0.6070724725723267 Accuracy : 96.88
Epoch 14 completed. Test dataset:
	 Loss: 0.8527
	 Accuracy : 69.79
	 Average recall: 0.5288
	 F1_PN: 0.6735
	 Macro-F1: 0.4986
	 Weighted-F1: 0.6814

    Iteration 20 of epoch 15 completed. Loss : 0.5521758794784546 Accuracy : 100.00
    Iteration 40 of epoch 15 completed. Loss : 0.612332820892334 Accuracy : 93.75
    Iteration 60 of epoch 15 completed. Loss : 0.5520146489143372 Accuracy : 100.00
    Iteration 80 of epoch 15 completed. Loss : 0.5932185053825378 Accuracy : 96.88
    Iteration 100 of epoch 15 completed. Loss : 0.6071678400039673 Accuracy : 96.88
Epoch 15 completed. Test dataset:
	 Loss: 0.8547
	 Accuracy : 69.58
	 Average recall: 0.5220
	 F1_PN: 0.6691
	 Macro-F1: 0.4957
	 Weighted-F1: 0.6786

Train/val/test loss curve saved to /home/rgg2706/Multimodal-Sentiment-Analysis/Logs/MOASC4/2025-03-21/sub-1/002_Mar-21-2025_12:07_AM/train_val_test_loss_curve.png
Confusion matrix saved to /home/rgg2706/Multimodal-Sentiment-Analysis/Logs/MOASC4/2025-03-21/sub-1/002_Mar-21-2025_12:07_AM/confusion_matrix.png
