Number of GPUs available: 0
Logs directory: /home/rgg2706/Multimodal-Sentiment-Analysis/Logs/HHMAFM/2024-10-19/027_Oct-19-2024_04:02_PM
/home/rgg2706/Multimodal-Sentiment-Analysis/Logs/HHMAFM/2024-10-19/027_Oct-19-2024_04:02_PM
> training arguments:
>>> rand_seed: 8
>>> model_name: cmhafusion
>>> dataset: mvsa-mts
>>> optimizer: <class 'torch.optim.adam.Adam'>
>>> initializer: <function xavier_uniform_ at 0x7f3dbcd15a80>
>>> learning_rate: 0.001
>>> dropout_rate: 0.5
>>> num_epoch: 10
>>> batch_size: 128
>>> log_step: 10
>>> max_seq_len: 64
>>> polarities_dim: 3
>>> clip_grad: 5.0
>>> path_image: ./Datasets/MVSA-MTS/images-indexed
>>> crop_size: 224
>>> roberta_text_feature_dim: 768
>>> roberta_topic_feature_dim: 50
>>> resnet_feature_dim: 2048
>>> densenet_feature_dim: 1024
>>> common_dim: 512
>>> num_classes: 3
>>> model_class: <class 'models.cmhafusion.CMHAFUSION'>
Preparing mvsa-mts dataset...
-------------- Loading Datasets/MVSA-MTS/mvsa-mts/train.tsv ---------------
Time taken to load Datasets/MVSA-MTS/mvsa-mts/train.tsv: 284.54 seconds (4.74 minutes)
The number of problematic samples: 402
-------------- Loading Datasets/MVSA-MTS/mvsa-mts/val.tsv ---------------
Time taken to load Datasets/MVSA-MTS/mvsa-mts/val.tsv: 101.00 seconds (1.68 minutes)
The number of problematic samples: 136
-------------- Loading Datasets/MVSA-MTS/mvsa-mts/test.tsv ---------------
Time taken to load Datasets/MVSA-MTS/mvsa-mts/test.tsv: 102.52 seconds (1.71 minutes)
The number of problematic samples: 142
Total Training Samples: 19600
Number of Training Samples: 11760
Number of Development Samples: 3920
Number of Test Samples: 3920
Number of unique sentiment classes: 3
building model
n_trainable_params: 5228035, n_nontrainable_params: 0
>>>>>>>>>>>>>>>>>>>>>>>>>>>>>>>>>>>>>>>>>>>>>>>>>>>>>>>>>>>>>>>>>>>>>>>>>>>>>>>>>>>>>>>>>>>>>>>>>>>>
epoch: 0
