SLURM Job ID: 20077951
The first version with resnset
Model: MOASC4
Dataset: MOA-MVSA-single
directory /home/rgg2706/Multimodal-Sentiment-Analysis/Datasets/MOA-MVSA-single exists
directory /home/rgg2706/Multimodal-Sentiment-Analysis/Datasets/MOA-MVSA-multiple exists
directory /home/rgg2706/Multimodal-Sentiment-Analysis/Models/MOASC4/SaveFiles/SentimentClassifier exists
51
Loading dataset from: /home/rgg2706/Multimodal-Sentiment-Analysis/Datasets/MOA-MVSA-single
/home/rgg2706/Multimodal-Sentiment-Analysis/Datasets/MOA-MVSA-single/text
/home/rgg2706/Multimodal-Sentiment-Analysis/Datasets/MOA-MVSA-single/image
[DEBUG] Now in dataset directory for labels: /home/rgg2706/Multimodal-Sentiment-Analysis/Datasets/MOA-MVSA-single
[DEBUG] About to read labels from: /home/rgg2706/Multimodal-Sentiment-Analysis/Datasets/MOA-MVSA-single/labels.csv
Dataset directory is: /home/rgg2706/Multimodal-Sentiment-Analysis/Datasets/MOA-MVSA-single
Files in dataset directory: ['labels.csv', 'text', 'image']
   ID  text  image
0   1     2      1
1   2     2      1
2   3     2      1
3   4     1      1
4   5     1      1
5   6     1      1
6   7     1      1
7   8     2      1
8   9     1      1
9  10     0      0

[DEBUG] First 5 training texts:
    ID: 2 | Overall sentiment: 1 | Text: grattis min griskulting!!?? va bara tvungen oki s? sch ? ingenkommerattrodig pig happybday wow lovely cut 
    ID: 3 | Overall sentiment: 1 | Text:  polynminion  the moment  i found my favourite tv character. profoundlove 
    ID: 4 | Overall sentiment: 1 | Text: esco  we have a young and energetic team and we pride ourselves on offering the highes hoer 
    ID: 5 | Overall sentiment: 1 | Text:  chrisashaffer  went to  ssc today to be a movie star to rep for the  deaf and got to meet an energetic great guy  mark  white! 
    ID: 7 | Overall sentiment: 1 | Text:  deepikapadukone  to my most hard workingfun loving and energetic team.. thank you and  i love you! 
Train samples: 3653
Validation samples: 406
Test samples: 452
Total samples: 4511
Train label distribution: Negative=1092, Positive=2178, Neutral=383
Val   label distribution: Negative=129, Positive=241, Neutral=36
Test  label distribution: Negative=137, Positive=264, Neutral=51
Overall label distribution: Negative=1358, Positive=2683, Neutral=470
    Iteration 20 of epoch 1 completed. Loss : 1.0892964601516724 Accuracy : 56.25
    Iteration 40 of epoch 1 completed. Loss : 1.0933023691177368 Accuracy : 50.00
    Iteration 60 of epoch 1 completed. Loss : 1.0967665910720825 Accuracy : 56.25
    Iteration 80 of epoch 1 completed. Loss : 1.0954227447509766 Accuracy : 56.25
    Iteration 100 of epoch 1 completed. Loss : 1.0932098627090454 Accuracy : 53.12
Best validation accuracy improved from 0.0 to 0.652534965034965
Epoch 1 completed. Test dataset:
	 Loss: 1.0454
	 Accuracy : 58.75
	 Average recall: 0.3614
	 F1_PN: 0.4677
	 Macro-F1: 0.3118
	 Weighted-F1: 0.4884

Best test accuracy improved from 0.0 to 0.5875, saving model...
    Iteration 20 of epoch 2 completed. Loss : 1.079733967781067 Accuracy : 56.25
    Iteration 40 of epoch 2 completed. Loss : 1.0419424772262573 Accuracy : 46.88
    Iteration 60 of epoch 2 completed. Loss : 0.9824394583702087 Accuracy : 68.75
    Iteration 80 of epoch 2 completed. Loss : 0.9579849243164062 Accuracy : 68.75
    Iteration 100 of epoch 2 completed. Loss : 1.0770364999771118 Accuracy : 59.38
Epoch 2 completed. Test dataset:
	 Loss: 0.9232
	 Accuracy : 62.08
	 Average recall: 0.5479
	 F1_PN: 0.6457
	 Macro-F1: 0.5130
	 Weighted-F1: 0.6295

Best test accuracy improved from 0.5875 to 0.6208333333333333, saving model...
    Iteration 20 of epoch 3 completed. Loss : 0.9552028179168701 Accuracy : 50.00
    Iteration 40 of epoch 3 completed. Loss : 0.824317455291748 Accuracy : 68.75
    Iteration 60 of epoch 3 completed. Loss : 0.824718177318573 Accuracy : 78.12
    Iteration 80 of epoch 3 completed. Loss : 0.72994065284729 Accuracy : 84.38
    Iteration 100 of epoch 3 completed. Loss : 0.839019238948822 Accuracy : 78.12
Best validation accuracy improved from 0.652534965034965 to 0.6833479020979021
Epoch 3 completed. Test dataset:
	 Loss: 0.8941
	 Accuracy : 65.83
	 Average recall: 0.5401
	 F1_PN: 0.6741
	 Macro-F1: 0.5154
	 Weighted-F1: 0.6547

Best test accuracy improved from 0.6208333333333333 to 0.6583333333333333, saving model...
    Iteration 20 of epoch 4 completed. Loss : 0.7965508699417114 Accuracy : 78.12
    Iteration 40 of epoch 4 completed. Loss : 0.7283567786216736 Accuracy : 78.12
    Iteration 60 of epoch 4 completed. Loss : 0.716690182685852 Accuracy : 84.38
    Iteration 80 of epoch 4 completed. Loss : 0.6613005995750427 Accuracy : 81.25
    Iteration 100 of epoch 4 completed. Loss : 0.7157776951789856 Accuracy : 84.38
Epoch 4 completed. Test dataset:
	 Loss: 0.8988
	 Accuracy : 65.62
	 Average recall: 0.5230
	 F1_PN: 0.6737
	 Macro-F1: 0.4913
	 Weighted-F1: 0.6467

    Iteration 20 of epoch 5 completed. Loss : 0.6525548696517944 Accuracy : 90.62
    Iteration 40 of epoch 5 completed. Loss : 0.6866427063941956 Accuracy : 78.12
    Iteration 60 of epoch 5 completed. Loss : 0.6634594798088074 Accuracy : 90.62
    Iteration 80 of epoch 5 completed. Loss : 0.6270962953567505 Accuracy : 84.38
    Iteration 100 of epoch 5 completed. Loss : 0.7147938013076782 Accuracy : 87.50
Best validation accuracy improved from 0.6833479020979021 to 0.7312062937062938
Epoch 5 completed. Test dataset:
	 Loss: 0.8812
	 Accuracy : 66.46
	 Average recall: 0.4999
	 F1_PN: 0.6567
	 Macro-F1: 0.4674
	 Weighted-F1: 0.6294

Best test accuracy improved from 0.6583333333333333 to 0.6645833333333333, saving model...
    Iteration 20 of epoch 6 completed. Loss : 0.6746717095375061 Accuracy : 87.50
    Iteration 40 of epoch 6 completed. Loss : 0.7445961833000183 Accuracy : 78.12
    Iteration 60 of epoch 6 completed. Loss : 0.6985973119735718 Accuracy : 84.38
    Iteration 80 of epoch 6 completed. Loss : 0.6075073480606079 Accuracy : 90.62
    Iteration 100 of epoch 6 completed. Loss : 0.6711495518684387 Accuracy : 90.62
Epoch 6 completed. Test dataset:
	 Loss: 0.8953
	 Accuracy : 64.38
	 Average recall: 0.4929
	 F1_PN: 0.6498
	 Macro-F1: 0.4707
	 Weighted-F1: 0.6252

    Iteration 20 of epoch 7 completed. Loss : 0.6124506592750549 Accuracy : 93.75
    Iteration 40 of epoch 7 completed. Loss : 0.7647809386253357 Accuracy : 75.00
    Iteration 60 of epoch 7 completed. Loss : 0.7039424777030945 Accuracy : 84.38
    Iteration 80 of epoch 7 completed. Loss : 0.6118863821029663 Accuracy : 90.62
    Iteration 100 of epoch 7 completed. Loss : 0.6639072299003601 Accuracy : 90.62
Epoch 7 completed. Test dataset:
	 Loss: 0.9083
	 Accuracy : 63.75
	 Average recall: 0.4794
	 F1_PN: 0.6434
	 Macro-F1: 0.4290
	 Weighted-F1: 0.6037

    Iteration 20 of epoch 8 completed. Loss : 0.6767787933349609 Accuracy : 84.38
    Iteration 40 of epoch 8 completed. Loss : 0.7477747797966003 Accuracy : 81.25
    Iteration 60 of epoch 8 completed. Loss : 0.6560237407684326 Accuracy : 90.62
    Iteration 80 of epoch 8 completed. Loss : 0.5676131248474121 Accuracy : 96.88
    Iteration 100 of epoch 8 completed. Loss : 0.727401614189148 Accuracy : 78.12
Epoch 8 completed. Test dataset:
	 Loss: 0.8902
	 Accuracy : 65.42
	 Average recall: 0.4946
	 F1_PN: 0.6593
	 Macro-F1: 0.4570
	 Weighted-F1: 0.6224

    Iteration 20 of epoch 9 completed. Loss : 0.6181766390800476 Accuracy : 93.75
    Iteration 40 of epoch 9 completed. Loss : 0.7096436619758606 Accuracy : 84.38
    Iteration 60 of epoch 9 completed. Loss : 0.6597102284431458 Accuracy : 90.62
    Iteration 80 of epoch 9 completed. Loss : 0.5838767290115356 Accuracy : 93.75
    Iteration 100 of epoch 9 completed. Loss : 0.6902317404747009 Accuracy : 87.50
Epoch 9 completed. Test dataset:
	 Loss: 0.8873
	 Accuracy : 65.62
	 Average recall: 0.4856
	 F1_PN: 0.6499
	 Macro-F1: 0.4507
	 Weighted-F1: 0.6205

    Iteration 20 of epoch 10 completed. Loss : 0.61286461353302 Accuracy : 93.75
    Iteration 40 of epoch 10 completed. Loss : 0.6983863711357117 Accuracy : 84.38
    Iteration 60 of epoch 10 completed. Loss : 0.6572049856185913 Accuracy : 90.62
    Iteration 80 of epoch 10 completed. Loss : 0.6018356084823608 Accuracy : 93.75
    Iteration 100 of epoch 10 completed. Loss : 0.6772828102111816 Accuracy : 87.50
Epoch 10 completed. Test dataset:
	 Loss: 0.8767
	 Accuracy : 66.67
	 Average recall: 0.4900
	 F1_PN: 0.6601
	 Macro-F1: 0.4575
	 Weighted-F1: 0.6297

Best test accuracy improved from 0.6645833333333333 to 0.6666666666666666, saving model...
    Iteration 20 of epoch 11 completed. Loss : 0.6099410057067871 Accuracy : 93.75
    Iteration 40 of epoch 11 completed. Loss : 0.7014747262001038 Accuracy : 84.38
    Iteration 60 of epoch 11 completed. Loss : 0.6551416516304016 Accuracy : 90.62
    Iteration 80 of epoch 11 completed. Loss : 0.5813556909561157 Accuracy : 93.75
    Iteration 100 of epoch 11 completed. Loss : 0.6769932508468628 Accuracy : 87.50
Epoch 11 completed. Test dataset:
	 Loss: 0.8897
	 Accuracy : 65.21
	 Average recall: 0.4870
	 F1_PN: 0.6522
	 Macro-F1: 0.4523
	 Weighted-F1: 0.6190

    Iteration 20 of epoch 12 completed. Loss : 0.617236852645874 Accuracy : 93.75
    Iteration 40 of epoch 12 completed. Loss : 0.6963033080101013 Accuracy : 84.38
    Iteration 60 of epoch 12 completed. Loss : 0.6677078008651733 Accuracy : 90.62
    Iteration 80 of epoch 12 completed. Loss : 0.5656099915504456 Accuracy : 96.88
    Iteration 100 of epoch 12 completed. Loss : 0.6815465092658997 Accuracy : 84.38
Epoch 12 completed. Test dataset:
	 Loss: 0.8872
	 Accuracy : 65.42
	 Average recall: 0.4822
	 F1_PN: 0.6485
	 Macro-F1: 0.4498
	 Weighted-F1: 0.6199

    Iteration 20 of epoch 13 completed. Loss : 0.6059240698814392 Accuracy : 93.75
    Iteration 40 of epoch 13 completed. Loss : 0.6899448037147522 Accuracy : 84.38
    Iteration 60 of epoch 13 completed. Loss : 0.6554469466209412 Accuracy : 90.62
    Iteration 80 of epoch 13 completed. Loss : 0.5605894327163696 Accuracy : 96.88
    Iteration 100 of epoch 13 completed. Loss : 0.664143443107605 Accuracy : 90.62
Epoch 13 completed. Test dataset:
	 Loss: 0.8863
	 Accuracy : 65.21
	 Average recall: 0.4761
	 F1_PN: 0.6439
	 Macro-F1: 0.4467
	 Weighted-F1: 0.6179

    Iteration 20 of epoch 14 completed. Loss : 0.5987311601638794 Accuracy : 96.88
    Iteration 40 of epoch 14 completed. Loss : 0.6686270833015442 Accuracy : 90.62
    Iteration 60 of epoch 14 completed. Loss : 0.6537429094314575 Accuracy : 90.62
    Iteration 80 of epoch 14 completed. Loss : 0.5600006580352783 Accuracy : 100.00
    Iteration 100 of epoch 14 completed. Loss : 0.6562743186950684 Accuracy : 90.62
Best validation accuracy improved from 0.7312062937062938 to 0.7336101398601399
Epoch 14 completed. Test dataset:
	 Loss: 0.8803
	 Accuracy : 66.25
	 Average recall: 0.4729
	 F1_PN: 0.6527
	 Macro-F1: 0.4415
	 Weighted-F1: 0.6232

    Iteration 20 of epoch 15 completed. Loss : 0.5983869433403015 Accuracy : 96.88
    Iteration 40 of epoch 15 completed. Loss : 0.6650940179824829 Accuracy : 87.50
    Iteration 60 of epoch 15 completed. Loss : 0.6522863507270813 Accuracy : 90.62
    Iteration 80 of epoch 15 completed. Loss : 0.5546091794967651 Accuracy : 100.00
    Iteration 100 of epoch 15 completed. Loss : 0.6576662063598633 Accuracy : 90.62
Best validation accuracy improved from 0.7336101398601399 to 0.736013986013986
Epoch 15 completed. Test dataset:
	 Loss: 0.8814
	 Accuracy : 65.62
	 Average recall: 0.4663
	 F1_PN: 0.6450
	 Macro-F1: 0.4363
	 Weighted-F1: 0.6166

Train/val/test loss curve saved to /home/rgg2706/Multimodal-Sentiment-Analysis/Logs/MOASC4/2025-03-21/sub-1/001_Mar-21-2025_12:07_AM/train_val_test_loss_curve.png
Confusion matrix saved to /home/rgg2706/Multimodal-Sentiment-Analysis/Logs/MOASC4/2025-03-21/sub-1/001_Mar-21-2025_12:07_AM/confusion_matrix.png
