SLURM Job ID: 20077580
The first version with resnset
Model: MOASC4
Dataset: MOA-MVSA-single
directory /home/rgg2706/Multimodal-Sentiment-Analysis/Datasets/MOA-MVSA-single exists
directory /home/rgg2706/Multimodal-Sentiment-Analysis/Datasets/MOA-MVSA-multiple exists
42
directory /home/rgg2706/Multimodal-Sentiment-Analysis/Models/MOASC4/SaveFiles/SentimentClassifier exists
Loading dataset from: /home/rgg2706/Multimodal-Sentiment-Analysis/Datasets/MOA-MVSA-single
/home/rgg2706/Multimodal-Sentiment-Analysis/Datasets/MOA-MVSA-single/text
/home/rgg2706/Multimodal-Sentiment-Analysis/Datasets/MOA-MVSA-single/image
[DEBUG] Now in dataset directory for labels: /home/rgg2706/Multimodal-Sentiment-Analysis/Datasets/MOA-MVSA-single
[DEBUG] About to read labels from: /home/rgg2706/Multimodal-Sentiment-Analysis/Datasets/MOA-MVSA-single/labels.csv
Dataset directory is: /home/rgg2706/Multimodal-Sentiment-Analysis/Datasets/MOA-MVSA-single
Files in dataset directory: ['labels.csv', 'text', 'image']
   ID  text  image
0   1     2      1
1   2     2      1
2   3     2      1
3   4     1      1
4   5     1      1
5   6     1      1
6   7     1      1
7   8     2      1
8   9     1      1
9  10     0      0

[DEBUG] First 5 training texts:
    ID: 1 | Overall sentiment: 1 | Text: how  i feel today legday jelly aching gym 
    ID: 2 | Overall sentiment: 1 | Text: grattis min griskulting!!?? va bara tvungen oki s? sch ? ingenkommerattrodig pig happybday wow lovely cut 
    ID: 4 | Overall sentiment: 1 | Text: esco  we have a young and energetic team and we pride ourselves on offering the highes hoer 
    ID: 6 | Overall sentiment: 1 | Text:  babeshawnmendes that was really energetic 
    ID: 7 | Overall sentiment: 1 | Text:  deepikapadukone  to my most hard workingfun loving and energetic team.. thank you and  i love you! 
Train samples: 3653
Validation samples: 406
Test samples: 452
Total samples: 4511
Train label distribution: Negative=1118, Positive=2153, Neutral=382
Val   label distribution: Negative=128, Positive=235, Neutral=43
Test  label distribution: Negative=112, Positive=295, Neutral=45
Overall label distribution: Negative=1358, Positive=2683, Neutral=470
    Iteration 20 of epoch 1 completed. Loss : 1.1239533424377441 Accuracy : 31.25
    Iteration 40 of epoch 1 completed. Loss : 1.1180931329727173 Accuracy : 31.25
    Iteration 60 of epoch 1 completed. Loss : 1.0949697494506836 Accuracy : 31.25
    Iteration 80 of epoch 1 completed. Loss : 1.0921753644943237 Accuracy : 34.38
    Iteration 100 of epoch 1 completed. Loss : 1.0849281549453735 Accuracy : 40.62
Best validation accuracy improved from 0.0 to 0.48229895104895104
Epoch 1 completed. Test dataset:
	 Loss: 1.0264
	 Accuracy : 50.62
	 Average recall: 0.3434
	 F1_PN: 0.4698
	 Macro-F1: 0.3206
	 Weighted-F1: 0.5139

Best test accuracy improved from 0.0 to 0.50625, saving model...
    Iteration 20 of epoch 2 completed. Loss : 0.9999180436134338 Accuracy : 56.25
    Iteration 40 of epoch 2 completed. Loss : 1.0262430906295776 Accuracy : 46.88
    Iteration 60 of epoch 2 completed. Loss : 0.9927120208740234 Accuracy : 50.00
    Iteration 80 of epoch 2 completed. Loss : 0.9954849481582642 Accuracy : 40.62
    Iteration 100 of epoch 2 completed. Loss : 0.8605084419250488 Accuracy : 50.00
Epoch 2 completed. Test dataset:
	 Loss: 0.9684
	 Accuracy : 51.25
	 Average recall: 0.3385
	 F1_PN: 0.4764
	 Macro-F1: 0.3270
	 Weighted-F1: 0.5264

Best test accuracy improved from 0.50625 to 0.5125, saving model...
    Iteration 20 of epoch 3 completed. Loss : 0.7396748065948486 Accuracy : 78.12
    Iteration 40 of epoch 3 completed. Loss : 0.5582160949707031 Accuracy : 71.88
    Iteration 60 of epoch 3 completed. Loss : 0.5957908630371094 Accuracy : 78.12
    Iteration 80 of epoch 3 completed. Loss : 0.49897098541259766 Accuracy : 81.25
    Iteration 100 of epoch 3 completed. Loss : 0.4461718797683716 Accuracy : 71.88
Epoch 3 completed. Test dataset:
	 Loss: 1.1739
	 Accuracy : 51.67
	 Average recall: 0.3139
	 F1_PN: 0.4470
	 Macro-F1: 0.3054
	 Weighted-F1: 0.5193

Best test accuracy improved from 0.5125 to 0.5166666666666667, saving model...
    Iteration 20 of epoch 4 completed. Loss : 0.4000573456287384 Accuracy : 84.38
    Iteration 40 of epoch 4 completed. Loss : 0.21796689927577972 Accuracy : 90.62
    Iteration 60 of epoch 4 completed. Loss : 0.1387743204832077 Accuracy : 93.75
    Iteration 80 of epoch 4 completed. Loss : 0.04579625651240349 Accuracy : 100.00
    Iteration 100 of epoch 4 completed. Loss : 0.06240152195096016 Accuracy : 96.88
Epoch 4 completed. Test dataset:
	 Loss: 1.7204
	 Accuracy : 47.92
	 Average recall: 0.3161
	 F1_PN: 0.4404
	 Macro-F1: 0.3010
	 Weighted-F1: 0.4941

    Iteration 20 of epoch 5 completed. Loss : 0.148019939661026 Accuracy : 93.75
    Iteration 40 of epoch 5 completed. Loss : 0.07577471435070038 Accuracy : 96.88
    Iteration 60 of epoch 5 completed. Loss : 0.034107305109500885 Accuracy : 100.00
    Iteration 80 of epoch 5 completed. Loss : 0.015227217227220535 Accuracy : 100.00
    Iteration 100 of epoch 5 completed. Loss : 0.005102079827338457 Accuracy : 100.00
Best validation accuracy improved from 0.48229895104895104 to 0.48492132867132864
Epoch 5 completed. Test dataset:
	 Loss: 1.5994
	 Accuracy : 56.25
	 Average recall: 0.3285
	 F1_PN: 0.4652
	 Macro-F1: 0.3175
	 Weighted-F1: 0.5459

Best test accuracy improved from 0.5166666666666667 to 0.5625, saving model...
    Iteration 20 of epoch 6 completed. Loss : 0.035019081085920334 Accuracy : 100.00
    Iteration 40 of epoch 6 completed. Loss : 0.0742824524641037 Accuracy : 96.88
    Iteration 60 of epoch 6 completed. Loss : 0.019272740930318832 Accuracy : 100.00
    Iteration 80 of epoch 6 completed. Loss : 0.010378302074968815 Accuracy : 100.00
    Iteration 100 of epoch 6 completed. Loss : 0.0046812621876597404 Accuracy : 100.00
Best validation accuracy improved from 0.48492132867132864 to 0.49213286713286714
Epoch 6 completed. Test dataset:
	 Loss: 1.6316
	 Accuracy : 55.62
	 Average recall: 0.3227
	 F1_PN: 0.4580
	 Macro-F1: 0.3127
	 Weighted-F1: 0.5405

    Iteration 20 of epoch 7 completed. Loss : 0.02421763725578785 Accuracy : 100.00
    Iteration 40 of epoch 7 completed. Loss : 0.060274023562669754 Accuracy : 96.88
    Iteration 60 of epoch 7 completed. Loss : 0.014743723906576633 Accuracy : 100.00
    Iteration 80 of epoch 7 completed. Loss : 0.010014179162681103 Accuracy : 100.00
    Iteration 100 of epoch 7 completed. Loss : 0.00587571831420064 Accuracy : 100.00
Epoch 7 completed. Test dataset:
	 Loss: 1.6358
	 Accuracy : 55.62
	 Average recall: 0.3227
	 F1_PN: 0.4580
	 Macro-F1: 0.3127
	 Weighted-F1: 0.5405

    Iteration 20 of epoch 8 completed. Loss : 0.022806981578469276 Accuracy : 100.00
    Iteration 40 of epoch 8 completed. Loss : 0.058168113231658936 Accuracy : 96.88
    Iteration 60 of epoch 8 completed. Loss : 0.014481928199529648 Accuracy : 100.00
    Iteration 80 of epoch 8 completed. Loss : 0.00962453056126833 Accuracy : 100.00
    Iteration 100 of epoch 8 completed. Loss : 0.0053760455921292305 Accuracy : 100.00
Epoch 8 completed. Test dataset:
	 Loss: 1.6392
	 Accuracy : 55.62
	 Average recall: 0.3227
	 F1_PN: 0.4580
	 Macro-F1: 0.3127
	 Weighted-F1: 0.5405

    Iteration 20 of epoch 9 completed. Loss : 0.02113948203623295 Accuracy : 100.00
    Iteration 40 of epoch 9 completed. Loss : 0.05604128539562225 Accuracy : 96.88
    Iteration 60 of epoch 9 completed. Loss : 0.01611167937517166 Accuracy : 100.00
    Iteration 80 of epoch 9 completed. Loss : 0.007991685532033443 Accuracy : 100.00
    Iteration 100 of epoch 9 completed. Loss : 0.004847776144742966 Accuracy : 100.00
Epoch 9 completed. Test dataset:
	 Loss: 1.6397
	 Accuracy : 55.62
	 Average recall: 0.3227
	 F1_PN: 0.4580
	 Macro-F1: 0.3127
	 Weighted-F1: 0.5405

    Iteration 20 of epoch 10 completed. Loss : 0.026701953262090683 Accuracy : 100.00
    Iteration 40 of epoch 10 completed. Loss : 0.05761679261922836 Accuracy : 96.88
    Iteration 60 of epoch 10 completed. Loss : 0.016856221482157707 Accuracy : 100.00
    Iteration 80 of epoch 10 completed. Loss : 0.008712714537978172 Accuracy : 100.00
    Iteration 100 of epoch 10 completed. Loss : 0.005119131878018379 Accuracy : 100.00
Epoch 10 completed. Test dataset:
	 Loss: 1.6401
	 Accuracy : 55.62
	 Average recall: 0.3227
	 F1_PN: 0.4580
	 Macro-F1: 0.3127
	 Weighted-F1: 0.5405

    Iteration 20 of epoch 11 completed. Loss : 0.023998096585273743 Accuracy : 100.00
    Iteration 40 of epoch 11 completed. Loss : 0.06292872875928879 Accuracy : 96.88
    Iteration 60 of epoch 11 completed. Loss : 0.014103640802204609 Accuracy : 100.00
    Iteration 80 of epoch 11 completed. Loss : 0.007525167427957058 Accuracy : 100.00
    Iteration 100 of epoch 11 completed. Loss : 0.005139133892953396 Accuracy : 100.00
Epoch 11 completed. Test dataset:
	 Loss: 1.6401
	 Accuracy : 55.62
	 Average recall: 0.3227
	 F1_PN: 0.4580
	 Macro-F1: 0.3127
	 Weighted-F1: 0.5405

    Iteration 20 of epoch 12 completed. Loss : 0.02247067168354988 Accuracy : 100.00
    Iteration 40 of epoch 12 completed. Loss : 0.057262636721134186 Accuracy : 96.88
    Iteration 60 of epoch 12 completed. Loss : 0.013764500617980957 Accuracy : 100.00
    Iteration 80 of epoch 12 completed. Loss : 0.00662587396800518 Accuracy : 100.00
    Iteration 100 of epoch 12 completed. Loss : 0.005257539916783571 Accuracy : 100.00
Epoch 12 completed. Test dataset:
	 Loss: 1.6401
	 Accuracy : 55.62
	 Average recall: 0.3227
	 F1_PN: 0.4580
	 Macro-F1: 0.3127
	 Weighted-F1: 0.5405

    Iteration 20 of epoch 13 completed. Loss : 0.02680179849267006 Accuracy : 100.00
    Iteration 40 of epoch 13 completed. Loss : 0.060237105935811996 Accuracy : 96.88
    Iteration 60 of epoch 13 completed. Loss : 0.014843267388641834 Accuracy : 100.00
    Iteration 80 of epoch 13 completed. Loss : 0.007024846039712429 Accuracy : 100.00
    Iteration 100 of epoch 13 completed. Loss : 0.005394136067479849 Accuracy : 100.00
Epoch 13 completed. Test dataset:
	 Loss: 1.6401
	 Accuracy : 55.62
	 Average recall: 0.3227
	 F1_PN: 0.4580
	 Macro-F1: 0.3127
	 Weighted-F1: 0.5405

    Iteration 20 of epoch 14 completed. Loss : 0.027868254110217094 Accuracy : 100.00
    Iteration 40 of epoch 14 completed. Loss : 0.05171918496489525 Accuracy : 96.88
    Iteration 60 of epoch 14 completed. Loss : 0.013584686443209648 Accuracy : 100.00
    Iteration 80 of epoch 14 completed. Loss : 0.007462020963430405 Accuracy : 100.00
    Iteration 100 of epoch 14 completed. Loss : 0.004350633826106787 Accuracy : 100.00
Epoch 14 completed. Test dataset:
	 Loss: 1.6401
	 Accuracy : 55.62
	 Average recall: 0.3227
	 F1_PN: 0.4580
	 Macro-F1: 0.3127
	 Weighted-F1: 0.5405

    Iteration 20 of epoch 15 completed. Loss : 0.02411622740328312 Accuracy : 100.00
    Iteration 40 of epoch 15 completed. Loss : 0.05996039882302284 Accuracy : 96.88
    Iteration 60 of epoch 15 completed. Loss : 0.018551023676991463 Accuracy : 100.00
    Iteration 80 of epoch 15 completed. Loss : 0.006466113496571779 Accuracy : 100.00
    Iteration 100 of epoch 15 completed. Loss : 0.004909031093120575 Accuracy : 100.00
Epoch 15 completed. Test dataset:
	 Loss: 1.6402
	 Accuracy : 55.62
	 Average recall: 0.3227
	 F1_PN: 0.4580
	 Macro-F1: 0.3127
	 Weighted-F1: 0.5405

Train/val/test loss curve saved to /home/rgg2706/Multimodal-Sentiment-Analysis/Logs/MOASC4/2025-03-20/sub-1/009_Mar-20-2025_06:37_PM/train_val_test_loss_curve.png
Confusion matrix saved to /home/rgg2706/Multimodal-Sentiment-Analysis/Logs/MOASC4/2025-03-20/sub-1/009_Mar-20-2025_06:37_PM/confusion_matrix.png
