SLURM Job ID: 20078116
The first version with resnset
Model: MOASC4
Dataset: MOA-MVSA-multiple
directory /home/rgg2706/Multimodal-Sentiment-Analysis/Datasets/MOA-MVSA-single exists
directory /home/rgg2706/Multimodal-Sentiment-Analysis/Datasets/MOA-MVSA-multiple exists
directory /home/rgg2706/Multimodal-Sentiment-Analysis/Models/MOASC4/SaveFiles/SentimentClassifier exists
23
Loading dataset from: /home/rgg2706/Multimodal-Sentiment-Analysis/Datasets/MOA-MVSA-multiple
/home/rgg2706/Multimodal-Sentiment-Analysis/Datasets/MOA-MVSA-multiple/text
/home/rgg2706/Multimodal-Sentiment-Analysis/Datasets/MOA-MVSA-multiple/image
[DEBUG] Now in dataset directory for labels: /home/rgg2706/Multimodal-Sentiment-Analysis/Datasets/MOA-MVSA-multiple
[DEBUG] About to read labels from: /home/rgg2706/Multimodal-Sentiment-Analysis/Datasets/MOA-MVSA-multiple/labels.csv
Dataset directory is: /home/rgg2706/Multimodal-Sentiment-Analysis/Datasets/MOA-MVSA-multiple
Files in dataset directory: ['labels.csv', 'text', 'image']
     ID  text  image
0  2499     1      1
1  2500     2      1
2  2502     1      1
3  2504     1      2
4  2505     1      2
5  2506     2      2
6  2508     0      2
7  2509     0      0
8  2510     2      2
9  2511     2      1
Error loading image /home/rgg2706/Multimodal-Sentiment-Analysis/Datasets/MOA-MVSA-multiple/image/3910.jpg: cannot identify image file '/home/rgg2706/Multimodal-Sentiment-Analysis/Datasets/MOA-MVSA-multiple/image/3910.jpg'
  [*] Using fallback image: /home/rgg2706/Multimodal-Sentiment-Analysis/Datasets/0default.jpg
Error loading image /home/rgg2706/Multimodal-Sentiment-Analysis/Datasets/MOA-MVSA-multiple/image/5995.jpg: cannot identify image file '/home/rgg2706/Multimodal-Sentiment-Analysis/Datasets/MOA-MVSA-multiple/image/5995.jpg'
  [*] Using fallback image: /home/rgg2706/Multimodal-Sentiment-Analysis/Datasets/0default.jpg
Error loading image /home/rgg2706/Multimodal-Sentiment-Analysis/Datasets/MOA-MVSA-multiple/image/15324.jpg: image file is truncated (4 bytes not processed)
  [*] Using fallback image: /home/rgg2706/Multimodal-Sentiment-Analysis/Datasets/0default.jpg

[DEBUG] First 5 training texts:
    ID: 2499 | Overall sentiment: 1 | Text: knocked doors with the venerable  team trudeau lpc candidate kylejpeterson this aft in my hometown  aurora! elxn
    ID: 2502 | Overall sentiment: 1 | Text: i think it is time for change   ana  commit to  vote  generation trudeau  sfu lpc elxn http annoyedorhesitantt.cohvo i ud x ib
    ID: 2504 | Overall sentiment: 1 | Text: rdy to watch  thomas mulcair rock it tnight in the globeandmail debate at  winnipeg news  cafe  ndp cdnpoli elxn
    ID: 2505 | Overall sentiment: 1 | Text: cannot wait to vote for kenthehr and  justin trudeau on  october . cdnpoli elxn  real change  go  team hehr
    ID: 2506 | Overall sentiment: 2 | Text: vote for  ndp is vote for another  harper. elxn  andrew  thomson  mulcairs financial adviser http annoyedorhesitantt.coeq t jiv vh
Train samples: 13791
Validation samples: 1533
Test samples: 1703
Total samples: 17027
Train label distribution: Negative=1033, Positive=9195, Neutral=3563
Val   label distribution: Negative=125, Positive=1010, Neutral=398
Test  label distribution: Negative=141, Positive=1115, Neutral=447
Overall label distribution: Negative=1299, Positive=11320, Neutral=4408
    Iteration 20 of epoch 1 completed. Loss : 1.0985088348388672 Accuracy : 43.75
    Iteration 40 of epoch 1 completed. Loss : 1.112967610359192 Accuracy : 56.25
    Iteration 60 of epoch 1 completed. Loss : 1.1063189506530762 Accuracy : 43.75
    Iteration 80 of epoch 1 completed. Loss : 1.1145201921463013 Accuracy : 34.38
    Iteration 100 of epoch 1 completed. Loss : 1.1051205396652222 Accuracy : 56.25
    Iteration 120 of epoch 1 completed. Loss : 1.03024423122406 Accuracy : 93.75
    Iteration 140 of epoch 1 completed. Loss : 1.112125277519226 Accuracy : 53.12
    Iteration 160 of epoch 1 completed. Loss : 1.0965949296951294 Accuracy : 40.62
    Iteration 180 of epoch 1 completed. Loss : 1.0970728397369385 Accuracy : 75.00
    Iteration 200 of epoch 1 completed. Loss : 1.0645424127578735 Accuracy : 68.75
    Iteration 220 of epoch 1 completed. Loss : 1.1208548545837402 Accuracy : 40.62
    Iteration 240 of epoch 1 completed. Loss : 1.1860771179199219 Accuracy : 81.25
    Iteration 260 of epoch 1 completed. Loss : 1.0306434631347656 Accuracy : 46.88
    Iteration 280 of epoch 1 completed. Loss : 1.0148166418075562 Accuracy : 43.75
    Iteration 300 of epoch 1 completed. Loss : 1.0075937509536743 Accuracy : 56.25
    Iteration 320 of epoch 1 completed. Loss : 1.178182601928711 Accuracy : 40.62
    Iteration 340 of epoch 1 completed. Loss : 0.8582509160041809 Accuracy : 62.50
    Iteration 360 of epoch 1 completed. Loss : 0.9191240072250366 Accuracy : 62.50
    Iteration 380 of epoch 1 completed. Loss : 1.1511030197143555 Accuracy : 53.12
    Iteration 400 of epoch 1 completed. Loss : 1.064306378364563 Accuracy : 78.12
    Iteration 420 of epoch 1 completed. Loss : 1.0620896816253662 Accuracy : 50.00
Best validation accuracy improved from 0.0 to 0.6365616020114943
Epoch 1 completed. Test dataset:
	 Loss: 0.8872
	 Accuracy : 64.53
	 Average recall: 0.4251
	 F1_PN: 0.4224
	 Macro-F1: 0.4067
	 Weighted-F1: 0.6209

Best test accuracy improved from 0.0 to 0.6453373015873015, saving model...
    Iteration 20 of epoch 2 completed. Loss : 1.0142313241958618 Accuracy : 53.12
    Iteration 40 of epoch 2 completed. Loss : 0.8683691024780273 Accuracy : 56.25
    Iteration 60 of epoch 2 completed. Loss : 0.7861459255218506 Accuracy : 75.00
    Iteration 80 of epoch 2 completed. Loss : 0.9874586462974548 Accuracy : 56.25
    Iteration 100 of epoch 2 completed. Loss : 1.0528162717819214 Accuracy : 56.25
    Iteration 120 of epoch 2 completed. Loss : 1.0536316633224487 Accuracy : 90.62
    Iteration 140 of epoch 2 completed. Loss : 1.0379854440689087 Accuracy : 56.25
    Iteration 160 of epoch 2 completed. Loss : 0.9767026305198669 Accuracy : 75.00
    Iteration 180 of epoch 2 completed. Loss : 0.891477644443512 Accuracy : 68.75
    Iteration 200 of epoch 2 completed. Loss : 0.9387099742889404 Accuracy : 62.50
    Iteration 220 of epoch 2 completed. Loss : 0.9502489566802979 Accuracy : 56.25
    Iteration 240 of epoch 2 completed. Loss : 1.1452094316482544 Accuracy : 53.12
    Iteration 260 of epoch 2 completed. Loss : 0.9321863651275635 Accuracy : 65.62
    Iteration 280 of epoch 2 completed. Loss : 0.8612055778503418 Accuracy : 68.75
    Iteration 300 of epoch 2 completed. Loss : 0.7678208947181702 Accuracy : 62.50
    Iteration 320 of epoch 2 completed. Loss : 1.1343984603881836 Accuracy : 53.12
    Iteration 340 of epoch 2 completed. Loss : 0.8735342621803284 Accuracy : 78.12
    Iteration 360 of epoch 2 completed. Loss : 0.9309465885162354 Accuracy : 78.12
    Iteration 380 of epoch 2 completed. Loss : 1.0924211740493774 Accuracy : 53.12
    Iteration 400 of epoch 2 completed. Loss : 0.8943520188331604 Accuracy : 65.62
    Iteration 420 of epoch 2 completed. Loss : 0.827257513999939 Accuracy : 56.25
Epoch 2 completed. Test dataset:
	 Loss: 0.9190
	 Accuracy : 61.12
	 Average recall: 0.5218
	 F1_PN: 0.5216
	 Macro-F1: 0.4856
	 Weighted-F1: 0.6188

    Iteration 20 of epoch 3 completed. Loss : 1.0466281175613403 Accuracy : 50.00
    Iteration 40 of epoch 3 completed. Loss : 0.8083687424659729 Accuracy : 68.75
    Iteration 60 of epoch 3 completed. Loss : 0.7412704229354858 Accuracy : 81.25
    Iteration 80 of epoch 3 completed. Loss : 0.9619865417480469 Accuracy : 62.50
    Iteration 100 of epoch 3 completed. Loss : 1.0275598764419556 Accuracy : 59.38
    Iteration 120 of epoch 3 completed. Loss : 0.92732834815979 Accuracy : 93.75
    Iteration 140 of epoch 3 completed. Loss : 0.9425131678581238 Accuracy : 62.50
    Iteration 160 of epoch 3 completed. Loss : 0.7443040013313293 Accuracy : 84.38
    Iteration 180 of epoch 3 completed. Loss : 0.8713232278823853 Accuracy : 68.75
    Iteration 200 of epoch 3 completed. Loss : 0.9392106533050537 Accuracy : 65.62
    Iteration 220 of epoch 3 completed. Loss : 0.8436503410339355 Accuracy : 56.25
    Iteration 240 of epoch 3 completed. Loss : 1.109800934791565 Accuracy : 53.12
    Iteration 260 of epoch 3 completed. Loss : 0.840304970741272 Accuracy : 81.25
    Iteration 280 of epoch 3 completed. Loss : 0.8499671816825867 Accuracy : 65.62
    Iteration 300 of epoch 3 completed. Loss : 0.7838560938835144 Accuracy : 62.50
    Iteration 320 of epoch 3 completed. Loss : 1.1250967979431152 Accuracy : 50.00
    Iteration 340 of epoch 3 completed. Loss : 0.605172872543335 Accuracy : 87.50
    Iteration 360 of epoch 3 completed. Loss : 0.9245039224624634 Accuracy : 71.88
    Iteration 380 of epoch 3 completed. Loss : 0.8450740575790405 Accuracy : 78.12
    Iteration 400 of epoch 3 completed. Loss : 0.8348997235298157 Accuracy : 68.75
    Iteration 420 of epoch 3 completed. Loss : 0.7227585315704346 Accuracy : 71.88
Epoch 3 completed. Test dataset:
	 Loss: 0.9365
	 Accuracy : 59.81
	 Average recall: 0.5114
	 F1_PN: 0.4857
	 Macro-F1: 0.4674
	 Weighted-F1: 0.6090

    Iteration 20 of epoch 4 completed. Loss : 1.0686718225479126 Accuracy : 40.62
    Iteration 40 of epoch 4 completed. Loss : 0.7482483386993408 Accuracy : 78.12
    Iteration 60 of epoch 4 completed. Loss : 0.6694715619087219 Accuracy : 90.62
    Iteration 80 of epoch 4 completed. Loss : 0.8339474201202393 Accuracy : 75.00
    Iteration 100 of epoch 4 completed. Loss : 0.8897293210029602 Accuracy : 65.62
    Iteration 120 of epoch 4 completed. Loss : 0.8001692891120911 Accuracy : 93.75
    Iteration 140 of epoch 4 completed. Loss : 0.8597666621208191 Accuracy : 59.38
    Iteration 160 of epoch 4 completed. Loss : 0.697014570236206 Accuracy : 81.25
    Iteration 180 of epoch 4 completed. Loss : 0.846508800983429 Accuracy : 78.12
    Iteration 200 of epoch 4 completed. Loss : 0.7098119258880615 Accuracy : 84.38
    Iteration 220 of epoch 4 completed. Loss : 0.7862874865531921 Accuracy : 65.62
    Iteration 240 of epoch 4 completed. Loss : 0.9261070489883423 Accuracy : 81.25
    Iteration 260 of epoch 4 completed. Loss : 0.6907142996788025 Accuracy : 84.38
    Iteration 280 of epoch 4 completed. Loss : 0.7648813724517822 Accuracy : 81.25
    Iteration 300 of epoch 4 completed. Loss : 0.7389788031578064 Accuracy : 71.88
    Iteration 320 of epoch 4 completed. Loss : 0.9908574223518372 Accuracy : 68.75
    Iteration 340 of epoch 4 completed. Loss : 0.5915210247039795 Accuracy : 87.50
    Iteration 360 of epoch 4 completed. Loss : 0.8717070817947388 Accuracy : 84.38
    Iteration 380 of epoch 4 completed. Loss : 0.7047613263130188 Accuracy : 84.38
    Iteration 400 of epoch 4 completed. Loss : 0.7691171765327454 Accuracy : 75.00
    Iteration 420 of epoch 4 completed. Loss : 0.623822033405304 Accuracy : 87.50
Epoch 4 completed. Test dataset:
	 Loss: 0.9180
	 Accuracy : 62.02
	 Average recall: 0.5259
	 F1_PN: 0.5271
	 Macro-F1: 0.4908
	 Weighted-F1: 0.6317

    Iteration 20 of epoch 5 completed. Loss : 1.053175926208496 Accuracy : 43.75
    Iteration 40 of epoch 5 completed. Loss : 0.7489660978317261 Accuracy : 78.12
    Iteration 60 of epoch 5 completed. Loss : 0.6826763153076172 Accuracy : 87.50
    Iteration 80 of epoch 5 completed. Loss : 0.7811055779457092 Accuracy : 78.12
    Iteration 100 of epoch 5 completed. Loss : 0.8737895488739014 Accuracy : 65.62
    Iteration 120 of epoch 5 completed. Loss : 0.7847703695297241 Accuracy : 96.88
    Iteration 140 of epoch 5 completed. Loss : 0.7834450602531433 Accuracy : 71.88
    Iteration 160 of epoch 5 completed. Loss : 0.6869738101959229 Accuracy : 81.25
    Iteration 180 of epoch 5 completed. Loss : 0.7839394807815552 Accuracy : 78.12
    Iteration 200 of epoch 5 completed. Loss : 0.7201768159866333 Accuracy : 81.25
    Iteration 220 of epoch 5 completed. Loss : 0.7525184154510498 Accuracy : 71.88
    Iteration 240 of epoch 5 completed. Loss : 0.6851559281349182 Accuracy : 81.25
    Iteration 260 of epoch 5 completed. Loss : 0.6970170140266418 Accuracy : 84.38
    Iteration 280 of epoch 5 completed. Loss : 0.766793429851532 Accuracy : 84.38
    Iteration 300 of epoch 5 completed. Loss : 0.6888079643249512 Accuracy : 78.12
    Iteration 320 of epoch 5 completed. Loss : 0.7235050797462463 Accuracy : 81.25
    Iteration 340 of epoch 5 completed. Loss : 0.5916350483894348 Accuracy : 90.62
    Iteration 360 of epoch 5 completed. Loss : 0.8655104041099548 Accuracy : 84.38
    Iteration 380 of epoch 5 completed. Loss : 0.6840835213661194 Accuracy : 87.50
    Iteration 400 of epoch 5 completed. Loss : 0.7447648644447327 Accuracy : 78.12
    Iteration 420 of epoch 5 completed. Loss : 0.6238818764686584 Accuracy : 87.50
Epoch 5 completed. Test dataset:
	 Loss: 0.9194
	 Accuracy : 62.48
	 Average recall: 0.5284
	 F1_PN: 0.5304
	 Macro-F1: 0.4927
	 Weighted-F1: 0.6381

    Iteration 20 of epoch 6 completed. Loss : 0.9822929501533508 Accuracy : 53.12
    Iteration 40 of epoch 6 completed. Loss : 0.7241055965423584 Accuracy : 75.00
    Iteration 60 of epoch 6 completed. Loss : 0.6395707726478577 Accuracy : 87.50
    Iteration 80 of epoch 6 completed. Loss : 0.7627025246620178 Accuracy : 78.12
    Iteration 100 of epoch 6 completed. Loss : 0.8856595754623413 Accuracy : 62.50
    Iteration 120 of epoch 6 completed. Loss : 0.8106617331504822 Accuracy : 93.75
    Iteration 140 of epoch 6 completed. Loss : 0.7513572573661804 Accuracy : 71.88
    Iteration 160 of epoch 6 completed. Loss : 0.6976831555366516 Accuracy : 81.25
    Iteration 180 of epoch 6 completed. Loss : 0.7268365025520325 Accuracy : 81.25
    Iteration 200 of epoch 6 completed. Loss : 0.6823052763938904 Accuracy : 84.38
    Iteration 220 of epoch 6 completed. Loss : 0.7279328107833862 Accuracy : 71.88
    Iteration 240 of epoch 6 completed. Loss : 0.663118839263916 Accuracy : 84.38
    Iteration 260 of epoch 6 completed. Loss : 0.6505776047706604 Accuracy : 84.38
    Iteration 280 of epoch 6 completed. Loss : 0.7546369433403015 Accuracy : 84.38
    Iteration 300 of epoch 6 completed. Loss : 0.6534181833267212 Accuracy : 81.25
    Iteration 320 of epoch 6 completed. Loss : 0.7003483772277832 Accuracy : 81.25
    Iteration 340 of epoch 6 completed. Loss : 0.5775541663169861 Accuracy : 93.75
    Iteration 360 of epoch 6 completed. Loss : 0.8689015507698059 Accuracy : 84.38
    Iteration 380 of epoch 6 completed. Loss : 0.6559990644454956 Accuracy : 90.62
    Iteration 400 of epoch 6 completed. Loss : 0.7245939373970032 Accuracy : 81.25
    Iteration 420 of epoch 6 completed. Loss : 0.6124438643455505 Accuracy : 87.50
Epoch 6 completed. Test dataset:
	 Loss: 0.9082
	 Accuracy : 62.89
	 Average recall: 0.5185
	 F1_PN: 0.5384
	 Macro-F1: 0.4874
	 Weighted-F1: 0.6369

    Iteration 20 of epoch 7 completed. Loss : 0.9704793095588684 Accuracy : 56.25
    Iteration 40 of epoch 7 completed. Loss : 0.7032700777053833 Accuracy : 81.25
    Iteration 60 of epoch 7 completed. Loss : 0.6233425140380859 Accuracy : 90.62
    Iteration 80 of epoch 7 completed. Loss : 0.7540996670722961 Accuracy : 81.25
    Iteration 100 of epoch 7 completed. Loss : 0.8863464593887329 Accuracy : 65.62
    Iteration 120 of epoch 7 completed. Loss : 0.8194308876991272 Accuracy : 93.75
    Iteration 140 of epoch 7 completed. Loss : 0.7479819059371948 Accuracy : 75.00
    Iteration 160 of epoch 7 completed. Loss : 0.7011851668357849 Accuracy : 81.25
    Iteration 180 of epoch 7 completed. Loss : 0.7082095742225647 Accuracy : 78.12
    Iteration 200 of epoch 7 completed. Loss : 0.6820361018180847 Accuracy : 87.50
    Iteration 220 of epoch 7 completed. Loss : 0.7032741904258728 Accuracy : 78.12
    Iteration 240 of epoch 7 completed. Loss : 0.6367878913879395 Accuracy : 84.38
    Iteration 260 of epoch 7 completed. Loss : 0.6615577340126038 Accuracy : 87.50
    Iteration 280 of epoch 7 completed. Loss : 0.7450777888298035 Accuracy : 81.25
    Iteration 300 of epoch 7 completed. Loss : 0.6538925170898438 Accuracy : 87.50
    Iteration 320 of epoch 7 completed. Loss : 0.6819876432418823 Accuracy : 84.38
    Iteration 340 of epoch 7 completed. Loss : 0.5758151412010193 Accuracy : 93.75
    Iteration 360 of epoch 7 completed. Loss : 0.852814257144928 Accuracy : 84.38
    Iteration 380 of epoch 7 completed. Loss : 0.6739606857299805 Accuracy : 87.50
    Iteration 400 of epoch 7 completed. Loss : 0.7266736030578613 Accuracy : 81.25
    Iteration 420 of epoch 7 completed. Loss : 0.6422057151794434 Accuracy : 90.62
Epoch 7 completed. Test dataset:
	 Loss: 0.9071
	 Accuracy : 63.35
	 Average recall: 0.5226
	 F1_PN: 0.5419
	 Macro-F1: 0.4924
	 Weighted-F1: 0.6412

    Iteration 20 of epoch 8 completed. Loss : 0.9533318877220154 Accuracy : 56.25
    Iteration 40 of epoch 8 completed. Loss : 0.7228585481643677 Accuracy : 78.12
    Iteration 60 of epoch 8 completed. Loss : 0.656518280506134 Accuracy : 87.50
    Iteration 80 of epoch 8 completed. Loss : 0.7358255982398987 Accuracy : 81.25
    Iteration 100 of epoch 8 completed. Loss : 0.8869507908821106 Accuracy : 65.62
    Iteration 120 of epoch 8 completed. Loss : 0.8175248503684998 Accuracy : 93.75
    Iteration 140 of epoch 8 completed. Loss : 0.7389172315597534 Accuracy : 75.00
    Iteration 160 of epoch 8 completed. Loss : 0.6857399344444275 Accuracy : 78.12
    Iteration 180 of epoch 8 completed. Loss : 0.701301634311676 Accuracy : 84.38
    Iteration 200 of epoch 8 completed. Loss : 0.6825223565101624 Accuracy : 84.38
    Iteration 220 of epoch 8 completed. Loss : 0.7401885390281677 Accuracy : 71.88
    Iteration 240 of epoch 8 completed. Loss : 0.6590688824653625 Accuracy : 81.25
    Iteration 260 of epoch 8 completed. Loss : 0.7098403573036194 Accuracy : 87.50
    Iteration 280 of epoch 8 completed. Loss : 0.7481876015663147 Accuracy : 84.38
    Iteration 300 of epoch 8 completed. Loss : 0.6884196996688843 Accuracy : 78.12
    Iteration 320 of epoch 8 completed. Loss : 0.7012215852737427 Accuracy : 78.12
    Iteration 340 of epoch 8 completed. Loss : 0.5779276490211487 Accuracy : 96.88
    Iteration 360 of epoch 8 completed. Loss : 0.8591956496238708 Accuracy : 84.38
    Iteration 380 of epoch 8 completed. Loss : 0.6881111264228821 Accuracy : 87.50
    Iteration 400 of epoch 8 completed. Loss : 0.699812650680542 Accuracy : 84.38
    Iteration 420 of epoch 8 completed. Loss : 0.6110045909881592 Accuracy : 96.88
Epoch 8 completed. Test dataset:
	 Loss: 0.9062
	 Accuracy : 63.29
	 Average recall: 0.5196
	 F1_PN: 0.5410
	 Macro-F1: 0.4902
	 Weighted-F1: 0.6401

    Iteration 20 of epoch 9 completed. Loss : 1.0075106620788574 Accuracy : 50.00
    Iteration 40 of epoch 9 completed. Loss : 0.7399941086769104 Accuracy : 78.12
    Iteration 60 of epoch 9 completed. Loss : 0.6500526666641235 Accuracy : 87.50
    Iteration 80 of epoch 9 completed. Loss : 0.7437806725502014 Accuracy : 81.25
    Iteration 100 of epoch 9 completed. Loss : 0.8916342258453369 Accuracy : 62.50
    Iteration 120 of epoch 9 completed. Loss : 0.7918084859848022 Accuracy : 96.88
    Iteration 140 of epoch 9 completed. Loss : 0.7435986399650574 Accuracy : 75.00
    Iteration 160 of epoch 9 completed. Loss : 0.696990966796875 Accuracy : 81.25
    Iteration 180 of epoch 9 completed. Loss : 0.7170193195343018 Accuracy : 81.25
    Iteration 200 of epoch 9 completed. Loss : 0.6873932480812073 Accuracy : 84.38
    Iteration 220 of epoch 9 completed. Loss : 0.7371633052825928 Accuracy : 71.88
    Iteration 240 of epoch 9 completed. Loss : 0.6452516913414001 Accuracy : 84.38
    Iteration 260 of epoch 9 completed. Loss : 0.623432457447052 Accuracy : 93.75
    Iteration 280 of epoch 9 completed. Loss : 0.756252110004425 Accuracy : 84.38
    Iteration 300 of epoch 9 completed. Loss : 0.6826551556587219 Accuracy : 75.00
    Iteration 320 of epoch 9 completed. Loss : 0.6677313446998596 Accuracy : 84.38
    Iteration 340 of epoch 9 completed. Loss : 0.5780052542686462 Accuracy : 93.75
    Iteration 360 of epoch 9 completed. Loss : 0.858073353767395 Accuracy : 81.25
    Iteration 380 of epoch 9 completed. Loss : 0.6746082901954651 Accuracy : 87.50
    Iteration 400 of epoch 9 completed. Loss : 0.6874685287475586 Accuracy : 84.38
    Iteration 420 of epoch 9 completed. Loss : 0.6136252284049988 Accuracy : 90.62
Epoch 9 completed. Test dataset:
	 Loss: 0.9053
	 Accuracy : 63.64
	 Average recall: 0.5215
	 F1_PN: 0.5429
	 Macro-F1: 0.4921
	 Weighted-F1: 0.6431

    Iteration 20 of epoch 10 completed. Loss : 0.9571498036384583 Accuracy : 59.38
    Iteration 40 of epoch 10 completed. Loss : 0.7100945711135864 Accuracy : 78.12
    Iteration 60 of epoch 10 completed. Loss : 0.6503981947898865 Accuracy : 90.62
    Iteration 80 of epoch 10 completed. Loss : 0.7470486760139465 Accuracy : 84.38
    Iteration 100 of epoch 10 completed. Loss : 0.884994387626648 Accuracy : 62.50
    Iteration 120 of epoch 10 completed. Loss : 0.8043369650840759 Accuracy : 93.75
    Iteration 140 of epoch 10 completed. Loss : 0.7454835176467896 Accuracy : 75.00
    Iteration 160 of epoch 10 completed. Loss : 0.6795225143432617 Accuracy : 84.38
    Iteration 180 of epoch 10 completed. Loss : 0.7139459848403931 Accuracy : 84.38
    Iteration 200 of epoch 10 completed. Loss : 0.6760874390602112 Accuracy : 81.25
    Iteration 220 of epoch 10 completed. Loss : 0.7280792593955994 Accuracy : 75.00
    Iteration 240 of epoch 10 completed. Loss : 0.6587483882904053 Accuracy : 81.25
    Iteration 260 of epoch 10 completed. Loss : 0.6551588773727417 Accuracy : 90.62
    Iteration 280 of epoch 10 completed. Loss : 0.7545700669288635 Accuracy : 84.38
    Iteration 300 of epoch 10 completed. Loss : 0.6683938503265381 Accuracy : 84.38
    Iteration 320 of epoch 10 completed. Loss : 0.721036970615387 Accuracy : 81.25
    Iteration 340 of epoch 10 completed. Loss : 0.5754557251930237 Accuracy : 96.88
    Iteration 360 of epoch 10 completed. Loss : 0.8492716550827026 Accuracy : 84.38
    Iteration 380 of epoch 10 completed. Loss : 0.6488364338874817 Accuracy : 93.75
    Iteration 400 of epoch 10 completed. Loss : 0.738013505935669 Accuracy : 78.12
    Iteration 420 of epoch 10 completed. Loss : 0.6135132908821106 Accuracy : 87.50
Epoch 10 completed. Test dataset:
	 Loss: 0.9052
	 Accuracy : 63.64
	 Average recall: 0.5215
	 F1_PN: 0.5429
	 Macro-F1: 0.4921
	 Weighted-F1: 0.6431

    Iteration 20 of epoch 11 completed. Loss : 0.9682736992835999 Accuracy : 56.25
    Iteration 40 of epoch 11 completed. Loss : 0.7210460901260376 Accuracy : 78.12
    Iteration 60 of epoch 11 completed. Loss : 0.6740147471427917 Accuracy : 84.38
    Iteration 80 of epoch 11 completed. Loss : 0.7415307760238647 Accuracy : 84.38
    Iteration 100 of epoch 11 completed. Loss : 0.8886929750442505 Accuracy : 65.62
    Iteration 120 of epoch 11 completed. Loss : 0.8113455772399902 Accuracy : 93.75
    Iteration 140 of epoch 11 completed. Loss : 0.7551039457321167 Accuracy : 71.88
    Iteration 160 of epoch 11 completed. Loss : 0.6975987553596497 Accuracy : 78.12
    Iteration 180 of epoch 11 completed. Loss : 0.6997863054275513 Accuracy : 81.25
    Iteration 200 of epoch 11 completed. Loss : 0.6774470806121826 Accuracy : 84.38
    Iteration 220 of epoch 11 completed. Loss : 0.7200989127159119 Accuracy : 75.00
    Iteration 240 of epoch 11 completed. Loss : 0.6484901905059814 Accuracy : 84.38
    Iteration 260 of epoch 11 completed. Loss : 0.6608661413192749 Accuracy : 87.50
    Iteration 280 of epoch 11 completed. Loss : 0.736988365650177 Accuracy : 84.38
    Iteration 300 of epoch 11 completed. Loss : 0.6460464000701904 Accuracy : 84.38
    Iteration 320 of epoch 11 completed. Loss : 0.6746557950973511 Accuracy : 84.38
    Iteration 340 of epoch 11 completed. Loss : 0.5757148861885071 Accuracy : 93.75
    Iteration 360 of epoch 11 completed. Loss : 0.8782079815864563 Accuracy : 78.12
    Iteration 380 of epoch 11 completed. Loss : 0.6751072406768799 Accuracy : 87.50
    Iteration 400 of epoch 11 completed. Loss : 0.7293140888214111 Accuracy : 78.12
    Iteration 420 of epoch 11 completed. Loss : 0.6257047057151794 Accuracy : 90.62
Epoch 11 completed. Test dataset:
	 Loss: 0.9052
	 Accuracy : 63.58
	 Average recall: 0.5210
	 F1_PN: 0.5427
	 Macro-F1: 0.4916
	 Weighted-F1: 0.6425

    Iteration 20 of epoch 12 completed. Loss : 0.9794155955314636 Accuracy : 59.38
    Iteration 40 of epoch 12 completed. Loss : 0.7002165913581848 Accuracy : 78.12
    Iteration 60 of epoch 12 completed. Loss : 0.6561474204063416 Accuracy : 90.62
    Iteration 80 of epoch 12 completed. Loss : 0.7431541681289673 Accuracy : 84.38
    Iteration 100 of epoch 12 completed. Loss : 0.8735204339027405 Accuracy : 65.62
    Iteration 120 of epoch 12 completed. Loss : 0.7930211424827576 Accuracy : 96.88
    Iteration 140 of epoch 12 completed. Loss : 0.752319872379303 Accuracy : 71.88
    Iteration 160 of epoch 12 completed. Loss : 0.6821749210357666 Accuracy : 84.38
    Iteration 180 of epoch 12 completed. Loss : 0.7399485111236572 Accuracy : 78.12
    Iteration 200 of epoch 12 completed. Loss : 0.6768036484718323 Accuracy : 81.25
    Iteration 220 of epoch 12 completed. Loss : 0.7018401026725769 Accuracy : 78.12
    Iteration 240 of epoch 12 completed. Loss : 0.6445382833480835 Accuracy : 84.38
    Iteration 260 of epoch 12 completed. Loss : 0.6716749668121338 Accuracy : 84.38
    Iteration 280 of epoch 12 completed. Loss : 0.7430987358093262 Accuracy : 84.38
    Iteration 300 of epoch 12 completed. Loss : 0.6696560382843018 Accuracy : 81.25
    Iteration 320 of epoch 12 completed. Loss : 0.701608419418335 Accuracy : 81.25
    Iteration 340 of epoch 12 completed. Loss : 0.5931459069252014 Accuracy : 93.75
    Iteration 360 of epoch 12 completed. Loss : 0.8611369729042053 Accuracy : 81.25
    Iteration 380 of epoch 12 completed. Loss : 0.678520917892456 Accuracy : 84.38
    Iteration 400 of epoch 12 completed. Loss : 0.6959359645843506 Accuracy : 81.25
    Iteration 420 of epoch 12 completed. Loss : 0.6123477816581726 Accuracy : 90.62
Epoch 12 completed. Test dataset:
	 Loss: 0.9051
	 Accuracy : 63.53
	 Average recall: 0.5190
	 F1_PN: 0.5389
	 Macro-F1: 0.4890
	 Weighted-F1: 0.6416

    Iteration 20 of epoch 13 completed. Loss : 0.9469265341758728 Accuracy : 56.25
    Iteration 40 of epoch 13 completed. Loss : 0.7294700741767883 Accuracy : 81.25
    Iteration 60 of epoch 13 completed. Loss : 0.6233189105987549 Accuracy : 93.75
    Iteration 80 of epoch 13 completed. Loss : 0.7354865670204163 Accuracy : 81.25
    Iteration 100 of epoch 13 completed. Loss : 0.8564620614051819 Accuracy : 68.75
    Iteration 120 of epoch 13 completed. Loss : 0.7862668037414551 Accuracy : 96.88
    Iteration 140 of epoch 13 completed. Loss : 0.7529288530349731 Accuracy : 71.88
    Iteration 160 of epoch 13 completed. Loss : 0.6893540024757385 Accuracy : 81.25
    Iteration 180 of epoch 13 completed. Loss : 0.6981573104858398 Accuracy : 84.38
    Iteration 200 of epoch 13 completed. Loss : 0.6863026022911072 Accuracy : 81.25
    Iteration 220 of epoch 13 completed. Loss : 0.7342016696929932 Accuracy : 71.88
    Iteration 240 of epoch 13 completed. Loss : 0.641121506690979 Accuracy : 84.38
    Iteration 260 of epoch 13 completed. Loss : 0.6391960382461548 Accuracy : 87.50
    Iteration 280 of epoch 13 completed. Loss : 0.7471169233322144 Accuracy : 84.38
    Iteration 300 of epoch 13 completed. Loss : 0.6503599286079407 Accuracy : 84.38
    Iteration 320 of epoch 13 completed. Loss : 0.6791985630989075 Accuracy : 84.38
    Iteration 340 of epoch 13 completed. Loss : 0.5757627487182617 Accuracy : 90.62
    Iteration 360 of epoch 13 completed. Loss : 0.8501213788986206 Accuracy : 84.38
    Iteration 380 of epoch 13 completed. Loss : 0.6577544808387756 Accuracy : 90.62
    Iteration 400 of epoch 13 completed. Loss : 0.7207260727882385 Accuracy : 81.25
    Iteration 420 of epoch 13 completed. Loss : 0.6342226266860962 Accuracy : 90.62
Epoch 13 completed. Test dataset:
	 Loss: 0.9051
	 Accuracy : 63.53
	 Average recall: 0.5190
	 F1_PN: 0.5389
	 Macro-F1: 0.4890
	 Weighted-F1: 0.6416

    Iteration 20 of epoch 14 completed. Loss : 0.9960871338844299 Accuracy : 56.25
    Iteration 40 of epoch 14 completed. Loss : 0.722963809967041 Accuracy : 81.25
    Iteration 60 of epoch 14 completed. Loss : 0.6688404083251953 Accuracy : 87.50
    Iteration 80 of epoch 14 completed. Loss : 0.7663194537162781 Accuracy : 75.00
    Iteration 100 of epoch 14 completed. Loss : 0.8705065250396729 Accuracy : 68.75
    Iteration 120 of epoch 14 completed. Loss : 0.8118563294410706 Accuracy : 93.75
    Iteration 140 of epoch 14 completed. Loss : 0.74528568983078 Accuracy : 75.00
    Iteration 160 of epoch 14 completed. Loss : 0.6895968317985535 Accuracy : 84.38
    Iteration 180 of epoch 14 completed. Loss : 0.7060454487800598 Accuracy : 84.38
    Iteration 200 of epoch 14 completed. Loss : 0.7021778225898743 Accuracy : 81.25
    Iteration 220 of epoch 14 completed. Loss : 0.717580258846283 Accuracy : 78.12
    Iteration 240 of epoch 14 completed. Loss : 0.655186653137207 Accuracy : 84.38
    Iteration 260 of epoch 14 completed. Loss : 0.6518991589546204 Accuracy : 90.62
    Iteration 280 of epoch 14 completed. Loss : 0.7565295696258545 Accuracy : 81.25
    Iteration 300 of epoch 14 completed. Loss : 0.6609786748886108 Accuracy : 84.38
    Iteration 320 of epoch 14 completed. Loss : 0.6819415092468262 Accuracy : 84.38
    Iteration 340 of epoch 14 completed. Loss : 0.5829375386238098 Accuracy : 93.75
    Iteration 360 of epoch 14 completed. Loss : 0.8513902425765991 Accuracy : 84.38
    Iteration 380 of epoch 14 completed. Loss : 0.666755735874176 Accuracy : 90.62
    Iteration 400 of epoch 14 completed. Loss : 0.740326464176178 Accuracy : 81.25
    Iteration 420 of epoch 14 completed. Loss : 0.6584473252296448 Accuracy : 87.50
Epoch 14 completed. Test dataset:
	 Loss: 0.9050
	 Accuracy : 63.47
	 Average recall: 0.5183
	 F1_PN: 0.5387
	 Macro-F1: 0.4884
	 Weighted-F1: 0.6409

    Iteration 20 of epoch 15 completed. Loss : 0.9672517776489258 Accuracy : 59.38
    Iteration 40 of epoch 15 completed. Loss : 0.694266676902771 Accuracy : 84.38
    Iteration 60 of epoch 15 completed. Loss : 0.6306045651435852 Accuracy : 93.75
    Iteration 80 of epoch 15 completed. Loss : 0.7371171116828918 Accuracy : 84.38
    Iteration 100 of epoch 15 completed. Loss : 0.8797150254249573 Accuracy : 62.50
    Iteration 120 of epoch 15 completed. Loss : 0.8176432251930237 Accuracy : 93.75
    Iteration 140 of epoch 15 completed. Loss : 0.7313645482063293 Accuracy : 78.12
    Iteration 160 of epoch 15 completed. Loss : 0.6910045146942139 Accuracy : 84.38
    Iteration 180 of epoch 15 completed. Loss : 0.7095888257026672 Accuracy : 78.12
    Iteration 200 of epoch 15 completed. Loss : 0.7026479840278625 Accuracy : 81.25
    Iteration 220 of epoch 15 completed. Loss : 0.7095962166786194 Accuracy : 75.00
    Iteration 240 of epoch 15 completed. Loss : 0.6475443243980408 Accuracy : 84.38
    Iteration 260 of epoch 15 completed. Loss : 0.655531644821167 Accuracy : 87.50
    Iteration 280 of epoch 15 completed. Loss : 0.7507381439208984 Accuracy : 84.38
    Iteration 300 of epoch 15 completed. Loss : 0.6898510456085205 Accuracy : 75.00
    Iteration 320 of epoch 15 completed. Loss : 0.6825819611549377 Accuracy : 84.38
    Iteration 340 of epoch 15 completed. Loss : 0.5771340727806091 Accuracy : 93.75
    Iteration 360 of epoch 15 completed. Loss : 0.8589971661567688 Accuracy : 84.38
    Iteration 380 of epoch 15 completed. Loss : 0.6628199815750122 Accuracy : 87.50
    Iteration 400 of epoch 15 completed. Loss : 0.7174686193466187 Accuracy : 81.25
    Iteration 420 of epoch 15 completed. Loss : 0.6201356649398804 Accuracy : 90.62
Epoch 15 completed. Test dataset:
	 Loss: 0.9050
	 Accuracy : 63.47
	 Average recall: 0.5183
	 F1_PN: 0.5387
	 Macro-F1: 0.4884
	 Weighted-F1: 0.6409

Train/val/test loss curve saved to /home/rgg2706/Multimodal-Sentiment-Analysis/Logs/MOASC4/2025-03-21/sub-2/023_Mar-21-2025_03:56_AM/train_val_test_loss_curve.png
Confusion matrix saved to /home/rgg2706/Multimodal-Sentiment-Analysis/Logs/MOASC4/2025-03-21/sub-2/023_Mar-21-2025_03:56_AM/confusion_matrix.png
